python submission_runner.py --framework=jax --workload=fastmri --submission_path=submissions_algorithms/submissions/self_tuning/nadamw_resnet/submission.py --data_dir=/data/fastmri --experiment_dir=/experiment_runs --experiment_name=submissions_a100/nadamw_resnet/study_2 --overwrite=True --save_checkpoints=False --rng_seed=1908542520 --tuning_ruleset=self 2>&1 | tee -a /logs/fastmri_jax_05-31-2026-06-02-36.log
2026-05-31 06:02:37.471320: E external/local_xla/xla/stream_executor/cuda/cuda_fft.cc:467] Unable to register cuFFT factory: Attempting to register factory for plugin cuFFT when one has already been registered
WARNING: All log messages before absl::InitializeLog() is called are written to STDERR
E0000 00:00:1780207357.497762       9 cuda_dnn.cc:8579] Unable to register cuDNN factory: Attempting to register factory for plugin cuDNN when one has already been registered
E0000 00:00:1780207357.506486       9 cuda_blas.cc:1407] Unable to register cuBLAS factory: Attempting to register factory for plugin cuBLAS when one has already been registered
W0000 00:00:1780207357.534085       9 computation_placer.cc:177] computation placer already registered. Please check linkage and avoid linking the same target more than once.
W0000 00:00:1780207357.534120       9 computation_placer.cc:177] computation placer already registered. Please check linkage and avoid linking the same target more than once.
W0000 00:00:1780207357.534122       9 computation_placer.cc:177] computation placer already registered. Please check linkage and avoid linking the same target more than once.
W0000 00:00:1780207357.534124       9 computation_placer.cc:177] computation placer already registered. Please check linkage and avoid linking the same target more than once.
/usr/local/lib/python3.11/site-packages/torch/__init__.py:1617: UserWarning: Please use the new API settings to control TF32 behavior, such as torch.backends.cudnn.conv.fp32_precision = 'tf32' or torch.backends.cuda.matmul.fp32_precision = 'ieee'. Old settings, e.g, torch.backends.cuda.matmul.allow_tf32 = True, torch.backends.cudnn.allow_tf32 = True, allowTF32CuDNN() and allowTF32CuBLAS() will be deprecated after Pytorch 2.9. Please see https://pytorch.org/docs/main/notes/cuda.html#tensorfloat-32-tf32-on-ampere-and-later-devices (Triggered internally at /pytorch/aten/src/ATen/Context.cpp:80.)
  _C._set_float32_matmul_precision(precision)
/usr/local/lib/python3.11/site-packages/pydantic/_internal/_generate_schema.py:2249: UnsupportedFieldAttributeWarning: The 'repr' attribute with value False was provided to the `Field()` function, which has no effect in the context it was used. 'repr' is field-specific metadata, and can only be attached to a model field using `Annotated` metadata or by assignment. This may have happened because an `Annotated` type alias using the `type` statement was used, or if the `Field()` function was attached to a single member of a union type.
  warnings.warn(
/usr/local/lib/python3.11/site-packages/pydantic/_internal/_generate_schema.py:2249: UnsupportedFieldAttributeWarning: The 'frozen' attribute with value True was provided to the `Field()` function, which has no effect in the context it was used. 'frozen' is field-specific metadata, and can only be attached to a model field using `Annotated` metadata or by assignment. This may have happened because an `Annotated` type alias using the `type` statement was used, or if the `Field()` function was attached to a single member of a union type.
  warnings.warn(
INFO:2026-05-31 06:02:45,167:jax._src.xla_bridge:830: Unable to initialize backend 'tpu': INTERNAL: Failed to open libtpu.so: libtpu.so: cannot open shared object file: No such file or directory
I0531 06:02:45.167264 140411054286016 xla_bridge.py:830] Unable to initialize backend 'tpu': INTERNAL: Failed to open libtpu.so: libtpu.so: cannot open shared object file: No such file or directory
I0531 06:02:45.797544 140411054286016 logger_utils.py:59] Removing existing experiment directory /experiment_runs/submissions_a100/nadamw_resnet/study_2/fastmri_jax because --overwrite was set.
I0531 06:02:45.803816 140411054286016 logger_utils.py:84] Creating experiment directory at /experiment_runs/submissions_a100/nadamw_resnet/study_2/fastmri_jax.
I0531 06:02:46.303605 140411054286016 submission_runner.py:741] Creating directory at /experiment_runs/submissions_a100/nadamw_resnet/study_2/fastmri_jax/trial_1.
I0531 06:02:46.585059 140411054286016 submission_runner.py:242] Initializing dataset.
WARNING:tensorflow:AutoGraph could not transform <function array at 0x7fb3b26a0680> and will run it as-is.
Please report this to the TensorFlow team. When filing the bug, set the verbosity to 10 (on Linux, `export AUTOGRAPH_VERBOSITY=10`) and attach the full output.
Cause: (<gast.gast.NamedExpr object at 0x7fb1a46ecaf0>, (leaf_jax_array := getattr(leaf, '__jax_array__', None)))
To silence this warning, decorate the function with @tf.autograph.experimental.do_not_convert
W0531 06:02:48.726175 140411054286016 ag_logging.py:142] AutoGraph could not transform <function array at 0x7fb3b26a0680> and will run it as-is.
Please report this to the TensorFlow team. When filing the bug, set the verbosity to 10 (on Linux, `export AUTOGRAPH_VERBOSITY=10`) and attach the full output.
Cause: (<gast.gast.NamedExpr object at 0x7fb1a46ecaf0>, (leaf_jax_array := getattr(leaf, '__jax_array__', None)))
To silence this warning, decorate the function with @tf.autograph.experimental.do_not_convert
WARNING:tensorflow:AutoGraph could not transform <function standard_insert_pvary at 0x7fb3b3521300> and will run it as-is.
Please report this to the TensorFlow team. When filing the bug, set the verbosity to 10 (on Linux, `export AUTOGRAPH_VERBOSITY=10`) and attach the full output.
Cause: (<gast.gast.NamedExpr object at 0x7fb1a46ee140>, (aval := get_aval(a)))
To silence this warning, decorate the function with @tf.autograph.experimental.do_not_convert
W0531 06:02:48.777673 140411054286016 ag_logging.py:142] AutoGraph could not transform <function standard_insert_pvary at 0x7fb3b3521300> and will run it as-is.
Please report this to the TensorFlow team. When filing the bug, set the verbosity to 10 (on Linux, `export AUTOGRAPH_VERBOSITY=10`) and attach the full output.
Cause: (<gast.gast.NamedExpr object at 0x7fb1a46ee140>, (aval := get_aval(a)))
To silence this warning, decorate the function with @tf.autograph.experimental.do_not_convert
I0531 06:02:49.961412 140411054286016 submission_runner.py:251] Initializing model.
I0531 06:03:00.318527 140411054286016 submission_runner.py:294] Initializing optimizer.
I0531 06:03:01.102454 140411054286016 submission_runner.py:299] Initializing metrics bundle.
I0531 06:03:01.102694 140411054286016 submission_runner.py:321] Initializing checkpoint and logger.
I0531 06:03:01.110141 140411054286016 checkpoints.py:1098] Found no checkpoint files in /experiment_runs/submissions_a100/nadamw_resnet/study_2/fastmri_jax/trial_1 with prefix checkpoint_
I0531 06:03:01.110278 140411054286016 submission_runner.py:344] Saving meta data to /experiment_runs/submissions_a100/nadamw_resnet/study_2/fastmri_jax/trial_1/meta_data_0.json.
I0531 06:03:01.110449 140411054286016 logger_utils.py:283] Unable to record workload.train_mean information. Continuing without it.
I0531 06:03:01.110510 140411054286016 logger_utils.py:283] Unable to record workload.train_stddev information. Continuing without it.
I0531 06:03:01.284003 140411054286016 submission_runner.py:348] Saving flags to /experiment_runs/submissions_a100/nadamw_resnet/study_2/fastmri_jax/trial_1/flags_0.json.
I0531 06:03:01.300427 140411054286016 submission_runner.py:359] Starting training loop.
I0531 06:05:40.353463 140411054286016 spec.py:333] Evaluating on the training split.
I0531 06:09:15.696996 140411054286016 spec.py:346] Evaluating on the validation split.
I0531 06:11:14.908600 140411054286016 spec.py:363] Evaluating on the test split.
I0531 06:13:13.797468 140411054286016 submission_runner.py:516] Time since start: 612.50s, 	Step: 1, 	{'train/ssim': 0.20332762173243932, 'train/loss': 0.8796746390206474, 'validation/ssim': 0.19573995217756401, 'validation/loss': 0.8819786161939013, 'validation/num_examples': 3554, 'test/ssim': 0.21904888648422227, 'test/loss': 0.8813280213714745, 'test/num_examples': 3581, 'score': 159.05283117294312, 'total_duration': 612.4968595504761, 'accumulated_submission_time': 159.05283117294312, 'accumulated_eval_time': 453.4438452720642, 'accumulated_logging_time': 0}
I0531 06:13:13.828714 140207502915328 logging_writer.py:48] [1] accumulated_eval_time=453.444, accumulated_logging_time=0, accumulated_submission_time=159.053, global_step=1, preemption_count=0, score=159.053, test/loss=0.881328, test/num_examples=3581, test/ssim=0.219049, total_duration=612.497, train/loss=0.879675, train/ssim=0.203328, validation/loss=0.881979, validation/num_examples=3554, validation/ssim=0.19574
I0531 06:15:04.192150 140411054286016 spec.py:333] Evaluating on the training split.
I0531 06:15:05.639495 140411054286016 spec.py:346] Evaluating on the validation split.
I0531 06:15:06.772743 140411054286016 spec.py:363] Evaluating on the test split.
I0531 06:15:07.908725 140411054286016 submission_runner.py:516] Time since start: 726.61s, 	Step: 283, 	{'train/ssim': 0.6890080315726144, 'train/loss': 0.3223723684038435, 'validation/ssim': 0.6607789665913407, 'validation/loss': 0.3479229911499367, 'validation/num_examples': 3554, 'test/ssim': 0.6800817656337266, 'test/loss': 0.34909978854326656, 'test/num_examples': 3581, 'score': 269.370676279068, 'total_duration': 726.6082079410553, 'accumulated_submission_time': 269.370676279068, 'accumulated_eval_time': 457.160356760025, 'accumulated_logging_time': 0.07366418838500977}
I0531 06:15:07.951232 140208610141952 logging_writer.py:48] [283] accumulated_eval_time=457.16, accumulated_logging_time=0.0736642, accumulated_submission_time=269.371, global_step=283, preemption_count=0, score=269.371, test/loss=0.3491, test/num_examples=3581, test/ssim=0.680082, total_duration=726.608, train/loss=0.322372, train/ssim=0.689008, validation/loss=0.347923, validation/num_examples=3554, validation/ssim=0.660779
I0531 06:16:58.229643 140411054286016 spec.py:333] Evaluating on the training split.
I0531 06:16:59.493097 140411054286016 spec.py:346] Evaluating on the validation split.
I0531 06:17:00.626358 140411054286016 spec.py:363] Evaluating on the test split.
I0531 06:17:01.760525 140411054286016 submission_runner.py:516] Time since start: 840.46s, 	Step: 396, 	{'train/ssim': 0.7007157461983817, 'train/loss': 0.31295054299490793, 'validation/ssim': 0.6749153545081247, 'validation/loss': 0.3366774095869091, 'validation/num_examples': 3554, 'test/ssim': 0.6935227262810667, 'test/loss': 0.3380755882827772, 'test/num_examples': 3581, 'score': 379.63834738731384, 'total_duration': 840.4600365161896, 'accumulated_submission_time': 379.63834738731384, 'accumulated_eval_time': 460.691189289093, 'accumulated_logging_time': 0.1256110668182373}
I0531 06:17:01.800729 140208618534656 logging_writer.py:48] [396] accumulated_eval_time=460.691, accumulated_logging_time=0.125611, accumulated_submission_time=379.638, global_step=396, preemption_count=0, score=379.638, test/loss=0.338076, test/num_examples=3581, test/ssim=0.693523, total_duration=840.46, train/loss=0.312951, train/ssim=0.700716, validation/loss=0.336677, validation/num_examples=3554, validation/ssim=0.674915
I0531 06:18:51.986112 140411054286016 spec.py:333] Evaluating on the training split.
I0531 06:18:53.249751 140411054286016 spec.py:346] Evaluating on the validation split.
I0531 06:18:54.383025 140411054286016 spec.py:363] Evaluating on the test split.
I0531 06:18:55.516994 140411054286016 submission_runner.py:516] Time since start: 954.22s, 	Step: 505, 	{'train/ssim': 0.7071025030953544, 'train/loss': 0.3056110995156424, 'validation/ssim': 0.6820832243378939, 'validation/loss': 0.3287586390334834, 'validation/num_examples': 3554, 'test/ssim': 0.7003688221036373, 'test/loss': 0.33043213231508306, 'test/num_examples': 3581, 'score': 489.8137288093567, 'total_duration': 954.2164926528931, 'accumulated_submission_time': 489.8137288093567, 'accumulated_eval_time': 464.22201704978943, 'accumulated_logging_time': 0.17449688911437988}
I0531 06:18:55.555778 140208610141952 logging_writer.py:48] [505] accumulated_eval_time=464.222, accumulated_logging_time=0.174497, accumulated_submission_time=489.814, global_step=505, preemption_count=0, score=489.814, test/loss=0.330432, test/num_examples=3581, test/ssim=0.700369, total_duration=954.216, train/loss=0.305611, train/ssim=0.707103, validation/loss=0.328759, validation/num_examples=3554, validation/ssim=0.682083
I0531 06:20:45.859905 140411054286016 spec.py:333] Evaluating on the training split.
I0531 06:20:47.087698 140411054286016 spec.py:346] Evaluating on the validation split.
I0531 06:20:48.221206 140411054286016 spec.py:363] Evaluating on the test split.
I0531 06:20:49.355458 140411054286016 submission_runner.py:516] Time since start: 1068.05s, 	Step: 621, 	{'train/ssim': 0.710832050868443, 'train/loss': 0.29956776755196707, 'validation/ssim': 0.6864581776255627, 'validation/loss': 0.3221144281751196, 'validation/num_examples': 3554, 'test/ssim': 0.7041694664549009, 'test/loss': 0.3239749843466385, 'test/num_examples': 3581, 'score': 600.1074068546295, 'total_duration': 1068.0549507141113, 'accumulated_submission_time': 600.1074068546295, 'accumulated_eval_time': 467.7174997329712, 'accumulated_logging_time': 0.222442626953125}
I0531 06:20:49.398564 140208618534656 logging_writer.py:48] [621] accumulated_eval_time=467.717, accumulated_logging_time=0.222443, accumulated_submission_time=600.107, global_step=621, preemption_count=0, score=600.107, test/loss=0.323975, test/num_examples=3581, test/ssim=0.704169, total_duration=1068.05, train/loss=0.299568, train/ssim=0.710832, validation/loss=0.322114, validation/num_examples=3554, validation/ssim=0.686458
I0531 06:22:39.564805 140411054286016 spec.py:333] Evaluating on the training split.
I0531 06:22:40.832262 140411054286016 spec.py:346] Evaluating on the validation split.
I0531 06:22:41.965727 140411054286016 spec.py:363] Evaluating on the test split.
I0531 06:22:43.099735 140411054286016 submission_runner.py:516] Time since start: 1181.80s, 	Step: 734, 	{'train/ssim': 0.715902396610805, 'train/loss': 0.29485903467450825, 'validation/ssim': 0.6906818653937464, 'validation/loss': 0.3174513353681591, 'validation/num_examples': 3554, 'test/ssim': 0.7087934121710067, 'test/loss': 0.3190064056064123, 'test/num_examples': 3581, 'score': 710.2628664970398, 'total_duration': 1181.7992205619812, 'accumulated_submission_time': 710.2628664970398, 'accumulated_eval_time': 471.2523603439331, 'accumulated_logging_time': 0.2749514579772949}
I0531 06:22:43.143205 140208610141952 logging_writer.py:48] [734] accumulated_eval_time=471.252, accumulated_logging_time=0.274951, accumulated_submission_time=710.263, global_step=734, preemption_count=0, score=710.263, test/loss=0.319006, test/num_examples=3581, test/ssim=0.708793, total_duration=1181.8, train/loss=0.294859, train/ssim=0.715902, validation/loss=0.317451, validation/num_examples=3554, validation/ssim=0.690682
I0531 06:24:33.580366 140411054286016 spec.py:333] Evaluating on the training split.
I0531 06:24:34.844418 140411054286016 spec.py:346] Evaluating on the validation split.
I0531 06:24:35.977470 140411054286016 spec.py:363] Evaluating on the test split.
I0531 06:24:37.111589 140411054286016 submission_runner.py:516] Time since start: 1295.81s, 	Step: 852, 	{'train/ssim': 0.7198517663138253, 'train/loss': 0.29090820040021625, 'validation/ssim': 0.6947412356675576, 'validation/loss': 0.3133319947044703, 'validation/num_examples': 3554, 'test/ssim': 0.7126293720329517, 'test/loss': 0.31504418256728217, 'test/num_examples': 3581, 'score': 820.6856744289398, 'total_duration': 1295.8110823631287, 'accumulated_submission_time': 820.6856744289398, 'accumulated_eval_time': 474.78351974487305, 'accumulated_logging_time': 0.33150196075439453}
I0531 06:24:37.155199 140208618534656 logging_writer.py:48] [852] accumulated_eval_time=474.784, accumulated_logging_time=0.331502, accumulated_submission_time=820.686, global_step=852, preemption_count=0, score=820.686, test/loss=0.315044, test/num_examples=3581, test/ssim=0.712629, total_duration=1295.81, train/loss=0.290908, train/ssim=0.719852, validation/loss=0.313332, validation/num_examples=3554, validation/ssim=0.694741
I0531 06:26:27.173238 140411054286016 spec.py:333] Evaluating on the training split.
I0531 06:26:28.609414 140411054286016 spec.py:346] Evaluating on the validation split.
I0531 06:26:29.742552 140411054286016 spec.py:363] Evaluating on the test split.
I0531 06:26:30.877803 140411054286016 submission_runner.py:516] Time since start: 1409.58s, 	Step: 1026, 	{'train/ssim': 0.720217091696603, 'train/loss': 0.2870971815926688, 'validation/ssim': 0.6969540949678179, 'validation/loss': 0.30902504907542555, 'validation/num_examples': 3554, 'test/ssim': 0.7142666345600042, 'test/loss': 0.3107883226468689, 'test/num_examples': 3581, 'score': 930.6914992332458, 'total_duration': 1409.5772833824158, 'accumulated_submission_time': 930.6914992332458, 'accumulated_eval_time': 478.4880154132843, 'accumulated_logging_time': 0.3852832317352295}
I0531 06:26:30.919835 140208610141952 logging_writer.py:48] [1026] accumulated_eval_time=478.488, accumulated_logging_time=0.385283, accumulated_submission_time=930.691, global_step=1026, preemption_count=0, score=930.691, test/loss=0.310788, test/num_examples=3581, test/ssim=0.714267, total_duration=1409.58, train/loss=0.287097, train/ssim=0.720217, validation/loss=0.309025, validation/num_examples=3554, validation/ssim=0.696954
I0531 06:28:20.892906 140411054286016 spec.py:333] Evaluating on the training split.
I0531 06:28:22.330264 140411054286016 spec.py:346] Evaluating on the validation split.
I0531 06:28:23.463305 140411054286016 spec.py:363] Evaluating on the test split.
I0531 06:28:24.600438 140411054286016 submission_runner.py:516] Time since start: 1523.30s, 	Step: 2043, 	{'train/ssim': 0.7365097999572754, 'train/loss': 0.27311437470572336, 'validation/ssim': 0.711719175906549, 'validation/loss': 0.2958645710598973, 'validation/num_examples': 3554, 'test/ssim': 0.7288246016301313, 'test/loss': 0.2975320866639905, 'test/num_examples': 3581, 'score': 1040.645043849945, 'total_duration': 1523.2999114990234, 'accumulated_submission_time': 1040.645043849945, 'accumulated_eval_time': 482.19548749923706, 'accumulated_logging_time': 0.4362783432006836}
I0531 06:28:24.644076 140208618534656 logging_writer.py:48] [2043] accumulated_eval_time=482.195, accumulated_logging_time=0.436278, accumulated_submission_time=1040.65, global_step=2043, preemption_count=0, score=1040.65, test/loss=0.297532, test/num_examples=3581, test/ssim=0.728825, total_duration=1523.3, train/loss=0.273114, train/ssim=0.73651, validation/loss=0.295865, validation/num_examples=3554, validation/ssim=0.711719
I0531 06:30:14.644591 140411054286016 spec.py:333] Evaluating on the training split.
I0531 06:30:16.081954 140411054286016 spec.py:346] Evaluating on the validation split.
I0531 06:30:17.217928 140411054286016 spec.py:363] Evaluating on the test split.
I0531 06:30:18.354563 140411054286016 submission_runner.py:516] Time since start: 1637.05s, 	Step: 3059, 	{'train/ssim': 0.7427853175571987, 'train/loss': 0.26811047962733675, 'validation/ssim': 0.7170378556731851, 'validation/loss': 0.29129318555017236, 'validation/num_examples': 3554, 'test/ssim': 0.7344081338575119, 'test/loss': 0.29281027335023385, 'test/num_examples': 3581, 'score': 1150.6265110969543, 'total_duration': 1637.0539898872375, 'accumulated_submission_time': 1150.6265110969543, 'accumulated_eval_time': 485.9053258895874, 'accumulated_logging_time': 0.4886813163757324}
I0531 06:30:18.394930 140208610141952 logging_writer.py:48] [3059] accumulated_eval_time=485.905, accumulated_logging_time=0.488681, accumulated_submission_time=1150.63, global_step=3059, preemption_count=0, score=1150.63, test/loss=0.29281, test/num_examples=3581, test/ssim=0.734408, total_duration=1637.05, train/loss=0.26811, train/ssim=0.742785, validation/loss=0.291293, validation/num_examples=3554, validation/ssim=0.717038
I0531 06:32:08.413062 140411054286016 spec.py:333] Evaluating on the training split.
I0531 06:32:09.850125 140411054286016 spec.py:346] Evaluating on the validation split.
I0531 06:32:10.984948 140411054286016 spec.py:363] Evaluating on the test split.
I0531 06:32:12.121589 140411054286016 submission_runner.py:516] Time since start: 1750.82s, 	Step: 4075, 	{'train/ssim': 0.7466662951878139, 'train/loss': 0.26608288288116455, 'validation/ssim': 0.7201944414524127, 'validation/loss': 0.2897986657309546, 'validation/num_examples': 3554, 'test/ssim': 0.7374347003935703, 'test/loss': 0.29126460616796984, 'test/num_examples': 3581, 'score': 1260.625863790512, 'total_duration': 1750.8210775852203, 'accumulated_submission_time': 1260.625863790512, 'accumulated_eval_time': 489.6138195991516, 'accumulated_logging_time': 0.537482500076294}
I0531 06:32:12.163322 140208618534656 logging_writer.py:48] [4075] accumulated_eval_time=489.614, accumulated_logging_time=0.537483, accumulated_submission_time=1260.63, global_step=4075, preemption_count=0, score=1260.63, test/loss=0.291265, test/num_examples=3581, test/ssim=0.737435, total_duration=1750.82, train/loss=0.266083, train/ssim=0.746666, validation/loss=0.289799, validation/num_examples=3554, validation/ssim=0.720194
I0531 06:34:02.186143 140411054286016 spec.py:333] Evaluating on the training split.
I0531 06:34:03.624787 140411054286016 spec.py:346] Evaluating on the validation split.
I0531 06:34:04.760185 140411054286016 spec.py:363] Evaluating on the test split.
I0531 06:34:05.896698 140411054286016 submission_runner.py:516] Time since start: 1864.60s, 	Step: 5092, 	{'train/ssim': 0.7471167700631278, 'train/loss': 0.2648340293339321, 'validation/ssim': 0.7211367940392868, 'validation/loss': 0.28834670221933034, 'validation/num_examples': 3554, 'test/ssim': 0.7384078540604929, 'test/loss': 0.2897626402257575, 'test/num_examples': 3581, 'score': 1370.629507780075, 'total_duration': 1864.5961639881134, 'accumulated_submission_time': 1370.629507780075, 'accumulated_eval_time': 493.3242988586426, 'accumulated_logging_time': 0.5880551338195801}
I0531 06:34:05.941239 140208610141952 logging_writer.py:48] [5092] accumulated_eval_time=493.324, accumulated_logging_time=0.588055, accumulated_submission_time=1370.63, global_step=5092, preemption_count=0, score=1370.63, test/loss=0.289763, test/num_examples=3581, test/ssim=0.738408, total_duration=1864.6, train/loss=0.264834, train/ssim=0.747117, validation/loss=0.288347, validation/num_examples=3554, validation/ssim=0.721137
I0531 06:35:55.966550 140411054286016 spec.py:333] Evaluating on the training split.
I0531 06:35:57.404303 140411054286016 spec.py:346] Evaluating on the validation split.
I0531 06:35:58.539622 140411054286016 spec.py:363] Evaluating on the test split.
I0531 06:35:59.676232 140411054286016 submission_runner.py:516] Time since start: 1978.38s, 	Step: 6108, 	{'train/ssim': 0.7485813413347516, 'train/loss': 0.2639168160302298, 'validation/ssim': 0.7219999417469752, 'validation/loss': 0.2878061787224782, 'validation/num_examples': 3554, 'test/ssim': 0.7392654482860933, 'test/loss': 0.2891666739388439, 'test/num_examples': 3581, 'score': 1480.6356439590454, 'total_duration': 1978.3756992816925, 'accumulated_submission_time': 1480.6356439590454, 'accumulated_eval_time': 497.0339126586914, 'accumulated_logging_time': 0.6413328647613525}
I0531 06:35:59.718575 140208618534656 logging_writer.py:48] [6108] accumulated_eval_time=497.034, accumulated_logging_time=0.641333, accumulated_submission_time=1480.64, global_step=6108, preemption_count=0, score=1480.64, test/loss=0.289167, test/num_examples=3581, test/ssim=0.739265, total_duration=1978.38, train/loss=0.263917, train/ssim=0.748581, validation/loss=0.287806, validation/num_examples=3554, validation/ssim=0.722
I0531 06:37:49.720806 140411054286016 spec.py:333] Evaluating on the training split.
I0531 06:37:51.157466 140411054286016 spec.py:346] Evaluating on the validation split.
I0531 06:37:52.294365 140411054286016 spec.py:363] Evaluating on the test split.
I0531 06:37:53.430974 140411054286016 submission_runner.py:516] Time since start: 2092.13s, 	Step: 7124, 	{'train/ssim': 0.7494645118713379, 'train/loss': 0.26328044278281076, 'validation/ssim': 0.7226936885595456, 'validation/loss': 0.2872118330028665, 'validation/num_examples': 3554, 'test/ssim': 0.740019277632819, 'test/loss': 0.288562628717537, 'test/num_examples': 3581, 'score': 1590.6187303066254, 'total_duration': 2092.1304399967194, 'accumulated_submission_time': 1590.6187303066254, 'accumulated_eval_time': 500.7440187931061, 'accumulated_logging_time': 0.6924796104431152}
I0531 06:37:53.473389 140208610141952 logging_writer.py:48] [7124] accumulated_eval_time=500.744, accumulated_logging_time=0.69248, accumulated_submission_time=1590.62, global_step=7124, preemption_count=0, score=1590.62, test/loss=0.288563, test/num_examples=3581, test/ssim=0.740019, total_duration=2092.13, train/loss=0.26328, train/ssim=0.749465, validation/loss=0.287212, validation/num_examples=3554, validation/ssim=0.722694
I0531 06:39:43.464188 140411054286016 spec.py:333] Evaluating on the training split.
I0531 06:39:44.901381 140411054286016 spec.py:346] Evaluating on the validation split.
I0531 06:39:46.035640 140411054286016 spec.py:363] Evaluating on the test split.
I0531 06:39:47.173963 140411054286016 submission_runner.py:516] Time since start: 2205.87s, 	Step: 8141, 	{'train/ssim': 0.7496419634137835, 'train/loss': 0.262916054044451, 'validation/ssim': 0.7227529720033765, 'validation/loss': 0.28693305312346123, 'validation/num_examples': 3554, 'test/ssim': 0.740094544667167, 'test/loss': 0.288226824571087, 'test/num_examples': 3581, 'score': 1700.5904190540314, 'total_duration': 2205.8734316825867, 'accumulated_submission_time': 1700.5904190540314, 'accumulated_eval_time': 504.4537150859833, 'accumulated_logging_time': 0.7435867786407471}
I0531 06:39:47.216422 140208618534656 logging_writer.py:48] [8141] accumulated_eval_time=504.454, accumulated_logging_time=0.743587, accumulated_submission_time=1700.59, global_step=8141, preemption_count=0, score=1700.59, test/loss=0.288227, test/num_examples=3581, test/ssim=0.740095, total_duration=2205.87, train/loss=0.262916, train/ssim=0.749642, validation/loss=0.286933, validation/num_examples=3554, validation/ssim=0.722753
I0531 06:41:37.197195 140411054286016 spec.py:333] Evaluating on the training split.
I0531 06:41:38.635584 140411054286016 spec.py:346] Evaluating on the validation split.
I0531 06:41:39.771876 140411054286016 spec.py:363] Evaluating on the test split.
I0531 06:41:40.907575 140411054286016 submission_runner.py:516] Time since start: 2319.61s, 	Step: 9158, 	{'train/ssim': 0.750152587890625, 'train/loss': 0.26251327991485596, 'validation/ssim': 0.7230751496992825, 'validation/loss': 0.28666019815370886, 'validation/num_examples': 3554, 'test/ssim': 0.7404301101953016, 'test/loss': 0.2879882744323338, 'test/num_examples': 3581, 'score': 1810.5521607398987, 'total_duration': 2319.6070551872253, 'accumulated_submission_time': 1810.5521607398987, 'accumulated_eval_time': 508.1640248298645, 'accumulated_logging_time': 0.7947831153869629}
I0531 06:41:40.951452 140208610141952 logging_writer.py:48] [9158] accumulated_eval_time=508.164, accumulated_logging_time=0.794783, accumulated_submission_time=1810.55, global_step=9158, preemption_count=0, score=1810.55, test/loss=0.287988, test/num_examples=3581, test/ssim=0.74043, total_duration=2319.61, train/loss=0.262513, train/ssim=0.750153, validation/loss=0.28666, validation/num_examples=3554, validation/ssim=0.723075
I0531 06:43:30.963767 140411054286016 spec.py:333] Evaluating on the training split.
I0531 06:43:32.401472 140411054286016 spec.py:346] Evaluating on the validation split.
I0531 06:43:33.535898 140411054286016 spec.py:363] Evaluating on the test split.
I0531 06:43:34.674341 140411054286016 submission_runner.py:516] Time since start: 2433.37s, 	Step: 10173, 	{'train/ssim': 0.751171180180141, 'train/loss': 0.2624800034931728, 'validation/ssim': 0.7239255202105023, 'validation/loss': 0.2867651635096458, 'validation/num_examples': 3554, 'test/ssim': 0.7411486922080075, 'test/loss': 0.2881407856242146, 'test/num_examples': 3581, 'score': 1920.545307636261, 'total_duration': 2433.3738322257996, 'accumulated_submission_time': 1920.545307636261, 'accumulated_eval_time': 511.87454867362976, 'accumulated_logging_time': 0.8475332260131836}
I0531 06:43:34.714411 140208618534656 logging_writer.py:48] [10173] accumulated_eval_time=511.875, accumulated_logging_time=0.847533, accumulated_submission_time=1920.55, global_step=10173, preemption_count=0, score=1920.55, test/loss=0.288141, test/num_examples=3581, test/ssim=0.741149, total_duration=2433.37, train/loss=0.26248, train/ssim=0.751171, validation/loss=0.286765, validation/num_examples=3554, validation/ssim=0.723926
I0531 06:43:34.737811 140208610141952 logging_writer.py:48] [10173] global_step=10173, preemption_count=0, score=1920.55
I0531 06:43:34.878019 140411054286016 submission_runner.py:857] Final fastmri score: 1920.545307636261
