torchrun --redirects 1:0,2:0,3:0 --standalone --nnodes=1 --nproc_per_node=4 submission_runner.py --framework=pytorch --workload=finewebedu_lm --submission_path=submissions_algorithms/submissions/self_tuning/muon_torch/submission.py --data_dir=/data/fineweb_edu_10B --experiment_dir=/experiment_runs --experiment_name=submissions_a100/muon_torch/study_2 --overwrite=True --save_checkpoints=False --rng_seed=-260648676 --torch_compile=true --tuning_ruleset=self 2>&1 | tee -a /logs/finewebedu_lm_pytorch_05-24-2026-03-22-16.log
W0524 03:22:18.566000 9 site-packages/torch/distributed/run.py:803] 
W0524 03:22:18.566000 9 site-packages/torch/distributed/run.py:803] *****************************************
W0524 03:22:18.566000 9 site-packages/torch/distributed/run.py:803] Setting OMP_NUM_THREADS environment variable for each process to be 1 in default, to avoid your system being overloaded, please further tune the variable for optimal performance in your application as needed. 
W0524 03:22:18.566000 9 site-packages/torch/distributed/run.py:803] *****************************************
2026-05-24 03:22:20.275440: E external/local_xla/xla/stream_executor/cuda/cuda_fft.cc:467] Unable to register cuFFT factory: Attempting to register factory for plugin cuFFT when one has already been registered
2026-05-24 03:22:20.275404: E external/local_xla/xla/stream_executor/cuda/cuda_fft.cc:467] Unable to register cuFFT factory: Attempting to register factory for plugin cuFFT when one has already been registered
2026-05-24 03:22:20.275403: E external/local_xla/xla/stream_executor/cuda/cuda_fft.cc:467] Unable to register cuFFT factory: Attempting to register factory for plugin cuFFT when one has already been registered
2026-05-24 03:22:20.275403: E external/local_xla/xla/stream_executor/cuda/cuda_fft.cc:467] Unable to register cuFFT factory: Attempting to register factory for plugin cuFFT when one has already been registered
WARNING: All log messages before absl::InitializeLog() is called are written to STDERR
WARNING: All log messages before absl::InitializeLog() is called are written to STDERR
WARNING: All log messages before absl::InitializeLog() is called are written to STDERR
E0000 00:00:1779592940.299459      38 cuda_dnn.cc:8579] Unable to register cuDNN factory: Attempting to register factory for plugin cuDNN when one has already been registered
E0000 00:00:1779592940.299459      39 cuda_dnn.cc:8579] Unable to register cuDNN factory: Attempting to register factory for plugin cuDNN when one has already been registered
WARNING: All log messages before absl::InitializeLog() is called are written to STDERR
E0000 00:00:1779592940.299498      41 cuda_dnn.cc:8579] Unable to register cuDNN factory: Attempting to register factory for plugin cuDNN when one has already been registered
E0000 00:00:1779592940.299460      40 cuda_dnn.cc:8579] Unable to register cuDNN factory: Attempting to register factory for plugin cuDNN when one has already been registered
E0000 00:00:1779592940.307305      41 cuda_blas.cc:1407] Unable to register cuBLAS factory: Attempting to register factory for plugin cuBLAS when one has already been registered
E0000 00:00:1779592940.307307      40 cuda_blas.cc:1407] Unable to register cuBLAS factory: Attempting to register factory for plugin cuBLAS when one has already been registered
E0000 00:00:1779592940.307307      39 cuda_blas.cc:1407] Unable to register cuBLAS factory: Attempting to register factory for plugin cuBLAS when one has already been registered
E0000 00:00:1779592940.307338      38 cuda_blas.cc:1407] Unable to register cuBLAS factory: Attempting to register factory for plugin cuBLAS when one has already been registered
W0000 00:00:1779592940.332103      40 computation_placer.cc:177] computation placer already registered. Please check linkage and avoid linking the same target more than once.
W0000 00:00:1779592940.332103      41 computation_placer.cc:177] computation placer already registered. Please check linkage and avoid linking the same target more than once.
W0000 00:00:1779592940.332104      38 computation_placer.cc:177] computation placer already registered. Please check linkage and avoid linking the same target more than once.
W0000 00:00:1779592940.332135      38 computation_placer.cc:177] computation placer already registered. Please check linkage and avoid linking the same target more than once.
W0000 00:00:1779592940.332136      41 computation_placer.cc:177] computation placer already registered. Please check linkage and avoid linking the same target more than once.
W0000 00:00:1779592940.332138      41 computation_placer.cc:177] computation placer already registered. Please check linkage and avoid linking the same target more than once.
W0000 00:00:1779592940.332138      38 computation_placer.cc:177] computation placer already registered. Please check linkage and avoid linking the same target more than once.
W0000 00:00:1779592940.332139      40 computation_placer.cc:177] computation placer already registered. Please check linkage and avoid linking the same target more than once.
W0000 00:00:1779592940.332140      41 computation_placer.cc:177] computation placer already registered. Please check linkage and avoid linking the same target more than once.
W0000 00:00:1779592940.332140      38 computation_placer.cc:177] computation placer already registered. Please check linkage and avoid linking the same target more than once.
W0000 00:00:1779592940.332142      40 computation_placer.cc:177] computation placer already registered. Please check linkage and avoid linking the same target more than once.
W0000 00:00:1779592940.332144      40 computation_placer.cc:177] computation placer already registered. Please check linkage and avoid linking the same target more than once.
W0000 00:00:1779592940.332123      39 computation_placer.cc:177] computation placer already registered. Please check linkage and avoid linking the same target more than once.
W0000 00:00:1779592940.332149      39 computation_placer.cc:177] computation placer already registered. Please check linkage and avoid linking the same target more than once.
W0000 00:00:1779592940.332152      39 computation_placer.cc:177] computation placer already registered. Please check linkage and avoid linking the same target more than once.
W0000 00:00:1779592940.332154      39 computation_placer.cc:177] computation placer already registered. Please check linkage and avoid linking the same target more than once.
W0000 00:00:1779592946.158400      41 gpu_device.cc:2341] Cannot dlopen some GPU libraries. Please make sure the missing libraries mentioned above are installed properly if you would like to use GPU. Follow the guide at https://www.tensorflow.org/install/gpu for how to download and setup the required libraries for your platform.
Skipping registering GPU devices...
W0000 00:00:1779592946.207587      38 gpu_device.cc:2341] Cannot dlopen some GPU libraries. Please make sure the missing libraries mentioned above are installed properly if you would like to use GPU. Follow the guide at https://www.tensorflow.org/install/gpu for how to download and setup the required libraries for your platform.
Skipping registering GPU devices...
W0000 00:00:1779592946.335605      39 gpu_device.cc:2341] Cannot dlopen some GPU libraries. Please make sure the missing libraries mentioned above are installed properly if you would like to use GPU. Follow the guide at https://www.tensorflow.org/install/gpu for how to download and setup the required libraries for your platform.
Skipping registering GPU devices...
W0000 00:00:1779592946.465454      40 gpu_device.cc:2341] Cannot dlopen some GPU libraries. Please make sure the missing libraries mentioned above are installed properly if you would like to use GPU. Follow the guide at https://www.tensorflow.org/install/gpu for how to download and setup the required libraries for your platform.
Skipping registering GPU devices...
/usr/local/lib/python3.11/site-packages/torch/__init__.py:1617: UserWarning: Please use the new API settings to control TF32 behavior, such as torch.backends.cudnn.conv.fp32_precision = 'tf32' or torch.backends.cuda.matmul.fp32_precision = 'ieee'. Old settings, e.g, torch.backends.cuda.matmul.allow_tf32 = True, torch.backends.cudnn.allow_tf32 = True, allowTF32CuDNN() and allowTF32CuBLAS() will be deprecated after Pytorch 2.9. Please see https://pytorch.org/docs/main/notes/cuda.html#tensorfloat-32-tf32-on-ampere-and-later-devices (Triggered internally at /pytorch/aten/src/ATen/Context.cpp:80.)
  _C._set_float32_matmul_precision(precision)
/usr/local/lib/python3.11/site-packages/torch/__init__.py:1617: UserWarning: Please use the new API settings to control TF32 behavior, such as torch.backends.cudnn.conv.fp32_precision = 'tf32' or torch.backends.cuda.matmul.fp32_precision = 'ieee'. Old settings, e.g, torch.backends.cuda.matmul.allow_tf32 = True, torch.backends.cudnn.allow_tf32 = True, allowTF32CuDNN() and allowTF32CuBLAS() will be deprecated after Pytorch 2.9. Please see https://pytorch.org/docs/main/notes/cuda.html#tensorfloat-32-tf32-on-ampere-and-later-devices (Triggered internally at /pytorch/aten/src/ATen/Context.cpp:80.)
  _C._set_float32_matmul_precision(precision)
/usr/local/lib/python3.11/site-packages/torch/__init__.py:1617: UserWarning: Please use the new API settings to control TF32 behavior, such as torch.backends.cudnn.conv.fp32_precision = 'tf32' or torch.backends.cuda.matmul.fp32_precision = 'ieee'. Old settings, e.g, torch.backends.cuda.matmul.allow_tf32 = True, torch.backends.cudnn.allow_tf32 = True, allowTF32CuDNN() and allowTF32CuBLAS() will be deprecated after Pytorch 2.9. Please see https://pytorch.org/docs/main/notes/cuda.html#tensorfloat-32-tf32-on-ampere-and-later-devices (Triggered internally at /pytorch/aten/src/ATen/Context.cpp:80.)
  _C._set_float32_matmul_precision(precision)
/usr/local/lib/python3.11/site-packages/torch/__init__.py:1617: UserWarning: Please use the new API settings to control TF32 behavior, such as torch.backends.cudnn.conv.fp32_precision = 'tf32' or torch.backends.cuda.matmul.fp32_precision = 'ieee'. Old settings, e.g, torch.backends.cuda.matmul.allow_tf32 = True, torch.backends.cudnn.allow_tf32 = True, allowTF32CuDNN() and allowTF32CuBLAS() will be deprecated after Pytorch 2.9. Please see https://pytorch.org/docs/main/notes/cuda.html#tensorfloat-32-tf32-on-ampere-and-later-devices (Triggered internally at /pytorch/aten/src/ATen/Context.cpp:80.)
  _C._set_float32_matmul_precision(precision)
/usr/local/lib/python3.11/site-packages/pydantic/_internal/_generate_schema.py:2249: UnsupportedFieldAttributeWarning: The 'repr' attribute with value False was provided to the `Field()` function, which has no effect in the context it was used. 'repr' is field-specific metadata, and can only be attached to a model field using `Annotated` metadata or by assignment. This may have happened because an `Annotated` type alias using the `type` statement was used, or if the `Field()` function was attached to a single member of a union type.
  warnings.warn(
/usr/local/lib/python3.11/site-packages/pydantic/_internal/_generate_schema.py:2249: UnsupportedFieldAttributeWarning: The 'frozen' attribute with value True was provided to the `Field()` function, which has no effect in the context it was used. 'frozen' is field-specific metadata, and can only be attached to a model field using `Annotated` metadata or by assignment. This may have happened because an `Annotated` type alias using the `type` statement was used, or if the `Field()` function was attached to a single member of a union type.
  warnings.warn(
/usr/local/lib/python3.11/site-packages/pydantic/_internal/_generate_schema.py:2249: UnsupportedFieldAttributeWarning: The 'repr' attribute with value False was provided to the `Field()` function, which has no effect in the context it was used. 'repr' is field-specific metadata, and can only be attached to a model field using `Annotated` metadata or by assignment. This may have happened because an `Annotated` type alias using the `type` statement was used, or if the `Field()` function was attached to a single member of a union type.
  warnings.warn(
/usr/local/lib/python3.11/site-packages/pydantic/_internal/_generate_schema.py:2249: UnsupportedFieldAttributeWarning: The 'frozen' attribute with value True was provided to the `Field()` function, which has no effect in the context it was used. 'frozen' is field-specific metadata, and can only be attached to a model field using `Annotated` metadata or by assignment. This may have happened because an `Annotated` type alias using the `type` statement was used, or if the `Field()` function was attached to a single member of a union type.
  warnings.warn(
/usr/local/lib/python3.11/site-packages/pydantic/_internal/_generate_schema.py:2249: UnsupportedFieldAttributeWarning: The 'repr' attribute with value False was provided to the `Field()` function, which has no effect in the context it was used. 'repr' is field-specific metadata, and can only be attached to a model field using `Annotated` metadata or by assignment. This may have happened because an `Annotated` type alias using the `type` statement was used, or if the `Field()` function was attached to a single member of a union type.
  warnings.warn(
/usr/local/lib/python3.11/site-packages/pydantic/_internal/_generate_schema.py:2249: UnsupportedFieldAttributeWarning: The 'frozen' attribute with value True was provided to the `Field()` function, which has no effect in the context it was used. 'frozen' is field-specific metadata, and can only be attached to a model field using `Annotated` metadata or by assignment. This may have happened because an `Annotated` type alias using the `type` statement was used, or if the `Field()` function was attached to a single member of a union type.
  warnings.warn(
/usr/local/lib/python3.11/site-packages/pydantic/_internal/_generate_schema.py:2249: UnsupportedFieldAttributeWarning: The 'repr' attribute with value False was provided to the `Field()` function, which has no effect in the context it was used. 'repr' is field-specific metadata, and can only be attached to a model field using `Annotated` metadata or by assignment. This may have happened because an `Annotated` type alias using the `type` statement was used, or if the `Field()` function was attached to a single member of a union type.
  warnings.warn(
/usr/local/lib/python3.11/site-packages/pydantic/_internal/_generate_schema.py:2249: UnsupportedFieldAttributeWarning: The 'frozen' attribute with value True was provided to the `Field()` function, which has no effect in the context it was used. 'frozen' is field-specific metadata, and can only be attached to a model field using `Annotated` metadata or by assignment. This may have happened because an `Annotated` type alias using the `type` statement was used, or if the `Field()` function was attached to a single member of a union type.
  warnings.warn(
I0524 03:22:28.433645 139907323741376 logger_utils.py:59] Removing existing experiment directory /experiment_runs/submissions_a100/muon_torch/study_2/finewebedu_lm_pytorch because --overwrite was set.
I0524 03:22:28.433647 140038554068160 logger_utils.py:59] Removing existing experiment directory /experiment_runs/submissions_a100/muon_torch/study_2/finewebedu_lm_pytorch because --overwrite was set.
I0524 03:22:28.433656 140471042098368 logger_utils.py:59] Removing existing experiment directory /experiment_runs/submissions_a100/muon_torch/study_2/finewebedu_lm_pytorch because --overwrite was set.
I0524 03:22:28.433652 140194765874368 logger_utils.py:59] Removing existing experiment directory /experiment_runs/submissions_a100/muon_torch/study_2/finewebedu_lm_pytorch because --overwrite was set.
/usr/local/lib/python3.11/site-packages/torch/distributed/distributed_c10d.py:4876: UserWarning: barrier(): using the device under current context. You can specify `device_id` in `init_process_group` to mute this warning.
  warnings.warn(  # warn only once
[rank0]:[W524 03:22:28.787097102 ProcessGroupNCCL.cpp:5068] Guessing device ID based on global rank. This can cause a hang if rank to GPU mapping is heterogeneous. You can specify device_id in init_process_group()
I0524 03:22:29.173468 140194765874368 logger_utils.py:84] Creating experiment directory at /experiment_runs/submissions_a100/muon_torch/study_2/finewebedu_lm_pytorch.
I0524 03:22:29.173468 140038554068160 logger_utils.py:84] Creating experiment directory at /experiment_runs/submissions_a100/muon_torch/study_2/finewebedu_lm_pytorch.
I0524 03:22:29.173468 139907323741376 logger_utils.py:84] Creating experiment directory at /experiment_runs/submissions_a100/muon_torch/study_2/finewebedu_lm_pytorch.
I0524 03:22:29.173501 140471042098368 logger_utils.py:84] Creating experiment directory at /experiment_runs/submissions_a100/muon_torch/study_2/finewebedu_lm_pytorch.
I0524 03:22:31.834888 139907323741376 submission_runner.py:741] Creating directory at /experiment_runs/submissions_a100/muon_torch/study_2/finewebedu_lm_pytorch/trial_1.
I0524 03:22:32.190736 139907323741376 submission_runner.py:242] Initializing dataset.
I0524 03:22:32.190915 139907323741376 submission_runner.py:251] Initializing model.
I0524 03:22:37.898922 139907323741376 submission_runner.py:290] Performing `torch.compile`.
I0524 03:22:37.902692 139907323741376 submission_runner.py:294] Initializing optimizer.
I0524 03:22:37.902887 140471042098368 muon.py:324] Muon params:
	_orig_mod.module.layers.0.attn.w_qkv.weight (ndim=2)
	_orig_mod.module.layers.0.attn.w_out.weight (ndim=2)
	_orig_mod.module.layers.0.mlp.fc1.weight (ndim=2)
	_orig_mod.module.layers.0.mlp.fc2.weight (ndim=2)
	_orig_mod.module.layers.1.attn.w_qkv.weight (ndim=2)
	_orig_mod.module.layers.1.attn.w_out.weight (ndim=2)
	_orig_mod.module.layers.1.mlp.fc1.weight (ndim=2)
	_orig_mod.module.layers.1.mlp.fc2.weight (ndim=2)
	_orig_mod.module.layers.2.attn.w_qkv.weight (ndim=2)
	_orig_mod.module.layers.2.attn.w_out.weight (ndim=2)
	_orig_mod.module.layers.2.mlp.fc1.weight (ndim=2)
	_orig_mod.module.layers.2.mlp.fc2.weight (ndim=2)
	_orig_mod.module.layers.3.attn.w_qkv.weight (ndim=2)
	_orig_mod.module.layers.3.attn.w_out.weight (ndim=2)
	_orig_mod.module.layers.3.mlp.fc1.weight (ndim=2)
	_orig_mod.module.layers.3.mlp.fc2.weight (ndim=2)
	_orig_mod.module.layers.4.attn.w_qkv.weight (ndim=2)
	_orig_mod.module.layers.4.attn.w_out.weight (ndim=2)
	_orig_mod.module.layers.4.mlp.fc1.weight (ndim=2)
	_orig_mod.module.layers.4.mlp.fc2.weight (ndim=2)
	_orig_mod.module.layers.5.attn.w_qkv.weight (ndim=2)
	_orig_mod.module.layers.5.attn.w_out.weight (ndim=2)
	_orig_mod.module.layers.5.mlp.fc1.weight (ndim=2)
	_orig_mod.module.layers.5.mlp.fc2.weight (ndim=2)
	_orig_mod.module.layers.6.attn.w_qkv.weight (ndim=2)
	_orig_mod.module.layers.6.attn.w_out.weight (ndim=2)
	_orig_mod.module.layers.6.mlp.fc1.weight (ndim=2)
	_orig_mod.module.layers.6.mlp.fc2.weight (ndim=2)
	_orig_mod.module.layers.7.attn.w_qkv.weight (ndim=2)
	_orig_mod.module.layers.7.attn.w_out.weight (ndim=2)
	_orig_mod.module.layers.7.mlp.fc1.weight (ndim=2)
	_orig_mod.module.layers.7.mlp.fc2.weight (ndim=2)
	_orig_mod.module.layers.8.attn.w_qkv.weight (ndim=2)
	_orig_mod.module.layers.8.attn.w_out.weight (ndim=2)
	_orig_mod.module.layers.8.mlp.fc1.weight (ndim=2)
	_orig_mod.module.layers.8.mlp.fc2.weight (ndim=2)
	_orig_mod.module.layers.9.attn.w_qkv.weight (ndim=2)
	_orig_mod.module.layers.9.attn.w_out.weight (ndim=2)
	_orig_mod.module.layers.9.mlp.fc1.weight (ndim=2)
	_orig_mod.module.layers.9.mlp.fc2.weight (ndim=2)
	_orig_mod.module.layers.10.attn.w_qkv.weight (ndim=2)
	_orig_mod.module.layers.10.attn.w_out.weight (ndim=2)
	_orig_mod.module.layers.10.mlp.fc1.weight (ndim=2)
	_orig_mod.module.layers.10.mlp.fc2.weight (ndim=2)
	_orig_mod.module.layers.11.attn.w_qkv.weight (ndim=2)
	_orig_mod.module.layers.11.attn.w_out.weight (ndim=2)
	_orig_mod.module.layers.11.mlp.fc1.weight (ndim=2)
	_orig_mod.module.layers.11.mlp.fc2.weight (ndim=2)
I0524 03:22:37.902888 140194765874368 muon.py:324] Muon params:
	_orig_mod.module.layers.0.attn.w_qkv.weight (ndim=2)
	_orig_mod.module.layers.0.attn.w_out.weight (ndim=2)
	_orig_mod.module.layers.0.mlp.fc1.weight (ndim=2)
	_orig_mod.module.layers.0.mlp.fc2.weight (ndim=2)
	_orig_mod.module.layers.1.attn.w_qkv.weight (ndim=2)
	_orig_mod.module.layers.1.attn.w_out.weight (ndim=2)
	_orig_mod.module.layers.1.mlp.fc1.weight (ndim=2)
	_orig_mod.module.layers.1.mlp.fc2.weight (ndim=2)
	_orig_mod.module.layers.2.attn.w_qkv.weight (ndim=2)
	_orig_mod.module.layers.2.attn.w_out.weight (ndim=2)
	_orig_mod.module.layers.2.mlp.fc1.weight (ndim=2)
	_orig_mod.module.layers.2.mlp.fc2.weight (ndim=2)
	_orig_mod.module.layers.3.attn.w_qkv.weight (ndim=2)
	_orig_mod.module.layers.3.attn.w_out.weight (ndim=2)
	_orig_mod.module.layers.3.mlp.fc1.weight (ndim=2)
	_orig_mod.module.layers.3.mlp.fc2.weight (ndim=2)
	_orig_mod.module.layers.4.attn.w_qkv.weight (ndim=2)
	_orig_mod.module.layers.4.attn.w_out.weight (ndim=2)
	_orig_mod.module.layers.4.mlp.fc1.weight (ndim=2)
	_orig_mod.module.layers.4.mlp.fc2.weight (ndim=2)
	_orig_mod.module.layers.5.attn.w_qkv.weight (ndim=2)
	_orig_mod.module.layers.5.attn.w_out.weight (ndim=2)
	_orig_mod.module.layers.5.mlp.fc1.weight (ndim=2)
	_orig_mod.module.layers.5.mlp.fc2.weight (ndim=2)
	_orig_mod.module.layers.6.attn.w_qkv.weight (ndim=2)
	_orig_mod.module.layers.6.attn.w_out.weight (ndim=2)
	_orig_mod.module.layers.6.mlp.fc1.weight (ndim=2)
	_orig_mod.module.layers.6.mlp.fc2.weight (ndim=2)
	_orig_mod.module.layers.7.attn.w_qkv.weight (ndim=2)
	_orig_mod.module.layers.7.attn.w_out.weight (ndim=2)
	_orig_mod.module.layers.7.mlp.fc1.weight (ndim=2)
	_orig_mod.module.layers.7.mlp.fc2.weight (ndim=2)
	_orig_mod.module.layers.8.attn.w_qkv.weight (ndim=2)
	_orig_mod.module.layers.8.attn.w_out.weight (ndim=2)
	_orig_mod.module.layers.8.mlp.fc1.weight (ndim=2)
	_orig_mod.module.layers.8.mlp.fc2.weight (ndim=2)
	_orig_mod.module.layers.9.attn.w_qkv.weight (ndim=2)
	_orig_mod.module.layers.9.attn.w_out.weight (ndim=2)
	_orig_mod.module.layers.9.mlp.fc1.weight (ndim=2)
	_orig_mod.module.layers.9.mlp.fc2.weight (ndim=2)
	_orig_mod.module.layers.10.attn.w_qkv.weight (ndim=2)
	_orig_mod.module.layers.10.attn.w_out.weight (ndim=2)
	_orig_mod.module.layers.10.mlp.fc1.weight (ndim=2)
	_orig_mod.module.layers.10.mlp.fc2.weight (ndim=2)
	_orig_mod.module.layers.11.attn.w_qkv.weight (ndim=2)
	_orig_mod.module.layers.11.attn.w_out.weight (ndim=2)
	_orig_mod.module.layers.11.mlp.fc1.weight (ndim=2)
	_orig_mod.module.layers.11.mlp.fc2.weight (ndim=2)
I0524 03:22:37.902938 140038554068160 muon.py:324] Muon params:
	_orig_mod.module.layers.0.attn.w_qkv.weight (ndim=2)
	_orig_mod.module.layers.0.attn.w_out.weight (ndim=2)
	_orig_mod.module.layers.0.mlp.fc1.weight (ndim=2)
	_orig_mod.module.layers.0.mlp.fc2.weight (ndim=2)
	_orig_mod.module.layers.1.attn.w_qkv.weight (ndim=2)
	_orig_mod.module.layers.1.attn.w_out.weight (ndim=2)
	_orig_mod.module.layers.1.mlp.fc1.weight (ndim=2)
	_orig_mod.module.layers.1.mlp.fc2.weight (ndim=2)
	_orig_mod.module.layers.2.attn.w_qkv.weight (ndim=2)
	_orig_mod.module.layers.2.attn.w_out.weight (ndim=2)
	_orig_mod.module.layers.2.mlp.fc1.weight (ndim=2)
	_orig_mod.module.layers.2.mlp.fc2.weight (ndim=2)
	_orig_mod.module.layers.3.attn.w_qkv.weight (ndim=2)
	_orig_mod.module.layers.3.attn.w_out.weight (ndim=2)
	_orig_mod.module.layers.3.mlp.fc1.weight (ndim=2)
	_orig_mod.module.layers.3.mlp.fc2.weight (ndim=2)
	_orig_mod.module.layers.4.attn.w_qkv.weight (ndim=2)
	_orig_mod.module.layers.4.attn.w_out.weight (ndim=2)
	_orig_mod.module.layers.4.mlp.fc1.weight (ndim=2)
	_orig_mod.module.layers.4.mlp.fc2.weight (ndim=2)
	_orig_mod.module.layers.5.attn.w_qkv.weight (ndim=2)
	_orig_mod.module.layers.5.attn.w_out.weight (ndim=2)
	_orig_mod.module.layers.5.mlp.fc1.weight (ndim=2)
	_orig_mod.module.layers.5.mlp.fc2.weight (ndim=2)
	_orig_mod.module.layers.6.attn.w_qkv.weight (ndim=2)
	_orig_mod.module.layers.6.attn.w_out.weight (ndim=2)
	_orig_mod.module.layers.6.mlp.fc1.weight (ndim=2)
	_orig_mod.module.layers.6.mlp.fc2.weight (ndim=2)
	_orig_mod.module.layers.7.attn.w_qkv.weight (ndim=2)
	_orig_mod.module.layers.7.attn.w_out.weight (ndim=2)
	_orig_mod.module.layers.7.mlp.fc1.weight (ndim=2)
	_orig_mod.module.layers.7.mlp.fc2.weight (ndim=2)
	_orig_mod.module.layers.8.attn.w_qkv.weight (ndim=2)
	_orig_mod.module.layers.8.attn.w_out.weight (ndim=2)
	_orig_mod.module.layers.8.mlp.fc1.weight (ndim=2)
	_orig_mod.module.layers.8.mlp.fc2.weight (ndim=2)
	_orig_mod.module.layers.9.attn.w_qkv.weight (ndim=2)
	_orig_mod.module.layers.9.attn.w_out.weight (ndim=2)
	_orig_mod.module.layers.9.mlp.fc1.weight (ndim=2)
	_orig_mod.module.layers.9.mlp.fc2.weight (ndim=2)
	_orig_mod.module.layers.10.attn.w_qkv.weight (ndim=2)
	_orig_mod.module.layers.10.attn.w_out.weight (ndim=2)
	_orig_mod.module.layers.10.mlp.fc1.weight (ndim=2)
	_orig_mod.module.layers.10.mlp.fc2.weight (ndim=2)
	_orig_mod.module.layers.11.attn.w_qkv.weight (ndim=2)
	_orig_mod.module.layers.11.attn.w_out.weight (ndim=2)
	_orig_mod.module.layers.11.mlp.fc1.weight (ndim=2)
	_orig_mod.module.layers.11.mlp.fc2.weight (ndim=2)
I0524 03:22:37.903050 140194765874368 muon.py:325] Adam params:
	_orig_mod.module.embed_tokens.weight (ndim=2)
	_orig_mod.module.layers.0.attn.attn_scale (ndim=0)
	_orig_mod.module.layers.0.attn_norm.weight (ndim=1)
	_orig_mod.module.layers.0.mlp_norm.weight (ndim=1)
	_orig_mod.module.layers.1.attn.attn_scale (ndim=0)
	_orig_mod.module.layers.1.attn_norm.weight (ndim=1)
	_orig_mod.module.layers.1.mlp_norm.weight (ndim=1)
	_orig_mod.module.layers.2.attn.attn_scale (ndim=0)
	_orig_mod.module.layers.2.attn_norm.weight (ndim=1)
	_orig_mod.module.layers.2.mlp_norm.weight (ndim=1)
	_orig_mod.module.layers.3.attn.attn_scale (ndim=0)
	_orig_mod.module.layers.3.attn_norm.weight (ndim=1)
	_orig_mod.module.layers.3.mlp_norm.weight (ndim=1)
	_orig_mod.module.layers.4.attn.attn_scale (ndim=0)
	_orig_mod.module.layers.4.attn_norm.weight (ndim=1)
	_orig_mod.module.layers.4.mlp_norm.weight (ndim=1)
	_orig_mod.module.layers.5.attn.attn_scale (ndim=0)
	_orig_mod.module.layers.5.attn_norm.weight (ndim=1)
	_orig_mod.module.layers.5.mlp_norm.weight (ndim=1)
	_orig_mod.module.layers.6.attn.attn_scale (ndim=0)
	_orig_mod.module.layers.6.attn_norm.weight (ndim=1)
	_orig_mod.module.layers.6.mlp_norm.weight (ndim=1)
	_orig_mod.module.layers.7.attn.attn_scale (ndim=0)
	_orig_mod.module.layers.7.attn_norm.weight (ndim=1)
	_orig_mod.module.layers.7.mlp_norm.weight (ndim=1)
	_orig_mod.module.layers.8.attn.attn_scale (ndim=0)
	_orig_mod.module.layers.8.attn_norm.weight (ndim=1)
	_orig_mod.module.layers.8.mlp_norm.weight (ndim=1)
	_orig_mod.module.layers.9.attn.attn_scale (ndim=0)
	_orig_mod.module.layers.9.attn_norm.weight (ndim=1)
	_orig_mod.module.layers.9.mlp_norm.weight (ndim=1)
	_orig_mod.module.layers.10.attn.attn_scale (ndim=0)
	_orig_mod.module.layers.10.attn_norm.weight (ndim=1)
	_orig_mod.module.layers.10.mlp_norm.weight (ndim=1)
	_orig_mod.module.layers.11.attn.attn_scale (ndim=0)
	_orig_mod.module.layers.11.attn_norm.weight (ndim=1)
	_orig_mod.module.layers.11.mlp_norm.weight (ndim=1)
	_orig_mod.module.out_norm.weight (ndim=1)
I0524 03:22:37.903050 140471042098368 muon.py:325] Adam params:
	_orig_mod.module.embed_tokens.weight (ndim=2)
	_orig_mod.module.layers.0.attn.attn_scale (ndim=0)
	_orig_mod.module.layers.0.attn_norm.weight (ndim=1)
	_orig_mod.module.layers.0.mlp_norm.weight (ndim=1)
	_orig_mod.module.layers.1.attn.attn_scale (ndim=0)
	_orig_mod.module.layers.1.attn_norm.weight (ndim=1)
	_orig_mod.module.layers.1.mlp_norm.weight (ndim=1)
	_orig_mod.module.layers.2.attn.attn_scale (ndim=0)
	_orig_mod.module.layers.2.attn_norm.weight (ndim=1)
	_orig_mod.module.layers.2.mlp_norm.weight (ndim=1)
	_orig_mod.module.layers.3.attn.attn_scale (ndim=0)
	_orig_mod.module.layers.3.attn_norm.weight (ndim=1)
	_orig_mod.module.layers.3.mlp_norm.weight (ndim=1)
	_orig_mod.module.layers.4.attn.attn_scale (ndim=0)
	_orig_mod.module.layers.4.attn_norm.weight (ndim=1)
	_orig_mod.module.layers.4.mlp_norm.weight (ndim=1)
	_orig_mod.module.layers.5.attn.attn_scale (ndim=0)
	_orig_mod.module.layers.5.attn_norm.weight (ndim=1)
	_orig_mod.module.layers.5.mlp_norm.weight (ndim=1)
	_orig_mod.module.layers.6.attn.attn_scale (ndim=0)
	_orig_mod.module.layers.6.attn_norm.weight (ndim=1)
	_orig_mod.module.layers.6.mlp_norm.weight (ndim=1)
	_orig_mod.module.layers.7.attn.attn_scale (ndim=0)
	_orig_mod.module.layers.7.attn_norm.weight (ndim=1)
	_orig_mod.module.layers.7.mlp_norm.weight (ndim=1)
	_orig_mod.module.layers.8.attn.attn_scale (ndim=0)
	_orig_mod.module.layers.8.attn_norm.weight (ndim=1)
	_orig_mod.module.layers.8.mlp_norm.weight (ndim=1)
	_orig_mod.module.layers.9.attn.attn_scale (ndim=0)
	_orig_mod.module.layers.9.attn_norm.weight (ndim=1)
	_orig_mod.module.layers.9.mlp_norm.weight (ndim=1)
	_orig_mod.module.layers.10.attn.attn_scale (ndim=0)
	_orig_mod.module.layers.10.attn_norm.weight (ndim=1)
	_orig_mod.module.layers.10.mlp_norm.weight (ndim=1)
	_orig_mod.module.layers.11.attn.attn_scale (ndim=0)
	_orig_mod.module.layers.11.attn_norm.weight (ndim=1)
	_orig_mod.module.layers.11.mlp_norm.weight (ndim=1)
	_orig_mod.module.out_norm.weight (ndim=1)
I0524 03:22:37.903094 140038554068160 muon.py:325] Adam params:
	_orig_mod.module.embed_tokens.weight (ndim=2)
	_orig_mod.module.layers.0.attn.attn_scale (ndim=0)
	_orig_mod.module.layers.0.attn_norm.weight (ndim=1)
	_orig_mod.module.layers.0.mlp_norm.weight (ndim=1)
	_orig_mod.module.layers.1.attn.attn_scale (ndim=0)
	_orig_mod.module.layers.1.attn_norm.weight (ndim=1)
	_orig_mod.module.layers.1.mlp_norm.weight (ndim=1)
	_orig_mod.module.layers.2.attn.attn_scale (ndim=0)
	_orig_mod.module.layers.2.attn_norm.weight (ndim=1)
	_orig_mod.module.layers.2.mlp_norm.weight (ndim=1)
	_orig_mod.module.layers.3.attn.attn_scale (ndim=0)
	_orig_mod.module.layers.3.attn_norm.weight (ndim=1)
	_orig_mod.module.layers.3.mlp_norm.weight (ndim=1)
	_orig_mod.module.layers.4.attn.attn_scale (ndim=0)
	_orig_mod.module.layers.4.attn_norm.weight (ndim=1)
	_orig_mod.module.layers.4.mlp_norm.weight (ndim=1)
	_orig_mod.module.layers.5.attn.attn_scale (ndim=0)
	_orig_mod.module.layers.5.attn_norm.weight (ndim=1)
	_orig_mod.module.layers.5.mlp_norm.weight (ndim=1)
	_orig_mod.module.layers.6.attn.attn_scale (ndim=0)
	_orig_mod.module.layers.6.attn_norm.weight (ndim=1)
	_orig_mod.module.layers.6.mlp_norm.weight (ndim=1)
	_orig_mod.module.layers.7.attn.attn_scale (ndim=0)
	_orig_mod.module.layers.7.attn_norm.weight (ndim=1)
	_orig_mod.module.layers.7.mlp_norm.weight (ndim=1)
	_orig_mod.module.layers.8.attn.attn_scale (ndim=0)
	_orig_mod.module.layers.8.attn_norm.weight (ndim=1)
	_orig_mod.module.layers.8.mlp_norm.weight (ndim=1)
	_orig_mod.module.layers.9.attn.attn_scale (ndim=0)
	_orig_mod.module.layers.9.attn_norm.weight (ndim=1)
	_orig_mod.module.layers.9.mlp_norm.weight (ndim=1)
	_orig_mod.module.layers.10.attn.attn_scale (ndim=0)
	_orig_mod.module.layers.10.attn_norm.weight (ndim=1)
	_orig_mod.module.layers.10.mlp_norm.weight (ndim=1)
	_orig_mod.module.layers.11.attn.attn_scale (ndim=0)
	_orig_mod.module.layers.11.attn_norm.weight (ndim=1)
	_orig_mod.module.layers.11.mlp_norm.weight (ndim=1)
	_orig_mod.module.out_norm.weight (ndim=1)
I0524 03:22:37.903218 139907323741376 muon.py:324] Muon params:
	_orig_mod.module.layers.0.attn.w_qkv.weight (ndim=2)
	_orig_mod.module.layers.0.attn.w_out.weight (ndim=2)
	_orig_mod.module.layers.0.mlp.fc1.weight (ndim=2)
	_orig_mod.module.layers.0.mlp.fc2.weight (ndim=2)
	_orig_mod.module.layers.1.attn.w_qkv.weight (ndim=2)
	_orig_mod.module.layers.1.attn.w_out.weight (ndim=2)
	_orig_mod.module.layers.1.mlp.fc1.weight (ndim=2)
	_orig_mod.module.layers.1.mlp.fc2.weight (ndim=2)
	_orig_mod.module.layers.2.attn.w_qkv.weight (ndim=2)
	_orig_mod.module.layers.2.attn.w_out.weight (ndim=2)
	_orig_mod.module.layers.2.mlp.fc1.weight (ndim=2)
	_orig_mod.module.layers.2.mlp.fc2.weight (ndim=2)
	_orig_mod.module.layers.3.attn.w_qkv.weight (ndim=2)
	_orig_mod.module.layers.3.attn.w_out.weight (ndim=2)
	_orig_mod.module.layers.3.mlp.fc1.weight (ndim=2)
	_orig_mod.module.layers.3.mlp.fc2.weight (ndim=2)
	_orig_mod.module.layers.4.attn.w_qkv.weight (ndim=2)
	_orig_mod.module.layers.4.attn.w_out.weight (ndim=2)
	_orig_mod.module.layers.4.mlp.fc1.weight (ndim=2)
	_orig_mod.module.layers.4.mlp.fc2.weight (ndim=2)
	_orig_mod.module.layers.5.attn.w_qkv.weight (ndim=2)
	_orig_mod.module.layers.5.attn.w_out.weight (ndim=2)
	_orig_mod.module.layers.5.mlp.fc1.weight (ndim=2)
	_orig_mod.module.layers.5.mlp.fc2.weight (ndim=2)
	_orig_mod.module.layers.6.attn.w_qkv.weight (ndim=2)
	_orig_mod.module.layers.6.attn.w_out.weight (ndim=2)
	_orig_mod.module.layers.6.mlp.fc1.weight (ndim=2)
	_orig_mod.module.layers.6.mlp.fc2.weight (ndim=2)
	_orig_mod.module.layers.7.attn.w_qkv.weight (ndim=2)
	_orig_mod.module.layers.7.attn.w_out.weight (ndim=2)
	_orig_mod.module.layers.7.mlp.fc1.weight (ndim=2)
	_orig_mod.module.layers.7.mlp.fc2.weight (ndim=2)
	_orig_mod.module.layers.8.attn.w_qkv.weight (ndim=2)
	_orig_mod.module.layers.8.attn.w_out.weight (ndim=2)
	_orig_mod.module.layers.8.mlp.fc1.weight (ndim=2)
	_orig_mod.module.layers.8.mlp.fc2.weight (ndim=2)
	_orig_mod.module.layers.9.attn.w_qkv.weight (ndim=2)
	_orig_mod.module.layers.9.attn.w_out.weight (ndim=2)
	_orig_mod.module.layers.9.mlp.fc1.weight (ndim=2)
	_orig_mod.module.layers.9.mlp.fc2.weight (ndim=2)
	_orig_mod.module.layers.10.attn.w_qkv.weight (ndim=2)
	_orig_mod.module.layers.10.attn.w_out.weight (ndim=2)
	_orig_mod.module.layers.10.mlp.fc1.weight (ndim=2)
	_orig_mod.module.layers.10.mlp.fc2.weight (ndim=2)
	_orig_mod.module.layers.11.attn.w_qkv.weight (ndim=2)
	_orig_mod.module.layers.11.attn.w_out.weight (ndim=2)
	_orig_mod.module.layers.11.mlp.fc1.weight (ndim=2)
	_orig_mod.module.layers.11.mlp.fc2.weight (ndim=2)
I0524 03:22:37.903307 139907323741376 muon.py:325] Adam params:
	_orig_mod.module.embed_tokens.weight (ndim=2)
	_orig_mod.module.layers.0.attn.attn_scale (ndim=0)
	_orig_mod.module.layers.0.attn_norm.weight (ndim=1)
	_orig_mod.module.layers.0.mlp_norm.weight (ndim=1)
	_orig_mod.module.layers.1.attn.attn_scale (ndim=0)
	_orig_mod.module.layers.1.attn_norm.weight (ndim=1)
	_orig_mod.module.layers.1.mlp_norm.weight (ndim=1)
	_orig_mod.module.layers.2.attn.attn_scale (ndim=0)
	_orig_mod.module.layers.2.attn_norm.weight (ndim=1)
	_orig_mod.module.layers.2.mlp_norm.weight (ndim=1)
	_orig_mod.module.layers.3.attn.attn_scale (ndim=0)
	_orig_mod.module.layers.3.attn_norm.weight (ndim=1)
	_orig_mod.module.layers.3.mlp_norm.weight (ndim=1)
	_orig_mod.module.layers.4.attn.attn_scale (ndim=0)
	_orig_mod.module.layers.4.attn_norm.weight (ndim=1)
	_orig_mod.module.layers.4.mlp_norm.weight (ndim=1)
	_orig_mod.module.layers.5.attn.attn_scale (ndim=0)
	_orig_mod.module.layers.5.attn_norm.weight (ndim=1)
	_orig_mod.module.layers.5.mlp_norm.weight (ndim=1)
	_orig_mod.module.layers.6.attn.attn_scale (ndim=0)
	_orig_mod.module.layers.6.attn_norm.weight (ndim=1)
	_orig_mod.module.layers.6.mlp_norm.weight (ndim=1)
	_orig_mod.module.layers.7.attn.attn_scale (ndim=0)
	_orig_mod.module.layers.7.attn_norm.weight (ndim=1)
	_orig_mod.module.layers.7.mlp_norm.weight (ndim=1)
	_orig_mod.module.layers.8.attn.attn_scale (ndim=0)
	_orig_mod.module.layers.8.attn_norm.weight (ndim=1)
	_orig_mod.module.layers.8.mlp_norm.weight (ndim=1)
	_orig_mod.module.layers.9.attn.attn_scale (ndim=0)
	_orig_mod.module.layers.9.attn_norm.weight (ndim=1)
	_orig_mod.module.layers.9.mlp_norm.weight (ndim=1)
	_orig_mod.module.layers.10.attn.attn_scale (ndim=0)
	_orig_mod.module.layers.10.attn_norm.weight (ndim=1)
	_orig_mod.module.layers.10.mlp_norm.weight (ndim=1)
	_orig_mod.module.layers.11.attn.attn_scale (ndim=0)
	_orig_mod.module.layers.11.attn_norm.weight (ndim=1)
	_orig_mod.module.layers.11.mlp_norm.weight (ndim=1)
	_orig_mod.module.out_norm.weight (ndim=1)
I0524 03:22:37.904531 139907323741376 submission_runner.py:299] Initializing metrics bundle.
I0524 03:22:37.904710 139907323741376 submission_runner.py:321] Initializing checkpoint and logger.
I0524 03:22:37.908136 139907323741376 submission_runner.py:344] Saving meta data to /experiment_runs/submissions_a100/muon_torch/study_2/finewebedu_lm_pytorch/trial_1/meta_data_0.json.
I0524 03:22:37.908212 140194765874368 logger_utils.py:283] Unable to record workload.train_mean information. Continuing without it.
I0524 03:22:37.908214 140471042098368 logger_utils.py:283] Unable to record workload.train_mean information. Continuing without it.
I0524 03:22:37.908230 140038554068160 logger_utils.py:283] Unable to record workload.train_mean information. Continuing without it.
I0524 03:22:37.908324 139907323741376 logger_utils.py:283] Unable to record workload.train_mean information. Continuing without it.
I0524 03:22:37.908340 140471042098368 logger_utils.py:283] Unable to record workload.train_stddev information. Continuing without it.
I0524 03:22:37.908338 140194765874368 logger_utils.py:283] Unable to record workload.train_stddev information. Continuing without it.
I0524 03:22:37.908354 140038554068160 logger_utils.py:283] Unable to record workload.train_stddev information. Continuing without it.
I0524 03:22:37.908378 139907323741376 logger_utils.py:283] Unable to record workload.train_stddev information. Continuing without it.
I0524 03:22:38.155634 139907323741376 submission_runner.py:348] Saving flags to /experiment_runs/submissions_a100/muon_torch/study_2/finewebedu_lm_pytorch/trial_1/flags_0.json.
I0524 03:22:38.176344 139907323741376 submission_runner.py:359] Starting training loop.
[rank0]:W0524 03:22:40.276000 38 site-packages/torch/_logging/_internal.py:1199] [0/0] Profiler function <class 'torch.autograd.profiler.record_function'> will be ignored
[rank1]:W0524 03:22:40.295000 39 site-packages/torch/_logging/_internal.py:1199] [0/0] Profiler function <class 'torch.autograd.profiler.record_function'> will be ignored
[rank2]:W0524 03:22:40.319000 40 site-packages/torch/_logging/_internal.py:1199] [0/0] Profiler function <class 'torch.autograd.profiler.record_function'> will be ignored
[rank3]:W0524 03:22:40.363000 41 site-packages/torch/_logging/_internal.py:1199] [0/0] Profiler function <class 'torch.autograd.profiler.record_function'> will be ignored
I0524 03:23:45.104334 139907323741376 spec.py:333] Evaluating on the training split.
I0524 03:24:32.214109 139907323741376 spec.py:346] Evaluating on the validation split.
I0524 03:27:18.887869 139907323741376 spec.py:363] Evaluating on the test split.
I0524 03:27:18.888721 139907323741376 submission_runner.py:516] Time since start: 280.71s, 	Step: 1, 	{'train/loss': 11.030270385742188, 'train/ppl': 61714.265198686524, 'validation/loss': 11.029599084878516, 'validation/ppl': 61672.85026165453, 'validation/num_examples': 100000, 'test/loss': 0.0, 'test/ppl': 1.0, 'test/num_examples': 0, 'score': 66.29437732696533, 'total_duration': 280.71236062049866, 'accumulated_submission_time': 66.29437732696533, 'accumulated_eval_time': 213.78433752059937, 'accumulated_logging_time': 0}
I0524 03:27:18.920291 139879113840384 logging_writer.py:48] [1] accumulated_eval_time=213.784, accumulated_logging_time=0, accumulated_submission_time=66.2944, global_step=1, preemption_count=0, score=66.2944, test/loss=0, test/num_examples=0, test/ppl=1, total_duration=280.712, train/loss=11.0303, train/ppl=61714.3, validation/loss=11.0296, validation/num_examples=100000, validation/ppl=61672.9
I0524 04:10:10.838504 139907323741376 spec.py:333] Evaluating on the training split.
I0524 04:10:28.141655 139907323741376 spec.py:346] Evaluating on the validation split.
I0524 04:13:15.259294 139907323741376 spec.py:363] Evaluating on the test split.
I0524 04:13:15.260202 139907323741376 submission_runner.py:516] Time since start: 3037.08s, 	Step: 6515, 	{'train/loss': 3.5291511535644533, 'train/ppl': 34.09501389684652, 'validation/loss': 3.522016676490569, 'validation/ppl': 33.85262947305149, 'validation/num_examples': 100000, 'test/loss': 0.0, 'test/ppl': 1.0, 'test/num_examples': 0, 'score': 2633.4035201072693, 'total_duration': 3037.083830356598, 'accumulated_submission_time': 2633.4035201072693, 'accumulated_eval_time': 398.2059817314148, 'accumulated_logging_time': 0.07364583015441895}
I0524 04:13:15.305136 139879031764736 logging_writer.py:48] [6515] accumulated_eval_time=398.206, accumulated_logging_time=0.0736458, accumulated_submission_time=2633.4, global_step=6515, preemption_count=0, score=2633.4, test/loss=0, test/num_examples=0, test/ppl=1, total_duration=3037.08, train/loss=3.52915, train/ppl=34.095, validation/loss=3.52202, validation/num_examples=100000, validation/ppl=33.8526
I0524 04:56:07.246585 139907323741376 spec.py:333] Evaluating on the training split.
I0524 04:56:24.586158 139907323741376 spec.py:346] Evaluating on the validation split.
I0524 04:59:11.500102 139907323741376 spec.py:363] Evaluating on the test split.
I0524 04:59:11.500915 139907323741376 submission_runner.py:516] Time since start: 5793.32s, 	Step: 13034, 	{'train/loss': 3.3434463500976563, 'train/ppl': 28.31654747209511, 'validation/loss': 3.332633796555307, 'validation/ppl': 28.01202259902726, 'validation/num_examples': 100000, 'test/loss': 0.0, 'test/ppl': 1.0, 'test/num_examples': 0, 'score': 5200.927927017212, 'total_duration': 5793.324558973312, 'accumulated_submission_time': 5200.927927017212, 'accumulated_eval_time': 582.4602251052856, 'accumulated_logging_time': 0.12798595428466797}
I0524 04:59:11.538674 139879113840384 logging_writer.py:48] [13034] accumulated_eval_time=582.46, accumulated_logging_time=0.127986, accumulated_submission_time=5200.93, global_step=13034, preemption_count=0, score=5200.93, test/loss=0, test/num_examples=0, test/ppl=1, total_duration=5793.32, train/loss=3.34345, train/ppl=28.3165, validation/loss=3.33263, validation/num_examples=100000, validation/ppl=28.012
I0524 05:42:03.469112 139907323741376 spec.py:333] Evaluating on the training split.
I0524 05:42:20.801228 139907323741376 spec.py:346] Evaluating on the validation split.
I0524 05:45:07.776143 139907323741376 spec.py:363] Evaluating on the test split.
I0524 05:45:07.776855 139907323741376 submission_runner.py:516] Time since start: 8549.60s, 	Step: 19552, 	{'train/loss': 3.247519683837891, 'train/ppl': 25.726450985398767, 'validation/loss': 3.2364879715473145, 'validation/ppl': 25.444203876738175, 'validation/num_examples': 100000, 'test/loss': 0.0, 'test/ppl': 1.0, 'test/num_examples': 0, 'score': 7768.531230926514, 'total_duration': 8549.600536584854, 'accumulated_submission_time': 7768.531230926514, 'accumulated_eval_time': 766.767923116684, 'accumulated_logging_time': 0.1747739315032959}
I0524 05:45:07.819429 139879031764736 logging_writer.py:48] [19552] accumulated_eval_time=766.768, accumulated_logging_time=0.174774, accumulated_submission_time=7768.53, global_step=19552, preemption_count=0, score=7768.53, test/loss=0, test/num_examples=0, test/ppl=1, total_duration=8549.6, train/loss=3.24752, train/ppl=25.7265, validation/loss=3.23649, validation/num_examples=100000, validation/ppl=25.4442
I0524 06:27:59.553676 139907323741376 spec.py:333] Evaluating on the training split.
I0524 06:28:16.850228 139907323741376 spec.py:346] Evaluating on the validation split.
I0524 06:31:03.748448 139907323741376 spec.py:363] Evaluating on the test split.
I0524 06:31:03.749154 139907323741376 submission_runner.py:516] Time since start: 11305.57s, 	Step: 26073, 	{'train/loss': 3.182629203796387, 'train/ppl': 24.11006055483178, 'validation/loss': 3.169194136129316, 'validation/ppl': 23.788306493345303, 'validation/num_examples': 100000, 'test/loss': 0.0, 'test/ppl': 1.0, 'test/num_examples': 0, 'score': 10336.016378164291, 'total_duration': 11305.572851657867, 'accumulated_submission_time': 10336.016378164291, 'accumulated_eval_time': 950.9633891582489, 'accumulated_logging_time': 0.22600340843200684}
I0524 06:31:03.794695 139879113840384 logging_writer.py:48] [26073] accumulated_eval_time=950.963, accumulated_logging_time=0.226003, accumulated_submission_time=10336, global_step=26073, preemption_count=0, score=10336, test/loss=0, test/num_examples=0, test/ppl=1, total_duration=11305.6, train/loss=3.18263, train/ppl=24.1101, validation/loss=3.16919, validation/num_examples=100000, validation/ppl=23.7883
I0524 07:13:55.548461 139907323741376 spec.py:333] Evaluating on the training split.
I0524 07:14:12.834226 139907323741376 spec.py:346] Evaluating on the validation split.
I0524 07:16:59.763836 139907323741376 spec.py:363] Evaluating on the test split.
I0524 07:16:59.764544 139907323741376 submission_runner.py:516] Time since start: 14061.59s, 	Step: 32598, 	{'train/loss': 3.1348617553710936, 'train/ppl': 22.985458006268185, 'validation/loss': 3.1213597446451407, 'validation/ppl': 22.677193881627172, 'validation/num_examples': 100000, 'test/loss': 0.0, 'test/ppl': 1.0, 'test/num_examples': 0, 'score': 12903.719439029694, 'total_duration': 14061.588233232498, 'accumulated_submission_time': 12903.719439029694, 'accumulated_eval_time': 1135.1794040203094, 'accumulated_logging_time': 0.2799983024597168}
I0524 07:16:59.806677 139879031764736 logging_writer.py:48] [32598] accumulated_eval_time=1135.18, accumulated_logging_time=0.279998, accumulated_submission_time=12903.7, global_step=32598, preemption_count=0, score=12903.7, test/loss=0, test/num_examples=0, test/ppl=1, total_duration=14061.6, train/loss=3.13486, train/ppl=22.9855, validation/loss=3.12136, validation/num_examples=100000, validation/ppl=22.6772
I0524 07:59:51.537962 139907323741376 spec.py:333] Evaluating on the training split.
I0524 08:00:08.809629 139907323741376 spec.py:346] Evaluating on the validation split.
I0524 08:02:55.645446 139907323741376 spec.py:363] Evaluating on the test split.
I0524 08:02:55.646159 139907323741376 submission_runner.py:516] Time since start: 16817.47s, 	Step: 39128, 	{'train/loss': 3.09359188079834, 'train/ppl': 22.056158959859697, 'validation/loss': 3.079372864550032, 'validation/ppl': 21.744761208603, 'validation/num_examples': 100000, 'test/loss': 0.0, 'test/ppl': 1.0, 'test/num_examples': 0, 'score': 15471.447128295898, 'total_duration': 16817.469852924347, 'accumulated_submission_time': 15471.447128295898, 'accumulated_eval_time': 1319.2875664234161, 'accumulated_logging_time': 0.3305380344390869}
I0524 08:02:55.684646 139879113840384 logging_writer.py:48] [39128] accumulated_eval_time=1319.29, accumulated_logging_time=0.330538, accumulated_submission_time=15471.4, global_step=39128, preemption_count=0, score=15471.4, test/loss=0, test/num_examples=0, test/ppl=1, total_duration=16817.5, train/loss=3.09359, train/ppl=22.0562, validation/loss=3.07937, validation/num_examples=100000, validation/ppl=21.7448
I0524 08:02:56.256350 139879031764736 logging_writer.py:48] [39128] global_step=39128, preemption_count=0, score=15471.4
I0524 08:02:56.265016 139907323741376 submission_runner.py:857] Final finewebedu_lm score: 15471.447128295898
