torchrun --redirects 1:0,2:0,3:0 --standalone --nnodes=1 --nproc_per_node=4 submission_runner.py --framework=pytorch --workload=imagenet_resnet --submission_path=submissions_algorithms/submissions/self_tuning/muon_torch_jax_hps_lr_fix/submission.py --data_dir=/data/imagenet/pytorch --experiment_dir=/experiment_runs --experiment_name=submissions_a100/muon_torch_jax_hps_lr_fix/study_0 --overwrite=True --save_checkpoints=False --rng_seed=1756370212 --imagenet_v2_data_dir=/data/imagenet/pytorch --torch_compile=true --tuning_ruleset=self 2>&1 | tee -a /logs/imagenet_resnet_pytorch_06-04-2026-20-51-48.log
W0604 20:51:50.552000 9 site-packages/torch/distributed/run.py:803] 
W0604 20:51:50.552000 9 site-packages/torch/distributed/run.py:803] *****************************************
W0604 20:51:50.552000 9 site-packages/torch/distributed/run.py:803] Setting OMP_NUM_THREADS environment variable for each process to be 1 in default, to avoid your system being overloaded, please further tune the variable for optimal performance in your application as needed. 
W0604 20:51:50.552000 9 site-packages/torch/distributed/run.py:803] *****************************************
2026-06-04 20:51:52.311105: E external/local_xla/xla/stream_executor/cuda/cuda_fft.cc:467] Unable to register cuFFT factory: Attempting to register factory for plugin cuFFT when one has already been registered
2026-06-04 20:51:52.311104: E external/local_xla/xla/stream_executor/cuda/cuda_fft.cc:467] Unable to register cuFFT factory: Attempting to register factory for plugin cuFFT when one has already been registered
2026-06-04 20:51:52.311105: E external/local_xla/xla/stream_executor/cuda/cuda_fft.cc:467] Unable to register cuFFT factory: Attempting to register factory for plugin cuFFT when one has already been registered
2026-06-04 20:51:52.311145: E external/local_xla/xla/stream_executor/cuda/cuda_fft.cc:467] Unable to register cuFFT factory: Attempting to register factory for plugin cuFFT when one has already been registered
WARNING: All log messages before absl::InitializeLog() is called are written to STDERR
WARNING: All log messages before absl::InitializeLog() is called are written to STDERR
WARNING: All log messages before absl::InitializeLog() is called are written to STDERR
E0000 00:00:1780606312.331699      38 cuda_dnn.cc:8579] Unable to register cuDNN factory: Attempting to register factory for plugin cuDNN when one has already been registered
E0000 00:00:1780606312.331700      40 cuda_dnn.cc:8579] Unable to register cuDNN factory: Attempting to register factory for plugin cuDNN when one has already been registered
E0000 00:00:1780606312.331700      41 cuda_dnn.cc:8579] Unable to register cuDNN factory: Attempting to register factory for plugin cuDNN when one has already been registered
WARNING: All log messages before absl::InitializeLog() is called are written to STDERR
E0000 00:00:1780606312.331883      39 cuda_dnn.cc:8579] Unable to register cuDNN factory: Attempting to register factory for plugin cuDNN when one has already been registered
E0000 00:00:1780606312.338466      41 cuda_blas.cc:1407] Unable to register cuBLAS factory: Attempting to register factory for plugin cuBLAS when one has already been registered
E0000 00:00:1780606312.338466      38 cuda_blas.cc:1407] Unable to register cuBLAS factory: Attempting to register factory for plugin cuBLAS when one has already been registered
E0000 00:00:1780606312.338488      40 cuda_blas.cc:1407] Unable to register cuBLAS factory: Attempting to register factory for plugin cuBLAS when one has already been registered
E0000 00:00:1780606312.338761      39 cuda_blas.cc:1407] Unable to register cuBLAS factory: Attempting to register factory for plugin cuBLAS when one has already been registered
W0000 00:00:1780606312.355304      38 computation_placer.cc:177] computation placer already registered. Please check linkage and avoid linking the same target more than once.
W0000 00:00:1780606312.355306      41 computation_placer.cc:177] computation placer already registered. Please check linkage and avoid linking the same target more than once.
W0000 00:00:1780606312.355308      39 computation_placer.cc:177] computation placer already registered. Please check linkage and avoid linking the same target more than once.
W0000 00:00:1780606312.355327      41 computation_placer.cc:177] computation placer already registered. Please check linkage and avoid linking the same target more than once.
W0000 00:00:1780606312.355327      39 computation_placer.cc:177] computation placer already registered. Please check linkage and avoid linking the same target more than once.
W0000 00:00:1780606312.355329      41 computation_placer.cc:177] computation placer already registered. Please check linkage and avoid linking the same target more than once.
W0000 00:00:1780606312.355329      39 computation_placer.cc:177] computation placer already registered. Please check linkage and avoid linking the same target more than once.
W0000 00:00:1780606312.355331      41 computation_placer.cc:177] computation placer already registered. Please check linkage and avoid linking the same target more than once.
W0000 00:00:1780606312.355331      39 computation_placer.cc:177] computation placer already registered. Please check linkage and avoid linking the same target more than once.
W0000 00:00:1780606312.355331      38 computation_placer.cc:177] computation placer already registered. Please check linkage and avoid linking the same target more than once.
W0000 00:00:1780606312.355333      38 computation_placer.cc:177] computation placer already registered. Please check linkage and avoid linking the same target more than once.
W0000 00:00:1780606312.355335      38 computation_placer.cc:177] computation placer already registered. Please check linkage and avoid linking the same target more than once.
W0000 00:00:1780606312.355336      40 computation_placer.cc:177] computation placer already registered. Please check linkage and avoid linking the same target more than once.
W0000 00:00:1780606312.355354      40 computation_placer.cc:177] computation placer already registered. Please check linkage and avoid linking the same target more than once.
W0000 00:00:1780606312.355356      40 computation_placer.cc:177] computation placer already registered. Please check linkage and avoid linking the same target more than once.
W0000 00:00:1780606312.355358      40 computation_placer.cc:177] computation placer already registered. Please check linkage and avoid linking the same target more than once.
W0000 00:00:1780606318.014225      38 gpu_device.cc:2341] Cannot dlopen some GPU libraries. Please make sure the missing libraries mentioned above are installed properly if you would like to use GPU. Follow the guide at https://www.tensorflow.org/install/gpu for how to download and setup the required libraries for your platform.
Skipping registering GPU devices...
W0000 00:00:1780606318.059893      41 gpu_device.cc:2341] Cannot dlopen some GPU libraries. Please make sure the missing libraries mentioned above are installed properly if you would like to use GPU. Follow the guide at https://www.tensorflow.org/install/gpu for how to download and setup the required libraries for your platform.
Skipping registering GPU devices...
W0000 00:00:1780606318.152490      39 gpu_device.cc:2341] Cannot dlopen some GPU libraries. Please make sure the missing libraries mentioned above are installed properly if you would like to use GPU. Follow the guide at https://www.tensorflow.org/install/gpu for how to download and setup the required libraries for your platform.
Skipping registering GPU devices...
W0000 00:00:1780606318.358817      40 gpu_device.cc:2341] Cannot dlopen some GPU libraries. Please make sure the missing libraries mentioned above are installed properly if you would like to use GPU. Follow the guide at https://www.tensorflow.org/install/gpu for how to download and setup the required libraries for your platform.
Skipping registering GPU devices...
/usr/local/lib/python3.11/site-packages/torch/__init__.py:1617: UserWarning: Please use the new API settings to control TF32 behavior, such as torch.backends.cudnn.conv.fp32_precision = 'tf32' or torch.backends.cuda.matmul.fp32_precision = 'ieee'. Old settings, e.g, torch.backends.cuda.matmul.allow_tf32 = True, torch.backends.cudnn.allow_tf32 = True, allowTF32CuDNN() and allowTF32CuBLAS() will be deprecated after Pytorch 2.9. Please see https://pytorch.org/docs/main/notes/cuda.html#tensorfloat-32-tf32-on-ampere-and-later-devices (Triggered internally at /pytorch/aten/src/ATen/Context.cpp:80.)
  _C._set_float32_matmul_precision(precision)
/usr/local/lib/python3.11/site-packages/torch/__init__.py:1617: UserWarning: Please use the new API settings to control TF32 behavior, such as torch.backends.cudnn.conv.fp32_precision = 'tf32' or torch.backends.cuda.matmul.fp32_precision = 'ieee'. Old settings, e.g, torch.backends.cuda.matmul.allow_tf32 = True, torch.backends.cudnn.allow_tf32 = True, allowTF32CuDNN() and allowTF32CuBLAS() will be deprecated after Pytorch 2.9. Please see https://pytorch.org/docs/main/notes/cuda.html#tensorfloat-32-tf32-on-ampere-and-later-devices (Triggered internally at /pytorch/aten/src/ATen/Context.cpp:80.)
  _C._set_float32_matmul_precision(precision)
/usr/local/lib/python3.11/site-packages/torch/__init__.py:1617: UserWarning: Please use the new API settings to control TF32 behavior, such as torch.backends.cudnn.conv.fp32_precision = 'tf32' or torch.backends.cuda.matmul.fp32_precision = 'ieee'. Old settings, e.g, torch.backends.cuda.matmul.allow_tf32 = True, torch.backends.cudnn.allow_tf32 = True, allowTF32CuDNN() and allowTF32CuBLAS() will be deprecated after Pytorch 2.9. Please see https://pytorch.org/docs/main/notes/cuda.html#tensorfloat-32-tf32-on-ampere-and-later-devices (Triggered internally at /pytorch/aten/src/ATen/Context.cpp:80.)
  _C._set_float32_matmul_precision(precision)
/usr/local/lib/python3.11/site-packages/torch/__init__.py:1617: UserWarning: Please use the new API settings to control TF32 behavior, such as torch.backends.cudnn.conv.fp32_precision = 'tf32' or torch.backends.cuda.matmul.fp32_precision = 'ieee'. Old settings, e.g, torch.backends.cuda.matmul.allow_tf32 = True, torch.backends.cudnn.allow_tf32 = True, allowTF32CuDNN() and allowTF32CuBLAS() will be deprecated after Pytorch 2.9. Please see https://pytorch.org/docs/main/notes/cuda.html#tensorfloat-32-tf32-on-ampere-and-later-devices (Triggered internally at /pytorch/aten/src/ATen/Context.cpp:80.)
  _C._set_float32_matmul_precision(precision)
/usr/local/lib/python3.11/site-packages/pydantic/_internal/_generate_schema.py:2249: UnsupportedFieldAttributeWarning: The 'repr' attribute with value False was provided to the `Field()` function, which has no effect in the context it was used. 'repr' is field-specific metadata, and can only be attached to a model field using `Annotated` metadata or by assignment. This may have happened because an `Annotated` type alias using the `type` statement was used, or if the `Field()` function was attached to a single member of a union type.
  warnings.warn(
/usr/local/lib/python3.11/site-packages/pydantic/_internal/_generate_schema.py:2249: UnsupportedFieldAttributeWarning: The 'frozen' attribute with value True was provided to the `Field()` function, which has no effect in the context it was used. 'frozen' is field-specific metadata, and can only be attached to a model field using `Annotated` metadata or by assignment. This may have happened because an `Annotated` type alias using the `type` statement was used, or if the `Field()` function was attached to a single member of a union type.
  warnings.warn(
/usr/local/lib/python3.11/site-packages/pydantic/_internal/_generate_schema.py:2249: UnsupportedFieldAttributeWarning: The 'repr' attribute with value False was provided to the `Field()` function, which has no effect in the context it was used. 'repr' is field-specific metadata, and can only be attached to a model field using `Annotated` metadata or by assignment. This may have happened because an `Annotated` type alias using the `type` statement was used, or if the `Field()` function was attached to a single member of a union type.
  warnings.warn(
/usr/local/lib/python3.11/site-packages/pydantic/_internal/_generate_schema.py:2249: UnsupportedFieldAttributeWarning: The 'frozen' attribute with value True was provided to the `Field()` function, which has no effect in the context it was used. 'frozen' is field-specific metadata, and can only be attached to a model field using `Annotated` metadata or by assignment. This may have happened because an `Annotated` type alias using the `type` statement was used, or if the `Field()` function was attached to a single member of a union type.
  warnings.warn(
/usr/local/lib/python3.11/site-packages/pydantic/_internal/_generate_schema.py:2249: UnsupportedFieldAttributeWarning: The 'repr' attribute with value False was provided to the `Field()` function, which has no effect in the context it was used. 'repr' is field-specific metadata, and can only be attached to a model field using `Annotated` metadata or by assignment. This may have happened because an `Annotated` type alias using the `type` statement was used, or if the `Field()` function was attached to a single member of a union type.
  warnings.warn(
/usr/local/lib/python3.11/site-packages/pydantic/_internal/_generate_schema.py:2249: UnsupportedFieldAttributeWarning: The 'frozen' attribute with value True was provided to the `Field()` function, which has no effect in the context it was used. 'frozen' is field-specific metadata, and can only be attached to a model field using `Annotated` metadata or by assignment. This may have happened because an `Annotated` type alias using the `type` statement was used, or if the `Field()` function was attached to a single member of a union type.
  warnings.warn(
/usr/local/lib/python3.11/site-packages/pydantic/_internal/_generate_schema.py:2249: UnsupportedFieldAttributeWarning: The 'repr' attribute with value False was provided to the `Field()` function, which has no effect in the context it was used. 'repr' is field-specific metadata, and can only be attached to a model field using `Annotated` metadata or by assignment. This may have happened because an `Annotated` type alias using the `type` statement was used, or if the `Field()` function was attached to a single member of a union type.
  warnings.warn(
/usr/local/lib/python3.11/site-packages/pydantic/_internal/_generate_schema.py:2249: UnsupportedFieldAttributeWarning: The 'frozen' attribute with value True was provided to the `Field()` function, which has no effect in the context it was used. 'frozen' is field-specific metadata, and can only be attached to a model field using `Annotated` metadata or by assignment. This may have happened because an `Annotated` type alias using the `type` statement was used, or if the `Field()` function was attached to a single member of a union type.
  warnings.warn(
/usr/local/lib/python3.11/site-packages/torch/distributed/distributed_c10d.py:4876: UserWarning: barrier(): using the device under current context. You can specify `device_id` in `init_process_group` to mute this warning.
  warnings.warn(  # warn only once
[rank0]:[W604 20:52:01.748979964 ProcessGroupNCCL.cpp:5068] Guessing device ID based on global rank. This can cause a hang if rank to GPU mapping is heterogeneous. You can specify device_id in init_process_group()
I0604 20:52:02.283155 139999481590976 logger_utils.py:84] Creating experiment directory at /experiment_runs/submissions_a100/muon_torch_jax_hps_lr_fix/study_0/imagenet_resnet_pytorch.
I0604 20:52:02.283145 140641734849728 logger_utils.py:84] Creating experiment directory at /experiment_runs/submissions_a100/muon_torch_jax_hps_lr_fix/study_0/imagenet_resnet_pytorch.
I0604 20:52:02.283147 139700816004288 logger_utils.py:84] Creating experiment directory at /experiment_runs/submissions_a100/muon_torch_jax_hps_lr_fix/study_0/imagenet_resnet_pytorch.
I0604 20:52:02.283171 140350652126400 logger_utils.py:84] Creating experiment directory at /experiment_runs/submissions_a100/muon_torch_jax_hps_lr_fix/study_0/imagenet_resnet_pytorch.
I0604 20:52:03.712211 139999481590976 submission_runner.py:741] Creating directory at /experiment_runs/submissions_a100/muon_torch_jax_hps_lr_fix/study_0/imagenet_resnet_pytorch/trial_1.
I0604 20:52:04.046620 139999481590976 submission_runner.py:242] Initializing dataset.
I0604 20:52:42.117831 139999481590976 submission_runner.py:251] Initializing model.
I0604 20:52:42.573617 139999481590976 submission_runner.py:290] Performing `torch.compile`.
I0604 20:52:42.575726 139999481590976 submission_runner.py:294] Initializing optimizer.
I0604 20:52:42.576074 140641734849728 muon.py:324] Muon params:
	_orig_mod.module.conv1.weight (ndim=4)
	_orig_mod.module.layer1.0.conv1.weight (ndim=4)
	_orig_mod.module.layer1.0.conv2.weight (ndim=4)
	_orig_mod.module.layer1.0.conv3.weight (ndim=4)
	_orig_mod.module.layer1.0.downsample.conv.weight (ndim=4)
	_orig_mod.module.layer1.1.conv1.weight (ndim=4)
	_orig_mod.module.layer1.1.conv2.weight (ndim=4)
	_orig_mod.module.layer1.1.conv3.weight (ndim=4)
	_orig_mod.module.layer1.2.conv1.weight (ndim=4)
	_orig_mod.module.layer1.2.conv2.weight (ndim=4)
	_orig_mod.module.layer1.2.conv3.weight (ndim=4)
	_orig_mod.module.layer2.0.conv1.weight (ndim=4)
	_orig_mod.module.layer2.0.conv2.weight (ndim=4)
	_orig_mod.module.layer2.0.conv3.weight (ndim=4)
	_orig_mod.module.layer2.0.downsample.conv.weight (ndim=4)
	_orig_mod.module.layer2.1.conv1.weight (ndim=4)
	_orig_mod.module.layer2.1.conv2.weight (ndim=4)
	_orig_mod.module.layer2.1.conv3.weight (ndim=4)
	_orig_mod.module.layer2.2.conv1.weight (ndim=4)
	_orig_mod.module.layer2.2.conv2.weight (ndim=4)
	_orig_mod.module.layer2.2.conv3.weight (ndim=4)
	_orig_mod.module.layer2.3.conv1.weight (ndim=4)
	_orig_mod.module.layer2.3.conv2.weight (ndim=4)
	_orig_mod.module.layer2.3.conv3.weight (ndim=4)
	_orig_mod.module.layer3.0.conv1.weight (ndim=4)
	_orig_mod.module.layer3.0.conv2.weight (ndim=4)
	_orig_mod.module.layer3.0.conv3.weight (ndim=4)
	_orig_mod.module.layer3.0.downsample.conv.weight (ndim=4)
	_orig_mod.module.layer3.1.conv1.weight (ndim=4)
	_orig_mod.module.layer3.1.conv2.weight (ndim=4)
	_orig_mod.module.layer3.1.conv3.weight (ndim=4)
	_orig_mod.module.layer3.2.conv1.weight (ndim=4)
	_orig_mod.module.layer3.2.conv2.weight (ndim=4)
	_orig_mod.module.layer3.2.conv3.weight (ndim=4)
	_orig_mod.module.layer3.3.conv1.weight (ndim=4)
	_orig_mod.module.layer3.3.conv2.weight (ndim=4)
	_orig_mod.module.layer3.3.conv3.weight (ndim=4)
	_orig_mod.module.layer3.4.conv1.weight (ndim=4)
	_orig_mod.module.layer3.4.conv2.weight (ndim=4)
	_orig_mod.module.layer3.4.conv3.weight (ndim=4)
	_orig_mod.module.layer3.5.conv1.weight (ndim=4)
	_orig_mod.module.layer3.5.conv2.weight (ndim=4)
	_orig_mod.module.layer3.5.conv3.weight (ndim=4)
	_orig_mod.module.layer4.0.conv1.weight (ndim=4)
	_orig_mod.module.layer4.0.conv2.weight (ndim=4)
	_orig_mod.module.layer4.0.conv3.weight (ndim=4)
	_orig_mod.module.layer4.0.downsample.conv.weight (ndim=4)
	_orig_mod.module.layer4.1.conv1.weight (ndim=4)
	_orig_mod.module.layer4.1.conv2.weight (ndim=4)
	_orig_mod.module.layer4.1.conv3.weight (ndim=4)
	_orig_mod.module.layer4.2.conv1.weight (ndim=4)
	_orig_mod.module.layer4.2.conv2.weight (ndim=4)
	_orig_mod.module.layer4.2.conv3.weight (ndim=4)
	_orig_mod.module.fc.weight (ndim=2)
I0604 20:52:42.576235 140641734849728 muon.py:325] Adam params:
	_orig_mod.module.bn1.weight (ndim=1)
	_orig_mod.module.bn1.bias (ndim=1)
	_orig_mod.module.layer1.0.bn1.weight (ndim=1)
	_orig_mod.module.layer1.0.bn1.bias (ndim=1)
	_orig_mod.module.layer1.0.bn2.weight (ndim=1)
	_orig_mod.module.layer1.0.bn2.bias (ndim=1)
	_orig_mod.module.layer1.0.bn3.weight (ndim=1)
	_orig_mod.module.layer1.0.bn3.bias (ndim=1)
	_orig_mod.module.layer1.0.downsample.bn.weight (ndim=1)
	_orig_mod.module.layer1.0.downsample.bn.bias (ndim=1)
	_orig_mod.module.layer1.1.bn1.weight (ndim=1)
	_orig_mod.module.layer1.1.bn1.bias (ndim=1)
	_orig_mod.module.layer1.1.bn2.weight (ndim=1)
	_orig_mod.module.layer1.1.bn2.bias (ndim=1)
	_orig_mod.module.layer1.1.bn3.weight (ndim=1)
	_orig_mod.module.layer1.1.bn3.bias (ndim=1)
	_orig_mod.module.layer1.2.bn1.weight (ndim=1)
	_orig_mod.module.layer1.2.bn1.bias (ndim=1)
	_orig_mod.module.layer1.2.bn2.weight (ndim=1)
	_orig_mod.module.layer1.2.bn2.bias (ndim=1)
	_orig_mod.module.layer1.2.bn3.weight (ndim=1)
	_orig_mod.module.layer1.2.bn3.bias (ndim=1)
	_orig_mod.module.layer2.0.bn1.weight (ndim=1)
	_orig_mod.module.layer2.0.bn1.bias (ndim=1)
	_orig_mod.module.layer2.0.bn2.weight (ndim=1)
	_orig_mod.module.layer2.0.bn2.bias (ndim=1)
	_orig_mod.module.layer2.0.bn3.weight (ndim=1)
	_orig_mod.module.layer2.0.bn3.bias (ndim=1)
	_orig_mod.module.layer2.0.downsample.bn.weight (ndim=1)
	_orig_mod.module.layer2.0.downsample.bn.bias (ndim=1)
	_orig_mod.module.layer2.1.bn1.weight (ndim=1)
	_orig_mod.module.layer2.1.bn1.bias (ndim=1)
	_orig_mod.module.layer2.1.bn2.weight (ndim=1)
	_orig_mod.module.layer2.1.bn2.bias (ndim=1)
	_orig_mod.module.layer2.1.bn3.weight (ndim=1)
	_orig_mod.module.layer2.1.bn3.bias (ndim=1)
	_orig_mod.module.layer2.2.bn1.weight (ndim=1)
	_orig_mod.module.layer2.2.bn1.bias (ndim=1)
	_orig_mod.module.layer2.2.bn2.weight (ndim=1)
	_orig_mod.module.layer2.2.bn2.bias (ndim=1)
	_orig_mod.module.layer2.2.bn3.weight (ndim=1)
	_orig_mod.module.layer2.2.bn3.bias (ndim=1)
	_orig_mod.module.layer2.3.bn1.weight (ndim=1)
	_orig_mod.module.layer2.3.bn1.bias (ndim=1)
	_orig_mod.module.layer2.3.bn2.weight (ndim=1)
	_orig_mod.module.layer2.3.bn2.bias (ndim=1)
	_orig_mod.module.layer2.3.bn3.weight (ndim=1)
	_orig_mod.module.layer2.3.bn3.bias (ndim=1)
	_orig_mod.module.layer3.0.bn1.weight (ndim=1)
	_orig_mod.module.layer3.0.bn1.bias (ndim=1)
	_orig_mod.module.layer3.0.bn2.weight (ndim=1)
	_orig_mod.module.layer3.0.bn2.bias (ndim=1)
	_orig_mod.module.layer3.0.bn3.weight (ndim=1)
	_orig_mod.module.layer3.0.bn3.bias (ndim=1)
	_orig_mod.module.layer3.0.downsample.bn.weight (ndim=1)
	_orig_mod.module.layer3.0.downsample.bn.bias (ndim=1)
	_orig_mod.module.layer3.1.bn1.weight (ndim=1)
	_orig_mod.module.layer3.1.bn1.bias (ndim=1)
	_orig_mod.module.layer3.1.bn2.weight (ndim=1)
	_orig_mod.module.layer3.1.bn2.bias (ndim=1)
	_orig_mod.module.layer3.1.bn3.weight (ndim=1)
	_orig_mod.module.layer3.1.bn3.bias (ndim=1)
	_orig_mod.module.layer3.2.bn1.weight (ndim=1)
	_orig_mod.module.layer3.2.bn1.bias (ndim=1)
	_orig_mod.module.layer3.2.bn2.weight (ndim=1)
	_orig_mod.module.layer3.2.bn2.bias (ndim=1)
	_orig_mod.module.layer3.2.bn3.weight (ndim=1)
	_orig_mod.module.layer3.2.bn3.bias (ndim=1)
	_orig_mod.module.layer3.3.bn1.weight (ndim=1)
	_orig_mod.module.layer3.3.bn1.bias (ndim=1)
	_orig_mod.module.layer3.3.bn2.weight (ndim=1)
	_orig_mod.module.layer3.3.bn2.bias (ndim=1)
	_orig_mod.module.layer3.3.bn3.weight (ndim=1)
	_orig_mod.module.layer3.3.bn3.bias (ndim=1)
	_orig_mod.module.layer3.4.bn1.weight (ndim=1)
	_orig_mod.module.layer3.4.bn1.bias (ndim=1)
	_orig_mod.module.layer3.4.bn2.weight (ndim=1)
	_orig_mod.module.layer3.4.bn2.bias (ndim=1)
	_orig_mod.module.layer3.4.bn3.weight (ndim=1)
	_orig_mod.module.layer3.4.bn3.bias (ndim=1)
	_orig_mod.module.layer3.5.bn1.weight (ndim=1)
	_orig_mod.module.layer3.5.bn1.bias (ndim=1)
	_orig_mod.module.layer3.5.bn2.weight (ndim=1)
	_orig_mod.module.layer3.5.bn2.bias (ndim=1)
	_orig_mod.module.layer3.5.bn3.weight (ndim=1)
	_orig_mod.module.layer3.5.bn3.bias (ndim=1)
	_orig_mod.module.layer4.0.bn1.weight (ndim=1)
	_orig_mod.module.layer4.0.bn1.bias (ndim=1)
	_orig_mod.module.layer4.0.bn2.weight (ndim=1)
	_orig_mod.module.layer4.0.bn2.bias (ndim=1)
	_orig_mod.module.layer4.0.bn3.weight (ndim=1)
	_orig_mod.module.layer4.0.bn3.bias (ndim=1)
	_orig_mod.module.layer4.0.downsample.bn.weight (ndim=1)
	_orig_mod.module.layer4.0.downsample.bn.bias (ndim=1)
	_orig_mod.module.layer4.1.bn1.weight (ndim=1)
	_orig_mod.module.layer4.1.bn1.bias (ndim=1)
	_orig_mod.module.layer4.1.bn2.weight (ndim=1)
	_orig_mod.module.layer4.1.bn2.bias (ndim=1)
	_orig_mod.module.layer4.1.bn3.weight (ndim=1)
	_orig_mod.module.layer4.1.bn3.bias (ndim=1)
	_orig_mod.module.layer4.2.bn1.weight (ndim=1)
	_orig_mod.module.layer4.2.bn1.bias (ndim=1)
	_orig_mod.module.layer4.2.bn2.weight (ndim=1)
	_orig_mod.module.layer4.2.bn2.bias (ndim=1)
	_orig_mod.module.layer4.2.bn3.weight (ndim=1)
	_orig_mod.module.layer4.2.bn3.bias (ndim=1)
	_orig_mod.module.fc.bias (ndim=1)
I0604 20:52:42.576333 139999481590976 muon.py:324] Muon params:
	_orig_mod.module.conv1.weight (ndim=4)
	_orig_mod.module.layer1.0.conv1.weight (ndim=4)
	_orig_mod.module.layer1.0.conv2.weight (ndim=4)
	_orig_mod.module.layer1.0.conv3.weight (ndim=4)
	_orig_mod.module.layer1.0.downsample.conv.weight (ndim=4)
	_orig_mod.module.layer1.1.conv1.weight (ndim=4)
	_orig_mod.module.layer1.1.conv2.weight (ndim=4)
	_orig_mod.module.layer1.1.conv3.weight (ndim=4)
	_orig_mod.module.layer1.2.conv1.weight (ndim=4)
	_orig_mod.module.layer1.2.conv2.weight (ndim=4)
	_orig_mod.module.layer1.2.conv3.weight (ndim=4)
	_orig_mod.module.layer2.0.conv1.weight (ndim=4)
	_orig_mod.module.layer2.0.conv2.weight (ndim=4)
	_orig_mod.module.layer2.0.conv3.weight (ndim=4)
	_orig_mod.module.layer2.0.downsample.conv.weight (ndim=4)
	_orig_mod.module.layer2.1.conv1.weight (ndim=4)
	_orig_mod.module.layer2.1.conv2.weight (ndim=4)
	_orig_mod.module.layer2.1.conv3.weight (ndim=4)
	_orig_mod.module.layer2.2.conv1.weight (ndim=4)
	_orig_mod.module.layer2.2.conv2.weight (ndim=4)
	_orig_mod.module.layer2.2.conv3.weight (ndim=4)
	_orig_mod.module.layer2.3.conv1.weight (ndim=4)
	_orig_mod.module.layer2.3.conv2.weight (ndim=4)
	_orig_mod.module.layer2.3.conv3.weight (ndim=4)
	_orig_mod.module.layer3.0.conv1.weight (ndim=4)
	_orig_mod.module.layer3.0.conv2.weight (ndim=4)
	_orig_mod.module.layer3.0.conv3.weight (ndim=4)
	_orig_mod.module.layer3.0.downsample.conv.weight (ndim=4)
	_orig_mod.module.layer3.1.conv1.weight (ndim=4)
	_orig_mod.module.layer3.1.conv2.weight (ndim=4)
	_orig_mod.module.layer3.1.conv3.weight (ndim=4)
	_orig_mod.module.layer3.2.conv1.weight (ndim=4)
	_orig_mod.module.layer3.2.conv2.weight (ndim=4)
	_orig_mod.module.layer3.2.conv3.weight (ndim=4)
	_orig_mod.module.layer3.3.conv1.weight (ndim=4)
	_orig_mod.module.layer3.3.conv2.weight (ndim=4)
	_orig_mod.module.layer3.3.conv3.weight (ndim=4)
	_orig_mod.module.layer3.4.conv1.weight (ndim=4)
	_orig_mod.module.layer3.4.conv2.weight (ndim=4)
	_orig_mod.module.layer3.4.conv3.weight (ndim=4)
	_orig_mod.module.layer3.5.conv1.weight (ndim=4)
	_orig_mod.module.layer3.5.conv2.weight (ndim=4)
	_orig_mod.module.layer3.5.conv3.weight (ndim=4)
	_orig_mod.module.layer4.0.conv1.weight (ndim=4)
	_orig_mod.module.layer4.0.conv2.weight (ndim=4)
	_orig_mod.module.layer4.0.conv3.weight (ndim=4)
	_orig_mod.module.layer4.0.downsample.conv.weight (ndim=4)
	_orig_mod.module.layer4.1.conv1.weight (ndim=4)
	_orig_mod.module.layer4.1.conv2.weight (ndim=4)
	_orig_mod.module.layer4.1.conv3.weight (ndim=4)
	_orig_mod.module.layer4.2.conv1.weight (ndim=4)
	_orig_mod.module.layer4.2.conv2.weight (ndim=4)
	_orig_mod.module.layer4.2.conv3.weight (ndim=4)
	_orig_mod.module.fc.weight (ndim=2)
I0604 20:52:42.576420 139999481590976 muon.py:325] Adam params:
	_orig_mod.module.bn1.weight (ndim=1)
	_orig_mod.module.bn1.bias (ndim=1)
	_orig_mod.module.layer1.0.bn1.weight (ndim=1)
	_orig_mod.module.layer1.0.bn1.bias (ndim=1)
	_orig_mod.module.layer1.0.bn2.weight (ndim=1)
	_orig_mod.module.layer1.0.bn2.bias (ndim=1)
	_orig_mod.module.layer1.0.bn3.weight (ndim=1)
	_orig_mod.module.layer1.0.bn3.bias (ndim=1)
	_orig_mod.module.layer1.0.downsample.bn.weight (ndim=1)
	_orig_mod.module.layer1.0.downsample.bn.bias (ndim=1)
	_orig_mod.module.layer1.1.bn1.weight (ndim=1)
	_orig_mod.module.layer1.1.bn1.bias (ndim=1)
	_orig_mod.module.layer1.1.bn2.weight (ndim=1)
	_orig_mod.module.layer1.1.bn2.bias (ndim=1)
	_orig_mod.module.layer1.1.bn3.weight (ndim=1)
	_orig_mod.module.layer1.1.bn3.bias (ndim=1)
	_orig_mod.module.layer1.2.bn1.weight (ndim=1)
	_orig_mod.module.layer1.2.bn1.bias (ndim=1)
	_orig_mod.module.layer1.2.bn2.weight (ndim=1)
	_orig_mod.module.layer1.2.bn2.bias (ndim=1)
	_orig_mod.module.layer1.2.bn3.weight (ndim=1)
	_orig_mod.module.layer1.2.bn3.bias (ndim=1)
	_orig_mod.module.layer2.0.bn1.weight (ndim=1)
	_orig_mod.module.layer2.0.bn1.bias (ndim=1)
	_orig_mod.module.layer2.0.bn2.weight (ndim=1)
	_orig_mod.module.layer2.0.bn2.bias (ndim=1)
	_orig_mod.module.layer2.0.bn3.weight (ndim=1)
	_orig_mod.module.layer2.0.bn3.bias (ndim=1)
	_orig_mod.module.layer2.0.downsample.bn.weight (ndim=1)
	_orig_mod.module.layer2.0.downsample.bn.bias (ndim=1)
	_orig_mod.module.layer2.1.bn1.weight (ndim=1)
	_orig_mod.module.layer2.1.bn1.bias (ndim=1)
	_orig_mod.module.layer2.1.bn2.weight (ndim=1)
	_orig_mod.module.layer2.1.bn2.bias (ndim=1)
	_orig_mod.module.layer2.1.bn3.weight (ndim=1)
	_orig_mod.module.layer2.1.bn3.bias (ndim=1)
	_orig_mod.module.layer2.2.bn1.weight (ndim=1)
	_orig_mod.module.layer2.2.bn1.bias (ndim=1)
	_orig_mod.module.layer2.2.bn2.weight (ndim=1)
	_orig_mod.module.layer2.2.bn2.bias (ndim=1)
	_orig_mod.module.layer2.2.bn3.weight (ndim=1)
	_orig_mod.module.layer2.2.bn3.bias (ndim=1)
	_orig_mod.module.layer2.3.bn1.weight (ndim=1)
	_orig_mod.module.layer2.3.bn1.bias (ndim=1)
	_orig_mod.module.layer2.3.bn2.weight (ndim=1)
	_orig_mod.module.layer2.3.bn2.bias (ndim=1)
	_orig_mod.module.layer2.3.bn3.weight (ndim=1)
	_orig_mod.module.layer2.3.bn3.bias (ndim=1)
	_orig_mod.module.layer3.0.bn1.weight (ndim=1)
	_orig_mod.module.layer3.0.bn1.bias (ndim=1)
	_orig_mod.module.layer3.0.bn2.weight (ndim=1)
	_orig_mod.module.layer3.0.bn2.bias (ndim=1)
	_orig_mod.module.layer3.0.bn3.weight (ndim=1)
	_orig_mod.module.layer3.0.bn3.bias (ndim=1)
	_orig_mod.module.layer3.0.downsample.bn.weight (ndim=1)
	_orig_mod.module.layer3.0.downsample.bn.bias (ndim=1)
	_orig_mod.module.layer3.1.bn1.weight (ndim=1)
	_orig_mod.module.layer3.1.bn1.bias (ndim=1)
	_orig_mod.module.layer3.1.bn2.weight (ndim=1)
	_orig_mod.module.layer3.1.bn2.bias (ndim=1)
	_orig_mod.module.layer3.1.bn3.weight (ndim=1)
	_orig_mod.module.layer3.1.bn3.bias (ndim=1)
	_orig_mod.module.layer3.2.bn1.weight (ndim=1)
	_orig_mod.module.layer3.2.bn1.bias (ndim=1)
	_orig_mod.module.layer3.2.bn2.weight (ndim=1)
	_orig_mod.module.layer3.2.bn2.bias (ndim=1)
	_orig_mod.module.layer3.2.bn3.weight (ndim=1)
	_orig_mod.module.layer3.2.bn3.bias (ndim=1)
	_orig_mod.module.layer3.3.bn1.weight (ndim=1)
	_orig_mod.module.layer3.3.bn1.bias (ndim=1)
	_orig_mod.module.layer3.3.bn2.weight (ndim=1)
	_orig_mod.module.layer3.3.bn2.bias (ndim=1)
	_orig_mod.module.layer3.3.bn3.weight (ndim=1)
	_orig_mod.module.layer3.3.bn3.bias (ndim=1)
	_orig_mod.module.layer3.4.bn1.weight (ndim=1)
	_orig_mod.module.layer3.4.bn1.bias (ndim=1)
	_orig_mod.module.layer3.4.bn2.weight (ndim=1)
	_orig_mod.module.layer3.4.bn2.bias (ndim=1)
	_orig_mod.module.layer3.4.bn3.weight (ndim=1)
	_orig_mod.module.layer3.4.bn3.bias (ndim=1)
	_orig_mod.module.layer3.5.bn1.weight (ndim=1)
	_orig_mod.module.layer3.5.bn1.bias (ndim=1)
	_orig_mod.module.layer3.5.bn2.weight (ndim=1)
	_orig_mod.module.layer3.5.bn2.bias (ndim=1)
	_orig_mod.module.layer3.5.bn3.weight (ndim=1)
	_orig_mod.module.layer3.5.bn3.bias (ndim=1)
	_orig_mod.module.layer4.0.bn1.weight (ndim=1)
	_orig_mod.module.layer4.0.bn1.bias (ndim=1)
	_orig_mod.module.layer4.0.bn2.weight (ndim=1)
	_orig_mod.module.layer4.0.bn2.bias (ndim=1)
	_orig_mod.module.layer4.0.bn3.weight (ndim=1)
	_orig_mod.module.layer4.0.bn3.bias (ndim=1)
	_orig_mod.module.layer4.0.downsample.bn.weight (ndim=1)
	_orig_mod.module.layer4.0.downsample.bn.bias (ndim=1)
	_orig_mod.module.layer4.1.bn1.weight (ndim=1)
	_orig_mod.module.layer4.1.bn1.bias (ndim=1)
	_orig_mod.module.layer4.1.bn2.weight (ndim=1)
	_orig_mod.module.layer4.1.bn2.bias (ndim=1)
	_orig_mod.module.layer4.1.bn3.weight (ndim=1)
	_orig_mod.module.layer4.1.bn3.bias (ndim=1)
	_orig_mod.module.layer4.2.bn1.weight (ndim=1)
	_orig_mod.module.layer4.2.bn1.bias (ndim=1)
	_orig_mod.module.layer4.2.bn2.weight (ndim=1)
	_orig_mod.module.layer4.2.bn2.bias (ndim=1)
	_orig_mod.module.layer4.2.bn3.weight (ndim=1)
	_orig_mod.module.layer4.2.bn3.bias (ndim=1)
	_orig_mod.module.fc.bias (ndim=1)
I0604 20:52:42.576567 139700816004288 muon.py:324] Muon params:
	_orig_mod.module.conv1.weight (ndim=4)
	_orig_mod.module.layer1.0.conv1.weight (ndim=4)
	_orig_mod.module.layer1.0.conv2.weight (ndim=4)
	_orig_mod.module.layer1.0.conv3.weight (ndim=4)
	_orig_mod.module.layer1.0.downsample.conv.weight (ndim=4)
	_orig_mod.module.layer1.1.conv1.weight (ndim=4)
	_orig_mod.module.layer1.1.conv2.weight (ndim=4)
	_orig_mod.module.layer1.1.conv3.weight (ndim=4)
	_orig_mod.module.layer1.2.conv1.weight (ndim=4)
	_orig_mod.module.layer1.2.conv2.weight (ndim=4)
	_orig_mod.module.layer1.2.conv3.weight (ndim=4)
	_orig_mod.module.layer2.0.conv1.weight (ndim=4)
	_orig_mod.module.layer2.0.conv2.weight (ndim=4)
	_orig_mod.module.layer2.0.conv3.weight (ndim=4)
	_orig_mod.module.layer2.0.downsample.conv.weight (ndim=4)
	_orig_mod.module.layer2.1.conv1.weight (ndim=4)
	_orig_mod.module.layer2.1.conv2.weight (ndim=4)
	_orig_mod.module.layer2.1.conv3.weight (ndim=4)
	_orig_mod.module.layer2.2.conv1.weight (ndim=4)
	_orig_mod.module.layer2.2.conv2.weight (ndim=4)
	_orig_mod.module.layer2.2.conv3.weight (ndim=4)
	_orig_mod.module.layer2.3.conv1.weight (ndim=4)
	_orig_mod.module.layer2.3.conv2.weight (ndim=4)
	_orig_mod.module.layer2.3.conv3.weight (ndim=4)
	_orig_mod.module.layer3.0.conv1.weight (ndim=4)
	_orig_mod.module.layer3.0.conv2.weight (ndim=4)
	_orig_mod.module.layer3.0.conv3.weight (ndim=4)
	_orig_mod.module.layer3.0.downsample.conv.weight (ndim=4)
	_orig_mod.module.layer3.1.conv1.weight (ndim=4)
	_orig_mod.module.layer3.1.conv2.weight (ndim=4)
	_orig_mod.module.layer3.1.conv3.weight (ndim=4)
	_orig_mod.module.layer3.2.conv1.weight (ndim=4)
	_orig_mod.module.layer3.2.conv2.weight (ndim=4)
	_orig_mod.module.layer3.2.conv3.weight (ndim=4)
	_orig_mod.module.layer3.3.conv1.weight (ndim=4)
	_orig_mod.module.layer3.3.conv2.weight (ndim=4)
	_orig_mod.module.layer3.3.conv3.weight (ndim=4)
	_orig_mod.module.layer3.4.conv1.weight (ndim=4)
	_orig_mod.module.layer3.4.conv2.weight (ndim=4)
	_orig_mod.module.layer3.4.conv3.weight (ndim=4)
	_orig_mod.module.layer3.5.conv1.weight (ndim=4)
	_orig_mod.module.layer3.5.conv2.weight (ndim=4)
	_orig_mod.module.layer3.5.conv3.weight (ndim=4)
	_orig_mod.module.layer4.0.conv1.weight (ndim=4)
	_orig_mod.module.layer4.0.conv2.weight (ndim=4)
	_orig_mod.module.layer4.0.conv3.weight (ndim=4)
	_orig_mod.module.layer4.0.downsample.conv.weight (ndim=4)
	_orig_mod.module.layer4.1.conv1.weight (ndim=4)
	_orig_mod.module.layer4.1.conv2.weight (ndim=4)
	_orig_mod.module.layer4.1.conv3.weight (ndim=4)
	_orig_mod.module.layer4.2.conv1.weight (ndim=4)
	_orig_mod.module.layer4.2.conv2.weight (ndim=4)
	_orig_mod.module.layer4.2.conv3.weight (ndim=4)
	_orig_mod.module.fc.weight (ndim=2)
I0604 20:52:42.576729 139700816004288 muon.py:325] Adam params:
	_orig_mod.module.bn1.weight (ndim=1)
	_orig_mod.module.bn1.bias (ndim=1)
	_orig_mod.module.layer1.0.bn1.weight (ndim=1)
	_orig_mod.module.layer1.0.bn1.bias (ndim=1)
	_orig_mod.module.layer1.0.bn2.weight (ndim=1)
	_orig_mod.module.layer1.0.bn2.bias (ndim=1)
	_orig_mod.module.layer1.0.bn3.weight (ndim=1)
	_orig_mod.module.layer1.0.bn3.bias (ndim=1)
	_orig_mod.module.layer1.0.downsample.bn.weight (ndim=1)
	_orig_mod.module.layer1.0.downsample.bn.bias (ndim=1)
	_orig_mod.module.layer1.1.bn1.weight (ndim=1)
	_orig_mod.module.layer1.1.bn1.bias (ndim=1)
	_orig_mod.module.layer1.1.bn2.weight (ndim=1)
	_orig_mod.module.layer1.1.bn2.bias (ndim=1)
	_orig_mod.module.layer1.1.bn3.weight (ndim=1)
	_orig_mod.module.layer1.1.bn3.bias (ndim=1)
	_orig_mod.module.layer1.2.bn1.weight (ndim=1)
	_orig_mod.module.layer1.2.bn1.bias (ndim=1)
	_orig_mod.module.layer1.2.bn2.weight (ndim=1)
	_orig_mod.module.layer1.2.bn2.bias (ndim=1)
	_orig_mod.module.layer1.2.bn3.weight (ndim=1)
	_orig_mod.module.layer1.2.bn3.bias (ndim=1)
	_orig_mod.module.layer2.0.bn1.weight (ndim=1)
	_orig_mod.module.layer2.0.bn1.bias (ndim=1)
	_orig_mod.module.layer2.0.bn2.weight (ndim=1)
	_orig_mod.module.layer2.0.bn2.bias (ndim=1)
	_orig_mod.module.layer2.0.bn3.weight (ndim=1)
	_orig_mod.module.layer2.0.bn3.bias (ndim=1)
	_orig_mod.module.layer2.0.downsample.bn.weight (ndim=1)
	_orig_mod.module.layer2.0.downsample.bn.bias (ndim=1)
	_orig_mod.module.layer2.1.bn1.weight (ndim=1)
	_orig_mod.module.layer2.1.bn1.bias (ndim=1)
	_orig_mod.module.layer2.1.bn2.weight (ndim=1)
	_orig_mod.module.layer2.1.bn2.bias (ndim=1)
	_orig_mod.module.layer2.1.bn3.weight (ndim=1)
	_orig_mod.module.layer2.1.bn3.bias (ndim=1)
	_orig_mod.module.layer2.2.bn1.weight (ndim=1)
	_orig_mod.module.layer2.2.bn1.bias (ndim=1)
	_orig_mod.module.layer2.2.bn2.weight (ndim=1)
	_orig_mod.module.layer2.2.bn2.bias (ndim=1)
	_orig_mod.module.layer2.2.bn3.weight (ndim=1)
	_orig_mod.module.layer2.2.bn3.bias (ndim=1)
	_orig_mod.module.layer2.3.bn1.weight (ndim=1)
	_orig_mod.module.layer2.3.bn1.bias (ndim=1)
	_orig_mod.module.layer2.3.bn2.weight (ndim=1)
	_orig_mod.module.layer2.3.bn2.bias (ndim=1)
	_orig_mod.module.layer2.3.bn3.weight (ndim=1)
	_orig_mod.module.layer2.3.bn3.bias (ndim=1)
	_orig_mod.module.layer3.0.bn1.weight (ndim=1)
	_orig_mod.module.layer3.0.bn1.bias (ndim=1)
	_orig_mod.module.layer3.0.bn2.weight (ndim=1)
	_orig_mod.module.layer3.0.bn2.bias (ndim=1)
	_orig_mod.module.layer3.0.bn3.weight (ndim=1)
	_orig_mod.module.layer3.0.bn3.bias (ndim=1)
	_orig_mod.module.layer3.0.downsample.bn.weight (ndim=1)
	_orig_mod.module.layer3.0.downsample.bn.bias (ndim=1)
	_orig_mod.module.layer3.1.bn1.weight (ndim=1)
	_orig_mod.module.layer3.1.bn1.bias (ndim=1)
	_orig_mod.module.layer3.1.bn2.weight (ndim=1)
	_orig_mod.module.layer3.1.bn2.bias (ndim=1)
	_orig_mod.module.layer3.1.bn3.weight (ndim=1)
	_orig_mod.module.layer3.1.bn3.bias (ndim=1)
	_orig_mod.module.layer3.2.bn1.weight (ndim=1)
	_orig_mod.module.layer3.2.bn1.bias (ndim=1)
	_orig_mod.module.layer3.2.bn2.weight (ndim=1)
	_orig_mod.module.layer3.2.bn2.bias (ndim=1)
	_orig_mod.module.layer3.2.bn3.weight (ndim=1)
	_orig_mod.module.layer3.2.bn3.bias (ndim=1)
	_orig_mod.module.layer3.3.bn1.weight (ndim=1)
	_orig_mod.module.layer3.3.bn1.bias (ndim=1)
	_orig_mod.module.layer3.3.bn2.weight (ndim=1)
	_orig_mod.module.layer3.3.bn2.bias (ndim=1)
	_orig_mod.module.layer3.3.bn3.weight (ndim=1)
	_orig_mod.module.layer3.3.bn3.bias (ndim=1)
	_orig_mod.module.layer3.4.bn1.weight (ndim=1)
	_orig_mod.module.layer3.4.bn1.bias (ndim=1)
	_orig_mod.module.layer3.4.bn2.weight (ndim=1)
	_orig_mod.module.layer3.4.bn2.bias (ndim=1)
	_orig_mod.module.layer3.4.bn3.weight (ndim=1)
	_orig_mod.module.layer3.4.bn3.bias (ndim=1)
	_orig_mod.module.layer3.5.bn1.weight (ndim=1)
	_orig_mod.module.layer3.5.bn1.bias (ndim=1)
	_orig_mod.module.layer3.5.bn2.weight (ndim=1)
	_orig_mod.module.layer3.5.bn2.bias (ndim=1)
	_orig_mod.module.layer3.5.bn3.weight (ndim=1)
	_orig_mod.module.layer3.5.bn3.bias (ndim=1)
	_orig_mod.module.layer4.0.bn1.weight (ndim=1)
	_orig_mod.module.layer4.0.bn1.bias (ndim=1)
	_orig_mod.module.layer4.0.bn2.weight (ndim=1)
	_orig_mod.module.layer4.0.bn2.bias (ndim=1)
	_orig_mod.module.layer4.0.bn3.weight (ndim=1)
	_orig_mod.module.layer4.0.bn3.bias (ndim=1)
	_orig_mod.module.layer4.0.downsample.bn.weight (ndim=1)
	_orig_mod.module.layer4.0.downsample.bn.bias (ndim=1)
	_orig_mod.module.layer4.1.bn1.weight (ndim=1)
	_orig_mod.module.layer4.1.bn1.bias (ndim=1)
	_orig_mod.module.layer4.1.bn2.weight (ndim=1)
	_orig_mod.module.layer4.1.bn2.bias (ndim=1)
	_orig_mod.module.layer4.1.bn3.weight (ndim=1)
	_orig_mod.module.layer4.1.bn3.bias (ndim=1)
	_orig_mod.module.layer4.2.bn1.weight (ndim=1)
	_orig_mod.module.layer4.2.bn1.bias (ndim=1)
	_orig_mod.module.layer4.2.bn2.weight (ndim=1)
	_orig_mod.module.layer4.2.bn2.bias (ndim=1)
	_orig_mod.module.layer4.2.bn3.weight (ndim=1)
	_orig_mod.module.layer4.2.bn3.bias (ndim=1)
	_orig_mod.module.fc.bias (ndim=1)
I0604 20:52:42.577448 140350652126400 muon.py:324] Muon params:
	_orig_mod.module.conv1.weight (ndim=4)
	_orig_mod.module.layer1.0.conv1.weight (ndim=4)
	_orig_mod.module.layer1.0.conv2.weight (ndim=4)
	_orig_mod.module.layer1.0.conv3.weight (ndim=4)
	_orig_mod.module.layer1.0.downsample.conv.weight (ndim=4)
	_orig_mod.module.layer1.1.conv1.weight (ndim=4)
	_orig_mod.module.layer1.1.conv2.weight (ndim=4)
	_orig_mod.module.layer1.1.conv3.weight (ndim=4)
	_orig_mod.module.layer1.2.conv1.weight (ndim=4)
	_orig_mod.module.layer1.2.conv2.weight (ndim=4)
	_orig_mod.module.layer1.2.conv3.weight (ndim=4)
	_orig_mod.module.layer2.0.conv1.weight (ndim=4)
	_orig_mod.module.layer2.0.conv2.weight (ndim=4)
	_orig_mod.module.layer2.0.conv3.weight (ndim=4)
	_orig_mod.module.layer2.0.downsample.conv.weight (ndim=4)
	_orig_mod.module.layer2.1.conv1.weight (ndim=4)
	_orig_mod.module.layer2.1.conv2.weight (ndim=4)
	_orig_mod.module.layer2.1.conv3.weight (ndim=4)
	_orig_mod.module.layer2.2.conv1.weight (ndim=4)
	_orig_mod.module.layer2.2.conv2.weight (ndim=4)
	_orig_mod.module.layer2.2.conv3.weight (ndim=4)
	_orig_mod.module.layer2.3.conv1.weight (ndim=4)
	_orig_mod.module.layer2.3.conv2.weight (ndim=4)
	_orig_mod.module.layer2.3.conv3.weight (ndim=4)
	_orig_mod.module.layer3.0.conv1.weight (ndim=4)
	_orig_mod.module.layer3.0.conv2.weight (ndim=4)
	_orig_mod.module.layer3.0.conv3.weight (ndim=4)
	_orig_mod.module.layer3.0.downsample.conv.weight (ndim=4)
	_orig_mod.module.layer3.1.conv1.weight (ndim=4)
	_orig_mod.module.layer3.1.conv2.weight (ndim=4)
	_orig_mod.module.layer3.1.conv3.weight (ndim=4)
	_orig_mod.module.layer3.2.conv1.weight (ndim=4)
	_orig_mod.module.layer3.2.conv2.weight (ndim=4)
	_orig_mod.module.layer3.2.conv3.weight (ndim=4)
	_orig_mod.module.layer3.3.conv1.weight (ndim=4)
	_orig_mod.module.layer3.3.conv2.weight (ndim=4)
	_orig_mod.module.layer3.3.conv3.weight (ndim=4)
	_orig_mod.module.layer3.4.conv1.weight (ndim=4)
	_orig_mod.module.layer3.4.conv2.weight (ndim=4)
	_orig_mod.module.layer3.4.conv3.weight (ndim=4)
	_orig_mod.module.layer3.5.conv1.weight (ndim=4)
	_orig_mod.module.layer3.5.conv2.weight (ndim=4)
	_orig_mod.module.layer3.5.conv3.weight (ndim=4)
	_orig_mod.module.layer4.0.conv1.weight (ndim=4)
	_orig_mod.module.layer4.0.conv2.weight (ndim=4)
	_orig_mod.module.layer4.0.conv3.weight (ndim=4)
	_orig_mod.module.layer4.0.downsample.conv.weight (ndim=4)
	_orig_mod.module.layer4.1.conv1.weight (ndim=4)
	_orig_mod.module.layer4.1.conv2.weight (ndim=4)
	_orig_mod.module.layer4.1.conv3.weight (ndim=4)
	_orig_mod.module.layer4.2.conv1.weight (ndim=4)
	_orig_mod.module.layer4.2.conv2.weight (ndim=4)
	_orig_mod.module.layer4.2.conv3.weight (ndim=4)
	_orig_mod.module.fc.weight (ndim=2)
I0604 20:52:42.577603 140350652126400 muon.py:325] Adam params:
	_orig_mod.module.bn1.weight (ndim=1)
	_orig_mod.module.bn1.bias (ndim=1)
	_orig_mod.module.layer1.0.bn1.weight (ndim=1)
	_orig_mod.module.layer1.0.bn1.bias (ndim=1)
	_orig_mod.module.layer1.0.bn2.weight (ndim=1)
	_orig_mod.module.layer1.0.bn2.bias (ndim=1)
	_orig_mod.module.layer1.0.bn3.weight (ndim=1)
	_orig_mod.module.layer1.0.bn3.bias (ndim=1)
	_orig_mod.module.layer1.0.downsample.bn.weight (ndim=1)
	_orig_mod.module.layer1.0.downsample.bn.bias (ndim=1)
	_orig_mod.module.layer1.1.bn1.weight (ndim=1)
	_orig_mod.module.layer1.1.bn1.bias (ndim=1)
	_orig_mod.module.layer1.1.bn2.weight (ndim=1)
	_orig_mod.module.layer1.1.bn2.bias (ndim=1)
	_orig_mod.module.layer1.1.bn3.weight (ndim=1)
	_orig_mod.module.layer1.1.bn3.bias (ndim=1)
	_orig_mod.module.layer1.2.bn1.weight (ndim=1)
	_orig_mod.module.layer1.2.bn1.bias (ndim=1)
	_orig_mod.module.layer1.2.bn2.weight (ndim=1)
	_orig_mod.module.layer1.2.bn2.bias (ndim=1)
	_orig_mod.module.layer1.2.bn3.weight (ndim=1)
	_orig_mod.module.layer1.2.bn3.bias (ndim=1)
	_orig_mod.module.layer2.0.bn1.weight (ndim=1)
	_orig_mod.module.layer2.0.bn1.bias (ndim=1)
	_orig_mod.module.layer2.0.bn2.weight (ndim=1)
	_orig_mod.module.layer2.0.bn2.bias (ndim=1)
	_orig_mod.module.layer2.0.bn3.weight (ndim=1)
	_orig_mod.module.layer2.0.bn3.bias (ndim=1)
	_orig_mod.module.layer2.0.downsample.bn.weight (ndim=1)
	_orig_mod.module.layer2.0.downsample.bn.bias (ndim=1)
	_orig_mod.module.layer2.1.bn1.weight (ndim=1)
	_orig_mod.module.layer2.1.bn1.bias (ndim=1)
	_orig_mod.module.layer2.1.bn2.weight (ndim=1)
	_orig_mod.module.layer2.1.bn2.bias (ndim=1)
	_orig_mod.module.layer2.1.bn3.weight (ndim=1)
	_orig_mod.module.layer2.1.bn3.bias (ndim=1)
	_orig_mod.module.layer2.2.bn1.weight (ndim=1)
	_orig_mod.module.layer2.2.bn1.bias (ndim=1)
	_orig_mod.module.layer2.2.bn2.weight (ndim=1)
	_orig_mod.module.layer2.2.bn2.bias (ndim=1)
	_orig_mod.module.layer2.2.bn3.weight (ndim=1)
	_orig_mod.module.layer2.2.bn3.bias (ndim=1)
	_orig_mod.module.layer2.3.bn1.weight (ndim=1)
	_orig_mod.module.layer2.3.bn1.bias (ndim=1)
	_orig_mod.module.layer2.3.bn2.weight (ndim=1)
	_orig_mod.module.layer2.3.bn2.bias (ndim=1)
	_orig_mod.module.layer2.3.bn3.weight (ndim=1)
	_orig_mod.module.layer2.3.bn3.bias (ndim=1)
	_orig_mod.module.layer3.0.bn1.weight (ndim=1)
	_orig_mod.module.layer3.0.bn1.bias (ndim=1)
	_orig_mod.module.layer3.0.bn2.weight (ndim=1)
	_orig_mod.module.layer3.0.bn2.bias (ndim=1)
	_orig_mod.module.layer3.0.bn3.weight (ndim=1)
	_orig_mod.module.layer3.0.bn3.bias (ndim=1)
	_orig_mod.module.layer3.0.downsample.bn.weight (ndim=1)
	_orig_mod.module.layer3.0.downsample.bn.bias (ndim=1)
	_orig_mod.module.layer3.1.bn1.weight (ndim=1)
	_orig_mod.module.layer3.1.bn1.bias (ndim=1)
	_orig_mod.module.layer3.1.bn2.weight (ndim=1)
	_orig_mod.module.layer3.1.bn2.bias (ndim=1)
	_orig_mod.module.layer3.1.bn3.weight (ndim=1)
	_orig_mod.module.layer3.1.bn3.bias (ndim=1)
	_orig_mod.module.layer3.2.bn1.weight (ndim=1)
	_orig_mod.module.layer3.2.bn1.bias (ndim=1)
	_orig_mod.module.layer3.2.bn2.weight (ndim=1)
	_orig_mod.module.layer3.2.bn2.bias (ndim=1)
	_orig_mod.module.layer3.2.bn3.weight (ndim=1)
	_orig_mod.module.layer3.2.bn3.bias (ndim=1)
	_orig_mod.module.layer3.3.bn1.weight (ndim=1)
	_orig_mod.module.layer3.3.bn1.bias (ndim=1)
	_orig_mod.module.layer3.3.bn2.weight (ndim=1)
	_orig_mod.module.layer3.3.bn2.bias (ndim=1)
	_orig_mod.module.layer3.3.bn3.weight (ndim=1)
	_orig_mod.module.layer3.3.bn3.bias (ndim=1)
	_orig_mod.module.layer3.4.bn1.weight (ndim=1)
	_orig_mod.module.layer3.4.bn1.bias (ndim=1)
	_orig_mod.module.layer3.4.bn2.weight (ndim=1)
	_orig_mod.module.layer3.4.bn2.bias (ndim=1)
	_orig_mod.module.layer3.4.bn3.weight (ndim=1)
	_orig_mod.module.layer3.4.bn3.bias (ndim=1)
	_orig_mod.module.layer3.5.bn1.weight (ndim=1)
	_orig_mod.module.layer3.5.bn1.bias (ndim=1)
	_orig_mod.module.layer3.5.bn2.weight (ndim=1)
	_orig_mod.module.layer3.5.bn2.bias (ndim=1)
	_orig_mod.module.layer3.5.bn3.weight (ndim=1)
	_orig_mod.module.layer3.5.bn3.bias (ndim=1)
	_orig_mod.module.layer4.0.bn1.weight (ndim=1)
	_orig_mod.module.layer4.0.bn1.bias (ndim=1)
	_orig_mod.module.layer4.0.bn2.weight (ndim=1)
	_orig_mod.module.layer4.0.bn2.bias (ndim=1)
	_orig_mod.module.layer4.0.bn3.weight (ndim=1)
	_orig_mod.module.layer4.0.bn3.bias (ndim=1)
	_orig_mod.module.layer4.0.downsample.bn.weight (ndim=1)
	_orig_mod.module.layer4.0.downsample.bn.bias (ndim=1)
	_orig_mod.module.layer4.1.bn1.weight (ndim=1)
	_orig_mod.module.layer4.1.bn1.bias (ndim=1)
	_orig_mod.module.layer4.1.bn2.weight (ndim=1)
	_orig_mod.module.layer4.1.bn2.bias (ndim=1)
	_orig_mod.module.layer4.1.bn3.weight (ndim=1)
	_orig_mod.module.layer4.1.bn3.bias (ndim=1)
	_orig_mod.module.layer4.2.bn1.weight (ndim=1)
	_orig_mod.module.layer4.2.bn1.bias (ndim=1)
	_orig_mod.module.layer4.2.bn2.weight (ndim=1)
	_orig_mod.module.layer4.2.bn2.bias (ndim=1)
	_orig_mod.module.layer4.2.bn3.weight (ndim=1)
	_orig_mod.module.layer4.2.bn3.bias (ndim=1)
	_orig_mod.module.fc.bias (ndim=1)
I0604 20:52:42.577737 139999481590976 submission_runner.py:299] Initializing metrics bundle.
I0604 20:52:42.577900 139999481590976 submission_runner.py:321] Initializing checkpoint and logger.
I0604 20:52:42.579860 139999481590976 submission_runner.py:344] Saving meta data to /experiment_runs/submissions_a100/muon_torch_jax_hps_lr_fix/study_0/imagenet_resnet_pytorch/trial_1/meta_data_0.json.
I0604 20:52:42.833379 139999481590976 submission_runner.py:348] Saving flags to /experiment_runs/submissions_a100/muon_torch_jax_hps_lr_fix/study_0/imagenet_resnet_pytorch/trial_1/flags_0.json.
I0604 20:52:42.869997 139999481590976 submission_runner.py:359] Starting training loop.
/usr/local/lib/python3.11/multiprocessing/popen_fork.py:66: RuntimeWarning: os.fork() was called. os.fork() is incompatible with multithreaded code, and JAX is multithreaded, so this will likely lead to a deadlock.
  self.pid = os.fork()
/usr/local/lib/python3.11/multiprocessing/popen_fork.py:66: RuntimeWarning: os.fork() was called. os.fork() is incompatible with multithreaded code, and JAX is multithreaded, so this will likely lead to a deadlock.
  self.pid = os.fork()
/usr/local/lib/python3.11/multiprocessing/popen_fork.py:66: RuntimeWarning: os.fork() was called. os.fork() is incompatible with multithreaded code, and JAX is multithreaded, so this will likely lead to a deadlock.
  self.pid = os.fork()
/usr/local/lib/python3.11/multiprocessing/popen_fork.py:66: RuntimeWarning: os.fork() was called. os.fork() is incompatible with multithreaded code, and JAX is multithreaded, so this will likely lead to a deadlock.
  self.pid = os.fork()
[rank3]:W0604 20:53:11.494000 41 site-packages/torch/_logging/_internal.py:1199] [0/0] Profiler function <class 'torch.autograd.profiler.record_function'> will be ignored
[rank2]:W0604 20:53:12.309000 40 site-packages/torch/_logging/_internal.py:1199] [0/0] Profiler function <class 'torch.autograd.profiler.record_function'> will be ignored
[rank0]:W0604 20:53:12.864000 38 site-packages/torch/_logging/_internal.py:1199] [0/0] Profiler function <class 'torch.autograd.profiler.record_function'> will be ignored
[rank1]:W0604 20:53:13.711000 39 site-packages/torch/_logging/_internal.py:1199] [0/0] Profiler function <class 'torch.autograd.profiler.record_function'> will be ignored
I0604 20:55:22.532695 139999481590976 spec.py:333] Evaluating on the training split.
/usr/local/lib/python3.11/site-packages/torch/distributed/distributed_c10d.py:4876: UserWarning: barrier(): using the device under current context. You can specify `device_id` in `init_process_group` to mute this warning.
  warnings.warn(  # warn only once
/usr/local/lib/python3.11/multiprocessing/popen_fork.py:66: RuntimeWarning: os.fork() was called. os.fork() is incompatible with multithreaded code, and JAX is multithreaded, so this will likely lead to a deadlock.
  self.pid = os.fork()
/usr/local/lib/python3.11/multiprocessing/popen_fork.py:66: RuntimeWarning: os.fork() was called. os.fork() is incompatible with multithreaded code, and JAX is multithreaded, so this will likely lead to a deadlock.
  self.pid = os.fork()
/usr/local/lib/python3.11/multiprocessing/popen_fork.py:66: RuntimeWarning: os.fork() was called. os.fork() is incompatible with multithreaded code, and JAX is multithreaded, so this will likely lead to a deadlock.
  self.pid = os.fork()
/usr/local/lib/python3.11/multiprocessing/popen_fork.py:66: RuntimeWarning: os.fork() was called. os.fork() is incompatible with multithreaded code, and JAX is multithreaded, so this will likely lead to a deadlock.
  self.pid = os.fork()
I0604 20:56:42.590278 139999481590976 spec.py:346] Evaluating on the validation split.
/usr/local/lib/python3.11/site-packages/torch/distributed/distributed_c10d.py:4876: UserWarning: barrier(): using the device under current context. You can specify `device_id` in `init_process_group` to mute this warning.
  warnings.warn(  # warn only once
/usr/local/lib/python3.11/multiprocessing/popen_fork.py:66: RuntimeWarning: os.fork() was called. os.fork() is incompatible with multithreaded code, and JAX is multithreaded, so this will likely lead to a deadlock.
  self.pid = os.fork()
/usr/local/lib/python3.11/multiprocessing/popen_fork.py:66: RuntimeWarning: os.fork() was called. os.fork() is incompatible with multithreaded code, and JAX is multithreaded, so this will likely lead to a deadlock.
  self.pid = os.fork()
/usr/local/lib/python3.11/multiprocessing/popen_fork.py:66: RuntimeWarning: os.fork() was called. os.fork() is incompatible with multithreaded code, and JAX is multithreaded, so this will likely lead to a deadlock.
  self.pid = os.fork()
/usr/local/lib/python3.11/multiprocessing/popen_fork.py:66: RuntimeWarning: os.fork() was called. os.fork() is incompatible with multithreaded code, and JAX is multithreaded, so this will likely lead to a deadlock.
  self.pid = os.fork()
I0604 20:58:09.506904 139999481590976 spec.py:363] Evaluating on the test split.
I0604 20:58:09.743135 139999481590976 dataset_info.py:707] Load dataset info from /data/imagenet/pytorch/imagenet_v2/matched-frequency/3.0.0
I0604 20:58:09.796696 139999481590976 reader.py:262] Creating a tf.data.Dataset reading 16 files located in folders: /data/imagenet/pytorch/imagenet_v2/matched-frequency/3.0.0.
I0604 20:58:09.866028 139999481590976 logging_logger.py:49] Constructing tf.data.Dataset imagenet_v2 for split test, from /data/imagenet/pytorch/imagenet_v2/matched-frequency/3.0.0
I0604 20:58:36.543250 139999481590976 submission_runner.py:516] Time since start: 353.67s, 	Step: 1, 	{'train/accuracy': 0.0009964923469387755, 'train/loss': 6.910279565927934, 'validation/accuracy': 0.0005, 'validation/loss': 6.9131, 'validation/num_examples': 50000, 'test/accuracy': 0.0006, 'test/loss': 6.9110390625, 'test/num_examples': 10000, 'score': 158.8968687057495, 'total_duration': 353.67333936691284, 'accumulated_submission_time': 158.8968687057495, 'accumulated_eval_time': 194.01068329811096, 'accumulated_logging_time': 0}
I0604 20:58:36.566366 139946207622912 logging_writer.py:48] [1] accumulated_eval_time=194.011, accumulated_logging_time=0, accumulated_submission_time=158.897, global_step=1, preemption_count=0, score=158.897, test/accuracy=0.0006, test/loss=6.91104, test/num_examples=10000, total_duration=353.673, train/accuracy=0.000996492, train/loss=6.91028, validation/accuracy=0.0005, validation/loss=6.9131, validation/num_examples=50000
[rank1]: Traceback (most recent call last):
[rank1]:   File "/algorithmic-efficiency/submission_runner.py", line 873, in <module>
[rank1]:     app.run(main)
[rank1]:   File "/usr/local/lib/python3.11/site-packages/absl/app.py", line 308, in run
[rank1]:     _run_main(main, args)
[rank1]:   File "/usr/local/lib/python3.11/site-packages/absl/app.py", line 254, in _run_main
[rank1]:     sys.exit(main(argv))
[rank1]:              ^^^^^^^^^^
[rank1]:   File "/algorithmic-efficiency/submission_runner.py", line 838, in main
[rank1]:     score = score_submission_on_workload(
[rank1]:             ^^^^^^^^^^^^^^^^^^^^^^^^^^^^^
[rank1]:   File "/algorithmic-efficiency/submission_runner.py", line 747, in score_submission_on_workload
[rank1]:     score, _ = train_once(
[rank1]:                ^^^^^^^^^^^
[rank1]:   File "/algorithmic-efficiency/submission_runner.py", line 387, in train_once
[rank1]:     optimizer_state, model_params, model_state = update_params(
[rank1]:                                                  ^^^^^^^^^^^^^^
[rank1]:   File "/algorithmic-efficiency/submissions_algorithms/submissions/self_tuning/muon_torch_jax_hps_lr_fix/submission.py", line 150, in update_params
[rank1]:     logits_batch, new_model_state = workload.model_fn(
[rank1]:                                     ^^^^^^^^^^^^^^^^^^
[rank1]:   File "/algorithmic-efficiency/algoperf/workloads/imagenet_resnet/imagenet_pytorch/workload.py", line 335, in model_fn
[rank1]:     logits_batch = model(augmented_and_preprocessed_input_batch['inputs'])
[rank1]:                    ^^^^^^^^^^^^^^^^^^^^^^^^^^^^^^^^^^^^^^^^^^^^^^^^^^^^^^^
[rank1]:   File "/usr/local/lib/python3.11/site-packages/torch/_dynamo/eval_frame.py", line 414, in __call__
[rank1]:     return super().__call__(*args, **kwargs)
[rank1]:            ^^^^^^^^^^^^^^^^^^^^^^^^^^^^^^^^^
[rank1]:   File "/usr/local/lib/python3.11/site-packages/torch/nn/modules/module.py", line 1775, in _wrapped_call_impl
[rank1]:     return self._call_impl(*args, **kwargs)
[rank1]:            ^^^^^^^^^^^^^^^^^^^^^^^^^^^^^^^^
[rank1]:   File "/usr/local/lib/python3.11/site-packages/torch/nn/modules/module.py", line 1786, in _call_impl
[rank1]:     return forward_call(*args, **kwargs)
[rank1]:            ^^^^^^^^^^^^^^^^^^^^^^^^^^^^^
[rank1]:   File "/usr/local/lib/python3.11/site-packages/torch/_dynamo/eval_frame.py", line 832, in compile_wrapper
[rank1]:     return fn(*args, **kwargs)
[rank1]:            ^^^^^^^^^^^^^^^^^^^
[rank1]:   File "/usr/local/lib/python3.11/site-packages/torch/_dynamo/external_utils.py", line 68, in inner
[rank1]:     return fn(*args, **kwargs)
[rank1]:            ^^^^^^^^^^^^^^^^^^^
[rank1]:   File "/usr/local/lib/python3.11/site-packages/torch/nn/modules/module.py", line 1775, in _wrapped_call_impl
[rank1]:     return self._call_impl(*args, **kwargs)
[rank1]:            ^^^^^^^^^^^^^^^^^^^^^^^^^^^^^^^^
[rank1]:   File "/usr/local/lib/python3.11/site-packages/torch/nn/modules/module.py", line 1786, in _call_impl
[rank1]:     return forward_call(*args, **kwargs)
[rank1]:            ^^^^^^^^^^^^^^^^^^^^^^^^^^^^^
[rank1]:   File "/usr/local/lib/python3.11/site-packages/torch/nn/parallel/distributed.py", line 1661, in forward
[rank1]:     else self._run_ddp_forward(*inputs, **kwargs)
[rank1]:          ^^^^^^^^^^^^^^^^^^^^^^^^^^^^^^^^^^^^^^^^
[rank1]:   File "/usr/local/lib/python3.11/site-packages/torch/nn/parallel/distributed.py", line 1487, in _run_ddp_forward
[rank1]:     return self.module(*inputs, **kwargs)  # type: ignore[index]
[rank1]:            ^^^^^^^^^^^^^^^^^^^^^^^^^^^^^^
[rank1]:   File "/usr/local/lib/python3.11/site-packages/torch/nn/modules/module.py", line 1775, in _wrapped_call_impl
[rank1]:     return self._call_impl(*args, **kwargs)
[rank1]:            ^^^^^^^^^^^^^^^^^^^^^^^^^^^^^^^^
[rank1]:   File "/usr/local/lib/python3.11/site-packages/torch/nn/modules/module.py", line 1786, in _call_impl
[rank1]:     return forward_call(*args, **kwargs)
[rank1]:            ^^^^^^^^^^^^^^^^^^^^^^^^^^^^^
[rank1]:   File "/algorithmic-efficiency/algoperf/workloads/imagenet_resnet/imagenet_pytorch/models.py", line 295, in forward
[rank1]:     def forward(self, x: spec.Tensor) -> spec.Tensor:
[rank1]:   File "/usr/local/lib/python3.11/site-packages/torch/_dynamo/eval_frame.py", line 414, in __call__
[rank1]:     return super().__call__(*args, **kwargs)
[rank1]:            ^^^^^^^^^^^^^^^^^^^^^^^^^^^^^^^^^
[rank1]:   File "/usr/local/lib/python3.11/site-packages/torch/nn/modules/module.py", line 1775, in _wrapped_call_impl
[rank1]:     return self._call_impl(*args, **kwargs)
[rank1]:            ^^^^^^^^^^^^^^^^^^^^^^^^^^^^^^^^
[rank1]:   File "/usr/local/lib/python3.11/site-packages/torch/nn/modules/module.py", line 1786, in _call_impl
[rank1]:     return forward_call(*args, **kwargs)
[rank1]:            ^^^^^^^^^^^^^^^^^^^^^^^^^^^^^
[rank1]:   File "/usr/local/lib/python3.11/site-packages/torch/_dynamo/eval_frame.py", line 1044, in _fn
[rank1]:     return fn(*args, **kwargs)
[rank1]:            ^^^^^^^^^^^^^^^^^^^
[rank1]:   File "/usr/local/lib/python3.11/site-packages/torch/fx/graph_module.py", line 837, in call_wrapped
[rank1]:     return self._wrapped_call(self, *args, **kwargs)
[rank1]:            ^^^^^^^^^^^^^^^^^^^^^^^^^^^^^^^^^^^^^^^^^
[rank1]:   File "/usr/local/lib/python3.11/site-packages/torch/fx/graph_module.py", line 413, in __call__
[rank1]:     raise e
[rank1]:   File "/usr/local/lib/python3.11/site-packages/torch/fx/graph_module.py", line 400, in __call__
[rank1]:     return super(self.cls, obj).__call__(*args, **kwargs)  # type: ignore[misc]
[rank1]:            ^^^^^^^^^^^^^^^^^^^^^^^^^^^^^^^^^^^^^^^^^^^^^^
[rank1]:   File "/usr/local/lib/python3.11/site-packages/torch/nn/modules/module.py", line 1775, in _wrapped_call_impl
[rank1]:     return self._call_impl(*args, **kwargs)
[rank1]:            ^^^^^^^^^^^^^^^^^^^^^^^^^^^^^^^^
[rank1]:   File "/usr/local/lib/python3.11/site-packages/torch/nn/modules/module.py", line 1786, in _call_impl
[rank1]:     return forward_call(*args, **kwargs)
[rank1]:            ^^^^^^^^^^^^^^^^^^^^^^^^^^^^^
[rank1]:   File "<eval_with_key>.62", line 326, in forward
[rank1]:   File "/usr/local/lib/python3.11/site-packages/torch/nn/modules/module.py", line 1775, in _wrapped_call_impl
[rank1]:     return self._call_impl(*args, **kwargs)
[rank1]:            ^^^^^^^^^^^^^^^^^^^^^^^^^^^^^^^^
[rank1]:   File "/usr/local/lib/python3.11/site-packages/torch/nn/modules/module.py", line 1786, in _call_impl
[rank1]:     return forward_call(*args, **kwargs)
[rank1]:            ^^^^^^^^^^^^^^^^^^^^^^^^^^^^^
[rank1]:   File "/usr/local/lib/python3.11/site-packages/torch/_dynamo/backends/distributed.py", line 213, in forward
[rank1]:     x = self.submod(*args)
[rank1]:         ^^^^^^^^^^^^^^^^^^
[rank1]:   File "/usr/local/lib/python3.11/site-packages/torch/_dynamo/eval_frame.py", line 1044, in _fn
[rank1]:     return fn(*args, **kwargs)
[rank1]:            ^^^^^^^^^^^^^^^^^^^
[rank1]:   File "/usr/local/lib/python3.11/site-packages/torch/_functorch/aot_autograd.py", line 1130, in forward
[rank1]:     return compiled_fn(full_args)
[rank1]:            ^^^^^^^^^^^^^^^^^^^^^^
[rank1]:   File "/usr/local/lib/python3.11/site-packages/torch/_functorch/_aot_autograd/runtime_wrappers.py", line 339, in runtime_wrapper
[rank1]:     all_outs = call_func_at_runtime_with_args(
[rank1]:                ^^^^^^^^^^^^^^^^^^^^^^^^^^^^^^^
[rank1]:   File "/usr/local/lib/python3.11/site-packages/torch/_functorch/_aot_autograd/utils.py", line 129, in call_func_at_runtime_with_args
[rank1]:     out = normalize_as_list(f(args))
[rank1]:                             ^^^^^^^
[rank1]:   File "/usr/local/lib/python3.11/site-packages/torch/_functorch/_aot_autograd/utils.py", line 103, in g
[rank1]:     return f(*args)
[rank1]:            ^^^^^^^^
[rank1]:   File "/usr/local/lib/python3.11/site-packages/torch/autograd/function.py", line 581, in apply
[rank1]:     return super().apply(*args, **kwargs)  # type: ignore[misc]
[rank1]:            ^^^^^^^^^^^^^^^^^^^^^^^^^^^^^^
[rank1]:   File "/usr/local/lib/python3.11/site-packages/torch/_functorch/_aot_autograd/runtime_wrappers.py", line 2118, in forward
[rank1]:     fw_outs = call_func_at_runtime_with_args(
[rank1]:               ^^^^^^^^^^^^^^^^^^^^^^^^^^^^^^^
[rank1]:   File "/usr/local/lib/python3.11/site-packages/torch/_functorch/_aot_autograd/utils.py", line 129, in call_func_at_runtime_with_args
[rank1]:     out = normalize_as_list(f(args))
[rank1]:                             ^^^^^^^
[rank1]:   File "/usr/local/lib/python3.11/site-packages/torch/_functorch/_aot_autograd/runtime_wrappers.py", line 629, in wrapper
[rank1]:     return compiled_fn(runtime_args)
[rank1]:            ^^^^^^^^^^^^^^^^^^^^^^^^^
[rank1]:   File "/usr/local/lib/python3.11/site-packages/torch/_functorch/_aot_autograd/runtime_wrappers.py", line 526, in wrapper
[rank1]:     return compiled_fn(runtime_args)
[rank1]:            ^^^^^^^^^^^^^^^^^^^^^^^^^
[rank1]:   File "/usr/local/lib/python3.11/site-packages/torch/_functorch/_aot_autograd/runtime_wrappers.py", line 724, in inner_fn
[rank1]:     outs = compiled_fn(args)
[rank1]:            ^^^^^^^^^^^^^^^^^
[rank1]:   File "/usr/local/lib/python3.11/site-packages/torch/_inductor/output_code.py", line 613, in __call__
[rank1]:     return self.current_callable(inputs)
[rank1]:            ^^^^^^^^^^^^^^^^^^^^^^^^^^^^^
[rank1]:   File "/usr/local/lib/python3.11/site-packages/torch/_inductor/utils.py", line 2962, in run
[rank1]:     out = model(new_inputs)
[rank1]:           ^^^^^^^^^^^^^^^^^
[rank1]:   File "/tmp/torchinductor_root/7l/c7l7t3iqoq4oz55nwu5q6qyqbr5tgrupliqzoikkm5nbxvls4xjo.py", line 3767, in call
[rank1]:     buf83 = empty_strided_cuda((256, 64, 56, 56), (200704, 1, 3584, 64), torch.float32)
[rank1]:             ^^^^^^^^^^^^^^^^^^^^^^^^^^^^^^^^^^^^^^^^^^^^^^^^^^^^^^^^^^^^^^^^^^^^^^^^^^^
[rank1]: torch.OutOfMemoryError: CUDA out of memory. Tried to allocate 196.00 MiB. GPU 1 has a total capacity of 39.38 GiB of which 51.81 MiB is free. Including non-PyTorch memory, this process has 0 bytes memory in use. Of the allocated memory 5.94 GiB is allocated by PyTorch, and 79.09 MiB is reserved by PyTorch but unallocated. If reserved but unallocated memory is large try setting PYTORCH_CUDA_ALLOC_CONF=expandable_segments:True to avoid fragmentation.  See documentation for Memory Management  (https://pytorch.org/docs/stable/notes/cuda.html#environment-variables)
[rank0]: Traceback (most recent call last):
[rank0]:   File "/algorithmic-efficiency/submission_runner.py", line 873, in <module>
[rank0]:     app.run(main)
[rank0]:   File "/usr/local/lib/python3.11/site-packages/absl/app.py", line 308, in run
[rank0]:     _run_main(main, args)
[rank0]:   File "/usr/local/lib/python3.11/site-packages/absl/app.py", line 254, in _run_main
[rank0]:     sys.exit(main(argv))
[rank0]:              ^^^^^^^^^^
[rank0]:   File "/algorithmic-efficiency/submission_runner.py", line 838, in main
[rank0]:     score = score_submission_on_workload(
[rank0]:             ^^^^^^^^^^^^^^^^^^^^^^^^^^^^^
[rank0]:   File "/algorithmic-efficiency/submission_runner.py", line 747, in score_submission_on_workload
[rank0]:     score, _ = train_once(
[rank0]:                ^^^^^^^^^^^
[rank0]:   File "/algorithmic-efficiency/submission_runner.py", line 387, in train_once
[rank0]:     optimizer_state, model_params, model_state = update_params(
[rank0]:                                                  ^^^^^^^^^^^^^^
[rank0]:   File "/algorithmic-efficiency/submissions_algorithms/submissions/self_tuning/muon_torch_jax_hps_lr_fix/submission.py", line 150, in update_params
[rank0]:     logits_batch, new_model_state = workload.model_fn(
[rank0]:                                     ^^^^^^^^^^^^^^^^^^
[rank0]:   File "/algorithmic-efficiency/algoperf/workloads/imagenet_resnet/imagenet_pytorch/workload.py", line 335, in model_fn
[rank0]:     logits_batch = model(augmented_and_preprocessed_input_batch['inputs'])
[rank0]:                    ^^^^^^^^^^^^^^^^^^^^^^^^^^^^^^^^^^^^^^^^^^^^^^^^^^^^^^^
[rank0]:   File "/usr/local/lib/python3.11/site-packages/torch/_dynamo/eval_frame.py", line 414, in __call__
[rank0]:     return super().__call__(*args, **kwargs)
[rank0]:            ^^^^^^^^^^^^^^^^^^^^^^^^^^^^^^^^^
[rank0]:   File "/usr/local/lib/python3.11/site-packages/torch/nn/modules/module.py", line 1775, in _wrapped_call_impl
[rank0]:     return self._call_impl(*args, **kwargs)
[rank0]:            ^^^^^^^^^^^^^^^^^^^^^^^^^^^^^^^^
[rank0]:   File "/usr/local/lib/python3.11/site-packages/torch/nn/modules/module.py", line 1786, in _call_impl
[rank0]:     return forward_call(*args, **kwargs)
[rank0]:            ^^^^^^^^^^^^^^^^^^^^^^^^^^^^^
[rank0]:   File "/usr/local/lib/python3.11/site-packages/torch/_dynamo/eval_frame.py", line 832, in compile_wrapper
[rank0]:     return fn(*args, **kwargs)
[rank0]:            ^^^^^^^^^^^^^^^^^^^
[rank0]:   File "/usr/local/lib/python3.11/site-packages/torch/_dynamo/external_utils.py", line 68, in inner
[rank0]:     return fn(*args, **kwargs)
[rank0]:            ^^^^^^^^^^^^^^^^^^^
[rank0]:   File "/usr/local/lib/python3.11/site-packages/torch/nn/modules/module.py", line 1775, in _wrapped_call_impl
[rank0]:     return self._call_impl(*args, **kwargs)
[rank0]:            ^^^^^^^^^^^^^^^^^^^^^^^^^^^^^^^^
[rank0]:   File "/usr/local/lib/python3.11/site-packages/torch/nn/modules/module.py", line 1786, in _call_impl
[rank0]:     return forward_call(*args, **kwargs)
[rank0]:            ^^^^^^^^^^^^^^^^^^^^^^^^^^^^^
[rank0]:   File "/usr/local/lib/python3.11/site-packages/torch/nn/parallel/distributed.py", line 1661, in forward
[rank0]:     else self._run_ddp_forward(*inputs, **kwargs)
[rank0]:          ^^^^^^^^^^^^^^^^^^^^^^^^^^^^^^^^^^^^^^^^
[rank0]:   File "/usr/local/lib/python3.11/site-packages/torch/nn/parallel/distributed.py", line 1487, in _run_ddp_forward
[rank0]:     return self.module(*inputs, **kwargs)  # type: ignore[index]
[rank0]:            ^^^^^^^^^^^^^^^^^^^^^^^^^^^^^^
[rank0]:   File "/usr/local/lib/python3.11/site-packages/torch/nn/modules/module.py", line 1775, in _wrapped_call_impl
[rank0]:     return self._call_impl(*args, **kwargs)
[rank0]:            ^^^^^^^^^^^^^^^^^^^^^^^^^^^^^^^^
[rank0]:   File "/usr/local/lib/python3.11/site-packages/torch/nn/modules/module.py", line 1786, in _call_impl
[rank0]:     return forward_call(*args, **kwargs)
[rank0]:            ^^^^^^^^^^^^^^^^^^^^^^^^^^^^^
[rank0]:   File "/algorithmic-efficiency/algoperf/workloads/imagenet_resnet/imagenet_pytorch/models.py", line 295, in forward
[rank0]:     def forward(self, x: spec.Tensor) -> spec.Tensor:
[rank0]:   File "/usr/local/lib/python3.11/site-packages/torch/_dynamo/eval_frame.py", line 414, in __call__
[rank0]:     return super().__call__(*args, **kwargs)
[rank0]:            ^^^^^^^^^^^^^^^^^^^^^^^^^^^^^^^^^
[rank0]:   File "/usr/local/lib/python3.11/site-packages/torch/nn/modules/module.py", line 1775, in _wrapped_call_impl
[rank0]:     return self._call_impl(*args, **kwargs)
[rank0]:            ^^^^^^^^^^^^^^^^^^^^^^^^^^^^^^^^
[rank0]:   File "/usr/local/lib/python3.11/site-packages/torch/nn/modules/module.py", line 1786, in _call_impl
[rank0]:     return forward_call(*args, **kwargs)
[rank0]:            ^^^^^^^^^^^^^^^^^^^^^^^^^^^^^
[rank0]:   File "/usr/local/lib/python3.11/site-packages/torch/_dynamo/eval_frame.py", line 1044, in _fn
[rank0]:     return fn(*args, **kwargs)
[rank0]:            ^^^^^^^^^^^^^^^^^^^
[rank0]:   File "/usr/local/lib/python3.11/site-packages/torch/fx/graph_module.py", line 837, in call_wrapped
[rank0]:     return self._wrapped_call(self, *args, **kwargs)
[rank0]:            ^^^^^^^^^^^^^^^^^^^^^^^^^^^^^^^^^^^^^^^^^
[rank0]:   File "/usr/local/lib/python3.11/site-packages/torch/fx/graph_module.py", line 413, in __call__
[rank0]:     raise e
[rank0]:   File "/usr/local/lib/python3.11/site-packages/torch/fx/graph_module.py", line 400, in __call__
[rank0]:     return super(self.cls, obj).__call__(*args, **kwargs)  # type: ignore[misc]
[rank0]:            ^^^^^^^^^^^^^^^^^^^^^^^^^^^^^^^^^^^^^^^^^^^^^^
[rank0]:   File "/usr/local/lib/python3.11/site-packages/torch/nn/modules/module.py", line 1775, in _wrapped_call_impl
[rank0]:     return self._call_impl(*args, **kwargs)
[rank0]:            ^^^^^^^^^^^^^^^^^^^^^^^^^^^^^^^^
[rank0]:   File "/usr/local/lib/python3.11/site-packages/torch/nn/modules/module.py", line 1786, in _call_impl
[rank0]:     return forward_call(*args, **kwargs)
[rank0]:            ^^^^^^^^^^^^^^^^^^^^^^^^^^^^^
[rank0]:   File "<eval_with_key>.62", line 326, in forward
[rank0]:   File "/usr/local/lib/python3.11/site-packages/torch/nn/modules/module.py", line 1775, in _wrapped_call_impl
[rank0]:     return self._call_impl(*args, **kwargs)
[rank0]:            ^^^^^^^^^^^^^^^^^^^^^^^^^^^^^^^^
[rank0]:   File "/usr/local/lib/python3.11/site-packages/torch/nn/modules/module.py", line 1786, in _call_impl
[rank0]:     return forward_call(*args, **kwargs)
[rank0]:            ^^^^^^^^^^^^^^^^^^^^^^^^^^^^^
[rank0]:   File "/usr/local/lib/python3.11/site-packages/torch/_dynamo/backends/distributed.py", line 213, in forward
[rank0]:     x = self.submod(*args)
[rank0]:         ^^^^^^^^^^^^^^^^^^
[rank0]:   File "/usr/local/lib/python3.11/site-packages/torch/_dynamo/eval_frame.py", line 1044, in _fn
[rank0]:     return fn(*args, **kwargs)
[rank0]:            ^^^^^^^^^^^^^^^^^^^
[rank0]:   File "/usr/local/lib/python3.11/site-packages/torch/_functorch/aot_autograd.py", line 1130, in forward
[rank0]:     return compiled_fn(full_args)
[rank0]:            ^^^^^^^^^^^^^^^^^^^^^^
[rank0]:   File "/usr/local/lib/python3.11/site-packages/torch/_functorch/_aot_autograd/runtime_wrappers.py", line 339, in runtime_wrapper
[rank0]:     all_outs = call_func_at_runtime_with_args(
[rank0]:                ^^^^^^^^^^^^^^^^^^^^^^^^^^^^^^^
[rank0]:   File "/usr/local/lib/python3.11/site-packages/torch/_functorch/_aot_autograd/utils.py", line 129, in call_func_at_runtime_with_args
[rank0]:     out = normalize_as_list(f(args))
[rank0]:                             ^^^^^^^
[rank0]:   File "/usr/local/lib/python3.11/site-packages/torch/_functorch/_aot_autograd/utils.py", line 103, in g
[rank0]:     return f(*args)
[rank0]:            ^^^^^^^^
[rank0]:   File "/usr/local/lib/python3.11/site-packages/torch/autograd/function.py", line 581, in apply
[rank0]:     return super().apply(*args, **kwargs)  # type: ignore[misc]
[rank0]:            ^^^^^^^^^^^^^^^^^^^^^^^^^^^^^^
[rank0]:   File "/usr/local/lib/python3.11/site-packages/torch/_functorch/_aot_autograd/runtime_wrappers.py", line 2118, in forward
[rank0]:     fw_outs = call_func_at_runtime_with_args(
[rank0]:               ^^^^^^^^^^^^^^^^^^^^^^^^^^^^^^^
[rank0]:   File "/usr/local/lib/python3.11/site-packages/torch/_functorch/_aot_autograd/utils.py", line 129, in call_func_at_runtime_with_args
[rank0]:     out = normalize_as_list(f(args))
[rank0]:                             ^^^^^^^
[rank0]:   File "/usr/local/lib/python3.11/site-packages/torch/_functorch/_aot_autograd/runtime_wrappers.py", line 629, in wrapper
[rank0]:     return compiled_fn(runtime_args)
[rank0]:            ^^^^^^^^^^^^^^^^^^^^^^^^^
[rank0]:   File "/usr/local/lib/python3.11/site-packages/torch/_functorch/_aot_autograd/runtime_wrappers.py", line 526, in wrapper
[rank0]:     return compiled_fn(runtime_args)
[rank0]:            ^^^^^^^^^^^^^^^^^^^^^^^^^
[rank0]:   File "/usr/local/lib/python3.11/site-packages/torch/_functorch/_aot_autograd/runtime_wrappers.py", line 724, in inner_fn
[rank0]:     outs = compiled_fn(args)
[rank0]:            ^^^^^^^^^^^^^^^^^
[rank0]:   File "/usr/local/lib/python3.11/site-packages/torch/_inductor/output_code.py", line 613, in __call__
[rank0]:     return self.current_callable(inputs)
[rank0]:            ^^^^^^^^^^^^^^^^^^^^^^^^^^^^^
[rank0]:   File "/usr/local/lib/python3.11/site-packages/torch/_inductor/utils.py", line 2962, in run
[rank0]:     out = model(new_inputs)
[rank0]:           ^^^^^^^^^^^^^^^^^
[rank0]:   File "/tmp/torchinductor_root/jb/cjblh43cqkqbdaqkzvk6yky3g4ihlvaptz2jcnhrjy5uxmvu6z6s.py", line 3767, in call
[rank0]:     buf83 = empty_strided_cuda((256, 64, 56, 56), (200704, 1, 3584, 64), torch.float32)
[rank0]:             ^^^^^^^^^^^^^^^^^^^^^^^^^^^^^^^^^^^^^^^^^^^^^^^^^^^^^^^^^^^^^^^^^^^^^^^^^^^
[rank0]: torch.OutOfMemoryError: CUDA out of memory. Tried to allocate 196.00 MiB. GPU 0 has a total capacity of 39.38 GiB of which 13.81 MiB is free. Including non-PyTorch memory, this process has 0 bytes memory in use. Of the allocated memory 5.95 GiB is allocated by PyTorch, and 112.01 MiB is reserved by PyTorch but unallocated. If reserved but unallocated memory is large try setting PYTORCH_CUDA_ALLOC_CONF=expandable_segments:True to avoid fragmentation.  See documentation for Memory Management  (https://pytorch.org/docs/stable/notes/cuda.html#environment-variables)
[rank2]: Traceback (most recent call last):
[rank2]:   File "/algorithmic-efficiency/submission_runner.py", line 873, in <module>
[rank2]:     app.run(main)
[rank2]:   File "/usr/local/lib/python3.11/site-packages/absl/app.py", line 308, in run
[rank2]:     _run_main(main, args)
[rank2]:   File "/usr/local/lib/python3.11/site-packages/absl/app.py", line 254, in _run_main
[rank2]:     sys.exit(main(argv))
[rank2]:              ^^^^^^^^^^
[rank2]:   File "/algorithmic-efficiency/submission_runner.py", line 838, in main
[rank2]:     score = score_submission_on_workload(
[rank2]:             ^^^^^^^^^^^^^^^^^^^^^^^^^^^^^
[rank2]:   File "/algorithmic-efficiency/submission_runner.py", line 747, in score_submission_on_workload
[rank2]:     score, _ = train_once(
[rank2]:                ^^^^^^^^^^^
[rank2]:   File "/algorithmic-efficiency/submission_runner.py", line 387, in train_once
[rank2]:     optimizer_state, model_params, model_state = update_params(
[rank2]:                                                  ^^^^^^^^^^^^^^
[rank2]:   File "/algorithmic-efficiency/submissions_algorithms/submissions/self_tuning/muon_torch_jax_hps_lr_fix/submission.py", line 150, in update_params
[rank2]:     logits_batch, new_model_state = workload.model_fn(
[rank2]:                                     ^^^^^^^^^^^^^^^^^^
[rank2]:   File "/algorithmic-efficiency/algoperf/workloads/imagenet_resnet/imagenet_pytorch/workload.py", line 335, in model_fn
[rank2]:     logits_batch = model(augmented_and_preprocessed_input_batch['inputs'])
[rank2]:                    ^^^^^^^^^^^^^^^^^^^^^^^^^^^^^^^^^^^^^^^^^^^^^^^^^^^^^^^
[rank2]:   File "/usr/local/lib/python3.11/site-packages/torch/_dynamo/eval_frame.py", line 414, in __call__
[rank2]:     return super().__call__(*args, **kwargs)
[rank2]:            ^^^^^^^^^^^^^^^^^^^^^^^^^^^^^^^^^
[rank2]:   File "/usr/local/lib/python3.11/site-packages/torch/nn/modules/module.py", line 1775, in _wrapped_call_impl
[rank2]:     return self._call_impl(*args, **kwargs)
[rank2]:            ^^^^^^^^^^^^^^^^^^^^^^^^^^^^^^^^
[rank2]:   File "/usr/local/lib/python3.11/site-packages/torch/nn/modules/module.py", line 1786, in _call_impl
[rank2]:     return forward_call(*args, **kwargs)
[rank2]:            ^^^^^^^^^^^^^^^^^^^^^^^^^^^^^
[rank2]:   File "/usr/local/lib/python3.11/site-packages/torch/_dynamo/eval_frame.py", line 832, in compile_wrapper
[rank2]:     return fn(*args, **kwargs)
[rank2]:            ^^^^^^^^^^^^^^^^^^^
[rank2]:   File "/usr/local/lib/python3.11/site-packages/torch/_dynamo/external_utils.py", line 68, in inner
[rank2]:     return fn(*args, **kwargs)
[rank2]:            ^^^^^^^^^^^^^^^^^^^
[rank2]:   File "/usr/local/lib/python3.11/site-packages/torch/nn/modules/module.py", line 1775, in _wrapped_call_impl
[rank2]:     return self._call_impl(*args, **kwargs)
[rank2]:            ^^^^^^^^^^^^^^^^^^^^^^^^^^^^^^^^
[rank2]:   File "/usr/local/lib/python3.11/site-packages/torch/nn/modules/module.py", line 1786, in _call_impl
[rank2]:     return forward_call(*args, **kwargs)
[rank2]:            ^^^^^^^^^^^^^^^^^^^^^^^^^^^^^
[rank2]:   File "/usr/local/lib/python3.11/site-packages/torch/nn/parallel/distributed.py", line 1661, in forward
[rank2]:     else self._run_ddp_forward(*inputs, **kwargs)
[rank2]:          ^^^^^^^^^^^^^^^^^^^^^^^^^^^^^^^^^^^^^^^^
[rank2]:   File "/usr/local/lib/python3.11/site-packages/torch/nn/parallel/distributed.py", line 1487, in _run_ddp_forward
[rank2]:     return self.module(*inputs, **kwargs)  # type: ignore[index]
[rank2]:            ^^^^^^^^^^^^^^^^^^^^^^^^^^^^^^
[rank2]:   File "/usr/local/lib/python3.11/site-packages/torch/nn/modules/module.py", line 1775, in _wrapped_call_impl
[rank2]:     return self._call_impl(*args, **kwargs)
[rank2]:            ^^^^^^^^^^^^^^^^^^^^^^^^^^^^^^^^
[rank2]:   File "/usr/local/lib/python3.11/site-packages/torch/nn/modules/module.py", line 1786, in _call_impl
[rank2]:     return forward_call(*args, **kwargs)
[rank2]:            ^^^^^^^^^^^^^^^^^^^^^^^^^^^^^
[rank2]:   File "/algorithmic-efficiency/algoperf/workloads/imagenet_resnet/imagenet_pytorch/models.py", line 295, in forward
[rank2]:     def forward(self, x: spec.Tensor) -> spec.Tensor:
[rank2]:   File "/usr/local/lib/python3.11/site-packages/torch/_dynamo/eval_frame.py", line 414, in __call__
[rank2]:     return super().__call__(*args, **kwargs)
[rank2]:            ^^^^^^^^^^^^^^^^^^^^^^^^^^^^^^^^^
[rank2]:   File "/usr/local/lib/python3.11/site-packages/torch/nn/modules/module.py", line 1775, in _wrapped_call_impl
[rank2]:     return self._call_impl(*args, **kwargs)
[rank2]:            ^^^^^^^^^^^^^^^^^^^^^^^^^^^^^^^^
[rank2]:   File "/usr/local/lib/python3.11/site-packages/torch/nn/modules/module.py", line 1786, in _call_impl
[rank2]:     return forward_call(*args, **kwargs)
[rank2]:            ^^^^^^^^^^^^^^^^^^^^^^^^^^^^^
[rank2]:   File "/usr/local/lib/python3.11/site-packages/torch/_dynamo/eval_frame.py", line 1044, in _fn
[rank2]:     return fn(*args, **kwargs)
[rank2]:            ^^^^^^^^^^^^^^^^^^^
[rank2]:   File "/usr/local/lib/python3.11/site-packages/torch/fx/graph_module.py", line 837, in call_wrapped
[rank2]:     return self._wrapped_call(self, *args, **kwargs)
[rank2]:            ^^^^^^^^^^^^^^^^^^^^^^^^^^^^^^^^^^^^^^^^^
[rank2]:   File "/usr/local/lib/python3.11/site-packages/torch/fx/graph_module.py", line 413, in __call__
[rank2]:     raise e
[rank2]:   File "/usr/local/lib/python3.11/site-packages/torch/fx/graph_module.py", line 400, in __call__
[rank2]:     return super(self.cls, obj).__call__(*args, **kwargs)  # type: ignore[misc]
[rank2]:            ^^^^^^^^^^^^^^^^^^^^^^^^^^^^^^^^^^^^^^^^^^^^^^
[rank2]:   File "/usr/local/lib/python3.11/site-packages/torch/nn/modules/module.py", line 1775, in _wrapped_call_impl
[rank2]:     return self._call_impl(*args, **kwargs)
[rank2]:            ^^^^^^^^^^^^^^^^^^^^^^^^^^^^^^^^
[rank2]:   File "/usr/local/lib/python3.11/site-packages/torch/nn/modules/module.py", line 1786, in _call_impl
[rank2]:     return forward_call(*args, **kwargs)
[rank2]:            ^^^^^^^^^^^^^^^^^^^^^^^^^^^^^
[rank2]:   File "<eval_with_key>.62", line 326, in forward
[rank2]:   File "/usr/local/lib/python3.11/site-packages/torch/nn/modules/module.py", line 1775, in _wrapped_call_impl
[rank2]:     return self._call_impl(*args, **kwargs)
[rank2]:            ^^^^^^^^^^^^^^^^^^^^^^^^^^^^^^^^
[rank2]:   File "/usr/local/lib/python3.11/site-packages/torch/nn/modules/module.py", line 1786, in _call_impl
[rank2]:     return forward_call(*args, **kwargs)
[rank2]:            ^^^^^^^^^^^^^^^^^^^^^^^^^^^^^
[rank2]:   File "/usr/local/lib/python3.11/site-packages/torch/_dynamo/backends/distributed.py", line 213, in forward
[rank2]:     x = self.submod(*args)
[rank2]:         ^^^^^^^^^^^^^^^^^^
[rank2]:   File "/usr/local/lib/python3.11/site-packages/torch/_dynamo/eval_frame.py", line 1044, in _fn
[rank2]:     return fn(*args, **kwargs)
[rank2]:            ^^^^^^^^^^^^^^^^^^^
[rank2]:   File "/usr/local/lib/python3.11/site-packages/torch/_functorch/aot_autograd.py", line 1130, in forward
[rank2]:     return compiled_fn(full_args)
[rank2]:            ^^^^^^^^^^^^^^^^^^^^^^
[rank2]:   File "/usr/local/lib/python3.11/site-packages/torch/_functorch/_aot_autograd/runtime_wrappers.py", line 339, in runtime_wrapper
[rank2]:     all_outs = call_func_at_runtime_with_args(
[rank2]:                ^^^^^^^^^^^^^^^^^^^^^^^^^^^^^^^
[rank2]:   File "/usr/local/lib/python3.11/site-packages/torch/_functorch/_aot_autograd/utils.py", line 129, in call_func_at_runtime_with_args
[rank2]:     out = normalize_as_list(f(args))
[rank2]:                             ^^^^^^^
[rank2]:   File "/usr/local/lib/python3.11/site-packages/torch/_functorch/_aot_autograd/utils.py", line 103, in g
[rank2]:     return f(*args)
[rank2]:            ^^^^^^^^
[rank2]:   File "/usr/local/lib/python3.11/site-packages/torch/autograd/function.py", line 581, in apply
[rank2]:     return super().apply(*args, **kwargs)  # type: ignore[misc]
[rank2]:            ^^^^^^^^^^^^^^^^^^^^^^^^^^^^^^
[rank2]:   File "/usr/local/lib/python3.11/site-packages/torch/_functorch/_aot_autograd/runtime_wrappers.py", line 2118, in forward
[rank2]:     fw_outs = call_func_at_runtime_with_args(
[rank2]:               ^^^^^^^^^^^^^^^^^^^^^^^^^^^^^^^
[rank2]:   File "/usr/local/lib/python3.11/site-packages/torch/_functorch/_aot_autograd/utils.py", line 129, in call_func_at_runtime_with_args
[rank2]:     out = normalize_as_list(f(args))
[rank2]:                             ^^^^^^^
[rank2]:   File "/usr/local/lib/python3.11/site-packages/torch/_functorch/_aot_autograd/runtime_wrappers.py", line 629, in wrapper
[rank2]:     return compiled_fn(runtime_args)
[rank2]:            ^^^^^^^^^^^^^^^^^^^^^^^^^
[rank2]:   File "/usr/local/lib/python3.11/site-packages/torch/_functorch/_aot_autograd/runtime_wrappers.py", line 526, in wrapper
[rank2]:     return compiled_fn(runtime_args)
[rank2]:            ^^^^^^^^^^^^^^^^^^^^^^^^^
[rank2]:   File "/usr/local/lib/python3.11/site-packages/torch/_functorch/_aot_autograd/runtime_wrappers.py", line 724, in inner_fn
[rank2]:     outs = compiled_fn(args)
[rank2]:            ^^^^^^^^^^^^^^^^^
[rank2]:   File "/usr/local/lib/python3.11/site-packages/torch/_inductor/output_code.py", line 613, in __call__
[rank2]:     return self.current_callable(inputs)
[rank2]:            ^^^^^^^^^^^^^^^^^^^^^^^^^^^^^
[rank2]:   File "/usr/local/lib/python3.11/site-packages/torch/_inductor/utils.py", line 2962, in run
[rank2]:     out = model(new_inputs)
[rank2]:           ^^^^^^^^^^^^^^^^^
[rank2]:   File "/tmp/torchinductor_root/7h/c7hs7ysbczmgux6cv7maq2oc7b3qlnnnt6rr3esvllwo5rjihyqz.py", line 3767, in call
[rank2]:     buf83 = empty_strided_cuda((256, 64, 56, 56), (200704, 1, 3584, 64), torch.float32)
[rank2]:             ^^^^^^^^^^^^^^^^^^^^^^^^^^^^^^^^^^^^^^^^^^^^^^^^^^^^^^^^^^^^^^^^^^^^^^^^^^^
[rank2]: torch.OutOfMemoryError: CUDA out of memory. Tried to allocate 196.00 MiB. GPU 2 has a total capacity of 39.38 GiB of which 9.81 MiB is free. Including non-PyTorch memory, this process has 0 bytes memory in use. Of the allocated memory 5.94 GiB is allocated by PyTorch, and 120.56 MiB is reserved by PyTorch but unallocated. If reserved but unallocated memory is large try setting PYTORCH_CUDA_ALLOC_CONF=expandable_segments:True to avoid fragmentation.  See documentation for Memory Management  (https://pytorch.org/docs/stable/notes/cuda.html#environment-variables)
[rank3]: Traceback (most recent call last):
[rank3]:   File "/algorithmic-efficiency/submission_runner.py", line 873, in <module>
[rank3]:     app.run(main)
[rank3]:   File "/usr/local/lib/python3.11/site-packages/absl/app.py", line 308, in run
[rank3]:     _run_main(main, args)
[rank3]:   File "/usr/local/lib/python3.11/site-packages/absl/app.py", line 254, in _run_main
[rank3]:     sys.exit(main(argv))
[rank3]:              ^^^^^^^^^^
[rank3]:   File "/algorithmic-efficiency/submission_runner.py", line 838, in main
[rank3]:     score = score_submission_on_workload(
[rank3]:             ^^^^^^^^^^^^^^^^^^^^^^^^^^^^^
[rank3]:   File "/algorithmic-efficiency/submission_runner.py", line 747, in score_submission_on_workload
[rank3]:     score, _ = train_once(
[rank3]:                ^^^^^^^^^^^
[rank3]:   File "/algorithmic-efficiency/submission_runner.py", line 387, in train_once
[rank3]:     optimizer_state, model_params, model_state = update_params(
[rank3]:                                                  ^^^^^^^^^^^^^^
[rank3]:   File "/algorithmic-efficiency/submissions_algorithms/submissions/self_tuning/muon_torch_jax_hps_lr_fix/submission.py", line 150, in update_params
[rank3]:     logits_batch, new_model_state = workload.model_fn(
[rank3]:                                     ^^^^^^^^^^^^^^^^^^
[rank3]:   File "/algorithmic-efficiency/algoperf/workloads/imagenet_resnet/imagenet_pytorch/workload.py", line 335, in model_fn
[rank3]:     logits_batch = model(augmented_and_preprocessed_input_batch['inputs'])
[rank3]:                    ^^^^^^^^^^^^^^^^^^^^^^^^^^^^^^^^^^^^^^^^^^^^^^^^^^^^^^^
[rank3]:   File "/usr/local/lib/python3.11/site-packages/torch/_dynamo/eval_frame.py", line 414, in __call__
[rank3]:     return super().__call__(*args, **kwargs)
[rank3]:            ^^^^^^^^^^^^^^^^^^^^^^^^^^^^^^^^^
[rank3]:   File "/usr/local/lib/python3.11/site-packages/torch/nn/modules/module.py", line 1775, in _wrapped_call_impl
[rank3]:     return self._call_impl(*args, **kwargs)
[rank3]:            ^^^^^^^^^^^^^^^^^^^^^^^^^^^^^^^^
[rank3]:   File "/usr/local/lib/python3.11/site-packages/torch/nn/modules/module.py", line 1786, in _call_impl
[rank3]:     return forward_call(*args, **kwargs)
[rank3]:            ^^^^^^^^^^^^^^^^^^^^^^^^^^^^^
[rank3]:   File "/usr/local/lib/python3.11/site-packages/torch/_dynamo/eval_frame.py", line 832, in compile_wrapper
[rank3]:     return fn(*args, **kwargs)
[rank3]:            ^^^^^^^^^^^^^^^^^^^
[rank3]:   File "/usr/local/lib/python3.11/site-packages/torch/_dynamo/external_utils.py", line 68, in inner
[rank3]:     return fn(*args, **kwargs)
[rank3]:            ^^^^^^^^^^^^^^^^^^^
[rank3]:   File "/usr/local/lib/python3.11/site-packages/torch/nn/modules/module.py", line 1775, in _wrapped_call_impl
[rank3]:     return self._call_impl(*args, **kwargs)
[rank3]:            ^^^^^^^^^^^^^^^^^^^^^^^^^^^^^^^^
[rank3]:   File "/usr/local/lib/python3.11/site-packages/torch/nn/modules/module.py", line 1786, in _call_impl
[rank3]:     return forward_call(*args, **kwargs)
[rank3]:            ^^^^^^^^^^^^^^^^^^^^^^^^^^^^^
[rank3]:   File "/usr/local/lib/python3.11/site-packages/torch/nn/parallel/distributed.py", line 1661, in forward
[rank3]:     else self._run_ddp_forward(*inputs, **kwargs)
[rank3]:          ^^^^^^^^^^^^^^^^^^^^^^^^^^^^^^^^^^^^^^^^
[rank3]:   File "/usr/local/lib/python3.11/site-packages/torch/nn/parallel/distributed.py", line 1487, in _run_ddp_forward
[rank3]:     return self.module(*inputs, **kwargs)  # type: ignore[index]
[rank3]:            ^^^^^^^^^^^^^^^^^^^^^^^^^^^^^^
[rank3]:   File "/usr/local/lib/python3.11/site-packages/torch/nn/modules/module.py", line 1775, in _wrapped_call_impl
[rank3]:     return self._call_impl(*args, **kwargs)
[rank3]:            ^^^^^^^^^^^^^^^^^^^^^^^^^^^^^^^^
[rank3]:   File "/usr/local/lib/python3.11/site-packages/torch/nn/modules/module.py", line 1786, in _call_impl
[rank3]:     return forward_call(*args, **kwargs)
[rank3]:            ^^^^^^^^^^^^^^^^^^^^^^^^^^^^^
[rank3]:   File "/algorithmic-efficiency/algoperf/workloads/imagenet_resnet/imagenet_pytorch/models.py", line 295, in forward
[rank3]:     def forward(self, x: spec.Tensor) -> spec.Tensor:
[rank3]:   File "/usr/local/lib/python3.11/site-packages/torch/_dynamo/eval_frame.py", line 414, in __call__
[rank3]:     return super().__call__(*args, **kwargs)
[rank3]:            ^^^^^^^^^^^^^^^^^^^^^^^^^^^^^^^^^
[rank3]:   File "/usr/local/lib/python3.11/site-packages/torch/nn/modules/module.py", line 1775, in _wrapped_call_impl
[rank3]:     return self._call_impl(*args, **kwargs)
[rank3]:            ^^^^^^^^^^^^^^^^^^^^^^^^^^^^^^^^
[rank3]:   File "/usr/local/lib/python3.11/site-packages/torch/nn/modules/module.py", line 1786, in _call_impl
[rank3]:     return forward_call(*args, **kwargs)
[rank3]:            ^^^^^^^^^^^^^^^^^^^^^^^^^^^^^
[rank3]:   File "/usr/local/lib/python3.11/site-packages/torch/_dynamo/eval_frame.py", line 1044, in _fn
[rank3]:     return fn(*args, **kwargs)
[rank3]:            ^^^^^^^^^^^^^^^^^^^
[rank3]:   File "/usr/local/lib/python3.11/site-packages/torch/fx/graph_module.py", line 837, in call_wrapped
[rank3]:     return self._wrapped_call(self, *args, **kwargs)
[rank3]:            ^^^^^^^^^^^^^^^^^^^^^^^^^^^^^^^^^^^^^^^^^
[rank3]:   File "/usr/local/lib/python3.11/site-packages/torch/fx/graph_module.py", line 413, in __call__
[rank3]:     raise e
[rank3]:   File "/usr/local/lib/python3.11/site-packages/torch/fx/graph_module.py", line 400, in __call__
[rank3]:     return super(self.cls, obj).__call__(*args, **kwargs)  # type: ignore[misc]
[rank3]:            ^^^^^^^^^^^^^^^^^^^^^^^^^^^^^^^^^^^^^^^^^^^^^^
[rank3]:   File "/usr/local/lib/python3.11/site-packages/torch/nn/modules/module.py", line 1775, in _wrapped_call_impl
[rank3]:     return self._call_impl(*args, **kwargs)
[rank3]:            ^^^^^^^^^^^^^^^^^^^^^^^^^^^^^^^^
[rank3]:   File "/usr/local/lib/python3.11/site-packages/torch/nn/modules/module.py", line 1786, in _call_impl
[rank3]:     return forward_call(*args, **kwargs)
[rank3]:            ^^^^^^^^^^^^^^^^^^^^^^^^^^^^^
[rank3]:   File "<eval_with_key>.62", line 326, in forward
[rank3]:   File "/usr/local/lib/python3.11/site-packages/torch/nn/modules/module.py", line 1775, in _wrapped_call_impl
[rank3]:     return self._call_impl(*args, **kwargs)
[rank3]:            ^^^^^^^^^^^^^^^^^^^^^^^^^^^^^^^^
[rank3]:   File "/usr/local/lib/python3.11/site-packages/torch/nn/modules/module.py", line 1786, in _call_impl
[rank3]:     return forward_call(*args, **kwargs)
[rank3]:            ^^^^^^^^^^^^^^^^^^^^^^^^^^^^^
[rank3]:   File "/usr/local/lib/python3.11/site-packages/torch/_dynamo/backends/distributed.py", line 213, in forward
[rank3]:     x = self.submod(*args)
[rank3]:         ^^^^^^^^^^^^^^^^^^
[rank3]:   File "/usr/local/lib/python3.11/site-packages/torch/_dynamo/eval_frame.py", line 1044, in _fn
[rank3]:     return fn(*args, **kwargs)
[rank3]:            ^^^^^^^^^^^^^^^^^^^
[rank3]:   File "/usr/local/lib/python3.11/site-packages/torch/_functorch/aot_autograd.py", line 1130, in forward
[rank3]:     return compiled_fn(full_args)
[rank3]:            ^^^^^^^^^^^^^^^^^^^^^^
[rank3]:   File "/usr/local/lib/python3.11/site-packages/torch/_functorch/_aot_autograd/runtime_wrappers.py", line 339, in runtime_wrapper
[rank3]:     all_outs = call_func_at_runtime_with_args(
[rank3]:                ^^^^^^^^^^^^^^^^^^^^^^^^^^^^^^^
[rank3]:   File "/usr/local/lib/python3.11/site-packages/torch/_functorch/_aot_autograd/utils.py", line 129, in call_func_at_runtime_with_args
[rank3]:     out = normalize_as_list(f(args))
[rank3]:                             ^^^^^^^
[rank3]:   File "/usr/local/lib/python3.11/site-packages/torch/_functorch/_aot_autograd/utils.py", line 103, in g
[rank3]:     return f(*args)
[rank3]:            ^^^^^^^^
[rank3]:   File "/usr/local/lib/python3.11/site-packages/torch/autograd/function.py", line 581, in apply
[rank3]:     return super().apply(*args, **kwargs)  # type: ignore[misc]
[rank3]:            ^^^^^^^^^^^^^^^^^^^^^^^^^^^^^^
[rank3]:   File "/usr/local/lib/python3.11/site-packages/torch/_functorch/_aot_autograd/runtime_wrappers.py", line 2118, in forward
[rank3]:     fw_outs = call_func_at_runtime_with_args(
[rank3]:               ^^^^^^^^^^^^^^^^^^^^^^^^^^^^^^^
[rank3]:   File "/usr/local/lib/python3.11/site-packages/torch/_functorch/_aot_autograd/utils.py", line 129, in call_func_at_runtime_with_args
[rank3]:     out = normalize_as_list(f(args))
[rank3]:                             ^^^^^^^
[rank3]:   File "/usr/local/lib/python3.11/site-packages/torch/_functorch/_aot_autograd/runtime_wrappers.py", line 629, in wrapper
[rank3]:     return compiled_fn(runtime_args)
[rank3]:            ^^^^^^^^^^^^^^^^^^^^^^^^^
[rank3]:   File "/usr/local/lib/python3.11/site-packages/torch/_functorch/_aot_autograd/runtime_wrappers.py", line 526, in wrapper
[rank3]:     return compiled_fn(runtime_args)
[rank3]:            ^^^^^^^^^^^^^^^^^^^^^^^^^
[rank3]:   File "/usr/local/lib/python3.11/site-packages/torch/_functorch/_aot_autograd/runtime_wrappers.py", line 724, in inner_fn
[rank3]:     outs = compiled_fn(args)
[rank3]:            ^^^^^^^^^^^^^^^^^
[rank3]:   File "/usr/local/lib/python3.11/site-packages/torch/_inductor/output_code.py", line 613, in __call__
[rank3]:     return self.current_callable(inputs)
[rank3]:            ^^^^^^^^^^^^^^^^^^^^^^^^^^^^^
[rank3]:   File "/usr/local/lib/python3.11/site-packages/torch/_inductor/utils.py", line 2962, in run
[rank3]:     out = model(new_inputs)
[rank3]:           ^^^^^^^^^^^^^^^^^
[rank3]:   File "/tmp/torchinductor_root/pt/cptu4y5empuwmwzrhjmitbacqr3le776o7ademai2tvtpkskahya.py", line 3767, in call
[rank3]:     buf83 = empty_strided_cuda((256, 64, 56, 56), (200704, 1, 3584, 64), torch.float32)
[rank3]:             ^^^^^^^^^^^^^^^^^^^^^^^^^^^^^^^^^^^^^^^^^^^^^^^^^^^^^^^^^^^^^^^^^^^^^^^^^^^
[rank3]: torch.OutOfMemoryError: CUDA out of memory. Tried to allocate 196.00 MiB. GPU 3 has a total capacity of 39.38 GiB of which 15.81 MiB is free. Including non-PyTorch memory, this process has 0 bytes memory in use. Of the allocated memory 5.94 GiB is allocated by PyTorch, and 113.05 MiB is reserved by PyTorch but unallocated. If reserved but unallocated memory is large try setting PYTORCH_CUDA_ALLOC_CONF=expandable_segments:True to avoid fragmentation.  See documentation for Memory Management  (https://pytorch.org/docs/stable/notes/cuda.html#environment-variables)
[rank0]:[W604 21:00:20.016053588 ProcessGroupNCCL.cpp:1524] Warning: WARNING: destroy_process_group() was not called before program exit, which can leak resources. For more info, please see https://pytorch.org/docs/stable/distributed.html#shutdown (function operator())
E0604 21:00:35.700000 9 site-packages/torch/distributed/elastic/multiprocessing/api.py:882] failed (exitcode: 1) local_rank: 0 (pid: 38) of binary: /usr/local/bin/python3.11
Traceback (most recent call last):
  File "/usr/local/bin/torchrun", line 6, in <module>
    sys.exit(main())
             ^^^^^^
  File "/usr/local/lib/python3.11/site-packages/torch/distributed/elastic/multiprocessing/errors/__init__.py", line 357, in wrapper
    return f(*args, **kwargs)
           ^^^^^^^^^^^^^^^^^^
  File "/usr/local/lib/python3.11/site-packages/torch/distributed/run.py", line 936, in main
    run(args)
  File "/usr/local/lib/python3.11/site-packages/torch/distributed/run.py", line 927, in run
    elastic_launch(
  File "/usr/local/lib/python3.11/site-packages/torch/distributed/launcher/api.py", line 156, in __call__
    return launch_agent(self._config, self._entrypoint, list(args))
           ^^^^^^^^^^^^^^^^^^^^^^^^^^^^^^^^^^^^^^^^^^^^^^^^^^^^^^^^
  File "/usr/local/lib/python3.11/site-packages/torch/distributed/launcher/api.py", line 293, in launch_agent
    raise ChildFailedError(
torch.distributed.elastic.multiprocessing.errors.ChildFailedError: 
============================================================
submission_runner.py FAILED
------------------------------------------------------------
Failures:
[1]:
  time      : 2026-06-04_21:00:35
  host      : 8c6f235183ac
  rank      : 1 (local_rank: 1)
  exitcode  : 1 (pid: 39)
  error_file: <N/A>
  traceback : To enable traceback see: https://pytorch.org/docs/stable/elastic/errors.html
[2]:
  time      : 2026-06-04_21:00:35
  host      : 8c6f235183ac
  rank      : 2 (local_rank: 2)
  exitcode  : 1 (pid: 40)
  error_file: <N/A>
  traceback : To enable traceback see: https://pytorch.org/docs/stable/elastic/errors.html
[3]:
  time      : 2026-06-04_21:00:35
  host      : 8c6f235183ac
  rank      : 3 (local_rank: 3)
  exitcode  : 1 (pid: 41)
  error_file: <N/A>
  traceback : To enable traceback see: https://pytorch.org/docs/stable/elastic/errors.html
------------------------------------------------------------
Root Cause (first observed failure):
[0]:
  time      : 2026-06-04_21:00:35
  host      : 8c6f235183ac
  rank      : 0 (local_rank: 0)
  exitcode  : 1 (pid: 38)
  error_file: <N/A>
  traceback : To enable traceback see: https://pytorch.org/docs/stable/elastic/errors.html
============================================================
