torchrun --redirects 1:0,2:0,3:0 --standalone --nnodes=1 --nproc_per_node=4 submission_runner.py --framework=pytorch --workload=fastmri --submission_path=submissions_algorithms/submissions/self_tuning/muon_torch/submission.py --data_dir=/data/fastmri --experiment_dir=/experiment_runs --experiment_name=submissions_a100/muon_torch/study_2 --overwrite=True --save_checkpoints=False --rng_seed=1327139330 --torch_compile=true --tuning_ruleset=self 2>&1 | tee -a /logs/fastmri_pytorch_05-21-2026-18-33-00.log
W0521 18:33:02.940000 9 site-packages/torch/distributed/run.py:803] 
W0521 18:33:02.940000 9 site-packages/torch/distributed/run.py:803] *****************************************
W0521 18:33:02.940000 9 site-packages/torch/distributed/run.py:803] Setting OMP_NUM_THREADS environment variable for each process to be 1 in default, to avoid your system being overloaded, please further tune the variable for optimal performance in your application as needed. 
W0521 18:33:02.940000 9 site-packages/torch/distributed/run.py:803] *****************************************
2026-05-21 18:33:04.810754: E external/local_xla/xla/stream_executor/cuda/cuda_fft.cc:467] Unable to register cuFFT factory: Attempting to register factory for plugin cuFFT when one has already been registered
2026-05-21 18:33:04.810756: E external/local_xla/xla/stream_executor/cuda/cuda_fft.cc:467] Unable to register cuFFT factory: Attempting to register factory for plugin cuFFT when one has already been registered
2026-05-21 18:33:04.810756: E external/local_xla/xla/stream_executor/cuda/cuda_fft.cc:467] Unable to register cuFFT factory: Attempting to register factory for plugin cuFFT when one has already been registered
2026-05-21 18:33:04.810756: E external/local_xla/xla/stream_executor/cuda/cuda_fft.cc:467] Unable to register cuFFT factory: Attempting to register factory for plugin cuFFT when one has already been registered
WARNING: All log messages before absl::InitializeLog() is called are written to STDERR
WARNING: All log messages before absl::InitializeLog() is called are written to STDERR
WARNING: All log messages before absl::InitializeLog() is called are written to STDERR
E0000 00:00:1779388384.831343      40 cuda_dnn.cc:8579] Unable to register cuDNN factory: Attempting to register factory for plugin cuDNN when one has already been registered
E0000 00:00:1779388384.831343      39 cuda_dnn.cc:8579] Unable to register cuDNN factory: Attempting to register factory for plugin cuDNN when one has already been registered
E0000 00:00:1779388384.831344      38 cuda_dnn.cc:8579] Unable to register cuDNN factory: Attempting to register factory for plugin cuDNN when one has already been registered
WARNING: All log messages before absl::InitializeLog() is called are written to STDERR
E0000 00:00:1779388384.831818      41 cuda_dnn.cc:8579] Unable to register cuDNN factory: Attempting to register factory for plugin cuDNN when one has already been registered
E0000 00:00:1779388384.838137      38 cuda_blas.cc:1407] Unable to register cuBLAS factory: Attempting to register factory for plugin cuBLAS when one has already been registered
E0000 00:00:1779388384.838137      39 cuda_blas.cc:1407] Unable to register cuBLAS factory: Attempting to register factory for plugin cuBLAS when one has already been registered
E0000 00:00:1779388384.838178      40 cuda_blas.cc:1407] Unable to register cuBLAS factory: Attempting to register factory for plugin cuBLAS when one has already been registered
E0000 00:00:1779388384.838874      41 cuda_blas.cc:1407] Unable to register cuBLAS factory: Attempting to register factory for plugin cuBLAS when one has already been registered
W0000 00:00:1779388384.855039      38 computation_placer.cc:177] computation placer already registered. Please check linkage and avoid linking the same target more than once.
W0000 00:00:1779388384.855040      39 computation_placer.cc:177] computation placer already registered. Please check linkage and avoid linking the same target more than once.
W0000 00:00:1779388384.855040      40 computation_placer.cc:177] computation placer already registered. Please check linkage and avoid linking the same target more than once.
W0000 00:00:1779388384.855039      41 computation_placer.cc:177] computation placer already registered. Please check linkage and avoid linking the same target more than once.
W0000 00:00:1779388384.855060      39 computation_placer.cc:177] computation placer already registered. Please check linkage and avoid linking the same target more than once.
W0000 00:00:1779388384.855061      40 computation_placer.cc:177] computation placer already registered. Please check linkage and avoid linking the same target more than once.
W0000 00:00:1779388384.855061      41 computation_placer.cc:177] computation placer already registered. Please check linkage and avoid linking the same target more than once.
W0000 00:00:1779388384.855062      39 computation_placer.cc:177] computation placer already registered. Please check linkage and avoid linking the same target more than once.
W0000 00:00:1779388384.855063      40 computation_placer.cc:177] computation placer already registered. Please check linkage and avoid linking the same target more than once.
W0000 00:00:1779388384.855064      41 computation_placer.cc:177] computation placer already registered. Please check linkage and avoid linking the same target more than once.
W0000 00:00:1779388384.855065      39 computation_placer.cc:177] computation placer already registered. Please check linkage and avoid linking the same target more than once.
W0000 00:00:1779388384.855065      38 computation_placer.cc:177] computation placer already registered. Please check linkage and avoid linking the same target more than once.
W0000 00:00:1779388384.855066      40 computation_placer.cc:177] computation placer already registered. Please check linkage and avoid linking the same target more than once.
W0000 00:00:1779388384.855066      41 computation_placer.cc:177] computation placer already registered. Please check linkage and avoid linking the same target more than once.
W0000 00:00:1779388384.855067      38 computation_placer.cc:177] computation placer already registered. Please check linkage and avoid linking the same target more than once.
W0000 00:00:1779388384.855069      38 computation_placer.cc:177] computation placer already registered. Please check linkage and avoid linking the same target more than once.
W0000 00:00:1779388390.623116      38 gpu_device.cc:2341] Cannot dlopen some GPU libraries. Please make sure the missing libraries mentioned above are installed properly if you would like to use GPU. Follow the guide at https://www.tensorflow.org/install/gpu for how to download and setup the required libraries for your platform.
Skipping registering GPU devices...
W0000 00:00:1779388390.718463      39 gpu_device.cc:2341] Cannot dlopen some GPU libraries. Please make sure the missing libraries mentioned above are installed properly if you would like to use GPU. Follow the guide at https://www.tensorflow.org/install/gpu for how to download and setup the required libraries for your platform.
Skipping registering GPU devices...
W0000 00:00:1779388390.832918      41 gpu_device.cc:2341] Cannot dlopen some GPU libraries. Please make sure the missing libraries mentioned above are installed properly if you would like to use GPU. Follow the guide at https://www.tensorflow.org/install/gpu for how to download and setup the required libraries for your platform.
Skipping registering GPU devices...
W0000 00:00:1779388390.846635      40 gpu_device.cc:2341] Cannot dlopen some GPU libraries. Please make sure the missing libraries mentioned above are installed properly if you would like to use GPU. Follow the guide at https://www.tensorflow.org/install/gpu for how to download and setup the required libraries for your platform.
Skipping registering GPU devices...
/usr/local/lib/python3.11/site-packages/torch/__init__.py:1617: UserWarning: Please use the new API settings to control TF32 behavior, such as torch.backends.cudnn.conv.fp32_precision = 'tf32' or torch.backends.cuda.matmul.fp32_precision = 'ieee'. Old settings, e.g, torch.backends.cuda.matmul.allow_tf32 = True, torch.backends.cudnn.allow_tf32 = True, allowTF32CuDNN() and allowTF32CuBLAS() will be deprecated after Pytorch 2.9. Please see https://pytorch.org/docs/main/notes/cuda.html#tensorfloat-32-tf32-on-ampere-and-later-devices (Triggered internally at /pytorch/aten/src/ATen/Context.cpp:80.)
  _C._set_float32_matmul_precision(precision)
/usr/local/lib/python3.11/site-packages/torch/__init__.py:1617: UserWarning: Please use the new API settings to control TF32 behavior, such as torch.backends.cudnn.conv.fp32_precision = 'tf32' or torch.backends.cuda.matmul.fp32_precision = 'ieee'. Old settings, e.g, torch.backends.cuda.matmul.allow_tf32 = True, torch.backends.cudnn.allow_tf32 = True, allowTF32CuDNN() and allowTF32CuBLAS() will be deprecated after Pytorch 2.9. Please see https://pytorch.org/docs/main/notes/cuda.html#tensorfloat-32-tf32-on-ampere-and-later-devices (Triggered internally at /pytorch/aten/src/ATen/Context.cpp:80.)
  _C._set_float32_matmul_precision(precision)
/usr/local/lib/python3.11/site-packages/torch/__init__.py:1617: UserWarning: Please use the new API settings to control TF32 behavior, such as torch.backends.cudnn.conv.fp32_precision = 'tf32' or torch.backends.cuda.matmul.fp32_precision = 'ieee'. Old settings, e.g, torch.backends.cuda.matmul.allow_tf32 = True, torch.backends.cudnn.allow_tf32 = True, allowTF32CuDNN() and allowTF32CuBLAS() will be deprecated after Pytorch 2.9. Please see https://pytorch.org/docs/main/notes/cuda.html#tensorfloat-32-tf32-on-ampere-and-later-devices (Triggered internally at /pytorch/aten/src/ATen/Context.cpp:80.)
  _C._set_float32_matmul_precision(precision)
/usr/local/lib/python3.11/site-packages/torch/__init__.py:1617: UserWarning: Please use the new API settings to control TF32 behavior, such as torch.backends.cudnn.conv.fp32_precision = 'tf32' or torch.backends.cuda.matmul.fp32_precision = 'ieee'. Old settings, e.g, torch.backends.cuda.matmul.allow_tf32 = True, torch.backends.cudnn.allow_tf32 = True, allowTF32CuDNN() and allowTF32CuBLAS() will be deprecated after Pytorch 2.9. Please see https://pytorch.org/docs/main/notes/cuda.html#tensorfloat-32-tf32-on-ampere-and-later-devices (Triggered internally at /pytorch/aten/src/ATen/Context.cpp:80.)
  _C._set_float32_matmul_precision(precision)
/usr/local/lib/python3.11/site-packages/pydantic/_internal/_generate_schema.py:2249: UnsupportedFieldAttributeWarning: The 'repr' attribute with value False was provided to the `Field()` function, which has no effect in the context it was used. 'repr' is field-specific metadata, and can only be attached to a model field using `Annotated` metadata or by assignment. This may have happened because an `Annotated` type alias using the `type` statement was used, or if the `Field()` function was attached to a single member of a union type.
  warnings.warn(
/usr/local/lib/python3.11/site-packages/pydantic/_internal/_generate_schema.py:2249: UnsupportedFieldAttributeWarning: The 'frozen' attribute with value True was provided to the `Field()` function, which has no effect in the context it was used. 'frozen' is field-specific metadata, and can only be attached to a model field using `Annotated` metadata or by assignment. This may have happened because an `Annotated` type alias using the `type` statement was used, or if the `Field()` function was attached to a single member of a union type.
  warnings.warn(
/usr/local/lib/python3.11/site-packages/pydantic/_internal/_generate_schema.py:2249: UnsupportedFieldAttributeWarning: The 'repr' attribute with value False was provided to the `Field()` function, which has no effect in the context it was used. 'repr' is field-specific metadata, and can only be attached to a model field using `Annotated` metadata or by assignment. This may have happened because an `Annotated` type alias using the `type` statement was used, or if the `Field()` function was attached to a single member of a union type.
  warnings.warn(
/usr/local/lib/python3.11/site-packages/pydantic/_internal/_generate_schema.py:2249: UnsupportedFieldAttributeWarning: The 'frozen' attribute with value True was provided to the `Field()` function, which has no effect in the context it was used. 'frozen' is field-specific metadata, and can only be attached to a model field using `Annotated` metadata or by assignment. This may have happened because an `Annotated` type alias using the `type` statement was used, or if the `Field()` function was attached to a single member of a union type.
  warnings.warn(
/usr/local/lib/python3.11/site-packages/pydantic/_internal/_generate_schema.py:2249: UnsupportedFieldAttributeWarning: The 'repr' attribute with value False was provided to the `Field()` function, which has no effect in the context it was used. 'repr' is field-specific metadata, and can only be attached to a model field using `Annotated` metadata or by assignment. This may have happened because an `Annotated` type alias using the `type` statement was used, or if the `Field()` function was attached to a single member of a union type.
  warnings.warn(
/usr/local/lib/python3.11/site-packages/pydantic/_internal/_generate_schema.py:2249: UnsupportedFieldAttributeWarning: The 'frozen' attribute with value True was provided to the `Field()` function, which has no effect in the context it was used. 'frozen' is field-specific metadata, and can only be attached to a model field using `Annotated` metadata or by assignment. This may have happened because an `Annotated` type alias using the `type` statement was used, or if the `Field()` function was attached to a single member of a union type.
  warnings.warn(
/usr/local/lib/python3.11/site-packages/pydantic/_internal/_generate_schema.py:2249: UnsupportedFieldAttributeWarning: The 'repr' attribute with value False was provided to the `Field()` function, which has no effect in the context it was used. 'repr' is field-specific metadata, and can only be attached to a model field using `Annotated` metadata or by assignment. This may have happened because an `Annotated` type alias using the `type` statement was used, or if the `Field()` function was attached to a single member of a union type.
  warnings.warn(
/usr/local/lib/python3.11/site-packages/pydantic/_internal/_generate_schema.py:2249: UnsupportedFieldAttributeWarning: The 'frozen' attribute with value True was provided to the `Field()` function, which has no effect in the context it was used. 'frozen' is field-specific metadata, and can only be attached to a model field using `Annotated` metadata or by assignment. This may have happened because an `Annotated` type alias using the `type` statement was used, or if the `Field()` function was attached to a single member of a union type.
  warnings.warn(
I0521 18:33:13.388612 139935714825408 logger_utils.py:59] Removing existing experiment directory /experiment_runs/submissions_a100/muon_torch/study_2/fastmri_pytorch because --overwrite was set.
/usr/local/lib/python3.11/site-packages/torch/distributed/distributed_c10d.py:4876: UserWarning: barrier(): using the device under current context. You can specify `device_id` in `init_process_group` to mute this warning.
  warnings.warn(  # warn only once
[rank0]:[W521 18:33:13.737147876 ProcessGroupNCCL.cpp:5068] Guessing device ID based on global rank. This can cause a hang if rank to GPU mapping is heterogeneous. You can specify device_id in init_process_group()
I0521 18:33:14.479144 139935714825408 logger_utils.py:84] Creating experiment directory at /experiment_runs/submissions_a100/muon_torch/study_2/fastmri_pytorch.
I0521 18:33:14.479157 139732538967232 logger_utils.py:84] Creating experiment directory at /experiment_runs/submissions_a100/muon_torch/study_2/fastmri_pytorch.
I0521 18:33:14.479157 140341260895424 logger_utils.py:84] Creating experiment directory at /experiment_runs/submissions_a100/muon_torch/study_2/fastmri_pytorch.
I0521 18:33:14.479176 140353625846976 logger_utils.py:84] Creating experiment directory at /experiment_runs/submissions_a100/muon_torch/study_2/fastmri_pytorch.
I0521 18:33:15.936044 139935714825408 submission_runner.py:741] Creating directory at /experiment_runs/submissions_a100/muon_torch/study_2/fastmri_pytorch/trial_1.
I0521 18:33:16.276914 139935714825408 submission_runner.py:242] Initializing dataset.
I0521 18:33:16.277091 139935714825408 submission_runner.py:251] Initializing model.
I0521 18:33:16.415995 139935714825408 submission_runner.py:290] Performing `torch.compile`.
I0521 18:33:16.419550 139935714825408 submission_runner.py:294] Initializing optimizer.
I0521 18:33:16.419663 139732538967232 muon.py:324] Muon params:
	_orig_mod.module.down_sample_layers.0.conv_layers.0.weight (ndim=4)
	_orig_mod.module.down_sample_layers.0.conv_layers.4.weight (ndim=4)
	_orig_mod.module.down_sample_layers.1.conv_layers.0.weight (ndim=4)
	_orig_mod.module.down_sample_layers.1.conv_layers.4.weight (ndim=4)
	_orig_mod.module.down_sample_layers.2.conv_layers.0.weight (ndim=4)
	_orig_mod.module.down_sample_layers.2.conv_layers.4.weight (ndim=4)
	_orig_mod.module.down_sample_layers.3.conv_layers.0.weight (ndim=4)
	_orig_mod.module.down_sample_layers.3.conv_layers.4.weight (ndim=4)
	_orig_mod.module.conv.conv_layers.0.weight (ndim=4)
	_orig_mod.module.conv.conv_layers.4.weight (ndim=4)
	_orig_mod.module.up_conv.0.conv_layers.0.weight (ndim=4)
	_orig_mod.module.up_conv.0.conv_layers.4.weight (ndim=4)
	_orig_mod.module.up_conv.1.conv_layers.0.weight (ndim=4)
	_orig_mod.module.up_conv.1.conv_layers.4.weight (ndim=4)
	_orig_mod.module.up_conv.2.conv_layers.0.weight (ndim=4)
	_orig_mod.module.up_conv.2.conv_layers.4.weight (ndim=4)
	_orig_mod.module.up_conv.3.0.conv_layers.0.weight (ndim=4)
	_orig_mod.module.up_conv.3.0.conv_layers.4.weight (ndim=4)
	_orig_mod.module.up_conv.3.1.weight (ndim=4)
	_orig_mod.module.up_transpose_conv.0.layers.0.weight (ndim=4)
	_orig_mod.module.up_transpose_conv.1.layers.0.weight (ndim=4)
	_orig_mod.module.up_transpose_conv.2.layers.0.weight (ndim=4)
	_orig_mod.module.up_transpose_conv.3.layers.0.weight (ndim=4)
I0521 18:33:16.419814 139732538967232 muon.py:325] Adam params:
	_orig_mod.module.up_conv.3.1.bias (ndim=1)
I0521 18:33:16.419855 140341260895424 muon.py:324] Muon params:
	_orig_mod.module.down_sample_layers.0.conv_layers.0.weight (ndim=4)
	_orig_mod.module.down_sample_layers.0.conv_layers.4.weight (ndim=4)
	_orig_mod.module.down_sample_layers.1.conv_layers.0.weight (ndim=4)
	_orig_mod.module.down_sample_layers.1.conv_layers.4.weight (ndim=4)
	_orig_mod.module.down_sample_layers.2.conv_layers.0.weight (ndim=4)
	_orig_mod.module.down_sample_layers.2.conv_layers.4.weight (ndim=4)
	_orig_mod.module.down_sample_layers.3.conv_layers.0.weight (ndim=4)
	_orig_mod.module.down_sample_layers.3.conv_layers.4.weight (ndim=4)
	_orig_mod.module.conv.conv_layers.0.weight (ndim=4)
	_orig_mod.module.conv.conv_layers.4.weight (ndim=4)
	_orig_mod.module.up_conv.0.conv_layers.0.weight (ndim=4)
	_orig_mod.module.up_conv.0.conv_layers.4.weight (ndim=4)
	_orig_mod.module.up_conv.1.conv_layers.0.weight (ndim=4)
	_orig_mod.module.up_conv.1.conv_layers.4.weight (ndim=4)
	_orig_mod.module.up_conv.2.conv_layers.0.weight (ndim=4)
	_orig_mod.module.up_conv.2.conv_layers.4.weight (ndim=4)
	_orig_mod.module.up_conv.3.0.conv_layers.0.weight (ndim=4)
	_orig_mod.module.up_conv.3.0.conv_layers.4.weight (ndim=4)
	_orig_mod.module.up_conv.3.1.weight (ndim=4)
	_orig_mod.module.up_transpose_conv.0.layers.0.weight (ndim=4)
	_orig_mod.module.up_transpose_conv.1.layers.0.weight (ndim=4)
	_orig_mod.module.up_transpose_conv.2.layers.0.weight (ndim=4)
	_orig_mod.module.up_transpose_conv.3.layers.0.weight (ndim=4)
I0521 18:33:16.419928 139935714825408 muon.py:324] Muon params:
	_orig_mod.module.down_sample_layers.0.conv_layers.0.weight (ndim=4)
	_orig_mod.module.down_sample_layers.0.conv_layers.4.weight (ndim=4)
	_orig_mod.module.down_sample_layers.1.conv_layers.0.weight (ndim=4)
	_orig_mod.module.down_sample_layers.1.conv_layers.4.weight (ndim=4)
	_orig_mod.module.down_sample_layers.2.conv_layers.0.weight (ndim=4)
	_orig_mod.module.down_sample_layers.2.conv_layers.4.weight (ndim=4)
	_orig_mod.module.down_sample_layers.3.conv_layers.0.weight (ndim=4)
	_orig_mod.module.down_sample_layers.3.conv_layers.4.weight (ndim=4)
	_orig_mod.module.conv.conv_layers.0.weight (ndim=4)
	_orig_mod.module.conv.conv_layers.4.weight (ndim=4)
	_orig_mod.module.up_conv.0.conv_layers.0.weight (ndim=4)
	_orig_mod.module.up_conv.0.conv_layers.4.weight (ndim=4)
	_orig_mod.module.up_conv.1.conv_layers.0.weight (ndim=4)
	_orig_mod.module.up_conv.1.conv_layers.4.weight (ndim=4)
	_orig_mod.module.up_conv.2.conv_layers.0.weight (ndim=4)
	_orig_mod.module.up_conv.2.conv_layers.4.weight (ndim=4)
	_orig_mod.module.up_conv.3.0.conv_layers.0.weight (ndim=4)
	_orig_mod.module.up_conv.3.0.conv_layers.4.weight (ndim=4)
	_orig_mod.module.up_conv.3.1.weight (ndim=4)
	_orig_mod.module.up_transpose_conv.0.layers.0.weight (ndim=4)
	_orig_mod.module.up_transpose_conv.1.layers.0.weight (ndim=4)
	_orig_mod.module.up_transpose_conv.2.layers.0.weight (ndim=4)
	_orig_mod.module.up_transpose_conv.3.layers.0.weight (ndim=4)
I0521 18:33:16.419897 140353625846976 muon.py:324] Muon params:
	_orig_mod.module.down_sample_layers.0.conv_layers.0.weight (ndim=4)
	_orig_mod.module.down_sample_layers.0.conv_layers.4.weight (ndim=4)
	_orig_mod.module.down_sample_layers.1.conv_layers.0.weight (ndim=4)
	_orig_mod.module.down_sample_layers.1.conv_layers.4.weight (ndim=4)
	_orig_mod.module.down_sample_layers.2.conv_layers.0.weight (ndim=4)
	_orig_mod.module.down_sample_layers.2.conv_layers.4.weight (ndim=4)
	_orig_mod.module.down_sample_layers.3.conv_layers.0.weight (ndim=4)
	_orig_mod.module.down_sample_layers.3.conv_layers.4.weight (ndim=4)
	_orig_mod.module.conv.conv_layers.0.weight (ndim=4)
	_orig_mod.module.conv.conv_layers.4.weight (ndim=4)
	_orig_mod.module.up_conv.0.conv_layers.0.weight (ndim=4)
	_orig_mod.module.up_conv.0.conv_layers.4.weight (ndim=4)
	_orig_mod.module.up_conv.1.conv_layers.0.weight (ndim=4)
	_orig_mod.module.up_conv.1.conv_layers.4.weight (ndim=4)
	_orig_mod.module.up_conv.2.conv_layers.0.weight (ndim=4)
	_orig_mod.module.up_conv.2.conv_layers.4.weight (ndim=4)
	_orig_mod.module.up_conv.3.0.conv_layers.0.weight (ndim=4)
	_orig_mod.module.up_conv.3.0.conv_layers.4.weight (ndim=4)
	_orig_mod.module.up_conv.3.1.weight (ndim=4)
	_orig_mod.module.up_transpose_conv.0.layers.0.weight (ndim=4)
	_orig_mod.module.up_transpose_conv.1.layers.0.weight (ndim=4)
	_orig_mod.module.up_transpose_conv.2.layers.0.weight (ndim=4)
	_orig_mod.module.up_transpose_conv.3.layers.0.weight (ndim=4)
I0521 18:33:16.420004 139935714825408 muon.py:325] Adam params:
	_orig_mod.module.up_conv.3.1.bias (ndim=1)
I0521 18:33:16.420007 140341260895424 muon.py:325] Adam params:
	_orig_mod.module.up_conv.3.1.bias (ndim=1)
I0521 18:33:16.420056 140353625846976 muon.py:325] Adam params:
	_orig_mod.module.up_conv.3.1.bias (ndim=1)
I0521 18:33:16.420839 139935714825408 submission_runner.py:299] Initializing metrics bundle.
I0521 18:33:16.421011 139935714825408 submission_runner.py:321] Initializing checkpoint and logger.
I0521 18:33:16.423812 139935714825408 submission_runner.py:344] Saving meta data to /experiment_runs/submissions_a100/muon_torch/study_2/fastmri_pytorch/trial_1/meta_data_0.json.
I0521 18:33:16.423878 139732538967232 logger_utils.py:283] Unable to record workload.train_mean information. Continuing without it.
I0521 18:33:16.423888 140341260895424 logger_utils.py:283] Unable to record workload.train_mean information. Continuing without it.
I0521 18:33:16.423910 140353625846976 logger_utils.py:283] Unable to record workload.train_mean information. Continuing without it.
I0521 18:33:16.423990 139935714825408 logger_utils.py:283] Unable to record workload.train_mean information. Continuing without it.
I0521 18:33:16.424000 139732538967232 logger_utils.py:283] Unable to record workload.train_stddev information. Continuing without it.
I0521 18:33:16.424008 140341260895424 logger_utils.py:283] Unable to record workload.train_stddev information. Continuing without it.
I0521 18:33:16.424042 139935714825408 logger_utils.py:283] Unable to record workload.train_stddev information. Continuing without it.
I0521 18:33:16.424052 140353625846976 logger_utils.py:283] Unable to record workload.train_stddev information. Continuing without it.
I0521 18:33:16.696239 139935714825408 submission_runner.py:348] Saving flags to /experiment_runs/submissions_a100/muon_torch/study_2/fastmri_pytorch/trial_1/flags_0.json.
I0521 18:33:16.733833 139935714825408 submission_runner.py:359] Starting training loop.
[rank2]:W0521 18:33:16.755000 40 site-packages/torch/_logging/_internal.py:1199] [0/0] Profiler function <class 'torch.autograd.profiler.record_function'> will be ignored
[rank1]:W0521 18:33:16.755000 39 site-packages/torch/_logging/_internal.py:1199] [0/0] Profiler function <class 'torch.autograd.profiler.record_function'> will be ignored
[rank3]:W0521 18:33:16.755000 41 site-packages/torch/_logging/_internal.py:1199] [0/0] Profiler function <class 'torch.autograd.profiler.record_function'> will be ignored
WARNING:tensorflow:AutoGraph could not transform <function array at 0x7f45402ec0e0> and will run it as-is.
Please report this to the TensorFlow team. When filing the bug, set the verbosity to 10 (on Linux, `export AUTOGRAPH_VERBOSITY=10`) and attach the full output.
Cause: (<gast.gast.NamedExpr object at 0x7f4354510f10>, (leaf_jax_array := getattr(leaf, '__jax_array__', None)))
To silence this warning, decorate the function with @tf.autograph.experimental.do_not_convert
W0521 18:33:18.166401 139935714825408 ag_logging.py:142] AutoGraph could not transform <function array at 0x7f45402ec0e0> and will run it as-is.
Please report this to the TensorFlow team. When filing the bug, set the verbosity to 10 (on Linux, `export AUTOGRAPH_VERBOSITY=10`) and attach the full output.
Cause: (<gast.gast.NamedExpr object at 0x7f4354510f10>, (leaf_jax_array := getattr(leaf, '__jax_array__', None)))
To silence this warning, decorate the function with @tf.autograph.experimental.do_not_convert
WARNING:tensorflow:AutoGraph could not transform <function standard_insert_pvary at 0x7f4540f80e00> and will run it as-is.
Please report this to the TensorFlow team. When filing the bug, set the verbosity to 10 (on Linux, `export AUTOGRAPH_VERBOSITY=10`) and attach the full output.
Cause: (<gast.gast.NamedExpr object at 0x7f43544edfc0>, (aval := get_aval(a)))
To silence this warning, decorate the function with @tf.autograph.experimental.do_not_convert
W0521 18:33:18.235850 139935714825408 ag_logging.py:142] AutoGraph could not transform <function standard_insert_pvary at 0x7f4540f80e00> and will run it as-is.
Please report this to the TensorFlow team. When filing the bug, set the verbosity to 10 (on Linux, `export AUTOGRAPH_VERBOSITY=10`) and attach the full output.
Cause: (<gast.gast.NamedExpr object at 0x7f43544edfc0>, (aval := get_aval(a)))
To silence this warning, decorate the function with @tf.autograph.experimental.do_not_convert
[rank0]:W0521 18:36:34.574000 38 site-packages/torch/_logging/_internal.py:1199] [0/0] Profiler function <class 'torch.autograd.profiler.record_function'> will be ignored
I0521 18:37:51.504572 139935714825408 spec.py:333] Evaluating on the training split.
[rank3]:W0521 18:40:53.920000 41 site-packages/torch/_dynamo/convert_frame.py:1358] [5/8] torch._dynamo hit config.recompile_limit (8)
[rank3]:W0521 18:40:53.920000 41 site-packages/torch/_dynamo/convert_frame.py:1358] [5/8]    function: 'forward' (/algorithmic-efficiency/algoperf/workloads/fastmri/fastmri_pytorch/models.py:139)
[rank3]:W0521 18:40:53.920000 41 site-packages/torch/_dynamo/convert_frame.py:1358] [5/8]    last reason: 5/7: GLOBAL_STATE changed: grad_mode 
[rank3]:W0521 18:40:53.920000 41 site-packages/torch/_dynamo/convert_frame.py:1358] [5/8] To log all recompilation reasons, use TORCH_LOGS="recompiles".
[rank3]:W0521 18:40:53.920000 41 site-packages/torch/_dynamo/convert_frame.py:1358] [5/8] To diagnose recompilation issues, see https://pytorch.org/docs/main/torch.compiler_troubleshooting.html
[rank2]:W0521 18:40:53.928000 40 site-packages/torch/_dynamo/convert_frame.py:1358] [5/8] torch._dynamo hit config.recompile_limit (8)
[rank2]:W0521 18:40:53.928000 40 site-packages/torch/_dynamo/convert_frame.py:1358] [5/8]    function: 'forward' (/algorithmic-efficiency/algoperf/workloads/fastmri/fastmri_pytorch/models.py:139)
[rank2]:W0521 18:40:53.928000 40 site-packages/torch/_dynamo/convert_frame.py:1358] [5/8]    last reason: 5/7: GLOBAL_STATE changed: grad_mode 
[rank2]:W0521 18:40:53.928000 40 site-packages/torch/_dynamo/convert_frame.py:1358] [5/8] To log all recompilation reasons, use TORCH_LOGS="recompiles".
[rank2]:W0521 18:40:53.928000 40 site-packages/torch/_dynamo/convert_frame.py:1358] [5/8] To diagnose recompilation issues, see https://pytorch.org/docs/main/torch.compiler_troubleshooting.html
[rank0]:W0521 18:40:53.937000 38 site-packages/torch/_dynamo/convert_frame.py:1358] [5/8] torch._dynamo hit config.recompile_limit (8)
[rank0]:W0521 18:40:53.937000 38 site-packages/torch/_dynamo/convert_frame.py:1358] [5/8]    function: 'forward' (/algorithmic-efficiency/algoperf/workloads/fastmri/fastmri_pytorch/models.py:139)
[rank0]:W0521 18:40:53.937000 38 site-packages/torch/_dynamo/convert_frame.py:1358] [5/8]    last reason: 5/7: GLOBAL_STATE changed: grad_mode 
[rank0]:W0521 18:40:53.937000 38 site-packages/torch/_dynamo/convert_frame.py:1358] [5/8] To log all recompilation reasons, use TORCH_LOGS="recompiles".
[rank0]:W0521 18:40:53.937000 38 site-packages/torch/_dynamo/convert_frame.py:1358] [5/8] To diagnose recompilation issues, see https://pytorch.org/docs/main/torch.compiler_troubleshooting.html
[rank1]:W0521 18:40:53.978000 39 site-packages/torch/_dynamo/convert_frame.py:1358] [5/8] torch._dynamo hit config.recompile_limit (8)
[rank1]:W0521 18:40:53.978000 39 site-packages/torch/_dynamo/convert_frame.py:1358] [5/8]    function: 'forward' (/algorithmic-efficiency/algoperf/workloads/fastmri/fastmri_pytorch/models.py:139)
[rank1]:W0521 18:40:53.978000 39 site-packages/torch/_dynamo/convert_frame.py:1358] [5/8]    last reason: 5/7: GLOBAL_STATE changed: grad_mode 
[rank1]:W0521 18:40:53.978000 39 site-packages/torch/_dynamo/convert_frame.py:1358] [5/8] To log all recompilation reasons, use TORCH_LOGS="recompiles".
[rank1]:W0521 18:40:53.978000 39 site-packages/torch/_dynamo/convert_frame.py:1358] [5/8] To diagnose recompilation issues, see https://pytorch.org/docs/main/torch.compiler_troubleshooting.html
I0521 18:43:51.354486 139935714825408 spec.py:346] Evaluating on the validation split.
I0521 18:47:13.530048 139935714825408 spec.py:363] Evaluating on the test split.
I0521 18:50:31.659899 139935714825408 submission_runner.py:516] Time since start: 1034.93s, 	Step: 1, 	{'train/ssim': 0.1672527619770595, 'train/loss': 1.1274943351745605, 'validation/ssim': 0.162003688350714, 'validation/loss': 1.1249561041476153, 'validation/num_examples': 3554, 'test/ssim': 0.1849196838020979, 'test/loss': 1.1208251339535047, 'test/num_examples': 3581, 'score': 274.21609234809875, 'total_duration': 1034.9261164665222, 'accumulated_submission_time': 274.21609234809875, 'accumulated_eval_time': 760.1554932594299, 'accumulated_logging_time': 0}
I0521 18:50:31.688483 139860525709056 logging_writer.py:48] [1] accumulated_eval_time=760.155, accumulated_logging_time=0, accumulated_submission_time=274.216, global_step=1, preemption_count=0, score=274.216, test/loss=1.12083, test/num_examples=3581, test/ssim=0.18492, total_duration=1034.93, train/loss=1.12749, train/ssim=0.167253, validation/loss=1.12496, validation/num_examples=3554, validation/ssim=0.162004
I0521 18:52:22.935398 139935714825408 spec.py:333] Evaluating on the training split.
I0521 18:52:24.907490 139935714825408 spec.py:346] Evaluating on the validation split.
I0521 18:52:26.896914 139935714825408 spec.py:363] Evaluating on the test split.
I0521 18:52:28.888303 139935714825408 submission_runner.py:516] Time since start: 1152.15s, 	Step: 268, 	{'train/ssim': 0.7077357428414481, 'train/loss': 0.3032891409737723, 'validation/ssim': 0.6825939687236213, 'validation/loss': 0.3276124695545512, 'validation/num_examples': 3554, 'test/ssim': 0.7004654284330494, 'test/loss': 0.32944251398439683, 'test/num_examples': 3581, 'score': 384.146431684494, 'total_duration': 1152.1546359062195, 'accumulated_submission_time': 384.146431684494, 'accumulated_eval_time': 766.108484506607, 'accumulated_logging_time': 0.06227850914001465}
I0521 18:52:28.925151 139860517316352 logging_writer.py:48] [268] accumulated_eval_time=766.108, accumulated_logging_time=0.0622785, accumulated_submission_time=384.146, global_step=268, preemption_count=0, score=384.146, test/loss=0.329443, test/num_examples=3581, test/ssim=0.700465, total_duration=1152.15, train/loss=0.303289, train/ssim=0.707736, validation/loss=0.327612, validation/num_examples=3554, validation/ssim=0.682594
I0521 18:54:20.690297 139935714825408 spec.py:333] Evaluating on the training split.
I0521 18:54:22.659725 139935714825408 spec.py:346] Evaluating on the validation split.
I0521 18:54:24.644012 139935714825408 spec.py:363] Evaluating on the test split.
I0521 18:54:26.629276 139935714825408 submission_runner.py:516] Time since start: 1269.90s, 	Step: 333, 	{'train/ssim': 0.7154538972037179, 'train/loss': 0.29436070578438894, 'validation/ssim': 0.6900812684651098, 'validation/loss': 0.31849545901185283, 'validation/num_examples': 3554, 'test/ssim': 0.707942635611561, 'test/loss': 0.32030394382897587, 'test/num_examples': 3581, 'score': 494.7998471260071, 'total_duration': 1269.8955981731415, 'accumulated_submission_time': 494.7998471260071, 'accumulated_eval_time': 772.047557592392, 'accumulated_logging_time': 0.10704302787780762}
I0521 18:54:26.664328 139860525709056 logging_writer.py:48] [333] accumulated_eval_time=772.048, accumulated_logging_time=0.107043, accumulated_submission_time=494.8, global_step=333, preemption_count=0, score=494.8, test/loss=0.320304, test/num_examples=3581, test/ssim=0.707943, total_duration=1269.9, train/loss=0.294361, train/ssim=0.715454, validation/loss=0.318495, validation/num_examples=3554, validation/ssim=0.690081
I0521 18:56:18.843892 139935714825408 spec.py:333] Evaluating on the training split.
I0521 18:56:20.808722 139935714825408 spec.py:346] Evaluating on the validation split.
I0521 18:56:22.783261 139935714825408 spec.py:363] Evaluating on the test split.
I0521 18:56:24.755630 139935714825408 submission_runner.py:516] Time since start: 1388.02s, 	Step: 401, 	{'train/ssim': 0.7169018472943988, 'train/loss': 0.2935302598135812, 'validation/ssim': 0.69099518148565, 'validation/loss': 0.31731762132016744, 'validation/num_examples': 3554, 'test/ssim': 0.708967058127967, 'test/loss': 0.3190515385563565, 'test/num_examples': 3581, 'score': 605.8921549320221, 'total_duration': 1388.0219831466675, 'accumulated_submission_time': 605.8921549320221, 'accumulated_eval_time': 777.9594066143036, 'accumulated_logging_time': 0.14977669715881348}
I0521 18:56:24.796034 139860517316352 logging_writer.py:48] [401] accumulated_eval_time=777.959, accumulated_logging_time=0.149777, accumulated_submission_time=605.892, global_step=401, preemption_count=0, score=605.892, test/loss=0.319052, test/num_examples=3581, test/ssim=0.708967, total_duration=1388.02, train/loss=0.29353, train/ssim=0.716902, validation/loss=0.317318, validation/num_examples=3554, validation/ssim=0.690995
I0521 18:58:16.391003 139935714825408 spec.py:333] Evaluating on the training split.
I0521 18:58:18.360904 139935714825408 spec.py:346] Evaluating on the validation split.
I0521 18:58:20.334159 139935714825408 spec.py:363] Evaluating on the test split.
I0521 18:58:22.310981 139935714825408 submission_runner.py:516] Time since start: 1505.58s, 	Step: 469, 	{'train/ssim': 0.7242725917271206, 'train/loss': 0.284619859286717, 'validation/ssim': 0.6986272894537845, 'validation/loss': 0.3083793884861248, 'validation/num_examples': 3554, 'test/ssim': 0.7159413942509075, 'test/loss': 0.310469664930798, 'test/num_examples': 3581, 'score': 716.4042901992798, 'total_duration': 1505.5772907733917, 'accumulated_submission_time': 716.4042901992798, 'accumulated_eval_time': 783.8795838356018, 'accumulated_logging_time': 0.19870209693908691}
I0521 18:58:22.345547 139860525709056 logging_writer.py:48] [469] accumulated_eval_time=783.88, accumulated_logging_time=0.198702, accumulated_submission_time=716.404, global_step=469, preemption_count=0, score=716.404, test/loss=0.31047, test/num_examples=3581, test/ssim=0.715941, total_duration=1505.58, train/loss=0.28462, train/ssim=0.724273, validation/loss=0.308379, validation/num_examples=3554, validation/ssim=0.698627
I0521 19:00:13.114830 139935714825408 spec.py:333] Evaluating on the training split.
I0521 19:00:15.075301 139935714825408 spec.py:346] Evaluating on the validation split.
I0521 19:00:17.048500 139935714825408 spec.py:363] Evaluating on the test split.
I0521 19:00:19.010597 139935714825408 submission_runner.py:516] Time since start: 1622.28s, 	Step: 535, 	{'train/ssim': 0.7261269433157784, 'train/loss': 0.28393421854291645, 'validation/ssim': 0.701166242042417, 'validation/loss': 0.3074793174284257, 'validation/num_examples': 3554, 'test/ssim': 0.7180732102808224, 'test/loss': 0.30950418113829936, 'test/num_examples': 3581, 'score': 826.0968279838562, 'total_duration': 1622.2769339084625, 'accumulated_submission_time': 826.0968279838562, 'accumulated_eval_time': 789.7754187583923, 'accumulated_logging_time': 0.2409813404083252}
I0521 19:00:19.045841 139860517316352 logging_writer.py:48] [535] accumulated_eval_time=789.775, accumulated_logging_time=0.240981, accumulated_submission_time=826.097, global_step=535, preemption_count=0, score=826.097, test/loss=0.309504, test/num_examples=3581, test/ssim=0.718073, total_duration=1622.28, train/loss=0.283934, train/ssim=0.726127, validation/loss=0.307479, validation/num_examples=3554, validation/ssim=0.701166
I0521 19:02:11.014394 139935714825408 spec.py:333] Evaluating on the training split.
I0521 19:02:12.970629 139935714825408 spec.py:346] Evaluating on the validation split.
I0521 19:02:14.947456 139935714825408 spec.py:363] Evaluating on the test split.
I0521 19:02:16.921892 139935714825408 submission_runner.py:516] Time since start: 1740.19s, 	Step: 606, 	{'train/ssim': 0.7327489171709333, 'train/loss': 0.2801422391619001, 'validation/ssim': 0.7070165493546005, 'validation/loss': 0.30354136486837013, 'validation/num_examples': 3554, 'test/ssim': 0.7243310778675649, 'test/loss': 0.3056218270581716, 'test/num_examples': 3581, 'score': 936.9826445579529, 'total_duration': 1740.1882276535034, 'accumulated_submission_time': 936.9826445579529, 'accumulated_eval_time': 795.6829905509949, 'accumulated_logging_time': 0.29105091094970703}
I0521 19:02:16.958406 139860525709056 logging_writer.py:48] [606] accumulated_eval_time=795.683, accumulated_logging_time=0.291051, accumulated_submission_time=936.983, global_step=606, preemption_count=0, score=936.983, test/loss=0.305622, test/num_examples=3581, test/ssim=0.724331, total_duration=1740.19, train/loss=0.280142, train/ssim=0.732749, validation/loss=0.303541, validation/num_examples=3554, validation/ssim=0.707017
I0521 19:04:08.303930 139935714825408 spec.py:333] Evaluating on the training split.
I0521 19:04:10.262548 139935714825408 spec.py:346] Evaluating on the validation split.
I0521 19:04:12.235928 139935714825408 spec.py:363] Evaluating on the test split.
I0521 19:04:14.200750 139935714825408 submission_runner.py:516] Time since start: 1857.47s, 	Step: 674, 	{'train/ssim': 0.7324938092912946, 'train/loss': 0.27745228154318674, 'validation/ssim': 0.7063522038328293, 'validation/loss': 0.3014190794043683, 'validation/num_examples': 3554, 'test/ssim': 0.723898019713418, 'test/loss': 0.30330092305745604, 'test/num_examples': 3581, 'score': 1047.2503216266632, 'total_duration': 1857.4670860767365, 'accumulated_submission_time': 1047.2503216266632, 'accumulated_eval_time': 801.5799140930176, 'accumulated_logging_time': 0.33519792556762695}
I0521 19:04:14.234590 139860517316352 logging_writer.py:48] [674] accumulated_eval_time=801.58, accumulated_logging_time=0.335198, accumulated_submission_time=1047.25, global_step=674, preemption_count=0, score=1047.25, test/loss=0.303301, test/num_examples=3581, test/ssim=0.723898, total_duration=1857.47, train/loss=0.277452, train/ssim=0.732494, validation/loss=0.301419, validation/num_examples=3554, validation/ssim=0.706352
I0521 19:06:05.156025 139935714825408 spec.py:333] Evaluating on the training split.
I0521 19:06:07.124132 139935714825408 spec.py:346] Evaluating on the validation split.
I0521 19:06:09.095605 139935714825408 spec.py:363] Evaluating on the test split.
I0521 19:06:11.061585 139935714825408 submission_runner.py:516] Time since start: 1974.33s, 	Step: 737, 	{'train/ssim': 0.7347217968532017, 'train/loss': 0.2768173728670393, 'validation/ssim': 0.7089082613780248, 'validation/loss': 0.30085468453239306, 'validation/num_examples': 3554, 'test/ssim': 0.7262922477136274, 'test/loss': 0.3025673421792097, 'test/num_examples': 3581, 'score': 1157.097599029541, 'total_duration': 1974.3279204368591, 'accumulated_submission_time': 1157.097599029541, 'accumulated_eval_time': 807.4855604171753, 'accumulated_logging_time': 0.37663888931274414}
I0521 19:06:11.097373 139860525709056 logging_writer.py:48] [737] accumulated_eval_time=807.486, accumulated_logging_time=0.376639, accumulated_submission_time=1157.1, global_step=737, preemption_count=0, score=1157.1, test/loss=0.302567, test/num_examples=3581, test/ssim=0.726292, total_duration=1974.33, train/loss=0.276817, train/ssim=0.734722, validation/loss=0.300855, validation/num_examples=3554, validation/ssim=0.708908
I0521 19:08:02.466741 139935714825408 spec.py:333] Evaluating on the training split.
I0521 19:08:04.422644 139935714825408 spec.py:346] Evaluating on the validation split.
I0521 19:08:06.388315 139935714825408 spec.py:363] Evaluating on the test split.
I0521 19:08:08.365849 139935714825408 submission_runner.py:516] Time since start: 2091.63s, 	Step: 803, 	{'train/ssim': 0.7353209768022809, 'train/loss': 0.2762957811355591, 'validation/ssim': 0.7092895164339477, 'validation/loss': 0.3004413834433913, 'validation/num_examples': 3554, 'test/ssim': 0.7263676511012985, 'test/loss': 0.30258298872303474, 'test/num_examples': 3581, 'score': 1267.3933658599854, 'total_duration': 2091.6321864128113, 'accumulated_submission_time': 1267.3933658599854, 'accumulated_eval_time': 813.3847689628601, 'accumulated_logging_time': 0.420013427734375}
I0521 19:08:08.400459 139860517316352 logging_writer.py:48] [803] accumulated_eval_time=813.385, accumulated_logging_time=0.420013, accumulated_submission_time=1267.39, global_step=803, preemption_count=0, score=1267.39, test/loss=0.302583, test/num_examples=3581, test/ssim=0.726368, total_duration=2091.63, train/loss=0.276296, train/ssim=0.735321, validation/loss=0.300441, validation/num_examples=3554, validation/ssim=0.70929
I0521 19:10:01.351861 139935714825408 spec.py:333] Evaluating on the training split.
I0521 19:10:03.332203 139935714825408 spec.py:346] Evaluating on the validation split.
I0521 19:10:05.300946 139935714825408 spec.py:363] Evaluating on the test split.
I0521 19:10:07.263915 139935714825408 submission_runner.py:516] Time since start: 2210.53s, 	Step: 876, 	{'train/ssim': 0.7347205025809151, 'train/loss': 0.27718043327331543, 'validation/ssim': 0.7089344340224043, 'validation/loss': 0.30121447252435635, 'validation/num_examples': 3554, 'test/ssim': 0.7258178745025831, 'test/loss': 0.30326274412698967, 'test/num_examples': 3581, 'score': 1379.269075870514, 'total_duration': 2210.5302469730377, 'accumulated_submission_time': 1379.269075870514, 'accumulated_eval_time': 819.2969284057617, 'accumulated_logging_time': 0.46390867233276367}
I0521 19:10:07.297981 139860525709056 logging_writer.py:48] [876] accumulated_eval_time=819.297, accumulated_logging_time=0.463909, accumulated_submission_time=1379.27, global_step=876, preemption_count=0, score=1379.27, test/loss=0.303263, test/num_examples=3581, test/ssim=0.725818, total_duration=2210.53, train/loss=0.27718, train/ssim=0.734721, validation/loss=0.301214, validation/num_examples=3554, validation/ssim=0.708934
I0521 19:11:58.177309 139935714825408 spec.py:333] Evaluating on the training split.
I0521 19:12:00.147770 139935714825408 spec.py:346] Evaluating on the validation split.
I0521 19:12:02.140212 139935714825408 spec.py:363] Evaluating on the test split.
I0521 19:12:04.107782 139935714825408 submission_runner.py:516] Time since start: 2327.37s, 	Step: 947, 	{'train/ssim': 0.7331927163260323, 'train/loss': 0.2752428225108555, 'validation/ssim': 0.7065023702386396, 'validation/loss': 0.2995231083154544, 'validation/num_examples': 3554, 'test/ssim': 0.7241348654356325, 'test/loss': 0.30124587394844315, 'test/num_examples': 3581, 'score': 1489.071471452713, 'total_duration': 2327.3741295337677, 'accumulated_submission_time': 1489.071471452713, 'accumulated_eval_time': 825.2274868488312, 'accumulated_logging_time': 0.5063509941101074}
I0521 19:12:04.142171 139860517316352 logging_writer.py:48] [947] accumulated_eval_time=825.227, accumulated_logging_time=0.506351, accumulated_submission_time=1489.07, global_step=947, preemption_count=0, score=1489.07, test/loss=0.301246, test/num_examples=3581, test/ssim=0.724135, total_duration=2327.37, train/loss=0.275243, train/ssim=0.733193, validation/loss=0.299523, validation/num_examples=3554, validation/ssim=0.706502
I0521 19:13:54.639469 139935714825408 spec.py:333] Evaluating on the training split.
I0521 19:13:56.563019 139935714825408 spec.py:346] Evaluating on the validation split.
I0521 19:13:58.519075 139935714825408 spec.py:363] Evaluating on the test split.
I0521 19:14:00.475815 139935714825408 submission_runner.py:516] Time since start: 2443.74s, 	Step: 2421, 	{'train/ssim': 0.7444912365504673, 'train/loss': 0.2665505068642752, 'validation/ssim': 0.7167448731842642, 'validation/loss': 0.2915687196095069, 'validation/num_examples': 3554, 'test/ssim': 0.7343488883386274, 'test/loss': 0.2931338397859362, 'test/num_examples': 3581, 'score': 1598.087459564209, 'total_duration': 2443.742143392563, 'accumulated_submission_time': 1598.087459564209, 'accumulated_eval_time': 831.0639035701752, 'accumulated_logging_time': 0.5490930080413818}
I0521 19:14:00.511661 139860525709056 logging_writer.py:48] [2421] accumulated_eval_time=831.064, accumulated_logging_time=0.549093, accumulated_submission_time=1598.09, global_step=2421, preemption_count=0, score=1598.09, test/loss=0.293134, test/num_examples=3581, test/ssim=0.734349, total_duration=2443.74, train/loss=0.266551, train/ssim=0.744491, validation/loss=0.291569, validation/num_examples=3554, validation/ssim=0.716745
I0521 19:15:51.024096 139935714825408 spec.py:333] Evaluating on the training split.
I0521 19:15:52.942460 139935714825408 spec.py:346] Evaluating on the validation split.
I0521 19:15:54.901202 139935714825408 spec.py:363] Evaluating on the test split.
I0521 19:15:56.871975 139935714825408 submission_runner.py:516] Time since start: 2560.14s, 	Step: 4747, 	{'train/ssim': 0.7445745468139648, 'train/loss': 0.2672710929598127, 'validation/ssim': 0.7171090232836241, 'validation/loss': 0.2919930461825584, 'validation/num_examples': 3554, 'test/ssim': 0.734656774142174, 'test/loss': 0.293432044503543, 'test/num_examples': 3581, 'score': 1706.8972842693329, 'total_duration': 2560.138291835785, 'accumulated_submission_time': 1706.8972842693329, 'accumulated_eval_time': 836.9118483066559, 'accumulated_logging_time': 0.592522144317627}
I0521 19:15:56.911308 139860517316352 logging_writer.py:48] [4747] accumulated_eval_time=836.912, accumulated_logging_time=0.592522, accumulated_submission_time=1706.9, global_step=4747, preemption_count=0, score=1706.9, test/loss=0.293432, test/num_examples=3581, test/ssim=0.734657, total_duration=2560.14, train/loss=0.267271, train/ssim=0.744575, validation/loss=0.291993, validation/num_examples=3554, validation/ssim=0.717109
I0521 19:17:47.430709 139935714825408 spec.py:333] Evaluating on the training split.
I0521 19:17:49.351761 139935714825408 spec.py:346] Evaluating on the validation split.
I0521 19:17:51.304659 139935714825408 spec.py:363] Evaluating on the test split.
I0521 19:17:53.255942 139935714825408 submission_runner.py:516] Time since start: 2676.52s, 	Step: 7071, 	{'train/ssim': 0.7499722072056362, 'train/loss': 0.26463345118931364, 'validation/ssim': 0.7223656031276379, 'validation/loss': 0.2898936360219119, 'validation/num_examples': 3554, 'test/ssim': 0.7396424652244484, 'test/loss': 0.291497429467153, 'test/num_examples': 3581, 'score': 1815.7009103298187, 'total_duration': 2676.5222845077515, 'accumulated_submission_time': 1815.7009103298187, 'accumulated_eval_time': 842.7371835708618, 'accumulated_logging_time': 0.6396710872650146}
I0521 19:17:53.293185 139860525709056 logging_writer.py:48] [7071] accumulated_eval_time=842.737, accumulated_logging_time=0.639671, accumulated_submission_time=1815.7, global_step=7071, preemption_count=0, score=1815.7, test/loss=0.291497, test/num_examples=3581, test/ssim=0.739642, total_duration=2676.52, train/loss=0.264633, train/ssim=0.749972, validation/loss=0.289894, validation/num_examples=3554, validation/ssim=0.722366
I0521 19:19:43.807462 139935714825408 spec.py:333] Evaluating on the training split.
I0521 19:19:45.730123 139935714825408 spec.py:346] Evaluating on the validation split.
I0521 19:19:47.681032 139935714825408 spec.py:363] Evaluating on the test split.
I0521 19:19:49.629675 139935714825408 submission_runner.py:516] Time since start: 2792.90s, 	Step: 9396, 	{'train/ssim': 0.7493110384259906, 'train/loss': 0.2625411408288138, 'validation/ssim': 0.7220912368765827, 'validation/loss': 0.28772403714894307, 'validation/num_examples': 3554, 'test/ssim': 0.7394580473549637, 'test/loss': 0.2890691813128316, 'test/num_examples': 3581, 'score': 1924.5043704509735, 'total_duration': 2792.895990371704, 'accumulated_submission_time': 1924.5043704509735, 'accumulated_eval_time': 848.5594575405121, 'accumulated_logging_time': 0.6843466758728027}
I0521 19:19:49.663882 139860517316352 logging_writer.py:48] [9396] accumulated_eval_time=848.559, accumulated_logging_time=0.684347, accumulated_submission_time=1924.5, global_step=9396, preemption_count=0, score=1924.5, test/loss=0.289069, test/num_examples=3581, test/ssim=0.739458, total_duration=2792.9, train/loss=0.262541, train/ssim=0.749311, validation/loss=0.287724, validation/num_examples=3554, validation/ssim=0.722091
I0521 19:21:40.159177 139935714825408 spec.py:333] Evaluating on the training split.
I0521 19:21:42.086455 139935714825408 spec.py:346] Evaluating on the validation split.
I0521 19:21:44.048616 139935714825408 spec.py:363] Evaluating on the test split.
I0521 19:21:46.007435 139935714825408 submission_runner.py:516] Time since start: 2909.27s, 	Step: 11720, 	{'train/ssim': 0.7496467317853656, 'train/loss': 0.26257009165627615, 'validation/ssim': 0.7223759760129431, 'validation/loss': 0.2879243506161631, 'validation/num_examples': 3554, 'test/ssim': 0.7396375565048171, 'test/loss': 0.2892978799239912, 'test/num_examples': 3581, 'score': 2033.2945840358734, 'total_duration': 2909.273768186569, 'accumulated_submission_time': 2033.2945840358734, 'accumulated_eval_time': 854.4077548980713, 'accumulated_logging_time': 0.7261087894439697}
I0521 19:21:46.043569 139860525709056 logging_writer.py:48] [11720] accumulated_eval_time=854.408, accumulated_logging_time=0.726109, accumulated_submission_time=2033.29, global_step=11720, preemption_count=0, score=2033.29, test/loss=0.289298, test/num_examples=3581, test/ssim=0.739638, total_duration=2909.27, train/loss=0.26257, train/ssim=0.749647, validation/loss=0.287924, validation/num_examples=3554, validation/ssim=0.722376
I0521 19:23:36.555572 139935714825408 spec.py:333] Evaluating on the training split.
I0521 19:23:38.485470 139935714825408 spec.py:346] Evaluating on the validation split.
I0521 19:23:40.439862 139935714825408 spec.py:363] Evaluating on the test split.
I0521 19:23:42.396467 139935714825408 submission_runner.py:516] Time since start: 3025.66s, 	Step: 14045, 	{'train/ssim': 0.7509237016950335, 'train/loss': 0.26165359360831125, 'validation/ssim': 0.7231757872951252, 'validation/loss': 0.28715060893645367, 'validation/num_examples': 3554, 'test/ssim': 0.7405374202605767, 'test/loss': 0.28851865477083916, 'test/num_examples': 3581, 'score': 2142.100114107132, 'total_duration': 3025.662801504135, 'accumulated_submission_time': 2142.100114107132, 'accumulated_eval_time': 860.2487459182739, 'accumulated_logging_time': 0.7698101997375488}
I0521 19:23:42.430000 139860517316352 logging_writer.py:48] [14045] accumulated_eval_time=860.249, accumulated_logging_time=0.76981, accumulated_submission_time=2142.1, global_step=14045, preemption_count=0, score=2142.1, test/loss=0.288519, test/num_examples=3581, test/ssim=0.740537, total_duration=3025.66, train/loss=0.261654, train/ssim=0.750924, validation/loss=0.287151, validation/num_examples=3554, validation/ssim=0.723176
I0521 19:25:32.916721 139935714825408 spec.py:333] Evaluating on the training split.
I0521 19:25:34.835511 139935714825408 spec.py:346] Evaluating on the validation split.
I0521 19:25:36.787189 139935714825408 spec.py:363] Evaluating on the test split.
I0521 19:25:38.736104 139935714825408 submission_runner.py:516] Time since start: 3142.00s, 	Step: 16371, 	{'train/ssim': 0.7508130073547363, 'train/loss': 0.26175221375056673, 'validation/ssim': 0.7228421376002392, 'validation/loss': 0.28740963911701606, 'validation/num_examples': 3554, 'test/ssim': 0.7402341704700154, 'test/loss': 0.2887953156633971, 'test/num_examples': 3581, 'score': 2250.8837060928345, 'total_duration': 3142.0024466514587, 'accumulated_submission_time': 2250.8837060928345, 'accumulated_eval_time': 866.0682182312012, 'accumulated_logging_time': 0.8108153343200684}
I0521 19:25:38.770403 139860525709056 logging_writer.py:48] [16371] accumulated_eval_time=866.068, accumulated_logging_time=0.810815, accumulated_submission_time=2250.88, global_step=16371, preemption_count=0, score=2250.88, test/loss=0.288795, test/num_examples=3581, test/ssim=0.740234, total_duration=3142, train/loss=0.261752, train/ssim=0.750813, validation/loss=0.28741, validation/num_examples=3554, validation/ssim=0.722842
I0521 19:27:00.920911 139935714825408 spec.py:333] Evaluating on the training split.
I0521 19:27:02.896689 139935714825408 spec.py:346] Evaluating on the validation split.
I0521 19:27:04.855279 139935714825408 spec.py:363] Evaluating on the test split.
I0521 19:27:06.819565 139935714825408 submission_runner.py:516] Time since start: 3230.09s, 	Step: 18095, 	{'train/ssim': 0.750896658216204, 'train/loss': 0.2615462030683245, 'validation/ssim': 0.7229651696372046, 'validation/loss': 0.28719222069323297, 'validation/num_examples': 3554, 'test/ssim': 0.7403536841577073, 'test/loss': 0.28856423086908334, 'test/num_examples': 3581, 'score': 2331.49614071846, 'total_duration': 3230.0858969688416, 'accumulated_submission_time': 2331.49614071846, 'accumulated_eval_time': 871.9669635295868, 'accumulated_logging_time': 0.8525233268737793}
I0521 19:27:06.854548 139860517316352 logging_writer.py:48] [18095] accumulated_eval_time=871.967, accumulated_logging_time=0.852523, accumulated_submission_time=2331.5, global_step=18095, preemption_count=0, score=2331.5, test/loss=0.288564, test/num_examples=3581, test/ssim=0.740354, total_duration=3230.09, train/loss=0.261546, train/ssim=0.750897, validation/loss=0.287192, validation/num_examples=3554, validation/ssim=0.722965
I0521 19:27:07.399152 139860525709056 logging_writer.py:48] [18095] global_step=18095, preemption_count=0, score=2331.5
I0521 19:27:07.562725 139935714825408 submission_runner.py:857] Final fastmri score: 2331.49614071846
