torchrun --redirects 1:0,2:0,3:0 --standalone --nnodes=1 --nproc_per_node=4 submission_runner.py --framework=pytorch --workload=finewebedu_lm --submission_path=submissions_algorithms/submissions/self_tuning/muon_torch_jax_hps_achandr/submission.py --data_dir=/data/fineweb_edu_10B --experiment_dir=/experiment_runs --experiment_name=submissions_a100/muon_torch_jax_hps_achandr/study_1 --overwrite=True --save_checkpoints=False --rng_seed=-222803823 --torch_compile=true --tuning_ruleset=self 2>&1 | tee -a /logs/finewebedu_lm_pytorch_06-04-2026-08-58-44.log
W0604 08:58:46.676000 9 site-packages/torch/distributed/run.py:803] 
W0604 08:58:46.676000 9 site-packages/torch/distributed/run.py:803] *****************************************
W0604 08:58:46.676000 9 site-packages/torch/distributed/run.py:803] Setting OMP_NUM_THREADS environment variable for each process to be 1 in default, to avoid your system being overloaded, please further tune the variable for optimal performance in your application as needed. 
W0604 08:58:46.676000 9 site-packages/torch/distributed/run.py:803] *****************************************
2026-06-04 08:58:48.410957: E external/local_xla/xla/stream_executor/cuda/cuda_fft.cc:467] Unable to register cuFFT factory: Attempting to register factory for plugin cuFFT when one has already been registered
2026-06-04 08:58:48.410982: E external/local_xla/xla/stream_executor/cuda/cuda_fft.cc:467] Unable to register cuFFT factory: Attempting to register factory for plugin cuFFT when one has already been registered
2026-06-04 08:58:48.410945: E external/local_xla/xla/stream_executor/cuda/cuda_fft.cc:467] Unable to register cuFFT factory: Attempting to register factory for plugin cuFFT when one has already been registered
2026-06-04 08:58:48.410945: E external/local_xla/xla/stream_executor/cuda/cuda_fft.cc:467] Unable to register cuFFT factory: Attempting to register factory for plugin cuFFT when one has already been registered
WARNING: All log messages before absl::InitializeLog() is called are written to STDERR
WARNING: All log messages before absl::InitializeLog() is called are written to STDERR
WARNING: All log messages before absl::InitializeLog() is called are written to STDERR
WARNING: All log messages before absl::InitializeLog() is called are written to STDERR
E0000 00:00:1780563528.435914      39 cuda_dnn.cc:8579] Unable to register cuDNN factory: Attempting to register factory for plugin cuDNN when one has already been registered
E0000 00:00:1780563528.435914      38 cuda_dnn.cc:8579] Unable to register cuDNN factory: Attempting to register factory for plugin cuDNN when one has already been registered
E0000 00:00:1780563528.435914      40 cuda_dnn.cc:8579] Unable to register cuDNN factory: Attempting to register factory for plugin cuDNN when one has already been registered
E0000 00:00:1780563528.435912      41 cuda_dnn.cc:8579] Unable to register cuDNN factory: Attempting to register factory for plugin cuDNN when one has already been registered
E0000 00:00:1780563528.444038      40 cuda_blas.cc:1407] Unable to register cuBLAS factory: Attempting to register factory for plugin cuBLAS when one has already been registered
E0000 00:00:1780563528.444039      39 cuda_blas.cc:1407] Unable to register cuBLAS factory: Attempting to register factory for plugin cuBLAS when one has already been registered
E0000 00:00:1780563528.444039      38 cuda_blas.cc:1407] Unable to register cuBLAS factory: Attempting to register factory for plugin cuBLAS when one has already been registered
E0000 00:00:1780563528.444068      41 cuda_blas.cc:1407] Unable to register cuBLAS factory: Attempting to register factory for plugin cuBLAS when one has already been registered
W0000 00:00:1780563528.471143      40 computation_placer.cc:177] computation placer already registered. Please check linkage and avoid linking the same target more than once.
W0000 00:00:1780563528.471143      39 computation_placer.cc:177] computation placer already registered. Please check linkage and avoid linking the same target more than once.
W0000 00:00:1780563528.471143      41 computation_placer.cc:177] computation placer already registered. Please check linkage and avoid linking the same target more than once.
W0000 00:00:1780563528.471143      38 computation_placer.cc:177] computation placer already registered. Please check linkage and avoid linking the same target more than once.
W0000 00:00:1780563528.471176      39 computation_placer.cc:177] computation placer already registered. Please check linkage and avoid linking the same target more than once.
W0000 00:00:1780563528.471176      41 computation_placer.cc:177] computation placer already registered. Please check linkage and avoid linking the same target more than once.
W0000 00:00:1780563528.471176      38 computation_placer.cc:177] computation placer already registered. Please check linkage and avoid linking the same target more than once.
W0000 00:00:1780563528.471179      41 computation_placer.cc:177] computation placer already registered. Please check linkage and avoid linking the same target more than once.
W0000 00:00:1780563528.471179      38 computation_placer.cc:177] computation placer already registered. Please check linkage and avoid linking the same target more than once.
W0000 00:00:1780563528.471179      39 computation_placer.cc:177] computation placer already registered. Please check linkage and avoid linking the same target more than once.
W0000 00:00:1780563528.471181      41 computation_placer.cc:177] computation placer already registered. Please check linkage and avoid linking the same target more than once.
W0000 00:00:1780563528.471181      38 computation_placer.cc:177] computation placer already registered. Please check linkage and avoid linking the same target more than once.
W0000 00:00:1780563528.471182      39 computation_placer.cc:177] computation placer already registered. Please check linkage and avoid linking the same target more than once.
W0000 00:00:1780563528.471182      40 computation_placer.cc:177] computation placer already registered. Please check linkage and avoid linking the same target more than once.
W0000 00:00:1780563528.471185      40 computation_placer.cc:177] computation placer already registered. Please check linkage and avoid linking the same target more than once.
W0000 00:00:1780563528.471187      40 computation_placer.cc:177] computation placer already registered. Please check linkage and avoid linking the same target more than once.
W0000 00:00:1780563534.294879      38 gpu_device.cc:2341] Cannot dlopen some GPU libraries. Please make sure the missing libraries mentioned above are installed properly if you would like to use GPU. Follow the guide at https://www.tensorflow.org/install/gpu for how to download and setup the required libraries for your platform.
Skipping registering GPU devices...
W0000 00:00:1780563534.382945      41 gpu_device.cc:2341] Cannot dlopen some GPU libraries. Please make sure the missing libraries mentioned above are installed properly if you would like to use GPU. Follow the guide at https://www.tensorflow.org/install/gpu for how to download and setup the required libraries for your platform.
Skipping registering GPU devices...
W0000 00:00:1780563534.465839      39 gpu_device.cc:2341] Cannot dlopen some GPU libraries. Please make sure the missing libraries mentioned above are installed properly if you would like to use GPU. Follow the guide at https://www.tensorflow.org/install/gpu for how to download and setup the required libraries for your platform.
Skipping registering GPU devices...
W0000 00:00:1780563534.565533      40 gpu_device.cc:2341] Cannot dlopen some GPU libraries. Please make sure the missing libraries mentioned above are installed properly if you would like to use GPU. Follow the guide at https://www.tensorflow.org/install/gpu for how to download and setup the required libraries for your platform.
Skipping registering GPU devices...
/usr/local/lib/python3.11/site-packages/torch/__init__.py:1617: UserWarning: Please use the new API settings to control TF32 behavior, such as torch.backends.cudnn.conv.fp32_precision = 'tf32' or torch.backends.cuda.matmul.fp32_precision = 'ieee'. Old settings, e.g, torch.backends.cuda.matmul.allow_tf32 = True, torch.backends.cudnn.allow_tf32 = True, allowTF32CuDNN() and allowTF32CuBLAS() will be deprecated after Pytorch 2.9. Please see https://pytorch.org/docs/main/notes/cuda.html#tensorfloat-32-tf32-on-ampere-and-later-devices (Triggered internally at /pytorch/aten/src/ATen/Context.cpp:80.)
  _C._set_float32_matmul_precision(precision)
/usr/local/lib/python3.11/site-packages/torch/__init__.py:1617: UserWarning: Please use the new API settings to control TF32 behavior, such as torch.backends.cudnn.conv.fp32_precision = 'tf32' or torch.backends.cuda.matmul.fp32_precision = 'ieee'. Old settings, e.g, torch.backends.cuda.matmul.allow_tf32 = True, torch.backends.cudnn.allow_tf32 = True, allowTF32CuDNN() and allowTF32CuBLAS() will be deprecated after Pytorch 2.9. Please see https://pytorch.org/docs/main/notes/cuda.html#tensorfloat-32-tf32-on-ampere-and-later-devices (Triggered internally at /pytorch/aten/src/ATen/Context.cpp:80.)
  _C._set_float32_matmul_precision(precision)
/usr/local/lib/python3.11/site-packages/torch/__init__.py:1617: UserWarning: Please use the new API settings to control TF32 behavior, such as torch.backends.cudnn.conv.fp32_precision = 'tf32' or torch.backends.cuda.matmul.fp32_precision = 'ieee'. Old settings, e.g, torch.backends.cuda.matmul.allow_tf32 = True, torch.backends.cudnn.allow_tf32 = True, allowTF32CuDNN() and allowTF32CuBLAS() will be deprecated after Pytorch 2.9. Please see https://pytorch.org/docs/main/notes/cuda.html#tensorfloat-32-tf32-on-ampere-and-later-devices (Triggered internally at /pytorch/aten/src/ATen/Context.cpp:80.)
  _C._set_float32_matmul_precision(precision)
/usr/local/lib/python3.11/site-packages/torch/__init__.py:1617: UserWarning: Please use the new API settings to control TF32 behavior, such as torch.backends.cudnn.conv.fp32_precision = 'tf32' or torch.backends.cuda.matmul.fp32_precision = 'ieee'. Old settings, e.g, torch.backends.cuda.matmul.allow_tf32 = True, torch.backends.cudnn.allow_tf32 = True, allowTF32CuDNN() and allowTF32CuBLAS() will be deprecated after Pytorch 2.9. Please see https://pytorch.org/docs/main/notes/cuda.html#tensorfloat-32-tf32-on-ampere-and-later-devices (Triggered internally at /pytorch/aten/src/ATen/Context.cpp:80.)
  _C._set_float32_matmul_precision(precision)
/usr/local/lib/python3.11/site-packages/pydantic/_internal/_generate_schema.py:2249: UnsupportedFieldAttributeWarning: The 'repr' attribute with value False was provided to the `Field()` function, which has no effect in the context it was used. 'repr' is field-specific metadata, and can only be attached to a model field using `Annotated` metadata or by assignment. This may have happened because an `Annotated` type alias using the `type` statement was used, or if the `Field()` function was attached to a single member of a union type.
  warnings.warn(
/usr/local/lib/python3.11/site-packages/pydantic/_internal/_generate_schema.py:2249: UnsupportedFieldAttributeWarning: The 'frozen' attribute with value True was provided to the `Field()` function, which has no effect in the context it was used. 'frozen' is field-specific metadata, and can only be attached to a model field using `Annotated` metadata or by assignment. This may have happened because an `Annotated` type alias using the `type` statement was used, or if the `Field()` function was attached to a single member of a union type.
  warnings.warn(
/usr/local/lib/python3.11/site-packages/pydantic/_internal/_generate_schema.py:2249: UnsupportedFieldAttributeWarning: The 'repr' attribute with value False was provided to the `Field()` function, which has no effect in the context it was used. 'repr' is field-specific metadata, and can only be attached to a model field using `Annotated` metadata or by assignment. This may have happened because an `Annotated` type alias using the `type` statement was used, or if the `Field()` function was attached to a single member of a union type.
  warnings.warn(
/usr/local/lib/python3.11/site-packages/pydantic/_internal/_generate_schema.py:2249: UnsupportedFieldAttributeWarning: The 'frozen' attribute with value True was provided to the `Field()` function, which has no effect in the context it was used. 'frozen' is field-specific metadata, and can only be attached to a model field using `Annotated` metadata or by assignment. This may have happened because an `Annotated` type alias using the `type` statement was used, or if the `Field()` function was attached to a single member of a union type.
  warnings.warn(
/usr/local/lib/python3.11/site-packages/pydantic/_internal/_generate_schema.py:2249: UnsupportedFieldAttributeWarning: The 'repr' attribute with value False was provided to the `Field()` function, which has no effect in the context it was used. 'repr' is field-specific metadata, and can only be attached to a model field using `Annotated` metadata or by assignment. This may have happened because an `Annotated` type alias using the `type` statement was used, or if the `Field()` function was attached to a single member of a union type.
  warnings.warn(
/usr/local/lib/python3.11/site-packages/pydantic/_internal/_generate_schema.py:2249: UnsupportedFieldAttributeWarning: The 'frozen' attribute with value True was provided to the `Field()` function, which has no effect in the context it was used. 'frozen' is field-specific metadata, and can only be attached to a model field using `Annotated` metadata or by assignment. This may have happened because an `Annotated` type alias using the `type` statement was used, or if the `Field()` function was attached to a single member of a union type.
  warnings.warn(
/usr/local/lib/python3.11/site-packages/pydantic/_internal/_generate_schema.py:2249: UnsupportedFieldAttributeWarning: The 'repr' attribute with value False was provided to the `Field()` function, which has no effect in the context it was used. 'repr' is field-specific metadata, and can only be attached to a model field using `Annotated` metadata or by assignment. This may have happened because an `Annotated` type alias using the `type` statement was used, or if the `Field()` function was attached to a single member of a union type.
  warnings.warn(
/usr/local/lib/python3.11/site-packages/pydantic/_internal/_generate_schema.py:2249: UnsupportedFieldAttributeWarning: The 'frozen' attribute with value True was provided to the `Field()` function, which has no effect in the context it was used. 'frozen' is field-specific metadata, and can only be attached to a model field using `Annotated` metadata or by assignment. This may have happened because an `Annotated` type alias using the `type` statement was used, or if the `Field()` function was attached to a single member of a union type.
  warnings.warn(
I0604 08:58:56.526387 139992293487808 logger_utils.py:59] Removing existing experiment directory /experiment_runs/submissions_a100/muon_torch_jax_hps_achandr/study_1/finewebedu_lm_pytorch because --overwrite was set.
I0604 08:58:56.526388 140614221968576 logger_utils.py:59] Removing existing experiment directory /experiment_runs/submissions_a100/muon_torch_jax_hps_achandr/study_1/finewebedu_lm_pytorch because --overwrite was set.
I0604 08:58:56.526387 139725306184896 logger_utils.py:59] Removing existing experiment directory /experiment_runs/submissions_a100/muon_torch_jax_hps_achandr/study_1/finewebedu_lm_pytorch because --overwrite was set.
I0604 08:58:56.526395 139994517062848 logger_utils.py:59] Removing existing experiment directory /experiment_runs/submissions_a100/muon_torch_jax_hps_achandr/study_1/finewebedu_lm_pytorch because --overwrite was set.
/usr/local/lib/python3.11/site-packages/torch/distributed/distributed_c10d.py:4876: UserWarning: barrier(): using the device under current context. You can specify `device_id` in `init_process_group` to mute this warning.
  warnings.warn(  # warn only once
[rank0]:[W604 08:58:56.876942292 ProcessGroupNCCL.cpp:5068] Guessing device ID based on global rank. This can cause a hang if rank to GPU mapping is heterogeneous. You can specify device_id in init_process_group()
I0604 08:58:57.268209 139992293487808 logger_utils.py:84] Creating experiment directory at /experiment_runs/submissions_a100/muon_torch_jax_hps_achandr/study_1/finewebedu_lm_pytorch.
I0604 08:58:57.268205 140614221968576 logger_utils.py:84] Creating experiment directory at /experiment_runs/submissions_a100/muon_torch_jax_hps_achandr/study_1/finewebedu_lm_pytorch.
I0604 08:58:57.268206 139725306184896 logger_utils.py:84] Creating experiment directory at /experiment_runs/submissions_a100/muon_torch_jax_hps_achandr/study_1/finewebedu_lm_pytorch.
I0604 08:58:57.268241 139994517062848 logger_utils.py:84] Creating experiment directory at /experiment_runs/submissions_a100/muon_torch_jax_hps_achandr/study_1/finewebedu_lm_pytorch.
I0604 08:58:59.932582 140614221968576 submission_runner.py:741] Creating directory at /experiment_runs/submissions_a100/muon_torch_jax_hps_achandr/study_1/finewebedu_lm_pytorch/trial_1.
I0604 08:59:00.307127 140614221968576 submission_runner.py:242] Initializing dataset.
I0604 08:59:00.307320 140614221968576 submission_runner.py:251] Initializing model.
I0604 08:59:06.013557 140614221968576 submission_runner.py:290] Performing `torch.compile`.
I0604 08:59:06.017349 140614221968576 submission_runner.py:294] Initializing optimizer.
I0604 08:59:06.017522 139725306184896 muon.py:324] Muon params:
	_orig_mod.module.layers.0.attn.w_qkv.weight (ndim=2)
	_orig_mod.module.layers.0.attn.w_out.weight (ndim=2)
	_orig_mod.module.layers.0.mlp.fc1.weight (ndim=2)
	_orig_mod.module.layers.0.mlp.fc2.weight (ndim=2)
	_orig_mod.module.layers.1.attn.w_qkv.weight (ndim=2)
	_orig_mod.module.layers.1.attn.w_out.weight (ndim=2)
	_orig_mod.module.layers.1.mlp.fc1.weight (ndim=2)
	_orig_mod.module.layers.1.mlp.fc2.weight (ndim=2)
	_orig_mod.module.layers.2.attn.w_qkv.weight (ndim=2)
	_orig_mod.module.layers.2.attn.w_out.weight (ndim=2)
	_orig_mod.module.layers.2.mlp.fc1.weight (ndim=2)
	_orig_mod.module.layers.2.mlp.fc2.weight (ndim=2)
	_orig_mod.module.layers.3.attn.w_qkv.weight (ndim=2)
	_orig_mod.module.layers.3.attn.w_out.weight (ndim=2)
	_orig_mod.module.layers.3.mlp.fc1.weight (ndim=2)
	_orig_mod.module.layers.3.mlp.fc2.weight (ndim=2)
	_orig_mod.module.layers.4.attn.w_qkv.weight (ndim=2)
	_orig_mod.module.layers.4.attn.w_out.weight (ndim=2)
	_orig_mod.module.layers.4.mlp.fc1.weight (ndim=2)
	_orig_mod.module.layers.4.mlp.fc2.weight (ndim=2)
	_orig_mod.module.layers.5.attn.w_qkv.weight (ndim=2)
	_orig_mod.module.layers.5.attn.w_out.weight (ndim=2)
	_orig_mod.module.layers.5.mlp.fc1.weight (ndim=2)
	_orig_mod.module.layers.5.mlp.fc2.weight (ndim=2)
	_orig_mod.module.layers.6.attn.w_qkv.weight (ndim=2)
	_orig_mod.module.layers.6.attn.w_out.weight (ndim=2)
	_orig_mod.module.layers.6.mlp.fc1.weight (ndim=2)
	_orig_mod.module.layers.6.mlp.fc2.weight (ndim=2)
	_orig_mod.module.layers.7.attn.w_qkv.weight (ndim=2)
	_orig_mod.module.layers.7.attn.w_out.weight (ndim=2)
	_orig_mod.module.layers.7.mlp.fc1.weight (ndim=2)
	_orig_mod.module.layers.7.mlp.fc2.weight (ndim=2)
	_orig_mod.module.layers.8.attn.w_qkv.weight (ndim=2)
	_orig_mod.module.layers.8.attn.w_out.weight (ndim=2)
	_orig_mod.module.layers.8.mlp.fc1.weight (ndim=2)
	_orig_mod.module.layers.8.mlp.fc2.weight (ndim=2)
	_orig_mod.module.layers.9.attn.w_qkv.weight (ndim=2)
	_orig_mod.module.layers.9.attn.w_out.weight (ndim=2)
	_orig_mod.module.layers.9.mlp.fc1.weight (ndim=2)
	_orig_mod.module.layers.9.mlp.fc2.weight (ndim=2)
	_orig_mod.module.layers.10.attn.w_qkv.weight (ndim=2)
	_orig_mod.module.layers.10.attn.w_out.weight (ndim=2)
	_orig_mod.module.layers.10.mlp.fc1.weight (ndim=2)
	_orig_mod.module.layers.10.mlp.fc2.weight (ndim=2)
	_orig_mod.module.layers.11.attn.w_qkv.weight (ndim=2)
	_orig_mod.module.layers.11.attn.w_out.weight (ndim=2)
	_orig_mod.module.layers.11.mlp.fc1.weight (ndim=2)
	_orig_mod.module.layers.11.mlp.fc2.weight (ndim=2)
I0604 08:59:06.017532 139992293487808 muon.py:324] Muon params:
	_orig_mod.module.layers.0.attn.w_qkv.weight (ndim=2)
	_orig_mod.module.layers.0.attn.w_out.weight (ndim=2)
	_orig_mod.module.layers.0.mlp.fc1.weight (ndim=2)
	_orig_mod.module.layers.0.mlp.fc2.weight (ndim=2)
	_orig_mod.module.layers.1.attn.w_qkv.weight (ndim=2)
	_orig_mod.module.layers.1.attn.w_out.weight (ndim=2)
	_orig_mod.module.layers.1.mlp.fc1.weight (ndim=2)
	_orig_mod.module.layers.1.mlp.fc2.weight (ndim=2)
	_orig_mod.module.layers.2.attn.w_qkv.weight (ndim=2)
	_orig_mod.module.layers.2.attn.w_out.weight (ndim=2)
	_orig_mod.module.layers.2.mlp.fc1.weight (ndim=2)
	_orig_mod.module.layers.2.mlp.fc2.weight (ndim=2)
	_orig_mod.module.layers.3.attn.w_qkv.weight (ndim=2)
	_orig_mod.module.layers.3.attn.w_out.weight (ndim=2)
	_orig_mod.module.layers.3.mlp.fc1.weight (ndim=2)
	_orig_mod.module.layers.3.mlp.fc2.weight (ndim=2)
	_orig_mod.module.layers.4.attn.w_qkv.weight (ndim=2)
	_orig_mod.module.layers.4.attn.w_out.weight (ndim=2)
	_orig_mod.module.layers.4.mlp.fc1.weight (ndim=2)
	_orig_mod.module.layers.4.mlp.fc2.weight (ndim=2)
	_orig_mod.module.layers.5.attn.w_qkv.weight (ndim=2)
	_orig_mod.module.layers.5.attn.w_out.weight (ndim=2)
	_orig_mod.module.layers.5.mlp.fc1.weight (ndim=2)
	_orig_mod.module.layers.5.mlp.fc2.weight (ndim=2)
	_orig_mod.module.layers.6.attn.w_qkv.weight (ndim=2)
	_orig_mod.module.layers.6.attn.w_out.weight (ndim=2)
	_orig_mod.module.layers.6.mlp.fc1.weight (ndim=2)
	_orig_mod.module.layers.6.mlp.fc2.weight (ndim=2)
	_orig_mod.module.layers.7.attn.w_qkv.weight (ndim=2)
	_orig_mod.module.layers.7.attn.w_out.weight (ndim=2)
	_orig_mod.module.layers.7.mlp.fc1.weight (ndim=2)
	_orig_mod.module.layers.7.mlp.fc2.weight (ndim=2)
	_orig_mod.module.layers.8.attn.w_qkv.weight (ndim=2)
	_orig_mod.module.layers.8.attn.w_out.weight (ndim=2)
	_orig_mod.module.layers.8.mlp.fc1.weight (ndim=2)
	_orig_mod.module.layers.8.mlp.fc2.weight (ndim=2)
	_orig_mod.module.layers.9.attn.w_qkv.weight (ndim=2)
	_orig_mod.module.layers.9.attn.w_out.weight (ndim=2)
	_orig_mod.module.layers.9.mlp.fc1.weight (ndim=2)
	_orig_mod.module.layers.9.mlp.fc2.weight (ndim=2)
	_orig_mod.module.layers.10.attn.w_qkv.weight (ndim=2)
	_orig_mod.module.layers.10.attn.w_out.weight (ndim=2)
	_orig_mod.module.layers.10.mlp.fc1.weight (ndim=2)
	_orig_mod.module.layers.10.mlp.fc2.weight (ndim=2)
	_orig_mod.module.layers.11.attn.w_qkv.weight (ndim=2)
	_orig_mod.module.layers.11.attn.w_out.weight (ndim=2)
	_orig_mod.module.layers.11.mlp.fc1.weight (ndim=2)
	_orig_mod.module.layers.11.mlp.fc2.weight (ndim=2)
I0604 08:59:06.017689 139725306184896 muon.py:325] Adam params:
	_orig_mod.module.embed_tokens.weight (ndim=2)
	_orig_mod.module.layers.0.attn.attn_scale (ndim=0)
	_orig_mod.module.layers.0.attn_norm.weight (ndim=1)
	_orig_mod.module.layers.0.mlp_norm.weight (ndim=1)
	_orig_mod.module.layers.1.attn.attn_scale (ndim=0)
	_orig_mod.module.layers.1.attn_norm.weight (ndim=1)
	_orig_mod.module.layers.1.mlp_norm.weight (ndim=1)
	_orig_mod.module.layers.2.attn.attn_scale (ndim=0)
	_orig_mod.module.layers.2.attn_norm.weight (ndim=1)
	_orig_mod.module.layers.2.mlp_norm.weight (ndim=1)
	_orig_mod.module.layers.3.attn.attn_scale (ndim=0)
	_orig_mod.module.layers.3.attn_norm.weight (ndim=1)
	_orig_mod.module.layers.3.mlp_norm.weight (ndim=1)
	_orig_mod.module.layers.4.attn.attn_scale (ndim=0)
	_orig_mod.module.layers.4.attn_norm.weight (ndim=1)
	_orig_mod.module.layers.4.mlp_norm.weight (ndim=1)
	_orig_mod.module.layers.5.attn.attn_scale (ndim=0)
	_orig_mod.module.layers.5.attn_norm.weight (ndim=1)
	_orig_mod.module.layers.5.mlp_norm.weight (ndim=1)
	_orig_mod.module.layers.6.attn.attn_scale (ndim=0)
	_orig_mod.module.layers.6.attn_norm.weight (ndim=1)
	_orig_mod.module.layers.6.mlp_norm.weight (ndim=1)
	_orig_mod.module.layers.7.attn.attn_scale (ndim=0)
	_orig_mod.module.layers.7.attn_norm.weight (ndim=1)
	_orig_mod.module.layers.7.mlp_norm.weight (ndim=1)
	_orig_mod.module.layers.8.attn.attn_scale (ndim=0)
	_orig_mod.module.layers.8.attn_norm.weight (ndim=1)
	_orig_mod.module.layers.8.mlp_norm.weight (ndim=1)
	_orig_mod.module.layers.9.attn.attn_scale (ndim=0)
	_orig_mod.module.layers.9.attn_norm.weight (ndim=1)
	_orig_mod.module.layers.9.mlp_norm.weight (ndim=1)
	_orig_mod.module.layers.10.attn.attn_scale (ndim=0)
	_orig_mod.module.layers.10.attn_norm.weight (ndim=1)
	_orig_mod.module.layers.10.mlp_norm.weight (ndim=1)
	_orig_mod.module.layers.11.attn.attn_scale (ndim=0)
	_orig_mod.module.layers.11.attn_norm.weight (ndim=1)
	_orig_mod.module.layers.11.mlp_norm.weight (ndim=1)
	_orig_mod.module.out_norm.weight (ndim=1)
I0604 08:59:06.017610 139994517062848 muon.py:324] Muon params:
	_orig_mod.module.layers.0.attn.w_qkv.weight (ndim=2)
	_orig_mod.module.layers.0.attn.w_out.weight (ndim=2)
	_orig_mod.module.layers.0.mlp.fc1.weight (ndim=2)
	_orig_mod.module.layers.0.mlp.fc2.weight (ndim=2)
	_orig_mod.module.layers.1.attn.w_qkv.weight (ndim=2)
	_orig_mod.module.layers.1.attn.w_out.weight (ndim=2)
	_orig_mod.module.layers.1.mlp.fc1.weight (ndim=2)
	_orig_mod.module.layers.1.mlp.fc2.weight (ndim=2)
	_orig_mod.module.layers.2.attn.w_qkv.weight (ndim=2)
	_orig_mod.module.layers.2.attn.w_out.weight (ndim=2)
	_orig_mod.module.layers.2.mlp.fc1.weight (ndim=2)
	_orig_mod.module.layers.2.mlp.fc2.weight (ndim=2)
	_orig_mod.module.layers.3.attn.w_qkv.weight (ndim=2)
	_orig_mod.module.layers.3.attn.w_out.weight (ndim=2)
	_orig_mod.module.layers.3.mlp.fc1.weight (ndim=2)
	_orig_mod.module.layers.3.mlp.fc2.weight (ndim=2)
	_orig_mod.module.layers.4.attn.w_qkv.weight (ndim=2)
	_orig_mod.module.layers.4.attn.w_out.weight (ndim=2)
	_orig_mod.module.layers.4.mlp.fc1.weight (ndim=2)
	_orig_mod.module.layers.4.mlp.fc2.weight (ndim=2)
	_orig_mod.module.layers.5.attn.w_qkv.weight (ndim=2)
	_orig_mod.module.layers.5.attn.w_out.weight (ndim=2)
	_orig_mod.module.layers.5.mlp.fc1.weight (ndim=2)
	_orig_mod.module.layers.5.mlp.fc2.weight (ndim=2)
	_orig_mod.module.layers.6.attn.w_qkv.weight (ndim=2)
	_orig_mod.module.layers.6.attn.w_out.weight (ndim=2)
	_orig_mod.module.layers.6.mlp.fc1.weight (ndim=2)
	_orig_mod.module.layers.6.mlp.fc2.weight (ndim=2)
	_orig_mod.module.layers.7.attn.w_qkv.weight (ndim=2)
	_orig_mod.module.layers.7.attn.w_out.weight (ndim=2)
	_orig_mod.module.layers.7.mlp.fc1.weight (ndim=2)
	_orig_mod.module.layers.7.mlp.fc2.weight (ndim=2)
	_orig_mod.module.layers.8.attn.w_qkv.weight (ndim=2)
	_orig_mod.module.layers.8.attn.w_out.weight (ndim=2)
	_orig_mod.module.layers.8.mlp.fc1.weight (ndim=2)
	_orig_mod.module.layers.8.mlp.fc2.weight (ndim=2)
	_orig_mod.module.layers.9.attn.w_qkv.weight (ndim=2)
	_orig_mod.module.layers.9.attn.w_out.weight (ndim=2)
	_orig_mod.module.layers.9.mlp.fc1.weight (ndim=2)
	_orig_mod.module.layers.9.mlp.fc2.weight (ndim=2)
	_orig_mod.module.layers.10.attn.w_qkv.weight (ndim=2)
	_orig_mod.module.layers.10.attn.w_out.weight (ndim=2)
	_orig_mod.module.layers.10.mlp.fc1.weight (ndim=2)
	_orig_mod.module.layers.10.mlp.fc2.weight (ndim=2)
	_orig_mod.module.layers.11.attn.w_qkv.weight (ndim=2)
	_orig_mod.module.layers.11.attn.w_out.weight (ndim=2)
	_orig_mod.module.layers.11.mlp.fc1.weight (ndim=2)
	_orig_mod.module.layers.11.mlp.fc2.weight (ndim=2)
I0604 08:59:06.017702 139992293487808 muon.py:325] Adam params:
	_orig_mod.module.embed_tokens.weight (ndim=2)
	_orig_mod.module.layers.0.attn.attn_scale (ndim=0)
	_orig_mod.module.layers.0.attn_norm.weight (ndim=1)
	_orig_mod.module.layers.0.mlp_norm.weight (ndim=1)
	_orig_mod.module.layers.1.attn.attn_scale (ndim=0)
	_orig_mod.module.layers.1.attn_norm.weight (ndim=1)
	_orig_mod.module.layers.1.mlp_norm.weight (ndim=1)
	_orig_mod.module.layers.2.attn.attn_scale (ndim=0)
	_orig_mod.module.layers.2.attn_norm.weight (ndim=1)
	_orig_mod.module.layers.2.mlp_norm.weight (ndim=1)
	_orig_mod.module.layers.3.attn.attn_scale (ndim=0)
	_orig_mod.module.layers.3.attn_norm.weight (ndim=1)
	_orig_mod.module.layers.3.mlp_norm.weight (ndim=1)
	_orig_mod.module.layers.4.attn.attn_scale (ndim=0)
	_orig_mod.module.layers.4.attn_norm.weight (ndim=1)
	_orig_mod.module.layers.4.mlp_norm.weight (ndim=1)
	_orig_mod.module.layers.5.attn.attn_scale (ndim=0)
	_orig_mod.module.layers.5.attn_norm.weight (ndim=1)
	_orig_mod.module.layers.5.mlp_norm.weight (ndim=1)
	_orig_mod.module.layers.6.attn.attn_scale (ndim=0)
	_orig_mod.module.layers.6.attn_norm.weight (ndim=1)
	_orig_mod.module.layers.6.mlp_norm.weight (ndim=1)
	_orig_mod.module.layers.7.attn.attn_scale (ndim=0)
	_orig_mod.module.layers.7.attn_norm.weight (ndim=1)
	_orig_mod.module.layers.7.mlp_norm.weight (ndim=1)
	_orig_mod.module.layers.8.attn.attn_scale (ndim=0)
	_orig_mod.module.layers.8.attn_norm.weight (ndim=1)
	_orig_mod.module.layers.8.mlp_norm.weight (ndim=1)
	_orig_mod.module.layers.9.attn.attn_scale (ndim=0)
	_orig_mod.module.layers.9.attn_norm.weight (ndim=1)
	_orig_mod.module.layers.9.mlp_norm.weight (ndim=1)
	_orig_mod.module.layers.10.attn.attn_scale (ndim=0)
	_orig_mod.module.layers.10.attn_norm.weight (ndim=1)
	_orig_mod.module.layers.10.mlp_norm.weight (ndim=1)
	_orig_mod.module.layers.11.attn.attn_scale (ndim=0)
	_orig_mod.module.layers.11.attn_norm.weight (ndim=1)
	_orig_mod.module.layers.11.mlp_norm.weight (ndim=1)
	_orig_mod.module.out_norm.weight (ndim=1)
I0604 08:59:06.017771 139994517062848 muon.py:325] Adam params:
	_orig_mod.module.embed_tokens.weight (ndim=2)
	_orig_mod.module.layers.0.attn.attn_scale (ndim=0)
	_orig_mod.module.layers.0.attn_norm.weight (ndim=1)
	_orig_mod.module.layers.0.mlp_norm.weight (ndim=1)
	_orig_mod.module.layers.1.attn.attn_scale (ndim=0)
	_orig_mod.module.layers.1.attn_norm.weight (ndim=1)
	_orig_mod.module.layers.1.mlp_norm.weight (ndim=1)
	_orig_mod.module.layers.2.attn.attn_scale (ndim=0)
	_orig_mod.module.layers.2.attn_norm.weight (ndim=1)
	_orig_mod.module.layers.2.mlp_norm.weight (ndim=1)
	_orig_mod.module.layers.3.attn.attn_scale (ndim=0)
	_orig_mod.module.layers.3.attn_norm.weight (ndim=1)
	_orig_mod.module.layers.3.mlp_norm.weight (ndim=1)
	_orig_mod.module.layers.4.attn.attn_scale (ndim=0)
	_orig_mod.module.layers.4.attn_norm.weight (ndim=1)
	_orig_mod.module.layers.4.mlp_norm.weight (ndim=1)
	_orig_mod.module.layers.5.attn.attn_scale (ndim=0)
	_orig_mod.module.layers.5.attn_norm.weight (ndim=1)
	_orig_mod.module.layers.5.mlp_norm.weight (ndim=1)
	_orig_mod.module.layers.6.attn.attn_scale (ndim=0)
	_orig_mod.module.layers.6.attn_norm.weight (ndim=1)
	_orig_mod.module.layers.6.mlp_norm.weight (ndim=1)
	_orig_mod.module.layers.7.attn.attn_scale (ndim=0)
	_orig_mod.module.layers.7.attn_norm.weight (ndim=1)
	_orig_mod.module.layers.7.mlp_norm.weight (ndim=1)
	_orig_mod.module.layers.8.attn.attn_scale (ndim=0)
	_orig_mod.module.layers.8.attn_norm.weight (ndim=1)
	_orig_mod.module.layers.8.mlp_norm.weight (ndim=1)
	_orig_mod.module.layers.9.attn.attn_scale (ndim=0)
	_orig_mod.module.layers.9.attn_norm.weight (ndim=1)
	_orig_mod.module.layers.9.mlp_norm.weight (ndim=1)
	_orig_mod.module.layers.10.attn.attn_scale (ndim=0)
	_orig_mod.module.layers.10.attn_norm.weight (ndim=1)
	_orig_mod.module.layers.10.mlp_norm.weight (ndim=1)
	_orig_mod.module.layers.11.attn.attn_scale (ndim=0)
	_orig_mod.module.layers.11.attn_norm.weight (ndim=1)
	_orig_mod.module.layers.11.mlp_norm.weight (ndim=1)
	_orig_mod.module.out_norm.weight (ndim=1)
I0604 08:59:06.017850 140614221968576 muon.py:324] Muon params:
	_orig_mod.module.layers.0.attn.w_qkv.weight (ndim=2)
	_orig_mod.module.layers.0.attn.w_out.weight (ndim=2)
	_orig_mod.module.layers.0.mlp.fc1.weight (ndim=2)
	_orig_mod.module.layers.0.mlp.fc2.weight (ndim=2)
	_orig_mod.module.layers.1.attn.w_qkv.weight (ndim=2)
	_orig_mod.module.layers.1.attn.w_out.weight (ndim=2)
	_orig_mod.module.layers.1.mlp.fc1.weight (ndim=2)
	_orig_mod.module.layers.1.mlp.fc2.weight (ndim=2)
	_orig_mod.module.layers.2.attn.w_qkv.weight (ndim=2)
	_orig_mod.module.layers.2.attn.w_out.weight (ndim=2)
	_orig_mod.module.layers.2.mlp.fc1.weight (ndim=2)
	_orig_mod.module.layers.2.mlp.fc2.weight (ndim=2)
	_orig_mod.module.layers.3.attn.w_qkv.weight (ndim=2)
	_orig_mod.module.layers.3.attn.w_out.weight (ndim=2)
	_orig_mod.module.layers.3.mlp.fc1.weight (ndim=2)
	_orig_mod.module.layers.3.mlp.fc2.weight (ndim=2)
	_orig_mod.module.layers.4.attn.w_qkv.weight (ndim=2)
	_orig_mod.module.layers.4.attn.w_out.weight (ndim=2)
	_orig_mod.module.layers.4.mlp.fc1.weight (ndim=2)
	_orig_mod.module.layers.4.mlp.fc2.weight (ndim=2)
	_orig_mod.module.layers.5.attn.w_qkv.weight (ndim=2)
	_orig_mod.module.layers.5.attn.w_out.weight (ndim=2)
	_orig_mod.module.layers.5.mlp.fc1.weight (ndim=2)
	_orig_mod.module.layers.5.mlp.fc2.weight (ndim=2)
	_orig_mod.module.layers.6.attn.w_qkv.weight (ndim=2)
	_orig_mod.module.layers.6.attn.w_out.weight (ndim=2)
	_orig_mod.module.layers.6.mlp.fc1.weight (ndim=2)
	_orig_mod.module.layers.6.mlp.fc2.weight (ndim=2)
	_orig_mod.module.layers.7.attn.w_qkv.weight (ndim=2)
	_orig_mod.module.layers.7.attn.w_out.weight (ndim=2)
	_orig_mod.module.layers.7.mlp.fc1.weight (ndim=2)
	_orig_mod.module.layers.7.mlp.fc2.weight (ndim=2)
	_orig_mod.module.layers.8.attn.w_qkv.weight (ndim=2)
	_orig_mod.module.layers.8.attn.w_out.weight (ndim=2)
	_orig_mod.module.layers.8.mlp.fc1.weight (ndim=2)
	_orig_mod.module.layers.8.mlp.fc2.weight (ndim=2)
	_orig_mod.module.layers.9.attn.w_qkv.weight (ndim=2)
	_orig_mod.module.layers.9.attn.w_out.weight (ndim=2)
	_orig_mod.module.layers.9.mlp.fc1.weight (ndim=2)
	_orig_mod.module.layers.9.mlp.fc2.weight (ndim=2)
	_orig_mod.module.layers.10.attn.w_qkv.weight (ndim=2)
	_orig_mod.module.layers.10.attn.w_out.weight (ndim=2)
	_orig_mod.module.layers.10.mlp.fc1.weight (ndim=2)
	_orig_mod.module.layers.10.mlp.fc2.weight (ndim=2)
	_orig_mod.module.layers.11.attn.w_qkv.weight (ndim=2)
	_orig_mod.module.layers.11.attn.w_out.weight (ndim=2)
	_orig_mod.module.layers.11.mlp.fc1.weight (ndim=2)
	_orig_mod.module.layers.11.mlp.fc2.weight (ndim=2)
I0604 08:59:06.017937 140614221968576 muon.py:325] Adam params:
	_orig_mod.module.embed_tokens.weight (ndim=2)
	_orig_mod.module.layers.0.attn.attn_scale (ndim=0)
	_orig_mod.module.layers.0.attn_norm.weight (ndim=1)
	_orig_mod.module.layers.0.mlp_norm.weight (ndim=1)
	_orig_mod.module.layers.1.attn.attn_scale (ndim=0)
	_orig_mod.module.layers.1.attn_norm.weight (ndim=1)
	_orig_mod.module.layers.1.mlp_norm.weight (ndim=1)
	_orig_mod.module.layers.2.attn.attn_scale (ndim=0)
	_orig_mod.module.layers.2.attn_norm.weight (ndim=1)
	_orig_mod.module.layers.2.mlp_norm.weight (ndim=1)
	_orig_mod.module.layers.3.attn.attn_scale (ndim=0)
	_orig_mod.module.layers.3.attn_norm.weight (ndim=1)
	_orig_mod.module.layers.3.mlp_norm.weight (ndim=1)
	_orig_mod.module.layers.4.attn.attn_scale (ndim=0)
	_orig_mod.module.layers.4.attn_norm.weight (ndim=1)
	_orig_mod.module.layers.4.mlp_norm.weight (ndim=1)
	_orig_mod.module.layers.5.attn.attn_scale (ndim=0)
	_orig_mod.module.layers.5.attn_norm.weight (ndim=1)
	_orig_mod.module.layers.5.mlp_norm.weight (ndim=1)
	_orig_mod.module.layers.6.attn.attn_scale (ndim=0)
	_orig_mod.module.layers.6.attn_norm.weight (ndim=1)
	_orig_mod.module.layers.6.mlp_norm.weight (ndim=1)
	_orig_mod.module.layers.7.attn.attn_scale (ndim=0)
	_orig_mod.module.layers.7.attn_norm.weight (ndim=1)
	_orig_mod.module.layers.7.mlp_norm.weight (ndim=1)
	_orig_mod.module.layers.8.attn.attn_scale (ndim=0)
	_orig_mod.module.layers.8.attn_norm.weight (ndim=1)
	_orig_mod.module.layers.8.mlp_norm.weight (ndim=1)
	_orig_mod.module.layers.9.attn.attn_scale (ndim=0)
	_orig_mod.module.layers.9.attn_norm.weight (ndim=1)
	_orig_mod.module.layers.9.mlp_norm.weight (ndim=1)
	_orig_mod.module.layers.10.attn.attn_scale (ndim=0)
	_orig_mod.module.layers.10.attn_norm.weight (ndim=1)
	_orig_mod.module.layers.10.mlp_norm.weight (ndim=1)
	_orig_mod.module.layers.11.attn.attn_scale (ndim=0)
	_orig_mod.module.layers.11.attn_norm.weight (ndim=1)
	_orig_mod.module.layers.11.mlp_norm.weight (ndim=1)
	_orig_mod.module.out_norm.weight (ndim=1)
I0604 08:59:06.019067 140614221968576 submission_runner.py:299] Initializing metrics bundle.
I0604 08:59:06.019222 140614221968576 submission_runner.py:321] Initializing checkpoint and logger.
I0604 08:59:06.020787 140614221968576 submission_runner.py:344] Saving meta data to /experiment_runs/submissions_a100/muon_torch_jax_hps_achandr/study_1/finewebedu_lm_pytorch/trial_1/meta_data_0.json.
I0604 08:59:06.020874 139994517062848 logger_utils.py:283] Unable to record workload.train_mean information. Continuing without it.
I0604 08:59:06.020875 139992293487808 logger_utils.py:283] Unable to record workload.train_mean information. Continuing without it.
I0604 08:59:06.020901 139725306184896 logger_utils.py:283] Unable to record workload.train_mean information. Continuing without it.
I0604 08:59:06.020967 140614221968576 logger_utils.py:283] Unable to record workload.train_mean information. Continuing without it.
I0604 08:59:06.020992 139994517062848 logger_utils.py:283] Unable to record workload.train_stddev information. Continuing without it.
I0604 08:59:06.020998 139992293487808 logger_utils.py:283] Unable to record workload.train_stddev information. Continuing without it.
I0604 08:59:06.021016 140614221968576 logger_utils.py:283] Unable to record workload.train_stddev information. Continuing without it.
I0604 08:59:06.021014 139725306184896 logger_utils.py:283] Unable to record workload.train_stddev information. Continuing without it.
I0604 08:59:06.234406 140614221968576 submission_runner.py:348] Saving flags to /experiment_runs/submissions_a100/muon_torch_jax_hps_achandr/study_1/finewebedu_lm_pytorch/trial_1/flags_0.json.
I0604 08:59:06.260684 140614221968576 submission_runner.py:359] Starting training loop.
[rank1]:W0604 08:59:10.500000 39 site-packages/torch/_logging/_internal.py:1199] [0/0] Profiler function <class 'torch.autograd.profiler.record_function'> will be ignored
[rank0]:W0604 08:59:10.514000 38 site-packages/torch/_logging/_internal.py:1199] [0/0] Profiler function <class 'torch.autograd.profiler.record_function'> will be ignored
[rank2]:W0604 08:59:10.534000 40 site-packages/torch/_logging/_internal.py:1199] [0/0] Profiler function <class 'torch.autograd.profiler.record_function'> will be ignored
[rank3]:W0604 08:59:10.551000 41 site-packages/torch/_logging/_internal.py:1199] [0/0] Profiler function <class 'torch.autograd.profiler.record_function'> will be ignored
I0604 09:00:00.247515 140614221968576 submission.py:197] 
=== DIAGNOSTICS [Step 0] ===
  • Muon LR:      0.003883970586  |  Grad Norm: 12.872625 (from 48 gradients)
  • NAdamW LR:    0.000135749518  |  Grad Norm: 1.815225 (from 38 gradients)
  • Muon Params:  48 total tensors
  • NAdamW Params:38 total tensors
========================================

I0604 09:00:20.171005 140614221968576 spec.py:333] Evaluating on the training split.
I0604 09:01:06.415967 140614221968576 spec.py:346] Evaluating on the validation split.
I0604 09:03:50.449229 140614221968576 spec.py:363] Evaluating on the test split.
I0604 09:03:50.449975 140614221968576 submission_runner.py:516] Time since start: 284.19s, 	Step: 1, 	{'train/loss': 10.47393798828125, 'train/ppl': 35381.27443062994, 'validation/loss': 10.485079323849105, 'validation/ppl': 35777.67318727807, 'validation/num_examples': 100000, 'test/loss': 0.0, 'test/ppl': 1.0, 'test/num_examples': 0, 'score': 73.27459335327148, 'total_duration': 284.18934416770935, 'accumulated_submission_time': 73.27459335327148, 'accumulated_eval_time': 210.27894520759583, 'accumulated_logging_time': 0}
I0604 09:03:50.558367 140582458304256 logging_writer.py:48] [1] accumulated_eval_time=210.279, accumulated_logging_time=0, accumulated_submission_time=73.2746, global_step=1, preemption_count=0, score=73.2746, test/loss=0, test/num_examples=0, test/ppl=1, total_duration=284.189, train/loss=10.4739, train/ppl=35381.3, validation/loss=10.4851, validation/num_examples=100000, validation/ppl=35777.7
I0604 09:03:52.080480 140614221968576 submission.py:197] 
=== DIAGNOSTICS [Step 1] ===
  • Muon LR:      0.003883970584  |  Grad Norm: 11.371797 (from 48 gradients)
  • NAdamW LR:    0.000135749518  |  Grad Norm: 2.006554 (from 38 gradients)
  • Muon Params:  48 total tensors
  • NAdamW Params:38 total tensors
========================================

I0604 09:03:52.301794 140614221968576 submission.py:197] 
=== DIAGNOSTICS [Step 2] ===
  • Muon LR:      0.003883970579  |  Grad Norm: 9.163618 (from 48 gradients)
  • NAdamW LR:    0.000135749518  |  Grad Norm: 2.178372 (from 38 gradients)
  • Muon Params:  48 total tensors
  • NAdamW Params:38 total tensors
========================================

I0604 09:03:52.507445 140614221968576 submission.py:197] 
=== DIAGNOSTICS [Step 3] ===
  • Muon LR:      0.003883970569  |  Grad Norm: 7.255768 (from 48 gradients)
  • NAdamW LR:    0.000135749517  |  Grad Norm: 2.248338 (from 38 gradients)
  • Muon Params:  48 total tensors
  • NAdamW Params:38 total tensors
========================================

I0604 09:03:52.713696 140614221968576 submission.py:197] 
=== DIAGNOSTICS [Step 4] ===
  • Muon LR:      0.003883970556  |  Grad Norm: 6.323652 (from 48 gradients)
  • NAdamW LR:    0.000135749517  |  Grad Norm: 2.120806 (from 38 gradients)
  • Muon Params:  48 total tensors
  • NAdamW Params:38 total tensors
========================================

I0604 09:03:52.919376 140614221968576 submission.py:197] 
=== DIAGNOSTICS [Step 5] ===
  • Muon LR:      0.003883970540  |  Grad Norm: 4.855023 (from 48 gradients)
  • NAdamW LR:    0.000135749516  |  Grad Norm: 1.908262 (from 38 gradients)
  • Muon Params:  48 total tensors
  • NAdamW Params:38 total tensors
========================================

I0604 09:46:42.235016 140614221968576 spec.py:333] Evaluating on the training split.
I0604 09:46:59.062092 140614221968576 spec.py:346] Evaluating on the validation split.
I0604 09:49:43.477257 140614221968576 spec.py:363] Evaluating on the test split.
I0604 09:49:43.477941 140614221968576 submission_runner.py:516] Time since start: 3037.22s, 	Step: 12637, 	{'train/loss': 3.359583282470703, 'train/ppl': 28.777196418073707, 'validation/loss': 3.348996838035486, 'validation/ppl': 28.474155122330657, 'validation/num_examples': 100000, 'test/loss': 0.0, 'test/ppl': 1.0, 'test/num_examples': 0, 'score': 2639.260565519333, 'total_duration': 3037.2172996997833, 'accumulated_submission_time': 2639.260565519333, 'accumulated_eval_time': 391.52182388305664, 'accumulated_logging_time': 0.3303532600402832}
I0604 09:49:43.505086 140582449911552 logging_writer.py:48] [12637] accumulated_eval_time=391.522, accumulated_logging_time=0.330353, accumulated_submission_time=2639.26, global_step=12637, preemption_count=0, score=2639.26, test/loss=0, test/num_examples=0, test/ppl=1, total_duration=3037.22, train/loss=3.35958, train/ppl=28.7772, validation/loss=3.349, validation/num_examples=100000, validation/ppl=28.4742
I0604 10:32:35.124824 140614221968576 spec.py:333] Evaluating on the training split.
I0604 10:32:51.941730 140614221968576 spec.py:346] Evaluating on the validation split.
I0604 10:35:36.287373 140614221968576 spec.py:363] Evaluating on the test split.
I0604 10:35:36.288081 140614221968576 submission_runner.py:516] Time since start: 5790.03s, 	Step: 25275, 	{'train/loss': 3.2277732849121095, 'train/ppl': 25.22342900243463, 'validation/loss': 3.2159052309782608, 'validation/ppl': 24.92584534895917, 'validation/num_examples': 100000, 'test/loss': 0.0, 'test/ppl': 1.0, 'test/num_examples': 0, 'score': 5205.685631990433, 'total_duration': 5790.027456045151, 'accumulated_submission_time': 5205.685631990433, 'accumulated_eval_time': 572.6850564479828, 'accumulated_logging_time': 0.3665144443511963}
I0604 10:35:36.313379 140582458304256 logging_writer.py:48] [25275] accumulated_eval_time=572.685, accumulated_logging_time=0.366514, accumulated_submission_time=5205.69, global_step=25275, preemption_count=0, score=5205.69, test/loss=0, test/num_examples=0, test/ppl=1, total_duration=5790.03, train/loss=3.22777, train/ppl=25.2234, validation/loss=3.21591, validation/num_examples=100000, validation/ppl=24.9258
I0604 11:18:27.919473 140614221968576 spec.py:333] Evaluating on the training split.
I0604 11:18:44.748981 140614221968576 spec.py:346] Evaluating on the validation split.
I0604 11:21:29.329363 140614221968576 spec.py:363] Evaluating on the test split.
I0604 11:21:29.330000 140614221968576 submission_runner.py:516] Time since start: 8543.07s, 	Step: 37923, 	{'train/loss': 3.1235660552978515, 'train/ppl': 22.727282050774086, 'validation/loss': 3.1117299267703005, 'validation/ppl': 22.459864734158998, 'validation/num_examples': 100000, 'test/loss': 0.0, 'test/ppl': 1.0, 'test/num_examples': 0, 'score': 7772.172705173492, 'total_duration': 8543.069396018982, 'accumulated_submission_time': 7772.172705173492, 'accumulated_eval_time': 754.0956082344055, 'accumulated_logging_time': 0.40109896659851074}
I0604 11:21:29.358344 140582449911552 logging_writer.py:48] [37923] accumulated_eval_time=754.096, accumulated_logging_time=0.401099, accumulated_submission_time=7772.17, global_step=37923, preemption_count=0, score=7772.17, test/loss=0, test/num_examples=0, test/ppl=1, total_duration=8543.07, train/loss=3.12357, train/ppl=22.7273, validation/loss=3.11173, validation/num_examples=100000, validation/ppl=22.4599
I0604 12:04:21.025964 140614221968576 spec.py:333] Evaluating on the training split.
I0604 12:04:37.833673 140614221968576 spec.py:346] Evaluating on the validation split.
I0604 12:07:22.013477 140614221968576 spec.py:363] Evaluating on the test split.
I0604 12:07:22.014097 140614221968576 submission_runner.py:516] Time since start: 11295.75s, 	Step: 50591, 	{'train/loss': 3.017529106140137, 'train/ppl': 20.44072237881135, 'validation/loss': 3.002555671555307, 'validation/ppl': 20.136934608401237, 'validation/num_examples': 100000, 'test/loss': 0.0, 'test/ppl': 1.0, 'test/num_examples': 0, 'score': 10338.734079360962, 'total_duration': 11295.753468036652, 'accumulated_submission_time': 10338.734079360962, 'accumulated_eval_time': 935.083722114563, 'accumulated_logging_time': 0.4382619857788086}
I0604 12:07:22.040248 140582458304256 logging_writer.py:48] [50591] accumulated_eval_time=935.084, accumulated_logging_time=0.438262, accumulated_submission_time=10338.7, global_step=50591, preemption_count=0, score=10338.7, test/loss=0, test/num_examples=0, test/ppl=1, total_duration=11295.8, train/loss=3.01753, train/ppl=20.4407, validation/loss=3.00256, validation/num_examples=100000, validation/ppl=20.1369
I0604 12:07:22.632221 140582449911552 logging_writer.py:48] [50591] global_step=50591, preemption_count=0, score=10338.7
I0604 12:07:22.640672 140614221968576 submission_runner.py:857] Final finewebedu_lm score: 10338.734079360962
