python submission_runner.py --framework=jax --workload=ogbg --submission_path=submissions_algorithms/submissions/self_tuning/nadamw_resnet/submission.py --data_dir=/data/ogbg --experiment_dir=/experiment_runs --experiment_name=submissions_a100/nadamw_resnet/study_1 --overwrite=True --save_checkpoints=False --rng_seed=-1363826828 --tuning_ruleset=self 2>&1 | tee -a /logs/ogbg_jax_05-31-2026-03-35-54.log
2026-05-31 03:36:05.601822: E external/local_xla/xla/stream_executor/cuda/cuda_fft.cc:467] Unable to register cuFFT factory: Attempting to register factory for plugin cuFFT when one has already been registered
WARNING: All log messages before absl::InitializeLog() is called are written to STDERR
E0000 00:00:1780198566.009917       9 cuda_dnn.cc:8579] Unable to register cuDNN factory: Attempting to register factory for plugin cuDNN when one has already been registered
E0000 00:00:1780198566.142664       9 cuda_blas.cc:1407] Unable to register cuBLAS factory: Attempting to register factory for plugin cuBLAS when one has already been registered
W0000 00:00:1780198567.153236       9 computation_placer.cc:177] computation placer already registered. Please check linkage and avoid linking the same target more than once.
W0000 00:00:1780198567.153280       9 computation_placer.cc:177] computation placer already registered. Please check linkage and avoid linking the same target more than once.
W0000 00:00:1780198567.153283       9 computation_placer.cc:177] computation placer already registered. Please check linkage and avoid linking the same target more than once.
W0000 00:00:1780198567.153285       9 computation_placer.cc:177] computation placer already registered. Please check linkage and avoid linking the same target more than once.
/usr/local/lib/python3.11/site-packages/torch/__init__.py:1617: UserWarning: Please use the new API settings to control TF32 behavior, such as torch.backends.cudnn.conv.fp32_precision = 'tf32' or torch.backends.cuda.matmul.fp32_precision = 'ieee'. Old settings, e.g, torch.backends.cuda.matmul.allow_tf32 = True, torch.backends.cudnn.allow_tf32 = True, allowTF32CuDNN() and allowTF32CuBLAS() will be deprecated after Pytorch 2.9. Please see https://pytorch.org/docs/main/notes/cuda.html#tensorfloat-32-tf32-on-ampere-and-later-devices (Triggered internally at /pytorch/aten/src/ATen/Context.cpp:80.)
  _C._set_float32_matmul_precision(precision)
/usr/local/lib/python3.11/site-packages/pydantic/_internal/_generate_schema.py:2249: UnsupportedFieldAttributeWarning: The 'repr' attribute with value False was provided to the `Field()` function, which has no effect in the context it was used. 'repr' is field-specific metadata, and can only be attached to a model field using `Annotated` metadata or by assignment. This may have happened because an `Annotated` type alias using the `type` statement was used, or if the `Field()` function was attached to a single member of a union type.
  warnings.warn(
/usr/local/lib/python3.11/site-packages/pydantic/_internal/_generate_schema.py:2249: UnsupportedFieldAttributeWarning: The 'frozen' attribute with value True was provided to the `Field()` function, which has no effect in the context it was used. 'frozen' is field-specific metadata, and can only be attached to a model field using `Annotated` metadata or by assignment. This may have happened because an `Annotated` type alias using the `type` statement was used, or if the `Field()` function was attached to a single member of a union type.
  warnings.warn(
INFO:2026-05-31 03:36:48,028:jax._src.xla_bridge:830: Unable to initialize backend 'tpu': INTERNAL: Failed to open libtpu.so: libtpu.so: cannot open shared object file: No such file or directory
I0531 03:36:48.028786 139836790465728 xla_bridge.py:830] Unable to initialize backend 'tpu': INTERNAL: Failed to open libtpu.so: libtpu.so: cannot open shared object file: No such file or directory
I0531 03:36:48.859410 139836790465728 logger_utils.py:59] Removing existing experiment directory /experiment_runs/submissions_a100/nadamw_resnet/study_1/ogbg_jax because --overwrite was set.
I0531 03:36:48.865064 139836790465728 logger_utils.py:84] Creating experiment directory at /experiment_runs/submissions_a100/nadamw_resnet/study_1/ogbg_jax.
I0531 03:36:51.770186 139836790465728 submission_runner.py:741] Creating directory at /experiment_runs/submissions_a100/nadamw_resnet/study_1/ogbg_jax/trial_1.
I0531 03:36:52.105194 139836790465728 submission_runner.py:242] Initializing dataset.
I0531 03:36:53.447515 139836790465728 dataset_info.py:707] Load dataset info from /data/ogbg/ogbg_molpcba/0.1.3
I0531 03:36:53.503034 139836790465728 reader.py:262] Creating a tf.data.Dataset reading 8 files located in folders: /data/ogbg/ogbg_molpcba/0.1.3.
WARNING:tensorflow:From /usr/local/lib/python3.11/site-packages/tensorflow_datasets/core/reader.py:102: CounterV2 (from tensorflow.python.data.experimental.ops.counter) is deprecated and will be removed in a future version.
Instructions for updating:
Use `tf.data.Dataset.counter(...)` instead.
W0531 03:36:53.852110 139836790465728 deprecation.py:50] From /usr/local/lib/python3.11/site-packages/tensorflow_datasets/core/reader.py:102: CounterV2 (from tensorflow.python.data.experimental.ops.counter) is deprecated and will be removed in a future version.
Instructions for updating:
Use `tf.data.Dataset.counter(...)` instead.
I0531 03:36:53.932964 139836790465728 logging_logger.py:49] Constructing tf.data.Dataset ogbg_molpcba for split train, from /data/ogbg/ogbg_molpcba/0.1.3
I0531 03:36:54.211052 139836790465728 submission_runner.py:251] Initializing model.
I0531 03:37:02.301204 139836790465728 submission_runner.py:294] Initializing optimizer.
I0531 03:37:02.721221 139836790465728 submission_runner.py:299] Initializing metrics bundle.
I0531 03:37:02.721462 139836790465728 submission_runner.py:321] Initializing checkpoint and logger.
I0531 03:37:02.727898 139836790465728 checkpoints.py:1098] Found no checkpoint files in /experiment_runs/submissions_a100/nadamw_resnet/study_1/ogbg_jax/trial_1 with prefix checkpoint_
I0531 03:37:02.728054 139836790465728 submission_runner.py:344] Saving meta data to /experiment_runs/submissions_a100/nadamw_resnet/study_1/ogbg_jax/trial_1/meta_data_0.json.
I0531 03:37:02.728226 139836790465728 logger_utils.py:283] Unable to record workload.train_mean information. Continuing without it.
I0531 03:37:02.728289 139836790465728 logger_utils.py:283] Unable to record workload.train_stddev information. Continuing without it.
I0531 03:37:03.070858 139836790465728 submission_runner.py:348] Saving flags to /experiment_runs/submissions_a100/nadamw_resnet/study_1/ogbg_jax/trial_1/flags_0.json.
I0531 03:37:03.087179 139836790465728 submission_runner.py:359] Starting training loop.
I0531 03:37:23.341018 139836790465728 spec.py:333] Evaluating on the training split.
I0531 03:37:23.346494 139836790465728 dataset_info.py:707] Load dataset info from /data/ogbg/ogbg_molpcba/0.1.3
I0531 03:37:23.350125 139836790465728 reader.py:262] Creating a tf.data.Dataset reading 8 files located in folders: /data/ogbg/ogbg_molpcba/0.1.3.
I0531 03:37:23.424039 139836790465728 logging_logger.py:49] Constructing tf.data.Dataset ogbg_molpcba for split train, from /data/ogbg/ogbg_molpcba/0.1.3
I0531 03:38:43.709053 139836790465728 spec.py:346] Evaluating on the validation split.
I0531 03:38:43.712676 139836790465728 dataset_info.py:707] Load dataset info from /data/ogbg/ogbg_molpcba/0.1.3
I0531 03:38:43.716213 139836790465728 reader.py:262] Creating a tf.data.Dataset reading 1 files located in folders: /data/ogbg/ogbg_molpcba/0.1.3.
I0531 03:38:43.783324 139836790465728 logging_logger.py:49] Constructing tf.data.Dataset ogbg_molpcba for split validation, from /data/ogbg/ogbg_molpcba/0.1.3
I0531 03:40:06.488747 139836790465728 spec.py:363] Evaluating on the test split.
I0531 03:40:06.491834 139836790465728 dataset_info.py:707] Load dataset info from /data/ogbg/ogbg_molpcba/0.1.3
I0531 03:40:06.495506 139836790465728 reader.py:262] Creating a tf.data.Dataset reading 1 files located in folders: /data/ogbg/ogbg_molpcba/0.1.3.
I0531 03:40:06.561120 139836790465728 logging_logger.py:49] Constructing tf.data.Dataset ogbg_molpcba for split test, from /data/ogbg/ogbg_molpcba/0.1.3
I0531 03:41:33.520104 139836790465728 submission_runner.py:516] Time since start: 270.43s, 	Step: 1, 	{'train/accuracy': 0.45585817098617554, 'train/loss': 0.786953866481781, 'train/mean_average_precision': 0.025793786574109953, 'validation/accuracy': 0.4523058831691742, 'validation/loss': 0.7911427617073059, 'validation/mean_average_precision': 0.029255348783255027, 'validation/num_examples': 43793, 'test/accuracy': 0.4528129994869232, 'test/loss': 0.7915189862251282, 'test/mean_average_precision': 0.029607968435997598, 'test/num_examples': 43793, 'score': 20.25373125076294, 'total_duration': 270.43276834487915, 'accumulated_submission_time': 20.25373125076294, 'accumulated_eval_time': 250.17895197868347, 'accumulated_logging_time': 0}
I0531 03:41:33.641899 139672755656448 logging_writer.py:48] [1] accumulated_eval_time=250.179, accumulated_logging_time=0, accumulated_submission_time=20.2537, global_step=1, preemption_count=0, score=20.2537, test/accuracy=0.452813, test/loss=0.791519, test/mean_average_precision=0.029608, test/num_examples=43793, total_duration=270.433, train/accuracy=0.455858, train/loss=0.786954, train/mean_average_precision=0.0257938, validation/accuracy=0.452306, validation/loss=0.791143, validation/mean_average_precision=0.0292553, validation/num_examples=43793
I0531 03:49:05.631422 139836790465728 spec.py:333] Evaluating on the training split.
I0531 03:50:42.263071 139836790465728 spec.py:346] Evaluating on the validation split.
I0531 03:50:51.071815 139836790465728 spec.py:363] Evaluating on the test split.
I0531 03:50:59.804547 139836790465728 submission_runner.py:516] Time since start: 836.72s, 	Step: 2151, 	{'train/accuracy': 0.9869519472122192, 'train/loss': 0.04996773973107338, 'train/mean_average_precision': 0.05805648009814982, 'validation/accuracy': 0.984328031539917, 'validation/loss': 0.05987577140331268, 'validation/mean_average_precision': 0.05672728480684063, 'validation/num_examples': 43793, 'test/accuracy': 0.9833908677101135, 'test/loss': 0.06310106813907623, 'test/mean_average_precision': 0.06076418094096408, 'test/num_examples': 43793, 'score': 472.061416387558, 'total_duration': 836.7172703742981, 'accumulated_submission_time': 472.061416387558, 'accumulated_eval_time': 364.35200333595276, 'accumulated_logging_time': 0.2870972156524658}
I0531 03:50:59.846330 139673412949760 logging_writer.py:48] [2151] accumulated_eval_time=364.352, accumulated_logging_time=0.287097, accumulated_submission_time=472.061, global_step=2151, preemption_count=0, score=472.061, test/accuracy=0.983391, test/loss=0.0631011, test/mean_average_precision=0.0607642, test/num_examples=43793, total_duration=836.717, train/accuracy=0.986952, train/loss=0.0499677, train/mean_average_precision=0.0580565, validation/accuracy=0.984328, validation/loss=0.0598758, validation/mean_average_precision=0.0567273, validation/num_examples=43793
I0531 03:58:31.907185 139836790465728 spec.py:333] Evaluating on the training split.
I0531 04:00:05.850994 139836790465728 spec.py:346] Evaluating on the validation split.
I0531 04:00:14.650784 139836790465728 spec.py:363] Evaluating on the test split.
I0531 04:00:23.386376 139836790465728 submission_runner.py:516] Time since start: 1400.30s, 	Step: 4417, 	{'train/accuracy': 0.9878062605857849, 'train/loss': 0.04348592087626457, 'train/mean_average_precision': 0.14100233749381139, 'validation/accuracy': 0.9850534200668335, 'validation/loss': 0.052899301052093506, 'validation/mean_average_precision': 0.13716744520912466, 'validation/num_examples': 43793, 'test/accuracy': 0.9841335415840149, 'test/loss': 0.05592172592878342, 'test/mean_average_precision': 0.1414870491281362, 'test/num_examples': 43793, 'score': 924.0924165248871, 'total_duration': 1400.2991018295288, 'accumulated_submission_time': 924.0924165248871, 'accumulated_eval_time': 475.8311114311218, 'accumulated_logging_time': 0.3424808979034424}
I0531 04:00:23.428010 139673421342464 logging_writer.py:48] [4417] accumulated_eval_time=475.831, accumulated_logging_time=0.342481, accumulated_submission_time=924.092, global_step=4417, preemption_count=0, score=924.092, test/accuracy=0.984134, test/loss=0.0559217, test/mean_average_precision=0.141487, test/num_examples=43793, total_duration=1400.3, train/accuracy=0.987806, train/loss=0.0434859, train/mean_average_precision=0.141002, validation/accuracy=0.985053, validation/loss=0.0528993, validation/mean_average_precision=0.137167, validation/num_examples=43793
I0531 04:07:55.468880 139836790465728 spec.py:333] Evaluating on the training split.
I0531 04:09:30.296396 139836790465728 spec.py:346] Evaluating on the validation split.
I0531 04:09:39.084066 139836790465728 spec.py:363] Evaluating on the test split.
I0531 04:09:47.811910 139836790465728 submission_runner.py:516] Time since start: 1964.72s, 	Step: 6761, 	{'train/accuracy': 0.9886851906776428, 'train/loss': 0.03894124925136566, 'train/mean_average_precision': 0.22569481963748583, 'validation/accuracy': 0.9856586456298828, 'validation/loss': 0.04868960380554199, 'validation/mean_average_precision': 0.1855025832862972, 'validation/num_examples': 43793, 'test/accuracy': 0.9847279787063599, 'test/loss': 0.051390260457992554, 'test/mean_average_precision': 0.18559169772888648, 'test/num_examples': 43793, 'score': 1376.1045956611633, 'total_duration': 1964.7246327400208, 'accumulated_submission_time': 1376.1045956611633, 'accumulated_eval_time': 588.1740732192993, 'accumulated_logging_time': 0.3958699703216553}
I0531 04:09:47.852755 139673412949760 logging_writer.py:48] [6761] accumulated_eval_time=588.174, accumulated_logging_time=0.39587, accumulated_submission_time=1376.1, global_step=6761, preemption_count=0, score=1376.1, test/accuracy=0.984728, test/loss=0.0513903, test/mean_average_precision=0.185592, test/num_examples=43793, total_duration=1964.72, train/accuracy=0.988685, train/loss=0.0389412, train/mean_average_precision=0.225695, validation/accuracy=0.985659, validation/loss=0.0486896, validation/mean_average_precision=0.185503, validation/num_examples=43793
I0531 04:17:19.928963 139836790465728 spec.py:333] Evaluating on the training split.
I0531 04:18:52.442367 139836790465728 spec.py:346] Evaluating on the validation split.
I0531 04:19:01.248666 139836790465728 spec.py:363] Evaluating on the test split.
I0531 04:19:09.971156 139836790465728 submission_runner.py:516] Time since start: 2526.88s, 	Step: 9102, 	{'train/accuracy': 0.9891889691352844, 'train/loss': 0.036640465259552, 'train/mean_average_precision': 0.26404085708023417, 'validation/accuracy': 0.985977292060852, 'validation/loss': 0.04721756651997566, 'validation/mean_average_precision': 0.21206361117888783, 'validation/num_examples': 43793, 'test/accuracy': 0.9851415753364563, 'test/loss': 0.04976438358426094, 'test/mean_average_precision': 0.21557100497467618, 'test/num_examples': 43793, 'score': 1828.1470155715942, 'total_duration': 2526.883872270584, 'accumulated_submission_time': 1828.1470155715942, 'accumulated_eval_time': 698.2161819934845, 'accumulated_logging_time': 0.4498171806335449}
I0531 04:19:10.013373 139673421342464 logging_writer.py:48] [9102] accumulated_eval_time=698.216, accumulated_logging_time=0.449817, accumulated_submission_time=1828.15, global_step=9102, preemption_count=0, score=1828.15, test/accuracy=0.985142, test/loss=0.0497644, test/mean_average_precision=0.215571, test/num_examples=43793, total_duration=2526.88, train/accuracy=0.989189, train/loss=0.0366405, train/mean_average_precision=0.264041, validation/accuracy=0.985977, validation/loss=0.0472176, validation/mean_average_precision=0.212064, validation/num_examples=43793
I0531 04:26:42.090018 139836790465728 spec.py:333] Evaluating on the training split.
I0531 04:28:14.597842 139836790465728 spec.py:346] Evaluating on the validation split.
I0531 04:28:23.405189 139836790465728 spec.py:363] Evaluating on the test split.
I0531 04:28:32.143357 139836790465728 submission_runner.py:516] Time since start: 3089.06s, 	Step: 11465, 	{'train/accuracy': 0.9894643425941467, 'train/loss': 0.03552458435297012, 'train/mean_average_precision': 0.30541240375191653, 'validation/accuracy': 0.9862772822380066, 'validation/loss': 0.04611620679497719, 'validation/mean_average_precision': 0.2294794326293325, 'validation/num_examples': 43793, 'test/accuracy': 0.985387921333313, 'test/loss': 0.048722993582487106, 'test/mean_average_precision': 0.22686364628878916, 'test/num_examples': 43793, 'score': 2280.1949741840363, 'total_duration': 3089.055979013443, 'accumulated_submission_time': 2280.1949741840363, 'accumulated_eval_time': 808.2693376541138, 'accumulated_logging_time': 0.5030210018157959}
I0531 04:28:32.184404 139673412949760 logging_writer.py:48] [11465] accumulated_eval_time=808.269, accumulated_logging_time=0.503021, accumulated_submission_time=2280.19, global_step=11465, preemption_count=0, score=2280.19, test/accuracy=0.985388, test/loss=0.048723, test/mean_average_precision=0.226864, test/num_examples=43793, total_duration=3089.06, train/accuracy=0.989464, train/loss=0.0355246, train/mean_average_precision=0.305412, validation/accuracy=0.986277, validation/loss=0.0461162, validation/mean_average_precision=0.229479, validation/num_examples=43793
I0531 04:36:04.317665 139836790465728 spec.py:333] Evaluating on the training split.
I0531 04:37:37.301003 139836790465728 spec.py:346] Evaluating on the validation split.
I0531 04:37:46.141695 139836790465728 spec.py:363] Evaluating on the test split.
I0531 04:37:54.884519 139836790465728 submission_runner.py:516] Time since start: 3651.80s, 	Step: 13835, 	{'train/accuracy': 0.9895879626274109, 'train/loss': 0.03483519330620766, 'train/mean_average_precision': 0.3048365016042346, 'validation/accuracy': 0.9863941669464111, 'validation/loss': 0.04530581459403038, 'validation/mean_average_precision': 0.23731931451485808, 'validation/num_examples': 43793, 'test/accuracy': 0.9855218529701233, 'test/loss': 0.04788212850689888, 'test/mean_average_precision': 0.23652352771531102, 'test/num_examples': 43793, 'score': 2732.2962193489075, 'total_duration': 3651.797203063965, 'accumulated_submission_time': 2732.2962193489075, 'accumulated_eval_time': 918.8360724449158, 'accumulated_logging_time': 0.5568835735321045}
I0531 04:37:54.926201 139673421342464 logging_writer.py:48] [13835] accumulated_eval_time=918.836, accumulated_logging_time=0.556884, accumulated_submission_time=2732.3, global_step=13835, preemption_count=0, score=2732.3, test/accuracy=0.985522, test/loss=0.0478821, test/mean_average_precision=0.236524, test/num_examples=43793, total_duration=3651.8, train/accuracy=0.989588, train/loss=0.0348352, train/mean_average_precision=0.304837, validation/accuracy=0.986394, validation/loss=0.0453058, validation/mean_average_precision=0.237319, validation/num_examples=43793
I0531 04:45:26.993348 139836790465728 spec.py:333] Evaluating on the training split.
I0531 04:47:01.966826 139836790465728 spec.py:346] Evaluating on the validation split.
I0531 04:47:10.794522 139836790465728 spec.py:363] Evaluating on the test split.
I0531 04:47:19.548852 139836790465728 submission_runner.py:516] Time since start: 4216.46s, 	Step: 16180, 	{'train/accuracy': 0.9899837374687195, 'train/loss': 0.03357928246259689, 'train/mean_average_precision': 0.34084260186541593, 'validation/accuracy': 0.9865066409111023, 'validation/loss': 0.04520883783698082, 'validation/mean_average_precision': 0.24740793870415734, 'validation/num_examples': 43793, 'test/accuracy': 0.9856212735176086, 'test/loss': 0.04799771308898926, 'test/mean_average_precision': 0.24012265946952702, 'test/num_examples': 43793, 'score': 3184.3345863819122, 'total_duration': 4216.461571931839, 'accumulated_submission_time': 3184.3345863819122, 'accumulated_eval_time': 1031.3914892673492, 'accumulated_logging_time': 0.6097166538238525}
I0531 04:47:19.591186 139673412949760 logging_writer.py:48] [16180] accumulated_eval_time=1031.39, accumulated_logging_time=0.609717, accumulated_submission_time=3184.33, global_step=16180, preemption_count=0, score=3184.33, test/accuracy=0.985621, test/loss=0.0479977, test/mean_average_precision=0.240123, test/num_examples=43793, total_duration=4216.46, train/accuracy=0.989984, train/loss=0.0335793, train/mean_average_precision=0.340843, validation/accuracy=0.986507, validation/loss=0.0452088, validation/mean_average_precision=0.247408, validation/num_examples=43793
I0531 04:54:51.593211 139836790465728 spec.py:333] Evaluating on the training split.
I0531 04:56:23.796824 139836790465728 spec.py:346] Evaluating on the validation split.
I0531 04:56:32.631853 139836790465728 spec.py:363] Evaluating on the test split.
I0531 04:56:41.398644 139836790465728 submission_runner.py:516] Time since start: 4778.31s, 	Step: 18524, 	{'train/accuracy': 0.9901083707809448, 'train/loss': 0.032958149909973145, 'train/mean_average_precision': 0.3576999286776088, 'validation/accuracy': 0.9865549206733704, 'validation/loss': 0.044907744973897934, 'validation/mean_average_precision': 0.25343867609606613, 'validation/num_examples': 43793, 'test/accuracy': 0.9857383370399475, 'test/loss': 0.04737549275159836, 'test/mean_average_precision': 0.2496561173164661, 'test/num_examples': 43793, 'score': 3636.301753282547, 'total_duration': 4778.31133389473, 'accumulated_submission_time': 3636.301753282547, 'accumulated_eval_time': 1141.196801185608, 'accumulated_logging_time': 0.6693027019500732}
I0531 04:56:41.441165 139673421342464 logging_writer.py:48] [18524] accumulated_eval_time=1141.2, accumulated_logging_time=0.669303, accumulated_submission_time=3636.3, global_step=18524, preemption_count=0, score=3636.3, test/accuracy=0.985738, test/loss=0.0473755, test/mean_average_precision=0.249656, test/num_examples=43793, total_duration=4778.31, train/accuracy=0.990108, train/loss=0.0329581, train/mean_average_precision=0.3577, validation/accuracy=0.986555, validation/loss=0.0449077, validation/mean_average_precision=0.253439, validation/num_examples=43793
I0531 05:04:13.403015 139836790465728 spec.py:333] Evaluating on the training split.
I0531 05:05:47.013860 139836790465728 spec.py:346] Evaluating on the validation split.
I0531 05:05:55.786923 139836790465728 spec.py:363] Evaluating on the test split.
I0531 05:06:04.516539 139836790465728 submission_runner.py:516] Time since start: 5341.43s, 	Step: 20869, 	{'train/accuracy': 0.990147054195404, 'train/loss': 0.03267195448279381, 'train/mean_average_precision': 0.3593741600574331, 'validation/accuracy': 0.9867311120033264, 'validation/loss': 0.044628389179706573, 'validation/mean_average_precision': 0.26437519517053254, 'validation/num_examples': 43793, 'test/accuracy': 0.9858335256576538, 'test/loss': 0.047376472502946854, 'test/mean_average_precision': 0.25384804746897816, 'test/num_examples': 43793, 'score': 4088.2352528572083, 'total_duration': 5341.42925620079, 'accumulated_submission_time': 4088.2352528572083, 'accumulated_eval_time': 1252.3102359771729, 'accumulated_logging_time': 0.7226288318634033}
I0531 05:06:04.558163 139673412949760 logging_writer.py:48] [20869] accumulated_eval_time=1252.31, accumulated_logging_time=0.722629, accumulated_submission_time=4088.24, global_step=20869, preemption_count=0, score=4088.24, test/accuracy=0.985834, test/loss=0.0473765, test/mean_average_precision=0.253848, test/num_examples=43793, total_duration=5341.43, train/accuracy=0.990147, train/loss=0.032672, train/mean_average_precision=0.359374, validation/accuracy=0.986731, validation/loss=0.0446284, validation/mean_average_precision=0.264375, validation/num_examples=43793
I0531 05:13:36.587501 139836790465728 spec.py:333] Evaluating on the training split.
I0531 05:15:10.144721 139836790465728 spec.py:346] Evaluating on the validation split.
I0531 05:15:18.935012 139836790465728 spec.py:363] Evaluating on the test split.
I0531 05:15:27.668694 139836790465728 submission_runner.py:516] Time since start: 5904.58s, 	Step: 23207, 	{'train/accuracy': 0.9903332591056824, 'train/loss': 0.03208309784531593, 'train/mean_average_precision': 0.38425932263444695, 'validation/accuracy': 0.986642599105835, 'validation/loss': 0.04429386556148529, 'validation/mean_average_precision': 0.2608974660634284, 'validation/num_examples': 43793, 'test/accuracy': 0.9858756065368652, 'test/loss': 0.04678170755505562, 'test/mean_average_precision': 0.25458628905900954, 'test/num_examples': 43793, 'score': 4540.235052108765, 'total_duration': 5904.581390380859, 'accumulated_submission_time': 4540.235052108765, 'accumulated_eval_time': 1363.391330242157, 'accumulated_logging_time': 0.7750446796417236}
I0531 05:15:27.709545 139673421342464 logging_writer.py:48] [23207] accumulated_eval_time=1363.39, accumulated_logging_time=0.775045, accumulated_submission_time=4540.24, global_step=23207, preemption_count=0, score=4540.24, test/accuracy=0.985876, test/loss=0.0467817, test/mean_average_precision=0.254586, test/num_examples=43793, total_duration=5904.58, train/accuracy=0.990333, train/loss=0.0320831, train/mean_average_precision=0.384259, validation/accuracy=0.986643, validation/loss=0.0442939, validation/mean_average_precision=0.260897, validation/num_examples=43793
I0531 05:22:59.727704 139836790465728 spec.py:333] Evaluating on the training split.
I0531 05:24:34.730077 139836790465728 spec.py:346] Evaluating on the validation split.
I0531 05:24:43.579335 139836790465728 spec.py:363] Evaluating on the test split.
I0531 05:24:52.347275 139836790465728 submission_runner.py:516] Time since start: 6469.26s, 	Step: 25561, 	{'train/accuracy': 0.9905907511711121, 'train/loss': 0.031051144003868103, 'train/mean_average_precision': 0.387398460676389, 'validation/accuracy': 0.9868797063827515, 'validation/loss': 0.043890178203582764, 'validation/mean_average_precision': 0.2724796726465534, 'validation/num_examples': 43793, 'test/accuracy': 0.9860255718231201, 'test/loss': 0.046431757509708405, 'test/mean_average_precision': 0.2629876393263076, 'test/num_examples': 43793, 'score': 4992.225074529648, 'total_duration': 6469.259923696518, 'accumulated_submission_time': 4992.225074529648, 'accumulated_eval_time': 1476.010751247406, 'accumulated_logging_time': 0.8263106346130371}
I0531 05:24:52.389950 139673412949760 logging_writer.py:48] [25561] accumulated_eval_time=1476.01, accumulated_logging_time=0.826311, accumulated_submission_time=4992.23, global_step=25561, preemption_count=0, score=4992.23, test/accuracy=0.986026, test/loss=0.0464318, test/mean_average_precision=0.262988, test/num_examples=43793, total_duration=6469.26, train/accuracy=0.990591, train/loss=0.0310511, train/mean_average_precision=0.387398, validation/accuracy=0.98688, validation/loss=0.0438902, validation/mean_average_precision=0.27248, validation/num_examples=43793
I0531 05:32:24.539621 139836790465728 spec.py:333] Evaluating on the training split.
I0531 05:33:54.037042 139836790465728 spec.py:346] Evaluating on the validation split.
I0531 05:34:02.829479 139836790465728 spec.py:363] Evaluating on the test split.
I0531 05:34:11.566653 139836790465728 submission_runner.py:516] Time since start: 7028.48s, 	Step: 27916, 	{'train/accuracy': 0.9907457828521729, 'train/loss': 0.03035171702504158, 'train/mean_average_precision': 0.4243348981139863, 'validation/accuracy': 0.9869645237922668, 'validation/loss': 0.043879859149456024, 'validation/mean_average_precision': 0.27132361188094795, 'validation/num_examples': 43793, 'test/accuracy': 0.9860819578170776, 'test/loss': 0.04651949182152748, 'test/mean_average_precision': 0.26471651349383335, 'test/num_examples': 43793, 'score': 5444.345807790756, 'total_duration': 7028.479246854782, 'accumulated_submission_time': 5444.345807790756, 'accumulated_eval_time': 1583.037575006485, 'accumulated_logging_time': 0.8797745704650879}
I0531 05:34:11.610641 139673421342464 logging_writer.py:48] [27916] accumulated_eval_time=1583.04, accumulated_logging_time=0.879775, accumulated_submission_time=5444.35, global_step=27916, preemption_count=0, score=5444.35, test/accuracy=0.986082, test/loss=0.0465195, test/mean_average_precision=0.264717, test/num_examples=43793, total_duration=7028.48, train/accuracy=0.990746, train/loss=0.0303517, train/mean_average_precision=0.424335, validation/accuracy=0.986965, validation/loss=0.0438799, validation/mean_average_precision=0.271324, validation/num_examples=43793
I0531 05:41:43.646947 139836790465728 spec.py:333] Evaluating on the training split.
I0531 05:43:05.597251 139836790465728 spec.py:346] Evaluating on the validation split.
I0531 05:43:14.400620 139836790465728 spec.py:363] Evaluating on the test split.
I0531 05:43:23.135239 139836790465728 submission_runner.py:516] Time since start: 7580.05s, 	Step: 30269, 	{'train/accuracy': 0.9908733367919922, 'train/loss': 0.029911784455180168, 'train/mean_average_precision': 0.43151283023309606, 'validation/accuracy': 0.9869377017021179, 'validation/loss': 0.043631602078676224, 'validation/mean_average_precision': 0.2782754033871587, 'validation/num_examples': 43793, 'test/accuracy': 0.9861283302307129, 'test/loss': 0.04607665166258812, 'test/mean_average_precision': 0.2683753528054544, 'test/num_examples': 43793, 'score': 5896.352125167847, 'total_duration': 7580.0479073524475, 'accumulated_submission_time': 5896.352125167847, 'accumulated_eval_time': 1682.5257334709167, 'accumulated_logging_time': 0.9359641075134277}
I0531 05:43:23.178542 139673412949760 logging_writer.py:48] [30269] accumulated_eval_time=1682.53, accumulated_logging_time=0.935964, accumulated_submission_time=5896.35, global_step=30269, preemption_count=0, score=5896.35, test/accuracy=0.986128, test/loss=0.0460767, test/mean_average_precision=0.268375, test/num_examples=43793, total_duration=7580.05, train/accuracy=0.990873, train/loss=0.0299118, train/mean_average_precision=0.431513, validation/accuracy=0.986938, validation/loss=0.0436316, validation/mean_average_precision=0.278275, validation/num_examples=43793
I0531 05:50:55.291899 139836790465728 spec.py:333] Evaluating on the training split.
I0531 05:52:12.443518 139836790465728 spec.py:346] Evaluating on the validation split.
I0531 05:52:21.241354 139836790465728 spec.py:363] Evaluating on the test split.
I0531 05:52:29.984237 139836790465728 submission_runner.py:516] Time since start: 8126.90s, 	Step: 32642, 	{'train/accuracy': 0.99109947681427, 'train/loss': 0.029295124113559723, 'train/mean_average_precision': 0.4438981141928691, 'validation/accuracy': 0.9870789647102356, 'validation/loss': 0.04345667362213135, 'validation/mean_average_precision': 0.2804218398667233, 'validation/num_examples': 43793, 'test/accuracy': 0.9862820506095886, 'test/loss': 0.04594530910253525, 'test/mean_average_precision': 0.2721084767444459, 'test/num_examples': 43793, 'score': 6348.436731815338, 'total_duration': 8126.89689540863, 'accumulated_submission_time': 6348.436731815338, 'accumulated_eval_time': 1777.2179243564606, 'accumulated_logging_time': 0.9901678562164307}
I0531 05:52:30.026967 139673421342464 logging_writer.py:48] [32642] accumulated_eval_time=1777.22, accumulated_logging_time=0.990168, accumulated_submission_time=6348.44, global_step=32642, preemption_count=0, score=6348.44, test/accuracy=0.986282, test/loss=0.0459453, test/mean_average_precision=0.272108, test/num_examples=43793, total_duration=8126.9, train/accuracy=0.991099, train/loss=0.0292951, train/mean_average_precision=0.443898, validation/accuracy=0.987079, validation/loss=0.0434567, validation/mean_average_precision=0.280422, validation/num_examples=43793
I0531 06:00:02.103148 139836790465728 spec.py:333] Evaluating on the training split.
I0531 06:01:20.365633 139836790465728 spec.py:346] Evaluating on the validation split.
I0531 06:01:29.152516 139836790465728 spec.py:363] Evaluating on the test split.
I0531 06:01:37.874540 139836790465728 submission_runner.py:516] Time since start: 8674.79s, 	Step: 35029, 	{'train/accuracy': 0.9912897944450378, 'train/loss': 0.02861102484166622, 'train/mean_average_precision': 0.461480571993885, 'validation/accuracy': 0.9872235059738159, 'validation/loss': 0.04327394813299179, 'validation/mean_average_precision': 0.2875478149042345, 'validation/num_examples': 43793, 'test/accuracy': 0.986268937587738, 'test/loss': 0.04593263566493988, 'test/mean_average_precision': 0.278326006766905, 'test/num_examples': 43793, 'score': 6800.483803510666, 'total_duration': 8674.78725862503, 'accumulated_submission_time': 6800.483803510666, 'accumulated_eval_time': 1872.9892265796661, 'accumulated_logging_time': 1.0442423820495605}
I0531 06:01:37.916793 139673412949760 logging_writer.py:48] [35029] accumulated_eval_time=1872.99, accumulated_logging_time=1.04424, accumulated_submission_time=6800.48, global_step=35029, preemption_count=0, score=6800.48, test/accuracy=0.986269, test/loss=0.0459326, test/mean_average_precision=0.278326, test/num_examples=43793, total_duration=8674.79, train/accuracy=0.99129, train/loss=0.028611, train/mean_average_precision=0.461481, validation/accuracy=0.987224, validation/loss=0.0432739, validation/mean_average_precision=0.287548, validation/num_examples=43793
I0531 06:01:37.942409 139673421342464 logging_writer.py:48] [35029] global_step=35029, preemption_count=0, score=6800.48
I0531 06:01:38.104334 139836790465728 submission_runner.py:857] Final ogbg score: 6800.483803510666
