torchrun --redirects 1:0,2:0,3:0 --standalone --nnodes=1 --nproc_per_node=4 submission_runner.py --framework=pytorch --workload=ogbg --submission_path=submissions_algorithms/submissions/self_tuning/muon_torch_jax_hps_lr_fix/submission.py --data_dir=/data/ogbg --experiment_dir=/experiment_runs --experiment_name=submissions_a100/muon_torch_jax_hps_lr_fix/study_1 --overwrite=True --save_checkpoints=False --rng_seed=-1855845173 --torch_compile=true --tuning_ruleset=self 2>&1 | tee -a /logs/ogbg_pytorch_06-06-2026-10-29-24.log
W0606 10:29:25.734000 9 site-packages/torch/distributed/run.py:803] 
W0606 10:29:25.734000 9 site-packages/torch/distributed/run.py:803] *****************************************
W0606 10:29:25.734000 9 site-packages/torch/distributed/run.py:803] Setting OMP_NUM_THREADS environment variable for each process to be 1 in default, to avoid your system being overloaded, please further tune the variable for optimal performance in your application as needed. 
W0606 10:29:25.734000 9 site-packages/torch/distributed/run.py:803] *****************************************
2026-06-06 10:29:27.191474: E external/local_xla/xla/stream_executor/cuda/cuda_fft.cc:467] Unable to register cuFFT factory: Attempting to register factory for plugin cuFFT when one has already been registered
2026-06-06 10:29:27.191474: E external/local_xla/xla/stream_executor/cuda/cuda_fft.cc:467] Unable to register cuFFT factory: Attempting to register factory for plugin cuFFT when one has already been registered
2026-06-06 10:29:27.191474: E external/local_xla/xla/stream_executor/cuda/cuda_fft.cc:467] Unable to register cuFFT factory: Attempting to register factory for plugin cuFFT when one has already been registered
2026-06-06 10:29:27.191502: E external/local_xla/xla/stream_executor/cuda/cuda_fft.cc:467] Unable to register cuFFT factory: Attempting to register factory for plugin cuFFT when one has already been registered
WARNING: All log messages before absl::InitializeLog() is called are written to STDERR
WARNING: All log messages before absl::InitializeLog() is called are written to STDERR
WARNING: All log messages before absl::InitializeLog() is called are written to STDERR
E0000 00:00:1780741767.215544      38 cuda_dnn.cc:8579] Unable to register cuDNN factory: Attempting to register factory for plugin cuDNN when one has already been registered
E0000 00:00:1780741767.215545      40 cuda_dnn.cc:8579] Unable to register cuDNN factory: Attempting to register factory for plugin cuDNN when one has already been registered
WARNING: All log messages before absl::InitializeLog() is called are written to STDERR
E0000 00:00:1780741767.215545      39 cuda_dnn.cc:8579] Unable to register cuDNN factory: Attempting to register factory for plugin cuDNN when one has already been registered
E0000 00:00:1780741767.215585      41 cuda_dnn.cc:8579] Unable to register cuDNN factory: Attempting to register factory for plugin cuDNN when one has already been registered
E0000 00:00:1780741767.223267      38 cuda_blas.cc:1407] Unable to register cuBLAS factory: Attempting to register factory for plugin cuBLAS when one has already been registered
E0000 00:00:1780741767.223269      41 cuda_blas.cc:1407] Unable to register cuBLAS factory: Attempting to register factory for plugin cuBLAS when one has already been registered
E0000 00:00:1780741767.223267      40 cuda_blas.cc:1407] Unable to register cuBLAS factory: Attempting to register factory for plugin cuBLAS when one has already been registered
E0000 00:00:1780741767.223377      39 cuda_blas.cc:1407] Unable to register cuBLAS factory: Attempting to register factory for plugin cuBLAS when one has already been registered
W0000 00:00:1780741767.245126      41 computation_placer.cc:177] computation placer already registered. Please check linkage and avoid linking the same target more than once.
W0000 00:00:1780741767.245127      38 computation_placer.cc:177] computation placer already registered. Please check linkage and avoid linking the same target more than once.
W0000 00:00:1780741767.245128      40 computation_placer.cc:177] computation placer already registered. Please check linkage and avoid linking the same target more than once.
W0000 00:00:1780741767.245155      40 computation_placer.cc:177] computation placer already registered. Please check linkage and avoid linking the same target more than once.
W0000 00:00:1780741767.245155      38 computation_placer.cc:177] computation placer already registered. Please check linkage and avoid linking the same target more than once.
W0000 00:00:1780741767.245157      40 computation_placer.cc:177] computation placer already registered. Please check linkage and avoid linking the same target more than once.
W0000 00:00:1780741767.245158      38 computation_placer.cc:177] computation placer already registered. Please check linkage and avoid linking the same target more than once.
W0000 00:00:1780741767.245159      40 computation_placer.cc:177] computation placer already registered. Please check linkage and avoid linking the same target more than once.
W0000 00:00:1780741767.245137      39 computation_placer.cc:177] computation placer already registered. Please check linkage and avoid linking the same target more than once.
W0000 00:00:1780741767.245160      38 computation_placer.cc:177] computation placer already registered. Please check linkage and avoid linking the same target more than once.
W0000 00:00:1780741767.245160      41 computation_placer.cc:177] computation placer already registered. Please check linkage and avoid linking the same target more than once.
W0000 00:00:1780741767.245162      41 computation_placer.cc:177] computation placer already registered. Please check linkage and avoid linking the same target more than once.
W0000 00:00:1780741767.245163      39 computation_placer.cc:177] computation placer already registered. Please check linkage and avoid linking the same target more than once.
W0000 00:00:1780741767.245164      41 computation_placer.cc:177] computation placer already registered. Please check linkage and avoid linking the same target more than once.
W0000 00:00:1780741767.245166      39 computation_placer.cc:177] computation placer already registered. Please check linkage and avoid linking the same target more than once.
W0000 00:00:1780741767.245168      39 computation_placer.cc:177] computation placer already registered. Please check linkage and avoid linking the same target more than once.
W0000 00:00:1780741773.057393      40 gpu_device.cc:2341] Cannot dlopen some GPU libraries. Please make sure the missing libraries mentioned above are installed properly if you would like to use GPU. Follow the guide at https://www.tensorflow.org/install/gpu for how to download and setup the required libraries for your platform.
Skipping registering GPU devices...
W0000 00:00:1780741773.156228      41 gpu_device.cc:2341] Cannot dlopen some GPU libraries. Please make sure the missing libraries mentioned above are installed properly if you would like to use GPU. Follow the guide at https://www.tensorflow.org/install/gpu for how to download and setup the required libraries for your platform.
Skipping registering GPU devices...
W0000 00:00:1780741773.258807      39 gpu_device.cc:2341] Cannot dlopen some GPU libraries. Please make sure the missing libraries mentioned above are installed properly if you would like to use GPU. Follow the guide at https://www.tensorflow.org/install/gpu for how to download and setup the required libraries for your platform.
Skipping registering GPU devices...
W0000 00:00:1780741773.329258      38 gpu_device.cc:2341] Cannot dlopen some GPU libraries. Please make sure the missing libraries mentioned above are installed properly if you would like to use GPU. Follow the guide at https://www.tensorflow.org/install/gpu for how to download and setup the required libraries for your platform.
Skipping registering GPU devices...
/usr/local/lib/python3.11/site-packages/torch/__init__.py:1617: UserWarning: Please use the new API settings to control TF32 behavior, such as torch.backends.cudnn.conv.fp32_precision = 'tf32' or torch.backends.cuda.matmul.fp32_precision = 'ieee'. Old settings, e.g, torch.backends.cuda.matmul.allow_tf32 = True, torch.backends.cudnn.allow_tf32 = True, allowTF32CuDNN() and allowTF32CuBLAS() will be deprecated after Pytorch 2.9. Please see https://pytorch.org/docs/main/notes/cuda.html#tensorfloat-32-tf32-on-ampere-and-later-devices (Triggered internally at /pytorch/aten/src/ATen/Context.cpp:80.)
  _C._set_float32_matmul_precision(precision)
/usr/local/lib/python3.11/site-packages/torch/__init__.py:1617: UserWarning: Please use the new API settings to control TF32 behavior, such as torch.backends.cudnn.conv.fp32_precision = 'tf32' or torch.backends.cuda.matmul.fp32_precision = 'ieee'. Old settings, e.g, torch.backends.cuda.matmul.allow_tf32 = True, torch.backends.cudnn.allow_tf32 = True, allowTF32CuDNN() and allowTF32CuBLAS() will be deprecated after Pytorch 2.9. Please see https://pytorch.org/docs/main/notes/cuda.html#tensorfloat-32-tf32-on-ampere-and-later-devices (Triggered internally at /pytorch/aten/src/ATen/Context.cpp:80.)
  _C._set_float32_matmul_precision(precision)
/usr/local/lib/python3.11/site-packages/torch/__init__.py:1617: UserWarning: Please use the new API settings to control TF32 behavior, such as torch.backends.cudnn.conv.fp32_precision = 'tf32' or torch.backends.cuda.matmul.fp32_precision = 'ieee'. Old settings, e.g, torch.backends.cuda.matmul.allow_tf32 = True, torch.backends.cudnn.allow_tf32 = True, allowTF32CuDNN() and allowTF32CuBLAS() will be deprecated after Pytorch 2.9. Please see https://pytorch.org/docs/main/notes/cuda.html#tensorfloat-32-tf32-on-ampere-and-later-devices (Triggered internally at /pytorch/aten/src/ATen/Context.cpp:80.)
  _C._set_float32_matmul_precision(precision)
/usr/local/lib/python3.11/site-packages/torch/__init__.py:1617: UserWarning: Please use the new API settings to control TF32 behavior, such as torch.backends.cudnn.conv.fp32_precision = 'tf32' or torch.backends.cuda.matmul.fp32_precision = 'ieee'. Old settings, e.g, torch.backends.cuda.matmul.allow_tf32 = True, torch.backends.cudnn.allow_tf32 = True, allowTF32CuDNN() and allowTF32CuBLAS() will be deprecated after Pytorch 2.9. Please see https://pytorch.org/docs/main/notes/cuda.html#tensorfloat-32-tf32-on-ampere-and-later-devices (Triggered internally at /pytorch/aten/src/ATen/Context.cpp:80.)
  _C._set_float32_matmul_precision(precision)
/usr/local/lib/python3.11/site-packages/pydantic/_internal/_generate_schema.py:2249: UnsupportedFieldAttributeWarning: The 'repr' attribute with value False was provided to the `Field()` function, which has no effect in the context it was used. 'repr' is field-specific metadata, and can only be attached to a model field using `Annotated` metadata or by assignment. This may have happened because an `Annotated` type alias using the `type` statement was used, or if the `Field()` function was attached to a single member of a union type.
  warnings.warn(
/usr/local/lib/python3.11/site-packages/pydantic/_internal/_generate_schema.py:2249: UnsupportedFieldAttributeWarning: The 'frozen' attribute with value True was provided to the `Field()` function, which has no effect in the context it was used. 'frozen' is field-specific metadata, and can only be attached to a model field using `Annotated` metadata or by assignment. This may have happened because an `Annotated` type alias using the `type` statement was used, or if the `Field()` function was attached to a single member of a union type.
  warnings.warn(
/usr/local/lib/python3.11/site-packages/pydantic/_internal/_generate_schema.py:2249: UnsupportedFieldAttributeWarning: The 'repr' attribute with value False was provided to the `Field()` function, which has no effect in the context it was used. 'repr' is field-specific metadata, and can only be attached to a model field using `Annotated` metadata or by assignment. This may have happened because an `Annotated` type alias using the `type` statement was used, or if the `Field()` function was attached to a single member of a union type.
  warnings.warn(
/usr/local/lib/python3.11/site-packages/pydantic/_internal/_generate_schema.py:2249: UnsupportedFieldAttributeWarning: The 'frozen' attribute with value True was provided to the `Field()` function, which has no effect in the context it was used. 'frozen' is field-specific metadata, and can only be attached to a model field using `Annotated` metadata or by assignment. This may have happened because an `Annotated` type alias using the `type` statement was used, or if the `Field()` function was attached to a single member of a union type.
  warnings.warn(
/usr/local/lib/python3.11/site-packages/pydantic/_internal/_generate_schema.py:2249: UnsupportedFieldAttributeWarning: The 'repr' attribute with value False was provided to the `Field()` function, which has no effect in the context it was used. 'repr' is field-specific metadata, and can only be attached to a model field using `Annotated` metadata or by assignment. This may have happened because an `Annotated` type alias using the `type` statement was used, or if the `Field()` function was attached to a single member of a union type.
  warnings.warn(
/usr/local/lib/python3.11/site-packages/pydantic/_internal/_generate_schema.py:2249: UnsupportedFieldAttributeWarning: The 'frozen' attribute with value True was provided to the `Field()` function, which has no effect in the context it was used. 'frozen' is field-specific metadata, and can only be attached to a model field using `Annotated` metadata or by assignment. This may have happened because an `Annotated` type alias using the `type` statement was used, or if the `Field()` function was attached to a single member of a union type.
  warnings.warn(
/usr/local/lib/python3.11/site-packages/pydantic/_internal/_generate_schema.py:2249: UnsupportedFieldAttributeWarning: The 'repr' attribute with value False was provided to the `Field()` function, which has no effect in the context it was used. 'repr' is field-specific metadata, and can only be attached to a model field using `Annotated` metadata or by assignment. This may have happened because an `Annotated` type alias using the `type` statement was used, or if the `Field()` function was attached to a single member of a union type.
  warnings.warn(
/usr/local/lib/python3.11/site-packages/pydantic/_internal/_generate_schema.py:2249: UnsupportedFieldAttributeWarning: The 'frozen' attribute with value True was provided to the `Field()` function, which has no effect in the context it was used. 'frozen' is field-specific metadata, and can only be attached to a model field using `Annotated` metadata or by assignment. This may have happened because an `Annotated` type alias using the `type` statement was used, or if the `Field()` function was attached to a single member of a union type.
  warnings.warn(
/usr/local/lib/python3.11/site-packages/torch/distributed/distributed_c10d.py:4876: UserWarning: barrier(): using the device under current context. You can specify `device_id` in `init_process_group` to mute this warning.
  warnings.warn(  # warn only once
[rank0]:[W606 10:29:37.605983063 ProcessGroupNCCL.cpp:5068] Guessing device ID based on global rank. This can cause a hang if rank to GPU mapping is heterogeneous. You can specify device_id in init_process_group()
I0606 10:29:38.027276 139647967343808 logger_utils.py:84] Creating experiment directory at /experiment_runs/submissions_a100/muon_torch_jax_hps_lr_fix/study_1/ogbg_pytorch.
I0606 10:29:38.027276 140495129670848 logger_utils.py:84] Creating experiment directory at /experiment_runs/submissions_a100/muon_torch_jax_hps_lr_fix/study_1/ogbg_pytorch.
I0606 10:29:38.027275 139739753198784 logger_utils.py:84] Creating experiment directory at /experiment_runs/submissions_a100/muon_torch_jax_hps_lr_fix/study_1/ogbg_pytorch.
I0606 10:29:38.027307 140708994057408 logger_utils.py:84] Creating experiment directory at /experiment_runs/submissions_a100/muon_torch_jax_hps_lr_fix/study_1/ogbg_pytorch.
I0606 10:29:40.756174 140708994057408 submission_runner.py:741] Creating directory at /experiment_runs/submissions_a100/muon_torch_jax_hps_lr_fix/study_1/ogbg_pytorch/trial_1.
I0606 10:29:41.137765 140708994057408 submission_runner.py:242] Initializing dataset.
I0606 10:29:41.137944 140708994057408 submission_runner.py:251] Initializing model.
W0606 10:29:41.395114 140708994057408 submission_runner.py:273] These workloads cannot be fully compiled under current PyTorch version. Proceeding without `torch.compile`.
W0606 10:29:41.396724 139739753198784 submission_runner.py:273] These workloads cannot be fully compiled under current PyTorch version. Proceeding without `torch.compile`.
I0606 10:29:41.397125 140708994057408 submission_runner.py:294] Initializing optimizer.
W0606 10:29:41.397117 140495129670848 submission_runner.py:273] These workloads cannot be fully compiled under current PyTorch version. Proceeding without `torch.compile`.
W0606 10:29:41.397450 139647967343808 submission_runner.py:273] These workloads cannot be fully compiled under current PyTorch version. Proceeding without `torch.compile`.
I0606 10:29:41.397534 140708994057408 muon.py:324] Muon params:
	module.node_embedder.weight (ndim=2)
	module.edge_embedder.weight (ndim=2)
	module.graph_network.0.update_edge_fn.dense_0.weight (ndim=2)
	module.graph_network.0.update_node_fn.dense_0.weight (ndim=2)
	module.graph_network.0.update_global_fn.dense_0.weight (ndim=2)
	module.graph_network.1.update_edge_fn.dense_0.weight (ndim=2)
	module.graph_network.1.update_node_fn.dense_0.weight (ndim=2)
	module.graph_network.1.update_global_fn.dense_0.weight (ndim=2)
	module.graph_network.2.update_edge_fn.dense_0.weight (ndim=2)
	module.graph_network.2.update_node_fn.dense_0.weight (ndim=2)
	module.graph_network.2.update_global_fn.dense_0.weight (ndim=2)
	module.graph_network.3.update_edge_fn.dense_0.weight (ndim=2)
	module.graph_network.3.update_node_fn.dense_0.weight (ndim=2)
	module.graph_network.3.update_global_fn.dense_0.weight (ndim=2)
	module.graph_network.4.update_edge_fn.dense_0.weight (ndim=2)
	module.graph_network.4.update_node_fn.dense_0.weight (ndim=2)
	module.graph_network.4.update_global_fn.dense_0.weight (ndim=2)
	module.decoder.weight (ndim=2)
I0606 10:29:41.397606 140708994057408 muon.py:325] Adam params:
	module.node_embedder.bias (ndim=1)
	module.edge_embedder.bias (ndim=1)
	module.graph_network.0.update_edge_fn.dense_0.bias (ndim=1)
	module.graph_network.0.update_edge_fn.norm_0.weight (ndim=1)
	module.graph_network.0.update_edge_fn.norm_0.bias (ndim=1)
	module.graph_network.0.update_node_fn.dense_0.bias (ndim=1)
	module.graph_network.0.update_node_fn.norm_0.weight (ndim=1)
	module.graph_network.0.update_node_fn.norm_0.bias (ndim=1)
	module.graph_network.0.update_global_fn.dense_0.bias (ndim=1)
	module.graph_network.0.update_global_fn.norm_0.weight (ndim=1)
	module.graph_network.0.update_global_fn.norm_0.bias (ndim=1)
	module.graph_network.1.update_edge_fn.dense_0.bias (ndim=1)
	module.graph_network.1.update_edge_fn.norm_0.weight (ndim=1)
	module.graph_network.1.update_edge_fn.norm_0.bias (ndim=1)
	module.graph_network.1.update_node_fn.dense_0.bias (ndim=1)
	module.graph_network.1.update_node_fn.norm_0.weight (ndim=1)
	module.graph_network.1.update_node_fn.norm_0.bias (ndim=1)
	module.graph_network.1.update_global_fn.dense_0.bias (ndim=1)
	module.graph_network.1.update_global_fn.norm_0.weight (ndim=1)
	module.graph_network.1.update_global_fn.norm_0.bias (ndim=1)
	module.graph_network.2.update_edge_fn.dense_0.bias (ndim=1)
	module.graph_network.2.update_edge_fn.norm_0.weight (ndim=1)
	module.graph_network.2.update_edge_fn.norm_0.bias (ndim=1)
	module.graph_network.2.update_node_fn.dense_0.bias (ndim=1)
	module.graph_network.2.update_node_fn.norm_0.weight (ndim=1)
	module.graph_network.2.update_node_fn.norm_0.bias (ndim=1)
	module.graph_network.2.update_global_fn.dense_0.bias (ndim=1)
	module.graph_network.2.update_global_fn.norm_0.weight (ndim=1)
	module.graph_network.2.update_global_fn.norm_0.bias (ndim=1)
	module.graph_network.3.update_edge_fn.dense_0.bias (ndim=1)
	module.graph_network.3.update_edge_fn.norm_0.weight (ndim=1)
	module.graph_network.3.update_edge_fn.norm_0.bias (ndim=1)
	module.graph_network.3.update_node_fn.dense_0.bias (ndim=1)
	module.graph_network.3.update_node_fn.norm_0.weight (ndim=1)
	module.graph_network.3.update_node_fn.norm_0.bias (ndim=1)
	module.graph_network.3.update_global_fn.dense_0.bias (ndim=1)
	module.graph_network.3.update_global_fn.norm_0.weight (ndim=1)
	module.graph_network.3.update_global_fn.norm_0.bias (ndim=1)
	module.graph_network.4.update_edge_fn.dense_0.bias (ndim=1)
	module.graph_network.4.update_edge_fn.norm_0.weight (ndim=1)
	module.graph_network.4.update_edge_fn.norm_0.bias (ndim=1)
	module.graph_network.4.update_node_fn.dense_0.bias (ndim=1)
	module.graph_network.4.update_node_fn.norm_0.weight (ndim=1)
	module.graph_network.4.update_node_fn.norm_0.bias (ndim=1)
	module.graph_network.4.update_global_fn.dense_0.bias (ndim=1)
	module.graph_network.4.update_global_fn.norm_0.weight (ndim=1)
	module.graph_network.4.update_global_fn.norm_0.bias (ndim=1)
	module.decoder.bias (ndim=1)
I0606 10:29:41.398472 140708994057408 submission_runner.py:299] Initializing metrics bundle.
I0606 10:29:41.398655 140708994057408 submission_runner.py:321] Initializing checkpoint and logger.
I0606 10:29:41.399027 139739753198784 muon.py:324] Muon params:
	module.node_embedder.weight (ndim=2)
	module.edge_embedder.weight (ndim=2)
	module.graph_network.0.update_edge_fn.dense_0.weight (ndim=2)
	module.graph_network.0.update_node_fn.dense_0.weight (ndim=2)
	module.graph_network.0.update_global_fn.dense_0.weight (ndim=2)
	module.graph_network.1.update_edge_fn.dense_0.weight (ndim=2)
	module.graph_network.1.update_node_fn.dense_0.weight (ndim=2)
	module.graph_network.1.update_global_fn.dense_0.weight (ndim=2)
	module.graph_network.2.update_edge_fn.dense_0.weight (ndim=2)
	module.graph_network.2.update_node_fn.dense_0.weight (ndim=2)
	module.graph_network.2.update_global_fn.dense_0.weight (ndim=2)
	module.graph_network.3.update_edge_fn.dense_0.weight (ndim=2)
	module.graph_network.3.update_node_fn.dense_0.weight (ndim=2)
	module.graph_network.3.update_global_fn.dense_0.weight (ndim=2)
	module.graph_network.4.update_edge_fn.dense_0.weight (ndim=2)
	module.graph_network.4.update_node_fn.dense_0.weight (ndim=2)
	module.graph_network.4.update_global_fn.dense_0.weight (ndim=2)
	module.decoder.weight (ndim=2)
I0606 10:29:41.399157 139739753198784 muon.py:325] Adam params:
	module.node_embedder.bias (ndim=1)
	module.edge_embedder.bias (ndim=1)
	module.graph_network.0.update_edge_fn.dense_0.bias (ndim=1)
	module.graph_network.0.update_edge_fn.norm_0.weight (ndim=1)
	module.graph_network.0.update_edge_fn.norm_0.bias (ndim=1)
	module.graph_network.0.update_node_fn.dense_0.bias (ndim=1)
	module.graph_network.0.update_node_fn.norm_0.weight (ndim=1)
	module.graph_network.0.update_node_fn.norm_0.bias (ndim=1)
	module.graph_network.0.update_global_fn.dense_0.bias (ndim=1)
	module.graph_network.0.update_global_fn.norm_0.weight (ndim=1)
	module.graph_network.0.update_global_fn.norm_0.bias (ndim=1)
	module.graph_network.1.update_edge_fn.dense_0.bias (ndim=1)
	module.graph_network.1.update_edge_fn.norm_0.weight (ndim=1)
	module.graph_network.1.update_edge_fn.norm_0.bias (ndim=1)
	module.graph_network.1.update_node_fn.dense_0.bias (ndim=1)
	module.graph_network.1.update_node_fn.norm_0.weight (ndim=1)
	module.graph_network.1.update_node_fn.norm_0.bias (ndim=1)
	module.graph_network.1.update_global_fn.dense_0.bias (ndim=1)
	module.graph_network.1.update_global_fn.norm_0.weight (ndim=1)
	module.graph_network.1.update_global_fn.norm_0.bias (ndim=1)
	module.graph_network.2.update_edge_fn.dense_0.bias (ndim=1)
	module.graph_network.2.update_edge_fn.norm_0.weight (ndim=1)
	module.graph_network.2.update_edge_fn.norm_0.bias (ndim=1)
	module.graph_network.2.update_node_fn.dense_0.bias (ndim=1)
	module.graph_network.2.update_node_fn.norm_0.weight (ndim=1)
	module.graph_network.2.update_node_fn.norm_0.bias (ndim=1)
	module.graph_network.2.update_global_fn.dense_0.bias (ndim=1)
	module.graph_network.2.update_global_fn.norm_0.weight (ndim=1)
	module.graph_network.2.update_global_fn.norm_0.bias (ndim=1)
	module.graph_network.3.update_edge_fn.dense_0.bias (ndim=1)
	module.graph_network.3.update_edge_fn.norm_0.weight (ndim=1)
	module.graph_network.3.update_edge_fn.norm_0.bias (ndim=1)
	module.graph_network.3.update_node_fn.dense_0.bias (ndim=1)
	module.graph_network.3.update_node_fn.norm_0.weight (ndim=1)
	module.graph_network.3.update_node_fn.norm_0.bias (ndim=1)
	module.graph_network.3.update_global_fn.dense_0.bias (ndim=1)
	module.graph_network.3.update_global_fn.norm_0.weight (ndim=1)
	module.graph_network.3.update_global_fn.norm_0.bias (ndim=1)
	module.graph_network.4.update_edge_fn.dense_0.bias (ndim=1)
	module.graph_network.4.update_edge_fn.norm_0.weight (ndim=1)
	module.graph_network.4.update_edge_fn.norm_0.bias (ndim=1)
	module.graph_network.4.update_node_fn.dense_0.bias (ndim=1)
	module.graph_network.4.update_node_fn.norm_0.weight (ndim=1)
	module.graph_network.4.update_node_fn.norm_0.bias (ndim=1)
	module.graph_network.4.update_global_fn.dense_0.bias (ndim=1)
	module.graph_network.4.update_global_fn.norm_0.weight (ndim=1)
	module.graph_network.4.update_global_fn.norm_0.bias (ndim=1)
	module.decoder.bias (ndim=1)
I0606 10:29:41.399404 140495129670848 muon.py:324] Muon params:
	module.node_embedder.weight (ndim=2)
	module.edge_embedder.weight (ndim=2)
	module.graph_network.0.update_edge_fn.dense_0.weight (ndim=2)
	module.graph_network.0.update_node_fn.dense_0.weight (ndim=2)
	module.graph_network.0.update_global_fn.dense_0.weight (ndim=2)
	module.graph_network.1.update_edge_fn.dense_0.weight (ndim=2)
	module.graph_network.1.update_node_fn.dense_0.weight (ndim=2)
	module.graph_network.1.update_global_fn.dense_0.weight (ndim=2)
	module.graph_network.2.update_edge_fn.dense_0.weight (ndim=2)
	module.graph_network.2.update_node_fn.dense_0.weight (ndim=2)
	module.graph_network.2.update_global_fn.dense_0.weight (ndim=2)
	module.graph_network.3.update_edge_fn.dense_0.weight (ndim=2)
	module.graph_network.3.update_node_fn.dense_0.weight (ndim=2)
	module.graph_network.3.update_global_fn.dense_0.weight (ndim=2)
	module.graph_network.4.update_edge_fn.dense_0.weight (ndim=2)
	module.graph_network.4.update_node_fn.dense_0.weight (ndim=2)
	module.graph_network.4.update_global_fn.dense_0.weight (ndim=2)
	module.decoder.weight (ndim=2)
I0606 10:29:41.399549 140495129670848 muon.py:325] Adam params:
	module.node_embedder.bias (ndim=1)
	module.edge_embedder.bias (ndim=1)
	module.graph_network.0.update_edge_fn.dense_0.bias (ndim=1)
	module.graph_network.0.update_edge_fn.norm_0.weight (ndim=1)
	module.graph_network.0.update_edge_fn.norm_0.bias (ndim=1)
	module.graph_network.0.update_node_fn.dense_0.bias (ndim=1)
	module.graph_network.0.update_node_fn.norm_0.weight (ndim=1)
	module.graph_network.0.update_node_fn.norm_0.bias (ndim=1)
	module.graph_network.0.update_global_fn.dense_0.bias (ndim=1)
	module.graph_network.0.update_global_fn.norm_0.weight (ndim=1)
	module.graph_network.0.update_global_fn.norm_0.bias (ndim=1)
	module.graph_network.1.update_edge_fn.dense_0.bias (ndim=1)
	module.graph_network.1.update_edge_fn.norm_0.weight (ndim=1)
	module.graph_network.1.update_edge_fn.norm_0.bias (ndim=1)
	module.graph_network.1.update_node_fn.dense_0.bias (ndim=1)
	module.graph_network.1.update_node_fn.norm_0.weight (ndim=1)
	module.graph_network.1.update_node_fn.norm_0.bias (ndim=1)
	module.graph_network.1.update_global_fn.dense_0.bias (ndim=1)
	module.graph_network.1.update_global_fn.norm_0.weight (ndim=1)
	module.graph_network.1.update_global_fn.norm_0.bias (ndim=1)
	module.graph_network.2.update_edge_fn.dense_0.bias (ndim=1)
	module.graph_network.2.update_edge_fn.norm_0.weight (ndim=1)
	module.graph_network.2.update_edge_fn.norm_0.bias (ndim=1)
	module.graph_network.2.update_node_fn.dense_0.bias (ndim=1)
	module.graph_network.2.update_node_fn.norm_0.weight (ndim=1)
	module.graph_network.2.update_node_fn.norm_0.bias (ndim=1)
	module.graph_network.2.update_global_fn.dense_0.bias (ndim=1)
	module.graph_network.2.update_global_fn.norm_0.weight (ndim=1)
	module.graph_network.2.update_global_fn.norm_0.bias (ndim=1)
	module.graph_network.3.update_edge_fn.dense_0.bias (ndim=1)
	module.graph_network.3.update_edge_fn.norm_0.weight (ndim=1)
	module.graph_network.3.update_edge_fn.norm_0.bias (ndim=1)
	module.graph_network.3.update_node_fn.dense_0.bias (ndim=1)
	module.graph_network.3.update_node_fn.norm_0.weight (ndim=1)
	module.graph_network.3.update_node_fn.norm_0.bias (ndim=1)
	module.graph_network.3.update_global_fn.dense_0.bias (ndim=1)
	module.graph_network.3.update_global_fn.norm_0.weight (ndim=1)
	module.graph_network.3.update_global_fn.norm_0.bias (ndim=1)
	module.graph_network.4.update_edge_fn.dense_0.bias (ndim=1)
	module.graph_network.4.update_edge_fn.norm_0.weight (ndim=1)
	module.graph_network.4.update_edge_fn.norm_0.bias (ndim=1)
	module.graph_network.4.update_node_fn.dense_0.bias (ndim=1)
	module.graph_network.4.update_node_fn.norm_0.weight (ndim=1)
	module.graph_network.4.update_node_fn.norm_0.bias (ndim=1)
	module.graph_network.4.update_global_fn.dense_0.bias (ndim=1)
	module.graph_network.4.update_global_fn.norm_0.weight (ndim=1)
	module.graph_network.4.update_global_fn.norm_0.bias (ndim=1)
	module.decoder.bias (ndim=1)
I0606 10:29:41.399734 139647967343808 muon.py:324] Muon params:
	module.node_embedder.weight (ndim=2)
	module.edge_embedder.weight (ndim=2)
	module.graph_network.0.update_edge_fn.dense_0.weight (ndim=2)
	module.graph_network.0.update_node_fn.dense_0.weight (ndim=2)
	module.graph_network.0.update_global_fn.dense_0.weight (ndim=2)
	module.graph_network.1.update_edge_fn.dense_0.weight (ndim=2)
	module.graph_network.1.update_node_fn.dense_0.weight (ndim=2)
	module.graph_network.1.update_global_fn.dense_0.weight (ndim=2)
	module.graph_network.2.update_edge_fn.dense_0.weight (ndim=2)
	module.graph_network.2.update_node_fn.dense_0.weight (ndim=2)
	module.graph_network.2.update_global_fn.dense_0.weight (ndim=2)
	module.graph_network.3.update_edge_fn.dense_0.weight (ndim=2)
	module.graph_network.3.update_node_fn.dense_0.weight (ndim=2)
	module.graph_network.3.update_global_fn.dense_0.weight (ndim=2)
	module.graph_network.4.update_edge_fn.dense_0.weight (ndim=2)
	module.graph_network.4.update_node_fn.dense_0.weight (ndim=2)
	module.graph_network.4.update_global_fn.dense_0.weight (ndim=2)
	module.decoder.weight (ndim=2)
I0606 10:29:41.399859 139647967343808 muon.py:325] Adam params:
	module.node_embedder.bias (ndim=1)
	module.edge_embedder.bias (ndim=1)
	module.graph_network.0.update_edge_fn.dense_0.bias (ndim=1)
	module.graph_network.0.update_edge_fn.norm_0.weight (ndim=1)
	module.graph_network.0.update_edge_fn.norm_0.bias (ndim=1)
	module.graph_network.0.update_node_fn.dense_0.bias (ndim=1)
	module.graph_network.0.update_node_fn.norm_0.weight (ndim=1)
	module.graph_network.0.update_node_fn.norm_0.bias (ndim=1)
	module.graph_network.0.update_global_fn.dense_0.bias (ndim=1)
	module.graph_network.0.update_global_fn.norm_0.weight (ndim=1)
	module.graph_network.0.update_global_fn.norm_0.bias (ndim=1)
	module.graph_network.1.update_edge_fn.dense_0.bias (ndim=1)
	module.graph_network.1.update_edge_fn.norm_0.weight (ndim=1)
	module.graph_network.1.update_edge_fn.norm_0.bias (ndim=1)
	module.graph_network.1.update_node_fn.dense_0.bias (ndim=1)
	module.graph_network.1.update_node_fn.norm_0.weight (ndim=1)
	module.graph_network.1.update_node_fn.norm_0.bias (ndim=1)
	module.graph_network.1.update_global_fn.dense_0.bias (ndim=1)
	module.graph_network.1.update_global_fn.norm_0.weight (ndim=1)
	module.graph_network.1.update_global_fn.norm_0.bias (ndim=1)
	module.graph_network.2.update_edge_fn.dense_0.bias (ndim=1)
	module.graph_network.2.update_edge_fn.norm_0.weight (ndim=1)
	module.graph_network.2.update_edge_fn.norm_0.bias (ndim=1)
	module.graph_network.2.update_node_fn.dense_0.bias (ndim=1)
	module.graph_network.2.update_node_fn.norm_0.weight (ndim=1)
	module.graph_network.2.update_node_fn.norm_0.bias (ndim=1)
	module.graph_network.2.update_global_fn.dense_0.bias (ndim=1)
	module.graph_network.2.update_global_fn.norm_0.weight (ndim=1)
	module.graph_network.2.update_global_fn.norm_0.bias (ndim=1)
	module.graph_network.3.update_edge_fn.dense_0.bias (ndim=1)
	module.graph_network.3.update_edge_fn.norm_0.weight (ndim=1)
	module.graph_network.3.update_edge_fn.norm_0.bias (ndim=1)
	module.graph_network.3.update_node_fn.dense_0.bias (ndim=1)
	module.graph_network.3.update_node_fn.norm_0.weight (ndim=1)
	module.graph_network.3.update_node_fn.norm_0.bias (ndim=1)
	module.graph_network.3.update_global_fn.dense_0.bias (ndim=1)
	module.graph_network.3.update_global_fn.norm_0.weight (ndim=1)
	module.graph_network.3.update_global_fn.norm_0.bias (ndim=1)
	module.graph_network.4.update_edge_fn.dense_0.bias (ndim=1)
	module.graph_network.4.update_edge_fn.norm_0.weight (ndim=1)
	module.graph_network.4.update_edge_fn.norm_0.bias (ndim=1)
	module.graph_network.4.update_node_fn.dense_0.bias (ndim=1)
	module.graph_network.4.update_node_fn.norm_0.weight (ndim=1)
	module.graph_network.4.update_node_fn.norm_0.bias (ndim=1)
	module.graph_network.4.update_global_fn.dense_0.bias (ndim=1)
	module.graph_network.4.update_global_fn.norm_0.weight (ndim=1)
	module.graph_network.4.update_global_fn.norm_0.bias (ndim=1)
	module.decoder.bias (ndim=1)
I0606 10:29:41.402927 140708994057408 submission_runner.py:344] Saving meta data to /experiment_runs/submissions_a100/muon_torch_jax_hps_lr_fix/study_1/ogbg_pytorch/trial_1/meta_data_0.json.
I0606 10:29:41.403033 139739753198784 logger_utils.py:283] Unable to record workload.train_mean information. Continuing without it.
I0606 10:29:41.403048 140495129670848 logger_utils.py:283] Unable to record workload.train_mean information. Continuing without it.
I0606 10:29:41.403057 139647967343808 logger_utils.py:283] Unable to record workload.train_mean information. Continuing without it.
I0606 10:29:41.403120 140708994057408 logger_utils.py:283] Unable to record workload.train_mean information. Continuing without it.
I0606 10:29:41.403151 140495129670848 logger_utils.py:283] Unable to record workload.train_stddev information. Continuing without it.
I0606 10:29:41.403157 139739753198784 logger_utils.py:283] Unable to record workload.train_stddev information. Continuing without it.
I0606 10:29:41.403160 139647967343808 logger_utils.py:283] Unable to record workload.train_stddev information. Continuing without it.
I0606 10:29:41.403181 140708994057408 logger_utils.py:283] Unable to record workload.train_stddev information. Continuing without it.
I0606 10:29:41.680791 140708994057408 submission_runner.py:348] Saving flags to /experiment_runs/submissions_a100/muon_torch_jax_hps_lr_fix/study_1/ogbg_pytorch/trial_1/flags_0.json.
I0606 10:29:41.728770 140708994057408 submission_runner.py:359] Starting training loop.
I0606 10:29:45.345760 140708994057408 dataset_info.py:707] Load dataset info from /data/ogbg/ogbg_molpcba/0.1.3
I0606 10:29:45.363663 140708994057408 reader.py:262] Creating a tf.data.Dataset reading 8 files located in folders: /data/ogbg/ogbg_molpcba/0.1.3.
WARNING:tensorflow:From /usr/local/lib/python3.11/site-packages/tensorflow_datasets/core/reader.py:102: CounterV2 (from tensorflow.python.data.experimental.ops.counter) is deprecated and will be removed in a future version.
Instructions for updating:
Use `tf.data.Dataset.counter(...)` instead.
W0606 10:29:45.442409 140708994057408 deprecation.py:50] From /usr/local/lib/python3.11/site-packages/tensorflow_datasets/core/reader.py:102: CounterV2 (from tensorflow.python.data.experimental.ops.counter) is deprecated and will be removed in a future version.
Instructions for updating:
Use `tf.data.Dataset.counter(...)` instead.
I0606 10:29:45.607940 140708994057408 logging_logger.py:49] Constructing tf.data.Dataset ogbg_molpcba for split train, from /data/ogbg/ogbg_molpcba/0.1.3
I0606 10:30:13.022141 140708994057408 spec.py:333] Evaluating on the training split.
I0606 10:30:13.025735 140708994057408 dataset_info.py:707] Load dataset info from /data/ogbg/ogbg_molpcba/0.1.3
I0606 10:30:13.029111 140708994057408 reader.py:262] Creating a tf.data.Dataset reading 8 files located in folders: /data/ogbg/ogbg_molpcba/0.1.3.
I0606 10:30:13.092849 140708994057408 logging_logger.py:49] Constructing tf.data.Dataset ogbg_molpcba for split train, from /data/ogbg/ogbg_molpcba/0.1.3
I0606 10:30:43.804473 140708994057408 spec.py:346] Evaluating on the validation split.
I0606 10:30:43.806942 140708994057408 dataset_info.py:707] Load dataset info from /data/ogbg/ogbg_molpcba/0.1.3
I0606 10:30:43.810420 140708994057408 reader.py:262] Creating a tf.data.Dataset reading 1 files located in folders: /data/ogbg/ogbg_molpcba/0.1.3.
I0606 10:30:43.874311 140708994057408 logging_logger.py:49] Constructing tf.data.Dataset ogbg_molpcba for split validation, from /data/ogbg/ogbg_molpcba/0.1.3
I0606 10:31:03.647650 140708994057408 spec.py:363] Evaluating on the test split.
I0606 10:31:03.649941 140708994057408 dataset_info.py:707] Load dataset info from /data/ogbg/ogbg_molpcba/0.1.3
I0606 10:31:03.653162 140708994057408 reader.py:262] Creating a tf.data.Dataset reading 1 files located in folders: /data/ogbg/ogbg_molpcba/0.1.3.
I0606 10:31:03.714691 140708994057408 logging_logger.py:49] Constructing tf.data.Dataset ogbg_molpcba for split test, from /data/ogbg/ogbg_molpcba/0.1.3
I0606 10:31:22.858571 140708994057408 submission_runner.py:516] Time since start: 101.13s, 	Step: 1, 	{'train/accuracy': 0.5425074658734584, 'train/loss': 0.7101304826477165, 'train/mean_average_precision': 0.02215092980158988, 'validation/accuracy': 0.5447020351433238, 'validation/loss': 0.7110884785623127, 'validation/mean_average_precision': 0.025364952905998262, 'validation/num_examples': 43793, 'test/accuracy': 0.5474590625813337, 'test/loss': 0.7104198270103997, 'test/mean_average_precision': 0.02705496762402302, 'test/num_examples': 43793, 'score': 30.812288284301758, 'total_duration': 101.12979221343994, 'accumulated_submission_time': 30.812288284301758, 'accumulated_eval_time': 69.83630108833313, 'accumulated_logging_time': 0}
I0606 10:31:23.331070 140675294877440 logging_writer.py:48] [1] accumulated_eval_time=69.8363, accumulated_logging_time=0, accumulated_submission_time=30.8123, global_step=1, preemption_count=0, score=30.8123, test/accuracy=0.547459, test/loss=0.71042, test/mean_average_precision=0.027055, test/num_examples=43793, total_duration=101.13, train/accuracy=0.542507, train/loss=0.71013, train/mean_average_precision=0.0221509, validation/accuracy=0.544702, validation/loss=0.711088, validation/mean_average_precision=0.025365, validation/num_examples=43793
I0606 10:38:55.476068 140708994057408 spec.py:333] Evaluating on the training split.
I0606 10:39:22.082298 140708994057408 spec.py:346] Evaluating on the validation split.
I0606 10:39:24.110986 140708994057408 spec.py:363] Evaluating on the test split.
I0606 10:39:26.145003 140708994057408 submission_runner.py:516] Time since start: 584.42s, 	Step: 1933, 	{'train/accuracy': 0.9894485384165267, 'train/loss': 0.03574168927933228, 'train/mean_average_precision': 0.26618058983782156, 'validation/accuracy': 0.9861492454674464, 'validation/loss': 0.04662266398032565, 'validation/mean_average_precision': 0.21852405166091526, 'validation/num_examples': 43793, 'test/accuracy': 0.985327301411089, 'test/loss': 0.049272174900125414, 'test/mean_average_precision': 0.20909727784717597, 'test/num_examples': 43793, 'score': 481.4850196838379, 'total_duration': 584.4162926673889, 'accumulated_submission_time': 481.4850196838379, 'accumulated_eval_time': 100.50513029098511, 'accumulated_logging_time': 0.5176198482513428}
I0606 10:39:26.192022 140675303270144 logging_writer.py:48] [1933] accumulated_eval_time=100.505, accumulated_logging_time=0.51762, accumulated_submission_time=481.485, global_step=1933, preemption_count=0, score=481.485, test/accuracy=0.985327, test/loss=0.0492722, test/mean_average_precision=0.209097, test/num_examples=43793, total_duration=584.416, train/accuracy=0.989449, train/loss=0.0357417, train/mean_average_precision=0.266181, validation/accuracy=0.986149, validation/loss=0.0466227, validation/mean_average_precision=0.218524, validation/num_examples=43793
I0606 10:46:58.790853 140708994057408 spec.py:333] Evaluating on the training split.
I0606 10:47:25.332280 140708994057408 spec.py:346] Evaluating on the validation split.
I0606 10:47:27.348452 140708994057408 spec.py:363] Evaluating on the test split.
I0606 10:47:29.395738 140708994057408 submission_runner.py:516] Time since start: 1067.67s, 	Step: 3868, 	{'train/accuracy': 0.9910598254633883, 'train/loss': 0.02985114806208309, 'train/mean_average_precision': 0.41525512775558165, 'validation/accuracy': 0.9868257187300082, 'validation/loss': 0.04398960901651788, 'validation/mean_average_precision': 0.2644263965042927, 'validation/num_examples': 43793, 'test/accuracy': 0.9859139566675286, 'test/loss': 0.046856048466231315, 'test/mean_average_precision': 0.25472793795461335, 'test/num_examples': 43793, 'score': 932.6660056114197, 'total_duration': 1067.667051076889, 'accumulated_submission_time': 932.6660056114197, 'accumulated_eval_time': 131.10999608039856, 'accumulated_logging_time': 0.5755231380462646}
I0606 10:47:29.438969 140675294877440 logging_writer.py:48] [3868] accumulated_eval_time=131.11, accumulated_logging_time=0.575523, accumulated_submission_time=932.666, global_step=3868, preemption_count=0, score=932.666, test/accuracy=0.985914, test/loss=0.046856, test/mean_average_precision=0.254728, test/num_examples=43793, total_duration=1067.67, train/accuracy=0.99106, train/loss=0.0298511, train/mean_average_precision=0.415255, validation/accuracy=0.986826, validation/loss=0.0439896, validation/mean_average_precision=0.264426, validation/num_examples=43793
I0606 10:55:02.084550 140708994057408 spec.py:333] Evaluating on the training split.
I0606 10:55:29.015952 140708994057408 spec.py:346] Evaluating on the validation split.
I0606 10:55:31.012410 140708994057408 spec.py:363] Evaluating on the test split.
I0606 10:55:33.080431 140708994057408 submission_runner.py:516] Time since start: 1551.35s, 	Step: 5802, 	{'train/accuracy': 0.9911858652377159, 'train/loss': 0.0290332288320518, 'train/mean_average_precision': 0.42238661394307797, 'validation/accuracy': 0.9867465634427598, 'validation/loss': 0.044867281319311614, 'validation/mean_average_precision': 0.2722390673416354, 'validation/num_examples': 43793, 'test/accuracy': 0.9858920571173959, 'test/loss': 0.04768063101658554, 'test/mean_average_precision': 0.25935131847614257, 'test/num_examples': 43793, 'score': 1383.8834550380707, 'total_duration': 1551.3516690731049, 'accumulated_submission_time': 1383.8834550380707, 'accumulated_eval_time': 162.10573625564575, 'accumulated_logging_time': 0.6294755935668945}
I0606 10:55:33.122242 140675303270144 logging_writer.py:48] [5802] accumulated_eval_time=162.106, accumulated_logging_time=0.629476, accumulated_submission_time=1383.88, global_step=5802, preemption_count=0, score=1383.88, test/accuracy=0.985892, test/loss=0.0476806, test/mean_average_precision=0.259351, test/num_examples=43793, total_duration=1551.35, train/accuracy=0.991186, train/loss=0.0290332, train/mean_average_precision=0.422387, validation/accuracy=0.986747, validation/loss=0.0448673, validation/mean_average_precision=0.272239, validation/num_examples=43793
I0606 11:03:05.635529 140708994057408 spec.py:333] Evaluating on the training split.
I0606 11:03:32.505090 140708994057408 spec.py:346] Evaluating on the validation split.
I0606 11:03:34.575366 140708994057408 spec.py:363] Evaluating on the test split.
I0606 11:03:36.599869 140708994057408 submission_runner.py:516] Time since start: 2034.87s, 	Step: 7729, 	{'train/accuracy': 0.9916741926314089, 'train/loss': 0.026812994094165446, 'train/mean_average_precision': 0.4927178128087939, 'validation/accuracy': 0.986886810374782, 'validation/loss': 0.04477055393884828, 'validation/mean_average_precision': 0.2767534144725022, 'validation/num_examples': 43793, 'test/accuracy': 0.9861658014940546, 'test/loss': 0.04767015502986341, 'test/mean_average_precision': 0.2610470128977833, 'test/num_examples': 43793, 'score': 1834.9736561775208, 'total_duration': 2034.8711154460907, 'accumulated_submission_time': 1834.9736561775208, 'accumulated_eval_time': 193.0699646472931, 'accumulated_logging_time': 0.6819860935211182}
I0606 11:03:36.641953 140675294877440 logging_writer.py:48] [7729] accumulated_eval_time=193.07, accumulated_logging_time=0.681986, accumulated_submission_time=1834.97, global_step=7729, preemption_count=0, score=1834.97, test/accuracy=0.986166, test/loss=0.0476702, test/mean_average_precision=0.261047, test/num_examples=43793, total_duration=2034.87, train/accuracy=0.991674, train/loss=0.026813, train/mean_average_precision=0.492718, validation/accuracy=0.986887, validation/loss=0.0447706, validation/mean_average_precision=0.276753, validation/num_examples=43793
I0606 11:11:09.203933 140708994057408 spec.py:333] Evaluating on the training split.
I0606 11:11:35.471351 140708994057408 spec.py:346] Evaluating on the validation split.
I0606 11:11:37.499349 140708994057408 spec.py:363] Evaluating on the test split.
I0606 11:11:39.567177 140708994057408 submission_runner.py:516] Time since start: 2517.84s, 	Step: 9650, 	{'train/accuracy': 0.9925952390794688, 'train/loss': 0.024134089247083233, 'train/mean_average_precision': 0.5444883812625898, 'validation/accuracy': 0.9867952743887588, 'validation/loss': 0.04597653674916136, 'validation/mean_average_precision': 0.2743737686487211, 'validation/num_examples': 43793, 'test/accuracy': 0.9859872359314342, 'test/loss': 0.04903339544523049, 'test/mean_average_precision': 0.2610152471366416, 'test/num_examples': 43793, 'score': 2286.128916978836, 'total_duration': 2517.8384511470795, 'accumulated_submission_time': 2286.128916978836, 'accumulated_eval_time': 223.4331271648407, 'accumulated_logging_time': 0.7346007823944092}
I0606 11:11:39.611665 140675303270144 logging_writer.py:48] [9650] accumulated_eval_time=223.433, accumulated_logging_time=0.734601, accumulated_submission_time=2286.13, global_step=9650, preemption_count=0, score=2286.13, test/accuracy=0.985987, test/loss=0.0490334, test/mean_average_precision=0.261015, test/num_examples=43793, total_duration=2517.84, train/accuracy=0.992595, train/loss=0.0241341, train/mean_average_precision=0.544488, validation/accuracy=0.986795, validation/loss=0.0459765, validation/mean_average_precision=0.274374, validation/num_examples=43793
I0606 11:19:12.177499 140708994057408 spec.py:333] Evaluating on the training split.
I0606 11:19:38.559183 140708994057408 spec.py:346] Evaluating on the validation split.
I0606 11:19:40.532949 140708994057408 spec.py:363] Evaluating on the test split.
I0606 11:19:42.554792 140708994057408 submission_runner.py:516] Time since start: 3000.83s, 	Step: 11617, 	{'train/accuracy': 0.9922546804939968, 'train/loss': 0.02449461664637929, 'train/mean_average_precision': 0.5382429224851191, 'validation/accuracy': 0.986837084617408, 'validation/loss': 0.04727516549543903, 'validation/mean_average_precision': 0.27506480435174535, 'validation/num_examples': 43793, 'test/accuracy': 0.9860091354815669, 'test/loss': 0.05063668533147075, 'test/mean_average_precision': 0.2599098408167454, 'test/num_examples': 43793, 'score': 2737.3104705810547, 'total_duration': 3000.826126098633, 'accumulated_submission_time': 2737.3104705810547, 'accumulated_eval_time': 253.8103792667389, 'accumulated_logging_time': 0.7891979217529297}
I0606 11:19:42.597000 140675294877440 logging_writer.py:48] [11617] accumulated_eval_time=253.81, accumulated_logging_time=0.789198, accumulated_submission_time=2737.31, global_step=11617, preemption_count=0, score=2737.31, test/accuracy=0.986009, test/loss=0.0506367, test/mean_average_precision=0.25991, test/num_examples=43793, total_duration=3000.83, train/accuracy=0.992255, train/loss=0.0244946, train/mean_average_precision=0.538243, validation/accuracy=0.986837, validation/loss=0.0472752, validation/mean_average_precision=0.275065, validation/num_examples=43793
I0606 11:27:15.116944 140708994057408 spec.py:333] Evaluating on the training split.
I0606 11:27:40.970156 140708994057408 spec.py:346] Evaluating on the validation split.
I0606 11:27:42.956809 140708994057408 spec.py:363] Evaluating on the test split.
I0606 11:27:44.954724 140708994057408 submission_runner.py:516] Time since start: 3483.23s, 	Step: 13577, 	{'train/accuracy': 0.9927551259705027, 'train/loss': 0.022250537220206153, 'train/mean_average_precision': 0.5940489967935518, 'validation/accuracy': 0.9867510286128097, 'validation/loss': 0.04854902650159609, 'validation/mean_average_precision': 0.26770854253146603, 'validation/num_examples': 43793, 'test/accuracy': 0.985968494970263, 'test/loss': 0.05190773443152558, 'test/mean_average_precision': 0.25595051767462, 'test/num_examples': 43793, 'score': 3188.4226417541504, 'total_duration': 3483.2260341644287, 'accumulated_submission_time': 3188.4226417541504, 'accumulated_eval_time': 283.64814615249634, 'accumulated_logging_time': 0.8417699337005615}
I0606 11:27:44.996953 140675303270144 logging_writer.py:48] [13577] accumulated_eval_time=283.648, accumulated_logging_time=0.84177, accumulated_submission_time=3188.42, global_step=13577, preemption_count=0, score=3188.42, test/accuracy=0.985968, test/loss=0.0519077, test/mean_average_precision=0.255951, test/num_examples=43793, total_duration=3483.23, train/accuracy=0.992755, train/loss=0.0222505, train/mean_average_precision=0.594049, validation/accuracy=0.986751, validation/loss=0.048549, validation/mean_average_precision=0.267709, validation/num_examples=43793
I0606 11:35:17.547342 140708994057408 spec.py:333] Evaluating on the training split.
I0606 11:35:43.721235 140708994057408 spec.py:346] Evaluating on the validation split.
I0606 11:35:45.693535 140708994057408 spec.py:363] Evaluating on the test split.
I0606 11:35:47.726270 140708994057408 submission_runner.py:516] Time since start: 3966.00s, 	Step: 15540, 	{'train/accuracy': 0.9938215823197538, 'train/loss': 0.019348393661103684, 'train/mean_average_precision': 0.6579857192283007, 'validation/accuracy': 0.9864398874452408, 'validation/loss': 0.04919566430973342, 'validation/mean_average_precision': 0.26790003250138883, 'validation/num_examples': 43793, 'test/accuracy': 0.9856631647039896, 'test/loss': 0.052357425374124335, 'test/mean_average_precision': 0.2593633353660888, 'test/num_examples': 43793, 'score': 3639.5631260871887, 'total_duration': 3965.9975905418396, 'accumulated_submission_time': 3639.5631260871887, 'accumulated_eval_time': 313.82703256607056, 'accumulated_logging_time': 0.8950502872467041}
I0606 11:35:47.768151 140675294877440 logging_writer.py:48] [15540] accumulated_eval_time=313.827, accumulated_logging_time=0.89505, accumulated_submission_time=3639.56, global_step=15540, preemption_count=0, score=3639.56, test/accuracy=0.985663, test/loss=0.0523574, test/mean_average_precision=0.259363, test/num_examples=43793, total_duration=3966, train/accuracy=0.993822, train/loss=0.0193484, train/mean_average_precision=0.657986, validation/accuracy=0.98644, validation/loss=0.0491957, validation/mean_average_precision=0.2679, validation/num_examples=43793
I0606 11:43:20.343233 140708994057408 spec.py:333] Evaluating on the training split.
I0606 11:43:46.596411 140708994057408 spec.py:346] Evaluating on the validation split.
I0606 11:43:48.606636 140708994057408 spec.py:363] Evaluating on the test split.
I0606 11:43:50.645799 140708994057408 submission_runner.py:516] Time since start: 4448.92s, 	Step: 17511, 	{'train/accuracy': 0.9933852426493511, 'train/loss': 0.020449765895866726, 'train/mean_average_precision': 0.6301839526848658, 'validation/accuracy': 0.9864088342171664, 'validation/loss': 0.05087791078346685, 'validation/mean_average_precision': 0.2652422806732837, 'validation/num_examples': 43793, 'test/accuracy': 0.9855267136608551, 'test/loss': 0.054502373784890826, 'test/mean_average_precision': 0.2530066185990672, 'test/num_examples': 43793, 'score': 4090.743220090866, 'total_duration': 4448.917090177536, 'accumulated_submission_time': 4090.743220090866, 'accumulated_eval_time': 344.12948989868164, 'accumulated_logging_time': 0.9470210075378418}
I0606 11:43:50.687362 140675303270144 logging_writer.py:48] [17511] accumulated_eval_time=344.129, accumulated_logging_time=0.947021, accumulated_submission_time=4090.74, global_step=17511, preemption_count=0, score=4090.74, test/accuracy=0.985527, test/loss=0.0545024, test/mean_average_precision=0.253007, test/num_examples=43793, total_duration=4448.92, train/accuracy=0.993385, train/loss=0.0204498, train/mean_average_precision=0.630184, validation/accuracy=0.986409, validation/loss=0.0508779, validation/mean_average_precision=0.265242, validation/num_examples=43793
I0606 11:51:23.199362 140708994057408 spec.py:333] Evaluating on the training split.
I0606 11:51:49.441590 140708994057408 spec.py:346] Evaluating on the validation split.
I0606 11:51:51.432947 140708994057408 spec.py:363] Evaluating on the test split.
I0606 11:51:53.409394 140708994057408 submission_runner.py:516] Time since start: 4931.68s, 	Step: 19498, 	{'train/accuracy': 0.9941288151144305, 'train/loss': 0.017702605428047642, 'train/mean_average_precision': 0.6937828009038247, 'validation/accuracy': 0.9863442922137177, 'validation/loss': 0.052290781920282914, 'validation/mean_average_precision': 0.2655454958789006, 'validation/num_examples': 43793, 'test/accuracy': 0.985463963026821, 'test/loss': 0.05623089843325565, 'test/mean_average_precision': 0.24899000777022456, 'test/num_examples': 43793, 'score': 4541.887195587158, 'total_duration': 4931.680645942688, 'accumulated_submission_time': 4541.887195587158, 'accumulated_eval_time': 374.33939576148987, 'accumulated_logging_time': 0.9988157749176025}
I0606 11:51:53.451751 140675294877440 logging_writer.py:48] [19498] accumulated_eval_time=374.339, accumulated_logging_time=0.998816, accumulated_submission_time=4541.89, global_step=19498, preemption_count=0, score=4541.89, test/accuracy=0.985464, test/loss=0.0562309, test/mean_average_precision=0.24899, test/num_examples=43793, total_duration=4931.68, train/accuracy=0.994129, train/loss=0.0177026, train/mean_average_precision=0.693783, validation/accuracy=0.986344, validation/loss=0.0522908, validation/mean_average_precision=0.265545, validation/num_examples=43793
I0606 11:59:26.075445 140708994057408 spec.py:333] Evaluating on the training split.
I0606 11:59:52.624423 140708994057408 spec.py:346] Evaluating on the validation split.
I0606 11:59:54.633188 140708994057408 spec.py:363] Evaluating on the test split.
I0606 11:59:56.700754 140708994057408 submission_runner.py:516] Time since start: 5414.97s, 	Step: 21487, 	{'train/accuracy': 0.9957644503367817, 'train/loss': 0.013191501517521968, 'train/mean_average_precision': 0.7961936626816644, 'validation/accuracy': 0.9860386310275736, 'validation/loss': 0.05447586743031899, 'validation/mean_average_precision': 0.25260652230315056, 'validation/num_examples': 43793, 'test/accuracy': 0.9852613921880935, 'test/loss': 0.05797999339223189, 'test/mean_average_precision': 0.24350300057295918, 'test/num_examples': 43793, 'score': 4993.136505365372, 'total_duration': 5414.972052097321, 'accumulated_submission_time': 4993.136505365372, 'accumulated_eval_time': 404.9646441936493, 'accumulated_logging_time': 1.0512959957122803}
I0606 11:59:56.744072 140675303270144 logging_writer.py:48] [21487] accumulated_eval_time=404.965, accumulated_logging_time=1.0513, accumulated_submission_time=4993.14, global_step=21487, preemption_count=0, score=4993.14, test/accuracy=0.985261, test/loss=0.05798, test/mean_average_precision=0.243503, test/num_examples=43793, total_duration=5414.97, train/accuracy=0.995764, train/loss=0.0131915, train/mean_average_precision=0.796194, validation/accuracy=0.986039, validation/loss=0.0544759, validation/mean_average_precision=0.252607, validation/num_examples=43793
I0606 12:07:29.165467 140708994057408 spec.py:333] Evaluating on the training split.
I0606 12:07:55.304154 140708994057408 spec.py:346] Evaluating on the validation split.
I0606 12:07:57.311278 140708994057408 spec.py:363] Evaluating on the test split.
I0606 12:07:59.304984 140708994057408 submission_runner.py:516] Time since start: 5897.58s, 	Step: 23467, 	{'train/accuracy': 0.9944118353351521, 'train/loss': 0.01648413233852586, 'train/mean_average_precision': 0.7126404885293147, 'validation/accuracy': 0.9856536115919062, 'validation/loss': 0.05722185187244876, 'validation/mean_average_precision': 0.2577179280463091, 'validation/num_examples': 43793, 'test/accuracy': 0.9848825720853173, 'test/loss': 0.06089724641584382, 'test/mean_average_precision': 0.24011375787453237, 'test/num_examples': 43793, 'score': 5444.190593004227, 'total_duration': 5897.576326847076, 'accumulated_submission_time': 5444.190593004227, 'accumulated_eval_time': 435.10414600372314, 'accumulated_logging_time': 1.1049840450286865}
I0606 12:07:59.347071 140675294877440 logging_writer.py:48] [23467] accumulated_eval_time=435.104, accumulated_logging_time=1.10498, accumulated_submission_time=5444.19, global_step=23467, preemption_count=0, score=5444.19, test/accuracy=0.984883, test/loss=0.0608972, test/mean_average_precision=0.240114, test/num_examples=43793, total_duration=5897.58, train/accuracy=0.994412, train/loss=0.0164841, train/mean_average_precision=0.71264, validation/accuracy=0.985654, validation/loss=0.0572219, validation/mean_average_precision=0.257718, validation/num_examples=43793
I0606 12:15:31.936363 140708994057408 spec.py:333] Evaluating on the training split.
I0606 12:15:58.197617 140708994057408 spec.py:346] Evaluating on the validation split.
I0606 12:16:00.183729 140708994057408 spec.py:363] Evaluating on the test split.
I0606 12:16:02.206164 140708994057408 submission_runner.py:516] Time since start: 6380.48s, 	Step: 25441, 	{'train/accuracy': 0.9951215823010927, 'train/loss': 0.014173753206816155, 'train/mean_average_precision': 0.773095490139182, 'validation/accuracy': 0.98545876780791, 'validation/loss': 0.06050540092761878, 'validation/mean_average_precision': 0.24828178611597873, 'validation/num_examples': 43793, 'test/accuracy': 0.9845888233119027, 'test/loss': 0.0648261296798707, 'test/mean_average_precision': 0.23272257693867687, 'test/num_examples': 43793, 'score': 5895.415098667145, 'total_duration': 6380.477509260178, 'accumulated_submission_time': 5895.415098667145, 'accumulated_eval_time': 465.37394642829895, 'accumulated_logging_time': 1.1572396755218506}
I0606 12:16:02.250416 140675303270144 logging_writer.py:48] [25441] accumulated_eval_time=465.374, accumulated_logging_time=1.15724, accumulated_submission_time=5895.42, global_step=25441, preemption_count=0, score=5895.42, test/accuracy=0.984589, test/loss=0.0648261, test/mean_average_precision=0.232723, test/num_examples=43793, total_duration=6380.48, train/accuracy=0.995122, train/loss=0.0141738, train/mean_average_precision=0.773095, validation/accuracy=0.985459, validation/loss=0.0605054, validation/mean_average_precision=0.248282, validation/num_examples=43793
I0606 12:23:34.837298 140708994057408 spec.py:333] Evaluating on the training split.
I0606 12:24:00.953715 140708994057408 spec.py:346] Evaluating on the validation split.
I0606 12:24:02.942894 140708994057408 spec.py:363] Evaluating on the test split.
I0606 12:24:04.908385 140708994057408 submission_runner.py:516] Time since start: 6863.18s, 	Step: 27424, 	{'train/accuracy': 0.9970311291490245, 'train/loss': 0.008901363299661513, 'train/mean_average_precision': 0.8907496563128087, 'validation/accuracy': 0.985609974702782, 'validation/loss': 0.06395787802129642, 'validation/mean_average_precision': 0.2433699424437684, 'validation/num_examples': 43793, 'test/accuracy': 0.9848530919216771, 'test/loss': 0.06794020227814282, 'test/mean_average_precision': 0.23772563517743697, 'test/num_examples': 43793, 'score': 6346.631934404373, 'total_duration': 6863.179677963257, 'accumulated_submission_time': 6346.631934404373, 'accumulated_eval_time': 495.4449715614319, 'accumulated_logging_time': 1.2114624977111816}
I0606 12:24:04.953264 140675294877440 logging_writer.py:48] [27424] accumulated_eval_time=495.445, accumulated_logging_time=1.21146, accumulated_submission_time=6346.63, global_step=27424, preemption_count=0, score=6346.63, test/accuracy=0.984853, test/loss=0.0679402, test/mean_average_precision=0.237726, test/num_examples=43793, total_duration=6863.18, train/accuracy=0.997031, train/loss=0.00890136, train/mean_average_precision=0.89075, validation/accuracy=0.98561, validation/loss=0.0639579, validation/mean_average_precision=0.24337, validation/num_examples=43793
I0606 12:31:37.473346 140708994057408 spec.py:333] Evaluating on the training split.
I0606 12:32:03.891295 140708994057408 spec.py:346] Evaluating on the validation split.
I0606 12:32:05.879572 140708994057408 spec.py:363] Evaluating on the test split.
I0606 12:32:07.940262 140708994057408 submission_runner.py:516] Time since start: 7346.21s, 	Step: 29422, 	{'train/accuracy': 0.9963319024356081, 'train/loss': 0.01042862655580865, 'train/mean_average_precision': 0.8480402495881921, 'validation/accuracy': 0.9854683070348348, 'validation/loss': 0.06777159625161153, 'validation/mean_average_precision': 0.2414972226011296, 'validation/num_examples': 43793, 'test/accuracy': 0.9846724206330824, 'test/loss': 0.07228776308940323, 'test/mean_average_precision': 0.2366860545333453, 'test/num_examples': 43793, 'score': 6797.790017366409, 'total_duration': 7346.211610078812, 'accumulated_submission_time': 6797.790017366409, 'accumulated_eval_time': 525.9119162559509, 'accumulated_logging_time': 1.2674205303192139}
I0606 12:32:07.984713 140675303270144 logging_writer.py:48] [29422] accumulated_eval_time=525.912, accumulated_logging_time=1.26742, accumulated_submission_time=6797.79, global_step=29422, preemption_count=0, score=6797.79, test/accuracy=0.984672, test/loss=0.0722878, test/mean_average_precision=0.236686, test/num_examples=43793, total_duration=7346.21, train/accuracy=0.996332, train/loss=0.0104286, train/mean_average_precision=0.84804, validation/accuracy=0.985468, validation/loss=0.0677716, validation/mean_average_precision=0.241497, validation/num_examples=43793
I0606 12:39:40.525280 140708994057408 spec.py:333] Evaluating on the training split.
I0606 12:40:06.975785 140708994057408 spec.py:346] Evaluating on the validation split.
I0606 12:40:08.976242 140708994057408 spec.py:363] Evaluating on the test split.
I0606 12:40:11.020232 140708994057408 submission_runner.py:516] Time since start: 7829.29s, 	Step: 31418, 	{'train/accuracy': 0.996545210028356, 'train/loss': 0.009546106508887408, 'train/mean_average_precision': 0.8677397087116218, 'validation/accuracy': 0.9855015928479341, 'validation/loss': 0.07250738478237573, 'validation/mean_average_precision': 0.24289653419150847, 'validation/num_examples': 43793, 'test/accuracy': 0.9846119862976199, 'test/loss': 0.07779121611149903, 'test/mean_average_precision': 0.23177073076205448, 'test/num_examples': 43793, 'score': 7248.962101459503, 'total_duration': 7829.291542053223, 'accumulated_submission_time': 7248.962101459503, 'accumulated_eval_time': 556.4068727493286, 'accumulated_logging_time': 1.3218979835510254}
I0606 12:40:11.063973 140675294877440 logging_writer.py:48] [31418] accumulated_eval_time=556.407, accumulated_logging_time=1.3219, accumulated_submission_time=7248.96, global_step=31418, preemption_count=0, score=7248.96, test/accuracy=0.984612, test/loss=0.0777912, test/mean_average_precision=0.231771, test/num_examples=43793, total_duration=7829.29, train/accuracy=0.996545, train/loss=0.00954611, train/mean_average_precision=0.86774, validation/accuracy=0.985502, validation/loss=0.0725074, validation/mean_average_precision=0.242897, validation/num_examples=43793
I0606 12:47:43.485029 140708994057408 spec.py:333] Evaluating on the training split.
I0606 12:48:09.576061 140708994057408 spec.py:346] Evaluating on the validation split.
I0606 12:48:11.566596 140708994057408 spec.py:363] Evaluating on the test split.
I0606 12:48:13.566752 140708994057408 submission_runner.py:516] Time since start: 8311.84s, 	Step: 33419, 	{'train/accuracy': 0.9981050209765426, 'train/loss': 0.005679121666036646, 'train/mean_average_precision': 0.9439838612704072, 'validation/accuracy': 0.9853201445740877, 'validation/loss': 0.07781531762378263, 'validation/mean_average_precision': 0.2380675905871821, 'validation/num_examples': 43793, 'test/accuracy': 0.9845119643138408, 'test/loss': 0.08328131093444538, 'test/mean_average_precision': 0.22595542886804157, 'test/num_examples': 43793, 'score': 7700.017323732376, 'total_duration': 8311.838056087494, 'accumulated_submission_time': 7700.017323732376, 'accumulated_eval_time': 586.4885458946228, 'accumulated_logging_time': 1.375525951385498}
I0606 12:48:13.609722 140675303270144 logging_writer.py:48] [33419] accumulated_eval_time=586.489, accumulated_logging_time=1.37553, accumulated_submission_time=7700.02, global_step=33419, preemption_count=0, score=7700.02, test/accuracy=0.984512, test/loss=0.0832813, test/mean_average_precision=0.225955, test/num_examples=43793, total_duration=8311.84, train/accuracy=0.998105, train/loss=0.00567912, train/mean_average_precision=0.943984, validation/accuracy=0.98532, validation/loss=0.0778153, validation/mean_average_precision=0.238068, validation/num_examples=43793
I0606 12:55:46.067326 140708994057408 spec.py:333] Evaluating on the training split.
I0606 12:56:12.220521 140708994057408 spec.py:346] Evaluating on the validation split.
I0606 12:56:14.220753 140708994057408 spec.py:363] Evaluating on the test split.
I0606 12:56:16.237315 140708994057408 submission_runner.py:516] Time since start: 8794.51s, 	Step: 35412, 	{'train/accuracy': 0.9987334352992429, 'train/loss': 0.0041189686712336, 'train/mean_average_precision': 0.967583585076113, 'validation/accuracy': 0.9851583836409159, 'validation/loss': 0.08304426008478952, 'validation/mean_average_precision': 0.23561596549984298, 'validation/num_examples': 43793, 'test/accuracy': 0.9843713018187576, 'test/loss': 0.08894572038570162, 'test/mean_average_precision': 0.22474430193658398, 'test/num_examples': 43793, 'score': 8151.109107017517, 'total_duration': 8794.508605718613, 'accumulated_submission_time': 8151.109107017517, 'accumulated_eval_time': 616.6584348678589, 'accumulated_logging_time': 1.4288220405578613}
I0606 12:56:16.279820 140675294877440 logging_writer.py:48] [35412] accumulated_eval_time=616.658, accumulated_logging_time=1.42882, accumulated_submission_time=8151.11, global_step=35412, preemption_count=0, score=8151.11, test/accuracy=0.984371, test/loss=0.0889457, test/mean_average_precision=0.224744, test/num_examples=43793, total_duration=8794.51, train/accuracy=0.998733, train/loss=0.00411897, train/mean_average_precision=0.967584, validation/accuracy=0.985158, validation/loss=0.0830443, validation/mean_average_precision=0.235616, validation/num_examples=43793
I0606 13:03:48.821713 140708994057408 spec.py:333] Evaluating on the training split.
I0606 13:04:15.090312 140708994057408 spec.py:346] Evaluating on the validation split.
I0606 13:04:17.085509 140708994057408 spec.py:363] Evaluating on the test split.
I0606 13:04:19.163850 140708994057408 submission_runner.py:516] Time since start: 9277.44s, 	Step: 37402, 	{'train/accuracy': 0.9981437073804598, 'train/loss': 0.005103699398101495, 'train/mean_average_precision': 0.9583949769024456, 'validation/accuracy': 0.985353430387187, 'validation/loss': 0.08870605765265199, 'validation/mean_average_precision': 0.2352838056217304, 'validation/num_examples': 43793, 'test/accuracy': 0.9843830938842137, 'test/loss': 0.09491913854329247, 'test/mean_average_precision': 0.22678018945800268, 'test/num_examples': 43793, 'score': 8602.282205581665, 'total_duration': 9277.435112476349, 'accumulated_submission_time': 8602.282205581665, 'accumulated_eval_time': 647.0004935264587, 'accumulated_logging_time': 1.4814283847808838}
I0606 13:04:19.208054 140675303270144 logging_writer.py:48] [37402] accumulated_eval_time=647, accumulated_logging_time=1.48143, accumulated_submission_time=8602.28, global_step=37402, preemption_count=0, score=8602.28, test/accuracy=0.984383, test/loss=0.0949191, test/mean_average_precision=0.22678, test/num_examples=43793, total_duration=9277.44, train/accuracy=0.998144, train/loss=0.0051037, train/mean_average_precision=0.958395, validation/accuracy=0.985353, validation/loss=0.0887061, validation/mean_average_precision=0.235284, validation/num_examples=43793
I0606 13:11:51.709725 140708994057408 spec.py:333] Evaluating on the training split.
I0606 13:12:17.923928 140708994057408 spec.py:346] Evaluating on the validation split.
I0606 13:12:19.930530 140708994057408 spec.py:363] Evaluating on the test split.
I0606 13:12:21.987457 140708994057408 submission_runner.py:516] Time since start: 9760.26s, 	Step: 39388, 	{'train/accuracy': 0.9987461130883203, 'train/loss': 0.003665268147956688, 'train/mean_average_precision': 0.9756776788847351, 'validation/accuracy': 0.9851598043768409, 'validation/loss': 0.09413434712313153, 'validation/mean_average_precision': 0.23594868691066437, 'validation/num_examples': 43793, 'test/accuracy': 0.9843237124117385, 'test/loss': 0.10037284378924546, 'test/mean_average_precision': 0.2278027155248287, 'test/num_examples': 43793, 'score': 9053.4230260849, 'total_duration': 9760.258744001389, 'accumulated_submission_time': 9053.4230260849, 'accumulated_eval_time': 677.2781627178192, 'accumulated_logging_time': 1.535728931427002}
I0606 13:12:22.032508 140675294877440 logging_writer.py:48] [39388] accumulated_eval_time=677.278, accumulated_logging_time=1.53573, accumulated_submission_time=9053.42, global_step=39388, preemption_count=0, score=9053.42, test/accuracy=0.984324, test/loss=0.100373, test/mean_average_precision=0.227803, test/num_examples=43793, total_duration=9760.26, train/accuracy=0.998746, train/loss=0.00366527, train/mean_average_precision=0.975678, validation/accuracy=0.98516, validation/loss=0.0941343, validation/mean_average_precision=0.235949, validation/num_examples=43793
I0606 13:19:54.563613 140708994057408 spec.py:333] Evaluating on the training split.
I0606 13:20:20.888777 140708994057408 spec.py:346] Evaluating on the validation split.
I0606 13:20:22.906701 140708994057408 spec.py:363] Evaluating on the test split.
I0606 13:20:24.925746 140708994057408 submission_runner.py:516] Time since start: 10243.20s, 	Step: 41377, 	{'train/accuracy': 0.999743998162764, 'train/loss': 0.0013797529895636978, 'train/mean_average_precision': 0.9988256454298722, 'validation/accuracy': 0.9853341489710624, 'validation/loss': 0.10018501406731528, 'validation/mean_average_precision': 0.23315322233843508, 'validation/num_examples': 43793, 'test/accuracy': 0.9844494242524041, 'test/loss': 0.10689034205623299, 'test/mean_average_precision': 0.22196758550110648, 'test/num_examples': 43793, 'score': 9504.587394237518, 'total_duration': 10243.197072505951, 'accumulated_submission_time': 9504.587394237518, 'accumulated_eval_time': 707.6402580738068, 'accumulated_logging_time': 1.5910735130310059}
I0606 13:20:24.970297 140675303270144 logging_writer.py:48] [41377] accumulated_eval_time=707.64, accumulated_logging_time=1.59107, accumulated_submission_time=9504.59, global_step=41377, preemption_count=0, score=9504.59, test/accuracy=0.984449, test/loss=0.10689, test/mean_average_precision=0.221968, test/num_examples=43793, total_duration=10243.2, train/accuracy=0.999744, train/loss=0.00137975, train/mean_average_precision=0.998826, validation/accuracy=0.985334, validation/loss=0.100185, validation/mean_average_precision=0.233153, validation/num_examples=43793
I0606 13:27:57.478708 140708994057408 spec.py:333] Evaluating on the training split.
I0606 13:28:23.664345 140708994057408 spec.py:346] Evaluating on the validation split.
I0606 13:28:25.707499 140708994057408 spec.py:363] Evaluating on the test split.
I0606 13:28:27.724016 140708994057408 submission_runner.py:516] Time since start: 10726.00s, 	Step: 43374, 	{'train/accuracy': 0.999345146462598, 'train/loss': 0.002225872804682883, 'train/mean_average_precision': 0.9925714501087668, 'validation/accuracy': 0.9851108904685668, 'validation/loss': 0.10472146827374902, 'validation/mean_average_precision': 0.2331179640157332, 'validation/num_examples': 43793, 'test/accuracy': 0.9842388516549743, 'test/loss': 0.11174248087369097, 'test/mean_average_precision': 0.22164697947210996, 'test/num_examples': 43793, 'score': 9955.730517625809, 'total_duration': 10725.995307683945, 'accumulated_submission_time': 9955.730517625809, 'accumulated_eval_time': 737.8855159282684, 'accumulated_logging_time': 1.6467621326446533}
I0606 13:28:27.767419 140675294877440 logging_writer.py:48] [43374] accumulated_eval_time=737.886, accumulated_logging_time=1.64676, accumulated_submission_time=9955.73, global_step=43374, preemption_count=0, score=9955.73, test/accuracy=0.984239, test/loss=0.111742, test/mean_average_precision=0.221647, test/num_examples=43793, total_duration=10726, train/accuracy=0.999345, train/loss=0.00222587, train/mean_average_precision=0.992571, validation/accuracy=0.985111, validation/loss=0.104721, validation/mean_average_precision=0.233118, validation/num_examples=43793
I0606 13:36:00.378436 140708994057408 spec.py:333] Evaluating on the training split.
I0606 13:36:26.379121 140708994057408 spec.py:346] Evaluating on the validation split.
I0606 13:36:28.402209 140708994057408 spec.py:363] Evaluating on the test split.
I0606 13:36:30.458775 140708994057408 submission_runner.py:516] Time since start: 11208.73s, 	Step: 45369, 	{'train/accuracy': 0.999795683218618, 'train/loss': 0.0011165065259197448, 'train/mean_average_precision': 0.9982688732441408, 'validation/accuracy': 0.9853386141411123, 'validation/loss': 0.10951202490590668, 'validation/mean_average_precision': 0.23272784986271836, 'validation/num_examples': 43793, 'test/accuracy': 0.9844711132299394, 'test/loss': 0.11661163000878509, 'test/mean_average_precision': 0.22307654012419384, 'test/num_examples': 43793, 'score': 10406.975056409836, 'total_duration': 11208.7300863266, 'accumulated_submission_time': 10406.975056409836, 'accumulated_eval_time': 767.9658298492432, 'accumulated_logging_time': 1.700035810470581}
I0606 13:36:30.502555 140675303270144 logging_writer.py:48] [45369] accumulated_eval_time=767.966, accumulated_logging_time=1.70004, accumulated_submission_time=10407, global_step=45369, preemption_count=0, score=10407, test/accuracy=0.984471, test/loss=0.116612, test/mean_average_precision=0.223077, test/num_examples=43793, total_duration=11208.7, train/accuracy=0.999796, train/loss=0.00111651, train/mean_average_precision=0.998269, validation/accuracy=0.985339, validation/loss=0.109512, validation/mean_average_precision=0.232728, validation/num_examples=43793
I0606 13:44:03.036765 140708994057408 spec.py:333] Evaluating on the training split.
I0606 13:44:29.201251 140708994057408 spec.py:346] Evaluating on the validation split.
I0606 13:44:31.226168 140708994057408 spec.py:363] Evaluating on the test split.
I0606 13:44:33.229040 140708994057408 submission_runner.py:516] Time since start: 11691.50s, 	Step: 47352, 	{'train/accuracy': 0.9999791258866575, 'train/loss': 0.00038735351581731015, 'train/mean_average_precision': 0.9999942952761267, 'validation/accuracy': 0.9853237978950377, 'validation/loss': 0.112321860011236, 'validation/mean_average_precision': 0.23277819135847155, 'validation/num_examples': 43793, 'test/accuracy': 0.9844209969517511, 'test/loss': 0.11982477043375428, 'test/mean_average_precision': 0.22168866737768095, 'test/num_examples': 43793, 'score': 10858.13809132576, 'total_duration': 11691.500322580338, 'accumulated_submission_time': 10858.13809132576, 'accumulated_eval_time': 798.1581001281738, 'accumulated_logging_time': 1.753906488418579}
I0606 13:44:33.273517 140675294877440 logging_writer.py:48] [47352] accumulated_eval_time=798.158, accumulated_logging_time=1.75391, accumulated_submission_time=10858.1, global_step=47352, preemption_count=0, score=10858.1, test/accuracy=0.984421, test/loss=0.119825, test/mean_average_precision=0.221689, test/num_examples=43793, total_duration=11691.5, train/accuracy=0.999979, train/loss=0.000387354, train/mean_average_precision=0.999994, validation/accuracy=0.985324, validation/loss=0.112322, validation/mean_average_precision=0.232778, validation/num_examples=43793
I0606 13:52:05.834545 140708994057408 spec.py:333] Evaluating on the training split.
I0606 13:52:31.998638 140708994057408 spec.py:346] Evaluating on the validation split.
I0606 13:52:33.995909 140708994057408 spec.py:363] Evaluating on the test split.
I0606 13:52:35.997753 140708994057408 submission_runner.py:516] Time since start: 12174.27s, 	Step: 49333, 	{'train/accuracy': 0.999992329612671, 'train/loss': 0.00039620046944952334, 'train/mean_average_precision': 0.9992219459091602, 'validation/accuracy': 0.9852748839867637, 'validation/loss': 0.11397275515605364, 'validation/mean_average_precision': 0.2342246746679008, 'validation/num_examples': 43793, 'test/accuracy': 0.9843721441091473, 'test/loss': 0.12166042389106153, 'test/mean_average_precision': 0.223333867567651, 'test/num_examples': 43793, 'score': 11309.332347631454, 'total_duration': 12174.26901960373, 'accumulated_submission_time': 11309.332347631454, 'accumulated_eval_time': 828.321268081665, 'accumulated_logging_time': 1.8084840774536133}
I0606 13:52:36.043782 140675303270144 logging_writer.py:48] [49333] accumulated_eval_time=828.321, accumulated_logging_time=1.80848, accumulated_submission_time=11309.3, global_step=49333, preemption_count=0, score=11309.3, test/accuracy=0.984372, test/loss=0.12166, test/mean_average_precision=0.223334, test/num_examples=43793, total_duration=12174.3, train/accuracy=0.999992, train/loss=0.0003962, train/mean_average_precision=0.999222, validation/accuracy=0.985275, validation/loss=0.113973, validation/mean_average_precision=0.234225, validation/num_examples=43793
I0606 14:00:08.579416 140708994057408 spec.py:333] Evaluating on the training split.
I0606 14:00:34.943868 140708994057408 spec.py:346] Evaluating on the validation split.
I0606 14:00:36.928670 140708994057408 spec.py:363] Evaluating on the test split.
I0606 14:00:38.955270 140708994057408 submission_runner.py:516] Time since start: 12657.23s, 	Step: 51307, 	{'train/accuracy': 0.999994882174871, 'train/loss': 0.0003656854156334647, 'train/mean_average_precision': 0.9993487054140395, 'validation/accuracy': 0.985303298705263, 'validation/loss': 0.11447244827709384, 'validation/mean_average_precision': 0.23449273663993936, 'validation/num_examples': 43793, 'test/accuracy': 0.9843980445386312, 'test/loss': 0.12219602845341165, 'test/mean_average_precision': 0.22353750976327597, 'test/num_examples': 43793, 'score': 11760.491032361984, 'total_duration': 12657.226583957672, 'accumulated_submission_time': 11760.491032361984, 'accumulated_eval_time': 858.6970767974854, 'accumulated_logging_time': 1.864605188369751}
I0606 14:00:38.999949 140675294877440 logging_writer.py:48] [51307] accumulated_eval_time=858.697, accumulated_logging_time=1.86461, accumulated_submission_time=11760.5, global_step=51307, preemption_count=0, score=11760.5, test/accuracy=0.984398, test/loss=0.122196, test/mean_average_precision=0.223538, test/num_examples=43793, total_duration=12657.2, train/accuracy=0.999995, train/loss=0.000365685, train/mean_average_precision=0.999349, validation/accuracy=0.985303, validation/loss=0.114472, validation/mean_average_precision=0.234493, validation/num_examples=43793
I0606 14:03:19.041015 140708994057408 spec.py:333] Evaluating on the training split.
I0606 14:03:45.076704 140708994057408 spec.py:346] Evaluating on the validation split.
I0606 14:03:47.099423 140708994057408 spec.py:363] Evaluating on the test split.
I0606 14:03:49.076408 140708994057408 submission_runner.py:516] Time since start: 12847.35s, 	Step: 52001, 	{'train/accuracy': 0.9999938913523817, 'train/loss': 0.0003371906518035388, 'train/mean_average_precision': 0.9999498730857557, 'validation/accuracy': 0.9852941654028883, 'validation/loss': 0.1144791460321687, 'validation/mean_average_precision': 0.23438696829879527, 'validation/num_examples': 43793, 'test/accuracy': 0.9844056251521387, 'test/loss': 0.12219548886113074, 'test/mean_average_precision': 0.2236835565277669, 'test/num_examples': 43793, 'score': 11919.462854862213, 'total_duration': 12847.34772849083, 'accumulated_submission_time': 11919.462854862213, 'accumulated_eval_time': 888.7324409484863, 'accumulated_logging_time': 1.9192888736724854}
I0606 14:03:49.120682 140675303270144 logging_writer.py:48] [52001] accumulated_eval_time=888.732, accumulated_logging_time=1.91929, accumulated_submission_time=11919.5, global_step=52001, preemption_count=0, score=11919.5, test/accuracy=0.984406, test/loss=0.122195, test/mean_average_precision=0.223684, test/num_examples=43793, total_duration=12847.3, train/accuracy=0.999994, train/loss=0.000337191, train/mean_average_precision=0.99995, validation/accuracy=0.985294, validation/loss=0.114479, validation/mean_average_precision=0.234387, validation/num_examples=43793
I0606 14:03:49.600591 140675294877440 logging_writer.py:48] [52001] global_step=52001, preemption_count=0, score=11919.5
I0606 14:03:49.731396 140708994057408 submission_runner.py:857] Final ogbg score: 11919.462854862213
