python submission_runner.py --framework=jax --workload=librispeech_deepspeech --submission_path=submissions_algorithms/submissions/self_tuning/nadamw_resnet/submission.py --data_dir=/data/librispeech --experiment_dir=/experiment_runs --experiment_name=submissions_a100/nadamw_resnet/study_2 --overwrite=True --save_checkpoints=False --rng_seed=-670470801 --librispeech_tokenizer_vocab_path=/data/librispeech/spm_model.vocab --tuning_ruleset=self 2>&1 | tee -a /logs/librispeech_deepspeech_jax_05-31-2026-22-53-46.log
2026-05-31 22:53:50.800924: E external/local_xla/xla/stream_executor/cuda/cuda_fft.cc:467] Unable to register cuFFT factory: Attempting to register factory for plugin cuFFT when one has already been registered
WARNING: All log messages before absl::InitializeLog() is called are written to STDERR
E0000 00:00:1780268030.920738       9 cuda_dnn.cc:8579] Unable to register cuDNN factory: Attempting to register factory for plugin cuDNN when one has already been registered
E0000 00:00:1780268030.958000       9 cuda_blas.cc:1407] Unable to register cuBLAS factory: Attempting to register factory for plugin cuBLAS when one has already been registered
W0000 00:00:1780268031.547621       9 computation_placer.cc:177] computation placer already registered. Please check linkage and avoid linking the same target more than once.
W0000 00:00:1780268031.547659       9 computation_placer.cc:177] computation placer already registered. Please check linkage and avoid linking the same target more than once.
W0000 00:00:1780268031.547662       9 computation_placer.cc:177] computation placer already registered. Please check linkage and avoid linking the same target more than once.
W0000 00:00:1780268031.547664       9 computation_placer.cc:177] computation placer already registered. Please check linkage and avoid linking the same target more than once.
/usr/local/lib/python3.11/site-packages/torch/__init__.py:1617: UserWarning: Please use the new API settings to control TF32 behavior, such as torch.backends.cudnn.conv.fp32_precision = 'tf32' or torch.backends.cuda.matmul.fp32_precision = 'ieee'. Old settings, e.g, torch.backends.cuda.matmul.allow_tf32 = True, torch.backends.cudnn.allow_tf32 = True, allowTF32CuDNN() and allowTF32CuBLAS() will be deprecated after Pytorch 2.9. Please see https://pytorch.org/docs/main/notes/cuda.html#tensorfloat-32-tf32-on-ampere-and-later-devices (Triggered internally at /pytorch/aten/src/ATen/Context.cpp:80.)
  _C._set_float32_matmul_precision(precision)
/usr/local/lib/python3.11/site-packages/pydantic/_internal/_generate_schema.py:2249: UnsupportedFieldAttributeWarning: The 'repr' attribute with value False was provided to the `Field()` function, which has no effect in the context it was used. 'repr' is field-specific metadata, and can only be attached to a model field using `Annotated` metadata or by assignment. This may have happened because an `Annotated` type alias using the `type` statement was used, or if the `Field()` function was attached to a single member of a union type.
  warnings.warn(
/usr/local/lib/python3.11/site-packages/pydantic/_internal/_generate_schema.py:2249: UnsupportedFieldAttributeWarning: The 'frozen' attribute with value True was provided to the `Field()` function, which has no effect in the context it was used. 'frozen' is field-specific metadata, and can only be attached to a model field using `Annotated` metadata or by assignment. This may have happened because an `Annotated` type alias using the `type` statement was used, or if the `Field()` function was attached to a single member of a union type.
  warnings.warn(
INFO:2026-05-31 22:54:13,974:jax._src.xla_bridge:830: Unable to initialize backend 'tpu': INTERNAL: Failed to open libtpu.so: libtpu.so: cannot open shared object file: No such file or directory
I0531 22:54:13.974667 139771223618752 xla_bridge.py:830] Unable to initialize backend 'tpu': INTERNAL: Failed to open libtpu.so: libtpu.so: cannot open shared object file: No such file or directory
I0531 22:54:14.895089 139771223618752 logger_utils.py:59] Removing existing experiment directory /experiment_runs/submissions_a100/nadamw_resnet/study_2/librispeech_deepspeech_jax because --overwrite was set.
I0531 22:54:14.900757 139771223618752 logger_utils.py:84] Creating experiment directory at /experiment_runs/submissions_a100/nadamw_resnet/study_2/librispeech_deepspeech_jax.
I0531 22:54:16.092153 139771223618752 submission_runner.py:741] Creating directory at /experiment_runs/submissions_a100/nadamw_resnet/study_2/librispeech_deepspeech_jax/trial_1.
I0531 22:54:16.376444 139771223618752 submission_runner.py:242] Initializing dataset.
I0531 22:54:16.376661 139771223618752 submission_runner.py:251] Initializing model.
I0531 22:55:09.146983 139771223618752 submission_runner.py:294] Initializing optimizer.
I0531 22:55:09.834479 139771223618752 submission_runner.py:299] Initializing metrics bundle.
I0531 22:55:09.834733 139771223618752 submission_runner.py:321] Initializing checkpoint and logger.
I0531 22:55:09.844532 139771223618752 checkpoints.py:1098] Found no checkpoint files in /experiment_runs/submissions_a100/nadamw_resnet/study_2/librispeech_deepspeech_jax/trial_1 with prefix checkpoint_
I0531 22:55:09.844670 139771223618752 submission_runner.py:344] Saving meta data to /experiment_runs/submissions_a100/nadamw_resnet/study_2/librispeech_deepspeech_jax/trial_1/meta_data_0.json.
I0531 22:55:09.844887 139771223618752 logger_utils.py:283] Unable to record workload.train_mean information. Continuing without it.
I0531 22:55:09.844952 139771223618752 logger_utils.py:283] Unable to record workload.train_stddev information. Continuing without it.
I0531 22:55:10.244981 139771223618752 submission_runner.py:348] Saving flags to /experiment_runs/submissions_a100/nadamw_resnet/study_2/librispeech_deepspeech_jax/trial_1/flags_0.json.
I0531 22:55:10.266929 139771223618752 submission_runner.py:359] Starting training loop.
I0531 22:55:10.475798 139771223618752 input_pipeline.py:19] Loading split = train-clean-100
I0531 22:55:10.520708 139771223618752 input_pipeline.py:19] Loading split = train-clean-360
I0531 22:55:11.037228 139771223618752 input_pipeline.py:19] Loading split = train-other-500
/usr/local/lib/python3.11/multiprocessing/popen_fork.py:66: RuntimeWarning: os.fork() was called. os.fork() is incompatible with multithreaded code, and JAX is multithreaded, so this will likely lead to a deadlock.
  self.pid = os.fork()
/usr/local/lib/python3.11/site-packages/jax/_src/interpreters/mlir.py:1268: UserWarning: Some donated buffers were not usable: float32[512], float32[512], float32[512], float32[512], float32[512], float32[512], float32[512], float32[512], float32[512], float32[512], float32[512], float32[512], float32[512], float32[512], float32[512], float32[512], float32[512], float32[512].
See an explanation at https://docs.jax.dev/en/latest/faq.html#buffer-donation.
  warnings.warn("Some donated buffers were not usable:"
2026-05-31 22:56:03.857775: E external/xla/xla/service/slow_operation_alarm.cc:73] Trying algorithm eng0{} for conv (f32[64,512,999,41]{3,2,1,0}, u8[0]{0}) custom-call(f32[64,512,500,20]{3,2,1,0}, f32[512,512,3,3]{3,2,1,0}), window={size=3x3 stride=2x2 pad=1_1x0_0}, dim_labels=bf01_oi01->bf01, custom_call_target="__cudnn$convBackwardInput", backend_config={"operation_queue_id":"0","wait_on_operation_queues":[],"cudnn_conv_backend_config":{"activation_mode":"kNone","conv_result_scale":1,"side_input_scale":0,"leakyrelu_alpha":0},"force_earliest_schedule":false,"reification_cost":[]} is taking a while...
2026-05-31 22:56:39.355070: E external/xla/xla/service/slow_operation_alarm.cc:140] The operation took 36.497374216s
Trying algorithm eng0{} for conv (f32[64,512,999,41]{3,2,1,0}, u8[0]{0}) custom-call(f32[64,512,500,20]{3,2,1,0}, f32[512,512,3,3]{3,2,1,0}), window={size=3x3 stride=2x2 pad=1_1x0_0}, dim_labels=bf01_oi01->bf01, custom_call_target="__cudnn$convBackwardInput", backend_config={"operation_queue_id":"0","wait_on_operation_queues":[],"cudnn_conv_backend_config":{"activation_mode":"kNone","conv_result_scale":1,"side_input_scale":0,"leakyrelu_alpha":0},"force_earliest_schedule":false,"reification_cost":[]} is taking a while...
2026-05-31 22:56:49.500344: E external/xla/xla/service/slow_operation_alarm.cc:73] Trying algorithm eng0{} for conv (f32[512,512,3,3]{3,2,1,0}, u8[0]{0}) custom-call(f32[64,512,999,41]{3,2,1,0}, f32[64,512,500,20]{3,2,1,0}), window={size=3x3 stride=2x2 pad=1_1x0_0}, dim_labels=bf01_oi01->bf01, custom_call_target="__cudnn$convBackwardFilter", backend_config={"operation_queue_id":"0","wait_on_operation_queues":[],"cudnn_conv_backend_config":{"activation_mode":"kNone","conv_result_scale":1,"side_input_scale":0,"leakyrelu_alpha":0},"force_earliest_schedule":false,"reification_cost":[]} is taking a while...
2026-05-31 22:57:05.153988: E external/xla/xla/service/slow_operation_alarm.cc:140] The operation took 16.65372531s
Trying algorithm eng0{} for conv (f32[512,512,3,3]{3,2,1,0}, u8[0]{0}) custom-call(f32[64,512,999,41]{3,2,1,0}, f32[64,512,500,20]{3,2,1,0}), window={size=3x3 stride=2x2 pad=1_1x0_0}, dim_labels=bf01_oi01->bf01, custom_call_target="__cudnn$convBackwardFilter", backend_config={"operation_queue_id":"0","wait_on_operation_queues":[],"cudnn_conv_backend_config":{"activation_mode":"kNone","conv_result_scale":1,"side_input_scale":0,"leakyrelu_alpha":0},"force_earliest_schedule":false,"reification_cost":[]} is taking a while...
I0531 22:57:37.696219 139771223618752 spec.py:333] Evaluating on the training split.
I0531 22:57:37.696737 139771223618752 input_pipeline.py:19] Loading split = train-clean-100
I0531 22:57:38.062271 139771223618752 input_pipeline.py:19] Loading split = train-clean-360
I0531 22:57:38.160829 139771223618752 input_pipeline.py:19] Loading split = train-other-500
/usr/local/lib/python3.11/site-packages/jax/_src/ops/scatter.py:110: FutureWarning: scatter inputs have incompatible types: cannot safely cast value from dtype=float32 to dtype=int32 with jax_numpy_dtype_promotion='standard'. In future JAX releases this will result in an error.
  warnings.warn(
2026-05-31 22:57:53.412218: E external/xla/xla/service/slow_operation_alarm.cc:73] Constant folding an instruction is taking > 1s:

  %reduce-window.10 = f32[256,500]{1,0} reduce-window(%broadcast.248, %constant.119), window={size=1x500 pad=0_0x499_0}, to_apply=%region_35.2517.clone, metadata={op_name="jit(_eval_step)/jit(cumsum)/LibriSpeechConformerWorkload.sequence_mask/reduce_window_sum" source_file="/algorithmic-efficiency/algoperf/workloads/librispeech_conformer/librispeech_jax/workload.py" source_line=251}

This isn't necessarily a bug; constant-folding is inherently a trade-off between compilation time and speed at runtime. XLA has some guards that attempt to keep constant folding from taking too long, but fundamentally you'll always be able to come up with an input program that takes a long time.

If you'd like to file a bug, run with envvar XLA_FLAGS=--xla_dump_to=/tmp/foo and attach the results.
2026-05-31 22:58:00.059460: E external/xla/xla/service/slow_operation_alarm.cc:140] The operation took 7.647517849s
Constant folding an instruction is taking > 1s:

  %reduce-window.10 = f32[256,500]{1,0} reduce-window(%broadcast.248, %constant.119), window={size=1x500 pad=0_0x499_0}, to_apply=%region_35.2517.clone, metadata={op_name="jit(_eval_step)/jit(cumsum)/LibriSpeechConformerWorkload.sequence_mask/reduce_window_sum" source_file="/algorithmic-efficiency/algoperf/workloads/librispeech_conformer/librispeech_jax/workload.py" source_line=251}

This isn't necessarily a bug; constant-folding is inherently a trade-off between compilation time and speed at runtime. XLA has some guards that attempt to keep constant folding from taking too long, but fundamentally you'll always be able to come up with an input program that takes a long time.

If you'd like to file a bug, run with envvar XLA_FLAGS=--xla_dump_to=/tmp/foo and attach the results.
2026-05-31 22:58:02.059614: E external/xla/xla/service/slow_operation_alarm.cc:73] Constant folding an instruction is taking > 2s:

  %reduce-window.11 = f32[256,500]{1,0} reduce-window(%broadcast.248, %constant.122), window={size=1x500 pad=0_0x499_0}, to_apply=%region_35.2517, metadata={op_name="jit(_eval_step)/jit(cumsum)/LibriSpeechConformerWorkload.sequence_mask/reduce_window_sum" source_file="/algorithmic-efficiency/algoperf/workloads/librispeech_conformer/librispeech_jax/workload.py" source_line=251}

This isn't necessarily a bug; constant-folding is inherently a trade-off between compilation time and speed at runtime. XLA has some guards that attempt to keep constant folding from taking too long, but fundamentally you'll always be able to come up with an input program that takes a long time.

If you'd like to file a bug, run with envvar XLA_FLAGS=--xla_dump_to=/tmp/foo and attach the results.
2026-05-31 22:58:07.913861: E external/xla/xla/service/slow_operation_alarm.cc:140] The operation took 7.854344138s
Constant folding an instruction is taking > 2s:

  %reduce-window.11 = f32[256,500]{1,0} reduce-window(%broadcast.248, %constant.122), window={size=1x500 pad=0_0x499_0}, to_apply=%region_35.2517, metadata={op_name="jit(_eval_step)/jit(cumsum)/LibriSpeechConformerWorkload.sequence_mask/reduce_window_sum" source_file="/algorithmic-efficiency/algoperf/workloads/librispeech_conformer/librispeech_jax/workload.py" source_line=251}

This isn't necessarily a bug; constant-folding is inherently a trade-off between compilation time and speed at runtime. XLA has some guards that attempt to keep constant folding from taking too long, but fundamentally you'll always be able to come up with an input program that takes a long time.

If you'd like to file a bug, run with envvar XLA_FLAGS=--xla_dump_to=/tmp/foo and attach the results.
I0531 22:59:39.034522 139771223618752 spec.py:346] Evaluating on the validation split.
I0531 22:59:39.035197 139771223618752 input_pipeline.py:19] Loading split = dev-clean
I0531 22:59:39.039905 139771223618752 input_pipeline.py:19] Loading split = dev-other
2026-05-31 23:00:27.504353: E external/xla/xla/service/slow_operation_alarm.cc:73] Constant folding an instruction is taking > 4s:

  %reduce-window.10 = f32[228,500]{1,0} reduce-window(%broadcast.245, %constant.119), window={size=1x500 pad=0_0x499_0}, to_apply=%region_35.2514.clone, metadata={op_name="jit(_eval_step)/jit(cumsum)/LibriSpeechConformerWorkload.sequence_mask/reduce_window_sum" source_file="/algorithmic-efficiency/algoperf/workloads/librispeech_conformer/librispeech_jax/workload.py" source_line=251}

This isn't necessarily a bug; constant-folding is inherently a trade-off between compilation time and speed at runtime. XLA has some guards that attempt to keep constant folding from taking too long, but fundamentally you'll always be able to come up with an input program that takes a long time.

If you'd like to file a bug, run with envvar XLA_FLAGS=--xla_dump_to=/tmp/foo and attach the results.
2026-05-31 23:00:31.395765: E external/xla/xla/service/slow_operation_alarm.cc:140] The operation took 7.891629874s
Constant folding an instruction is taking > 4s:

  %reduce-window.10 = f32[228,500]{1,0} reduce-window(%broadcast.245, %constant.119), window={size=1x500 pad=0_0x499_0}, to_apply=%region_35.2514.clone, metadata={op_name="jit(_eval_step)/jit(cumsum)/LibriSpeechConformerWorkload.sequence_mask/reduce_window_sum" source_file="/algorithmic-efficiency/algoperf/workloads/librispeech_conformer/librispeech_jax/workload.py" source_line=251}

This isn't necessarily a bug; constant-folding is inherently a trade-off between compilation time and speed at runtime. XLA has some guards that attempt to keep constant folding from taking too long, but fundamentally you'll always be able to come up with an input program that takes a long time.

If you'd like to file a bug, run with envvar XLA_FLAGS=--xla_dump_to=/tmp/foo and attach the results.
I0531 23:01:26.313063 139771223618752 spec.py:363] Evaluating on the test split.
I0531 23:01:26.313731 139771223618752 input_pipeline.py:19] Loading split = test-clean
I0531 23:02:21.211242 139771223618752 submission_runner.py:516] Time since start: 430.92s, 	Step: 1, 	{'train/ctc_loss': Array(7.8061852, dtype=float32), 'train/wer': np.float64(2.431131957603648), 'validation/ctc_loss': Array(7.58517, dtype=float32), 'validation/wer': np.float64(2.5448462318350793), 'validation/num_examples': 5348, 'test/ctc_loss': Array(7.592613, dtype=float32), 'test/wer': np.float64(2.3673755407958077), 'test/num_examples': 2472, 'score': 147.42911887168884, 'total_duration': 430.921897649765, 'accumulated_submission_time': 147.42911887168884, 'accumulated_eval_time': 283.492680311203, 'accumulated_logging_time': 0}
I0531 23:02:21.250167 139710387189504 logging_writer.py:48] [1] accumulated_eval_time=283.493, accumulated_logging_time=0, accumulated_submission_time=147.429, global_step=1, preemption_count=0, score=147.429, test/ctc_loss=7.592613220214844, test/num_examples=2472, test/wer=2.36738, total_duration=430.922, train/ctc_loss=7.806185245513916, train/wer=2.43113, validation/ctc_loss=7.585169792175293, validation/num_examples=5348, validation/wer=2.54485
I0531 23:26:37.587353 139771223618752 spec.py:333] Evaluating on the training split.
I0531 23:27:16.099522 139771223618752 spec.py:346] Evaluating on the validation split.
/usr/local/lib/python3.11/multiprocessing/popen_fork.py:66: RuntimeWarning: os.fork() was called. os.fork() is incompatible with multithreaded code, and JAX is multithreaded, so this will likely lead to a deadlock.
  self.pid = os.fork()
I0531 23:28:25.536325 139771223618752 spec.py:363] Evaluating on the test split.
I0531 23:28:58.905437 139771223618752 submission_runner.py:516] Time since start: 2028.64s, 	Step: 379, 	{'train/ctc_loss': Array(1.896192, dtype=float32), 'train/wer': np.float64(0.944635537887994), 'validation/ctc_loss': Array(1.9028931, dtype=float32), 'validation/wer': np.float64(0.8967218654950997), 'validation/num_examples': 5348, 'test/ctc_loss': Array(1.9210409, dtype=float32), 'test/wer': np.float64(0.899579550301627), 'test/num_examples': 2472, 'score': 1603.638286113739, 'total_duration': 2028.635966539383, 'accumulated_submission_time': 1603.638286113739, 'accumulated_eval_time': 424.80824542045593, 'accumulated_logging_time': 0.1627664566040039}
I0531 23:28:58.960333 139756454246144 logging_writer.py:48] [379] accumulated_eval_time=424.808, accumulated_logging_time=0.162766, accumulated_submission_time=1603.64, global_step=379, preemption_count=0, score=1603.64, test/ctc_loss=1.9210408926010132, test/num_examples=2472, test/wer=0.89958, total_duration=2028.64, train/ctc_loss=1.896191954612732, train/wer=0.944636, validation/ctc_loss=1.90289306640625, validation/num_examples=5348, validation/wer=0.896722
I0531 23:53:14.158987 139771223618752 spec.py:333] Evaluating on the training split.
I0531 23:53:53.286184 139771223618752 spec.py:346] Evaluating on the validation split.
/usr/local/lib/python3.11/multiprocessing/popen_fork.py:66: RuntimeWarning: os.fork() was called. os.fork() is incompatible with multithreaded code, and JAX is multithreaded, so this will likely lead to a deadlock.
  self.pid = os.fork()
I0531 23:54:34.183708 139771223618752 spec.py:363] Evaluating on the test split.
I0531 23:54:54.467288 139771223618752 submission_runner.py:516] Time since start: 3584.20s, 	Step: 751, 	{'train/ctc_loss': Array(1.5516807, dtype=float32), 'train/wer': np.float64(0.9427216791412514), 'validation/ctc_loss': Array(1.5559242, dtype=float32), 'validation/wer': np.float64(0.8967218654950997), 'validation/num_examples': 5348, 'test/ctc_loss': Array(1.5443093, dtype=float32), 'test/wer': np.float64(0.899579550301627), 'test/num_examples': 2472, 'score': 3058.821282148361, 'total_duration': 3584.197634458542, 'accumulated_submission_time': 3058.821282148361, 'accumulated_eval_time': 525.1138422489166, 'accumulated_logging_time': 0.22941994667053223}
I0531 23:54:54.518361 139756454246144 logging_writer.py:48] [751] accumulated_eval_time=525.114, accumulated_logging_time=0.22942, accumulated_submission_time=3058.82, global_step=751, preemption_count=0, score=3058.82, test/ctc_loss=1.5443092584609985, test/num_examples=2472, test/wer=0.89958, total_duration=3584.2, train/ctc_loss=1.5516806840896606, train/wer=0.942722, validation/ctc_loss=1.5559241771697998, validation/num_examples=5348, validation/wer=0.896722
/usr/local/lib/python3.11/multiprocessing/popen_fork.py:66: RuntimeWarning: os.fork() was called. os.fork() is incompatible with multithreaded code, and JAX is multithreaded, so this will likely lead to a deadlock.
  self.pid = os.fork()
I0601 00:19:07.277658 139771223618752 spec.py:333] Evaluating on the training split.
I0601 00:19:48.512018 139771223618752 spec.py:346] Evaluating on the validation split.
I0601 00:20:29.530691 139771223618752 spec.py:363] Evaluating on the test split.
I0601 00:20:50.100911 139771223618752 submission_runner.py:516] Time since start: 5139.83s, 	Step: 1163, 	{'train/ctc_loss': Array(1.3766756, dtype=float32), 'train/wer': np.float64(0.8977550062990549), 'validation/ctc_loss': Array(1.3816026, dtype=float32), 'validation/wer': np.float64(0.8750736252594988), 'validation/num_examples': 5348, 'test/ctc_loss': Array(1.362662, dtype=float32), 'test/wer': np.float64(0.8669185302540978), 'test/num_examples': 2472, 'score': 4511.56526517868, 'total_duration': 5139.831561088562, 'accumulated_submission_time': 4511.56526517868, 'accumulated_eval_time': 627.9348332881927, 'accumulated_logging_time': 0.29137516021728516}
I0601 00:20:50.151583 139756453197568 logging_writer.py:48] [1163] accumulated_eval_time=627.935, accumulated_logging_time=0.291375, accumulated_submission_time=4511.57, global_step=1163, preemption_count=0, score=4511.57, test/ctc_loss=1.3626619577407837, test/num_examples=2472, test/wer=0.866919, total_duration=5139.83, train/ctc_loss=1.3766756057739258, train/wer=0.897755, validation/ctc_loss=1.3816026449203491, validation/num_examples=5348, validation/wer=0.875074
I0601 00:45:04.348141 139771223618752 spec.py:333] Evaluating on the training split.
I0601 00:45:44.174350 139771223618752 spec.py:346] Evaluating on the validation split.
/usr/local/lib/python3.11/multiprocessing/popen_fork.py:66: RuntimeWarning: os.fork() was called. os.fork() is incompatible with multithreaded code, and JAX is multithreaded, so this will likely lead to a deadlock.
  self.pid = os.fork()
I0601 00:46:25.296583 139771223618752 spec.py:363] Evaluating on the test split.
I0601 00:46:45.641489 139771223618752 submission_runner.py:516] Time since start: 6695.37s, 	Step: 1619, 	{'train/ctc_loss': Array(1.7907677, dtype=float32), 'train/wer': np.float64(0.9429463079517012), 'validation/ctc_loss': Array(1.8261151, dtype=float32), 'validation/wer': np.float64(0.8963935692560228), 'validation/num_examples': 5348, 'test/ctc_loss': Array(1.7943693, dtype=float32), 'test/wer': np.float64(0.899173318708996), 'test/num_examples': 2472, 'score': 5965.746135473251, 'total_duration': 6695.372100830078, 'accumulated_submission_time': 5965.746135473251, 'accumulated_eval_time': 729.225733757019, 'accumulated_logging_time': 0.35315656661987305}
I0601 00:46:45.703923 139756453197568 logging_writer.py:48] [1619] accumulated_eval_time=729.226, accumulated_logging_time=0.353157, accumulated_submission_time=5965.75, global_step=1619, preemption_count=0, score=5965.75, test/ctc_loss=1.7943693399429321, test/num_examples=2472, test/wer=0.899173, total_duration=6695.37, train/ctc_loss=1.7907676696777344, train/wer=0.942946, validation/ctc_loss=1.8261151313781738, validation/num_examples=5348, validation/wer=0.896394
I0601 01:10:53.278438 139771223618752 spec.py:333] Evaluating on the training split.
I0601 01:11:33.053073 139771223618752 spec.py:346] Evaluating on the validation split.
/usr/local/lib/python3.11/multiprocessing/popen_fork.py:66: RuntimeWarning: os.fork() was called. os.fork() is incompatible with multithreaded code, and JAX is multithreaded, so this will likely lead to a deadlock.
  self.pid = os.fork()
I0601 01:12:13.404672 139771223618752 spec.py:363] Evaluating on the test split.
I0601 01:12:33.781120 139771223618752 submission_runner.py:516] Time since start: 8243.51s, 	Step: 1996, 	{'train/ctc_loss': Array(2.8834064, dtype=float32), 'train/wer': np.float64(0.9415512405140359), 'validation/ctc_loss': Array(2.9180458, dtype=float32), 'validation/wer': np.float64(0.8967218654950997), 'validation/num_examples': 5348, 'test/ctc_loss': Array(2.9008613, dtype=float32), 'test/wer': np.float64(0.899579550301627), 'test/num_examples': 2472, 'score': 7413.30554485321, 'total_duration': 8243.511852025986, 'accumulated_submission_time': 7413.30554485321, 'accumulated_eval_time': 829.7260930538177, 'accumulated_logging_time': 0.42667651176452637}
I0601 01:12:33.831965 139756453197568 logging_writer.py:48] [1996] accumulated_eval_time=829.726, accumulated_logging_time=0.426677, accumulated_submission_time=7413.31, global_step=1996, preemption_count=0, score=7413.31, test/ctc_loss=2.9008612632751465, test/num_examples=2472, test/wer=0.89958, total_duration=8243.51, train/ctc_loss=2.883406400680542, train/wer=0.941551, validation/ctc_loss=2.91804575920105, validation/num_examples=5348, validation/wer=0.896722
/usr/local/lib/python3.11/multiprocessing/popen_fork.py:66: RuntimeWarning: os.fork() was called. os.fork() is incompatible with multithreaded code, and JAX is multithreaded, so this will likely lead to a deadlock.
  self.pid = os.fork()
I0601 01:36:43.339285 139771223618752 spec.py:333] Evaluating on the training split.
I0601 01:37:23.109926 139771223618752 spec.py:346] Evaluating on the validation split.
I0601 01:38:04.019848 139771223618752 spec.py:363] Evaluating on the test split.
I0601 01:38:24.656440 139771223618752 submission_runner.py:516] Time since start: 9794.39s, 	Step: 2611, 	{'train/ctc_loss': Array(3.2658322, dtype=float32), 'train/wer': np.float64(0.9426410101839947), 'validation/ctc_loss': Array(3.2779133, dtype=float32), 'validation/wer': np.float64(0.8967218654950997), 'validation/num_examples': 5348, 'test/ctc_loss': Array(3.269549, dtype=float32), 'test/wer': np.float64(0.899579550301627), 'test/num_examples': 2472, 'score': 8862.796053171158, 'total_duration': 9794.386765956879, 'accumulated_submission_time': 8862.796053171158, 'accumulated_eval_time': 931.0405876636505, 'accumulated_logging_time': 0.48827385902404785}
I0601 01:38:24.707245 139756452148992 logging_writer.py:48] [2611] accumulated_eval_time=931.041, accumulated_logging_time=0.488274, accumulated_submission_time=8862.8, global_step=2611, preemption_count=0, score=8862.8, test/ctc_loss=3.2695488929748535, test/num_examples=2472, test/wer=0.89958, total_duration=9794.39, train/ctc_loss=3.2658321857452393, train/wer=0.942641, validation/ctc_loss=3.2779133319854736, validation/num_examples=5348, validation/wer=0.896722
I0601 02:02:41.607754 139771223618752 spec.py:333] Evaluating on the training split.
I0601 02:03:21.649924 139771223618752 spec.py:346] Evaluating on the validation split.
/usr/local/lib/python3.11/multiprocessing/popen_fork.py:66: RuntimeWarning: os.fork() was called. os.fork() is incompatible with multithreaded code, and JAX is multithreaded, so this will likely lead to a deadlock.
  self.pid = os.fork()
I0601 02:04:02.456193 139771223618752 spec.py:363] Evaluating on the test split.
I0601 02:04:23.111343 139771223618752 submission_runner.py:516] Time since start: 11352.84s, 	Step: 3018, 	{'train/ctc_loss': Array(3.0281832, dtype=float32), 'train/wer': np.float64(0.9428243251866505), 'validation/ctc_loss': Array(3.0154974, dtype=float32), 'validation/wer': np.float64(0.8967218654950997), 'validation/num_examples': 5348, 'test/ctc_loss': Array(3.0149515, dtype=float32), 'test/wer': np.float64(0.899579550301627), 'test/num_examples': 2472, 'score': 10319.681351661682, 'total_duration': 11352.842190265656, 'accumulated_submission_time': 10319.681351661682, 'accumulated_eval_time': 1032.5419692993164, 'accumulated_logging_time': 0.5500984191894531}
I0601 02:04:23.164675 139756452148992 logging_writer.py:48] [3018] accumulated_eval_time=1032.54, accumulated_logging_time=0.550098, accumulated_submission_time=10319.7, global_step=3018, preemption_count=0, score=10319.7, test/ctc_loss=3.014951467514038, test/num_examples=2472, test/wer=0.89958, total_duration=11352.8, train/ctc_loss=3.0281832218170166, train/wer=0.942824, validation/ctc_loss=3.0154974460601807, validation/num_examples=5348, validation/wer=0.896722
/usr/local/lib/python3.11/multiprocessing/popen_fork.py:66: RuntimeWarning: os.fork() was called. os.fork() is incompatible with multithreaded code, and JAX is multithreaded, so this will likely lead to a deadlock.
  self.pid = os.fork()
I0601 02:28:30.544966 139771223618752 spec.py:333] Evaluating on the training split.
I0601 02:29:10.248669 139771223618752 spec.py:346] Evaluating on the validation split.
I0601 02:29:51.356733 139771223618752 spec.py:363] Evaluating on the test split.
I0601 02:30:11.769036 139771223618752 submission_runner.py:516] Time since start: 12901.50s, 	Step: 3674, 	{'train/ctc_loss': Array(2.8093429, dtype=float32), 'train/wer': np.float64(0.9440859096700382), 'validation/ctc_loss': Array(2.805603, dtype=float32), 'validation/wer': np.float64(0.8967218654950997), 'validation/num_examples': 5348, 'test/ctc_loss': Array(2.808695, dtype=float32), 'test/wer': np.float64(0.899579550301627), 'test/num_examples': 2472, 'score': 11767.044005393982, 'total_duration': 12901.499599695206, 'accumulated_submission_time': 11767.044005393982, 'accumulated_eval_time': 1133.763615846634, 'accumulated_logging_time': 0.6144213676452637}
I0601 02:30:11.824528 139756452148992 logging_writer.py:48] [3674] accumulated_eval_time=1133.76, accumulated_logging_time=0.614421, accumulated_submission_time=11767, global_step=3674, preemption_count=0, score=11767, test/ctc_loss=2.808695077896118, test/num_examples=2472, test/wer=0.89958, total_duration=12901.5, train/ctc_loss=2.809342861175537, train/wer=0.944086, validation/ctc_loss=2.80560302734375, validation/num_examples=5348, validation/wer=0.896722
/usr/local/lib/python3.11/multiprocessing/popen_fork.py:66: RuntimeWarning: os.fork() was called. os.fork() is incompatible with multithreaded code, and JAX is multithreaded, so this will likely lead to a deadlock.
  self.pid = os.fork()
I0601 02:54:19.799567 139771223618752 spec.py:333] Evaluating on the training split.
I0601 02:55:00.904924 139771223618752 spec.py:346] Evaluating on the validation split.
I0601 02:55:43.045624 139771223618752 spec.py:363] Evaluating on the test split.
I0601 02:56:03.788316 139771223618752 submission_runner.py:516] Time since start: 14453.45s, 	Step: 4209, 	{'train/ctc_loss': Array(2.427724, dtype=float32), 'train/wer': np.float64(0.9427990785714666), 'validation/ctc_loss': Array(2.4176548, dtype=float32), 'validation/wer': np.float64(0.8967218654950997), 'validation/num_examples': 5348, 'test/ctc_loss': Array(2.4247591, dtype=float32), 'test/wer': np.float64(0.899579550301627), 'test/num_examples': 2472, 'score': 13214.986417293549, 'total_duration': 14453.44695353508, 'accumulated_submission_time': 13214.986417293549, 'accumulated_eval_time': 1237.6938989162445, 'accumulated_logging_time': 0.6809988021850586}
I0601 02:56:05.063137 139756450051840 logging_writer.py:48] [4209] accumulated_eval_time=1237.69, accumulated_logging_time=0.680999, accumulated_submission_time=13215, global_step=4209, preemption_count=0, score=13215, test/ctc_loss=2.4247591495513916, test/num_examples=2472, test/wer=0.89958, total_duration=14453.4, train/ctc_loss=2.4277238845825195, train/wer=0.942799, validation/ctc_loss=2.4176547527313232, validation/num_examples=5348, validation/wer=0.896722
I0601 03:20:16.888893 139771223618752 spec.py:333] Evaluating on the training split.
I0601 03:20:58.320570 139771223618752 spec.py:346] Evaluating on the validation split.
/usr/local/lib/python3.11/multiprocessing/popen_fork.py:66: RuntimeWarning: os.fork() was called. os.fork() is incompatible with multithreaded code, and JAX is multithreaded, so this will likely lead to a deadlock.
  self.pid = os.fork()
I0601 03:21:39.613927 139771223618752 spec.py:363] Evaluating on the test split.
I0601 03:22:00.740396 139771223618752 submission_runner.py:516] Time since start: 16010.47s, 	Step: 4926, 	{'train/ctc_loss': Array(2.3158734, dtype=float32), 'train/wer': np.float64(0.9331463476111055), 'validation/ctc_loss': Array(2.289741, dtype=float32), 'validation/wer': np.float64(0.888427557572539), 'validation/num_examples': 5348, 'test/ctc_loss': Array(2.288145, dtype=float32), 'test/wer': np.float64(0.8908658826396929), 'test/num_examples': 2472, 'score': 14666.233769655228, 'total_duration': 16010.471150875092, 'accumulated_submission_time': 14666.233769655228, 'accumulated_eval_time': 1341.5431158542633, 'accumulated_logging_time': 2.5274291038513184}
I0601 03:22:00.793944 139756450051840 logging_writer.py:48] [4926] accumulated_eval_time=1341.54, accumulated_logging_time=2.52743, accumulated_submission_time=14666.2, global_step=4926, preemption_count=0, score=14666.2, test/ctc_loss=2.288145065307617, test/num_examples=2472, test/wer=0.890866, total_duration=16010.5, train/ctc_loss=2.315873384475708, train/wer=0.933146, validation/ctc_loss=2.289741039276123, validation/num_examples=5348, validation/wer=0.888428
/usr/local/lib/python3.11/multiprocessing/popen_fork.py:66: RuntimeWarning: os.fork() was called. os.fork() is incompatible with multithreaded code, and JAX is multithreaded, so this will likely lead to a deadlock.
  self.pid = os.fork()
I0601 03:46:10.610527 139771223618752 spec.py:333] Evaluating on the training split.
I0601 03:46:50.277722 139771223618752 spec.py:346] Evaluating on the validation split.
I0601 03:47:32.004084 139771223618752 spec.py:363] Evaluating on the test split.
I0601 03:47:52.483437 139771223618752 submission_runner.py:516] Time since start: 17562.21s, 	Step: 5664, 	{'train/ctc_loss': Array(1.6993507, dtype=float32), 'train/wer': np.float64(0.9431396916893625), 'validation/ctc_loss': Array(1.6828084, dtype=float32), 'validation/wer': np.float64(0.8967218654950997), 'validation/num_examples': 5348, 'test/ctc_loss': Array(1.6839405, dtype=float32), 'test/wer': np.float64(0.899579550301627), 'test/num_examples': 2472, 'score': 16116.032212018967, 'total_duration': 17562.21389389038, 'accumulated_submission_time': 16116.032212018967, 'accumulated_eval_time': 1443.413637638092, 'accumulated_logging_time': 2.591714382171631}
I0601 03:47:52.538406 139756449003264 logging_writer.py:48] [5664] accumulated_eval_time=1443.41, accumulated_logging_time=2.59171, accumulated_submission_time=16116, global_step=5664, preemption_count=0, score=16116, test/ctc_loss=1.6839405298233032, test/num_examples=2472, test/wer=0.89958, total_duration=17562.2, train/ctc_loss=1.6993507146835327, train/wer=0.94314, validation/ctc_loss=1.6828083992004395, validation/num_examples=5348, validation/wer=0.896722
/usr/local/lib/python3.11/multiprocessing/popen_fork.py:66: RuntimeWarning: os.fork() was called. os.fork() is incompatible with multithreaded code, and JAX is multithreaded, so this will likely lead to a deadlock.
  self.pid = os.fork()
I0601 04:12:00.785675 139771223618752 spec.py:333] Evaluating on the training split.
I0601 04:12:40.722376 139771223618752 spec.py:346] Evaluating on the validation split.
I0601 04:13:25.993641 139771223618752 spec.py:363] Evaluating on the test split.
I0601 04:13:46.168276 139771223618752 submission_runner.py:516] Time since start: 19115.90s, 	Step: 6237, 	{'train/ctc_loss': Array(1.6988618, dtype=float32), 'train/wer': np.float64(0.9432716912443612), 'validation/ctc_loss': Array(1.660434, dtype=float32), 'validation/wer': np.float64(0.8967218654950997), 'validation/num_examples': 5348, 'test/ctc_loss': Array(1.6620198, dtype=float32), 'test/wer': np.float64(0.899579550301627), 'test/num_examples': 2472, 'score': 17564.262365579605, 'total_duration': 19115.898864269257, 'accumulated_submission_time': 17564.262365579605, 'accumulated_eval_time': 1548.793932914734, 'accumulated_logging_time': 2.657452344894409}
I0601 04:13:46.222202 139756449003264 logging_writer.py:48] [6237] accumulated_eval_time=1548.79, accumulated_logging_time=2.65745, accumulated_submission_time=17564.3, global_step=6237, preemption_count=0, score=17564.3, test/ctc_loss=1.6620198488235474, test/num_examples=2472, test/wer=0.89958, total_duration=19115.9, train/ctc_loss=1.698861837387085, train/wer=0.943272, validation/ctc_loss=1.6604340076446533, validation/num_examples=5348, validation/wer=0.896722
I0601 04:37:53.189902 139771223618752 spec.py:333] Evaluating on the training split.
I0601 04:38:33.451076 139771223618752 spec.py:346] Evaluating on the validation split.
/usr/local/lib/python3.11/multiprocessing/popen_fork.py:66: RuntimeWarning: os.fork() was called. os.fork() is incompatible with multithreaded code, and JAX is multithreaded, so this will likely lead to a deadlock.
  self.pid = os.fork()
I0601 04:39:15.302499 139771223618752 spec.py:363] Evaluating on the test split.
I0601 04:39:35.948824 139771223618752 submission_runner.py:516] Time since start: 20665.68s, 	Step: 6931, 	{'train/ctc_loss': Array(1.5453428, dtype=float32), 'train/wer': np.float64(0.944685667249717), 'validation/ctc_loss': Array(1.5142299, dtype=float32), 'validation/wer': np.float64(0.8967218654950997), 'validation/num_examples': 5348, 'test/ctc_loss': Array(1.5101478, dtype=float32), 'test/wer': np.float64(0.899579550301627), 'test/num_examples': 2472, 'score': 19011.21258854866, 'total_duration': 20665.67902159691, 'accumulated_submission_time': 19011.21258854866, 'accumulated_eval_time': 1651.5500099658966, 'accumulated_logging_time': 2.721996784210205}
I0601 04:39:36.014665 139756449003264 logging_writer.py:48] [6931] accumulated_eval_time=1651.55, accumulated_logging_time=2.722, accumulated_submission_time=19011.2, global_step=6931, preemption_count=0, score=19011.2, test/ctc_loss=1.5101478099822998, test/num_examples=2472, test/wer=0.89958, total_duration=20665.7, train/ctc_loss=1.5453428030014038, train/wer=0.944686, validation/ctc_loss=1.5142298936843872, validation/num_examples=5348, validation/wer=0.896722
/usr/local/lib/python3.11/multiprocessing/popen_fork.py:66: RuntimeWarning: os.fork() was called. os.fork() is incompatible with multithreaded code, and JAX is multithreaded, so this will likely lead to a deadlock.
  self.pid = os.fork()
I0601 05:03:45.725006 139771223618752 spec.py:333] Evaluating on the training split.
I0601 05:04:26.535974 139771223618752 spec.py:346] Evaluating on the validation split.
I0601 05:05:07.811792 139771223618752 spec.py:363] Evaluating on the test split.
I0601 05:05:28.275388 139771223618752 submission_runner.py:516] Time since start: 22218.01s, 	Step: 7571, 	{'train/ctc_loss': Array(1.3641677, dtype=float32), 'train/wer': np.float64(0.9432456399645285), 'validation/ctc_loss': Array(1.3624771, dtype=float32), 'validation/wer': np.float64(0.8967218654950997), 'validation/num_examples': 5348, 'test/ctc_loss': Array(1.3363343, dtype=float32), 'test/wer': np.float64(0.899579550301627), 'test/num_examples': 2472, 'score': 20460.88624238968, 'total_duration': 22218.005974769592, 'accumulated_submission_time': 20460.88624238968, 'accumulated_eval_time': 1754.0980854034424, 'accumulated_logging_time': 2.8178040981292725}
I0601 05:05:28.329139 139756449003264 logging_writer.py:48] [7571] accumulated_eval_time=1754.1, accumulated_logging_time=2.8178, accumulated_submission_time=20460.9, global_step=7571, preemption_count=0, score=20460.9, test/ctc_loss=1.3363343477249146, test/num_examples=2472, test/wer=0.89958, total_duration=22218, train/ctc_loss=1.3641676902770996, train/wer=0.943246, validation/ctc_loss=1.3624770641326904, validation/num_examples=5348, validation/wer=0.896722
I0601 05:29:44.780843 139771223618752 spec.py:333] Evaluating on the training split.
I0601 05:30:25.678981 139771223618752 spec.py:346] Evaluating on the validation split.
/usr/local/lib/python3.11/multiprocessing/popen_fork.py:66: RuntimeWarning: os.fork() was called. os.fork() is incompatible with multithreaded code, and JAX is multithreaded, so this will likely lead to a deadlock.
  self.pid = os.fork()
I0601 05:31:07.014503 139771223618752 spec.py:363] Evaluating on the test split.
I0601 05:31:28.130936 139771223618752 submission_runner.py:516] Time since start: 23777.86s, 	Step: 8089, 	{'train/ctc_loss': Array(1.1852372, dtype=float32), 'train/wer': np.float64(0.9332689950181278), 'validation/ctc_loss': Array(1.2119322, dtype=float32), 'validation/wer': np.float64(0.8931202626369913), 'validation/num_examples': 5348, 'test/ctc_loss': Array(1.1441492, dtype=float32), 'test/wer': np.float64(0.8925314321694798), 'test/num_examples': 2472, 'score': 21917.321856737137, 'total_duration': 23777.861506938934, 'accumulated_submission_time': 21917.321856737137, 'accumulated_eval_time': 1857.4456944465637, 'accumulated_logging_time': 2.8823482990264893}
I0601 05:31:28.185287 139756449003264 logging_writer.py:48] [8089] accumulated_eval_time=1857.45, accumulated_logging_time=2.88235, accumulated_submission_time=21917.3, global_step=8089, preemption_count=0, score=21917.3, test/ctc_loss=1.1441491842269897, test/num_examples=2472, test/wer=0.892531, total_duration=23777.9, train/ctc_loss=1.185237169265747, train/wer=0.933269, validation/ctc_loss=1.2119321823120117, validation/num_examples=5348, validation/wer=0.89312
/usr/local/lib/python3.11/multiprocessing/popen_fork.py:66: RuntimeWarning: os.fork() was called. os.fork() is incompatible with multithreaded code, and JAX is multithreaded, so this will likely lead to a deadlock.
  self.pid = os.fork()
I0601 05:55:35.795752 139771223618752 spec.py:333] Evaluating on the training split.
I0601 05:56:23.811963 139771223618752 spec.py:346] Evaluating on the validation split.
I0601 05:57:07.343081 139771223618752 spec.py:363] Evaluating on the test split.
I0601 05:57:29.556360 139771223618752 submission_runner.py:516] Time since start: 25339.29s, 	Step: 8820, 	{'train/ctc_loss': Array(0.6408027, dtype=float32), 'train/wer': np.float64(0.5379509261437441), 'validation/ctc_loss': Array(0.75324965, dtype=float32), 'validation/wer': np.float64(0.6036498817167962), 'validation/num_examples': 5348, 'test/ctc_loss': Array(0.6318291, dtype=float32), 'test/wer': np.float64(0.5236528344809376), 'test/num_examples': 2472, 'score': 23364.913756608963, 'total_duration': 25339.286514043808, 'accumulated_submission_time': 23364.913756608963, 'accumulated_eval_time': 1971.2035582065582, 'accumulated_logging_time': 2.947680711746216}
I0601 05:57:29.609709 139756449003264 logging_writer.py:48] [8820] accumulated_eval_time=1971.2, accumulated_logging_time=2.94768, accumulated_submission_time=23364.9, global_step=8820, preemption_count=0, score=23364.9, test/ctc_loss=0.6318290829658508, test/num_examples=2472, test/wer=0.523653, total_duration=25339.3, train/ctc_loss=0.6408026814460754, train/wer=0.537951, validation/ctc_loss=0.7532496452331543, validation/num_examples=5348, validation/wer=0.60365
/usr/local/lib/python3.11/multiprocessing/popen_fork.py:66: RuntimeWarning: os.fork() was called. os.fork() is incompatible with multithreaded code, and JAX is multithreaded, so this will likely lead to a deadlock.
  self.pid = os.fork()
I0601 06:21:36.921156 139771223618752 spec.py:333] Evaluating on the training split.
I0601 06:22:26.713443 139771223618752 spec.py:346] Evaluating on the validation split.
I0601 06:23:12.242189 139771223618752 spec.py:363] Evaluating on the test split.
I0601 06:23:34.548316 139771223618752 submission_runner.py:516] Time since start: 26904.28s, 	Step: 9473, 	{'train/ctc_loss': Array(0.34591672, dtype=float32), 'train/wer': np.float64(0.37251906742936386), 'validation/ctc_loss': Array(0.44586974, dtype=float32), 'validation/wer': np.float64(0.4189929030077729), 'validation/num_examples': 5348, 'test/ctc_loss': Array(0.3333676, dtype=float32), 'test/wer': np.float64(0.3495419738793086), 'test/num_examples': 2472, 'score': 24812.207283496857, 'total_duration': 26904.279051303864, 'accumulated_submission_time': 24812.207283496857, 'accumulated_eval_time': 2088.828578233719, 'accumulated_logging_time': 3.0120480060577393}
I0601 06:23:34.605398 139756449003264 logging_writer.py:48] [9473] accumulated_eval_time=2088.83, accumulated_logging_time=3.01205, accumulated_submission_time=24812.2, global_step=9473, preemption_count=0, score=24812.2, test/ctc_loss=0.33336758613586426, test/num_examples=2472, test/wer=0.349542, total_duration=26904.3, train/ctc_loss=0.3459167182445526, train/wer=0.372519, validation/ctc_loss=0.4458697438240051, validation/num_examples=5348, validation/wer=0.418993
I0601 06:47:42.236903 139771223618752 spec.py:333] Evaluating on the training split.
I0601 06:48:31.725821 139771223618752 spec.py:346] Evaluating on the validation split.
/usr/local/lib/python3.11/multiprocessing/popen_fork.py:66: RuntimeWarning: os.fork() was called. os.fork() is incompatible with multithreaded code, and JAX is multithreaded, so this will likely lead to a deadlock.
  self.pid = os.fork()
I0601 06:49:16.204304 139771223618752 spec.py:363] Evaluating on the test split.
I0601 06:49:38.173633 139771223618752 submission_runner.py:516] Time since start: 28467.90s, 	Step: 10155, 	{'train/ctc_loss': Array(0.18738705, dtype=float32), 'train/wer': np.float64(0.2285091074829489), 'validation/ctc_loss': Array(0.28308508, dtype=float32), 'validation/wer': np.float64(0.3064066045478685), 'validation/num_examples': 5348, 'test/ctc_loss': Array(0.19633172, dtype=float32), 'test/wer': np.float64(0.2355940121463246), 'test/num_examples': 2472, 'score': 26259.82079410553, 'total_duration': 28467.90392947197, 'accumulated_submission_time': 26259.82079410553, 'accumulated_eval_time': 2204.7625546455383, 'accumulated_logging_time': 3.0801494121551514}
I0601 06:49:38.306682 139756449003264 logging_writer.py:48] [10155] accumulated_eval_time=2204.76, accumulated_logging_time=3.08015, accumulated_submission_time=26259.8, global_step=10155, preemption_count=0, score=26259.8, test/ctc_loss=0.19633172452449799, test/num_examples=2472, test/wer=0.235594, total_duration=28467.9, train/ctc_loss=0.18738704919815063, train/wer=0.228509, validation/ctc_loss=0.28308507800102234, validation/num_examples=5348, validation/wer=0.306407
/usr/local/lib/python3.11/multiprocessing/popen_fork.py:66: RuntimeWarning: os.fork() was called. os.fork() is incompatible with multithreaded code, and JAX is multithreaded, so this will likely lead to a deadlock.
  self.pid = os.fork()
I0601 07:13:50.686787 139771223618752 spec.py:333] Evaluating on the training split.
I0601 07:14:41.836755 139771223618752 spec.py:346] Evaluating on the validation split.
I0601 07:15:26.463708 139771223618752 spec.py:363] Evaluating on the test split.
I0601 07:15:49.304459 139771223618752 submission_runner.py:516] Time since start: 30039.04s, 	Step: 10941, 	{'train/ctc_loss': Array(0.13387766, dtype=float32), 'train/wer': np.float64(0.16918461593782266), 'validation/ctc_loss': Array(0.21088451, dtype=float32), 'validation/wer': np.float64(0.23907690822188962), 'validation/num_examples': 5348, 'test/ctc_loss': Array(0.13725986, dtype=float32), 'test/wer': np.float64(0.170515711006845), 'test/num_examples': 2472, 'score': 27712.182073116302, 'total_duration': 30039.035092830658, 'accumulated_submission_time': 27712.182073116302, 'accumulated_eval_time': 2323.377876520157, 'accumulated_logging_time': 3.223936080932617}
I0601 07:15:49.358108 139756449003264 logging_writer.py:48] [10941] accumulated_eval_time=2323.38, accumulated_logging_time=3.22394, accumulated_submission_time=27712.2, global_step=10941, preemption_count=0, score=27712.2, test/ctc_loss=0.1372598558664322, test/num_examples=2472, test/wer=0.170516, total_duration=30039, train/ctc_loss=0.13387766480445862, train/wer=0.169185, validation/ctc_loss=0.21088451147079468, validation/num_examples=5348, validation/wer=0.239077
/usr/local/lib/python3.11/multiprocessing/popen_fork.py:66: RuntimeWarning: os.fork() was called. os.fork() is incompatible with multithreaded code, and JAX is multithreaded, so this will likely lead to a deadlock.
  self.pid = os.fork()
I0601 07:39:59.630933 139771223618752 spec.py:333] Evaluating on the training split.
I0601 07:40:49.704027 139771223618752 spec.py:346] Evaluating on the validation split.
I0601 07:41:51.531589 139771223618752 spec.py:363] Evaluating on the test split.
I0601 07:42:22.325584 139771223618752 submission_runner.py:516] Time since start: 31632.06s, 	Step: 11615, 	{'train/ctc_loss': Array(0.11794885, dtype=float32), 'train/wer': np.float64(0.14904035721517098), 'validation/ctc_loss': Array(0.19354782, dtype=float32), 'validation/wer': np.float64(0.22077922077922077), 'validation/num_examples': 5348, 'test/ctc_loss': Array(0.12230681, dtype=float32), 'test/wer': np.float64(0.15483517153128998), 'test/num_examples': 2472, 'score': 29162.436544179916, 'total_duration': 31632.056163549423, 'accumulated_submission_time': 29162.436544179916, 'accumulated_eval_time': 2466.070207834244, 'accumulated_logging_time': 3.2892794609069824}
I0601 07:42:22.407175 139756449003264 logging_writer.py:48] [11615] accumulated_eval_time=2466.07, accumulated_logging_time=3.28928, accumulated_submission_time=29162.4, global_step=11615, preemption_count=0, score=29162.4, test/ctc_loss=0.12230680882930756, test/num_examples=2472, test/wer=0.154835, total_duration=31632.1, train/ctc_loss=0.11794885247945786, train/wer=0.14904, validation/ctc_loss=0.1935478150844574, validation/num_examples=5348, validation/wer=0.220779
I0601 08:06:29.820185 139771223618752 spec.py:333] Evaluating on the training split.
I0601 08:07:20.998410 139771223618752 spec.py:346] Evaluating on the validation split.
/usr/local/lib/python3.11/multiprocessing/popen_fork.py:66: RuntimeWarning: os.fork() was called. os.fork() is incompatible with multithreaded code, and JAX is multithreaded, so this will likely lead to a deadlock.
  self.pid = os.fork()
I0601 08:08:05.893921 139771223618752 spec.py:363] Evaluating on the test split.
I0601 08:08:28.297714 139771223618752 submission_runner.py:516] Time since start: 33198.03s, 	Step: 12244, 	{'train/ctc_loss': Array(0.09329258, dtype=float32), 'train/wer': np.float64(0.1239045539805049), 'validation/ctc_loss': Array(0.18106596, dtype=float32), 'validation/wer': np.float64(0.206025201564235), 'validation/num_examples': 5348, 'test/ctc_loss': Array(0.11440822, dtype=float32), 'test/wer': np.float64(0.1448418743525684), 'test/num_examples': 2472, 'score': 30609.831176042557, 'total_duration': 33198.02807164192, 'accumulated_submission_time': 30609.831176042557, 'accumulated_eval_time': 2584.54510307312, 'accumulated_logging_time': 3.3827250003814697}
I0601 08:08:28.353172 139756449003264 logging_writer.py:48] [12244] accumulated_eval_time=2584.55, accumulated_logging_time=3.38273, accumulated_submission_time=30609.8, global_step=12244, preemption_count=0, score=30609.8, test/ctc_loss=0.1144082248210907, test/num_examples=2472, test/wer=0.144842, total_duration=33198, train/ctc_loss=0.09329257905483246, train/wer=0.123905, validation/ctc_loss=0.18106596171855927, validation/num_examples=5348, validation/wer=0.206025
/usr/local/lib/python3.11/multiprocessing/popen_fork.py:66: RuntimeWarning: os.fork() was called. os.fork() is incompatible with multithreaded code, and JAX is multithreaded, so this will likely lead to a deadlock.
  self.pid = os.fork()
I0601 08:32:35.738677 139771223618752 spec.py:333] Evaluating on the training split.
I0601 08:33:26.127583 139771223618752 spec.py:346] Evaluating on the validation split.
I0601 08:34:11.108373 139771223618752 spec.py:363] Evaluating on the test split.
I0601 08:34:33.000023 139771223618752 submission_runner.py:516] Time since start: 34762.73s, 	Step: 13024, 	{'train/ctc_loss': Array(0.10065535, dtype=float32), 'train/wer': np.float64(0.13307005131887395), 'validation/ctc_loss': Array(0.17594516, dtype=float32), 'validation/wer': np.float64(0.2032829623907691), 'validation/num_examples': 5348, 'test/ctc_loss': Array(0.109712, dtype=float32), 'test/wer': np.float64(0.14201856478378325), 'test/num_examples': 2472, 'score': 32057.19681239128, 'total_duration': 34762.73069810867, 'accumulated_submission_time': 32057.19681239128, 'accumulated_eval_time': 2701.8042187690735, 'accumulated_logging_time': 3.4499216079711914}
I0601 08:34:33.353569 139756449003264 logging_writer.py:48] [13024] accumulated_eval_time=2701.8, accumulated_logging_time=3.44992, accumulated_submission_time=32057.2, global_step=13024, preemption_count=0, score=32057.2, test/ctc_loss=0.10971200466156006, test/num_examples=2472, test/wer=0.142019, total_duration=34762.7, train/ctc_loss=0.10065534710884094, train/wer=0.13307, validation/ctc_loss=0.17594516277313232, validation/num_examples=5348, validation/wer=0.203283
/usr/local/lib/python3.11/multiprocessing/popen_fork.py:66: RuntimeWarning: os.fork() was called. os.fork() is incompatible with multithreaded code, and JAX is multithreaded, so this will likely lead to a deadlock.
  self.pid = os.fork()
I0601 08:58:43.480949 139771223618752 spec.py:333] Evaluating on the training split.
I0601 08:59:32.888410 139771223618752 spec.py:346] Evaluating on the validation split.
I0601 09:00:18.154440 139771223618752 spec.py:363] Evaluating on the test split.
I0601 09:00:40.184112 139771223618752 submission_runner.py:516] Time since start: 36329.91s, 	Step: 13731, 	{'train/ctc_loss': Array(0.12680764, dtype=float32), 'train/wer': np.float64(0.16322689476738825), 'validation/ctc_loss': Array(0.17359242, dtype=float32), 'validation/wer': np.float64(0.19956549027180998), 'validation/num_examples': 5348, 'test/ctc_loss': Array(0.10433242, dtype=float32), 'test/wer': np.float64(0.13362988239595394), 'test/num_examples': 2472, 'score': 33507.03563284874, 'total_duration': 36329.91469883919, 'accumulated_submission_time': 33507.03563284874, 'accumulated_eval_time': 2818.50506734848, 'accumulated_logging_time': 4.084702014923096}
I0601 09:00:40.237386 139756449003264 logging_writer.py:48] [13731] accumulated_eval_time=2818.51, accumulated_logging_time=4.0847, accumulated_submission_time=33507, global_step=13731, preemption_count=0, score=33507, test/ctc_loss=0.10433241724967957, test/num_examples=2472, test/wer=0.13363, total_duration=36329.9, train/ctc_loss=0.12680764496326447, train/wer=0.163227, validation/ctc_loss=0.17359241843223572, validation/num_examples=5348, validation/wer=0.199565
I0601 09:24:47.935571 139771223618752 spec.py:333] Evaluating on the training split.
I0601 09:25:37.504604 139771223618752 spec.py:346] Evaluating on the validation split.
/usr/local/lib/python3.11/multiprocessing/popen_fork.py:66: RuntimeWarning: os.fork() was called. os.fork() is incompatible with multithreaded code, and JAX is multithreaded, so this will likely lead to a deadlock.
  self.pid = os.fork()
I0601 09:26:22.266346 139771223618752 spec.py:363] Evaluating on the test split.
I0601 09:26:45.308733 139771223618752 submission_runner.py:516] Time since start: 37895.04s, 	Step: 14353, 	{'train/ctc_loss': Array(0.13365607, dtype=float32), 'train/wer': np.float64(0.17280181195423483), 'validation/ctc_loss': Array(0.16983902, dtype=float32), 'validation/wer': np.float64(0.19715154733742093), 'validation/num_examples': 5348, 'test/ctc_loss': Array(0.10401832, dtype=float32), 'test/wer': np.float64(0.13529543192574087), 'test/num_examples': 2472, 'score': 34954.71627044678, 'total_duration': 37895.039479255676, 'accumulated_submission_time': 34954.71627044678, 'accumulated_eval_time': 2935.8759253025055, 'accumulated_logging_time': 4.148904800415039}
I0601 09:26:45.363108 139756449003264 logging_writer.py:48] [14353] accumulated_eval_time=2935.88, accumulated_logging_time=4.1489, accumulated_submission_time=34954.7, global_step=14353, preemption_count=0, score=34954.7, test/ctc_loss=0.10401832312345505, test/num_examples=2472, test/wer=0.135295, total_duration=37895, train/ctc_loss=0.1336560696363449, train/wer=0.172802, validation/ctc_loss=0.1698390245437622, validation/num_examples=5348, validation/wer=0.197152
/usr/local/lib/python3.11/multiprocessing/popen_fork.py:66: RuntimeWarning: os.fork() was called. os.fork() is incompatible with multithreaded code, and JAX is multithreaded, so this will likely lead to a deadlock.
  self.pid = os.fork()
I0601 09:50:53.835622 139771223618752 spec.py:333] Evaluating on the training split.
I0601 09:51:43.206814 139771223618752 spec.py:346] Evaluating on the validation split.
I0601 09:52:27.576075 139771223618752 spec.py:363] Evaluating on the test split.
I0601 09:52:49.712774 139771223618752 submission_runner.py:516] Time since start: 39459.44s, 	Step: 15158, 	{'train/ctc_loss': Array(0.15363881, dtype=float32), 'train/wer': np.float64(0.19467566729647676), 'validation/ctc_loss': Array(0.16982135, dtype=float32), 'validation/wer': np.float64(0.19563559117462465), 'validation/num_examples': 5348, 'test/ctc_loss': Array(0.10363233, dtype=float32), 'test/wer': np.float64(0.1330205350070075), 'test/num_examples': 2472, 'score': 36403.16992664337, 'total_duration': 39459.44340348244, 'accumulated_submission_time': 36403.16992664337, 'accumulated_eval_time': 3051.7507190704346, 'accumulated_logging_time': 4.214137554168701}
I0601 09:52:49.767418 139756449003264 logging_writer.py:48] [15158] accumulated_eval_time=3051.75, accumulated_logging_time=4.21414, accumulated_submission_time=36403.2, global_step=15158, preemption_count=0, score=36403.2, test/ctc_loss=0.10363233089447021, test/num_examples=2472, test/wer=0.133021, total_duration=39459.4, train/ctc_loss=0.1536388099193573, train/wer=0.194676, validation/ctc_loss=0.1698213517665863, validation/num_examples=5348, validation/wer=0.195636
/usr/local/lib/python3.11/multiprocessing/popen_fork.py:66: RuntimeWarning: os.fork() was called. os.fork() is incompatible with multithreaded code, and JAX is multithreaded, so this will likely lead to a deadlock.
  self.pid = os.fork()
I0601 10:17:00.388934 139771223618752 spec.py:333] Evaluating on the training split.
I0601 10:17:49.518527 139771223618752 spec.py:346] Evaluating on the validation split.
I0601 10:18:53.003017 139771223618752 spec.py:363] Evaluating on the test split.
I0601 10:19:24.220654 139771223618752 submission_runner.py:516] Time since start: 41053.95s, 	Step: 15855, 	{'train/ctc_loss': Array(0.13785666, dtype=float32), 'train/wer': np.float64(0.17111669777272753), 'validation/ctc_loss': Array(0.16929486, dtype=float32), 'validation/wer': np.float64(0.19311543475112247), 'validation/num_examples': 5348, 'test/ctc_loss': Array(0.10199954, dtype=float32), 'test/wer': np.float64(0.12934413909369732), 'test/num_examples': 2472, 'score': 37853.77343034744, 'total_duration': 41053.95131826401, 'accumulated_submission_time': 37853.77343034744, 'accumulated_eval_time': 3195.5802063941956, 'accumulated_logging_time': 4.279514789581299}
I0601 10:19:24.277535 139756449003264 logging_writer.py:48] [15855] accumulated_eval_time=3195.58, accumulated_logging_time=4.27951, accumulated_submission_time=37853.8, global_step=15855, preemption_count=0, score=37853.8, test/ctc_loss=0.10199954360723495, test/num_examples=2472, test/wer=0.129344, total_duration=41054, train/ctc_loss=0.13785666227340698, train/wer=0.171117, validation/ctc_loss=0.16929486393928528, validation/num_examples=5348, validation/wer=0.193115
I0601 10:43:35.559613 139771223618752 spec.py:333] Evaluating on the training split.
I0601 10:44:24.763352 139771223618752 spec.py:346] Evaluating on the validation split.
/usr/local/lib/python3.11/multiprocessing/popen_fork.py:66: RuntimeWarning: os.fork() was called. os.fork() is incompatible with multithreaded code, and JAX is multithreaded, so this will likely lead to a deadlock.
  self.pid = os.fork()
I0601 10:45:09.812302 139771223618752 spec.py:363] Evaluating on the test split.
I0601 10:45:32.093906 139771223618752 submission_runner.py:516] Time since start: 42621.82s, 	Step: 16437, 	{'train/ctc_loss': Array(0.12928107, dtype=float32), 'train/wer': np.float64(0.16474786500840635), 'validation/ctc_loss': Array(0.16549794, dtype=float32), 'validation/wer': np.float64(0.18975522618645296), 'validation/num_examples': 5348, 'test/ctc_loss': Array(0.10045219, dtype=float32), 'test/wer': np.float64(0.12660207584343836), 'test/num_examples': 2472, 'score': 39305.03842043877, 'total_duration': 42621.82448577881, 'accumulated_submission_time': 39305.03842043877, 'accumulated_eval_time': 3312.1120908260345, 'accumulated_logging_time': 4.347285509109497}
I0601 10:45:32.148088 139756449003264 logging_writer.py:48] [16437] accumulated_eval_time=3312.11, accumulated_logging_time=4.34729, accumulated_submission_time=39305, global_step=16437, preemption_count=0, score=39305, test/ctc_loss=0.10045219212770462, test/num_examples=2472, test/wer=0.126602, total_duration=42621.8, train/ctc_loss=0.12928107380867004, train/wer=0.164748, validation/ctc_loss=0.16549794375896454, validation/num_examples=5348, validation/wer=0.189755
/usr/local/lib/python3.11/multiprocessing/popen_fork.py:66: RuntimeWarning: os.fork() was called. os.fork() is incompatible with multithreaded code, and JAX is multithreaded, so this will likely lead to a deadlock.
  self.pid = os.fork()
I0601 11:09:39.791847 139771223618752 spec.py:333] Evaluating on the training split.
I0601 11:10:29.088958 139771223618752 spec.py:346] Evaluating on the validation split.
I0601 11:11:13.123879 139771223618752 spec.py:363] Evaluating on the test split.
I0601 11:11:35.036947 139771223618752 submission_runner.py:516] Time since start: 44184.77s, 	Step: 17188, 	{'train/ctc_loss': Array(0.11372163, dtype=float32), 'train/wer': np.float64(0.1505780378253162), 'validation/ctc_loss': Array(0.15955174, dtype=float32), 'validation/wer': np.float64(0.18324723603534013), 'validation/num_examples': 5348, 'test/ctc_loss': Array(0.09536323, dtype=float32), 'test/wer': np.float64(0.12243820201897102), 'test/num_examples': 2472, 'score': 40752.66373252869, 'total_duration': 44184.76757502556, 'accumulated_submission_time': 40752.66373252869, 'accumulated_eval_time': 3427.354914665222, 'accumulated_logging_time': 4.412207365036011}
I0601 11:11:35.091683 139756449003264 logging_writer.py:48] [17188] accumulated_eval_time=3427.35, accumulated_logging_time=4.41221, accumulated_submission_time=40752.7, global_step=17188, preemption_count=0, score=40752.7, test/ctc_loss=0.09536322951316833, test/num_examples=2472, test/wer=0.122438, total_duration=44184.8, train/ctc_loss=0.11372163146734238, train/wer=0.150578, validation/ctc_loss=0.159551739692688, validation/num_examples=5348, validation/wer=0.183247
/usr/local/lib/python3.11/multiprocessing/popen_fork.py:66: RuntimeWarning: os.fork() was called. os.fork() is incompatible with multithreaded code, and JAX is multithreaded, so this will likely lead to a deadlock.
  self.pid = os.fork()
I0601 11:35:45.233553 139771223618752 spec.py:333] Evaluating on the training split.
I0601 11:36:35.068347 139771223618752 spec.py:346] Evaluating on the validation split.
I0601 11:37:20.417801 139771223618752 spec.py:363] Evaluating on the test split.
I0601 11:37:43.209136 139771223618752 submission_runner.py:516] Time since start: 45752.94s, 	Step: 17856, 	{'train/ctc_loss': Array(0.1266448, dtype=float32), 'train/wer': np.float64(0.16343067556632107), 'validation/ctc_loss': Array(0.16093846, dtype=float32), 'validation/wer': np.float64(0.18591222903490562), 'validation/num_examples': 5348, 'test/ctc_loss': Array(0.09540888, dtype=float32), 'test/wer': np.float64(0.12390063575244246), 'test/num_examples': 2472, 'score': 42202.78699564934, 'total_duration': 45752.939683914185, 'accumulated_submission_time': 42202.78699564934, 'accumulated_eval_time': 3545.328140735626, 'accumulated_logging_time': 4.478535890579224}
I0601 11:37:43.262542 139756449003264 logging_writer.py:48] [17856] accumulated_eval_time=3545.33, accumulated_logging_time=4.47854, accumulated_submission_time=42202.8, global_step=17856, preemption_count=0, score=42202.8, test/ctc_loss=0.09540887922048569, test/num_examples=2472, test/wer=0.123901, total_duration=45752.9, train/ctc_loss=0.1266448050737381, train/wer=0.163431, validation/ctc_loss=0.16093845665454865, validation/num_examples=5348, validation/wer=0.185912
I0601 12:01:54.473670 139771223618752 spec.py:333] Evaluating on the training split.
I0601 12:02:44.258629 139771223618752 spec.py:346] Evaluating on the validation split.
/usr/local/lib/python3.11/multiprocessing/popen_fork.py:66: RuntimeWarning: os.fork() was called. os.fork() is incompatible with multithreaded code, and JAX is multithreaded, so this will likely lead to a deadlock.
  self.pid = os.fork()
I0601 12:03:29.243525 139771223618752 spec.py:363] Evaluating on the test split.
I0601 12:03:51.525733 139771223618752 submission_runner.py:516] Time since start: 47321.26s, 	Step: 18430, 	{'train/ctc_loss': Array(0.1173565, dtype=float32), 'train/wer': np.float64(0.1526638464181412), 'validation/ctc_loss': Array(0.15778565, dtype=float32), 'validation/wer': np.float64(0.18089122773137642), 'validation/num_examples': 5348, 'test/ctc_loss': Array(0.09521686, dtype=float32), 'test/wer': np.float64(0.12101639144476266), 'test/num_examples': 2472, 'score': 43653.9816467762, 'total_duration': 47321.256251335144, 'accumulated_submission_time': 43653.9816467762, 'accumulated_eval_time': 3662.377676010132, 'accumulated_logging_time': 4.5425498485565186}
I0601 12:03:51.581756 139756449003264 logging_writer.py:48] [18430] accumulated_eval_time=3662.38, accumulated_logging_time=4.54255, accumulated_submission_time=43654, global_step=18430, preemption_count=0, score=43654, test/ctc_loss=0.09521685540676117, test/num_examples=2472, test/wer=0.121016, total_duration=47321.3, train/ctc_loss=0.11735650151968002, train/wer=0.152664, validation/ctc_loss=0.15778565406799316, validation/num_examples=5348, validation/wer=0.180891
/usr/local/lib/python3.11/multiprocessing/popen_fork.py:66: RuntimeWarning: os.fork() was called. os.fork() is incompatible with multithreaded code, and JAX is multithreaded, so this will likely lead to a deadlock.
  self.pid = os.fork()
I0601 12:28:00.092241 139771223618752 spec.py:333] Evaluating on the training split.
I0601 12:28:49.744018 139771223618752 spec.py:346] Evaluating on the validation split.
I0601 12:29:34.605247 139771223618752 spec.py:363] Evaluating on the test split.
I0601 12:29:56.686616 139771223618752 submission_runner.py:516] Time since start: 48886.42s, 	Step: 19219, 	{'train/ctc_loss': Array(0.11434617, dtype=float32), 'train/wer': np.float64(0.1516234717234945), 'validation/ctc_loss': Array(0.15176912, dtype=float32), 'validation/wer': np.float64(0.17588953797132237), 'validation/num_examples': 5348, 'test/ctc_loss': Array(0.09031449, dtype=float32), 'test/wer': np.float64(0.1151463449312453), 'test/num_examples': 2472, 'score': 45102.472928762436, 'total_duration': 48886.41709804535, 'accumulated_submission_time': 45102.472928762436, 'accumulated_eval_time': 3778.969555616379, 'accumulated_logging_time': 4.609544515609741}
I0601 12:29:56.741691 139756449003264 logging_writer.py:48] [19219] accumulated_eval_time=3778.97, accumulated_logging_time=4.60954, accumulated_submission_time=45102.5, global_step=19219, preemption_count=0, score=45102.5, test/ctc_loss=0.09031448513269424, test/num_examples=2472, test/wer=0.115146, total_duration=48886.4, train/ctc_loss=0.11434616893529892, train/wer=0.151623, validation/ctc_loss=0.15176911652088165, validation/num_examples=5348, validation/wer=0.17589
/usr/local/lib/python3.11/multiprocessing/popen_fork.py:66: RuntimeWarning: os.fork() was called. os.fork() is incompatible with multithreaded code, and JAX is multithreaded, so this will likely lead to a deadlock.
  self.pid = os.fork()
I0601 12:54:04.425446 139771223618752 spec.py:333] Evaluating on the training split.
I0601 12:54:54.315673 139771223618752 spec.py:346] Evaluating on the validation split.
I0601 12:55:57.257441 139771223618752 spec.py:363] Evaluating on the test split.
I0601 12:56:28.479039 139771223618752 submission_runner.py:516] Time since start: 50478.21s, 	Step: 19921, 	{'train/ctc_loss': Array(0.11571435, dtype=float32), 'train/wer': np.float64(0.14888612836438925), 'validation/ctc_loss': Array(0.15210596, dtype=float32), 'validation/wer': np.float64(0.17498189542799208), 'validation/num_examples': 5348, 'test/ctc_loss': Array(0.08993432, dtype=float32), 'test/wer': np.float64(0.11516665651087685), 'test/num_examples': 2472, 'score': 46550.13842511177, 'total_duration': 50478.209689855576, 'accumulated_submission_time': 46550.13842511177, 'accumulated_eval_time': 3923.0209109783173, 'accumulated_logging_time': 4.675407409667969}
I0601 12:56:28.535172 139756449003264 logging_writer.py:48] [19921] accumulated_eval_time=3923.02, accumulated_logging_time=4.67541, accumulated_submission_time=46550.1, global_step=19921, preemption_count=0, score=46550.1, test/ctc_loss=0.0899343192577362, test/num_examples=2472, test/wer=0.115167, total_duration=50478.2, train/ctc_loss=0.11571434885263443, train/wer=0.148886, validation/ctc_loss=0.15210595726966858, validation/num_examples=5348, validation/wer=0.174982
I0601 13:20:41.122213 139771223618752 spec.py:333] Evaluating on the training split.
I0601 13:21:30.267390 139771223618752 spec.py:346] Evaluating on the validation split.
/usr/local/lib/python3.11/multiprocessing/popen_fork.py:66: RuntimeWarning: os.fork() was called. os.fork() is incompatible with multithreaded code, and JAX is multithreaded, so this will likely lead to a deadlock.
  self.pid = os.fork()
I0601 13:22:15.225806 139771223618752 spec.py:363] Evaluating on the test split.
I0601 13:22:37.463507 139771223618752 submission_runner.py:516] Time since start: 52047.19s, 	Step: 20536, 	{'train/ctc_loss': Array(0.11765846, dtype=float32), 'train/wer': np.float64(0.1539610590295663), 'validation/ctc_loss': Array(0.15072289, dtype=float32), 'validation/wer': np.float64(0.17424805677593783), 'validation/num_examples': 5348, 'test/ctc_loss': Array(0.08745025, dtype=float32), 'test/wer': np.float64(0.11063717425304166), 'test/num_examples': 2472, 'score': 48002.70849967003, 'total_duration': 52047.19412231445, 'accumulated_submission_time': 48002.70849967003, 'accumulated_eval_time': 4039.3598413467407, 'accumulated_logging_time': 4.742427587509155}
I0601 13:22:37.517677 139756449003264 logging_writer.py:48] [20536] accumulated_eval_time=4039.36, accumulated_logging_time=4.74243, accumulated_submission_time=48002.7, global_step=20536, preemption_count=0, score=48002.7, test/ctc_loss=0.08745025098323822, test/num_examples=2472, test/wer=0.110637, total_duration=52047.2, train/ctc_loss=0.11765845865011215, train/wer=0.153961, validation/ctc_loss=0.15072289109230042, validation/num_examples=5348, validation/wer=0.174248
/usr/local/lib/python3.11/multiprocessing/popen_fork.py:66: RuntimeWarning: os.fork() was called. os.fork() is incompatible with multithreaded code, and JAX is multithreaded, so this will likely lead to a deadlock.
  self.pid = os.fork()
I0601 13:46:44.941935 139771223618752 spec.py:333] Evaluating on the training split.
I0601 13:47:34.483395 139771223618752 spec.py:346] Evaluating on the validation split.
I0601 13:48:19.466292 139771223618752 spec.py:363] Evaluating on the test split.
I0601 13:48:41.813419 139771223618752 submission_runner.py:516] Time since start: 53611.54s, 	Step: 21334, 	{'train/ctc_loss': Array(0.11338882, dtype=float32), 'train/wer': np.float64(0.14619523192367592), 'validation/ctc_loss': Array(0.14823446, dtype=float32), 'validation/wer': np.float64(0.1709071597547434), 'validation/num_examples': 5348, 'test/ctc_loss': Array(0.08642749, dtype=float32), 'test/wer': np.float64(0.11059655109377857), 'test/num_examples': 2472, 'score': 49450.113560438156, 'total_duration': 53611.543961048126, 'accumulated_submission_time': 49450.113560438156, 'accumulated_eval_time': 4156.228966712952, 'accumulated_logging_time': 4.807600736618042}
I0601 13:48:41.868256 139756449003264 logging_writer.py:48] [21334] accumulated_eval_time=4156.23, accumulated_logging_time=4.8076, accumulated_submission_time=49450.1, global_step=21334, preemption_count=0, score=49450.1, test/ctc_loss=0.08642749488353729, test/num_examples=2472, test/wer=0.110597, total_duration=53611.5, train/ctc_loss=0.11338882148265839, train/wer=0.146195, validation/ctc_loss=0.14823445677757263, validation/num_examples=5348, validation/wer=0.170907
/usr/local/lib/python3.11/multiprocessing/popen_fork.py:66: RuntimeWarning: os.fork() was called. os.fork() is incompatible with multithreaded code, and JAX is multithreaded, so this will likely lead to a deadlock.
  self.pid = os.fork()
I0601 14:12:50.720955 139771223618752 spec.py:333] Evaluating on the training split.
I0601 14:13:40.044893 139771223618752 spec.py:346] Evaluating on the validation split.
I0601 14:14:25.395386 139771223618752 spec.py:363] Evaluating on the test split.
I0601 14:14:47.729150 139771223618752 submission_runner.py:516] Time since start: 55177.46s, 	Step: 22072, 	{'train/ctc_loss': Array(0.10432239, dtype=float32), 'train/wer': np.float64(0.13664895644181407), 'validation/ctc_loss': Array(0.14367703, dtype=float32), 'validation/wer': np.float64(0.16527784483174818), 'validation/num_examples': 5348, 'test/ctc_loss': Array(0.08398706, dtype=float32), 'test/wer': np.float64(0.10562021408404931), 'test/num_examples': 2472, 'score': 50898.94760990143, 'total_duration': 55177.459851026535, 'accumulated_submission_time': 50898.94760990143, 'accumulated_eval_time': 4273.234961032867, 'accumulated_logging_time': 4.873242378234863}
I0601 14:14:47.782992 139756449003264 logging_writer.py:48] [22072] accumulated_eval_time=4273.23, accumulated_logging_time=4.87324, accumulated_submission_time=50898.9, global_step=22072, preemption_count=0, score=50898.9, test/ctc_loss=0.08398705720901489, test/num_examples=2472, test/wer=0.10562, total_duration=55177.5, train/ctc_loss=0.1043223887681961, train/wer=0.136649, validation/ctc_loss=0.1436770260334015, validation/num_examples=5348, validation/wer=0.165278
I0601 14:38:57.511615 139771223618752 spec.py:333] Evaluating on the training split.
I0601 14:39:46.482197 139771223618752 spec.py:346] Evaluating on the validation split.
/usr/local/lib/python3.11/multiprocessing/popen_fork.py:66: RuntimeWarning: os.fork() was called. os.fork() is incompatible with multithreaded code, and JAX is multithreaded, so this will likely lead to a deadlock.
  self.pid = os.fork()
I0601 14:40:30.757375 139771223618752 spec.py:363] Evaluating on the test split.
I0601 14:40:52.721769 139771223618752 submission_runner.py:516] Time since start: 56742.45s, 	Step: 22657, 	{'train/ctc_loss': Array(0.10417623, dtype=float32), 'train/wer': np.float64(0.13783031354114372), 'validation/ctc_loss': Array(0.14030373, dtype=float32), 'validation/wer': np.float64(0.1629894269299474), 'validation/num_examples': 5348, 'test/ctc_loss': Array(0.08264731, dtype=float32), 'test/wer': np.float64(0.10620924989336421), 'test/num_examples': 2472, 'score': 52348.65930008888, 'total_duration': 56742.45231485367, 'accumulated_submission_time': 52348.65930008888, 'accumulated_eval_time': 4388.44261264801, 'accumulated_logging_time': 4.937790870666504}
I0601 14:40:52.776598 139756449003264 logging_writer.py:48] [22657] accumulated_eval_time=4388.44, accumulated_logging_time=4.93779, accumulated_submission_time=52348.7, global_step=22657, preemption_count=0, score=52348.7, test/ctc_loss=0.08264730870723724, test/num_examples=2472, test/wer=0.106209, total_duration=56742.5, train/ctc_loss=0.10417623072862625, train/wer=0.13783, validation/ctc_loss=0.14030373096466064, validation/num_examples=5348, validation/wer=0.162989
/usr/local/lib/python3.11/multiprocessing/popen_fork.py:66: RuntimeWarning: os.fork() was called. os.fork() is incompatible with multithreaded code, and JAX is multithreaded, so this will likely lead to a deadlock.
  self.pid = os.fork()
I0601 15:05:06.225149 139771223618752 spec.py:333] Evaluating on the training split.
I0601 15:05:56.407156 139771223618752 spec.py:346] Evaluating on the validation split.
I0601 15:06:40.713163 139771223618752 spec.py:363] Evaluating on the test split.
I0601 15:07:02.661303 139771223618752 submission_runner.py:516] Time since start: 58312.39s, 	Step: 23414, 	{'train/ctc_loss': Array(0.09916881, dtype=float32), 'train/wer': np.float64(0.130434540016962), 'validation/ctc_loss': Array(0.13973914, dtype=float32), 'validation/wer': np.float64(0.1613093226476126), 'validation/num_examples': 5348, 'test/ctc_loss': Array(0.08125902, dtype=float32), 'test/wer': np.float64(0.10249223082079094), 'test/num_examples': 2472, 'score': 53802.089480638504, 'total_duration': 58312.39191222191, 'accumulated_submission_time': 53802.089480638504, 'accumulated_eval_time': 4504.8764016628265, 'accumulated_logging_time': 5.003417730331421}
I0601 15:07:02.713304 139756449003264 logging_writer.py:48] [23414] accumulated_eval_time=4504.88, accumulated_logging_time=5.00342, accumulated_submission_time=53802.1, global_step=23414, preemption_count=0, score=53802.1, test/ctc_loss=0.08125901967287064, test/num_examples=2472, test/wer=0.102492, total_duration=58312.4, train/ctc_loss=0.0991688147187233, train/wer=0.130435, validation/ctc_loss=0.13973914086818695, validation/num_examples=5348, validation/wer=0.161309
/usr/local/lib/python3.11/multiprocessing/popen_fork.py:66: RuntimeWarning: os.fork() was called. os.fork() is incompatible with multithreaded code, and JAX is multithreaded, so this will likely lead to a deadlock.
  self.pid = os.fork()
I0601 15:31:11.086014 139771223618752 spec.py:333] Evaluating on the training split.
I0601 15:31:59.498479 139771223618752 spec.py:346] Evaluating on the validation split.
I0601 15:33:04.775134 139771223618752 spec.py:363] Evaluating on the test split.
I0601 15:33:36.642152 139771223618752 submission_runner.py:516] Time since start: 59906.37s, 	Step: 24149, 	{'train/ctc_loss': Array(0.099571, dtype=float32), 'train/wer': np.float64(0.12973348440248922), 'validation/ctc_loss': Array(0.1364306, dtype=float32), 'validation/wer': np.float64(0.1568869791918119), 'validation/num_examples': 5348, 'test/ctc_loss': Array(0.0783845, dtype=float32), 'test/wer': np.float64(0.10115166656510877), 'test/num_examples': 2472, 'score': 55250.44359540939, 'total_duration': 59906.37281346321, 'accumulated_submission_time': 55250.44359540939, 'accumulated_eval_time': 4650.430309057236, 'accumulated_logging_time': 5.066239833831787}
I0601 15:33:36.696979 139756449003264 logging_writer.py:48] [24149] accumulated_eval_time=4650.43, accumulated_logging_time=5.06624, accumulated_submission_time=55250.4, global_step=24149, preemption_count=0, score=55250.4, test/ctc_loss=0.07838449627161026, test/num_examples=2472, test/wer=0.101152, total_duration=59906.4, train/ctc_loss=0.09957099705934525, train/wer=0.129733, validation/ctc_loss=0.13643060624599457, validation/num_examples=5348, validation/wer=0.156887
I0601 15:57:44.056813 139756429080320 logging_writer.py:48] [24682] global_step=24682, preemption_count=0, score=56697.7
I0601 15:57:54.723222 139771223618752 submission_runner.py:857] Final librispeech_deepspeech score: 56697.73936009407
