torchrun --redirects 1:0,2:0,3:0 --standalone --nnodes=1 --nproc_per_node=4 submission_runner.py --framework=pytorch --workload=fastmri --submission_path=submissions_algorithms/submissions/self_tuning/muon_torch_jax_hps/submission.py --data_dir=/data/fastmri --experiment_dir=/experiment_runs --experiment_name=submissions_a100/muon_torch_jax_hps/study_1 --overwrite=True --save_checkpoints=False --rng_seed=-1216872596 --torch_compile=true --tuning_ruleset=self 2>&1 | tee -a /logs/fastmri_pytorch_05-21-2026-22-03-00.log
W0521 22:03:02.412000 9 site-packages/torch/distributed/run.py:803] 
W0521 22:03:02.412000 9 site-packages/torch/distributed/run.py:803] *****************************************
W0521 22:03:02.412000 9 site-packages/torch/distributed/run.py:803] Setting OMP_NUM_THREADS environment variable for each process to be 1 in default, to avoid your system being overloaded, please further tune the variable for optimal performance in your application as needed. 
W0521 22:03:02.412000 9 site-packages/torch/distributed/run.py:803] *****************************************
2026-05-21 22:03:04.178098: E external/local_xla/xla/stream_executor/cuda/cuda_fft.cc:467] Unable to register cuFFT factory: Attempting to register factory for plugin cuFFT when one has already been registered
2026-05-21 22:03:04.178097: E external/local_xla/xla/stream_executor/cuda/cuda_fft.cc:467] Unable to register cuFFT factory: Attempting to register factory for plugin cuFFT when one has already been registered
2026-05-21 22:03:04.178095: E external/local_xla/xla/stream_executor/cuda/cuda_fft.cc:467] Unable to register cuFFT factory: Attempting to register factory for plugin cuFFT when one has already been registered
2026-05-21 22:03:04.178121: E external/local_xla/xla/stream_executor/cuda/cuda_fft.cc:467] Unable to register cuFFT factory: Attempting to register factory for plugin cuFFT when one has already been registered
WARNING: All log messages before absl::InitializeLog() is called are written to STDERR
WARNING: All log messages before absl::InitializeLog() is called are written to STDERR
WARNING: All log messages before absl::InitializeLog() is called are written to STDERR
E0000 00:00:1779400984.198537      38 cuda_dnn.cc:8579] Unable to register cuDNN factory: Attempting to register factory for plugin cuDNN when one has already been registered
WARNING: All log messages before absl::InitializeLog() is called are written to STDERR
E0000 00:00:1779400984.198538      41 cuda_dnn.cc:8579] Unable to register cuDNN factory: Attempting to register factory for plugin cuDNN when one has already been registered
E0000 00:00:1779400984.198538      40 cuda_dnn.cc:8579] Unable to register cuDNN factory: Attempting to register factory for plugin cuDNN when one has already been registered
E0000 00:00:1779400984.198537      39 cuda_dnn.cc:8579] Unable to register cuDNN factory: Attempting to register factory for plugin cuDNN when one has already been registered
E0000 00:00:1779400984.205265      39 cuda_blas.cc:1407] Unable to register cuBLAS factory: Attempting to register factory for plugin cuBLAS when one has already been registered
E0000 00:00:1779400984.205275      38 cuda_blas.cc:1407] Unable to register cuBLAS factory: Attempting to register factory for plugin cuBLAS when one has already been registered
E0000 00:00:1779400984.205284      41 cuda_blas.cc:1407] Unable to register cuBLAS factory: Attempting to register factory for plugin cuBLAS when one has already been registered
E0000 00:00:1779400984.205291      40 cuda_blas.cc:1407] Unable to register cuBLAS factory: Attempting to register factory for plugin cuBLAS when one has already been registered
W0000 00:00:1779400984.222097      41 computation_placer.cc:177] computation placer already registered. Please check linkage and avoid linking the same target more than once.
W0000 00:00:1779400984.222103      39 computation_placer.cc:177] computation placer already registered. Please check linkage and avoid linking the same target more than once.
W0000 00:00:1779400984.222103      38 computation_placer.cc:177] computation placer already registered. Please check linkage and avoid linking the same target more than once.
W0000 00:00:1779400984.222102      40 computation_placer.cc:177] computation placer already registered. Please check linkage and avoid linking the same target more than once.
W0000 00:00:1779400984.222123      38 computation_placer.cc:177] computation placer already registered. Please check linkage and avoid linking the same target more than once.
W0000 00:00:1779400984.222123      39 computation_placer.cc:177] computation placer already registered. Please check linkage and avoid linking the same target more than once.
W0000 00:00:1779400984.222124      40 computation_placer.cc:177] computation placer already registered. Please check linkage and avoid linking the same target more than once.
W0000 00:00:1779400984.222124      41 computation_placer.cc:177] computation placer already registered. Please check linkage and avoid linking the same target more than once.
W0000 00:00:1779400984.222125      38 computation_placer.cc:177] computation placer already registered. Please check linkage and avoid linking the same target more than once.
W0000 00:00:1779400984.222125      39 computation_placer.cc:177] computation placer already registered. Please check linkage and avoid linking the same target more than once.
W0000 00:00:1779400984.222126      40 computation_placer.cc:177] computation placer already registered. Please check linkage and avoid linking the same target more than once.
W0000 00:00:1779400984.222127      41 computation_placer.cc:177] computation placer already registered. Please check linkage and avoid linking the same target more than once.
W0000 00:00:1779400984.222127      38 computation_placer.cc:177] computation placer already registered. Please check linkage and avoid linking the same target more than once.
W0000 00:00:1779400984.222127      39 computation_placer.cc:177] computation placer already registered. Please check linkage and avoid linking the same target more than once.
W0000 00:00:1779400984.222128      40 computation_placer.cc:177] computation placer already registered. Please check linkage and avoid linking the same target more than once.
W0000 00:00:1779400984.222129      41 computation_placer.cc:177] computation placer already registered. Please check linkage and avoid linking the same target more than once.
W0000 00:00:1779400989.839958      39 gpu_device.cc:2341] Cannot dlopen some GPU libraries. Please make sure the missing libraries mentioned above are installed properly if you would like to use GPU. Follow the guide at https://www.tensorflow.org/install/gpu for how to download and setup the required libraries for your platform.
Skipping registering GPU devices...
W0000 00:00:1779400989.957081      38 gpu_device.cc:2341] Cannot dlopen some GPU libraries. Please make sure the missing libraries mentioned above are installed properly if you would like to use GPU. Follow the guide at https://www.tensorflow.org/install/gpu for how to download and setup the required libraries for your platform.
Skipping registering GPU devices...
W0000 00:00:1779400990.053564      41 gpu_device.cc:2341] Cannot dlopen some GPU libraries. Please make sure the missing libraries mentioned above are installed properly if you would like to use GPU. Follow the guide at https://www.tensorflow.org/install/gpu for how to download and setup the required libraries for your platform.
Skipping registering GPU devices...
W0000 00:00:1779400990.251870      40 gpu_device.cc:2341] Cannot dlopen some GPU libraries. Please make sure the missing libraries mentioned above are installed properly if you would like to use GPU. Follow the guide at https://www.tensorflow.org/install/gpu for how to download and setup the required libraries for your platform.
Skipping registering GPU devices...
/usr/local/lib/python3.11/site-packages/torch/__init__.py:1617: UserWarning: Please use the new API settings to control TF32 behavior, such as torch.backends.cudnn.conv.fp32_precision = 'tf32' or torch.backends.cuda.matmul.fp32_precision = 'ieee'. Old settings, e.g, torch.backends.cuda.matmul.allow_tf32 = True, torch.backends.cudnn.allow_tf32 = True, allowTF32CuDNN() and allowTF32CuBLAS() will be deprecated after Pytorch 2.9. Please see https://pytorch.org/docs/main/notes/cuda.html#tensorfloat-32-tf32-on-ampere-and-later-devices (Triggered internally at /pytorch/aten/src/ATen/Context.cpp:80.)
  _C._set_float32_matmul_precision(precision)
/usr/local/lib/python3.11/site-packages/torch/__init__.py:1617: UserWarning: Please use the new API settings to control TF32 behavior, such as torch.backends.cudnn.conv.fp32_precision = 'tf32' or torch.backends.cuda.matmul.fp32_precision = 'ieee'. Old settings, e.g, torch.backends.cuda.matmul.allow_tf32 = True, torch.backends.cudnn.allow_tf32 = True, allowTF32CuDNN() and allowTF32CuBLAS() will be deprecated after Pytorch 2.9. Please see https://pytorch.org/docs/main/notes/cuda.html#tensorfloat-32-tf32-on-ampere-and-later-devices (Triggered internally at /pytorch/aten/src/ATen/Context.cpp:80.)
  _C._set_float32_matmul_precision(precision)
/usr/local/lib/python3.11/site-packages/torch/__init__.py:1617: UserWarning: Please use the new API settings to control TF32 behavior, such as torch.backends.cudnn.conv.fp32_precision = 'tf32' or torch.backends.cuda.matmul.fp32_precision = 'ieee'. Old settings, e.g, torch.backends.cuda.matmul.allow_tf32 = True, torch.backends.cudnn.allow_tf32 = True, allowTF32CuDNN() and allowTF32CuBLAS() will be deprecated after Pytorch 2.9. Please see https://pytorch.org/docs/main/notes/cuda.html#tensorfloat-32-tf32-on-ampere-and-later-devices (Triggered internally at /pytorch/aten/src/ATen/Context.cpp:80.)
  _C._set_float32_matmul_precision(precision)
/usr/local/lib/python3.11/site-packages/torch/__init__.py:1617: UserWarning: Please use the new API settings to control TF32 behavior, such as torch.backends.cudnn.conv.fp32_precision = 'tf32' or torch.backends.cuda.matmul.fp32_precision = 'ieee'. Old settings, e.g, torch.backends.cuda.matmul.allow_tf32 = True, torch.backends.cudnn.allow_tf32 = True, allowTF32CuDNN() and allowTF32CuBLAS() will be deprecated after Pytorch 2.9. Please see https://pytorch.org/docs/main/notes/cuda.html#tensorfloat-32-tf32-on-ampere-and-later-devices (Triggered internally at /pytorch/aten/src/ATen/Context.cpp:80.)
  _C._set_float32_matmul_precision(precision)
/usr/local/lib/python3.11/site-packages/pydantic/_internal/_generate_schema.py:2249: UnsupportedFieldAttributeWarning: The 'repr' attribute with value False was provided to the `Field()` function, which has no effect in the context it was used. 'repr' is field-specific metadata, and can only be attached to a model field using `Annotated` metadata or by assignment. This may have happened because an `Annotated` type alias using the `type` statement was used, or if the `Field()` function was attached to a single member of a union type.
  warnings.warn(
/usr/local/lib/python3.11/site-packages/pydantic/_internal/_generate_schema.py:2249: UnsupportedFieldAttributeWarning: The 'frozen' attribute with value True was provided to the `Field()` function, which has no effect in the context it was used. 'frozen' is field-specific metadata, and can only be attached to a model field using `Annotated` metadata or by assignment. This may have happened because an `Annotated` type alias using the `type` statement was used, or if the `Field()` function was attached to a single member of a union type.
  warnings.warn(
/usr/local/lib/python3.11/site-packages/pydantic/_internal/_generate_schema.py:2249: UnsupportedFieldAttributeWarning: The 'repr' attribute with value False was provided to the `Field()` function, which has no effect in the context it was used. 'repr' is field-specific metadata, and can only be attached to a model field using `Annotated` metadata or by assignment. This may have happened because an `Annotated` type alias using the `type` statement was used, or if the `Field()` function was attached to a single member of a union type.
  warnings.warn(
/usr/local/lib/python3.11/site-packages/pydantic/_internal/_generate_schema.py:2249: UnsupportedFieldAttributeWarning: The 'frozen' attribute with value True was provided to the `Field()` function, which has no effect in the context it was used. 'frozen' is field-specific metadata, and can only be attached to a model field using `Annotated` metadata or by assignment. This may have happened because an `Annotated` type alias using the `type` statement was used, or if the `Field()` function was attached to a single member of a union type.
  warnings.warn(
/usr/local/lib/python3.11/site-packages/pydantic/_internal/_generate_schema.py:2249: UnsupportedFieldAttributeWarning: The 'repr' attribute with value False was provided to the `Field()` function, which has no effect in the context it was used. 'repr' is field-specific metadata, and can only be attached to a model field using `Annotated` metadata or by assignment. This may have happened because an `Annotated` type alias using the `type` statement was used, or if the `Field()` function was attached to a single member of a union type.
  warnings.warn(
/usr/local/lib/python3.11/site-packages/pydantic/_internal/_generate_schema.py:2249: UnsupportedFieldAttributeWarning: The 'frozen' attribute with value True was provided to the `Field()` function, which has no effect in the context it was used. 'frozen' is field-specific metadata, and can only be attached to a model field using `Annotated` metadata or by assignment. This may have happened because an `Annotated` type alias using the `type` statement was used, or if the `Field()` function was attached to a single member of a union type.
  warnings.warn(
/usr/local/lib/python3.11/site-packages/pydantic/_internal/_generate_schema.py:2249: UnsupportedFieldAttributeWarning: The 'repr' attribute with value False was provided to the `Field()` function, which has no effect in the context it was used. 'repr' is field-specific metadata, and can only be attached to a model field using `Annotated` metadata or by assignment. This may have happened because an `Annotated` type alias using the `type` statement was used, or if the `Field()` function was attached to a single member of a union type.
  warnings.warn(
/usr/local/lib/python3.11/site-packages/pydantic/_internal/_generate_schema.py:2249: UnsupportedFieldAttributeWarning: The 'frozen' attribute with value True was provided to the `Field()` function, which has no effect in the context it was used. 'frozen' is field-specific metadata, and can only be attached to a model field using `Annotated` metadata or by assignment. This may have happened because an `Annotated` type alias using the `type` statement was used, or if the `Field()` function was attached to a single member of a union type.
  warnings.warn(
/usr/local/lib/python3.11/site-packages/torch/distributed/distributed_c10d.py:4876: UserWarning: barrier(): using the device under current context. You can specify `device_id` in `init_process_group` to mute this warning.
  warnings.warn(  # warn only once
[rank0]:[W521 22:03:13.606737576 ProcessGroupNCCL.cpp:5068] Guessing device ID based on global rank. This can cause a hang if rank to GPU mapping is heterogeneous. You can specify device_id in init_process_group()
I0521 22:03:14.194490 140259946566848 logger_utils.py:84] Creating experiment directory at /experiment_runs/submissions_a100/muon_torch_jax_hps/study_1/fastmri_pytorch.
I0521 22:03:14.194490 140473194706112 logger_utils.py:84] Creating experiment directory at /experiment_runs/submissions_a100/muon_torch_jax_hps/study_1/fastmri_pytorch.
I0521 22:03:14.194490 140066437752000 logger_utils.py:84] Creating experiment directory at /experiment_runs/submissions_a100/muon_torch_jax_hps/study_1/fastmri_pytorch.
I0521 22:03:14.194508 140601713685696 logger_utils.py:84] Creating experiment directory at /experiment_runs/submissions_a100/muon_torch_jax_hps/study_1/fastmri_pytorch.
I0521 22:03:15.622429 140259946566848 submission_runner.py:741] Creating directory at /experiment_runs/submissions_a100/muon_torch_jax_hps/study_1/fastmri_pytorch/trial_1.
I0521 22:03:15.951518 140259946566848 submission_runner.py:242] Initializing dataset.
I0521 22:03:15.951684 140259946566848 submission_runner.py:251] Initializing model.
I0521 22:03:16.105221 140259946566848 submission_runner.py:290] Performing `torch.compile`.
I0521 22:03:16.108228 140473194706112 muon.py:324] Muon params:
	_orig_mod.module.down_sample_layers.0.conv_layers.0.weight (ndim=4)
	_orig_mod.module.down_sample_layers.0.conv_layers.4.weight (ndim=4)
	_orig_mod.module.down_sample_layers.1.conv_layers.0.weight (ndim=4)
	_orig_mod.module.down_sample_layers.1.conv_layers.4.weight (ndim=4)
	_orig_mod.module.down_sample_layers.2.conv_layers.0.weight (ndim=4)
	_orig_mod.module.down_sample_layers.2.conv_layers.4.weight (ndim=4)
	_orig_mod.module.down_sample_layers.3.conv_layers.0.weight (ndim=4)
	_orig_mod.module.down_sample_layers.3.conv_layers.4.weight (ndim=4)
	_orig_mod.module.conv.conv_layers.0.weight (ndim=4)
	_orig_mod.module.conv.conv_layers.4.weight (ndim=4)
	_orig_mod.module.up_conv.0.conv_layers.0.weight (ndim=4)
	_orig_mod.module.up_conv.0.conv_layers.4.weight (ndim=4)
	_orig_mod.module.up_conv.1.conv_layers.0.weight (ndim=4)
	_orig_mod.module.up_conv.1.conv_layers.4.weight (ndim=4)
	_orig_mod.module.up_conv.2.conv_layers.0.weight (ndim=4)
	_orig_mod.module.up_conv.2.conv_layers.4.weight (ndim=4)
	_orig_mod.module.up_conv.3.0.conv_layers.0.weight (ndim=4)
	_orig_mod.module.up_conv.3.0.conv_layers.4.weight (ndim=4)
	_orig_mod.module.up_conv.3.1.weight (ndim=4)
	_orig_mod.module.up_transpose_conv.0.layers.0.weight (ndim=4)
	_orig_mod.module.up_transpose_conv.1.layers.0.weight (ndim=4)
	_orig_mod.module.up_transpose_conv.2.layers.0.weight (ndim=4)
	_orig_mod.module.up_transpose_conv.3.layers.0.weight (ndim=4)
I0521 22:03:16.108382 140473194706112 muon.py:325] Adam params:
	_orig_mod.module.up_conv.3.1.bias (ndim=1)
I0521 22:03:16.108424 140066437752000 muon.py:324] Muon params:
	_orig_mod.module.down_sample_layers.0.conv_layers.0.weight (ndim=4)
	_orig_mod.module.down_sample_layers.0.conv_layers.4.weight (ndim=4)
	_orig_mod.module.down_sample_layers.1.conv_layers.0.weight (ndim=4)
	_orig_mod.module.down_sample_layers.1.conv_layers.4.weight (ndim=4)
	_orig_mod.module.down_sample_layers.2.conv_layers.0.weight (ndim=4)
	_orig_mod.module.down_sample_layers.2.conv_layers.4.weight (ndim=4)
	_orig_mod.module.down_sample_layers.3.conv_layers.0.weight (ndim=4)
	_orig_mod.module.down_sample_layers.3.conv_layers.4.weight (ndim=4)
	_orig_mod.module.conv.conv_layers.0.weight (ndim=4)
	_orig_mod.module.conv.conv_layers.4.weight (ndim=4)
	_orig_mod.module.up_conv.0.conv_layers.0.weight (ndim=4)
	_orig_mod.module.up_conv.0.conv_layers.4.weight (ndim=4)
	_orig_mod.module.up_conv.1.conv_layers.0.weight (ndim=4)
	_orig_mod.module.up_conv.1.conv_layers.4.weight (ndim=4)
	_orig_mod.module.up_conv.2.conv_layers.0.weight (ndim=4)
	_orig_mod.module.up_conv.2.conv_layers.4.weight (ndim=4)
	_orig_mod.module.up_conv.3.0.conv_layers.0.weight (ndim=4)
	_orig_mod.module.up_conv.3.0.conv_layers.4.weight (ndim=4)
	_orig_mod.module.up_conv.3.1.weight (ndim=4)
	_orig_mod.module.up_transpose_conv.0.layers.0.weight (ndim=4)
	_orig_mod.module.up_transpose_conv.1.layers.0.weight (ndim=4)
	_orig_mod.module.up_transpose_conv.2.layers.0.weight (ndim=4)
	_orig_mod.module.up_transpose_conv.3.layers.0.weight (ndim=4)
I0521 22:03:16.108576 140066437752000 muon.py:325] Adam params:
	_orig_mod.module.up_conv.3.1.bias (ndim=1)
I0521 22:03:16.108513 140601713685696 muon.py:324] Muon params:
	_orig_mod.module.down_sample_layers.0.conv_layers.0.weight (ndim=4)
	_orig_mod.module.down_sample_layers.0.conv_layers.4.weight (ndim=4)
	_orig_mod.module.down_sample_layers.1.conv_layers.0.weight (ndim=4)
	_orig_mod.module.down_sample_layers.1.conv_layers.4.weight (ndim=4)
	_orig_mod.module.down_sample_layers.2.conv_layers.0.weight (ndim=4)
	_orig_mod.module.down_sample_layers.2.conv_layers.4.weight (ndim=4)
	_orig_mod.module.down_sample_layers.3.conv_layers.0.weight (ndim=4)
	_orig_mod.module.down_sample_layers.3.conv_layers.4.weight (ndim=4)
	_orig_mod.module.conv.conv_layers.0.weight (ndim=4)
	_orig_mod.module.conv.conv_layers.4.weight (ndim=4)
	_orig_mod.module.up_conv.0.conv_layers.0.weight (ndim=4)
	_orig_mod.module.up_conv.0.conv_layers.4.weight (ndim=4)
	_orig_mod.module.up_conv.1.conv_layers.0.weight (ndim=4)
	_orig_mod.module.up_conv.1.conv_layers.4.weight (ndim=4)
	_orig_mod.module.up_conv.2.conv_layers.0.weight (ndim=4)
	_orig_mod.module.up_conv.2.conv_layers.4.weight (ndim=4)
	_orig_mod.module.up_conv.3.0.conv_layers.0.weight (ndim=4)
	_orig_mod.module.up_conv.3.0.conv_layers.4.weight (ndim=4)
	_orig_mod.module.up_conv.3.1.weight (ndim=4)
	_orig_mod.module.up_transpose_conv.0.layers.0.weight (ndim=4)
	_orig_mod.module.up_transpose_conv.1.layers.0.weight (ndim=4)
	_orig_mod.module.up_transpose_conv.2.layers.0.weight (ndim=4)
	_orig_mod.module.up_transpose_conv.3.layers.0.weight (ndim=4)
I0521 22:03:16.108656 140601713685696 muon.py:325] Adam params:
	_orig_mod.module.up_conv.3.1.bias (ndim=1)
I0521 22:03:16.108681 140259946566848 submission_runner.py:294] Initializing optimizer.
I0521 22:03:16.109055 140259946566848 muon.py:324] Muon params:
	_orig_mod.module.down_sample_layers.0.conv_layers.0.weight (ndim=4)
	_orig_mod.module.down_sample_layers.0.conv_layers.4.weight (ndim=4)
	_orig_mod.module.down_sample_layers.1.conv_layers.0.weight (ndim=4)
	_orig_mod.module.down_sample_layers.1.conv_layers.4.weight (ndim=4)
	_orig_mod.module.down_sample_layers.2.conv_layers.0.weight (ndim=4)
	_orig_mod.module.down_sample_layers.2.conv_layers.4.weight (ndim=4)
	_orig_mod.module.down_sample_layers.3.conv_layers.0.weight (ndim=4)
	_orig_mod.module.down_sample_layers.3.conv_layers.4.weight (ndim=4)
	_orig_mod.module.conv.conv_layers.0.weight (ndim=4)
	_orig_mod.module.conv.conv_layers.4.weight (ndim=4)
	_orig_mod.module.up_conv.0.conv_layers.0.weight (ndim=4)
	_orig_mod.module.up_conv.0.conv_layers.4.weight (ndim=4)
	_orig_mod.module.up_conv.1.conv_layers.0.weight (ndim=4)
	_orig_mod.module.up_conv.1.conv_layers.4.weight (ndim=4)
	_orig_mod.module.up_conv.2.conv_layers.0.weight (ndim=4)
	_orig_mod.module.up_conv.2.conv_layers.4.weight (ndim=4)
	_orig_mod.module.up_conv.3.0.conv_layers.0.weight (ndim=4)
	_orig_mod.module.up_conv.3.0.conv_layers.4.weight (ndim=4)
	_orig_mod.module.up_conv.3.1.weight (ndim=4)
	_orig_mod.module.up_transpose_conv.0.layers.0.weight (ndim=4)
	_orig_mod.module.up_transpose_conv.1.layers.0.weight (ndim=4)
	_orig_mod.module.up_transpose_conv.2.layers.0.weight (ndim=4)
	_orig_mod.module.up_transpose_conv.3.layers.0.weight (ndim=4)
I0521 22:03:16.109125 140259946566848 muon.py:325] Adam params:
	_orig_mod.module.up_conv.3.1.bias (ndim=1)
I0521 22:03:16.109959 140259946566848 submission_runner.py:299] Initializing metrics bundle.
I0521 22:03:16.110113 140259946566848 submission_runner.py:321] Initializing checkpoint and logger.
I0521 22:03:16.110462 140259946566848 submission_runner.py:344] Saving meta data to /experiment_runs/submissions_a100/muon_torch_jax_hps/study_1/fastmri_pytorch/trial_1/meta_data_0.json.
I0521 22:03:16.110522 140473194706112 logger_utils.py:283] Unable to record workload.train_mean information. Continuing without it.
I0521 22:03:16.110525 140066437752000 logger_utils.py:283] Unable to record workload.train_mean information. Continuing without it.
I0521 22:03:16.110542 140601713685696 logger_utils.py:283] Unable to record workload.train_mean information. Continuing without it.
I0521 22:03:16.110628 140259946566848 logger_utils.py:283] Unable to record workload.train_mean information. Continuing without it.
I0521 22:03:16.110640 140473194706112 logger_utils.py:283] Unable to record workload.train_stddev information. Continuing without it.
I0521 22:03:16.110644 140066437752000 logger_utils.py:283] Unable to record workload.train_stddev information. Continuing without it.
I0521 22:03:16.110658 140601713685696 logger_utils.py:283] Unable to record workload.train_stddev information. Continuing without it.
I0521 22:03:16.110684 140259946566848 logger_utils.py:283] Unable to record workload.train_stddev information. Continuing without it.
I0521 22:03:16.491550 140259946566848 submission_runner.py:348] Saving flags to /experiment_runs/submissions_a100/muon_torch_jax_hps/study_1/fastmri_pytorch/trial_1/flags_0.json.
I0521 22:03:16.525890 140259946566848 submission_runner.py:359] Starting training loop.
[rank1]:W0521 22:03:16.545000 39 site-packages/torch/_logging/_internal.py:1199] [0/0] Profiler function <class 'torch.autograd.profiler.record_function'> will be ignored
[rank3]:W0521 22:03:16.545000 41 site-packages/torch/_logging/_internal.py:1199] [0/0] Profiler function <class 'torch.autograd.profiler.record_function'> will be ignored
[rank2]:W0521 22:03:16.545000 40 site-packages/torch/_logging/_internal.py:1199] [0/0] Profiler function <class 'torch.autograd.profiler.record_function'> will be ignored
WARNING:tensorflow:AutoGraph could not transform <function array at 0x7f90bde68220> and will run it as-is.
Please report this to the TensorFlow team. When filing the bug, set the verbosity to 10 (on Linux, `export AUTOGRAPH_VERBOSITY=10`) and attach the full output.
Cause: (<gast.gast.NamedExpr object at 0x7f8ea0729de0>, (leaf_jax_array := getattr(leaf, '__jax_array__', None)))
To silence this warning, decorate the function with @tf.autograph.experimental.do_not_convert
W0521 22:03:18.046902 140259946566848 ag_logging.py:142] AutoGraph could not transform <function array at 0x7f90bde68220> and will run it as-is.
Please report this to the TensorFlow team. When filing the bug, set the verbosity to 10 (on Linux, `export AUTOGRAPH_VERBOSITY=10`) and attach the full output.
Cause: (<gast.gast.NamedExpr object at 0x7f8ea0729de0>, (leaf_jax_array := getattr(leaf, '__jax_array__', None)))
To silence this warning, decorate the function with @tf.autograph.experimental.do_not_convert
WARNING:tensorflow:AutoGraph could not transform <function standard_insert_pvary at 0x7f90beafcf40> and will run it as-is.
Please report this to the TensorFlow team. When filing the bug, set the verbosity to 10 (on Linux, `export AUTOGRAPH_VERBOSITY=10`) and attach the full output.
Cause: (<gast.gast.NamedExpr object at 0x7f8ea07c9ab0>, (aval := get_aval(a)))
To silence this warning, decorate the function with @tf.autograph.experimental.do_not_convert
W0521 22:03:18.116558 140259946566848 ag_logging.py:142] AutoGraph could not transform <function standard_insert_pvary at 0x7f90beafcf40> and will run it as-is.
Please report this to the TensorFlow team. When filing the bug, set the verbosity to 10 (on Linux, `export AUTOGRAPH_VERBOSITY=10`) and attach the full output.
Cause: (<gast.gast.NamedExpr object at 0x7f8ea07c9ab0>, (aval := get_aval(a)))
To silence this warning, decorate the function with @tf.autograph.experimental.do_not_convert
[rank0]:W0521 22:06:42.912000 38 site-packages/torch/_logging/_internal.py:1199] [0/0] Profiler function <class 'torch.autograd.profiler.record_function'> will be ignored
I0521 22:07:55.593744 140259946566848 spec.py:333] Evaluating on the training split.
[rank2]:W0521 22:10:58.572000 40 site-packages/torch/_dynamo/convert_frame.py:1358] [5/8] torch._dynamo hit config.recompile_limit (8)
[rank2]:W0521 22:10:58.572000 40 site-packages/torch/_dynamo/convert_frame.py:1358] [5/8]    function: 'forward' (/algorithmic-efficiency/algoperf/workloads/fastmri/fastmri_pytorch/models.py:139)
[rank2]:W0521 22:10:58.572000 40 site-packages/torch/_dynamo/convert_frame.py:1358] [5/8]    last reason: 5/7: GLOBAL_STATE changed: grad_mode 
[rank2]:W0521 22:10:58.572000 40 site-packages/torch/_dynamo/convert_frame.py:1358] [5/8] To log all recompilation reasons, use TORCH_LOGS="recompiles".
[rank2]:W0521 22:10:58.572000 40 site-packages/torch/_dynamo/convert_frame.py:1358] [5/8] To diagnose recompilation issues, see https://pytorch.org/docs/main/torch.compiler_troubleshooting.html
[rank0]:W0521 22:10:58.573000 38 site-packages/torch/_dynamo/convert_frame.py:1358] [5/8] torch._dynamo hit config.recompile_limit (8)
[rank0]:W0521 22:10:58.573000 38 site-packages/torch/_dynamo/convert_frame.py:1358] [5/8]    function: 'forward' (/algorithmic-efficiency/algoperf/workloads/fastmri/fastmri_pytorch/models.py:139)
[rank0]:W0521 22:10:58.573000 38 site-packages/torch/_dynamo/convert_frame.py:1358] [5/8]    last reason: 5/7: GLOBAL_STATE changed: grad_mode 
[rank0]:W0521 22:10:58.573000 38 site-packages/torch/_dynamo/convert_frame.py:1358] [5/8] To log all recompilation reasons, use TORCH_LOGS="recompiles".
[rank0]:W0521 22:10:58.573000 38 site-packages/torch/_dynamo/convert_frame.py:1358] [5/8] To diagnose recompilation issues, see https://pytorch.org/docs/main/torch.compiler_troubleshooting.html
[rank3]:W0521 22:10:58.597000 41 site-packages/torch/_dynamo/convert_frame.py:1358] [5/8] torch._dynamo hit config.recompile_limit (8)
[rank3]:W0521 22:10:58.597000 41 site-packages/torch/_dynamo/convert_frame.py:1358] [5/8]    function: 'forward' (/algorithmic-efficiency/algoperf/workloads/fastmri/fastmri_pytorch/models.py:139)
[rank3]:W0521 22:10:58.597000 41 site-packages/torch/_dynamo/convert_frame.py:1358] [5/8]    last reason: 5/7: GLOBAL_STATE changed: grad_mode 
[rank3]:W0521 22:10:58.597000 41 site-packages/torch/_dynamo/convert_frame.py:1358] [5/8] To log all recompilation reasons, use TORCH_LOGS="recompiles".
[rank3]:W0521 22:10:58.597000 41 site-packages/torch/_dynamo/convert_frame.py:1358] [5/8] To diagnose recompilation issues, see https://pytorch.org/docs/main/torch.compiler_troubleshooting.html
[rank1]:W0521 22:10:58.600000 39 site-packages/torch/_dynamo/convert_frame.py:1358] [5/8] torch._dynamo hit config.recompile_limit (8)
[rank1]:W0521 22:10:58.600000 39 site-packages/torch/_dynamo/convert_frame.py:1358] [5/8]    function: 'forward' (/algorithmic-efficiency/algoperf/workloads/fastmri/fastmri_pytorch/models.py:139)
[rank1]:W0521 22:10:58.600000 39 site-packages/torch/_dynamo/convert_frame.py:1358] [5/8]    last reason: 5/7: GLOBAL_STATE changed: grad_mode 
[rank1]:W0521 22:10:58.600000 39 site-packages/torch/_dynamo/convert_frame.py:1358] [5/8] To log all recompilation reasons, use TORCH_LOGS="recompiles".
[rank1]:W0521 22:10:58.600000 39 site-packages/torch/_dynamo/convert_frame.py:1358] [5/8] To diagnose recompilation issues, see https://pytorch.org/docs/main/torch.compiler_troubleshooting.html
I0521 22:13:54.989856 140259946566848 spec.py:346] Evaluating on the validation split.
I0521 22:17:18.321483 140259946566848 spec.py:363] Evaluating on the test split.
I0521 22:20:38.040717 140259946566848 submission_runner.py:516] Time since start: 1041.51s, 	Step: 1, 	{'train/ssim': 0.24447761263166154, 'train/loss': 0.9136738095964704, 'validation/ssim': 0.2391006564181644, 'validation/loss': 0.9210018915746342, 'validation/num_examples': 3554, 'test/ssim': 0.2616554820580843, 'test/loss': 0.918525957854824, 'test/num_examples': 3581, 'score': 278.47463274002075, 'total_duration': 1041.5149230957031, 'accumulated_submission_time': 278.47463274002075, 'accumulated_eval_time': 762.4471292495728, 'accumulated_logging_time': 0}
I0521 22:20:38.062279 140184804325120 logging_writer.py:48] [1] accumulated_eval_time=762.447, accumulated_logging_time=0, accumulated_submission_time=278.475, global_step=1, preemption_count=0, score=278.475, test/loss=0.918526, test/num_examples=3581, test/ssim=0.261655, total_duration=1041.51, train/loss=0.913674, train/ssim=0.244478, validation/loss=0.921002, validation/num_examples=3554, validation/ssim=0.239101
I0521 22:22:31.482787 140259946566848 spec.py:333] Evaluating on the training split.
I0521 22:22:33.439756 140259946566848 spec.py:346] Evaluating on the validation split.
I0521 22:22:35.413969 140259946566848 spec.py:363] Evaluating on the test split.
I0521 22:22:37.403158 140259946566848 submission_runner.py:516] Time since start: 1160.88s, 	Step: 271, 	{'train/ssim': 0.24447761263166154, 'train/loss': 0.9136738095964704, 'validation/ssim': 0.2391006564181644, 'validation/loss': 0.9210018915746342, 'validation/num_examples': 3554, 'test/ssim': 0.2616554820580843, 'test/loss': 0.918525957854824, 'test/num_examples': 3581, 'score': 390.6438479423523, 'total_duration': 1160.8774235248566, 'accumulated_submission_time': 390.6438479423523, 'accumulated_eval_time': 768.3675365447998, 'accumulated_logging_time': 0.05663490295410156}
I0521 22:22:37.428523 140184795932416 logging_writer.py:48] [271] accumulated_eval_time=768.368, accumulated_logging_time=0.0566349, accumulated_submission_time=390.644, global_step=271, preemption_count=0, score=390.644, test/loss=0.918526, test/num_examples=3581, test/ssim=0.261655, total_duration=1160.88, train/loss=0.913674, train/ssim=0.244478, validation/loss=0.921002, validation/num_examples=3554, validation/ssim=0.239101
I0521 22:24:29.693952 140259946566848 spec.py:333] Evaluating on the training split.
I0521 22:24:31.664369 140259946566848 spec.py:346] Evaluating on the validation split.
I0521 22:24:33.648416 140259946566848 spec.py:363] Evaluating on the test split.
I0521 22:24:35.635323 140259946566848 submission_runner.py:516] Time since start: 1279.11s, 	Step: 339, 	{'train/ssim': 0.24447761263166154, 'train/loss': 0.9136738095964704, 'validation/ssim': 0.2391006564181644, 'validation/loss': 0.9210018915746342, 'validation/num_examples': 3554, 'test/ssim': 0.2616554820580843, 'test/loss': 0.918525957854824, 'test/num_examples': 3581, 'score': 501.84205436706543, 'total_duration': 1279.109637260437, 'accumulated_submission_time': 501.84205436706543, 'accumulated_eval_time': 774.309000492096, 'accumulated_logging_time': 0.0918879508972168}
I0521 22:24:35.656507 140184804325120 logging_writer.py:48] [339] accumulated_eval_time=774.309, accumulated_logging_time=0.091888, accumulated_submission_time=501.842, global_step=339, preemption_count=0, score=501.842, test/loss=0.918526, test/num_examples=3581, test/ssim=0.261655, total_duration=1279.11, train/loss=0.913674, train/ssim=0.244478, validation/loss=0.921002, validation/num_examples=3554, validation/ssim=0.239101
I0521 22:26:28.168053 140259946566848 spec.py:333] Evaluating on the training split.
I0521 22:26:30.139868 140259946566848 spec.py:346] Evaluating on the validation split.
I0521 22:26:32.131645 140259946566848 spec.py:363] Evaluating on the test split.
I0521 22:26:34.120849 140259946566848 submission_runner.py:516] Time since start: 1397.60s, 	Step: 408, 	{'train/ssim': 0.24447761263166154, 'train/loss': 0.9136738095964704, 'validation/ssim': 0.2391006564181644, 'validation/loss': 0.9210018915746342, 'validation/num_examples': 3554, 'test/ssim': 0.2616554820580843, 'test/loss': 0.918525957854824, 'test/num_examples': 3581, 'score': 613.2853090763092, 'total_duration': 1397.595162153244, 'accumulated_submission_time': 613.2853090763092, 'accumulated_eval_time': 780.2618572711945, 'accumulated_logging_time': 0.12119269371032715}
I0521 22:26:34.142469 140184795932416 logging_writer.py:48] [408] accumulated_eval_time=780.262, accumulated_logging_time=0.121193, accumulated_submission_time=613.285, global_step=408, preemption_count=0, score=613.285, test/loss=0.918526, test/num_examples=3581, test/ssim=0.261655, total_duration=1397.6, train/loss=0.913674, train/ssim=0.244478, validation/loss=0.921002, validation/num_examples=3554, validation/ssim=0.239101
I0521 22:28:26.623968 140259946566848 spec.py:333] Evaluating on the training split.
I0521 22:28:28.597931 140259946566848 spec.py:346] Evaluating on the validation split.
I0521 22:28:30.583692 140259946566848 spec.py:363] Evaluating on the test split.
I0521 22:28:32.567651 140259946566848 submission_runner.py:516] Time since start: 1516.04s, 	Step: 477, 	{'train/ssim': 0.24447761263166154, 'train/loss': 0.9136738095964704, 'validation/ssim': 0.2391006564181644, 'validation/loss': 0.9210018915746342, 'validation/num_examples': 3554, 'test/ssim': 0.2616554820580843, 'test/loss': 0.918525957854824, 'test/num_examples': 3581, 'score': 724.7001211643219, 'total_duration': 1516.0419521331787, 'accumulated_submission_time': 724.7001211643219, 'accumulated_eval_time': 786.2056360244751, 'accumulated_logging_time': 0.15029144287109375}
I0521 22:28:32.589968 140184804325120 logging_writer.py:48] [477] accumulated_eval_time=786.206, accumulated_logging_time=0.150291, accumulated_submission_time=724.7, global_step=477, preemption_count=0, score=724.7, test/loss=0.918526, test/num_examples=3581, test/ssim=0.261655, total_duration=1516.04, train/loss=0.913674, train/ssim=0.244478, validation/loss=0.921002, validation/num_examples=3554, validation/ssim=0.239101
I0521 22:30:24.267693 140259946566848 spec.py:333] Evaluating on the training split.
I0521 22:30:26.245023 140259946566848 spec.py:346] Evaluating on the validation split.
I0521 22:30:28.231667 140259946566848 spec.py:363] Evaluating on the test split.
I0521 22:30:30.210665 140259946566848 submission_runner.py:516] Time since start: 1633.68s, 	Step: 545, 	{'train/ssim': 0.24447761263166154, 'train/loss': 0.9136738095964704, 'validation/ssim': 0.2391006564181644, 'validation/loss': 0.9210018915746342, 'validation/num_examples': 3554, 'test/ssim': 0.2616554820580843, 'test/loss': 0.918525957854824, 'test/num_examples': 3581, 'score': 835.311500787735, 'total_duration': 1633.684984922409, 'accumulated_submission_time': 835.311500787735, 'accumulated_eval_time': 792.1487369537354, 'accumulated_logging_time': 0.18013525009155273}
I0521 22:30:30.233356 140184795932416 logging_writer.py:48] [545] accumulated_eval_time=792.149, accumulated_logging_time=0.180135, accumulated_submission_time=835.312, global_step=545, preemption_count=0, score=835.312, test/loss=0.918526, test/num_examples=3581, test/ssim=0.261655, total_duration=1633.68, train/loss=0.913674, train/ssim=0.244478, validation/loss=0.921002, validation/num_examples=3554, validation/ssim=0.239101
I0521 22:32:20.807946 140259946566848 spec.py:333] Evaluating on the training split.
I0521 22:32:22.768643 140259946566848 spec.py:346] Evaluating on the validation split.
I0521 22:32:24.745830 140259946566848 spec.py:363] Evaluating on the test split.
I0521 22:32:26.714790 140259946566848 submission_runner.py:516] Time since start: 1750.19s, 	Step: 609, 	{'train/ssim': 0.24447761263166154, 'train/loss': 0.9136738095964704, 'validation/ssim': 0.2391006564181644, 'validation/loss': 0.9210018915746342, 'validation/num_examples': 3554, 'test/ssim': 0.2616554820580843, 'test/loss': 0.918525957854824, 'test/num_examples': 3581, 'score': 944.8109097480774, 'total_duration': 1750.189117193222, 'accumulated_submission_time': 944.8109097480774, 'accumulated_eval_time': 798.055704832077, 'accumulated_logging_time': 0.21026158332824707}
I0521 22:32:26.749084 140184804325120 logging_writer.py:48] [609] accumulated_eval_time=798.056, accumulated_logging_time=0.210262, accumulated_submission_time=944.811, global_step=609, preemption_count=0, score=944.811, test/loss=0.918526, test/num_examples=3581, test/ssim=0.261655, total_duration=1750.19, train/loss=0.913674, train/ssim=0.244478, validation/loss=0.921002, validation/num_examples=3554, validation/ssim=0.239101
I0521 22:34:18.887872 140259946566848 spec.py:333] Evaluating on the training split.
I0521 22:34:20.877186 140259946566848 spec.py:346] Evaluating on the validation split.
I0521 22:34:22.877049 140259946566848 spec.py:363] Evaluating on the test split.
I0521 22:34:24.863965 140259946566848 submission_runner.py:516] Time since start: 1868.34s, 	Step: 671, 	{'train/ssim': 0.24447761263166154, 'train/loss': 0.9136738095964704, 'validation/ssim': 0.2391006564181644, 'validation/loss': 0.9210018915746342, 'validation/num_examples': 3554, 'test/ssim': 0.2616554820580843, 'test/loss': 0.918525957854824, 'test/num_examples': 3581, 'score': 1055.8832867145538, 'total_duration': 1868.3382658958435, 'accumulated_submission_time': 1055.8832867145538, 'accumulated_eval_time': 804.031896352768, 'accumulated_logging_time': 0.25195789337158203}
I0521 22:34:24.886656 140184795932416 logging_writer.py:48] [671] accumulated_eval_time=804.032, accumulated_logging_time=0.251958, accumulated_submission_time=1055.88, global_step=671, preemption_count=0, score=1055.88, test/loss=0.918526, test/num_examples=3581, test/ssim=0.261655, total_duration=1868.34, train/loss=0.913674, train/ssim=0.244478, validation/loss=0.921002, validation/num_examples=3554, validation/ssim=0.239101
I0521 22:36:17.248297 140259946566848 spec.py:333] Evaluating on the training split.
I0521 22:36:19.235960 140259946566848 spec.py:346] Evaluating on the validation split.
I0521 22:36:21.231312 140259946566848 spec.py:363] Evaluating on the test split.
I0521 22:36:23.236217 140259946566848 submission_runner.py:516] Time since start: 1986.71s, 	Step: 735, 	{'train/ssim': 0.24447761263166154, 'train/loss': 0.9136738095964704, 'validation/ssim': 0.23910067359181555, 'validation/loss': 0.9210018915746342, 'validation/num_examples': 3554, 'test/ssim': 0.2616554820580843, 'test/loss': 0.918525957854824, 'test/num_examples': 3581, 'score': 1167.151532649994, 'total_duration': 1986.7105300426483, 'accumulated_submission_time': 1167.151532649994, 'accumulated_eval_time': 810.0200209617615, 'accumulated_logging_time': 0.2821333408355713}
I0521 22:36:23.258809 140184804325120 logging_writer.py:48] [735] accumulated_eval_time=810.02, accumulated_logging_time=0.282133, accumulated_submission_time=1167.15, global_step=735, preemption_count=0, score=1167.15, test/loss=0.918526, test/num_examples=3581, test/ssim=0.261655, total_duration=1986.71, train/loss=0.913674, train/ssim=0.244478, validation/loss=0.921002, validation/num_examples=3554, validation/ssim=0.239101
I0521 22:38:14.846352 140259946566848 spec.py:333] Evaluating on the training split.
I0521 22:38:16.824314 140259946566848 spec.py:346] Evaluating on the validation split.
I0521 22:38:18.810389 140259946566848 spec.py:363] Evaluating on the test split.
I0521 22:38:20.797472 140259946566848 submission_runner.py:516] Time since start: 2104.27s, 	Step: 798, 	{'train/ssim': 0.24447761263166154, 'train/loss': 0.9136738095964704, 'validation/ssim': 0.23910067359181555, 'validation/loss': 0.9210018915746342, 'validation/num_examples': 3554, 'test/ssim': 0.2616554820580843, 'test/loss': 0.918525957854824, 'test/num_examples': 3581, 'score': 1277.6275734901428, 'total_duration': 2104.271811246872, 'accumulated_submission_time': 1277.6275734901428, 'accumulated_eval_time': 815.9712753295898, 'accumulated_logging_time': 0.31301355361938477}
I0521 22:38:20.819555 140184795932416 logging_writer.py:48] [798] accumulated_eval_time=815.971, accumulated_logging_time=0.313014, accumulated_submission_time=1277.63, global_step=798, preemption_count=0, score=1277.63, test/loss=0.918526, test/num_examples=3581, test/ssim=0.261655, total_duration=2104.27, train/loss=0.913674, train/ssim=0.244478, validation/loss=0.921002, validation/num_examples=3554, validation/ssim=0.239101
I0521 22:40:11.928802 140259946566848 spec.py:333] Evaluating on the training split.
I0521 22:40:13.902340 140259946566848 spec.py:346] Evaluating on the validation split.
I0521 22:40:15.885844 140259946566848 spec.py:363] Evaluating on the test split.
I0521 22:40:17.868598 140259946566848 submission_runner.py:516] Time since start: 2221.34s, 	Step: 862, 	{'train/ssim': 0.24447761263166154, 'train/loss': 0.9136738095964704, 'validation/ssim': 0.23910067359181555, 'validation/loss': 0.9210018915746342, 'validation/num_examples': 3554, 'test/ssim': 0.2616554820580843, 'test/loss': 0.918525957854824, 'test/num_examples': 3581, 'score': 1387.6646356582642, 'total_duration': 2221.342920064926, 'accumulated_submission_time': 1387.6646356582642, 'accumulated_eval_time': 821.9111912250519, 'accumulated_logging_time': 0.34258389472961426}
I0521 22:40:17.889958 140184804325120 logging_writer.py:48] [862] accumulated_eval_time=821.911, accumulated_logging_time=0.342584, accumulated_submission_time=1387.66, global_step=862, preemption_count=0, score=1387.66, test/loss=0.918526, test/num_examples=3581, test/ssim=0.261655, total_duration=2221.34, train/loss=0.913674, train/ssim=0.244478, validation/loss=0.921002, validation/num_examples=3554, validation/ssim=0.239101
I0521 22:42:09.284152 140259946566848 spec.py:333] Evaluating on the training split.
I0521 22:42:11.257827 140259946566848 spec.py:346] Evaluating on the validation split.
I0521 22:42:13.248152 140259946566848 spec.py:363] Evaluating on the test split.
I0521 22:42:15.229171 140259946566848 submission_runner.py:516] Time since start: 2338.70s, 	Step: 928, 	{'train/ssim': 0.24447761263166154, 'train/loss': 0.9136738095964704, 'validation/ssim': 0.23910067359181555, 'validation/loss': 0.9210018915746342, 'validation/num_examples': 3554, 'test/ssim': 0.2616554820580843, 'test/loss': 0.918525957854824, 'test/num_examples': 3581, 'score': 1497.995914697647, 'total_duration': 2338.7034990787506, 'accumulated_submission_time': 1497.995914697647, 'accumulated_eval_time': 827.8563089370728, 'accumulated_logging_time': 0.3713560104370117}
I0521 22:42:15.251734 140184795932416 logging_writer.py:48] [928] accumulated_eval_time=827.856, accumulated_logging_time=0.371356, accumulated_submission_time=1498, global_step=928, preemption_count=0, score=1498, test/loss=0.918526, test/num_examples=3581, test/ssim=0.261655, total_duration=2338.7, train/loss=0.913674, train/ssim=0.244478, validation/loss=0.921002, validation/num_examples=3554, validation/ssim=0.239101
I0521 22:44:05.775174 140259946566848 spec.py:333] Evaluating on the training split.
I0521 22:44:07.709174 140259946566848 spec.py:346] Evaluating on the validation split.
I0521 22:44:09.676846 140259946566848 spec.py:363] Evaluating on the test split.
I0521 22:44:11.646982 140259946566848 submission_runner.py:516] Time since start: 2455.12s, 	Step: 1531, 	{'train/ssim': 0.24447764669145858, 'train/loss': 0.9136736733572823, 'validation/ssim': 0.23910063924451322, 'validation/loss': 0.9210018915746342, 'validation/num_examples': 3554, 'test/ssim': 0.26165546501391895, 'test/loss': 0.918525957854824, 'test/num_examples': 3581, 'score': 1607.301978111267, 'total_duration': 2455.1213064193726, 'accumulated_submission_time': 1607.301978111267, 'accumulated_eval_time': 833.7282531261444, 'accumulated_logging_time': 0.4012565612792969}
I0521 22:44:11.669778 140184804325120 logging_writer.py:48] [1531] accumulated_eval_time=833.728, accumulated_logging_time=0.401257, accumulated_submission_time=1607.3, global_step=1531, preemption_count=0, score=1607.3, test/loss=0.918526, test/num_examples=3581, test/ssim=0.261655, total_duration=2455.12, train/loss=0.913674, train/ssim=0.244478, validation/loss=0.921002, validation/num_examples=3554, validation/ssim=0.239101
I0521 22:46:02.195589 140259946566848 spec.py:333] Evaluating on the training split.
I0521 22:46:04.126167 140259946566848 spec.py:346] Evaluating on the validation split.
I0521 22:46:06.092611 140259946566848 spec.py:363] Evaluating on the test split.
I0521 22:46:08.058965 140259946566848 submission_runner.py:516] Time since start: 2571.53s, 	Step: 3855, 	{'train/ssim': 0.24447761263166154, 'train/loss': 0.9136736733572823, 'validation/ssim': 0.23910063924451322, 'validation/loss': 0.9210018915746342, 'validation/num_examples': 3554, 'test/ssim': 0.2616554820580843, 'test/loss': 0.918525957854824, 'test/num_examples': 3581, 'score': 1716.162424325943, 'total_duration': 2571.533291578293, 'accumulated_submission_time': 1716.162424325943, 'accumulated_eval_time': 839.5917451381683, 'accumulated_logging_time': 0.43162965774536133}
I0521 22:46:08.080691 140184795932416 logging_writer.py:48] [3855] accumulated_eval_time=839.592, accumulated_logging_time=0.43163, accumulated_submission_time=1716.16, global_step=3855, preemption_count=0, score=1716.16, test/loss=0.918526, test/num_examples=3581, test/ssim=0.261655, total_duration=2571.53, train/loss=0.913674, train/ssim=0.244478, validation/loss=0.921002, validation/num_examples=3554, validation/ssim=0.239101
I0521 22:47:58.579508 140259946566848 spec.py:333] Evaluating on the training split.
I0521 22:48:00.521296 140259946566848 spec.py:346] Evaluating on the validation split.
I0521 22:48:02.494599 140259946566848 spec.py:363] Evaluating on the test split.
I0521 22:48:04.471649 140259946566848 submission_runner.py:516] Time since start: 2687.95s, 	Step: 6176, 	{'train/ssim': 0.24447762966156006, 'train/loss': 0.9136736733572823, 'validation/ssim': 0.23910063924451322, 'validation/loss': 0.9210018915746342, 'validation/num_examples': 3554, 'test/ssim': 0.2616554820580843, 'test/loss': 0.918525957854824, 'test/num_examples': 3581, 'score': 1824.9865169525146, 'total_duration': 2687.945962905884, 'accumulated_submission_time': 1824.9865169525146, 'accumulated_eval_time': 845.4839894771576, 'accumulated_logging_time': 0.4608628749847412}
I0521 22:48:04.492800 140184804325120 logging_writer.py:48] [6176] accumulated_eval_time=845.484, accumulated_logging_time=0.460863, accumulated_submission_time=1824.99, global_step=6176, preemption_count=0, score=1824.99, test/loss=0.918526, test/num_examples=3581, test/ssim=0.261655, total_duration=2687.95, train/loss=0.913674, train/ssim=0.244478, validation/loss=0.921002, validation/num_examples=3554, validation/ssim=0.239101
I0521 22:49:55.015779 140259946566848 spec.py:333] Evaluating on the training split.
I0521 22:49:56.948849 140259946566848 spec.py:346] Evaluating on the validation split.
I0521 22:49:58.918618 140259946566848 spec.py:363] Evaluating on the test split.
I0521 22:50:00.885184 140259946566848 submission_runner.py:516] Time since start: 2804.36s, 	Step: 8496, 	{'train/ssim': 0.24447762966156006, 'train/loss': 0.9136736733572823, 'validation/ssim': 0.2391006564181644, 'validation/loss': 0.9210018915746342, 'validation/num_examples': 3554, 'test/ssim': 0.2616554820580843, 'test/loss': 0.918525957854824, 'test/num_examples': 3581, 'score': 1933.8273429870605, 'total_duration': 2804.359503030777, 'accumulated_submission_time': 1933.8273429870605, 'accumulated_eval_time': 851.3534927368164, 'accumulated_logging_time': 0.4895505905151367}
I0521 22:50:00.907288 140184795932416 logging_writer.py:48] [8496] accumulated_eval_time=851.353, accumulated_logging_time=0.489551, accumulated_submission_time=1933.83, global_step=8496, preemption_count=0, score=1933.83, test/loss=0.918526, test/num_examples=3581, test/ssim=0.261655, total_duration=2804.36, train/loss=0.913674, train/ssim=0.244478, validation/loss=0.921002, validation/num_examples=3554, validation/ssim=0.239101
I0521 22:51:51.422555 140259946566848 spec.py:333] Evaluating on the training split.
I0521 22:51:53.354978 140259946566848 spec.py:346] Evaluating on the validation split.
I0521 22:51:55.324267 140259946566848 spec.py:363] Evaluating on the test split.
I0521 22:51:57.292585 140259946566848 submission_runner.py:516] Time since start: 2920.77s, 	Step: 10818, 	{'train/ssim': 0.24447764669145858, 'train/loss': 0.9136736733572823, 'validation/ssim': 0.23910063924451322, 'validation/loss': 0.9210018915746342, 'validation/num_examples': 3554, 'test/ssim': 0.26165546501391895, 'test/loss': 0.918525957854824, 'test/num_examples': 3581, 'score': 2042.67080616951, 'total_duration': 2920.766888856888, 'accumulated_submission_time': 2042.67080616951, 'accumulated_eval_time': 857.223598241806, 'accumulated_logging_time': 0.5189089775085449}
I0521 22:51:57.314537 140184804325120 logging_writer.py:48] [10818] accumulated_eval_time=857.224, accumulated_logging_time=0.518909, accumulated_submission_time=2042.67, global_step=10818, preemption_count=0, score=2042.67, test/loss=0.918526, test/num_examples=3581, test/ssim=0.261655, total_duration=2920.77, train/loss=0.913674, train/ssim=0.244478, validation/loss=0.921002, validation/num_examples=3554, validation/ssim=0.239101
I0521 22:53:47.837548 140259946566848 spec.py:333] Evaluating on the training split.
I0521 22:53:49.770313 140259946566848 spec.py:346] Evaluating on the validation split.
I0521 22:53:51.740799 140259946566848 spec.py:363] Evaluating on the test split.
I0521 22:53:53.711956 140259946566848 submission_runner.py:516] Time since start: 3037.19s, 	Step: 13144, 	{'train/ssim': 0.24447764669145858, 'train/loss': 0.9136736733572823, 'validation/ssim': 0.23910063924451322, 'validation/loss': 0.9210018915746342, 'validation/num_examples': 3554, 'test/ssim': 0.26165546501391895, 'test/loss': 0.918525957854824, 'test/num_examples': 3581, 'score': 2151.536009788513, 'total_duration': 3037.186285018921, 'accumulated_submission_time': 2151.536009788513, 'accumulated_eval_time': 863.0981147289276, 'accumulated_logging_time': 0.5480358600616455}
I0521 22:53:53.734881 140184795932416 logging_writer.py:48] [13144] accumulated_eval_time=863.098, accumulated_logging_time=0.548036, accumulated_submission_time=2151.54, global_step=13144, preemption_count=0, score=2151.54, test/loss=0.918526, test/num_examples=3581, test/ssim=0.261655, total_duration=3037.19, train/loss=0.913674, train/ssim=0.244478, validation/loss=0.921002, validation/num_examples=3554, validation/ssim=0.239101
I0521 22:55:44.266903 140259946566848 spec.py:333] Evaluating on the training split.
I0521 22:55:46.192065 140259946566848 spec.py:346] Evaluating on the validation split.
I0521 22:55:48.158905 140259946566848 spec.py:363] Evaluating on the test split.
I0521 22:55:50.116667 140259946566848 submission_runner.py:516] Time since start: 3153.59s, 	Step: 15484, 	{'train/ssim': 0.24447764669145858, 'train/loss': 0.9136736733572823, 'validation/ssim': 0.23910063924451322, 'validation/loss': 0.9210018915746342, 'validation/num_examples': 3554, 'test/ssim': 0.26165546501391895, 'test/loss': 0.918525957854824, 'test/num_examples': 3581, 'score': 2260.400806903839, 'total_duration': 3153.591007709503, 'accumulated_submission_time': 2260.400806903839, 'accumulated_eval_time': 868.9479863643646, 'accumulated_logging_time': 0.5782339572906494}
I0521 22:55:50.138419 140184804325120 logging_writer.py:48] [15484] accumulated_eval_time=868.948, accumulated_logging_time=0.578234, accumulated_submission_time=2260.4, global_step=15484, preemption_count=0, score=2260.4, test/loss=0.918526, test/num_examples=3581, test/ssim=0.261655, total_duration=3153.59, train/loss=0.913674, train/ssim=0.244478, validation/loss=0.921002, validation/num_examples=3554, validation/ssim=0.239101
I0521 22:57:40.648786 140259946566848 spec.py:333] Evaluating on the training split.
I0521 22:57:42.567651 140259946566848 spec.py:346] Evaluating on the validation split.
I0521 22:57:44.521960 140259946566848 spec.py:363] Evaluating on the test split.
I0521 22:57:46.477409 140259946566848 submission_runner.py:516] Time since start: 3269.95s, 	Step: 17836, 	{'train/ssim': 0.24447764669145858, 'train/loss': 0.9136736733572823, 'validation/ssim': 0.23910063924451322, 'validation/loss': 0.9210018915746342, 'validation/num_examples': 3554, 'test/ssim': 0.26165546501391895, 'test/loss': 0.918525957854824, 'test/num_examples': 3581, 'score': 2369.2452895641327, 'total_duration': 3269.951745033264, 'accumulated_submission_time': 2369.2452895641327, 'accumulated_eval_time': 874.7767114639282, 'accumulated_logging_time': 0.6072835922241211}
I0521 22:57:46.498641 140184795932416 logging_writer.py:48] [17836] accumulated_eval_time=874.777, accumulated_logging_time=0.607284, accumulated_submission_time=2369.25, global_step=17836, preemption_count=0, score=2369.25, test/loss=0.918526, test/num_examples=3581, test/ssim=0.261655, total_duration=3269.95, train/loss=0.913674, train/ssim=0.244478, validation/loss=0.921002, validation/num_examples=3554, validation/ssim=0.239101
I0521 22:57:59.561759 140259946566848 spec.py:333] Evaluating on the training split.
I0521 22:58:01.485895 140259946566848 spec.py:346] Evaluating on the validation split.
I0521 22:58:03.443202 140259946566848 spec.py:363] Evaluating on the test split.
I0521 22:58:05.404891 140259946566848 submission_runner.py:516] Time since start: 3288.88s, 	Step: 18095, 	{'train/ssim': 0.24447764669145858, 'train/loss': 0.9136736733572823, 'validation/ssim': 0.23910063924451322, 'validation/loss': 0.9210018915746342, 'validation/num_examples': 3554, 'test/ssim': 0.26165546501391895, 'test/loss': 0.918525957854824, 'test/num_examples': 3581, 'score': 2381.210692167282, 'total_duration': 3288.8792181015015, 'accumulated_submission_time': 2381.210692167282, 'accumulated_eval_time': 880.6199285984039, 'accumulated_logging_time': 0.6357550621032715}
I0521 22:58:05.424226 140184804325120 logging_writer.py:48] [18095] accumulated_eval_time=880.62, accumulated_logging_time=0.635755, accumulated_submission_time=2381.21, global_step=18095, preemption_count=0, score=2381.21, test/loss=0.918526, test/num_examples=3581, test/ssim=0.261655, total_duration=3288.88, train/loss=0.913674, train/ssim=0.244478, validation/loss=0.921002, validation/num_examples=3554, validation/ssim=0.239101
I0521 22:58:05.949110 140184795932416 logging_writer.py:48] [18095] global_step=18095, preemption_count=0, score=2381.21
I0521 22:58:06.076119 140259946566848 submission_runner.py:857] Final fastmri score: 2381.210692167282
