torchrun --redirects 1:0,2:0,3:0 --standalone --nnodes=1 --nproc_per_node=4 submission_runner.py --framework=pytorch --workload=librispeech_deepspeech --submission_path=submissions_algorithms/submissions/self_tuning/muon_torch_jax_hps_achandr/submission.py --data_dir=/data/librispeech --experiment_dir=/experiment_runs --experiment_name=submissions_a100/muon_torch_jax_hps_achandr/study_2 --overwrite=True --save_checkpoints=False --rng_seed=1024624935 --librispeech_tokenizer_vocab_path=/data/librispeech/spm_model.vocab --torch_compile=true --tuning_ruleset=self 2>&1 | tee -a /logs/librispeech_deepspeech_pytorch_06-03-2026-10-18-23.log
W0603 10:18:44.647000 9 site-packages/torch/distributed/run.py:803] 
W0603 10:18:44.647000 9 site-packages/torch/distributed/run.py:803] *****************************************
W0603 10:18:44.647000 9 site-packages/torch/distributed/run.py:803] Setting OMP_NUM_THREADS environment variable for each process to be 1 in default, to avoid your system being overloaded, please further tune the variable for optimal performance in your application as needed. 
W0603 10:18:44.647000 9 site-packages/torch/distributed/run.py:803] *****************************************
2026-06-03 10:18:55.270364: E external/local_xla/xla/stream_executor/cuda/cuda_fft.cc:467] Unable to register cuFFT factory: Attempting to register factory for plugin cuFFT when one has already been registered
2026-06-03 10:18:55.270365: E external/local_xla/xla/stream_executor/cuda/cuda_fft.cc:467] Unable to register cuFFT factory: Attempting to register factory for plugin cuFFT when one has already been registered
2026-06-03 10:18:55.270364: E external/local_xla/xla/stream_executor/cuda/cuda_fft.cc:467] Unable to register cuFFT factory: Attempting to register factory for plugin cuFFT when one has already been registered
2026-06-03 10:18:55.270364: E external/local_xla/xla/stream_executor/cuda/cuda_fft.cc:467] Unable to register cuFFT factory: Attempting to register factory for plugin cuFFT when one has already been registered
WARNING: All log messages before absl::InitializeLog() is called are written to STDERR
WARNING: All log messages before absl::InitializeLog() is called are written to STDERR
WARNING: All log messages before absl::InitializeLog() is called are written to STDERR
WARNING: All log messages before absl::InitializeLog() is called are written to STDERR
E0000 00:00:1780481935.985249      40 cuda_dnn.cc:8579] Unable to register cuDNN factory: Attempting to register factory for plugin cuDNN when one has already been registered
E0000 00:00:1780481935.985257      39 cuda_dnn.cc:8579] Unable to register cuDNN factory: Attempting to register factory for plugin cuDNN when one has already been registered
E0000 00:00:1780481935.985247      38 cuda_dnn.cc:8579] Unable to register cuDNN factory: Attempting to register factory for plugin cuDNN when one has already been registered
E0000 00:00:1780481935.985242      41 cuda_dnn.cc:8579] Unable to register cuDNN factory: Attempting to register factory for plugin cuDNN when one has already been registered
E0000 00:00:1780481936.115552      41 cuda_blas.cc:1407] Unable to register cuBLAS factory: Attempting to register factory for plugin cuBLAS when one has already been registered
E0000 00:00:1780481936.115556      38 cuda_blas.cc:1407] Unable to register cuBLAS factory: Attempting to register factory for plugin cuBLAS when one has already been registered
E0000 00:00:1780481936.115555      40 cuda_blas.cc:1407] Unable to register cuBLAS factory: Attempting to register factory for plugin cuBLAS when one has already been registered
E0000 00:00:1780481936.115567      39 cuda_blas.cc:1407] Unable to register cuBLAS factory: Attempting to register factory for plugin cuBLAS when one has already been registered
W0000 00:00:1780481937.496879      38 computation_placer.cc:177] computation placer already registered. Please check linkage and avoid linking the same target more than once.
W0000 00:00:1780481937.496886      40 computation_placer.cc:177] computation placer already registered. Please check linkage and avoid linking the same target more than once.
W0000 00:00:1780481937.496886      41 computation_placer.cc:177] computation placer already registered. Please check linkage and avoid linking the same target more than once.
W0000 00:00:1780481937.496897      39 computation_placer.cc:177] computation placer already registered. Please check linkage and avoid linking the same target more than once.
W0000 00:00:1780481937.496920      40 computation_placer.cc:177] computation placer already registered. Please check linkage and avoid linking the same target more than once.
W0000 00:00:1780481937.496923      41 computation_placer.cc:177] computation placer already registered. Please check linkage and avoid linking the same target more than once.
W0000 00:00:1780481937.496924      38 computation_placer.cc:177] computation placer already registered. Please check linkage and avoid linking the same target more than once.
W0000 00:00:1780481937.496926      40 computation_placer.cc:177] computation placer already registered. Please check linkage and avoid linking the same target more than once.
W0000 00:00:1780481937.496925      39 computation_placer.cc:177] computation placer already registered. Please check linkage and avoid linking the same target more than once.
W0000 00:00:1780481937.496926      41 computation_placer.cc:177] computation placer already registered. Please check linkage and avoid linking the same target more than once.
W0000 00:00:1780481937.496927      38 computation_placer.cc:177] computation placer already registered. Please check linkage and avoid linking the same target more than once.
W0000 00:00:1780481937.496928      40 computation_placer.cc:177] computation placer already registered. Please check linkage and avoid linking the same target more than once.
W0000 00:00:1780481937.496929      39 computation_placer.cc:177] computation placer already registered. Please check linkage and avoid linking the same target more than once.
W0000 00:00:1780481937.496929      41 computation_placer.cc:177] computation placer already registered. Please check linkage and avoid linking the same target more than once.
W0000 00:00:1780481937.496930      38 computation_placer.cc:177] computation placer already registered. Please check linkage and avoid linking the same target more than once.
W0000 00:00:1780481937.496931      39 computation_placer.cc:177] computation placer already registered. Please check linkage and avoid linking the same target more than once.
W0000 00:00:1780481969.140861      39 gpu_device.cc:2341] Cannot dlopen some GPU libraries. Please make sure the missing libraries mentioned above are installed properly if you would like to use GPU. Follow the guide at https://www.tensorflow.org/install/gpu for how to download and setup the required libraries for your platform.
Skipping registering GPU devices...
W0000 00:00:1780481969.140876      38 gpu_device.cc:2341] Cannot dlopen some GPU libraries. Please make sure the missing libraries mentioned above are installed properly if you would like to use GPU. Follow the guide at https://www.tensorflow.org/install/gpu for how to download and setup the required libraries for your platform.
Skipping registering GPU devices...
W0000 00:00:1780481969.140916      41 gpu_device.cc:2341] Cannot dlopen some GPU libraries. Please make sure the missing libraries mentioned above are installed properly if you would like to use GPU. Follow the guide at https://www.tensorflow.org/install/gpu for how to download and setup the required libraries for your platform.
Skipping registering GPU devices...
W0000 00:00:1780481969.150123      40 gpu_device.cc:2341] Cannot dlopen some GPU libraries. Please make sure the missing libraries mentioned above are installed properly if you would like to use GPU. Follow the guide at https://www.tensorflow.org/install/gpu for how to download and setup the required libraries for your platform.
Skipping registering GPU devices...
/usr/local/lib/python3.11/site-packages/torch/__init__.py:1617: UserWarning: Please use the new API settings to control TF32 behavior, such as torch.backends.cudnn.conv.fp32_precision = 'tf32' or torch.backends.cuda.matmul.fp32_precision = 'ieee'. Old settings, e.g, torch.backends.cuda.matmul.allow_tf32 = True, torch.backends.cudnn.allow_tf32 = True, allowTF32CuDNN() and allowTF32CuBLAS() will be deprecated after Pytorch 2.9. Please see https://pytorch.org/docs/main/notes/cuda.html#tensorfloat-32-tf32-on-ampere-and-later-devices (Triggered internally at /pytorch/aten/src/ATen/Context.cpp:80.)
  _C._set_float32_matmul_precision(precision)
/usr/local/lib/python3.11/site-packages/torch/__init__.py:1617: UserWarning: Please use the new API settings to control TF32 behavior, such as torch.backends.cudnn.conv.fp32_precision = 'tf32' or torch.backends.cuda.matmul.fp32_precision = 'ieee'. Old settings, e.g, torch.backends.cuda.matmul.allow_tf32 = True, torch.backends.cudnn.allow_tf32 = True, allowTF32CuDNN() and allowTF32CuBLAS() will be deprecated after Pytorch 2.9. Please see https://pytorch.org/docs/main/notes/cuda.html#tensorfloat-32-tf32-on-ampere-and-later-devices (Triggered internally at /pytorch/aten/src/ATen/Context.cpp:80.)
  _C._set_float32_matmul_precision(precision)
/usr/local/lib/python3.11/site-packages/torch/__init__.py:1617: UserWarning: Please use the new API settings to control TF32 behavior, such as torch.backends.cudnn.conv.fp32_precision = 'tf32' or torch.backends.cuda.matmul.fp32_precision = 'ieee'. Old settings, e.g, torch.backends.cuda.matmul.allow_tf32 = True, torch.backends.cudnn.allow_tf32 = True, allowTF32CuDNN() and allowTF32CuBLAS() will be deprecated after Pytorch 2.9. Please see https://pytorch.org/docs/main/notes/cuda.html#tensorfloat-32-tf32-on-ampere-and-later-devices (Triggered internally at /pytorch/aten/src/ATen/Context.cpp:80.)
  _C._set_float32_matmul_precision(precision)
/usr/local/lib/python3.11/site-packages/torch/__init__.py:1617: UserWarning: Please use the new API settings to control TF32 behavior, such as torch.backends.cudnn.conv.fp32_precision = 'tf32' or torch.backends.cuda.matmul.fp32_precision = 'ieee'. Old settings, e.g, torch.backends.cuda.matmul.allow_tf32 = True, torch.backends.cudnn.allow_tf32 = True, allowTF32CuDNN() and allowTF32CuBLAS() will be deprecated after Pytorch 2.9. Please see https://pytorch.org/docs/main/notes/cuda.html#tensorfloat-32-tf32-on-ampere-and-later-devices (Triggered internally at /pytorch/aten/src/ATen/Context.cpp:80.)
  _C._set_float32_matmul_precision(precision)
/usr/local/lib/python3.11/site-packages/pydantic/_internal/_generate_schema.py:2249: UnsupportedFieldAttributeWarning: The 'repr' attribute with value False was provided to the `Field()` function, which has no effect in the context it was used. 'repr' is field-specific metadata, and can only be attached to a model field using `Annotated` metadata or by assignment. This may have happened because an `Annotated` type alias using the `type` statement was used, or if the `Field()` function was attached to a single member of a union type.
  warnings.warn(
/usr/local/lib/python3.11/site-packages/pydantic/_internal/_generate_schema.py:2249: UnsupportedFieldAttributeWarning: The 'repr' attribute with value False was provided to the `Field()` function, which has no effect in the context it was used. 'repr' is field-specific metadata, and can only be attached to a model field using `Annotated` metadata or by assignment. This may have happened because an `Annotated` type alias using the `type` statement was used, or if the `Field()` function was attached to a single member of a union type.
  warnings.warn(
/usr/local/lib/python3.11/site-packages/pydantic/_internal/_generate_schema.py:2249: UnsupportedFieldAttributeWarning: The 'repr' attribute with value False was provided to the `Field()` function, which has no effect in the context it was used. 'repr' is field-specific metadata, and can only be attached to a model field using `Annotated` metadata or by assignment. This may have happened because an `Annotated` type alias using the `type` statement was used, or if the `Field()` function was attached to a single member of a union type.
  warnings.warn(
/usr/local/lib/python3.11/site-packages/pydantic/_internal/_generate_schema.py:2249: UnsupportedFieldAttributeWarning: The 'repr' attribute with value False was provided to the `Field()` function, which has no effect in the context it was used. 'repr' is field-specific metadata, and can only be attached to a model field using `Annotated` metadata or by assignment. This may have happened because an `Annotated` type alias using the `type` statement was used, or if the `Field()` function was attached to a single member of a union type.
  warnings.warn(
/usr/local/lib/python3.11/site-packages/pydantic/_internal/_generate_schema.py:2249: UnsupportedFieldAttributeWarning: The 'frozen' attribute with value True was provided to the `Field()` function, which has no effect in the context it was used. 'frozen' is field-specific metadata, and can only be attached to a model field using `Annotated` metadata or by assignment. This may have happened because an `Annotated` type alias using the `type` statement was used, or if the `Field()` function was attached to a single member of a union type.
  warnings.warn(
/usr/local/lib/python3.11/site-packages/pydantic/_internal/_generate_schema.py:2249: UnsupportedFieldAttributeWarning: The 'frozen' attribute with value True was provided to the `Field()` function, which has no effect in the context it was used. 'frozen' is field-specific metadata, and can only be attached to a model field using `Annotated` metadata or by assignment. This may have happened because an `Annotated` type alias using the `type` statement was used, or if the `Field()` function was attached to a single member of a union type.
  warnings.warn(
/usr/local/lib/python3.11/site-packages/pydantic/_internal/_generate_schema.py:2249: UnsupportedFieldAttributeWarning: The 'frozen' attribute with value True was provided to the `Field()` function, which has no effect in the context it was used. 'frozen' is field-specific metadata, and can only be attached to a model field using `Annotated` metadata or by assignment. This may have happened because an `Annotated` type alias using the `type` statement was used, or if the `Field()` function was attached to a single member of a union type.
  warnings.warn(
/usr/local/lib/python3.11/site-packages/pydantic/_internal/_generate_schema.py:2249: UnsupportedFieldAttributeWarning: The 'frozen' attribute with value True was provided to the `Field()` function, which has no effect in the context it was used. 'frozen' is field-specific metadata, and can only be attached to a model field using `Annotated` metadata or by assignment. This may have happened because an `Annotated` type alias using the `type` statement was used, or if the `Field()` function was attached to a single member of a union type.
  warnings.warn(
I0603 10:19:39.426326 140042571527360 logger_utils.py:59] Removing existing experiment directory /experiment_runs/submissions_a100/muon_torch_jax_hps_achandr/study_2/librispeech_deepspeech_pytorch because --overwrite was set.
I0603 10:19:39.426323 139651328701632 logger_utils.py:59] Removing existing experiment directory /experiment_runs/submissions_a100/muon_torch_jax_hps_achandr/study_2/librispeech_deepspeech_pytorch because --overwrite was set.
I0603 10:19:39.426332 139688488232128 logger_utils.py:59] Removing existing experiment directory /experiment_runs/submissions_a100/muon_torch_jax_hps_achandr/study_2/librispeech_deepspeech_pytorch because --overwrite was set.
I0603 10:19:39.426323 140250578285760 logger_utils.py:59] Removing existing experiment directory /experiment_runs/submissions_a100/muon_torch_jax_hps_achandr/study_2/librispeech_deepspeech_pytorch because --overwrite was set.
/usr/local/lib/python3.11/site-packages/torch/distributed/distributed_c10d.py:4876: UserWarning: barrier(): using the device under current context. You can specify `device_id` in `init_process_group` to mute this warning.
  warnings.warn(  # warn only once
[rank0]:[W603 10:19:39.811761379 ProcessGroupNCCL.cpp:5068] Guessing device ID based on global rank. This can cause a hang if rank to GPU mapping is heterogeneous. You can specify device_id in init_process_group()
I0603 10:19:41.274127 139651328701632 logger_utils.py:84] Creating experiment directory at /experiment_runs/submissions_a100/muon_torch_jax_hps_achandr/study_2/librispeech_deepspeech_pytorch.
I0603 10:19:41.274129 140042571527360 logger_utils.py:84] Creating experiment directory at /experiment_runs/submissions_a100/muon_torch_jax_hps_achandr/study_2/librispeech_deepspeech_pytorch.
I0603 10:19:41.274132 139688488232128 logger_utils.py:84] Creating experiment directory at /experiment_runs/submissions_a100/muon_torch_jax_hps_achandr/study_2/librispeech_deepspeech_pytorch.
I0603 10:19:41.274153 140250578285760 logger_utils.py:84] Creating experiment directory at /experiment_runs/submissions_a100/muon_torch_jax_hps_achandr/study_2/librispeech_deepspeech_pytorch.
I0603 10:19:53.091065 140250578285760 submission_runner.py:741] Creating directory at /experiment_runs/submissions_a100/muon_torch_jax_hps_achandr/study_2/librispeech_deepspeech_pytorch/trial_1.
I0603 10:19:53.454408 140250578285760 submission_runner.py:242] Initializing dataset.
I0603 10:19:53.454614 140250578285760 input_pipeline.py:19] Loading split = train-clean-100
I0603 10:19:53.485276 140250578285760 input_pipeline.py:19] Loading split = train-clean-360
I0603 10:19:53.615314 140250578285760 input_pipeline.py:19] Loading split = train-other-500
I0603 10:19:54.205228 140250578285760 submission_runner.py:251] Initializing model.
W0603 10:20:00.090758 139688488232128 submission_runner.py:273] These workloads cannot be fully compiled under current PyTorch version. Proceeding without `torch.compile`.
W0603 10:20:00.090874 139651328701632 submission_runner.py:273] These workloads cannot be fully compiled under current PyTorch version. Proceeding without `torch.compile`.
W0603 10:20:00.091640 140042571527360 submission_runner.py:273] These workloads cannot be fully compiled under current PyTorch version. Proceeding without `torch.compile`.
W0603 10:20:00.091847 140250578285760 submission_runner.py:273] These workloads cannot be fully compiled under current PyTorch version. Proceeding without `torch.compile`.
I0603 10:20:00.093218 139688488232128 muon.py:324] Muon params:
	module.subsample.conv1.kernel (ndim=4)
	module.subsample.conv2.kernel (ndim=4)
	module.subsample.lin.weight (ndim=2)
	module.lstms.0.lstm.weight_ih_l0 (ndim=2)
	module.lstms.0.lstm.weight_hh_l0 (ndim=2)
	module.lstms.0.lstm.weight_ih_l0_reverse (ndim=2)
	module.lstms.0.lstm.weight_hh_l0_reverse (ndim=2)
	module.lstms.1.lstm.weight_ih_l0 (ndim=2)
	module.lstms.1.lstm.weight_hh_l0 (ndim=2)
	module.lstms.1.lstm.weight_ih_l0_reverse (ndim=2)
	module.lstms.1.lstm.weight_hh_l0_reverse (ndim=2)
	module.lstms.2.lstm.weight_ih_l0 (ndim=2)
	module.lstms.2.lstm.weight_hh_l0 (ndim=2)
	module.lstms.2.lstm.weight_ih_l0_reverse (ndim=2)
	module.lstms.2.lstm.weight_hh_l0_reverse (ndim=2)
	module.lstms.3.lstm.weight_ih_l0 (ndim=2)
	module.lstms.3.lstm.weight_hh_l0 (ndim=2)
	module.lstms.3.lstm.weight_ih_l0_reverse (ndim=2)
	module.lstms.3.lstm.weight_hh_l0_reverse (ndim=2)
	module.lstms.4.lstm.weight_ih_l0 (ndim=2)
	module.lstms.4.lstm.weight_hh_l0 (ndim=2)
	module.lstms.4.lstm.weight_ih_l0_reverse (ndim=2)
	module.lstms.4.lstm.weight_hh_l0_reverse (ndim=2)
	module.lstms.5.lstm.weight_ih_l0 (ndim=2)
	module.lstms.5.lstm.weight_hh_l0 (ndim=2)
	module.lstms.5.lstm.weight_ih_l0_reverse (ndim=2)
	module.lstms.5.lstm.weight_hh_l0_reverse (ndim=2)
	module.ffns.0.lin.weight (ndim=2)
	module.ffns.1.lin.weight (ndim=2)
	module.ffns.2.lin.weight (ndim=2)
	module.lin.weight (ndim=2)
I0603 10:20:00.093274 139651328701632 muon.py:324] Muon params:
	module.subsample.conv1.kernel (ndim=4)
	module.subsample.conv2.kernel (ndim=4)
	module.subsample.lin.weight (ndim=2)
	module.lstms.0.lstm.weight_ih_l0 (ndim=2)
	module.lstms.0.lstm.weight_hh_l0 (ndim=2)
	module.lstms.0.lstm.weight_ih_l0_reverse (ndim=2)
	module.lstms.0.lstm.weight_hh_l0_reverse (ndim=2)
	module.lstms.1.lstm.weight_ih_l0 (ndim=2)
	module.lstms.1.lstm.weight_hh_l0 (ndim=2)
	module.lstms.1.lstm.weight_ih_l0_reverse (ndim=2)
	module.lstms.1.lstm.weight_hh_l0_reverse (ndim=2)
	module.lstms.2.lstm.weight_ih_l0 (ndim=2)
	module.lstms.2.lstm.weight_hh_l0 (ndim=2)
	module.lstms.2.lstm.weight_ih_l0_reverse (ndim=2)
	module.lstms.2.lstm.weight_hh_l0_reverse (ndim=2)
	module.lstms.3.lstm.weight_ih_l0 (ndim=2)
	module.lstms.3.lstm.weight_hh_l0 (ndim=2)
	module.lstms.3.lstm.weight_ih_l0_reverse (ndim=2)
	module.lstms.3.lstm.weight_hh_l0_reverse (ndim=2)
	module.lstms.4.lstm.weight_ih_l0 (ndim=2)
	module.lstms.4.lstm.weight_hh_l0 (ndim=2)
	module.lstms.4.lstm.weight_ih_l0_reverse (ndim=2)
	module.lstms.4.lstm.weight_hh_l0_reverse (ndim=2)
	module.lstms.5.lstm.weight_ih_l0 (ndim=2)
	module.lstms.5.lstm.weight_hh_l0 (ndim=2)
	module.lstms.5.lstm.weight_ih_l0_reverse (ndim=2)
	module.lstms.5.lstm.weight_hh_l0_reverse (ndim=2)
	module.ffns.0.lin.weight (ndim=2)
	module.ffns.1.lin.weight (ndim=2)
	module.ffns.2.lin.weight (ndim=2)
	module.lin.weight (ndim=2)
I0603 10:20:00.093350 139688488232128 muon.py:325] Adam params:
	module.subsample.conv1.bias (ndim=1)
	module.subsample.conv2.bias (ndim=1)
	module.subsample.lin.bias (ndim=1)
	module.lstms.0.bn_normalization_layer.weight (ndim=1)
	module.lstms.0.bn_normalization_layer.bias (ndim=1)
	module.lstms.0.lstm.bias_ih_l0 (ndim=1)
	module.lstms.0.lstm.bias_hh_l0 (ndim=1)
	module.lstms.0.lstm.bias_ih_l0_reverse (ndim=1)
	module.lstms.0.lstm.bias_hh_l0_reverse (ndim=1)
	module.lstms.1.bn_normalization_layer.weight (ndim=1)
	module.lstms.1.bn_normalization_layer.bias (ndim=1)
	module.lstms.1.lstm.bias_ih_l0 (ndim=1)
	module.lstms.1.lstm.bias_hh_l0 (ndim=1)
	module.lstms.1.lstm.bias_ih_l0_reverse (ndim=1)
	module.lstms.1.lstm.bias_hh_l0_reverse (ndim=1)
	module.lstms.2.bn_normalization_layer.weight (ndim=1)
	module.lstms.2.bn_normalization_layer.bias (ndim=1)
	module.lstms.2.lstm.bias_ih_l0 (ndim=1)
	module.lstms.2.lstm.bias_hh_l0 (ndim=1)
	module.lstms.2.lstm.bias_ih_l0_reverse (ndim=1)
	module.lstms.2.lstm.bias_hh_l0_reverse (ndim=1)
	module.lstms.3.bn_normalization_layer.weight (ndim=1)
	module.lstms.3.bn_normalization_layer.bias (ndim=1)
	module.lstms.3.lstm.bias_ih_l0 (ndim=1)
	module.lstms.3.lstm.bias_hh_l0 (ndim=1)
	module.lstms.3.lstm.bias_ih_l0_reverse (ndim=1)
	module.lstms.3.lstm.bias_hh_l0_reverse (ndim=1)
	module.lstms.4.bn_normalization_layer.weight (ndim=1)
	module.lstms.4.bn_normalization_layer.bias (ndim=1)
	module.lstms.4.lstm.bias_ih_l0 (ndim=1)
	module.lstms.4.lstm.bias_hh_l0 (ndim=1)
	module.lstms.4.lstm.bias_ih_l0_reverse (ndim=1)
	module.lstms.4.lstm.bias_hh_l0_reverse (ndim=1)
	module.lstms.5.bn_normalization_layer.weight (ndim=1)
	module.lstms.5.bn_normalization_layer.bias (ndim=1)
	module.lstms.5.lstm.bias_ih_l0 (ndim=1)
	module.lstms.5.lstm.bias_hh_l0 (ndim=1)
	module.lstms.5.lstm.bias_ih_l0_reverse (ndim=1)
	module.lstms.5.lstm.bias_hh_l0_reverse (ndim=1)
	module.ffns.0.bn_normalization_layer.weight (ndim=1)
	module.ffns.0.bn_normalization_layer.bias (ndim=1)
	module.ffns.0.lin.bias (ndim=1)
	module.ffns.1.bn_normalization_layer.weight (ndim=1)
	module.ffns.1.bn_normalization_layer.bias (ndim=1)
	module.ffns.1.lin.bias (ndim=1)
	module.ffns.2.bn_normalization_layer.weight (ndim=1)
	module.ffns.2.bn_normalization_layer.bias (ndim=1)
	module.ffns.2.lin.bias (ndim=1)
	module.ln.scale (ndim=1)
	module.ln.bias (ndim=1)
	module.lin.bias (ndim=1)
I0603 10:20:00.093415 139651328701632 muon.py:325] Adam params:
	module.subsample.conv1.bias (ndim=1)
	module.subsample.conv2.bias (ndim=1)
	module.subsample.lin.bias (ndim=1)
	module.lstms.0.bn_normalization_layer.weight (ndim=1)
	module.lstms.0.bn_normalization_layer.bias (ndim=1)
	module.lstms.0.lstm.bias_ih_l0 (ndim=1)
	module.lstms.0.lstm.bias_hh_l0 (ndim=1)
	module.lstms.0.lstm.bias_ih_l0_reverse (ndim=1)
	module.lstms.0.lstm.bias_hh_l0_reverse (ndim=1)
	module.lstms.1.bn_normalization_layer.weight (ndim=1)
	module.lstms.1.bn_normalization_layer.bias (ndim=1)
	module.lstms.1.lstm.bias_ih_l0 (ndim=1)
	module.lstms.1.lstm.bias_hh_l0 (ndim=1)
	module.lstms.1.lstm.bias_ih_l0_reverse (ndim=1)
	module.lstms.1.lstm.bias_hh_l0_reverse (ndim=1)
	module.lstms.2.bn_normalization_layer.weight (ndim=1)
	module.lstms.2.bn_normalization_layer.bias (ndim=1)
	module.lstms.2.lstm.bias_ih_l0 (ndim=1)
	module.lstms.2.lstm.bias_hh_l0 (ndim=1)
	module.lstms.2.lstm.bias_ih_l0_reverse (ndim=1)
	module.lstms.2.lstm.bias_hh_l0_reverse (ndim=1)
	module.lstms.3.bn_normalization_layer.weight (ndim=1)
	module.lstms.3.bn_normalization_layer.bias (ndim=1)
	module.lstms.3.lstm.bias_ih_l0 (ndim=1)
	module.lstms.3.lstm.bias_hh_l0 (ndim=1)
	module.lstms.3.lstm.bias_ih_l0_reverse (ndim=1)
	module.lstms.3.lstm.bias_hh_l0_reverse (ndim=1)
	module.lstms.4.bn_normalization_layer.weight (ndim=1)
	module.lstms.4.bn_normalization_layer.bias (ndim=1)
	module.lstms.4.lstm.bias_ih_l0 (ndim=1)
	module.lstms.4.lstm.bias_hh_l0 (ndim=1)
	module.lstms.4.lstm.bias_ih_l0_reverse (ndim=1)
	module.lstms.4.lstm.bias_hh_l0_reverse (ndim=1)
	module.lstms.5.bn_normalization_layer.weight (ndim=1)
	module.lstms.5.bn_normalization_layer.bias (ndim=1)
	module.lstms.5.lstm.bias_ih_l0 (ndim=1)
	module.lstms.5.lstm.bias_hh_l0 (ndim=1)
	module.lstms.5.lstm.bias_ih_l0_reverse (ndim=1)
	module.lstms.5.lstm.bias_hh_l0_reverse (ndim=1)
	module.ffns.0.bn_normalization_layer.weight (ndim=1)
	module.ffns.0.bn_normalization_layer.bias (ndim=1)
	module.ffns.0.lin.bias (ndim=1)
	module.ffns.1.bn_normalization_layer.weight (ndim=1)
	module.ffns.1.bn_normalization_layer.bias (ndim=1)
	module.ffns.1.lin.bias (ndim=1)
	module.ffns.2.bn_normalization_layer.weight (ndim=1)
	module.ffns.2.bn_normalization_layer.bias (ndim=1)
	module.ffns.2.lin.bias (ndim=1)
	module.ln.scale (ndim=1)
	module.ln.bias (ndim=1)
	module.lin.bias (ndim=1)
I0603 10:20:00.093914 140250578285760 submission_runner.py:294] Initializing optimizer.
I0603 10:20:00.094012 140042571527360 muon.py:324] Muon params:
	module.subsample.conv1.kernel (ndim=4)
	module.subsample.conv2.kernel (ndim=4)
	module.subsample.lin.weight (ndim=2)
	module.lstms.0.lstm.weight_ih_l0 (ndim=2)
	module.lstms.0.lstm.weight_hh_l0 (ndim=2)
	module.lstms.0.lstm.weight_ih_l0_reverse (ndim=2)
	module.lstms.0.lstm.weight_hh_l0_reverse (ndim=2)
	module.lstms.1.lstm.weight_ih_l0 (ndim=2)
	module.lstms.1.lstm.weight_hh_l0 (ndim=2)
	module.lstms.1.lstm.weight_ih_l0_reverse (ndim=2)
	module.lstms.1.lstm.weight_hh_l0_reverse (ndim=2)
	module.lstms.2.lstm.weight_ih_l0 (ndim=2)
	module.lstms.2.lstm.weight_hh_l0 (ndim=2)
	module.lstms.2.lstm.weight_ih_l0_reverse (ndim=2)
	module.lstms.2.lstm.weight_hh_l0_reverse (ndim=2)
	module.lstms.3.lstm.weight_ih_l0 (ndim=2)
	module.lstms.3.lstm.weight_hh_l0 (ndim=2)
	module.lstms.3.lstm.weight_ih_l0_reverse (ndim=2)
	module.lstms.3.lstm.weight_hh_l0_reverse (ndim=2)
	module.lstms.4.lstm.weight_ih_l0 (ndim=2)
	module.lstms.4.lstm.weight_hh_l0 (ndim=2)
	module.lstms.4.lstm.weight_ih_l0_reverse (ndim=2)
	module.lstms.4.lstm.weight_hh_l0_reverse (ndim=2)
	module.lstms.5.lstm.weight_ih_l0 (ndim=2)
	module.lstms.5.lstm.weight_hh_l0 (ndim=2)
	module.lstms.5.lstm.weight_ih_l0_reverse (ndim=2)
	module.lstms.5.lstm.weight_hh_l0_reverse (ndim=2)
	module.ffns.0.lin.weight (ndim=2)
	module.ffns.1.lin.weight (ndim=2)
	module.ffns.2.lin.weight (ndim=2)
	module.lin.weight (ndim=2)
I0603 10:20:00.094151 140042571527360 muon.py:325] Adam params:
	module.subsample.conv1.bias (ndim=1)
	module.subsample.conv2.bias (ndim=1)
	module.subsample.lin.bias (ndim=1)
	module.lstms.0.bn_normalization_layer.weight (ndim=1)
	module.lstms.0.bn_normalization_layer.bias (ndim=1)
	module.lstms.0.lstm.bias_ih_l0 (ndim=1)
	module.lstms.0.lstm.bias_hh_l0 (ndim=1)
	module.lstms.0.lstm.bias_ih_l0_reverse (ndim=1)
	module.lstms.0.lstm.bias_hh_l0_reverse (ndim=1)
	module.lstms.1.bn_normalization_layer.weight (ndim=1)
	module.lstms.1.bn_normalization_layer.bias (ndim=1)
	module.lstms.1.lstm.bias_ih_l0 (ndim=1)
	module.lstms.1.lstm.bias_hh_l0 (ndim=1)
	module.lstms.1.lstm.bias_ih_l0_reverse (ndim=1)
	module.lstms.1.lstm.bias_hh_l0_reverse (ndim=1)
	module.lstms.2.bn_normalization_layer.weight (ndim=1)
	module.lstms.2.bn_normalization_layer.bias (ndim=1)
	module.lstms.2.lstm.bias_ih_l0 (ndim=1)
	module.lstms.2.lstm.bias_hh_l0 (ndim=1)
	module.lstms.2.lstm.bias_ih_l0_reverse (ndim=1)
	module.lstms.2.lstm.bias_hh_l0_reverse (ndim=1)
	module.lstms.3.bn_normalization_layer.weight (ndim=1)
	module.lstms.3.bn_normalization_layer.bias (ndim=1)
	module.lstms.3.lstm.bias_ih_l0 (ndim=1)
	module.lstms.3.lstm.bias_hh_l0 (ndim=1)
	module.lstms.3.lstm.bias_ih_l0_reverse (ndim=1)
	module.lstms.3.lstm.bias_hh_l0_reverse (ndim=1)
	module.lstms.4.bn_normalization_layer.weight (ndim=1)
	module.lstms.4.bn_normalization_layer.bias (ndim=1)
	module.lstms.4.lstm.bias_ih_l0 (ndim=1)
	module.lstms.4.lstm.bias_hh_l0 (ndim=1)
	module.lstms.4.lstm.bias_ih_l0_reverse (ndim=1)
	module.lstms.4.lstm.bias_hh_l0_reverse (ndim=1)
	module.lstms.5.bn_normalization_layer.weight (ndim=1)
	module.lstms.5.bn_normalization_layer.bias (ndim=1)
	module.lstms.5.lstm.bias_ih_l0 (ndim=1)
	module.lstms.5.lstm.bias_hh_l0 (ndim=1)
	module.lstms.5.lstm.bias_ih_l0_reverse (ndim=1)
	module.lstms.5.lstm.bias_hh_l0_reverse (ndim=1)
	module.ffns.0.bn_normalization_layer.weight (ndim=1)
	module.ffns.0.bn_normalization_layer.bias (ndim=1)
	module.ffns.0.lin.bias (ndim=1)
	module.ffns.1.bn_normalization_layer.weight (ndim=1)
	module.ffns.1.bn_normalization_layer.bias (ndim=1)
	module.ffns.1.lin.bias (ndim=1)
	module.ffns.2.bn_normalization_layer.weight (ndim=1)
	module.ffns.2.bn_normalization_layer.bias (ndim=1)
	module.ffns.2.lin.bias (ndim=1)
	module.ln.scale (ndim=1)
	module.ln.bias (ndim=1)
	module.lin.bias (ndim=1)
I0603 10:20:00.094329 140250578285760 muon.py:324] Muon params:
	module.subsample.conv1.kernel (ndim=4)
	module.subsample.conv2.kernel (ndim=4)
	module.subsample.lin.weight (ndim=2)
	module.lstms.0.lstm.weight_ih_l0 (ndim=2)
	module.lstms.0.lstm.weight_hh_l0 (ndim=2)
	module.lstms.0.lstm.weight_ih_l0_reverse (ndim=2)
	module.lstms.0.lstm.weight_hh_l0_reverse (ndim=2)
	module.lstms.1.lstm.weight_ih_l0 (ndim=2)
	module.lstms.1.lstm.weight_hh_l0 (ndim=2)
	module.lstms.1.lstm.weight_ih_l0_reverse (ndim=2)
	module.lstms.1.lstm.weight_hh_l0_reverse (ndim=2)
	module.lstms.2.lstm.weight_ih_l0 (ndim=2)
	module.lstms.2.lstm.weight_hh_l0 (ndim=2)
	module.lstms.2.lstm.weight_ih_l0_reverse (ndim=2)
	module.lstms.2.lstm.weight_hh_l0_reverse (ndim=2)
	module.lstms.3.lstm.weight_ih_l0 (ndim=2)
	module.lstms.3.lstm.weight_hh_l0 (ndim=2)
	module.lstms.3.lstm.weight_ih_l0_reverse (ndim=2)
	module.lstms.3.lstm.weight_hh_l0_reverse (ndim=2)
	module.lstms.4.lstm.weight_ih_l0 (ndim=2)
	module.lstms.4.lstm.weight_hh_l0 (ndim=2)
	module.lstms.4.lstm.weight_ih_l0_reverse (ndim=2)
	module.lstms.4.lstm.weight_hh_l0_reverse (ndim=2)
	module.lstms.5.lstm.weight_ih_l0 (ndim=2)
	module.lstms.5.lstm.weight_hh_l0 (ndim=2)
	module.lstms.5.lstm.weight_ih_l0_reverse (ndim=2)
	module.lstms.5.lstm.weight_hh_l0_reverse (ndim=2)
	module.ffns.0.lin.weight (ndim=2)
	module.ffns.1.lin.weight (ndim=2)
	module.ffns.2.lin.weight (ndim=2)
	module.lin.weight (ndim=2)
I0603 10:20:00.094395 140250578285760 muon.py:325] Adam params:
	module.subsample.conv1.bias (ndim=1)
	module.subsample.conv2.bias (ndim=1)
	module.subsample.lin.bias (ndim=1)
	module.lstms.0.bn_normalization_layer.weight (ndim=1)
	module.lstms.0.bn_normalization_layer.bias (ndim=1)
	module.lstms.0.lstm.bias_ih_l0 (ndim=1)
	module.lstms.0.lstm.bias_hh_l0 (ndim=1)
	module.lstms.0.lstm.bias_ih_l0_reverse (ndim=1)
	module.lstms.0.lstm.bias_hh_l0_reverse (ndim=1)
	module.lstms.1.bn_normalization_layer.weight (ndim=1)
	module.lstms.1.bn_normalization_layer.bias (ndim=1)
	module.lstms.1.lstm.bias_ih_l0 (ndim=1)
	module.lstms.1.lstm.bias_hh_l0 (ndim=1)
	module.lstms.1.lstm.bias_ih_l0_reverse (ndim=1)
	module.lstms.1.lstm.bias_hh_l0_reverse (ndim=1)
	module.lstms.2.bn_normalization_layer.weight (ndim=1)
	module.lstms.2.bn_normalization_layer.bias (ndim=1)
	module.lstms.2.lstm.bias_ih_l0 (ndim=1)
	module.lstms.2.lstm.bias_hh_l0 (ndim=1)
	module.lstms.2.lstm.bias_ih_l0_reverse (ndim=1)
	module.lstms.2.lstm.bias_hh_l0_reverse (ndim=1)
	module.lstms.3.bn_normalization_layer.weight (ndim=1)
	module.lstms.3.bn_normalization_layer.bias (ndim=1)
	module.lstms.3.lstm.bias_ih_l0 (ndim=1)
	module.lstms.3.lstm.bias_hh_l0 (ndim=1)
	module.lstms.3.lstm.bias_ih_l0_reverse (ndim=1)
	module.lstms.3.lstm.bias_hh_l0_reverse (ndim=1)
	module.lstms.4.bn_normalization_layer.weight (ndim=1)
	module.lstms.4.bn_normalization_layer.bias (ndim=1)
	module.lstms.4.lstm.bias_ih_l0 (ndim=1)
	module.lstms.4.lstm.bias_hh_l0 (ndim=1)
	module.lstms.4.lstm.bias_ih_l0_reverse (ndim=1)
	module.lstms.4.lstm.bias_hh_l0_reverse (ndim=1)
	module.lstms.5.bn_normalization_layer.weight (ndim=1)
	module.lstms.5.bn_normalization_layer.bias (ndim=1)
	module.lstms.5.lstm.bias_ih_l0 (ndim=1)
	module.lstms.5.lstm.bias_hh_l0 (ndim=1)
	module.lstms.5.lstm.bias_ih_l0_reverse (ndim=1)
	module.lstms.5.lstm.bias_hh_l0_reverse (ndim=1)
	module.ffns.0.bn_normalization_layer.weight (ndim=1)
	module.ffns.0.bn_normalization_layer.bias (ndim=1)
	module.ffns.0.lin.bias (ndim=1)
	module.ffns.1.bn_normalization_layer.weight (ndim=1)
	module.ffns.1.bn_normalization_layer.bias (ndim=1)
	module.ffns.1.lin.bias (ndim=1)
	module.ffns.2.bn_normalization_layer.weight (ndim=1)
	module.ffns.2.bn_normalization_layer.bias (ndim=1)
	module.ffns.2.lin.bias (ndim=1)
	module.ln.scale (ndim=1)
	module.ln.bias (ndim=1)
	module.lin.bias (ndim=1)
I0603 10:20:00.095387 140250578285760 submission_runner.py:299] Initializing metrics bundle.
I0603 10:20:00.095551 140250578285760 submission_runner.py:321] Initializing checkpoint and logger.
I0603 10:20:00.095651 139651328701632 logger_utils.py:283] Unable to record workload.train_mean information. Continuing without it.
I0603 10:20:00.095656 139688488232128 logger_utils.py:283] Unable to record workload.train_mean information. Continuing without it.
I0603 10:20:00.095674 140042571527360 logger_utils.py:283] Unable to record workload.train_mean information. Continuing without it.
I0603 10:20:00.095751 139651328701632 logger_utils.py:283] Unable to record workload.train_stddev information. Continuing without it.
I0603 10:20:00.095754 139688488232128 logger_utils.py:283] Unable to record workload.train_stddev information. Continuing without it.
I0603 10:20:00.095776 140042571527360 logger_utils.py:283] Unable to record workload.train_stddev information. Continuing without it.
I0603 10:20:00.095957 140250578285760 submission_runner.py:344] Saving meta data to /experiment_runs/submissions_a100/muon_torch_jax_hps_achandr/study_2/librispeech_deepspeech_pytorch/trial_1/meta_data_0.json.
I0603 10:20:00.096164 140250578285760 logger_utils.py:283] Unable to record workload.train_mean information. Continuing without it.
I0603 10:20:00.096220 140250578285760 logger_utils.py:283] Unable to record workload.train_stddev information. Continuing without it.
I0603 10:20:00.586633 140250578285760 submission_runner.py:348] Saving flags to /experiment_runs/submissions_a100/muon_torch_jax_hps_achandr/study_2/librispeech_deepspeech_pytorch/trial_1/flags_0.json.
I0603 10:20:00.601397 140250578285760 submission_runner.py:359] Starting training loop.
/usr/local/lib/python3.11/multiprocessing/popen_fork.py:66: RuntimeWarning: os.fork() was called. os.fork() is incompatible with multithreaded code, and JAX is multithreaded, so this will likely lead to a deadlock.
  self.pid = os.fork()
/usr/local/lib/python3.11/multiprocessing/popen_fork.py:66: RuntimeWarning: os.fork() was called. os.fork() is incompatible with multithreaded code, and JAX is multithreaded, so this will likely lead to a deadlock.
  self.pid = os.fork()
/usr/local/lib/python3.11/multiprocessing/popen_fork.py:66: RuntimeWarning: os.fork() was called. os.fork() is incompatible with multithreaded code, and JAX is multithreaded, so this will likely lead to a deadlock.
  self.pid = os.fork()
/usr/local/lib/python3.11/multiprocessing/popen_fork.py:66: RuntimeWarning: os.fork() was called. os.fork() is incompatible with multithreaded code, and JAX is multithreaded, so this will likely lead to a deadlock.
  self.pid = os.fork()
/algorithmic-efficiency/algoperf/workloads/librispeech_conformer/librispeech_pytorch/preprocessor.py:516: UserWarning: Specified kernel cache directory could not be created! This disables kernel caching. Specified directory is /root/.cache/torch/kernels. This warning will appear only once per process. (Triggered internally at /pytorch/aten/src/ATen/native/cuda/jit_utils.cpp:1487.)
  spectrum = torch.abs(spectrum)
/algorithmic-efficiency/algoperf/workloads/librispeech_conformer/librispeech_pytorch/preprocessor.py:516: UserWarning: Specified kernel cache directory could not be created! This disables kernel caching. Specified directory is /root/.cache/torch/kernels. This warning will appear only once per process. (Triggered internally at /pytorch/aten/src/ATen/native/cuda/jit_utils.cpp:1487.)
  spectrum = torch.abs(spectrum)
/algorithmic-efficiency/algoperf/workloads/librispeech_conformer/librispeech_pytorch/preprocessor.py:516: UserWarning: Specified kernel cache directory could not be created! This disables kernel caching. Specified directory is /root/.cache/torch/kernels. This warning will appear only once per process. (Triggered internally at /pytorch/aten/src/ATen/native/cuda/jit_utils.cpp:1487.)
  spectrum = torch.abs(spectrum)
I0603 10:21:00.593093 140250578285760 submission.py:197] 
=== DIAGNOSTICS [Step 0] ===
  • Muon LR:      0.003883970586  |  Grad Norm: 34.995883 (from 31 gradients)
  • NAdamW LR:    0.000135749518  |  Grad Norm: 15.113528 (from 51 gradients)
  • Muon Params:  31 total tensors
  • NAdamW Params:51 total tensors
========================================

I0603 10:21:13.304129 140250578285760 spec.py:333] Evaluating on the training split.
I0603 10:21:13.305324 140250578285760 input_pipeline.py:19] Loading split = train-clean-100
I0603 10:21:13.330590 140250578285760 input_pipeline.py:19] Loading split = train-clean-360
I0603 10:21:13.421797 140250578285760 input_pipeline.py:19] Loading split = train-other-500
/usr/local/lib/python3.11/multiprocessing/popen_fork.py:66: RuntimeWarning: os.fork() was called. os.fork() is incompatible with multithreaded code, and JAX is multithreaded, so this will likely lead to a deadlock.
  self.pid = os.fork()
/usr/local/lib/python3.11/multiprocessing/popen_fork.py:66: RuntimeWarning: os.fork() was called. os.fork() is incompatible with multithreaded code, and JAX is multithreaded, so this will likely lead to a deadlock.
  self.pid = os.fork()
/usr/local/lib/python3.11/multiprocessing/popen_fork.py:66: RuntimeWarning: os.fork() was called. os.fork() is incompatible with multithreaded code, and JAX is multithreaded, so this will likely lead to a deadlock.
  self.pid = os.fork()
/usr/local/lib/python3.11/multiprocessing/popen_fork.py:66: RuntimeWarning: os.fork() was called. os.fork() is incompatible with multithreaded code, and JAX is multithreaded, so this will likely lead to a deadlock.
  self.pid = os.fork()
I0603 10:21:48.042950 140250578285760 spec.py:346] Evaluating on the validation split.
I0603 10:21:48.044070 140250578285760 input_pipeline.py:19] Loading split = dev-clean
I0603 10:21:48.064849 140250578285760 input_pipeline.py:19] Loading split = dev-other
/usr/local/lib/python3.11/multiprocessing/popen_fork.py:66: RuntimeWarning: os.fork() was called. os.fork() is incompatible with multithreaded code, and JAX is multithreaded, so this will likely lead to a deadlock.
  self.pid = os.fork()
/usr/local/lib/python3.11/multiprocessing/popen_fork.py:66: RuntimeWarning: os.fork() was called. os.fork() is incompatible with multithreaded code, and JAX is multithreaded, so this will likely lead to a deadlock.
  self.pid = os.fork()
/usr/local/lib/python3.11/multiprocessing/popen_fork.py:66: RuntimeWarning: os.fork() was called. os.fork() is incompatible with multithreaded code, and JAX is multithreaded, so this will likely lead to a deadlock.
  self.pid = os.fork()
/usr/local/lib/python3.11/multiprocessing/popen_fork.py:66: RuntimeWarning: os.fork() was called. os.fork() is incompatible with multithreaded code, and JAX is multithreaded, so this will likely lead to a deadlock.
  self.pid = os.fork()
I0603 10:22:14.485571 140250578285760 spec.py:363] Evaluating on the test split.
I0603 10:22:14.486787 140250578285760 input_pipeline.py:19] Loading split = test-clean
/usr/local/lib/python3.11/multiprocessing/popen_fork.py:66: RuntimeWarning: os.fork() was called. os.fork() is incompatible with multithreaded code, and JAX is multithreaded, so this will likely lead to a deadlock.
  self.pid = os.fork()
/usr/local/lib/python3.11/multiprocessing/popen_fork.py:66: RuntimeWarning: os.fork() was called. os.fork() is incompatible with multithreaded code, and JAX is multithreaded, so this will likely lead to a deadlock.
  self.pid = os.fork()
/usr/local/lib/python3.11/multiprocessing/popen_fork.py:66: RuntimeWarning: os.fork() was called. os.fork() is incompatible with multithreaded code, and JAX is multithreaded, so this will likely lead to a deadlock.
  self.pid = os.fork()
/usr/local/lib/python3.11/multiprocessing/popen_fork.py:66: RuntimeWarning: os.fork() was called. os.fork() is incompatible with multithreaded code, and JAX is multithreaded, so this will likely lead to a deadlock.
  self.pid = os.fork()
I0603 10:22:26.470706 140250578285760 submission_runner.py:516] Time since start: 145.87s, 	Step: 1, 	{'train/ctc_loss': 30.40417499974447, 'train/wer': 2.035248582642826, 'validation/ctc_loss': 29.644125477195097, 'validation/wer': 1.845526963742577, 'validation/num_examples': 5348, 'test/ctc_loss': 29.750822633718304, 'test/wer': 2.15286494830703, 'test/num_examples': 2472, 'score': 72.07693219184875, 'total_duration': 145.86905455589294, 'accumulated_submission_time': 72.07693219184875, 'accumulated_eval_time': 73.1662962436676, 'accumulated_logging_time': 0}
I0603 10:22:26.666902 140233861474048 logging_writer.py:48] [1] accumulated_eval_time=73.1663, accumulated_logging_time=0, accumulated_submission_time=72.0769, global_step=1, preemption_count=0, score=72.0769, test/ctc_loss=29.7508, test/num_examples=2472, test/wer=2.15286, total_duration=145.869, train/ctc_loss=30.4042, train/wer=2.03525, validation/ctc_loss=29.6441, validation/num_examples=5348, validation/wer=1.84553
I0603 10:22:28.173828 140250578285760 submission.py:197] 
=== DIAGNOSTICS [Step 1] ===
  • Muon LR:      0.003883970580  |  Grad Norm: 42.905661 (from 31 gradients)
  • NAdamW LR:    0.000135749518  |  Grad Norm: 22.095000 (from 51 gradients)
  • Muon Params:  31 total tensors
  • NAdamW Params:51 total tensors
========================================

I0603 10:22:28.666439 140250578285760 submission.py:197] 
=== DIAGNOSTICS [Step 2] ===
  • Muon LR:      0.003883970560  |  Grad Norm: 49.644090 (from 31 gradients)
  • NAdamW LR:    0.000135749517  |  Grad Norm: 16.685179 (from 51 gradients)
  • Muon Params:  31 total tensors
  • NAdamW Params:51 total tensors
========================================

I0603 10:22:29.172416 140250578285760 submission.py:197] 
=== DIAGNOSTICS [Step 3] ===
  • Muon LR:      0.003883970528  |  Grad Norm: 47.067495 (from 31 gradients)
  • NAdamW LR:    0.000135749516  |  Grad Norm: 14.708541 (from 51 gradients)
  • Muon Params:  31 total tensors
  • NAdamW Params:51 total tensors
========================================

I0603 10:22:29.657378 140250578285760 submission.py:197] 
=== DIAGNOSTICS [Step 4] ===
  • Muon LR:      0.003883970482  |  Grad Norm: 44.966823 (from 31 gradients)
  • NAdamW LR:    0.000135749514  |  Grad Norm: 15.697768 (from 51 gradients)
  • Muon Params:  31 total tensors
  • NAdamW Params:51 total tensors
========================================

I0603 10:22:30.152197 140250578285760 submission.py:197] 
=== DIAGNOSTICS [Step 5] ===
  • Muon LR:      0.003883970424  |  Grad Norm: 41.742628 (from 31 gradients)
  • NAdamW LR:    0.000135749512  |  Grad Norm: 12.050103 (from 51 gradients)
  • Muon Params:  31 total tensors
  • NAdamW Params:51 total tensors
========================================

/usr/local/lib/python3.11/multiprocessing/popen_fork.py:66: RuntimeWarning: os.fork() was called. os.fork() is incompatible with multithreaded code, and JAX is multithreaded, so this will likely lead to a deadlock.
  self.pid = os.fork()
I0603 10:46:34.365460 140250578285760 spec.py:333] Evaluating on the training split.
I0603 10:46:50.139352 140250578285760 spec.py:346] Evaluating on the validation split.
I0603 10:47:09.691424 140250578285760 spec.py:363] Evaluating on the test split.
I0603 10:47:20.052167 140250578285760 submission_runner.py:516] Time since start: 1639.45s, 	Step: 1102, 	{'train/ctc_loss': 2.7662520570067697, 'train/wer': 0.6406945050152638, 'validation/ctc_loss': 2.857208785412899, 'validation/wer': 0.6338338241683966, 'validation/num_examples': 5348, 'test/ctc_loss': 2.395484386089425, 'test/wer': 0.5755082972802795, 'test/num_examples': 2472, 'score': 1517.4762635231018, 'total_duration': 1639.4506511688232, 'accumulated_submission_time': 1517.4762635231018, 'accumulated_eval_time': 118.85339951515198, 'accumulated_logging_time': 0.4797086715698242}
I0603 10:47:20.086582 140233861474048 logging_writer.py:48] [1102] accumulated_eval_time=118.853, accumulated_logging_time=0.479709, accumulated_submission_time=1517.48, global_step=1102, preemption_count=0, score=1517.48, test/ctc_loss=2.39548, test/num_examples=2472, test/wer=0.575508, total_duration=1639.45, train/ctc_loss=2.76625, train/wer=0.640695, validation/ctc_loss=2.85721, validation/num_examples=5348, validation/wer=0.633834
/usr/local/lib/python3.11/multiprocessing/popen_fork.py:66: RuntimeWarning: os.fork() was called. os.fork() is incompatible with multithreaded code, and JAX is multithreaded, so this will likely lead to a deadlock.
  self.pid = os.fork()
I0603 11:11:27.921184 140250578285760 spec.py:333] Evaluating on the training split.
I0603 11:11:45.945423 140250578285760 spec.py:346] Evaluating on the validation split.
I0603 11:12:05.823294 140250578285760 spec.py:363] Evaluating on the test split.
I0603 11:12:16.431778 140250578285760 submission_runner.py:516] Time since start: 3135.83s, 	Step: 2711, 	{'train/ctc_loss': 0.7202038523520573, 'train/wer': 0.2296118621892717, 'validation/ctc_loss': 0.9562750370454088, 'validation/wer': 0.2723603534012456, 'validation/num_examples': 5348, 'test/ctc_loss': 0.6196165881669785, 'test/wer': 0.19746917717790913, 'test/num_examples': 2472, 'score': 2962.774787902832, 'total_duration': 3135.8302090168, 'accumulated_submission_time': 2962.774787902832, 'accumulated_eval_time': 167.3638837337494, 'accumulated_logging_time': 0.5247244834899902}
I0603 11:12:16.546148 140233861474048 logging_writer.py:48] [2711] accumulated_eval_time=167.364, accumulated_logging_time=0.524724, accumulated_submission_time=2962.77, global_step=2711, preemption_count=0, score=2962.77, test/ctc_loss=0.619617, test/num_examples=2472, test/wer=0.197469, total_duration=3135.83, train/ctc_loss=0.720204, train/wer=0.229612, validation/ctc_loss=0.956275, validation/num_examples=5348, validation/wer=0.27236
/usr/local/lib/python3.11/multiprocessing/popen_fork.py:66: RuntimeWarning: os.fork() was called. os.fork() is incompatible with multithreaded code, and JAX is multithreaded, so this will likely lead to a deadlock.
  self.pid = os.fork()
I0603 11:36:24.239648 140250578285760 spec.py:333] Evaluating on the training split.
I0603 11:36:41.062753 140250578285760 spec.py:346] Evaluating on the validation split.
I0603 11:37:01.050688 140250578285760 spec.py:363] Evaluating on the test split.
I0603 11:37:11.703039 140250578285760 submission_runner.py:516] Time since start: 4631.10s, 	Step: 4474, 	{'train/ctc_loss': 0.5584660521483157, 'train/wer': 0.18385848233754906, 'validation/ctc_loss': 0.8083941992540687, 'validation/wer': 0.23157437358180852, 'validation/num_examples': 5348, 'test/ctc_loss': 0.4907268714917091, 'test/wer': 0.16011618223549245, 'test/num_examples': 2472, 'score': 4407.807820796967, 'total_duration': 4631.101469039917, 'accumulated_submission_time': 4407.807820796967, 'accumulated_eval_time': 214.82715249061584, 'accumulated_logging_time': 0.6497998237609863}
I0603 11:37:11.737352 140233861474048 logging_writer.py:48] [4474] accumulated_eval_time=214.827, accumulated_logging_time=0.6498, accumulated_submission_time=4407.81, global_step=4474, preemption_count=0, score=4407.81, test/ctc_loss=0.490727, test/num_examples=2472, test/wer=0.160116, total_duration=4631.1, train/ctc_loss=0.558466, train/wer=0.183858, validation/ctc_loss=0.808394, validation/num_examples=5348, validation/wer=0.231574
/usr/local/lib/python3.11/multiprocessing/popen_fork.py:66: RuntimeWarning: os.fork() was called. os.fork() is incompatible with multithreaded code, and JAX is multithreaded, so this will likely lead to a deadlock.
  self.pid = os.fork()
I0603 12:01:20.011640 140250578285760 spec.py:333] Evaluating on the training split.
I0603 12:01:35.296611 140250578285760 spec.py:346] Evaluating on the validation split.
I0603 12:01:55.335721 140250578285760 spec.py:363] Evaluating on the test split.
I0603 12:02:05.941303 140250578285760 submission_runner.py:516] Time since start: 6125.34s, 	Step: 6182, 	{'train/ctc_loss': 0.49460908779628565, 'train/wer': 0.16435891844744877, 'validation/ctc_loss': 0.74313737724784, 'validation/wer': 0.21530439820402647, 'validation/num_examples': 5348, 'test/ctc_loss': 0.43695434987741144, 'test/wer': 0.1437044258932017, 'test/num_examples': 2472, 'score': 5853.313982725143, 'total_duration': 6125.3397564888, 'accumulated_submission_time': 5853.313982725143, 'accumulated_eval_time': 260.7567319869995, 'accumulated_logging_time': 0.695077657699585}
I0603 12:02:05.975020 140233861474048 logging_writer.py:48] [6182] accumulated_eval_time=260.757, accumulated_logging_time=0.695078, accumulated_submission_time=5853.31, global_step=6182, preemption_count=0, score=5853.31, test/ctc_loss=0.436954, test/num_examples=2472, test/wer=0.143704, total_duration=6125.34, train/ctc_loss=0.494609, train/wer=0.164359, validation/ctc_loss=0.743137, validation/num_examples=5348, validation/wer=0.215304
/usr/local/lib/python3.11/multiprocessing/popen_fork.py:66: RuntimeWarning: os.fork() was called. os.fork() is incompatible with multithreaded code, and JAX is multithreaded, so this will likely lead to a deadlock.
  self.pid = os.fork()
I0603 12:26:13.953434 140250578285760 spec.py:333] Evaluating on the training split.
I0603 12:26:29.931369 140250578285760 spec.py:346] Evaluating on the validation split.
I0603 12:26:49.577663 140250578285760 spec.py:363] Evaluating on the test split.
I0603 12:27:00.420009 140250578285760 submission_runner.py:516] Time since start: 7619.82s, 	Step: 8101, 	{'train/ctc_loss': 0.44050150506458063, 'train/wer': 0.14902965547317923, 'validation/ctc_loss': 0.6895000204063693, 'validation/wer': 0.20062762516294114, 'validation/num_examples': 5348, 'test/ctc_loss': 0.4051795680366475, 'test/wer': 0.13300022342737594, 'test/num_examples': 2472, 'score': 7298.428580760956, 'total_duration': 7619.818458080292, 'accumulated_submission_time': 7298.428580760956, 'accumulated_eval_time': 307.2232222557068, 'accumulated_logging_time': 0.7399280071258545}
I0603 12:27:00.454827 140233861474048 logging_writer.py:48] [8101] accumulated_eval_time=307.223, accumulated_logging_time=0.739928, accumulated_submission_time=7298.43, global_step=8101, preemption_count=0, score=7298.43, test/ctc_loss=0.40518, test/num_examples=2472, test/wer=0.133, total_duration=7619.82, train/ctc_loss=0.440502, train/wer=0.14903, validation/ctc_loss=0.6895, validation/num_examples=5348, validation/wer=0.200628
/usr/local/lib/python3.11/multiprocessing/popen_fork.py:66: RuntimeWarning: os.fork() was called. os.fork() is incompatible with multithreaded code, and JAX is multithreaded, so this will likely lead to a deadlock.
  self.pid = os.fork()
I0603 12:51:09.704990 140250578285760 spec.py:333] Evaluating on the training split.
I0603 12:51:27.133566 140250578285760 spec.py:346] Evaluating on the validation split.
I0603 12:51:48.091636 140250578285760 spec.py:363] Evaluating on the test split.
I0603 12:51:58.819708 140250578285760 submission_runner.py:516] Time since start: 9118.22s, 	Step: 10026, 	{'train/ctc_loss': 0.3988456007737412, 'train/wer': 0.13499236807675535, 'validation/ctc_loss': 0.646038083779134, 'validation/wer': 0.18757302177376528, 'validation/num_examples': 5348, 'test/ctc_loss': 0.3724526078295374, 'test/wer': 0.12077265248918409, 'test/num_examples': 2472, 'score': 8744.598281860352, 'total_duration': 9118.218113899231, 'accumulated_submission_time': 8744.598281860352, 'accumulated_eval_time': 356.337895154953, 'accumulated_logging_time': 0.7857792377471924}
I0603 12:51:59.006325 140233861474048 logging_writer.py:48] [10026] accumulated_eval_time=356.338, accumulated_logging_time=0.785779, accumulated_submission_time=8744.6, global_step=10026, preemption_count=0, score=8744.6, test/ctc_loss=0.372453, test/num_examples=2472, test/wer=0.120773, total_duration=9118.22, train/ctc_loss=0.398846, train/wer=0.134992, validation/ctc_loss=0.646038, validation/num_examples=5348, validation/wer=0.187573
/usr/local/lib/python3.11/multiprocessing/popen_fork.py:66: RuntimeWarning: os.fork() was called. os.fork() is incompatible with multithreaded code, and JAX is multithreaded, so this will likely lead to a deadlock.
  self.pid = os.fork()
I0603 13:16:08.450987 140250578285760 spec.py:333] Evaluating on the training split.
I0603 13:16:25.969715 140250578285760 spec.py:346] Evaluating on the validation split.
I0603 13:16:46.487850 140250578285760 spec.py:363] Evaluating on the test split.
I0603 13:16:56.910593 140250578285760 submission_runner.py:516] Time since start: 10616.31s, 	Step: 11936, 	{'train/ctc_loss': 0.37351974300617696, 'train/wer': 0.12665721761883994, 'validation/ctc_loss': 0.6199507971041792, 'validation/wer': 0.17963597740549414, 'validation/num_examples': 5348, 'test/ctc_loss': 0.3526179360361959, 'test/wer': 0.11530883756829768, 'test/num_examples': 2472, 'score': 10189.376908540726, 'total_duration': 10616.309031963348, 'accumulated_submission_time': 10189.376908540726, 'accumulated_eval_time': 404.7974467277527, 'accumulated_logging_time': 0.9836382865905762}
I0603 13:16:58.341693 140233861474048 logging_writer.py:48] [11936] accumulated_eval_time=404.797, accumulated_logging_time=0.983638, accumulated_submission_time=10189.4, global_step=11936, preemption_count=0, score=10189.4, test/ctc_loss=0.352618, test/num_examples=2472, test/wer=0.115309, total_duration=10616.3, train/ctc_loss=0.37352, train/wer=0.126657, validation/ctc_loss=0.619951, validation/num_examples=5348, validation/wer=0.179636
/usr/local/lib/python3.11/multiprocessing/popen_fork.py:66: RuntimeWarning: os.fork() was called. os.fork() is incompatible with multithreaded code, and JAX is multithreaded, so this will likely lead to a deadlock.
  self.pid = os.fork()
I0603 13:41:04.963328 140250578285760 spec.py:333] Evaluating on the training split.
I0603 13:41:20.614058 140250578285760 spec.py:346] Evaluating on the validation split.
I0603 13:41:40.245412 140250578285760 spec.py:363] Evaluating on the test split.
I0603 13:41:50.655004 140250578285760 submission_runner.py:516] Time since start: 12110.05s, 	Step: 13787, 	{'train/ctc_loss': 0.3474471821988423, 'train/wer': 0.11872001744439599, 'validation/ctc_loss': 0.5928028697634117, 'validation/wer': 0.1723555255153768, 'validation/num_examples': 5348, 'test/ctc_loss': 0.3383293629830957, 'test/wer': 0.10966221843072736, 'test/num_examples': 2472, 'score': 11632.470215082169, 'total_duration': 12110.053467035294, 'accumulated_submission_time': 11632.470215082169, 'accumulated_eval_time': 450.48906350135803, 'accumulated_logging_time': 3.0872962474823}
I0603 13:41:51.101153 140233861474048 logging_writer.py:48] [13787] accumulated_eval_time=450.489, accumulated_logging_time=3.0873, accumulated_submission_time=11632.5, global_step=13787, preemption_count=0, score=11632.5, test/ctc_loss=0.338329, test/num_examples=2472, test/wer=0.109662, total_duration=12110.1, train/ctc_loss=0.347447, train/wer=0.11872, validation/ctc_loss=0.592803, validation/num_examples=5348, validation/wer=0.172356
/usr/local/lib/python3.11/multiprocessing/popen_fork.py:66: RuntimeWarning: os.fork() was called. os.fork() is incompatible with multithreaded code, and JAX is multithreaded, so this will likely lead to a deadlock.
  self.pid = os.fork()
I0603 14:05:58.666062 140250578285760 spec.py:333] Evaluating on the training split.
I0603 14:06:13.883268 140250578285760 spec.py:346] Evaluating on the validation split.
I0603 14:06:33.671972 140250578285760 spec.py:363] Evaluating on the test split.
I0603 14:06:44.277605 140250578285760 submission_runner.py:516] Time since start: 13603.65s, 	Step: 15525, 	{'train/ctc_loss': 0.33059793311278357, 'train/wer': 0.11292520715220236, 'validation/ctc_loss': 0.5778767879118947, 'validation/wer': 0.1673634915270603, 'validation/num_examples': 5348, 'test/ctc_loss': 0.32429924914510616, 'test/wer': 0.10742794467125709, 'test/num_examples': 2472, 'score': 13076.799126148224, 'total_duration': 13603.64515709877, 'accumulated_submission_time': 13076.799126148224, 'accumulated_eval_time': 496.06980299949646, 'accumulated_logging_time': 3.95231032371521}
I0603 14:06:44.955863 140233861474048 logging_writer.py:48] [15525] accumulated_eval_time=496.07, accumulated_logging_time=3.95231, accumulated_submission_time=13076.8, global_step=15525, preemption_count=0, score=13076.8, test/ctc_loss=0.324299, test/num_examples=2472, test/wer=0.107428, total_duration=13603.6, train/ctc_loss=0.330598, train/wer=0.112925, validation/ctc_loss=0.577877, validation/num_examples=5348, validation/wer=0.167363
/usr/local/lib/python3.11/multiprocessing/popen_fork.py:66: RuntimeWarning: os.fork() was called. os.fork() is incompatible with multithreaded code, and JAX is multithreaded, so this will likely lead to a deadlock.
  self.pid = os.fork()
I0603 14:30:52.152758 140250578285760 spec.py:333] Evaluating on the training split.
I0603 14:31:09.883512 140250578285760 spec.py:346] Evaluating on the validation split.
I0603 14:31:29.617497 140250578285760 spec.py:363] Evaluating on the test split.
I0603 14:31:40.070736 140250578285760 submission_runner.py:516] Time since start: 15099.47s, 	Step: 17405, 	{'train/ctc_loss': 0.31104231471607346, 'train/wer': 0.10599651112080244, 'validation/ctc_loss': 0.5512656560019841, 'validation/wer': 0.1593298894414136, 'validation/num_examples': 5348, 'test/ctc_loss': 0.3070681475417769, 'test/wer': 0.09875490016858611, 'test/num_examples': 2472, 'score': 14520.757088661194, 'total_duration': 15099.469207763672, 'accumulated_submission_time': 14520.757088661194, 'accumulated_eval_time': 543.9877684116364, 'accumulated_logging_time': 5.004138946533203}
I0603 14:31:40.667217 140233861474048 logging_writer.py:48] [17405] accumulated_eval_time=543.988, accumulated_logging_time=5.00414, accumulated_submission_time=14520.8, global_step=17405, preemption_count=0, score=14520.8, test/ctc_loss=0.307068, test/num_examples=2472, test/wer=0.0987549, total_duration=15099.5, train/ctc_loss=0.311042, train/wer=0.105997, validation/ctc_loss=0.551266, validation/num_examples=5348, validation/wer=0.15933
/usr/local/lib/python3.11/multiprocessing/popen_fork.py:66: RuntimeWarning: os.fork() was called. os.fork() is incompatible with multithreaded code, and JAX is multithreaded, so this will likely lead to a deadlock.
  self.pid = os.fork()
I0603 14:55:49.674471 140250578285760 spec.py:333] Evaluating on the training split.
I0603 14:56:07.644510 140250578285760 spec.py:346] Evaluating on the validation split.
I0603 14:56:27.427131 140250578285760 spec.py:363] Evaluating on the test split.
I0603 14:56:37.781624 140250578285760 submission_runner.py:516] Time since start: 16597.18s, 	Step: 19334, 	{'train/ctc_loss': 0.2830054295609334, 'train/wer': 0.09591692106410815, 'validation/ctc_loss': 0.5320276985068817, 'validation/wer': 0.15447303625742287, 'validation/num_examples': 5348, 'test/ctc_loss': 0.2917681937141106, 'test/wer': 0.09398167895517234, 'test/num_examples': 2472, 'score': 15965.001669168472, 'total_duration': 16597.18005824089, 'accumulated_submission_time': 15965.001669168472, 'accumulated_eval_time': 592.0948619842529, 'accumulated_logging_time': 5.939850330352783}
I0603 14:56:39.015676 140233861474048 logging_writer.py:48] [19334] accumulated_eval_time=592.095, accumulated_logging_time=5.93985, accumulated_submission_time=15965, global_step=19334, preemption_count=0, score=15965, test/ctc_loss=0.291768, test/num_examples=2472, test/wer=0.0939817, total_duration=16597.2, train/ctc_loss=0.283005, train/wer=0.0959169, validation/ctc_loss=0.532028, validation/num_examples=5348, validation/wer=0.154473
/usr/local/lib/python3.11/multiprocessing/popen_fork.py:66: RuntimeWarning: os.fork() was called. os.fork() is incompatible with multithreaded code, and JAX is multithreaded, so this will likely lead to a deadlock.
  self.pid = os.fork()
I0603 15:20:46.818341 140250578285760 spec.py:333] Evaluating on the training split.
I0603 15:21:06.886786 140250578285760 spec.py:346] Evaluating on the validation split.
I0603 15:21:26.849993 140250578285760 spec.py:363] Evaluating on the test split.
I0603 15:21:37.419277 140250578285760 submission_runner.py:516] Time since start: 18096.82s, 	Step: 21246, 	{'train/ctc_loss': 0.261328070433956, 'train/wer': 0.09143044047099869, 'validation/ctc_loss': 0.5061894087803898, 'validation/wer': 0.14798435764978515, 'validation/num_examples': 5348, 'test/ctc_loss': 0.27878358583618296, 'test/wer': 0.09138179676233421, 'test/num_examples': 2472, 'score': 17409.156594753265, 'total_duration': 18096.817624092102, 'accumulated_submission_time': 17409.156594753265, 'accumulated_eval_time': 642.6956250667572, 'accumulated_logging_time': 7.796720266342163}
I0603 15:21:38.108758 140233861474048 logging_writer.py:48] [21246] accumulated_eval_time=642.696, accumulated_logging_time=7.79672, accumulated_submission_time=17409.2, global_step=21246, preemption_count=0, score=17409.2, test/ctc_loss=0.278784, test/num_examples=2472, test/wer=0.0913818, total_duration=18096.8, train/ctc_loss=0.261328, train/wer=0.0914304, validation/ctc_loss=0.506189, validation/num_examples=5348, validation/wer=0.147984
/usr/local/lib/python3.11/multiprocessing/popen_fork.py:66: RuntimeWarning: os.fork() was called. os.fork() is incompatible with multithreaded code, and JAX is multithreaded, so this will likely lead to a deadlock.
  self.pid = os.fork()
I0603 15:45:45.651021 140250578285760 spec.py:333] Evaluating on the training split.
I0603 15:46:03.401253 140250578285760 spec.py:346] Evaluating on the validation split.
I0603 15:46:23.031123 140250578285760 spec.py:363] Evaluating on the test split.
I0603 15:46:33.449495 140250578285760 submission_runner.py:516] Time since start: 19592.85s, 	Step: 23116, 	{'train/ctc_loss': 0.24257667567263697, 'train/wer': 0.08422917575228958, 'validation/ctc_loss': 0.49196121494813644, 'validation/wer': 0.14199777917250037, 'validation/num_examples': 5348, 'test/ctc_loss': 0.2639591415171947, 'test/wer': 0.08512583023581743, 'test/num_examples': 2472, 'score': 18853.48197078705, 'total_duration': 19592.847905635834, 'accumulated_submission_time': 18853.48197078705, 'accumulated_eval_time': 690.4941117763519, 'accumulated_logging_time': 8.823486566543579}
I0603 15:46:33.859927 140233861474048 logging_writer.py:48] [23116] accumulated_eval_time=690.494, accumulated_logging_time=8.82349, accumulated_submission_time=18853.5, global_step=23116, preemption_count=0, score=18853.5, test/ctc_loss=0.263959, test/num_examples=2472, test/wer=0.0851258, total_duration=19592.8, train/ctc_loss=0.242577, train/wer=0.0842292, validation/ctc_loss=0.491961, validation/num_examples=5348, validation/wer=0.141998
/usr/local/lib/python3.11/multiprocessing/popen_fork.py:66: RuntimeWarning: os.fork() was called. os.fork() is incompatible with multithreaded code, and JAX is multithreaded, so this will likely lead to a deadlock.
  self.pid = os.fork()
I0603 16:10:41.586706 140250578285760 spec.py:333] Evaluating on the training split.
I0603 16:10:56.820515 140250578285760 spec.py:346] Evaluating on the validation split.
I0603 16:11:16.495404 140250578285760 spec.py:363] Evaluating on the test split.
I0603 16:11:26.934723 140250578285760 submission_runner.py:516] Time since start: 21086.33s, 	Step: 24904, 	{'train/ctc_loss': 0.22609581392734124, 'train/wer': 0.0790667248146533, 'validation/ctc_loss': 0.4780623681434599, 'validation/wer': 0.139525901607686, 'validation/num_examples': 5348, 'test/ctc_loss': 0.25931123580553583, 'test/wer': 0.08319623017082038, 'test/num_examples': 2472, 'score': 20298.137315511703, 'total_duration': 21086.333167552948, 'accumulated_submission_time': 20298.137315511703, 'accumulated_eval_time': 735.8420159816742, 'accumulated_logging_time': 9.513316869735718}
I0603 16:11:27.546982 140233861474048 logging_writer.py:48] [24904] accumulated_eval_time=735.842, accumulated_logging_time=9.51332, accumulated_submission_time=20298.1, global_step=24904, preemption_count=0, score=20298.1, test/ctc_loss=0.259311, test/num_examples=2472, test/wer=0.0831962, total_duration=21086.3, train/ctc_loss=0.226096, train/wer=0.0790667, validation/ctc_loss=0.478062, validation/num_examples=5348, validation/wer=0.139526
/usr/local/lib/python3.11/multiprocessing/popen_fork.py:66: RuntimeWarning: os.fork() was called. os.fork() is incompatible with multithreaded code, and JAX is multithreaded, so this will likely lead to a deadlock.
  self.pid = os.fork()
I0603 16:35:36.607004 140250578285760 spec.py:333] Evaluating on the training split.
I0603 16:35:55.958574 140250578285760 spec.py:346] Evaluating on the validation split.
I0603 16:36:15.757804 140250578285760 spec.py:363] Evaluating on the test split.
I0603 16:36:26.264585 140250578285760 submission_runner.py:516] Time since start: 22585.66s, 	Step: 26723, 	{'train/ctc_loss': 0.20956086525455778, 'train/wer': 0.07363170518970781, 'validation/ctc_loss': 0.46333583703787423, 'validation/wer': 0.13482354077149616, 'validation/num_examples': 5348, 'test/ctc_loss': 0.24737397372411124, 'test/wer': 0.0795604574167733, 'test/num_examples': 2472, 'score': 21742.96231842041, 'total_duration': 22585.66296505928, 'accumulated_submission_time': 21742.96231842041, 'accumulated_eval_time': 785.5049679279327, 'accumulated_logging_time': 10.452990293502808}
I0603 16:36:27.689037 140233861474048 logging_writer.py:48] [26723] accumulated_eval_time=785.505, accumulated_logging_time=10.453, accumulated_submission_time=21743, global_step=26723, preemption_count=0, score=21743, test/ctc_loss=0.247374, test/num_examples=2472, test/wer=0.0795605, total_duration=22585.7, train/ctc_loss=0.209561, train/wer=0.0736317, validation/ctc_loss=0.463336, validation/num_examples=5348, validation/wer=0.134824
/usr/local/lib/python3.11/multiprocessing/popen_fork.py:66: RuntimeWarning: os.fork() was called. os.fork() is incompatible with multithreaded code, and JAX is multithreaded, so this will likely lead to a deadlock.
  self.pid = os.fork()
I0603 17:00:35.932273 140250578285760 spec.py:333] Evaluating on the training split.
I0603 17:00:52.252373 140250578285760 spec.py:346] Evaluating on the validation split.
I0603 17:01:11.995626 140250578285760 spec.py:363] Evaluating on the test split.
I0603 17:01:22.772556 140250578285760 submission_runner.py:516] Time since start: 24082.15s, 	Step: 28654, 	{'train/ctc_loss': 0.19627923728488736, 'train/wer': 0.06854012211077191, 'validation/ctc_loss': 0.4511910059712176, 'validation/wer': 0.13122193791338774, 'validation/num_examples': 5348, 'test/ctc_loss': 0.23867046361862054, 'test/wer': 0.07696057522393517, 'test/num_examples': 2472, 'score': 23187.522135019302, 'total_duration': 24082.151998519897, 'accumulated_submission_time': 23187.522135019302, 'accumulated_eval_time': 832.3877508640289, 'accumulated_logging_time': 12.466652154922485}
I0603 17:01:23.299093 140233861474048 logging_writer.py:48] [28654] accumulated_eval_time=832.388, accumulated_logging_time=12.4667, accumulated_submission_time=23187.5, global_step=28654, preemption_count=0, score=23187.5, test/ctc_loss=0.23867, test/num_examples=2472, test/wer=0.0769606, total_duration=24082.2, train/ctc_loss=0.196279, train/wer=0.0685401, validation/ctc_loss=0.451191, validation/num_examples=5348, validation/wer=0.131222
/usr/local/lib/python3.11/multiprocessing/popen_fork.py:66: RuntimeWarning: os.fork() was called. os.fork() is incompatible with multithreaded code, and JAX is multithreaded, so this will likely lead to a deadlock.
  self.pid = os.fork()
I0603 17:25:31.272262 140250578285760 spec.py:333] Evaluating on the training split.
I0603 17:25:48.741129 140250578285760 spec.py:346] Evaluating on the validation split.
I0603 17:26:09.678252 140250578285760 spec.py:363] Evaluating on the test split.
I0603 17:26:20.307401 140250578285760 submission_runner.py:516] Time since start: 25579.71s, 	Step: 30579, 	{'train/ctc_loss': 0.18362859241539442, 'train/wer': 0.0647241604884431, 'validation/ctc_loss': 0.44129548658202733, 'validation/wer': 0.12758171196832907, 'validation/num_examples': 5348, 'test/ctc_loss': 0.23318633964288019, 'test/wer': 0.07423882355330774, 'test/num_examples': 2472, 'score': 24631.769292354584, 'total_duration': 25579.705749988556, 'accumulated_submission_time': 24631.769292354584, 'accumulated_eval_time': 881.4226634502411, 'accumulated_logging_time': 13.304203510284424}
I0603 17:26:20.810706 140233861474048 logging_writer.py:48] [30579] accumulated_eval_time=881.423, accumulated_logging_time=13.3042, accumulated_submission_time=24631.8, global_step=30579, preemption_count=0, score=24631.8, test/ctc_loss=0.233186, test/num_examples=2472, test/wer=0.0742388, total_duration=25579.7, train/ctc_loss=0.183629, train/wer=0.0647242, validation/ctc_loss=0.441295, validation/num_examples=5348, validation/wer=0.127582
/usr/local/lib/python3.11/multiprocessing/popen_fork.py:66: RuntimeWarning: os.fork() was called. os.fork() is incompatible with multithreaded code, and JAX is multithreaded, so this will likely lead to a deadlock.
  self.pid = os.fork()
I0603 17:50:29.399100 140250578285760 spec.py:333] Evaluating on the training split.
I0603 17:50:47.726218 140250578285760 spec.py:346] Evaluating on the validation split.
I0603 17:51:08.070127 140250578285760 spec.py:363] Evaluating on the test split.
I0603 17:51:18.578196 140250578285760 submission_runner.py:516] Time since start: 27077.98s, 	Step: 32463, 	{'train/ctc_loss': 0.17516468032070567, 'train/wer': 0.061464238988225034, 'validation/ctc_loss': 0.43569634184435907, 'validation/wer': 0.12496499782745137, 'validation/num_examples': 5348, 'test/ctc_loss': 0.22940595461803986, 'test/wer': 0.07285763613836248, 'test/num_examples': 2472, 'score': 26076.039692401886, 'total_duration': 27077.97655749321, 'accumulated_submission_time': 26076.039692401886, 'accumulated_eval_time': 930.602281332016, 'accumulated_logging_time': 14.24569582939148}
I0603 17:51:19.866506 140233861474048 logging_writer.py:48] [32463] accumulated_eval_time=930.602, accumulated_logging_time=14.2457, accumulated_submission_time=26076, global_step=32463, preemption_count=0, score=26076, test/ctc_loss=0.229406, test/num_examples=2472, test/wer=0.0728576, total_duration=27078, train/ctc_loss=0.175165, train/wer=0.0614642, validation/ctc_loss=0.435696, validation/num_examples=5348, validation/wer=0.124965
/usr/local/lib/python3.11/multiprocessing/popen_fork.py:66: RuntimeWarning: os.fork() was called. os.fork() is incompatible with multithreaded code, and JAX is multithreaded, so this will likely lead to a deadlock.
  self.pid = os.fork()
I0603 18:15:26.533300 140250578285760 spec.py:333] Evaluating on the training split.
I0603 18:15:41.926895 140250578285760 spec.py:346] Evaluating on the validation split.
I0603 18:16:01.839883 140250578285760 spec.py:363] Evaluating on the test split.
I0603 18:16:12.500740 140250578285760 submission_runner.py:516] Time since start: 28571.90s, 	Step: 34276, 	{'train/ctc_loss': 0.16903403888381616, 'train/wer': 0.05959441779328391, 'validation/ctc_loss': 0.4304015267103677, 'validation/wer': 0.12388355139284507, 'validation/num_examples': 5348, 'test/ctc_loss': 0.22634965864733209, 'test/wer': 0.07275607824020475, 'test/num_examples': 2472, 'score': 27519.139844417572, 'total_duration': 28571.899207115173, 'accumulated_submission_time': 27519.139844417572, 'accumulated_eval_time': 976.5696859359741, 'accumulated_logging_time': 16.226085901260376}
I0603 18:16:12.946328 140233861474048 logging_writer.py:48] [34276] accumulated_eval_time=976.57, accumulated_logging_time=16.2261, accumulated_submission_time=27519.1, global_step=34276, preemption_count=0, score=27519.1, test/ctc_loss=0.22635, test/num_examples=2472, test/wer=0.0727561, total_duration=28571.9, train/ctc_loss=0.169034, train/wer=0.0595944, validation/ctc_loss=0.430402, validation/num_examples=5348, validation/wer=0.123884
/usr/local/lib/python3.11/multiprocessing/popen_fork.py:66: RuntimeWarning: os.fork() was called. os.fork() is incompatible with multithreaded code, and JAX is multithreaded, so this will likely lead to a deadlock.
  self.pid = os.fork()
I0603 18:40:22.436733 140250578285760 spec.py:333] Evaluating on the training split.
I0603 18:40:38.331177 140250578285760 spec.py:346] Evaluating on the validation split.
I0603 18:40:58.650879 140250578285760 spec.py:363] Evaluating on the test split.
I0603 18:41:09.201007 140250578285760 submission_runner.py:516] Time since start: 30068.58s, 	Step: 36026, 	{'train/ctc_loss': 0.16636436191053766, 'train/wer': 0.0586404273877017, 'validation/ctc_loss': 0.427944177984353, 'validation/wer': 0.12339110703422972, 'validation/num_examples': 5348, 'test/ctc_loss': 0.22511442270469062, 'test/wer': 0.07241078138646842, 'test/num_examples': 2472, 'score': 28965.474324464798, 'total_duration': 30068.57733106613, 'accumulated_submission_time': 28965.474324464798, 'accumulated_eval_time': 1023.3117873668671, 'accumulated_logging_time': 16.888755321502686}
I0603 18:41:09.730741 140233861474048 logging_writer.py:48] [36026] accumulated_eval_time=1023.31, accumulated_logging_time=16.8888, accumulated_submission_time=28965.5, global_step=36026, preemption_count=0, score=28965.5, test/ctc_loss=0.225114, test/num_examples=2472, test/wer=0.0724108, total_duration=30068.6, train/ctc_loss=0.166364, train/wer=0.0586404, validation/ctc_loss=0.427944, validation/num_examples=5348, validation/wer=0.123391
/usr/local/lib/python3.11/multiprocessing/popen_fork.py:66: RuntimeWarning: os.fork() was called. os.fork() is incompatible with multithreaded code, and JAX is multithreaded, so this will likely lead to a deadlock.
  self.pid = os.fork()
I0603 19:05:18.621893 140250578285760 spec.py:333] Evaluating on the training split.
I0603 19:05:36.577755 140250578285760 spec.py:346] Evaluating on the validation split.
I0603 19:05:56.056311 140250578285760 spec.py:363] Evaluating on the test split.
I0603 19:06:06.501279 140250578285760 submission_runner.py:516] Time since start: 31565.90s, 	Step: 37962, 	{'train/ctc_loss': 0.16565202216967792, 'train/wer': 0.05867858700392499, 'validation/ctc_loss': 0.4279236244537372, 'validation/wer': 0.12345869743639261, 'validation/num_examples': 5348, 'test/ctc_loss': 0.22467014000903285, 'test/wer': 0.07190299189567972, 'test/num_examples': 2472, 'score': 30409.972634792328, 'total_duration': 31565.89962744713, 'accumulated_submission_time': 30409.972634792328, 'accumulated_eval_time': 1071.1909999847412, 'accumulated_logging_time': 17.668439626693726}
I0603 19:06:07.873893 140233861474048 logging_writer.py:48] [37962] accumulated_eval_time=1071.19, accumulated_logging_time=17.6684, accumulated_submission_time=30410, global_step=37962, preemption_count=0, score=30410, test/ctc_loss=0.22467, test/num_examples=2472, test/wer=0.071903, total_duration=31565.9, train/ctc_loss=0.165652, train/wer=0.0586786, validation/ctc_loss=0.427924, validation/num_examples=5348, validation/wer=0.123459
/usr/local/lib/python3.11/multiprocessing/popen_fork.py:66: RuntimeWarning: os.fork() was called. os.fork() is incompatible with multithreaded code, and JAX is multithreaded, so this will likely lead to a deadlock.
  self.pid = os.fork()
I0603 19:11:26.215073 140250578285760 spec.py:333] Evaluating on the training split.
I0603 19:11:42.882901 140250578285760 spec.py:346] Evaluating on the validation split.
I0603 19:11:55.468377 140250578285760 spec.py:363] Evaluating on the test split.
I0603 19:12:01.889173 140250578285760 submission_runner.py:516] Time since start: 31921.29s, 	Step: 38401, 	{'train/ctc_loss': 0.1656530735641837, 'train/wer': 0.05867858700392499, 'validation/ctc_loss': 0.4280429722818716, 'validation/wer': 0.12342973012117993, 'validation/num_examples': 5348, 'test/ctc_loss': 0.2246898237386283, 'test/wer': 0.07190299189567972, 'test/num_examples': 2472, 'score': 30725.855795621872, 'total_duration': 31921.287546396255, 'accumulated_submission_time': 30725.855795621872, 'accumulated_eval_time': 1106.8649544715881, 'accumulated_logging_time': 19.66915464401245}
I0603 19:12:01.924108 140233861474048 logging_writer.py:48] [38401] accumulated_eval_time=1106.86, accumulated_logging_time=19.6692, accumulated_submission_time=30725.9, global_step=38401, preemption_count=0, score=30725.9, test/ctc_loss=0.22469, test/num_examples=2472, test/wer=0.071903, total_duration=31921.3, train/ctc_loss=0.165653, train/wer=0.0586786, validation/ctc_loss=0.428043, validation/num_examples=5348, validation/wer=0.12343
I0603 19:12:02.704537 140233853081344 logging_writer.py:48] [38401] global_step=38401, preemption_count=0, score=30725.9
I0603 19:12:02.923818 140250578285760 submission_runner.py:857] Final librispeech_deepspeech score: 30725.855795621872
