torchrun --redirects 1:0,2:0,3:0 --standalone --nnodes=1 --nproc_per_node=4 submission_runner.py --framework=pytorch --workload=librispeech_deepspeech --submission_path=submissions_algorithms/submissions/self_tuning/muon_torch_jax_hps_achandr/submission.py --data_dir=/data/librispeech --experiment_dir=/experiment_runs --experiment_name=submissions_a100/muon_torch_jax_hps_achandr/study_2 --overwrite=True --save_checkpoints=False --rng_seed=1362354137 --librispeech_tokenizer_vocab_path=/data/librispeech/spm_model.vocab --torch_compile=true --tuning_ruleset=self 2>&1 | tee -a /logs/librispeech_deepspeech_pytorch_06-01-2026-02-26-19.log
W0601 02:26:37.999000 9 site-packages/torch/distributed/run.py:803] 
W0601 02:26:37.999000 9 site-packages/torch/distributed/run.py:803] *****************************************
W0601 02:26:37.999000 9 site-packages/torch/distributed/run.py:803] Setting OMP_NUM_THREADS environment variable for each process to be 1 in default, to avoid your system being overloaded, please further tune the variable for optimal performance in your application as needed. 
W0601 02:26:37.999000 9 site-packages/torch/distributed/run.py:803] *****************************************
2026-06-01 02:26:47.832034: E external/local_xla/xla/stream_executor/cuda/cuda_fft.cc:467] Unable to register cuFFT factory: Attempting to register factory for plugin cuFFT when one has already been registered
2026-06-01 02:26:47.832034: E external/local_xla/xla/stream_executor/cuda/cuda_fft.cc:467] Unable to register cuFFT factory: Attempting to register factory for plugin cuFFT when one has already been registered
2026-06-01 02:26:47.832061: E external/local_xla/xla/stream_executor/cuda/cuda_fft.cc:467] Unable to register cuFFT factory: Attempting to register factory for plugin cuFFT when one has already been registered
2026-06-01 02:26:47.832034: E external/local_xla/xla/stream_executor/cuda/cuda_fft.cc:467] Unable to register cuFFT factory: Attempting to register factory for plugin cuFFT when one has already been registered
WARNING: All log messages before absl::InitializeLog() is called are written to STDERR
WARNING: All log messages before absl::InitializeLog() is called are written to STDERR
WARNING: All log messages before absl::InitializeLog() is called are written to STDERR
E0000 00:00:1780280808.178292      41 cuda_dnn.cc:8579] Unable to register cuDNN factory: Attempting to register factory for plugin cuDNN when one has already been registered
E0000 00:00:1780280808.178305      40 cuda_dnn.cc:8579] Unable to register cuDNN factory: Attempting to register factory for plugin cuDNN when one has already been registered
E0000 00:00:1780280808.178305      39 cuda_dnn.cc:8579] Unable to register cuDNN factory: Attempting to register factory for plugin cuDNN when one has already been registered
WARNING: All log messages before absl::InitializeLog() is called are written to STDERR
E0000 00:00:1780280808.178335      38 cuda_dnn.cc:8579] Unable to register cuDNN factory: Attempting to register factory for plugin cuDNN when one has already been registered
E0000 00:00:1780280808.313639      38 cuda_blas.cc:1407] Unable to register cuBLAS factory: Attempting to register factory for plugin cuBLAS when one has already been registered
E0000 00:00:1780280808.313655      41 cuda_blas.cc:1407] Unable to register cuBLAS factory: Attempting to register factory for plugin cuBLAS when one has already been registered
E0000 00:00:1780280808.313662      39 cuda_blas.cc:1407] Unable to register cuBLAS factory: Attempting to register factory for plugin cuBLAS when one has already been registered
E0000 00:00:1780280808.313670      40 cuda_blas.cc:1407] Unable to register cuBLAS factory: Attempting to register factory for plugin cuBLAS when one has already been registered
W0000 00:00:1780280809.334804      38 computation_placer.cc:177] computation placer already registered. Please check linkage and avoid linking the same target more than once.
W0000 00:00:1780280809.334800      40 computation_placer.cc:177] computation placer already registered. Please check linkage and avoid linking the same target more than once.
W0000 00:00:1780280809.334802      39 computation_placer.cc:177] computation placer already registered. Please check linkage and avoid linking the same target more than once.
W0000 00:00:1780280809.334806      41 computation_placer.cc:177] computation placer already registered. Please check linkage and avoid linking the same target more than once.
W0000 00:00:1780280809.334843      39 computation_placer.cc:177] computation placer already registered. Please check linkage and avoid linking the same target more than once.
W0000 00:00:1780280809.334843      41 computation_placer.cc:177] computation placer already registered. Please check linkage and avoid linking the same target more than once.
W0000 00:00:1780280809.334843      40 computation_placer.cc:177] computation placer already registered. Please check linkage and avoid linking the same target more than once.
W0000 00:00:1780280809.334845      38 computation_placer.cc:177] computation placer already registered. Please check linkage and avoid linking the same target more than once.
W0000 00:00:1780280809.334846      39 computation_placer.cc:177] computation placer already registered. Please check linkage and avoid linking the same target more than once.
W0000 00:00:1780280809.334846      41 computation_placer.cc:177] computation placer already registered. Please check linkage and avoid linking the same target more than once.
W0000 00:00:1780280809.334847      40 computation_placer.cc:177] computation placer already registered. Please check linkage and avoid linking the same target more than once.
W0000 00:00:1780280809.334848      38 computation_placer.cc:177] computation placer already registered. Please check linkage and avoid linking the same target more than once.
W0000 00:00:1780280809.334849      39 computation_placer.cc:177] computation placer already registered. Please check linkage and avoid linking the same target more than once.
W0000 00:00:1780280809.334849      41 computation_placer.cc:177] computation placer already registered. Please check linkage and avoid linking the same target more than once.
W0000 00:00:1780280809.334850      40 computation_placer.cc:177] computation placer already registered. Please check linkage and avoid linking the same target more than once.
W0000 00:00:1780280809.334851      38 computation_placer.cc:177] computation placer already registered. Please check linkage and avoid linking the same target more than once.
W0000 00:00:1780280836.234913      40 gpu_device.cc:2341] Cannot dlopen some GPU libraries. Please make sure the missing libraries mentioned above are installed properly if you would like to use GPU. Follow the guide at https://www.tensorflow.org/install/gpu for how to download and setup the required libraries for your platform.
Skipping registering GPU devices...
W0000 00:00:1780280836.234910      38 gpu_device.cc:2341] Cannot dlopen some GPU libraries. Please make sure the missing libraries mentioned above are installed properly if you would like to use GPU. Follow the guide at https://www.tensorflow.org/install/gpu for how to download and setup the required libraries for your platform.
Skipping registering GPU devices...
W0000 00:00:1780280836.321220      39 gpu_device.cc:2341] Cannot dlopen some GPU libraries. Please make sure the missing libraries mentioned above are installed properly if you would like to use GPU. Follow the guide at https://www.tensorflow.org/install/gpu for how to download and setup the required libraries for your platform.
Skipping registering GPU devices...
W0000 00:00:1780280836.331199      41 gpu_device.cc:2341] Cannot dlopen some GPU libraries. Please make sure the missing libraries mentioned above are installed properly if you would like to use GPU. Follow the guide at https://www.tensorflow.org/install/gpu for how to download and setup the required libraries for your platform.
Skipping registering GPU devices...
/usr/local/lib/python3.11/site-packages/torch/__init__.py:1617: UserWarning: Please use the new API settings to control TF32 behavior, such as torch.backends.cudnn.conv.fp32_precision = 'tf32' or torch.backends.cuda.matmul.fp32_precision = 'ieee'. Old settings, e.g, torch.backends.cuda.matmul.allow_tf32 = True, torch.backends.cudnn.allow_tf32 = True, allowTF32CuDNN() and allowTF32CuBLAS() will be deprecated after Pytorch 2.9. Please see https://pytorch.org/docs/main/notes/cuda.html#tensorfloat-32-tf32-on-ampere-and-later-devices (Triggered internally at /pytorch/aten/src/ATen/Context.cpp:80.)
  _C._set_float32_matmul_precision(precision)
/usr/local/lib/python3.11/site-packages/torch/__init__.py:1617: UserWarning: Please use the new API settings to control TF32 behavior, such as torch.backends.cudnn.conv.fp32_precision = 'tf32' or torch.backends.cuda.matmul.fp32_precision = 'ieee'. Old settings, e.g, torch.backends.cuda.matmul.allow_tf32 = True, torch.backends.cudnn.allow_tf32 = True, allowTF32CuDNN() and allowTF32CuBLAS() will be deprecated after Pytorch 2.9. Please see https://pytorch.org/docs/main/notes/cuda.html#tensorfloat-32-tf32-on-ampere-and-later-devices (Triggered internally at /pytorch/aten/src/ATen/Context.cpp:80.)
  _C._set_float32_matmul_precision(precision)
/usr/local/lib/python3.11/site-packages/torch/__init__.py:1617: UserWarning: Please use the new API settings to control TF32 behavior, such as torch.backends.cudnn.conv.fp32_precision = 'tf32' or torch.backends.cuda.matmul.fp32_precision = 'ieee'. Old settings, e.g, torch.backends.cuda.matmul.allow_tf32 = True, torch.backends.cudnn.allow_tf32 = True, allowTF32CuDNN() and allowTF32CuBLAS() will be deprecated after Pytorch 2.9. Please see https://pytorch.org/docs/main/notes/cuda.html#tensorfloat-32-tf32-on-ampere-and-later-devices (Triggered internally at /pytorch/aten/src/ATen/Context.cpp:80.)
  _C._set_float32_matmul_precision(precision)
/usr/local/lib/python3.11/site-packages/torch/__init__.py:1617: UserWarning: Please use the new API settings to control TF32 behavior, such as torch.backends.cudnn.conv.fp32_precision = 'tf32' or torch.backends.cuda.matmul.fp32_precision = 'ieee'. Old settings, e.g, torch.backends.cuda.matmul.allow_tf32 = True, torch.backends.cudnn.allow_tf32 = True, allowTF32CuDNN() and allowTF32CuBLAS() will be deprecated after Pytorch 2.9. Please see https://pytorch.org/docs/main/notes/cuda.html#tensorfloat-32-tf32-on-ampere-and-later-devices (Triggered internally at /pytorch/aten/src/ATen/Context.cpp:80.)
  _C._set_float32_matmul_precision(precision)
/usr/local/lib/python3.11/site-packages/pydantic/_internal/_generate_schema.py:2249: UnsupportedFieldAttributeWarning: The 'repr' attribute with value False was provided to the `Field()` function, which has no effect in the context it was used. 'repr' is field-specific metadata, and can only be attached to a model field using `Annotated` metadata or by assignment. This may have happened because an `Annotated` type alias using the `type` statement was used, or if the `Field()` function was attached to a single member of a union type.
  warnings.warn(
/usr/local/lib/python3.11/site-packages/pydantic/_internal/_generate_schema.py:2249: UnsupportedFieldAttributeWarning: The 'repr' attribute with value False was provided to the `Field()` function, which has no effect in the context it was used. 'repr' is field-specific metadata, and can only be attached to a model field using `Annotated` metadata or by assignment. This may have happened because an `Annotated` type alias using the `type` statement was used, or if the `Field()` function was attached to a single member of a union type.
  warnings.warn(
/usr/local/lib/python3.11/site-packages/pydantic/_internal/_generate_schema.py:2249: UnsupportedFieldAttributeWarning: The 'repr' attribute with value False was provided to the `Field()` function, which has no effect in the context it was used. 'repr' is field-specific metadata, and can only be attached to a model field using `Annotated` metadata or by assignment. This may have happened because an `Annotated` type alias using the `type` statement was used, or if the `Field()` function was attached to a single member of a union type.
  warnings.warn(
/usr/local/lib/python3.11/site-packages/pydantic/_internal/_generate_schema.py:2249: UnsupportedFieldAttributeWarning: The 'repr' attribute with value False was provided to the `Field()` function, which has no effect in the context it was used. 'repr' is field-specific metadata, and can only be attached to a model field using `Annotated` metadata or by assignment. This may have happened because an `Annotated` type alias using the `type` statement was used, or if the `Field()` function was attached to a single member of a union type.
  warnings.warn(
/usr/local/lib/python3.11/site-packages/pydantic/_internal/_generate_schema.py:2249: UnsupportedFieldAttributeWarning: The 'frozen' attribute with value True was provided to the `Field()` function, which has no effect in the context it was used. 'frozen' is field-specific metadata, and can only be attached to a model field using `Annotated` metadata or by assignment. This may have happened because an `Annotated` type alias using the `type` statement was used, or if the `Field()` function was attached to a single member of a union type.
  warnings.warn(
/usr/local/lib/python3.11/site-packages/pydantic/_internal/_generate_schema.py:2249: UnsupportedFieldAttributeWarning: The 'frozen' attribute with value True was provided to the `Field()` function, which has no effect in the context it was used. 'frozen' is field-specific metadata, and can only be attached to a model field using `Annotated` metadata or by assignment. This may have happened because an `Annotated` type alias using the `type` statement was used, or if the `Field()` function was attached to a single member of a union type.
  warnings.warn(
/usr/local/lib/python3.11/site-packages/pydantic/_internal/_generate_schema.py:2249: UnsupportedFieldAttributeWarning: The 'frozen' attribute with value True was provided to the `Field()` function, which has no effect in the context it was used. 'frozen' is field-specific metadata, and can only be attached to a model field using `Annotated` metadata or by assignment. This may have happened because an `Annotated` type alias using the `type` statement was used, or if the `Field()` function was attached to a single member of a union type.
  warnings.warn(
/usr/local/lib/python3.11/site-packages/pydantic/_internal/_generate_schema.py:2249: UnsupportedFieldAttributeWarning: The 'frozen' attribute with value True was provided to the `Field()` function, which has no effect in the context it was used. 'frozen' is field-specific metadata, and can only be attached to a model field using `Annotated` metadata or by assignment. This may have happened because an `Annotated` type alias using the `type` statement was used, or if the `Field()` function was attached to a single member of a union type.
  warnings.warn(
/usr/local/lib/python3.11/site-packages/torch/distributed/distributed_c10d.py:4876: UserWarning: barrier(): using the device under current context. You can specify `device_id` in `init_process_group` to mute this warning.
  warnings.warn(  # warn only once
[rank0]:[W601 02:27:24.265861628 ProcessGroupNCCL.cpp:5068] Guessing device ID based on global rank. This can cause a hang if rank to GPU mapping is heterogeneous. You can specify device_id in init_process_group()
I0601 02:27:26.704231 140521354437824 logger_utils.py:84] Creating experiment directory at /experiment_runs/submissions_a100/muon_torch_jax_hps_achandr/study_2/librispeech_deepspeech_pytorch.
I0601 02:27:26.704231 140561172747456 logger_utils.py:84] Creating experiment directory at /experiment_runs/submissions_a100/muon_torch_jax_hps_achandr/study_2/librispeech_deepspeech_pytorch.
I0601 02:27:26.704231 140659141416128 logger_utils.py:84] Creating experiment directory at /experiment_runs/submissions_a100/muon_torch_jax_hps_achandr/study_2/librispeech_deepspeech_pytorch.
I0601 02:27:26.704273 140715261252800 logger_utils.py:84] Creating experiment directory at /experiment_runs/submissions_a100/muon_torch_jax_hps_achandr/study_2/librispeech_deepspeech_pytorch.
I0601 02:27:37.341838 140561172747456 submission_runner.py:741] Creating directory at /experiment_runs/submissions_a100/muon_torch_jax_hps_achandr/study_2/librispeech_deepspeech_pytorch/trial_1.
I0601 02:27:37.701558 140561172747456 submission_runner.py:242] Initializing dataset.
I0601 02:27:37.701760 140561172747456 input_pipeline.py:19] Loading split = train-clean-100
I0601 02:27:37.734959 140561172747456 input_pipeline.py:19] Loading split = train-clean-360
I0601 02:27:37.885381 140561172747456 input_pipeline.py:19] Loading split = train-other-500
I0601 02:27:38.481530 140561172747456 submission_runner.py:251] Initializing model.
W0601 02:27:43.757783 140715261252800 submission_runner.py:273] These workloads cannot be fully compiled under current PyTorch version. Proceeding without `torch.compile`.
W0601 02:27:43.758871 140521354437824 submission_runner.py:273] These workloads cannot be fully compiled under current PyTorch version. Proceeding without `torch.compile`.
W0601 02:27:43.759887 140659141416128 submission_runner.py:273] These workloads cannot be fully compiled under current PyTorch version. Proceeding without `torch.compile`.
W0601 02:27:43.760089 140561172747456 submission_runner.py:273] These workloads cannot be fully compiled under current PyTorch version. Proceeding without `torch.compile`.
I0601 02:27:43.760253 140715261252800 muon.py:324] Muon params:
	module.subsample.conv1.kernel (ndim=4)
	module.subsample.conv2.kernel (ndim=4)
	module.subsample.lin.weight (ndim=2)
	module.lstms.0.lstm.weight_ih_l0 (ndim=2)
	module.lstms.0.lstm.weight_hh_l0 (ndim=2)
	module.lstms.0.lstm.weight_ih_l0_reverse (ndim=2)
	module.lstms.0.lstm.weight_hh_l0_reverse (ndim=2)
	module.lstms.1.lstm.weight_ih_l0 (ndim=2)
	module.lstms.1.lstm.weight_hh_l0 (ndim=2)
	module.lstms.1.lstm.weight_ih_l0_reverse (ndim=2)
	module.lstms.1.lstm.weight_hh_l0_reverse (ndim=2)
	module.lstms.2.lstm.weight_ih_l0 (ndim=2)
	module.lstms.2.lstm.weight_hh_l0 (ndim=2)
	module.lstms.2.lstm.weight_ih_l0_reverse (ndim=2)
	module.lstms.2.lstm.weight_hh_l0_reverse (ndim=2)
	module.lstms.3.lstm.weight_ih_l0 (ndim=2)
	module.lstms.3.lstm.weight_hh_l0 (ndim=2)
	module.lstms.3.lstm.weight_ih_l0_reverse (ndim=2)
	module.lstms.3.lstm.weight_hh_l0_reverse (ndim=2)
	module.lstms.4.lstm.weight_ih_l0 (ndim=2)
	module.lstms.4.lstm.weight_hh_l0 (ndim=2)
	module.lstms.4.lstm.weight_ih_l0_reverse (ndim=2)
	module.lstms.4.lstm.weight_hh_l0_reverse (ndim=2)
	module.lstms.5.lstm.weight_ih_l0 (ndim=2)
	module.lstms.5.lstm.weight_hh_l0 (ndim=2)
	module.lstms.5.lstm.weight_ih_l0_reverse (ndim=2)
	module.lstms.5.lstm.weight_hh_l0_reverse (ndim=2)
	module.ffns.0.lin.weight (ndim=2)
	module.ffns.1.lin.weight (ndim=2)
	module.ffns.2.lin.weight (ndim=2)
	module.lin.weight (ndim=2)
I0601 02:27:43.760388 140715261252800 muon.py:325] Adam params:
	module.subsample.conv1.bias (ndim=1)
	module.subsample.conv2.bias (ndim=1)
	module.subsample.lin.bias (ndim=1)
	module.lstms.0.bn_normalization_layer.weight (ndim=1)
	module.lstms.0.bn_normalization_layer.bias (ndim=1)
	module.lstms.0.lstm.bias_ih_l0 (ndim=1)
	module.lstms.0.lstm.bias_hh_l0 (ndim=1)
	module.lstms.0.lstm.bias_ih_l0_reverse (ndim=1)
	module.lstms.0.lstm.bias_hh_l0_reverse (ndim=1)
	module.lstms.1.bn_normalization_layer.weight (ndim=1)
	module.lstms.1.bn_normalization_layer.bias (ndim=1)
	module.lstms.1.lstm.bias_ih_l0 (ndim=1)
	module.lstms.1.lstm.bias_hh_l0 (ndim=1)
	module.lstms.1.lstm.bias_ih_l0_reverse (ndim=1)
	module.lstms.1.lstm.bias_hh_l0_reverse (ndim=1)
	module.lstms.2.bn_normalization_layer.weight (ndim=1)
	module.lstms.2.bn_normalization_layer.bias (ndim=1)
	module.lstms.2.lstm.bias_ih_l0 (ndim=1)
	module.lstms.2.lstm.bias_hh_l0 (ndim=1)
	module.lstms.2.lstm.bias_ih_l0_reverse (ndim=1)
	module.lstms.2.lstm.bias_hh_l0_reverse (ndim=1)
	module.lstms.3.bn_normalization_layer.weight (ndim=1)
	module.lstms.3.bn_normalization_layer.bias (ndim=1)
	module.lstms.3.lstm.bias_ih_l0 (ndim=1)
	module.lstms.3.lstm.bias_hh_l0 (ndim=1)
	module.lstms.3.lstm.bias_ih_l0_reverse (ndim=1)
	module.lstms.3.lstm.bias_hh_l0_reverse (ndim=1)
	module.lstms.4.bn_normalization_layer.weight (ndim=1)
	module.lstms.4.bn_normalization_layer.bias (ndim=1)
	module.lstms.4.lstm.bias_ih_l0 (ndim=1)
	module.lstms.4.lstm.bias_hh_l0 (ndim=1)
	module.lstms.4.lstm.bias_ih_l0_reverse (ndim=1)
	module.lstms.4.lstm.bias_hh_l0_reverse (ndim=1)
	module.lstms.5.bn_normalization_layer.weight (ndim=1)
	module.lstms.5.bn_normalization_layer.bias (ndim=1)
	module.lstms.5.lstm.bias_ih_l0 (ndim=1)
	module.lstms.5.lstm.bias_hh_l0 (ndim=1)
	module.lstms.5.lstm.bias_ih_l0_reverse (ndim=1)
	module.lstms.5.lstm.bias_hh_l0_reverse (ndim=1)
	module.ffns.0.bn_normalization_layer.weight (ndim=1)
	module.ffns.0.bn_normalization_layer.bias (ndim=1)
	module.ffns.0.lin.bias (ndim=1)
	module.ffns.1.bn_normalization_layer.weight (ndim=1)
	module.ffns.1.bn_normalization_layer.bias (ndim=1)
	module.ffns.1.lin.bias (ndim=1)
	module.ffns.2.bn_normalization_layer.weight (ndim=1)
	module.ffns.2.bn_normalization_layer.bias (ndim=1)
	module.ffns.2.lin.bias (ndim=1)
	module.ln.scale (ndim=1)
	module.ln.bias (ndim=1)
	module.lin.bias (ndim=1)
I0601 02:27:43.761270 140521354437824 muon.py:324] Muon params:
	module.subsample.conv1.kernel (ndim=4)
	module.subsample.conv2.kernel (ndim=4)
	module.subsample.lin.weight (ndim=2)
	module.lstms.0.lstm.weight_ih_l0 (ndim=2)
	module.lstms.0.lstm.weight_hh_l0 (ndim=2)
	module.lstms.0.lstm.weight_ih_l0_reverse (ndim=2)
	module.lstms.0.lstm.weight_hh_l0_reverse (ndim=2)
	module.lstms.1.lstm.weight_ih_l0 (ndim=2)
	module.lstms.1.lstm.weight_hh_l0 (ndim=2)
	module.lstms.1.lstm.weight_ih_l0_reverse (ndim=2)
	module.lstms.1.lstm.weight_hh_l0_reverse (ndim=2)
	module.lstms.2.lstm.weight_ih_l0 (ndim=2)
	module.lstms.2.lstm.weight_hh_l0 (ndim=2)
	module.lstms.2.lstm.weight_ih_l0_reverse (ndim=2)
	module.lstms.2.lstm.weight_hh_l0_reverse (ndim=2)
	module.lstms.3.lstm.weight_ih_l0 (ndim=2)
	module.lstms.3.lstm.weight_hh_l0 (ndim=2)
	module.lstms.3.lstm.weight_ih_l0_reverse (ndim=2)
	module.lstms.3.lstm.weight_hh_l0_reverse (ndim=2)
	module.lstms.4.lstm.weight_ih_l0 (ndim=2)
	module.lstms.4.lstm.weight_hh_l0 (ndim=2)
	module.lstms.4.lstm.weight_ih_l0_reverse (ndim=2)
	module.lstms.4.lstm.weight_hh_l0_reverse (ndim=2)
	module.lstms.5.lstm.weight_ih_l0 (ndim=2)
	module.lstms.5.lstm.weight_hh_l0 (ndim=2)
	module.lstms.5.lstm.weight_ih_l0_reverse (ndim=2)
	module.lstms.5.lstm.weight_hh_l0_reverse (ndim=2)
	module.ffns.0.lin.weight (ndim=2)
	module.ffns.1.lin.weight (ndim=2)
	module.ffns.2.lin.weight (ndim=2)
	module.lin.weight (ndim=2)
I0601 02:27:43.761412 140521354437824 muon.py:325] Adam params:
	module.subsample.conv1.bias (ndim=1)
	module.subsample.conv2.bias (ndim=1)
	module.subsample.lin.bias (ndim=1)
	module.lstms.0.bn_normalization_layer.weight (ndim=1)
	module.lstms.0.bn_normalization_layer.bias (ndim=1)
	module.lstms.0.lstm.bias_ih_l0 (ndim=1)
	module.lstms.0.lstm.bias_hh_l0 (ndim=1)
	module.lstms.0.lstm.bias_ih_l0_reverse (ndim=1)
	module.lstms.0.lstm.bias_hh_l0_reverse (ndim=1)
	module.lstms.1.bn_normalization_layer.weight (ndim=1)
	module.lstms.1.bn_normalization_layer.bias (ndim=1)
	module.lstms.1.lstm.bias_ih_l0 (ndim=1)
	module.lstms.1.lstm.bias_hh_l0 (ndim=1)
	module.lstms.1.lstm.bias_ih_l0_reverse (ndim=1)
	module.lstms.1.lstm.bias_hh_l0_reverse (ndim=1)
	module.lstms.2.bn_normalization_layer.weight (ndim=1)
	module.lstms.2.bn_normalization_layer.bias (ndim=1)
	module.lstms.2.lstm.bias_ih_l0 (ndim=1)
	module.lstms.2.lstm.bias_hh_l0 (ndim=1)
	module.lstms.2.lstm.bias_ih_l0_reverse (ndim=1)
	module.lstms.2.lstm.bias_hh_l0_reverse (ndim=1)
	module.lstms.3.bn_normalization_layer.weight (ndim=1)
	module.lstms.3.bn_normalization_layer.bias (ndim=1)
	module.lstms.3.lstm.bias_ih_l0 (ndim=1)
	module.lstms.3.lstm.bias_hh_l0 (ndim=1)
	module.lstms.3.lstm.bias_ih_l0_reverse (ndim=1)
	module.lstms.3.lstm.bias_hh_l0_reverse (ndim=1)
	module.lstms.4.bn_normalization_layer.weight (ndim=1)
	module.lstms.4.bn_normalization_layer.bias (ndim=1)
	module.lstms.4.lstm.bias_ih_l0 (ndim=1)
	module.lstms.4.lstm.bias_hh_l0 (ndim=1)
	module.lstms.4.lstm.bias_ih_l0_reverse (ndim=1)
	module.lstms.4.lstm.bias_hh_l0_reverse (ndim=1)
	module.lstms.5.bn_normalization_layer.weight (ndim=1)
	module.lstms.5.bn_normalization_layer.bias (ndim=1)
	module.lstms.5.lstm.bias_ih_l0 (ndim=1)
	module.lstms.5.lstm.bias_hh_l0 (ndim=1)
	module.lstms.5.lstm.bias_ih_l0_reverse (ndim=1)
	module.lstms.5.lstm.bias_hh_l0_reverse (ndim=1)
	module.ffns.0.bn_normalization_layer.weight (ndim=1)
	module.ffns.0.bn_normalization_layer.bias (ndim=1)
	module.ffns.0.lin.bias (ndim=1)
	module.ffns.1.bn_normalization_layer.weight (ndim=1)
	module.ffns.1.bn_normalization_layer.bias (ndim=1)
	module.ffns.1.lin.bias (ndim=1)
	module.ffns.2.bn_normalization_layer.weight (ndim=1)
	module.ffns.2.bn_normalization_layer.bias (ndim=1)
	module.ffns.2.lin.bias (ndim=1)
	module.ln.scale (ndim=1)
	module.ln.bias (ndim=1)
	module.lin.bias (ndim=1)
I0601 02:27:43.762218 140561172747456 submission_runner.py:294] Initializing optimizer.
I0601 02:27:43.762309 140659141416128 muon.py:324] Muon params:
	module.subsample.conv1.kernel (ndim=4)
	module.subsample.conv2.kernel (ndim=4)
	module.subsample.lin.weight (ndim=2)
	module.lstms.0.lstm.weight_ih_l0 (ndim=2)
	module.lstms.0.lstm.weight_hh_l0 (ndim=2)
	module.lstms.0.lstm.weight_ih_l0_reverse (ndim=2)
	module.lstms.0.lstm.weight_hh_l0_reverse (ndim=2)
	module.lstms.1.lstm.weight_ih_l0 (ndim=2)
	module.lstms.1.lstm.weight_hh_l0 (ndim=2)
	module.lstms.1.lstm.weight_ih_l0_reverse (ndim=2)
	module.lstms.1.lstm.weight_hh_l0_reverse (ndim=2)
	module.lstms.2.lstm.weight_ih_l0 (ndim=2)
	module.lstms.2.lstm.weight_hh_l0 (ndim=2)
	module.lstms.2.lstm.weight_ih_l0_reverse (ndim=2)
	module.lstms.2.lstm.weight_hh_l0_reverse (ndim=2)
	module.lstms.3.lstm.weight_ih_l0 (ndim=2)
	module.lstms.3.lstm.weight_hh_l0 (ndim=2)
	module.lstms.3.lstm.weight_ih_l0_reverse (ndim=2)
	module.lstms.3.lstm.weight_hh_l0_reverse (ndim=2)
	module.lstms.4.lstm.weight_ih_l0 (ndim=2)
	module.lstms.4.lstm.weight_hh_l0 (ndim=2)
	module.lstms.4.lstm.weight_ih_l0_reverse (ndim=2)
	module.lstms.4.lstm.weight_hh_l0_reverse (ndim=2)
	module.lstms.5.lstm.weight_ih_l0 (ndim=2)
	module.lstms.5.lstm.weight_hh_l0 (ndim=2)
	module.lstms.5.lstm.weight_ih_l0_reverse (ndim=2)
	module.lstms.5.lstm.weight_hh_l0_reverse (ndim=2)
	module.ffns.0.lin.weight (ndim=2)
	module.ffns.1.lin.weight (ndim=2)
	module.ffns.2.lin.weight (ndim=2)
	module.lin.weight (ndim=2)
I0601 02:27:43.762456 140659141416128 muon.py:325] Adam params:
	module.subsample.conv1.bias (ndim=1)
	module.subsample.conv2.bias (ndim=1)
	module.subsample.lin.bias (ndim=1)
	module.lstms.0.bn_normalization_layer.weight (ndim=1)
	module.lstms.0.bn_normalization_layer.bias (ndim=1)
	module.lstms.0.lstm.bias_ih_l0 (ndim=1)
	module.lstms.0.lstm.bias_hh_l0 (ndim=1)
	module.lstms.0.lstm.bias_ih_l0_reverse (ndim=1)
	module.lstms.0.lstm.bias_hh_l0_reverse (ndim=1)
	module.lstms.1.bn_normalization_layer.weight (ndim=1)
	module.lstms.1.bn_normalization_layer.bias (ndim=1)
	module.lstms.1.lstm.bias_ih_l0 (ndim=1)
	module.lstms.1.lstm.bias_hh_l0 (ndim=1)
	module.lstms.1.lstm.bias_ih_l0_reverse (ndim=1)
	module.lstms.1.lstm.bias_hh_l0_reverse (ndim=1)
	module.lstms.2.bn_normalization_layer.weight (ndim=1)
	module.lstms.2.bn_normalization_layer.bias (ndim=1)
	module.lstms.2.lstm.bias_ih_l0 (ndim=1)
	module.lstms.2.lstm.bias_hh_l0 (ndim=1)
	module.lstms.2.lstm.bias_ih_l0_reverse (ndim=1)
	module.lstms.2.lstm.bias_hh_l0_reverse (ndim=1)
	module.lstms.3.bn_normalization_layer.weight (ndim=1)
	module.lstms.3.bn_normalization_layer.bias (ndim=1)
	module.lstms.3.lstm.bias_ih_l0 (ndim=1)
	module.lstms.3.lstm.bias_hh_l0 (ndim=1)
	module.lstms.3.lstm.bias_ih_l0_reverse (ndim=1)
	module.lstms.3.lstm.bias_hh_l0_reverse (ndim=1)
	module.lstms.4.bn_normalization_layer.weight (ndim=1)
	module.lstms.4.bn_normalization_layer.bias (ndim=1)
	module.lstms.4.lstm.bias_ih_l0 (ndim=1)
	module.lstms.4.lstm.bias_hh_l0 (ndim=1)
	module.lstms.4.lstm.bias_ih_l0_reverse (ndim=1)
	module.lstms.4.lstm.bias_hh_l0_reverse (ndim=1)
	module.lstms.5.bn_normalization_layer.weight (ndim=1)
	module.lstms.5.bn_normalization_layer.bias (ndim=1)
	module.lstms.5.lstm.bias_ih_l0 (ndim=1)
	module.lstms.5.lstm.bias_hh_l0 (ndim=1)
	module.lstms.5.lstm.bias_ih_l0_reverse (ndim=1)
	module.lstms.5.lstm.bias_hh_l0_reverse (ndim=1)
	module.ffns.0.bn_normalization_layer.weight (ndim=1)
	module.ffns.0.bn_normalization_layer.bias (ndim=1)
	module.ffns.0.lin.bias (ndim=1)
	module.ffns.1.bn_normalization_layer.weight (ndim=1)
	module.ffns.1.bn_normalization_layer.bias (ndim=1)
	module.ffns.1.lin.bias (ndim=1)
	module.ffns.2.bn_normalization_layer.weight (ndim=1)
	module.ffns.2.bn_normalization_layer.bias (ndim=1)
	module.ffns.2.lin.bias (ndim=1)
	module.ln.scale (ndim=1)
	module.ln.bias (ndim=1)
	module.lin.bias (ndim=1)
I0601 02:27:43.762658 140561172747456 muon.py:324] Muon params:
	module.subsample.conv1.kernel (ndim=4)
	module.subsample.conv2.kernel (ndim=4)
	module.subsample.lin.weight (ndim=2)
	module.lstms.0.lstm.weight_ih_l0 (ndim=2)
	module.lstms.0.lstm.weight_hh_l0 (ndim=2)
	module.lstms.0.lstm.weight_ih_l0_reverse (ndim=2)
	module.lstms.0.lstm.weight_hh_l0_reverse (ndim=2)
	module.lstms.1.lstm.weight_ih_l0 (ndim=2)
	module.lstms.1.lstm.weight_hh_l0 (ndim=2)
	module.lstms.1.lstm.weight_ih_l0_reverse (ndim=2)
	module.lstms.1.lstm.weight_hh_l0_reverse (ndim=2)
	module.lstms.2.lstm.weight_ih_l0 (ndim=2)
	module.lstms.2.lstm.weight_hh_l0 (ndim=2)
	module.lstms.2.lstm.weight_ih_l0_reverse (ndim=2)
	module.lstms.2.lstm.weight_hh_l0_reverse (ndim=2)
	module.lstms.3.lstm.weight_ih_l0 (ndim=2)
	module.lstms.3.lstm.weight_hh_l0 (ndim=2)
	module.lstms.3.lstm.weight_ih_l0_reverse (ndim=2)
	module.lstms.3.lstm.weight_hh_l0_reverse (ndim=2)
	module.lstms.4.lstm.weight_ih_l0 (ndim=2)
	module.lstms.4.lstm.weight_hh_l0 (ndim=2)
	module.lstms.4.lstm.weight_ih_l0_reverse (ndim=2)
	module.lstms.4.lstm.weight_hh_l0_reverse (ndim=2)
	module.lstms.5.lstm.weight_ih_l0 (ndim=2)
	module.lstms.5.lstm.weight_hh_l0 (ndim=2)
	module.lstms.5.lstm.weight_ih_l0_reverse (ndim=2)
	module.lstms.5.lstm.weight_hh_l0_reverse (ndim=2)
	module.ffns.0.lin.weight (ndim=2)
	module.ffns.1.lin.weight (ndim=2)
	module.ffns.2.lin.weight (ndim=2)
	module.lin.weight (ndim=2)
I0601 02:27:43.762730 140561172747456 muon.py:325] Adam params:
	module.subsample.conv1.bias (ndim=1)
	module.subsample.conv2.bias (ndim=1)
	module.subsample.lin.bias (ndim=1)
	module.lstms.0.bn_normalization_layer.weight (ndim=1)
	module.lstms.0.bn_normalization_layer.bias (ndim=1)
	module.lstms.0.lstm.bias_ih_l0 (ndim=1)
	module.lstms.0.lstm.bias_hh_l0 (ndim=1)
	module.lstms.0.lstm.bias_ih_l0_reverse (ndim=1)
	module.lstms.0.lstm.bias_hh_l0_reverse (ndim=1)
	module.lstms.1.bn_normalization_layer.weight (ndim=1)
	module.lstms.1.bn_normalization_layer.bias (ndim=1)
	module.lstms.1.lstm.bias_ih_l0 (ndim=1)
	module.lstms.1.lstm.bias_hh_l0 (ndim=1)
	module.lstms.1.lstm.bias_ih_l0_reverse (ndim=1)
	module.lstms.1.lstm.bias_hh_l0_reverse (ndim=1)
	module.lstms.2.bn_normalization_layer.weight (ndim=1)
	module.lstms.2.bn_normalization_layer.bias (ndim=1)
	module.lstms.2.lstm.bias_ih_l0 (ndim=1)
	module.lstms.2.lstm.bias_hh_l0 (ndim=1)
	module.lstms.2.lstm.bias_ih_l0_reverse (ndim=1)
	module.lstms.2.lstm.bias_hh_l0_reverse (ndim=1)
	module.lstms.3.bn_normalization_layer.weight (ndim=1)
	module.lstms.3.bn_normalization_layer.bias (ndim=1)
	module.lstms.3.lstm.bias_ih_l0 (ndim=1)
	module.lstms.3.lstm.bias_hh_l0 (ndim=1)
	module.lstms.3.lstm.bias_ih_l0_reverse (ndim=1)
	module.lstms.3.lstm.bias_hh_l0_reverse (ndim=1)
	module.lstms.4.bn_normalization_layer.weight (ndim=1)
	module.lstms.4.bn_normalization_layer.bias (ndim=1)
	module.lstms.4.lstm.bias_ih_l0 (ndim=1)
	module.lstms.4.lstm.bias_hh_l0 (ndim=1)
	module.lstms.4.lstm.bias_ih_l0_reverse (ndim=1)
	module.lstms.4.lstm.bias_hh_l0_reverse (ndim=1)
	module.lstms.5.bn_normalization_layer.weight (ndim=1)
	module.lstms.5.bn_normalization_layer.bias (ndim=1)
	module.lstms.5.lstm.bias_ih_l0 (ndim=1)
	module.lstms.5.lstm.bias_hh_l0 (ndim=1)
	module.lstms.5.lstm.bias_ih_l0_reverse (ndim=1)
	module.lstms.5.lstm.bias_hh_l0_reverse (ndim=1)
	module.ffns.0.bn_normalization_layer.weight (ndim=1)
	module.ffns.0.bn_normalization_layer.bias (ndim=1)
	module.ffns.0.lin.bias (ndim=1)
	module.ffns.1.bn_normalization_layer.weight (ndim=1)
	module.ffns.1.bn_normalization_layer.bias (ndim=1)
	module.ffns.1.lin.bias (ndim=1)
	module.ffns.2.bn_normalization_layer.weight (ndim=1)
	module.ffns.2.bn_normalization_layer.bias (ndim=1)
	module.ffns.2.lin.bias (ndim=1)
	module.ln.scale (ndim=1)
	module.ln.bias (ndim=1)
	module.lin.bias (ndim=1)
I0601 02:27:43.762792 140715261252800 logger_utils.py:283] Unable to record workload.train_mean information. Continuing without it.
I0601 02:27:43.762909 140715261252800 logger_utils.py:283] Unable to record workload.train_stddev information. Continuing without it.
I0601 02:27:43.763260 140521354437824 logger_utils.py:283] Unable to record workload.train_mean information. Continuing without it.
I0601 02:27:43.763377 140521354437824 logger_utils.py:283] Unable to record workload.train_stddev information. Continuing without it.
I0601 02:27:43.763795 140561172747456 submission_runner.py:299] Initializing metrics bundle.
I0601 02:27:43.763964 140561172747456 submission_runner.py:321] Initializing checkpoint and logger.
I0601 02:27:43.764075 140659141416128 logger_utils.py:283] Unable to record workload.train_mean information. Continuing without it.
I0601 02:27:43.764190 140659141416128 logger_utils.py:283] Unable to record workload.train_stddev information. Continuing without it.
I0601 02:27:43.764389 140561172747456 submission_runner.py:344] Saving meta data to /experiment_runs/submissions_a100/muon_torch_jax_hps_achandr/study_2/librispeech_deepspeech_pytorch/trial_1/meta_data_0.json.
I0601 02:27:43.764641 140561172747456 logger_utils.py:283] Unable to record workload.train_mean information. Continuing without it.
I0601 02:27:43.764716 140561172747456 logger_utils.py:283] Unable to record workload.train_stddev information. Continuing without it.
I0601 02:27:44.293752 140561172747456 submission_runner.py:348] Saving flags to /experiment_runs/submissions_a100/muon_torch_jax_hps_achandr/study_2/librispeech_deepspeech_pytorch/trial_1/flags_0.json.
I0601 02:27:44.317337 140561172747456 submission_runner.py:359] Starting training loop.
/usr/local/lib/python3.11/multiprocessing/popen_fork.py:66: RuntimeWarning: os.fork() was called. os.fork() is incompatible with multithreaded code, and JAX is multithreaded, so this will likely lead to a deadlock.
  self.pid = os.fork()
/usr/local/lib/python3.11/multiprocessing/popen_fork.py:66: RuntimeWarning: os.fork() was called. os.fork() is incompatible with multithreaded code, and JAX is multithreaded, so this will likely lead to a deadlock.
  self.pid = os.fork()
/usr/local/lib/python3.11/multiprocessing/popen_fork.py:66: RuntimeWarning: os.fork() was called. os.fork() is incompatible with multithreaded code, and JAX is multithreaded, so this will likely lead to a deadlock.
  self.pid = os.fork()
/usr/local/lib/python3.11/multiprocessing/popen_fork.py:66: RuntimeWarning: os.fork() was called. os.fork() is incompatible with multithreaded code, and JAX is multithreaded, so this will likely lead to a deadlock.
  self.pid = os.fork()
/algorithmic-efficiency/algoperf/workloads/librispeech_conformer/librispeech_pytorch/preprocessor.py:516: UserWarning: Specified kernel cache directory could not be created! This disables kernel caching. Specified directory is /root/.cache/torch/kernels. This warning will appear only once per process. (Triggered internally at /pytorch/aten/src/ATen/native/cuda/jit_utils.cpp:1487.)
  spectrum = torch.abs(spectrum)
/algorithmic-efficiency/algoperf/workloads/librispeech_conformer/librispeech_pytorch/preprocessor.py:516: UserWarning: Specified kernel cache directory could not be created! This disables kernel caching. Specified directory is /root/.cache/torch/kernels. This warning will appear only once per process. (Triggered internally at /pytorch/aten/src/ATen/native/cuda/jit_utils.cpp:1487.)
  spectrum = torch.abs(spectrum)
/algorithmic-efficiency/algoperf/workloads/librispeech_conformer/librispeech_pytorch/preprocessor.py:516: UserWarning: Specified kernel cache directory could not be created! This disables kernel caching. Specified directory is /root/.cache/torch/kernels. This warning will appear only once per process. (Triggered internally at /pytorch/aten/src/ATen/native/cuda/jit_utils.cpp:1487.)
  spectrum = torch.abs(spectrum)
I0601 02:28:54.114456 140561172747456 spec.py:333] Evaluating on the training split.
I0601 02:28:54.115792 140561172747456 input_pipeline.py:19] Loading split = train-clean-100
I0601 02:28:54.142396 140561172747456 input_pipeline.py:19] Loading split = train-clean-360
I0601 02:28:54.234203 140561172747456 input_pipeline.py:19] Loading split = train-other-500
/usr/local/lib/python3.11/multiprocessing/popen_fork.py:66: RuntimeWarning: os.fork() was called. os.fork() is incompatible with multithreaded code, and JAX is multithreaded, so this will likely lead to a deadlock.
  self.pid = os.fork()
/usr/local/lib/python3.11/multiprocessing/popen_fork.py:66: RuntimeWarning: os.fork() was called. os.fork() is incompatible with multithreaded code, and JAX is multithreaded, so this will likely lead to a deadlock.
  self.pid = os.fork()
/usr/local/lib/python3.11/multiprocessing/popen_fork.py:66: RuntimeWarning: os.fork() was called. os.fork() is incompatible with multithreaded code, and JAX is multithreaded, so this will likely lead to a deadlock.
  self.pid = os.fork()
/usr/local/lib/python3.11/multiprocessing/popen_fork.py:66: RuntimeWarning: os.fork() was called. os.fork() is incompatible with multithreaded code, and JAX is multithreaded, so this will likely lead to a deadlock.
  self.pid = os.fork()
I0601 02:29:28.336250 140561172747456 spec.py:346] Evaluating on the validation split.
I0601 02:29:28.337367 140561172747456 input_pipeline.py:19] Loading split = dev-clean
I0601 02:29:28.340952 140561172747456 input_pipeline.py:19] Loading split = dev-other
/usr/local/lib/python3.11/multiprocessing/popen_fork.py:66: RuntimeWarning: os.fork() was called. os.fork() is incompatible with multithreaded code, and JAX is multithreaded, so this will likely lead to a deadlock.
  self.pid = os.fork()
/usr/local/lib/python3.11/multiprocessing/popen_fork.py:66: RuntimeWarning: os.fork() was called. os.fork() is incompatible with multithreaded code, and JAX is multithreaded, so this will likely lead to a deadlock.
  self.pid = os.fork()
/usr/local/lib/python3.11/multiprocessing/popen_fork.py:66: RuntimeWarning: os.fork() was called. os.fork() is incompatible with multithreaded code, and JAX is multithreaded, so this will likely lead to a deadlock.
  self.pid = os.fork()
/usr/local/lib/python3.11/multiprocessing/popen_fork.py:66: RuntimeWarning: os.fork() was called. os.fork() is incompatible with multithreaded code, and JAX is multithreaded, so this will likely lead to a deadlock.
  self.pid = os.fork()
I0601 02:29:55.008031 140561172747456 spec.py:363] Evaluating on the test split.
I0601 02:29:55.009208 140561172747456 input_pipeline.py:19] Loading split = test-clean
/usr/local/lib/python3.11/multiprocessing/popen_fork.py:66: RuntimeWarning: os.fork() was called. os.fork() is incompatible with multithreaded code, and JAX is multithreaded, so this will likely lead to a deadlock.
  self.pid = os.fork()
/usr/local/lib/python3.11/multiprocessing/popen_fork.py:66: RuntimeWarning: os.fork() was called. os.fork() is incompatible with multithreaded code, and JAX is multithreaded, so this will likely lead to a deadlock.
  self.pid = os.fork()
/usr/local/lib/python3.11/multiprocessing/popen_fork.py:66: RuntimeWarning: os.fork() was called. os.fork() is incompatible with multithreaded code, and JAX is multithreaded, so this will likely lead to a deadlock.
  self.pid = os.fork()
/usr/local/lib/python3.11/multiprocessing/popen_fork.py:66: RuntimeWarning: os.fork() was called. os.fork() is incompatible with multithreaded code, and JAX is multithreaded, so this will likely lead to a deadlock.
  self.pid = os.fork()
I0601 02:30:07.275541 140561172747456 submission_runner.py:516] Time since start: 142.96s, 	Step: 1, 	{'train/ctc_loss': 30.507853242215916, 'train/wer': 1.7910685457480693, 'validation/ctc_loss': 29.446205671087, 'validation/wer': 1.7188046154588905, 'validation/num_examples': 5348, 'test/ctc_loss': 29.598683786050714, 'test/wer': 1.79897629638657, 'test/num_examples': 2472, 'score': 69.15543365478516, 'total_duration': 142.9579782485962, 'accumulated_submission_time': 69.15543365478516, 'accumulated_eval_time': 73.16095471382141, 'accumulated_logging_time': 0}
I0601 02:30:07.412784 140542671288064 logging_writer.py:48] [1] accumulated_eval_time=73.161, accumulated_logging_time=0, accumulated_submission_time=69.1554, global_step=1, preemption_count=0, score=69.1554, test/ctc_loss=29.5987, test/num_examples=2472, test/wer=1.79898, total_duration=142.958, train/ctc_loss=30.5079, train/wer=1.79107, validation/ctc_loss=29.4462, validation/num_examples=5348, validation/wer=1.7188
/usr/local/lib/python3.11/multiprocessing/popen_fork.py:66: RuntimeWarning: os.fork() was called. os.fork() is incompatible with multithreaded code, and JAX is multithreaded, so this will likely lead to a deadlock.
  self.pid = os.fork()
I0601 02:54:15.560511 140561172747456 spec.py:333] Evaluating on the training split.
I0601 02:54:37.860134 140561172747456 spec.py:346] Evaluating on the validation split.
I0601 02:54:58.627291 140561172747456 spec.py:363] Evaluating on the test split.
I0601 02:55:09.956861 140561172747456 submission_runner.py:516] Time since start: 1645.64s, 	Step: 1100, 	{'train/ctc_loss': 32.59861889491102, 'train/wer': 3.813484445220123, 'validation/ctc_loss': 31.430549276672693, 'validation/wer': 3.5183894172741756, 'validation/num_examples': 5348, 'test/ctc_loss': 31.550216142976968, 'test/wer': 3.7704588385838766, 'test/num_examples': 2472, 'score': 1515.040857553482, 'total_duration': 1645.6393203735352, 'accumulated_submission_time': 1515.040857553482, 'accumulated_eval_time': 127.55725526809692, 'accumulated_logging_time': 0.341275691986084}
I0601 02:55:09.994865 140542671288064 logging_writer.py:48] [1100] accumulated_eval_time=127.557, accumulated_logging_time=0.341276, accumulated_submission_time=1515.04, global_step=1100, preemption_count=0, score=1515.04, test/ctc_loss=31.5502, test/num_examples=2472, test/wer=3.77046, total_duration=1645.64, train/ctc_loss=32.5986, train/wer=3.81348, validation/ctc_loss=31.4305, validation/num_examples=5348, validation/wer=3.51839
/usr/local/lib/python3.11/multiprocessing/popen_fork.py:66: RuntimeWarning: os.fork() was called. os.fork() is incompatible with multithreaded code, and JAX is multithreaded, so this will likely lead to a deadlock.
  self.pid = os.fork()
I0601 03:19:19.279797 140561172747456 spec.py:333] Evaluating on the training split.
I0601 03:19:41.504801 140561172747456 spec.py:346] Evaluating on the validation split.
I0601 03:20:01.805285 140561172747456 spec.py:363] Evaluating on the test split.
I0601 03:20:12.816244 140561172747456 submission_runner.py:516] Time since start: 3148.50s, 	Step: 2735, 	{'train/ctc_loss': 33.25608502470894, 'train/wer': 2.542241153627994, 'validation/ctc_loss': 31.910648357444245, 'validation/wer': 2.3599671703760925, 'validation/num_examples': 5348, 'test/ctc_loss': 32.03352796954642, 'test/wer': 2.465764832531026, 'test/num_examples': 2472, 'score': 2961.7737531661987, 'total_duration': 3148.498706102371, 'accumulated_submission_time': 2961.7737531661987, 'accumulated_eval_time': 181.0936622619629, 'accumulated_logging_time': 0.3900024890899658}
I0601 03:20:12.937736 140542671288064 logging_writer.py:48] [2735] accumulated_eval_time=181.094, accumulated_logging_time=0.390002, accumulated_submission_time=2961.77, global_step=2735, preemption_count=0, score=2961.77, test/ctc_loss=32.0335, test/num_examples=2472, test/wer=2.46576, total_duration=3148.5, train/ctc_loss=33.2561, train/wer=2.54224, validation/ctc_loss=31.9106, validation/num_examples=5348, validation/wer=2.35997
/usr/local/lib/python3.11/multiprocessing/popen_fork.py:66: RuntimeWarning: os.fork() was called. os.fork() is incompatible with multithreaded code, and JAX is multithreaded, so this will likely lead to a deadlock.
  self.pid = os.fork()
I0601 03:44:20.893015 140561172747456 spec.py:333] Evaluating on the training split.
I0601 03:44:43.587996 140561172747456 spec.py:346] Evaluating on the validation split.
I0601 03:45:03.971112 140561172747456 spec.py:363] Evaluating on the test split.
I0601 03:45:15.190144 140561172747456 submission_runner.py:516] Time since start: 4650.87s, 	Step: 4552, 	{'train/ctc_loss': 33.17962562626149, 'train/wer': 3.391672847855491, 'validation/ctc_loss': 31.65965629395218, 'validation/wer': 3.153266064790228, 'validation/num_examples': 5348, 'test/ctc_loss': 31.86437834699013, 'test/wer': 3.2792232851948895, 'test/num_examples': 2472, 'score': 4406.982384681702, 'total_duration': 4650.872575998306, 'accumulated_submission_time': 4406.982384681702, 'accumulated_eval_time': 235.39078450202942, 'accumulated_logging_time': 0.5227527618408203}
I0601 03:45:15.223314 140542671288064 logging_writer.py:48] [4552] accumulated_eval_time=235.391, accumulated_logging_time=0.522753, accumulated_submission_time=4406.98, global_step=4552, preemption_count=0, score=4406.98, test/ctc_loss=31.8644, test/num_examples=2472, test/wer=3.27922, total_duration=4650.87, train/ctc_loss=33.1796, train/wer=3.39167, validation/ctc_loss=31.6597, validation/num_examples=5348, validation/wer=3.15327
/usr/local/lib/python3.11/multiprocessing/popen_fork.py:66: RuntimeWarning: os.fork() was called. os.fork() is incompatible with multithreaded code, and JAX is multithreaded, so this will likely lead to a deadlock.
  self.pid = os.fork()
I0601 04:09:23.184505 140561172747456 spec.py:333] Evaluating on the training split.
I0601 04:09:46.285414 140561172747456 spec.py:346] Evaluating on the validation split.
I0601 04:10:07.001800 140561172747456 spec.py:363] Evaluating on the test split.
I0601 04:10:18.573189 140561172747456 submission_runner.py:516] Time since start: 6154.26s, 	Step: 6310, 	{'train/ctc_loss': 32.80420000751343, 'train/wer': 4.021423273266722, 'validation/ctc_loss': 31.157348804500703, 'validation/wer': 3.7214020180562932, 'validation/num_examples': 5348, 'test/ctc_loss': 31.430047099812892, 'test/wer': 3.897771819714419, 'test/num_examples': 2472, 'score': 5852.177366018295, 'total_duration': 6154.255663156509, 'accumulated_submission_time': 5852.177366018295, 'accumulated_eval_time': 290.77941131591797, 'accumulated_logging_time': 0.5669903755187988}
I0601 04:10:18.606618 140542671288064 logging_writer.py:48] [6310] accumulated_eval_time=290.779, accumulated_logging_time=0.56699, accumulated_submission_time=5852.18, global_step=6310, preemption_count=0, score=5852.18, test/ctc_loss=31.43, test/num_examples=2472, test/wer=3.89777, total_duration=6154.26, train/ctc_loss=32.8042, train/wer=4.02142, validation/ctc_loss=31.1573, validation/num_examples=5348, validation/wer=3.7214
/usr/local/lib/python3.11/multiprocessing/popen_fork.py:66: RuntimeWarning: os.fork() was called. os.fork() is incompatible with multithreaded code, and JAX is multithreaded, so this will likely lead to a deadlock.
  self.pid = os.fork()
I0601 04:34:27.515273 140561172747456 spec.py:333] Evaluating on the training split.
I0601 04:34:50.532459 140561172747456 spec.py:346] Evaluating on the validation split.
I0601 04:35:11.548572 140561172747456 spec.py:363] Evaluating on the test split.
I0601 04:35:23.086522 140561172747456 submission_runner.py:516] Time since start: 7658.77s, 	Step: 8160, 	{'train/ctc_loss': 32.67135914538146, 'train/wer': 4.339238186657359, 'validation/ctc_loss': 31.00762256379345, 'validation/wer': 4.008786752281176, 'validation/num_examples': 5348, 'test/ctc_loss': 31.274314471901413, 'test/wer': 4.192269412792233, 'test/num_examples': 2472, 'score': 7298.214161157608, 'total_duration': 7658.7689616680145, 'accumulated_submission_time': 7298.214161157608, 'accumulated_eval_time': 346.3505620956421, 'accumulated_logging_time': 0.6111650466918945}
I0601 04:35:23.121388 140542671288064 logging_writer.py:48] [8160] accumulated_eval_time=346.351, accumulated_logging_time=0.611165, accumulated_submission_time=7298.21, global_step=8160, preemption_count=0, score=7298.21, test/ctc_loss=31.2743, test/num_examples=2472, test/wer=4.19227, total_duration=7658.77, train/ctc_loss=32.6714, train/wer=4.33924, validation/ctc_loss=31.0076, validation/num_examples=5348, validation/wer=4.00879
/usr/local/lib/python3.11/multiprocessing/popen_fork.py:66: RuntimeWarning: os.fork() was called. os.fork() is incompatible with multithreaded code, and JAX is multithreaded, so this will likely lead to a deadlock.
  self.pid = os.fork()
I0601 04:59:31.225416 140561172747456 spec.py:333] Evaluating on the training split.
I0601 04:59:57.390005 140561172747456 spec.py:346] Evaluating on the validation split.
I0601 05:00:17.781723 140561172747456 spec.py:363] Evaluating on the test split.
I0601 05:00:29.398458 140561172747456 submission_runner.py:516] Time since start: 9165.08s, 	Step: 10091, 	{'train/ctc_loss': 32.64976144858935, 'train/wer': 4.41613399362974, 'validation/ctc_loss': 30.98464813140446, 'validation/wer': 4.072891420846811, 'validation/num_examples': 5348, 'test/ctc_loss': 31.246186850764566, 'test/wer': 4.261836573030284, 'test/num_examples': 2472, 'score': 8743.387174367905, 'total_duration': 9165.080895662308, 'accumulated_submission_time': 8743.387174367905, 'accumulated_eval_time': 404.5234673023224, 'accumulated_logging_time': 0.656785249710083}
I0601 05:00:29.534595 140542671288064 logging_writer.py:48] [10091] accumulated_eval_time=404.523, accumulated_logging_time=0.656785, accumulated_submission_time=8743.39, global_step=10091, preemption_count=0, score=8743.39, test/ctc_loss=31.2462, test/num_examples=2472, test/wer=4.26184, total_duration=9165.08, train/ctc_loss=32.6498, train/wer=4.41613, validation/ctc_loss=30.9846, validation/num_examples=5348, validation/wer=4.07289
/usr/local/lib/python3.11/multiprocessing/popen_fork.py:66: RuntimeWarning: os.fork() was called. os.fork() is incompatible with multithreaded code, and JAX is multithreaded, so this will likely lead to a deadlock.
  self.pid = os.fork()
I0601 05:24:39.332317 140561172747456 spec.py:333] Evaluating on the training split.
I0601 05:25:05.905256 140561172747456 spec.py:346] Evaluating on the validation split.
I0601 05:25:26.384671 140561172747456 spec.py:363] Evaluating on the test split.
I0601 05:25:37.923752 140561172747456 submission_runner.py:516] Time since start: 10673.59s, 	Step: 12022, 	{'train/ctc_loss': 32.64899985997698, 'train/wer': 4.42852545922597, 'validation/ctc_loss': 30.984142681334138, 'validation/wer': 4.0829527349973445, 'validation/num_examples': 5348, 'test/ctc_loss': 31.244135105490678, 'test/wer': 4.271809558629375, 'test/num_examples': 2472, 'score': 10188.246566772461, 'total_duration': 10673.593959569931, 'accumulated_submission_time': 10188.246566772461, 'accumulated_eval_time': 463.10261249542236, 'accumulated_logging_time': 0.8055741786956787}
I0601 05:25:39.033866 140542671288064 logging_writer.py:48] [12022] accumulated_eval_time=463.103, accumulated_logging_time=0.805574, accumulated_submission_time=10188.2, global_step=12022, preemption_count=0, score=10188.2, test/ctc_loss=31.2441, test/num_examples=2472, test/wer=4.27181, total_duration=10673.6, train/ctc_loss=32.649, train/wer=4.42853, validation/ctc_loss=30.9841, validation/num_examples=5348, validation/wer=4.08295
/usr/local/lib/python3.11/multiprocessing/popen_fork.py:66: RuntimeWarning: os.fork() was called. os.fork() is incompatible with multithreaded code, and JAX is multithreaded, so this will likely lead to a deadlock.
  self.pid = os.fork()
I0601 05:49:46.627946 140561172747456 spec.py:333] Evaluating on the training split.
I0601 05:50:12.706675 140561172747456 spec.py:346] Evaluating on the validation split.
I0601 05:50:33.183136 140561172747456 spec.py:363] Evaluating on the test split.
I0601 05:50:45.370264 140561172747456 submission_runner.py:516] Time since start: 12181.05s, 	Step: 13922, 	{'train/ctc_loss': 32.64881202422057, 'train/wer': 4.430325275971901, 'validation/ctc_loss': 30.983816179425357, 'validation/wer': 4.083599671703761, 'validation/num_examples': 5348, 'test/ctc_loss': 31.243518936705595, 'test/wer': 4.272581398655373, 'test/num_examples': 2472, 'score': 11632.45941901207, 'total_duration': 12181.052702903748, 'accumulated_submission_time': 11632.45941901207, 'accumulated_eval_time': 521.8448042869568, 'accumulated_logging_time': 2.431650161743164}
I0601 05:50:45.837242 140542671288064 logging_writer.py:48] [13922] accumulated_eval_time=521.845, accumulated_logging_time=2.43165, accumulated_submission_time=11632.5, global_step=13922, preemption_count=0, score=11632.5, test/ctc_loss=31.2435, test/num_examples=2472, test/wer=4.27258, total_duration=12181.1, train/ctc_loss=32.6488, train/wer=4.43033, validation/ctc_loss=30.9838, validation/num_examples=5348, validation/wer=4.0836
/usr/local/lib/python3.11/multiprocessing/popen_fork.py:66: RuntimeWarning: os.fork() was called. os.fork() is incompatible with multithreaded code, and JAX is multithreaded, so this will likely lead to a deadlock.
  self.pid = os.fork()
I0601 06:14:53.351537 140561172747456 spec.py:333] Evaluating on the training split.
I0601 06:15:18.253518 140561172747456 spec.py:346] Evaluating on the validation split.
I0601 06:15:38.739524 140561172747456 spec.py:363] Evaluating on the test split.
I0601 06:15:50.619697 140561172747456 submission_runner.py:516] Time since start: 13686.30s, 	Step: 15736, 	{'train/ctc_loss': 32.64839878555645, 'train/wer': 4.430930668877351, 'validation/ctc_loss': 30.98334212376934, 'validation/wer': 4.085086660551345, 'validation/num_examples': 5348, 'test/ctc_loss': 31.243299567714047, 'test/wer': 4.2728048260313205, 'test/num_examples': 2472, 'score': 13076.869057655334, 'total_duration': 13686.30217719078, 'accumulated_submission_time': 13076.869057655334, 'accumulated_eval_time': 579.1131138801575, 'accumulated_logging_time': 3.2477266788482666}
I0601 06:15:51.135472 140542671288064 logging_writer.py:48] [15736] accumulated_eval_time=579.113, accumulated_logging_time=3.24773, accumulated_submission_time=13076.9, global_step=15736, preemption_count=0, score=13076.9, test/ctc_loss=31.2433, test/num_examples=2472, test/wer=4.2728, total_duration=13686.3, train/ctc_loss=32.6484, train/wer=4.43093, validation/ctc_loss=30.9833, validation/num_examples=5348, validation/wer=4.08509
/usr/local/lib/python3.11/multiprocessing/popen_fork.py:66: RuntimeWarning: os.fork() was called. os.fork() is incompatible with multithreaded code, and JAX is multithreaded, so this will likely lead to a deadlock.
  self.pid = os.fork()
I0601 06:39:59.892190 140561172747456 spec.py:333] Evaluating on the training split.
I0601 06:40:26.122481 140561172747456 spec.py:346] Evaluating on the validation split.
I0601 06:40:46.666344 140561172747456 spec.py:363] Evaluating on the test split.
I0601 06:40:58.753774 140561172747456 submission_runner.py:516] Time since start: 15194.44s, 	Step: 17499, 	{'train/ctc_loss': 32.64730250777811, 'train/wer': 4.4306034294689995, 'validation/ctc_loss': 30.982522729555956, 'validation/wer': 4.084053492975426, 'validation/num_examples': 5348, 'test/ctc_loss': 31.2424317697916, 'test/wer': 4.272642333394268, 'test/num_examples': 2472, 'score': 14522.436836957932, 'total_duration': 15194.436248064041, 'accumulated_submission_time': 14522.436836957932, 'accumulated_eval_time': 637.974573135376, 'accumulated_logging_time': 4.149301528930664}
I0601 06:41:00.380650 140542671288064 logging_writer.py:48] [17499] accumulated_eval_time=637.975, accumulated_logging_time=4.1493, accumulated_submission_time=14522.4, global_step=17499, preemption_count=0, score=14522.4, test/ctc_loss=31.2424, test/num_examples=2472, test/wer=4.27264, total_duration=15194.4, train/ctc_loss=32.6473, train/wer=4.4306, validation/ctc_loss=30.9825, validation/num_examples=5348, validation/wer=4.08405
/usr/local/lib/python3.11/multiprocessing/popen_fork.py:66: RuntimeWarning: os.fork() was called. os.fork() is incompatible with multithreaded code, and JAX is multithreaded, so this will likely lead to a deadlock.
  self.pid = os.fork()
I0601 07:05:06.717004 140561172747456 spec.py:333] Evaluating on the training split.
I0601 07:05:30.678270 140561172747456 spec.py:346] Evaluating on the validation split.
I0601 07:05:51.932126 140561172747456 spec.py:363] Evaluating on the test split.
I0601 07:06:03.835903 140561172747456 submission_runner.py:516] Time since start: 16699.51s, 	Step: 19430, 	{'train/ctc_loss': 32.6490920702574, 'train/wer': 4.43247960207688, 'validation/ctc_loss': 30.984095589712677, 'validation/wer': 4.0858977453772996, 'validation/num_examples': 5348, 'test/ctc_loss': 31.244267372088522, 'test/wer': 4.27489691873337, 'test/num_examples': 2472, 'score': 15965.335771560669, 'total_duration': 16699.506566524506, 'accumulated_submission_time': 15965.335771560669, 'accumulated_eval_time': 695.08167552948, 'accumulated_logging_time': 6.21457314491272}
I0601 07:06:04.310612 140542671288064 logging_writer.py:48] [19430] accumulated_eval_time=695.082, accumulated_logging_time=6.21457, accumulated_submission_time=15965.3, global_step=19430, preemption_count=0, score=15965.3, test/ctc_loss=31.2443, test/num_examples=2472, test/wer=4.2749, total_duration=16699.5, train/ctc_loss=32.6491, train/wer=4.43248, validation/ctc_loss=30.9841, validation/num_examples=5348, validation/wer=4.0859
/usr/local/lib/python3.11/multiprocessing/popen_fork.py:66: RuntimeWarning: os.fork() was called. os.fork() is incompatible with multithreaded code, and JAX is multithreaded, so this will likely lead to a deadlock.
  self.pid = os.fork()
I0601 07:30:11.871006 140561172747456 spec.py:333] Evaluating on the training split.
I0601 07:30:37.792619 140561172747456 spec.py:346] Evaluating on the validation split.
I0601 07:30:58.602635 140561172747456 spec.py:363] Evaluating on the test split.
I0601 07:31:10.092875 140561172747456 submission_runner.py:516] Time since start: 18205.78s, 	Step: 21360, 	{'train/ctc_loss': 32.64890423450099, 'train/wer': 4.431050656660413, 'validation/ctc_loss': 30.983856992163954, 'validation/wer': 4.083927967942838, 'validation/num_examples': 5348, 'test/ctc_loss': 31.243577004968063, 'test/wer': 4.271423638616375, 'test/num_examples': 2472, 'score': 17409.810913085938, 'total_duration': 18205.77533698082, 'accumulated_submission_time': 17409.810913085938, 'accumulated_eval_time': 753.303530216217, 'accumulated_logging_time': 6.900349378585815}
I0601 07:31:10.569031 140542671288064 logging_writer.py:48] [21360] accumulated_eval_time=753.304, accumulated_logging_time=6.90035, accumulated_submission_time=17409.8, global_step=21360, preemption_count=0, score=17409.8, test/ctc_loss=31.2436, test/num_examples=2472, test/wer=4.27142, total_duration=18205.8, train/ctc_loss=32.6489, train/wer=4.43105, validation/ctc_loss=30.9839, validation/num_examples=5348, validation/wer=4.08393
/usr/local/lib/python3.11/multiprocessing/popen_fork.py:66: RuntimeWarning: os.fork() was called. os.fork() is incompatible with multithreaded code, and JAX is multithreaded, so this will likely lead to a deadlock.
  self.pid = os.fork()
I0601 07:55:19.596009 140561172747456 spec.py:333] Evaluating on the training split.
I0601 07:55:45.777029 140561172747456 spec.py:346] Evaluating on the validation split.
I0601 07:56:06.511622 140561172747456 spec.py:363] Evaluating on the test split.
I0601 07:56:18.107088 140561172747456 submission_runner.py:516] Time since start: 19713.79s, 	Step: 23270, 	{'train/ctc_loss': 32.64725127984454, 'train/wer': 4.431312448187094, 'validation/ctc_loss': 30.982189948764315, 'validation/wer': 4.0842562641819145, 'validation/num_examples': 5348, 'test/ctc_loss': 31.241815601006518, 'test/wer': 4.273637600796214, 'test/num_examples': 2472, 'score': 18854.00776696205, 'total_duration': 19713.789566516876, 'accumulated_submission_time': 18854.00776696205, 'accumulated_eval_time': 811.8146171569824, 'accumulated_logging_time': 7.67327618598938}
I0601 07:56:19.252790 140542671288064 logging_writer.py:48] [23270] accumulated_eval_time=811.815, accumulated_logging_time=7.67328, accumulated_submission_time=18854, global_step=23270, preemption_count=0, score=18854, test/ctc_loss=31.2418, test/num_examples=2472, test/wer=4.27364, total_duration=19713.8, train/ctc_loss=32.6473, train/wer=4.43131, validation/ctc_loss=30.9822, validation/num_examples=5348, validation/wer=4.08426
/usr/local/lib/python3.11/multiprocessing/popen_fork.py:66: RuntimeWarning: os.fork() was called. os.fork() is incompatible with multithreaded code, and JAX is multithreaded, so this will likely lead to a deadlock.
  self.pid = os.fork()
I0601 08:20:26.304330 140561172747456 spec.py:333] Evaluating on the training split.
I0601 08:20:50.378807 140561172747456 spec.py:346] Evaluating on the validation split.
I0601 08:21:10.848151 140561172747456 spec.py:363] Evaluating on the test split.
I0601 08:21:22.386318 140561172747456 submission_runner.py:516] Time since start: 21218.07s, 	Step: 25131, 	{'train/ctc_loss': 32.64824851695132, 'train/wer': 4.43173785941795, 'validation/ctc_loss': 30.983047016274863, 'validation/wer': 4.085472891420847, 'validation/num_examples': 5348, 'test/ctc_loss': 31.24308665075166, 'test/wer': 4.273292303942478, 'test/num_examples': 2472, 'score': 20297.53759241104, 'total_duration': 21218.06874036789, 'accumulated_submission_time': 20297.53759241104, 'accumulated_eval_time': 867.8964512348175, 'accumulated_logging_time': 9.513815641403198}
I0601 08:21:22.767152 140542671288064 logging_writer.py:48] [25131] accumulated_eval_time=867.896, accumulated_logging_time=9.51382, accumulated_submission_time=20297.5, global_step=25131, preemption_count=0, score=20297.5, test/ctc_loss=31.2431, test/num_examples=2472, test/wer=4.27329, total_duration=21218.1, train/ctc_loss=32.6482, train/wer=4.43174, validation/ctc_loss=30.983, validation/num_examples=5348, validation/wer=4.08547
/usr/local/lib/python3.11/multiprocessing/popen_fork.py:66: RuntimeWarning: os.fork() was called. os.fork() is incompatible with multithreaded code, and JAX is multithreaded, so this will likely lead to a deadlock.
  self.pid = os.fork()
I0601 08:45:30.710678 140561172747456 spec.py:333] Evaluating on the training split.
I0601 08:45:55.374600 140561172747456 spec.py:346] Evaluating on the validation split.
I0601 08:46:15.848840 140561172747456 spec.py:363] Evaluating on the test split.
I0601 08:46:27.494759 140561172747456 submission_runner.py:516] Time since start: 22723.16s, 	Step: 26900, 	{'train/ctc_loss': 32.653166398573816, 'train/wer': 4.431323356167372, 'validation/ctc_loss': 30.988691731967048, 'validation/wer': 4.085048037464395, 'validation/num_examples': 5348, 'test/ctc_loss': 31.2475998451513, 'test/wer': 4.2722970365405315, 'test/num_examples': 2472, 'score': 21742.277351617813, 'total_duration': 22723.160590410233, 'accumulated_submission_time': 21742.277351617813, 'accumulated_eval_time': 924.6637654304504, 'accumulated_logging_time': 10.224888324737549}
I0601 08:46:27.888601 140542671288064 logging_writer.py:48] [26900] accumulated_eval_time=924.664, accumulated_logging_time=10.2249, accumulated_submission_time=21742.3, global_step=26900, preemption_count=0, score=21742.3, test/ctc_loss=31.2476, test/num_examples=2472, test/wer=4.2723, total_duration=22723.2, train/ctc_loss=32.6532, train/wer=4.43132, validation/ctc_loss=30.9887, validation/num_examples=5348, validation/wer=4.08505
/usr/local/lib/python3.11/multiprocessing/popen_fork.py:66: RuntimeWarning: os.fork() was called. os.fork() is incompatible with multithreaded code, and JAX is multithreaded, so this will likely lead to a deadlock.
  self.pid = os.fork()
I0601 09:10:37.455471 140561172747456 spec.py:333] Evaluating on the training split.
I0601 09:11:03.021934 140561172747456 spec.py:346] Evaluating on the validation split.
I0601 09:11:23.703684 140561172747456 spec.py:363] Evaluating on the test split.
I0601 09:11:35.226360 140561172747456 submission_runner.py:516] Time since start: 24230.91s, 	Step: 28758, 	{'train/ctc_loss': 32.65135292972552, 'train/wer': 4.431988742964353, 'validation/ctc_loss': 30.986713883865782, 'validation/wer': 4.086235697388114, 'validation/num_examples': 5348, 'test/ctc_loss': 31.24610942641461, 'test/wer': 4.2737797818536345, 'test/num_examples': 2472, 'score': 23186.50985097885, 'total_duration': 24230.908674001694, 'accumulated_submission_time': 23186.50985097885, 'accumulated_eval_time': 982.4345774650574, 'accumulated_logging_time': 10.910033464431763}
I0601 09:11:35.661143 140542671288064 logging_writer.py:48] [28758] accumulated_eval_time=982.435, accumulated_logging_time=10.91, accumulated_submission_time=23186.5, global_step=28758, preemption_count=0, score=23186.5, test/ctc_loss=31.2461, test/num_examples=2472, test/wer=4.27378, total_duration=24230.9, train/ctc_loss=32.6514, train/wer=4.43199, validation/ctc_loss=30.9867, validation/num_examples=5348, validation/wer=4.08624
/usr/local/lib/python3.11/multiprocessing/popen_fork.py:66: RuntimeWarning: os.fork() was called. os.fork() is incompatible with multithreaded code, and JAX is multithreaded, so this will likely lead to a deadlock.
  self.pid = os.fork()
I0601 09:35:44.209306 140561172747456 spec.py:333] Evaluating on the training split.
I0601 09:36:08.793495 140561172747456 spec.py:346] Evaluating on the validation split.
I0601 09:36:29.615795 140561172747456 spec.py:363] Evaluating on the test split.
I0601 09:36:41.268854 140561172747456 submission_runner.py:516] Time since start: 25736.95s, 	Step: 30693, 	{'train/ctc_loss': 32.64761670577066, 'train/wer': 4.432136000698111, 'validation/ctc_loss': 30.98264516777175, 'validation/wer': 4.085028725920919, 'validation/num_examples': 5348, 'test/ctc_loss': 31.24244789986451, 'test/wer': 4.273211057623952, 'test/num_examples': 2472, 'score': 24631.838448524475, 'total_duration': 25736.95130085945, 'accumulated_submission_time': 24631.838448524475, 'accumulated_eval_time': 1039.4940769672394, 'accumulated_logging_time': 11.632651567459106}
I0601 09:36:42.382785 140542671288064 logging_writer.py:48] [30693] accumulated_eval_time=1039.49, accumulated_logging_time=11.6327, accumulated_submission_time=24631.8, global_step=30693, preemption_count=0, score=24631.8, test/ctc_loss=31.2424, test/num_examples=2472, test/wer=4.27321, total_duration=25737, train/ctc_loss=32.6476, train/wer=4.43214, validation/ctc_loss=30.9826, validation/num_examples=5348, validation/wer=4.08503
/usr/local/lib/python3.11/multiprocessing/popen_fork.py:66: RuntimeWarning: os.fork() was called. os.fork() is incompatible with multithreaded code, and JAX is multithreaded, so this will likely lead to a deadlock.
  self.pid = os.fork()
I0601 10:00:49.410995 140561172747456 spec.py:333] Evaluating on the training split.
I0601 10:01:14.915497 140561172747456 spec.py:346] Evaluating on the validation split.
I0601 10:01:35.457209 140561172747456 spec.py:363] Evaluating on the test split.
I0601 10:01:46.990315 140561172747456 submission_runner.py:516] Time since start: 27242.67s, 	Step: 32620, 	{'train/ctc_loss': 32.649095485452975, 'train/wer': 4.432179632619224, 'validation/ctc_loss': 30.984412673297168, 'validation/wer': 4.086197074301164, 'validation/num_examples': 5348, 'test/ctc_loss': 31.243941544615783, 'test/wer': 4.275607824020474, 'test/num_examples': 2472, 'score': 26075.328181266785, 'total_duration': 27242.672793388367, 'accumulated_submission_time': 26075.328181266785, 'accumulated_eval_time': 1097.0734045505524, 'accumulated_logging_time': 13.259464979171753}
I0601 10:01:47.468424 140542671288064 logging_writer.py:48] [32620] accumulated_eval_time=1097.07, accumulated_logging_time=13.2595, accumulated_submission_time=26075.3, global_step=32620, preemption_count=0, score=26075.3, test/ctc_loss=31.2439, test/num_examples=2472, test/wer=4.27561, total_duration=27242.7, train/ctc_loss=32.6491, train/wer=4.43218, validation/ctc_loss=30.9844, validation/num_examples=5348, validation/wer=4.0862
/usr/local/lib/python3.11/multiprocessing/popen_fork.py:66: RuntimeWarning: os.fork() was called. os.fork() is incompatible with multithreaded code, and JAX is multithreaded, so this will likely lead to a deadlock.
  self.pid = os.fork()
I0601 10:25:56.771104 140561172747456 spec.py:333] Evaluating on the training split.
I0601 10:26:23.320389 140561172747456 spec.py:346] Evaluating on the validation split.
I0601 10:26:43.977816 140561172747456 spec.py:363] Evaluating on the test split.
I0601 10:26:55.684041 140561172747456 submission_runner.py:516] Time since start: 28751.37s, 	Step: 34517, 	{'train/ctc_loss': 32.64579982172679, 'train/wer': 4.431563331733496, 'validation/ctc_loss': 30.980849407273457, 'validation/wer': 4.084922512431806, 'validation/num_examples': 5348, 'test/ctc_loss': 31.24072520807794, 'test/wer': 4.273231369203583, 'test/num_examples': 2472, 'score': 27519.751270771027, 'total_duration': 28751.366510152817, 'accumulated_submission_time': 27519.751270771027, 'accumulated_eval_time': 1155.9863228797913, 'accumulated_logging_time': 13.96955680847168}
I0601 10:26:56.094956 140542671288064 logging_writer.py:48] [34517] accumulated_eval_time=1155.99, accumulated_logging_time=13.9696, accumulated_submission_time=27519.8, global_step=34517, preemption_count=0, score=27519.8, test/ctc_loss=31.2407, test/num_examples=2472, test/wer=4.27323, total_duration=28751.4, train/ctc_loss=32.6458, train/wer=4.43156, validation/ctc_loss=30.9808, validation/num_examples=5348, validation/wer=4.08492
/usr/local/lib/python3.11/multiprocessing/popen_fork.py:66: RuntimeWarning: os.fork() was called. os.fork() is incompatible with multithreaded code, and JAX is multithreaded, so this will likely lead to a deadlock.
  self.pid = os.fork()
I0601 10:51:03.683493 140561172747456 spec.py:333] Evaluating on the training split.
I0601 10:51:28.236251 140561172747456 spec.py:346] Evaluating on the validation split.
I0601 10:51:48.790876 140561172747456 spec.py:363] Evaluating on the test split.
I0601 10:52:00.435092 140561172747456 submission_runner.py:516] Time since start: 30256.12s, 	Step: 36333, 	{'train/ctc_loss': 32.64879494824271, 'train/wer': 4.432174178629085, 'validation/ctc_loss': 30.98417407574844, 'validation/wer': 4.084990102833969, 'validation/num_examples': 5348, 'test/ctc_loss': 31.24355764888057, 'test/wer': 4.273881339751792, 'test/num_examples': 2472, 'score': 28964.253234148026, 'total_duration': 30256.11753511429, 'accumulated_submission_time': 28964.253234148026, 'accumulated_eval_time': 1212.737833738327, 'accumulated_logging_time': 14.653361320495605}
I0601 10:52:01.125887 140542671288064 logging_writer.py:48] [36333] accumulated_eval_time=1212.74, accumulated_logging_time=14.6534, accumulated_submission_time=28964.3, global_step=36333, preemption_count=0, score=28964.3, test/ctc_loss=31.2436, test/num_examples=2472, test/wer=4.27388, total_duration=30256.1, train/ctc_loss=32.6488, train/wer=4.43217, validation/ctc_loss=30.9842, validation/num_examples=5348, validation/wer=4.08499
/usr/local/lib/python3.11/multiprocessing/popen_fork.py:66: RuntimeWarning: os.fork() was called. os.fork() is incompatible with multithreaded code, and JAX is multithreaded, so this will likely lead to a deadlock.
  self.pid = os.fork()
I0601 11:16:10.682706 140561172747456 spec.py:333] Evaluating on the training split.
I0601 11:16:34.761193 140561172747456 spec.py:346] Evaluating on the validation split.
I0601 11:16:55.170557 140561172747456 spec.py:363] Evaluating on the test split.
I0601 11:17:07.599169 140561172747456 submission_runner.py:516] Time since start: 31763.26s, 	Step: 38095, 	{'train/ctc_loss': 32.649440420205664, 'train/wer': 4.431781491339064, 'validation/ctc_loss': 30.984522553747237, 'validation/wer': 4.086728141746729, 'validation/num_examples': 5348, 'test/ctc_loss': 31.24411897541777, 'test/wer': 4.27398289764995, 'test/num_examples': 2472, 'score': 30410.501816749573, 'total_duration': 31763.263807058334, 'accumulated_submission_time': 30410.501816749573, 'accumulated_eval_time': 1269.6363427639008, 'accumulated_logging_time': 15.761738300323486}
I0601 11:17:09.026800 140542671288064 logging_writer.py:48] [38095] accumulated_eval_time=1269.64, accumulated_logging_time=15.7617, accumulated_submission_time=30410.5, global_step=38095, preemption_count=0, score=30410.5, test/ctc_loss=31.2441, test/num_examples=2472, test/wer=4.27398, total_duration=31763.3, train/ctc_loss=32.6494, train/wer=4.43178, validation/ctc_loss=30.9845, validation/num_examples=5348, validation/wer=4.08673
/usr/local/lib/python3.11/multiprocessing/popen_fork.py:66: RuntimeWarning: os.fork() was called. os.fork() is incompatible with multithreaded code, and JAX is multithreaded, so this will likely lead to a deadlock.
  self.pid = os.fork()
I0601 11:19:45.515910 140561172747456 spec.py:333] Evaluating on the training split.
I0601 11:20:10.601622 140561172747456 spec.py:346] Evaluating on the validation split.
I0601 11:20:26.260165 140561172747456 spec.py:363] Evaluating on the test split.
I0601 11:20:34.398997 140561172747456 submission_runner.py:516] Time since start: 31970.08s, 	Step: 38401, 	{'train/ctc_loss': 32.64779771113593, 'train/wer': 4.431694227496837, 'validation/ctc_loss': 30.98280841872614, 'validation/wer': 4.085801187659924, 'validation/num_examples': 5348, 'test/ctc_loss': 31.242705981031033, 'test/wer': 4.274937541892633, 'test/num_examples': 2472, 'score': 30564.530232191086, 'total_duration': 31970.081455230713, 'accumulated_submission_time': 30564.530232191086, 'accumulated_eval_time': 1318.5193095207214, 'accumulated_logging_time': 17.901620864868164}
I0601 11:20:34.433654 140542671288064 logging_writer.py:48] [38401] accumulated_eval_time=1318.52, accumulated_logging_time=17.9016, accumulated_submission_time=30564.5, global_step=38401, preemption_count=0, score=30564.5, test/ctc_loss=31.2427, test/num_examples=2472, test/wer=4.27494, total_duration=31970.1, train/ctc_loss=32.6478, train/wer=4.43169, validation/ctc_loss=30.9828, validation/num_examples=5348, validation/wer=4.0858
I0601 11:20:35.266650 140542662895360 logging_writer.py:48] [38401] global_step=38401, preemption_count=0, score=30564.5
I0601 11:20:35.426197 140561172747456 submission_runner.py:857] Final librispeech_deepspeech score: 30564.530232191086
