torchrun --redirects 1:0,2:0,3:0 --standalone --nnodes=1 --nproc_per_node=4 submission_runner.py --framework=pytorch --workload=criteo1tb --submission_path=submissions_algorithms/submissions/self_tuning/muon_torch_jax_hps_achandr/submission.py --data_dir=/data/criteo1tb --experiment_dir=/experiment_runs --experiment_name=submissions_a100/muon_torch_jax_hps_achandr/study_1 --overwrite=True --save_checkpoints=False --rng_seed=119999744 --torch_compile=true --tuning_ruleset=self 2>&1 | tee -a /logs/criteo1tb_pytorch_06-04-2026-07-39-45.log
W0604 07:39:46.788000 9 site-packages/torch/distributed/run.py:803] 
W0604 07:39:46.788000 9 site-packages/torch/distributed/run.py:803] *****************************************
W0604 07:39:46.788000 9 site-packages/torch/distributed/run.py:803] Setting OMP_NUM_THREADS environment variable for each process to be 1 in default, to avoid your system being overloaded, please further tune the variable for optimal performance in your application as needed. 
W0604 07:39:46.788000 9 site-packages/torch/distributed/run.py:803] *****************************************
2026-06-04 07:39:48.279158: E external/local_xla/xla/stream_executor/cuda/cuda_fft.cc:467] Unable to register cuFFT factory: Attempting to register factory for plugin cuFFT when one has already been registered
2026-06-04 07:39:48.279158: E external/local_xla/xla/stream_executor/cuda/cuda_fft.cc:467] Unable to register cuFFT factory: Attempting to register factory for plugin cuFFT when one has already been registered
2026-06-04 07:39:48.279186: E external/local_xla/xla/stream_executor/cuda/cuda_fft.cc:467] Unable to register cuFFT factory: Attempting to register factory for plugin cuFFT when one has already been registered
2026-06-04 07:39:48.279158: E external/local_xla/xla/stream_executor/cuda/cuda_fft.cc:467] Unable to register cuFFT factory: Attempting to register factory for plugin cuFFT when one has already been registered
WARNING: All log messages before absl::InitializeLog() is called are written to STDERR
WARNING: All log messages before absl::InitializeLog() is called are written to STDERR
WARNING: All log messages before absl::InitializeLog() is called are written to STDERR
WARNING: All log messages before absl::InitializeLog() is called are written to STDERR
E0000 00:00:1780558788.303838      39 cuda_dnn.cc:8579] Unable to register cuDNN factory: Attempting to register factory for plugin cuDNN when one has already been registered
E0000 00:00:1780558788.303863      38 cuda_dnn.cc:8579] Unable to register cuDNN factory: Attempting to register factory for plugin cuDNN when one has already been registered
E0000 00:00:1780558788.303843      40 cuda_dnn.cc:8579] Unable to register cuDNN factory: Attempting to register factory for plugin cuDNN when one has already been registered
E0000 00:00:1780558788.303838      41 cuda_dnn.cc:8579] Unable to register cuDNN factory: Attempting to register factory for plugin cuDNN when one has already been registered
E0000 00:00:1780558788.311974      39 cuda_blas.cc:1407] Unable to register cuBLAS factory: Attempting to register factory for plugin cuBLAS when one has already been registered
E0000 00:00:1780558788.311974      38 cuda_blas.cc:1407] Unable to register cuBLAS factory: Attempting to register factory for plugin cuBLAS when one has already been registered
E0000 00:00:1780558788.311974      41 cuda_blas.cc:1407] Unable to register cuBLAS factory: Attempting to register factory for plugin cuBLAS when one has already been registered
E0000 00:00:1780558788.312030      40 cuda_blas.cc:1407] Unable to register cuBLAS factory: Attempting to register factory for plugin cuBLAS when one has already been registered
W0000 00:00:1780558788.338414      40 computation_placer.cc:177] computation placer already registered. Please check linkage and avoid linking the same target more than once.
W0000 00:00:1780558788.338414      41 computation_placer.cc:177] computation placer already registered. Please check linkage and avoid linking the same target more than once.
W0000 00:00:1780558788.338415      38 computation_placer.cc:177] computation placer already registered. Please check linkage and avoid linking the same target more than once.
W0000 00:00:1780558788.338415      39 computation_placer.cc:177] computation placer already registered. Please check linkage and avoid linking the same target more than once.
W0000 00:00:1780558788.338448      41 computation_placer.cc:177] computation placer already registered. Please check linkage and avoid linking the same target more than once.
W0000 00:00:1780558788.338449      38 computation_placer.cc:177] computation placer already registered. Please check linkage and avoid linking the same target more than once.
W0000 00:00:1780558788.338449      39 computation_placer.cc:177] computation placer already registered. Please check linkage and avoid linking the same target more than once.
W0000 00:00:1780558788.338451      41 computation_placer.cc:177] computation placer already registered. Please check linkage and avoid linking the same target more than once.
W0000 00:00:1780558788.338452      38 computation_placer.cc:177] computation placer already registered. Please check linkage and avoid linking the same target more than once.
W0000 00:00:1780558788.338452      39 computation_placer.cc:177] computation placer already registered. Please check linkage and avoid linking the same target more than once.
W0000 00:00:1780558788.338453      41 computation_placer.cc:177] computation placer already registered. Please check linkage and avoid linking the same target more than once.
W0000 00:00:1780558788.338453      40 computation_placer.cc:177] computation placer already registered. Please check linkage and avoid linking the same target more than once.
W0000 00:00:1780558788.338454      38 computation_placer.cc:177] computation placer already registered. Please check linkage and avoid linking the same target more than once.
W0000 00:00:1780558788.338455      39 computation_placer.cc:177] computation placer already registered. Please check linkage and avoid linking the same target more than once.
W0000 00:00:1780558788.338456      40 computation_placer.cc:177] computation placer already registered. Please check linkage and avoid linking the same target more than once.
W0000 00:00:1780558788.338458      40 computation_placer.cc:177] computation placer already registered. Please check linkage and avoid linking the same target more than once.
W0000 00:00:1780558794.117511      38 gpu_device.cc:2341] Cannot dlopen some GPU libraries. Please make sure the missing libraries mentioned above are installed properly if you would like to use GPU. Follow the guide at https://www.tensorflow.org/install/gpu for how to download and setup the required libraries for your platform.
Skipping registering GPU devices...
W0000 00:00:1780558794.215573      39 gpu_device.cc:2341] Cannot dlopen some GPU libraries. Please make sure the missing libraries mentioned above are installed properly if you would like to use GPU. Follow the guide at https://www.tensorflow.org/install/gpu for how to download and setup the required libraries for your platform.
Skipping registering GPU devices...
W0000 00:00:1780558794.303386      40 gpu_device.cc:2341] Cannot dlopen some GPU libraries. Please make sure the missing libraries mentioned above are installed properly if you would like to use GPU. Follow the guide at https://www.tensorflow.org/install/gpu for how to download and setup the required libraries for your platform.
Skipping registering GPU devices...
W0000 00:00:1780558794.617034      41 gpu_device.cc:2341] Cannot dlopen some GPU libraries. Please make sure the missing libraries mentioned above are installed properly if you would like to use GPU. Follow the guide at https://www.tensorflow.org/install/gpu for how to download and setup the required libraries for your platform.
Skipping registering GPU devices...
/usr/local/lib/python3.11/site-packages/torch/__init__.py:1617: UserWarning: Please use the new API settings to control TF32 behavior, such as torch.backends.cudnn.conv.fp32_precision = 'tf32' or torch.backends.cuda.matmul.fp32_precision = 'ieee'. Old settings, e.g, torch.backends.cuda.matmul.allow_tf32 = True, torch.backends.cudnn.allow_tf32 = True, allowTF32CuDNN() and allowTF32CuBLAS() will be deprecated after Pytorch 2.9. Please see https://pytorch.org/docs/main/notes/cuda.html#tensorfloat-32-tf32-on-ampere-and-later-devices (Triggered internally at /pytorch/aten/src/ATen/Context.cpp:80.)
  _C._set_float32_matmul_precision(precision)
/usr/local/lib/python3.11/site-packages/torch/__init__.py:1617: UserWarning: Please use the new API settings to control TF32 behavior, such as torch.backends.cudnn.conv.fp32_precision = 'tf32' or torch.backends.cuda.matmul.fp32_precision = 'ieee'. Old settings, e.g, torch.backends.cuda.matmul.allow_tf32 = True, torch.backends.cudnn.allow_tf32 = True, allowTF32CuDNN() and allowTF32CuBLAS() will be deprecated after Pytorch 2.9. Please see https://pytorch.org/docs/main/notes/cuda.html#tensorfloat-32-tf32-on-ampere-and-later-devices (Triggered internally at /pytorch/aten/src/ATen/Context.cpp:80.)
  _C._set_float32_matmul_precision(precision)
/usr/local/lib/python3.11/site-packages/torch/__init__.py:1617: UserWarning: Please use the new API settings to control TF32 behavior, such as torch.backends.cudnn.conv.fp32_precision = 'tf32' or torch.backends.cuda.matmul.fp32_precision = 'ieee'. Old settings, e.g, torch.backends.cuda.matmul.allow_tf32 = True, torch.backends.cudnn.allow_tf32 = True, allowTF32CuDNN() and allowTF32CuBLAS() will be deprecated after Pytorch 2.9. Please see https://pytorch.org/docs/main/notes/cuda.html#tensorfloat-32-tf32-on-ampere-and-later-devices (Triggered internally at /pytorch/aten/src/ATen/Context.cpp:80.)
  _C._set_float32_matmul_precision(precision)
/usr/local/lib/python3.11/site-packages/torch/__init__.py:1617: UserWarning: Please use the new API settings to control TF32 behavior, such as torch.backends.cudnn.conv.fp32_precision = 'tf32' or torch.backends.cuda.matmul.fp32_precision = 'ieee'. Old settings, e.g, torch.backends.cuda.matmul.allow_tf32 = True, torch.backends.cudnn.allow_tf32 = True, allowTF32CuDNN() and allowTF32CuBLAS() will be deprecated after Pytorch 2.9. Please see https://pytorch.org/docs/main/notes/cuda.html#tensorfloat-32-tf32-on-ampere-and-later-devices (Triggered internally at /pytorch/aten/src/ATen/Context.cpp:80.)
  _C._set_float32_matmul_precision(precision)
/usr/local/lib/python3.11/site-packages/pydantic/_internal/_generate_schema.py:2249: UnsupportedFieldAttributeWarning: The 'repr' attribute with value False was provided to the `Field()` function, which has no effect in the context it was used. 'repr' is field-specific metadata, and can only be attached to a model field using `Annotated` metadata or by assignment. This may have happened because an `Annotated` type alias using the `type` statement was used, or if the `Field()` function was attached to a single member of a union type.
  warnings.warn(
/usr/local/lib/python3.11/site-packages/pydantic/_internal/_generate_schema.py:2249: UnsupportedFieldAttributeWarning: The 'frozen' attribute with value True was provided to the `Field()` function, which has no effect in the context it was used. 'frozen' is field-specific metadata, and can only be attached to a model field using `Annotated` metadata or by assignment. This may have happened because an `Annotated` type alias using the `type` statement was used, or if the `Field()` function was attached to a single member of a union type.
  warnings.warn(
/usr/local/lib/python3.11/site-packages/pydantic/_internal/_generate_schema.py:2249: UnsupportedFieldAttributeWarning: The 'repr' attribute with value False was provided to the `Field()` function, which has no effect in the context it was used. 'repr' is field-specific metadata, and can only be attached to a model field using `Annotated` metadata or by assignment. This may have happened because an `Annotated` type alias using the `type` statement was used, or if the `Field()` function was attached to a single member of a union type.
  warnings.warn(
/usr/local/lib/python3.11/site-packages/pydantic/_internal/_generate_schema.py:2249: UnsupportedFieldAttributeWarning: The 'frozen' attribute with value True was provided to the `Field()` function, which has no effect in the context it was used. 'frozen' is field-specific metadata, and can only be attached to a model field using `Annotated` metadata or by assignment. This may have happened because an `Annotated` type alias using the `type` statement was used, or if the `Field()` function was attached to a single member of a union type.
  warnings.warn(
/usr/local/lib/python3.11/site-packages/pydantic/_internal/_generate_schema.py:2249: UnsupportedFieldAttributeWarning: The 'repr' attribute with value False was provided to the `Field()` function, which has no effect in the context it was used. 'repr' is field-specific metadata, and can only be attached to a model field using `Annotated` metadata or by assignment. This may have happened because an `Annotated` type alias using the `type` statement was used, or if the `Field()` function was attached to a single member of a union type.
  warnings.warn(
/usr/local/lib/python3.11/site-packages/pydantic/_internal/_generate_schema.py:2249: UnsupportedFieldAttributeWarning: The 'frozen' attribute with value True was provided to the `Field()` function, which has no effect in the context it was used. 'frozen' is field-specific metadata, and can only be attached to a model field using `Annotated` metadata or by assignment. This may have happened because an `Annotated` type alias using the `type` statement was used, or if the `Field()` function was attached to a single member of a union type.
  warnings.warn(
/usr/local/lib/python3.11/site-packages/pydantic/_internal/_generate_schema.py:2249: UnsupportedFieldAttributeWarning: The 'repr' attribute with value False was provided to the `Field()` function, which has no effect in the context it was used. 'repr' is field-specific metadata, and can only be attached to a model field using `Annotated` metadata or by assignment. This may have happened because an `Annotated` type alias using the `type` statement was used, or if the `Field()` function was attached to a single member of a union type.
  warnings.warn(
/usr/local/lib/python3.11/site-packages/pydantic/_internal/_generate_schema.py:2249: UnsupportedFieldAttributeWarning: The 'frozen' attribute with value True was provided to the `Field()` function, which has no effect in the context it was used. 'frozen' is field-specific metadata, and can only be attached to a model field using `Annotated` metadata or by assignment. This may have happened because an `Annotated` type alias using the `type` statement was used, or if the `Field()` function was attached to a single member of a union type.
  warnings.warn(
I0604 07:39:56.343633 139865785955520 logger_utils.py:59] Removing existing experiment directory /experiment_runs/submissions_a100/muon_torch_jax_hps_achandr/study_1/criteo1tb_pytorch because --overwrite was set.
I0604 07:39:56.343639 140717663515840 logger_utils.py:59] Removing existing experiment directory /experiment_runs/submissions_a100/muon_torch_jax_hps_achandr/study_1/criteo1tb_pytorch because --overwrite was set.
I0604 07:39:56.343640 140719332623552 logger_utils.py:59] Removing existing experiment directory /experiment_runs/submissions_a100/muon_torch_jax_hps_achandr/study_1/criteo1tb_pytorch because --overwrite was set.
I0604 07:39:56.343643 140059345835200 logger_utils.py:59] Removing existing experiment directory /experiment_runs/submissions_a100/muon_torch_jax_hps_achandr/study_1/criteo1tb_pytorch because --overwrite was set.
/usr/local/lib/python3.11/site-packages/torch/distributed/distributed_c10d.py:4876: UserWarning: barrier(): using the device under current context. You can specify `device_id` in `init_process_group` to mute this warning.
  warnings.warn(  # warn only once
[rank0]:[W604 07:39:56.696333551 ProcessGroupNCCL.cpp:5068] Guessing device ID based on global rank. This can cause a hang if rank to GPU mapping is heterogeneous. You can specify device_id in init_process_group()
I0604 07:39:57.076335 140059345835200 logger_utils.py:84] Creating experiment directory at /experiment_runs/submissions_a100/muon_torch_jax_hps_achandr/study_1/criteo1tb_pytorch.
I0604 07:39:57.076334 139865785955520 logger_utils.py:84] Creating experiment directory at /experiment_runs/submissions_a100/muon_torch_jax_hps_achandr/study_1/criteo1tb_pytorch.
I0604 07:39:57.076335 140717663515840 logger_utils.py:84] Creating experiment directory at /experiment_runs/submissions_a100/muon_torch_jax_hps_achandr/study_1/criteo1tb_pytorch.
I0604 07:39:57.076349 140719332623552 logger_utils.py:84] Creating experiment directory at /experiment_runs/submissions_a100/muon_torch_jax_hps_achandr/study_1/criteo1tb_pytorch.
I0604 07:39:59.759171 139865785955520 submission_runner.py:741] Creating directory at /experiment_runs/submissions_a100/muon_torch_jax_hps_achandr/study_1/criteo1tb_pytorch/trial_1.
I0604 07:40:00.123057 139865785955520 submission_runner.py:242] Initializing dataset.
I0604 07:40:00.123244 139865785955520 submission_runner.py:251] Initializing model.
W0604 07:40:04.840423 140717663515840 submission_runner.py:273] These workloads cannot be fully compiled under current PyTorch version. Proceeding without `torch.compile`.
W0604 07:40:04.840423 140059345835200 submission_runner.py:273] These workloads cannot be fully compiled under current PyTorch version. Proceeding without `torch.compile`.
W0604 07:40:04.840425 140719332623552 submission_runner.py:273] These workloads cannot be fully compiled under current PyTorch version. Proceeding without `torch.compile`.
W0604 07:40:04.840458 139865785955520 submission_runner.py:273] These workloads cannot be fully compiled under current PyTorch version. Proceeding without `torch.compile`.
I0604 07:40:04.840613 139865785955520 submission_runner.py:294] Initializing optimizer.
I0604 07:40:04.840727 140719332623552 muon.py:324] Muon params:
	module.bot_mlp.0.weight (ndim=2)
	module.bot_mlp.2.weight (ndim=2)
	module.bot_mlp.4.weight (ndim=2)
	module.top_mlp.0.weight (ndim=2)
	module.top_mlp.2.weight (ndim=2)
	module.top_mlp.4.weight (ndim=2)
	module.top_mlp.6.weight (ndim=2)
	module.top_mlp.9.weight (ndim=2)
I0604 07:40:04.840728 140059345835200 muon.py:324] Muon params:
	module.bot_mlp.0.weight (ndim=2)
	module.bot_mlp.2.weight (ndim=2)
	module.bot_mlp.4.weight (ndim=2)
	module.top_mlp.0.weight (ndim=2)
	module.top_mlp.2.weight (ndim=2)
	module.top_mlp.4.weight (ndim=2)
	module.top_mlp.6.weight (ndim=2)
	module.top_mlp.9.weight (ndim=2)
I0604 07:40:04.840733 140717663515840 muon.py:324] Muon params:
	module.bot_mlp.0.weight (ndim=2)
	module.bot_mlp.2.weight (ndim=2)
	module.bot_mlp.4.weight (ndim=2)
	module.top_mlp.0.weight (ndim=2)
	module.top_mlp.2.weight (ndim=2)
	module.top_mlp.4.weight (ndim=2)
	module.top_mlp.6.weight (ndim=2)
	module.top_mlp.9.weight (ndim=2)
I0604 07:40:04.840782 139865785955520 muon.py:324] Muon params:
	module.bot_mlp.0.weight (ndim=2)
	module.bot_mlp.2.weight (ndim=2)
	module.bot_mlp.4.weight (ndim=2)
	module.top_mlp.0.weight (ndim=2)
	module.top_mlp.2.weight (ndim=2)
	module.top_mlp.4.weight (ndim=2)
	module.top_mlp.6.weight (ndim=2)
	module.top_mlp.9.weight (ndim=2)
I0604 07:40:04.840814 140059345835200 muon.py:325] Adam params:
	module.embedding_chunk_0 (ndim=2)
	module.embedding_chunk_1 (ndim=2)
	module.embedding_chunk_2 (ndim=2)
	module.embedding_chunk_3 (ndim=2)
	module.bot_mlp.0.bias (ndim=1)
	module.bot_mlp.2.bias (ndim=1)
	module.bot_mlp.4.bias (ndim=1)
	module.top_mlp.0.bias (ndim=1)
	module.top_mlp.2.bias (ndim=1)
	module.top_mlp.4.bias (ndim=1)
	module.top_mlp.6.bias (ndim=1)
	module.top_mlp.9.bias (ndim=1)
I0604 07:40:04.840817 140717663515840 muon.py:325] Adam params:
	module.embedding_chunk_0 (ndim=2)
	module.embedding_chunk_1 (ndim=2)
	module.embedding_chunk_2 (ndim=2)
	module.embedding_chunk_3 (ndim=2)
	module.bot_mlp.0.bias (ndim=1)
	module.bot_mlp.2.bias (ndim=1)
	module.bot_mlp.4.bias (ndim=1)
	module.top_mlp.0.bias (ndim=1)
	module.top_mlp.2.bias (ndim=1)
	module.top_mlp.4.bias (ndim=1)
	module.top_mlp.6.bias (ndim=1)
	module.top_mlp.9.bias (ndim=1)
I0604 07:40:04.840822 140719332623552 muon.py:325] Adam params:
	module.embedding_chunk_0 (ndim=2)
	module.embedding_chunk_1 (ndim=2)
	module.embedding_chunk_2 (ndim=2)
	module.embedding_chunk_3 (ndim=2)
	module.bot_mlp.0.bias (ndim=1)
	module.bot_mlp.2.bias (ndim=1)
	module.bot_mlp.4.bias (ndim=1)
	module.top_mlp.0.bias (ndim=1)
	module.top_mlp.2.bias (ndim=1)
	module.top_mlp.4.bias (ndim=1)
	module.top_mlp.6.bias (ndim=1)
	module.top_mlp.9.bias (ndim=1)
I0604 07:40:04.840865 139865785955520 muon.py:325] Adam params:
	module.embedding_chunk_0 (ndim=2)
	module.embedding_chunk_1 (ndim=2)
	module.embedding_chunk_2 (ndim=2)
	module.embedding_chunk_3 (ndim=2)
	module.bot_mlp.0.bias (ndim=1)
	module.bot_mlp.2.bias (ndim=1)
	module.bot_mlp.4.bias (ndim=1)
	module.top_mlp.0.bias (ndim=1)
	module.top_mlp.2.bias (ndim=1)
	module.top_mlp.4.bias (ndim=1)
	module.top_mlp.6.bias (ndim=1)
	module.top_mlp.9.bias (ndim=1)
I0604 07:40:04.841504 139865785955520 submission_runner.py:299] Initializing metrics bundle.
I0604 07:40:04.841674 139865785955520 submission_runner.py:321] Initializing checkpoint and logger.
I0604 07:40:04.843564 139865785955520 submission_runner.py:344] Saving meta data to /experiment_runs/submissions_a100/muon_torch_jax_hps_achandr/study_1/criteo1tb_pytorch/trial_1/meta_data_0.json.
I0604 07:40:04.843663 140717663515840 logger_utils.py:283] Unable to record workload.train_mean information. Continuing without it.
I0604 07:40:04.843687 140719332623552 logger_utils.py:283] Unable to record workload.train_mean information. Continuing without it.
I0604 07:40:04.843687 140059345835200 logger_utils.py:283] Unable to record workload.train_mean information. Continuing without it.
I0604 07:40:04.843771 140717663515840 logger_utils.py:283] Unable to record workload.train_stddev information. Continuing without it.
I0604 07:40:04.843766 139865785955520 logger_utils.py:283] Unable to record workload.train_mean information. Continuing without it.
I0604 07:40:04.843785 140719332623552 logger_utils.py:283] Unable to record workload.train_stddev information. Continuing without it.
I0604 07:40:04.843811 140059345835200 logger_utils.py:283] Unable to record workload.train_stddev information. Continuing without it.
I0604 07:40:04.843825 139865785955520 logger_utils.py:283] Unable to record workload.train_stddev information. Continuing without it.
I0604 07:40:05.040272 139865785955520 submission_runner.py:348] Saving flags to /experiment_runs/submissions_a100/muon_torch_jax_hps_achandr/study_1/criteo1tb_pytorch/trial_1/flags_0.json.
I0604 07:40:05.090209 139865785955520 submission_runner.py:359] Starting training loop.
I0604 07:40:09.732358 139865785955520 submission.py:197] 
=== DIAGNOSTICS [Step 0] ===
  • Muon LR:      0.003883970586  |  Grad Norm: 1.014525 (from 8 gradients)
  • NAdamW LR:    0.000135749518  |  Grad Norm: 0.120148 (from 12 gradients)
  • Muon Params:  8 total tensors
  • NAdamW Params:12 total tensors
========================================

I0604 07:40:31.507948 139865785955520 spec.py:333] Evaluating on the training split.
I0604 07:45:27.469474 139865785955520 spec.py:346] Evaluating on the validation split.
I0604 07:50:23.854438 139865785955520 spec.py:363] Evaluating on the test split.
I0604 07:55:50.520277 139865785955520 submission_runner.py:516] Time since start: 945.40s, 	Step: 1, 	{'train/loss': 0.18148365696280544, 'validation/loss': 0.180755559999425, 'validation/num_examples': 83274637, 'test/loss': 0.18297960327180562, 'test/num_examples': 95000000, 'score': 25.97926902770996, 'total_duration': 945.3961267471313, 'accumulated_submission_time': 25.97926902770996, 'accumulated_eval_time': 918.9782598018646, 'accumulated_logging_time': 0}
I0604 07:55:50.690166 139823977199360 logging_writer.py:48] [1] accumulated_eval_time=918.978, accumulated_logging_time=0, accumulated_submission_time=25.9793, global_step=1, preemption_count=0, score=25.9793, test/loss=0.18298, test/num_examples=95000000, total_duration=945.396, train/loss=0.181484, validation/loss=0.180756, validation/num_examples=83274637
I0604 07:55:51.317729 139865785955520 submission.py:197] 
=== DIAGNOSTICS [Step 1] ===
  • Muon LR:      0.003883970502  |  Grad Norm: 0.874599 (from 8 gradients)
  • NAdamW LR:    0.000135749515  |  Grad Norm: 0.104636 (from 12 gradients)
  • Muon Params:  8 total tensors
  • NAdamW Params:12 total tensors
========================================

I0604 07:55:51.502805 139865785955520 submission.py:197] 
=== DIAGNOSTICS [Step 2] ===
  • Muon LR:      0.003883970249  |  Grad Norm: 0.777583 (from 8 gradients)
  • NAdamW LR:    0.000135749506  |  Grad Norm: 0.090695 (from 12 gradients)
  • Muon Params:  8 total tensors
  • NAdamW Params:12 total tensors
========================================

I0604 07:55:51.686702 139865785955520 submission.py:197] 
=== DIAGNOSTICS [Step 3] ===
  • Muon LR:      0.003883969828  |  Grad Norm: 0.706750 (from 8 gradients)
  • NAdamW LR:    0.000135749491  |  Grad Norm: 0.079306 (from 12 gradients)
  • Muon Params:  8 total tensors
  • NAdamW Params:12 total tensors
========================================

I0604 07:55:51.870548 139865785955520 submission.py:197] 
=== DIAGNOSTICS [Step 4] ===
  • Muon LR:      0.003883969238  |  Grad Norm: 0.576514 (from 8 gradients)
  • NAdamW LR:    0.000135749471  |  Grad Norm: 0.061672 (from 12 gradients)
  • Muon Params:  8 total tensors
  • NAdamW Params:12 total tensors
========================================

I0604 07:55:52.052974 139865785955520 submission.py:197] 
=== DIAGNOSTICS [Step 5] ===
  • Muon LR:      0.003883968480  |  Grad Norm: 0.467397 (from 8 gradients)
  • NAdamW LR:    0.000135749444  |  Grad Norm: 0.047555 (from 12 gradients)
  • Muon Params:  8 total tensors
  • NAdamW Params:12 total tensors
========================================

I0604 08:01:47.896748 139865785955520 spec.py:333] Evaluating on the training split.
I0604 08:06:36.366992 139865785955520 spec.py:346] Evaluating on the validation split.
I0604 08:10:46.303016 139865785955520 spec.py:363] Evaluating on the test split.
I0604 08:15:16.193467 139865785955520 submission_runner.py:516] Time since start: 2111.10s, 	Step: 357, 	{'train/loss': 0.1281495798049748, 'validation/loss': 0.1283846279061302, 'validation/num_examples': 83274637, 'test/loss': 0.13118988358732525, 'test/num_examples': 95000000, 'score': 382.14852237701416, 'total_duration': 2111.103482246399, 'accumulated_submission_time': 382.14852237701416, 'accumulated_eval_time': 1727.2750806808472, 'accumulated_logging_time': 0.20620465278625488}
I0604 08:15:16.250243 139823968806656 logging_writer.py:48] [357] accumulated_eval_time=1727.28, accumulated_logging_time=0.206205, accumulated_submission_time=382.149, global_step=357, preemption_count=0, score=382.149, test/loss=0.13119, test/num_examples=95000000, total_duration=2111.1, train/loss=0.12815, validation/loss=0.128385, validation/num_examples=83274637
I0604 08:21:13.040502 139865785955520 spec.py:333] Evaluating on the training split.
I0604 08:25:58.982723 139865785955520 spec.py:346] Evaluating on the validation split.
I0604 08:30:05.164973 139865785955520 spec.py:363] Evaluating on the test split.
I0604 08:34:36.012219 139865785955520 submission_runner.py:516] Time since start: 3270.92s, 	Step: 710, 	{'train/loss': 0.12703624554051732, 'validation/loss': 0.1272803422456798, 'validation/num_examples': 83274637, 'test/loss': 0.12977906363107783, 'test/num_examples': 95000000, 'score': 737.9246907234192, 'total_duration': 3270.9222531318665, 'accumulated_submission_time': 737.9246907234192, 'accumulated_eval_time': 2530.246856212616, 'accumulated_logging_time': 0.2711949348449707}
I0604 08:34:36.036641 139823977199360 logging_writer.py:48] [710] accumulated_eval_time=2530.25, accumulated_logging_time=0.271195, accumulated_submission_time=737.925, global_step=710, preemption_count=0, score=737.925, test/loss=0.129779, test/num_examples=95000000, total_duration=3270.92, train/loss=0.127036, validation/loss=0.12728, validation/num_examples=83274637
I0604 08:40:32.836144 139865785955520 spec.py:333] Evaluating on the training split.
I0604 08:45:19.184356 139865785955520 spec.py:346] Evaluating on the validation split.
I0604 08:49:25.172139 139865785955520 spec.py:363] Evaluating on the test split.
I0604 08:53:56.684789 139865785955520 submission_runner.py:516] Time since start: 4431.59s, 	Step: 1068, 	{'train/loss': 0.1263184070051414, 'validation/loss': 0.12695993096630856, 'validation/num_examples': 83274637, 'test/loss': 0.12944626729013545, 'test/num_examples': 95000000, 'score': 1093.7181978225708, 'total_duration': 4431.5948050022125, 'accumulated_submission_time': 1093.7181978225708, 'accumulated_eval_time': 3334.09562087059, 'accumulated_logging_time': 0.3034501075744629}
I0604 08:53:56.708696 139823968806656 logging_writer.py:48] [1068] accumulated_eval_time=3334.1, accumulated_logging_time=0.30345, accumulated_submission_time=1093.72, global_step=1068, preemption_count=0, score=1093.72, test/loss=0.129446, test/num_examples=95000000, total_duration=4431.59, train/loss=0.126318, validation/loss=0.12696, validation/num_examples=83274637
I0604 08:59:53.241208 139865785955520 spec.py:333] Evaluating on the training split.
I0604 09:04:33.916715 139865785955520 spec.py:346] Evaluating on the validation split.
I0604 09:08:40.437205 139865785955520 spec.py:363] Evaluating on the test split.
I0604 09:13:11.490951 139865785955520 submission_runner.py:516] Time since start: 5586.40s, 	Step: 1430, 	{'train/loss': 0.12585490561282245, 'validation/loss': 0.12641077285691968, 'validation/num_examples': 83274637, 'test/loss': 0.12905056816020766, 'test/num_examples': 95000000, 'score': 1449.229700088501, 'total_duration': 5586.40097284317, 'accumulated_submission_time': 1449.229700088501, 'accumulated_eval_time': 4132.34551358223, 'accumulated_logging_time': 0.3351452350616455}
I0604 09:13:11.517915 139823977199360 logging_writer.py:48] [1430] accumulated_eval_time=4132.35, accumulated_logging_time=0.335145, accumulated_submission_time=1449.23, global_step=1430, preemption_count=0, score=1449.23, test/loss=0.129051, test/num_examples=95000000, total_duration=5586.4, train/loss=0.125855, validation/loss=0.126411, validation/num_examples=83274637
I0604 09:19:08.406577 139865785955520 spec.py:333] Evaluating on the training split.
I0604 09:23:52.776280 139865785955520 spec.py:346] Evaluating on the validation split.
I0604 09:27:59.177537 139865785955520 spec.py:363] Evaluating on the test split.
I0604 09:32:29.949113 139865785955520 submission_runner.py:516] Time since start: 6744.86s, 	Step: 1797, 	{'train/loss': 0.1260490445570389, 'validation/loss': 0.1261612810539719, 'validation/num_examples': 83274637, 'test/loss': 0.1291146849890458, 'test/num_examples': 95000000, 'score': 1805.1125445365906, 'total_duration': 6744.859132766724, 'accumulated_submission_time': 1805.1125445365906, 'accumulated_eval_time': 4933.888172149658, 'accumulated_logging_time': 0.3698890209197998}
I0604 09:32:29.973754 139823968806656 logging_writer.py:48] [1797] accumulated_eval_time=4933.89, accumulated_logging_time=0.369889, accumulated_submission_time=1805.11, global_step=1797, preemption_count=0, score=1805.11, test/loss=0.129115, test/num_examples=95000000, total_duration=6744.86, train/loss=0.126049, validation/loss=0.126161, validation/num_examples=83274637
I0604 09:38:26.908711 139865785955520 spec.py:333] Evaluating on the training split.
I0604 09:42:53.706875 139865785955520 spec.py:346] Evaluating on the validation split.
I0604 09:46:58.518621 139865785955520 spec.py:363] Evaluating on the test split.
I0604 09:51:27.553606 139865785955520 submission_runner.py:516] Time since start: 7882.46s, 	Step: 2153, 	{'train/loss': 0.12454172307850778, 'validation/loss': 0.12600791690143323, 'validation/num_examples': 83274637, 'test/loss': 0.12891466275939942, 'test/num_examples': 95000000, 'score': 2161.050234556198, 'total_duration': 7882.463636636734, 'accumulated_submission_time': 2161.050234556198, 'accumulated_eval_time': 5714.533202648163, 'accumulated_logging_time': 0.4022941589355469}
I0604 09:51:27.578622 139823977199360 logging_writer.py:48] [2153] accumulated_eval_time=5714.53, accumulated_logging_time=0.402294, accumulated_submission_time=2161.05, global_step=2153, preemption_count=0, score=2161.05, test/loss=0.128915, test/num_examples=95000000, total_duration=7882.46, train/loss=0.124542, validation/loss=0.126008, validation/num_examples=83274637
I0604 09:57:24.565838 139865785955520 spec.py:333] Evaluating on the training split.
I0604 10:01:39.797671 139865785955520 spec.py:346] Evaluating on the validation split.
I0604 10:05:42.151586 139865785955520 spec.py:363] Evaluating on the test split.
I0604 10:10:07.960515 139865785955520 submission_runner.py:516] Time since start: 9002.87s, 	Step: 2515, 	{'train/loss': 0.12335129988149099, 'validation/loss': 0.12568267995250382, 'validation/num_examples': 83274637, 'test/loss': 0.12811375677458112, 'test/num_examples': 95000000, 'score': 2517.020360469818, 'total_duration': 9002.870537519455, 'accumulated_submission_time': 2517.020360469818, 'accumulated_eval_time': 6477.9283657073975, 'accumulated_logging_time': 0.43527698516845703}
I0604 10:10:07.987626 139823968806656 logging_writer.py:48] [2515] accumulated_eval_time=6477.93, accumulated_logging_time=0.435277, accumulated_submission_time=2517.02, global_step=2515, preemption_count=0, score=2517.02, test/loss=0.128114, test/num_examples=95000000, total_duration=9002.87, train/loss=0.123351, validation/loss=0.125683, validation/num_examples=83274637
I0604 10:16:04.417273 139865785955520 spec.py:333] Evaluating on the training split.
I0604 10:20:25.036996 139865785955520 spec.py:346] Evaluating on the validation split.
I0604 10:24:20.343637 139865785955520 spec.py:363] Evaluating on the test split.
I0604 10:28:39.931843 139865785955520 submission_runner.py:516] Time since start: 10114.84s, 	Step: 2871, 	{'train/loss': 0.12415891855543972, 'validation/loss': 0.12565561459246838, 'validation/num_examples': 83274637, 'test/loss': 0.12801141614235326, 'test/num_examples': 95000000, 'score': 2872.463325738907, 'total_duration': 10114.841871261597, 'accumulated_submission_time': 2872.463325738907, 'accumulated_eval_time': 7233.443046569824, 'accumulated_logging_time': 0.47000551223754883}
I0604 10:28:39.974981 139823977199360 logging_writer.py:48] [2871] accumulated_eval_time=7233.44, accumulated_logging_time=0.470006, accumulated_submission_time=2872.46, global_step=2871, preemption_count=0, score=2872.46, test/loss=0.128011, test/num_examples=95000000, total_duration=10114.8, train/loss=0.124159, validation/loss=0.125656, validation/num_examples=83274637
I0604 10:34:37.072870 139865785955520 spec.py:333] Evaluating on the training split.
I0604 10:38:50.884142 139865785955520 spec.py:346] Evaluating on the validation split.
I0604 10:42:35.249713 139865785955520 spec.py:363] Evaluating on the test split.
I0604 10:46:44.564111 139865785955520 submission_runner.py:516] Time since start: 11199.47s, 	Step: 3237, 	{'train/loss': 0.12607111687494027, 'validation/loss': 0.1256586629123613, 'validation/num_examples': 83274637, 'test/loss': 0.12822292763061524, 'test/num_examples': 95000000, 'score': 3228.580854654312, 'total_duration': 11199.474138259888, 'accumulated_submission_time': 3228.580854654312, 'accumulated_eval_time': 7960.934406757355, 'accumulated_logging_time': 0.5216970443725586}
I0604 10:46:44.591454 139823968806656 logging_writer.py:48] [3237] accumulated_eval_time=7960.93, accumulated_logging_time=0.521697, accumulated_submission_time=3228.58, global_step=3237, preemption_count=0, score=3228.58, test/loss=0.128223, test/num_examples=95000000, total_duration=11199.5, train/loss=0.126071, validation/loss=0.125659, validation/num_examples=83274637
I0604 10:52:41.543634 139865785955520 spec.py:333] Evaluating on the training split.
I0604 10:56:20.893758 139865785955520 spec.py:346] Evaluating on the validation split.
I0604 10:59:42.888317 139865785955520 spec.py:363] Evaluating on the test split.
I0604 11:03:29.626174 139865785955520 submission_runner.py:516] Time since start: 12204.54s, 	Step: 3598, 	{'train/loss': 0.1237652239948731, 'validation/loss': 0.125561592046262, 'validation/num_examples': 83274637, 'test/loss': 0.1279715654936138, 'test/num_examples': 95000000, 'score': 3584.552170753479, 'total_duration': 12204.536191225052, 'accumulated_submission_time': 3584.552170753479, 'accumulated_eval_time': 8609.017072439194, 'accumulated_logging_time': 0.5600926876068115}
I0604 11:03:29.652295 139823977199360 logging_writer.py:48] [3598] accumulated_eval_time=8609.02, accumulated_logging_time=0.560093, accumulated_submission_time=3584.55, global_step=3598, preemption_count=0, score=3584.55, test/loss=0.127972, test/num_examples=95000000, total_duration=12204.5, train/loss=0.123765, validation/loss=0.125562, validation/num_examples=83274637
I0604 11:09:26.235939 139865785955520 spec.py:333] Evaluating on the training split.
I0604 11:11:59.697403 139865785955520 spec.py:346] Evaluating on the validation split.
I0604 11:14:33.512660 139865785955520 spec.py:363] Evaluating on the test split.
I0604 11:18:20.506127 139865785955520 submission_runner.py:516] Time since start: 13095.42s, 	Step: 3964, 	{'train/loss': 0.12317393559701602, 'validation/loss': 0.12552382641260823, 'validation/num_examples': 83274637, 'test/loss': 0.1280580837575812, 'test/num_examples': 95000000, 'score': 3940.16073179245, 'total_duration': 13095.416172742844, 'accumulated_submission_time': 3940.16073179245, 'accumulated_eval_time': 9143.287422657013, 'accumulated_logging_time': 0.5938882827758789}
I0604 11:18:20.530743 139823968806656 logging_writer.py:48] [3964] accumulated_eval_time=9143.29, accumulated_logging_time=0.593888, accumulated_submission_time=3940.16, global_step=3964, preemption_count=0, score=3940.16, test/loss=0.128058, test/num_examples=95000000, total_duration=13095.4, train/loss=0.123174, validation/loss=0.125524, validation/num_examples=83274637
I0604 11:24:16.994767 139865785955520 spec.py:333] Evaluating on the training split.
I0604 11:26:08.501767 139865785955520 spec.py:346] Evaluating on the validation split.
I0604 11:28:43.110394 139865785955520 spec.py:363] Evaluating on the test split.
I0604 11:32:34.917636 139865785955520 submission_runner.py:516] Time since start: 13949.83s, 	Step: 4334, 	{'train/loss': 0.1242528052065399, 'validation/loss': 0.12514922205057605, 'validation/num_examples': 83274637, 'test/loss': 0.12768781928373638, 'test/num_examples': 95000000, 'score': 4295.639294862747, 'total_duration': 13949.827672958374, 'accumulated_submission_time': 4295.639294862747, 'accumulated_eval_time': 9641.210402727127, 'accumulated_logging_time': 0.626014232635498}
I0604 11:32:34.943441 139823977199360 logging_writer.py:48] [4334] accumulated_eval_time=9641.21, accumulated_logging_time=0.626014, accumulated_submission_time=4295.64, global_step=4334, preemption_count=0, score=4295.64, test/loss=0.127688, test/num_examples=95000000, total_duration=13949.8, train/loss=0.124253, validation/loss=0.125149, validation/num_examples=83274637
I0604 11:38:31.702205 139865785955520 spec.py:333] Evaluating on the training split.
I0604 11:39:32.665244 139865785955520 spec.py:346] Evaluating on the validation split.
I0604 11:42:03.192508 139865785955520 spec.py:363] Evaluating on the test split.
I0604 11:45:54.685501 139865785955520 submission_runner.py:516] Time since start: 14749.60s, 	Step: 4699, 	{'train/loss': 0.12331272330620281, 'validation/loss': 0.12501560335078737, 'validation/num_examples': 83274637, 'test/loss': 0.1273787190529271, 'test/num_examples': 95000000, 'score': 4651.420735120773, 'total_duration': 14749.595486879349, 'accumulated_submission_time': 4651.420735120773, 'accumulated_eval_time': 10084.193798303604, 'accumulated_logging_time': 0.6593031883239746}
I0604 11:45:54.711822 139823968806656 logging_writer.py:48] [4699] accumulated_eval_time=10084.2, accumulated_logging_time=0.659303, accumulated_submission_time=4651.42, global_step=4699, preemption_count=0, score=4651.42, test/loss=0.127379, test/num_examples=95000000, total_duration=14749.6, train/loss=0.123313, validation/loss=0.125016, validation/num_examples=83274637
I0604 11:51:52.037587 139865785955520 spec.py:333] Evaluating on the training split.
I0604 11:52:53.437328 139865785955520 spec.py:346] Evaluating on the validation split.
I0604 11:55:24.547588 139865785955520 spec.py:363] Evaluating on the test split.
I0604 11:59:20.215562 139865785955520 submission_runner.py:516] Time since start: 15555.13s, 	Step: 5058, 	{'train/loss': 0.12276526937067374, 'validation/loss': 0.12508919188460665, 'validation/num_examples': 83274637, 'test/loss': 0.12751262724513004, 'test/num_examples': 95000000, 'score': 5007.766721963882, 'total_duration': 15555.125607967377, 'accumulated_submission_time': 5007.766721963882, 'accumulated_eval_time': 10532.371910095215, 'accumulated_logging_time': 0.6932163238525391}
I0604 11:59:20.241096 139823977199360 logging_writer.py:48] [5058] accumulated_eval_time=10532.4, accumulated_logging_time=0.693216, accumulated_submission_time=5007.77, global_step=5058, preemption_count=0, score=5007.77, test/loss=0.127513, test/num_examples=95000000, total_duration=15555.1, train/loss=0.122765, validation/loss=0.125089, validation/num_examples=83274637
I0604 12:05:16.805106 139865785955520 spec.py:333] Evaluating on the training split.
I0604 12:06:17.733382 139865785955520 spec.py:346] Evaluating on the validation split.
I0604 12:08:49.664854 139865785955520 spec.py:363] Evaluating on the test split.
I0604 12:12:40.287044 139865785955520 submission_runner.py:516] Time since start: 16355.20s, 	Step: 5424, 	{'train/loss': 0.12385665873985736, 'validation/loss': 0.12509279284845737, 'validation/num_examples': 83274637, 'test/loss': 0.12753297834842078, 'test/num_examples': 95000000, 'score': 5363.350054502487, 'total_duration': 16355.197074174881, 'accumulated_submission_time': 5363.350054502487, 'accumulated_eval_time': 10975.853966236115, 'accumulated_logging_time': 0.7263367176055908}
I0604 12:12:40.312221 139823968806656 logging_writer.py:48] [5424] accumulated_eval_time=10975.9, accumulated_logging_time=0.726337, accumulated_submission_time=5363.35, global_step=5424, preemption_count=0, score=5363.35, test/loss=0.127533, test/num_examples=95000000, total_duration=16355.2, train/loss=0.123857, validation/loss=0.125093, validation/num_examples=83274637
I0604 12:18:37.098060 139865785955520 spec.py:333] Evaluating on the training split.
I0604 12:19:38.116119 139865785955520 spec.py:346] Evaluating on the validation split.
I0604 12:22:08.913068 139865785955520 spec.py:363] Evaluating on the test split.
I0604 12:26:02.921173 139865785955520 submission_runner.py:516] Time since start: 17157.83s, 	Step: 5794, 	{'train/loss': 0.12330244271864829, 'validation/loss': 0.12508039166713875, 'validation/num_examples': 83274637, 'test/loss': 0.12753650072021486, 'test/num_examples': 95000000, 'score': 5719.162261009216, 'total_duration': 17157.831214904785, 'accumulated_submission_time': 5719.162261009216, 'accumulated_eval_time': 11421.677269935608, 'accumulated_logging_time': 0.7591545581817627}
I0604 12:26:02.944661 139823977199360 logging_writer.py:48] [5794] accumulated_eval_time=11421.7, accumulated_logging_time=0.759155, accumulated_submission_time=5719.16, global_step=5794, preemption_count=0, score=5719.16, test/loss=0.127537, test/num_examples=95000000, total_duration=17157.8, train/loss=0.123302, validation/loss=0.12508, validation/num_examples=83274637
I0604 12:32:00.472446 139865785955520 spec.py:333] Evaluating on the training split.
I0604 12:33:01.469900 139865785955520 spec.py:346] Evaluating on the validation split.
I0604 12:35:31.867784 139865785955520 spec.py:363] Evaluating on the test split.
I0604 12:39:23.850638 139865785955520 submission_runner.py:516] Time since start: 17958.76s, 	Step: 6159, 	{'train/loss': 0.1220606718891757, 'validation/loss': 0.12508399763475805, 'validation/num_examples': 83274637, 'test/loss': 0.12747916939199347, 'test/num_examples': 95000000, 'score': 6075.703235864639, 'total_duration': 17958.760689020157, 'accumulated_submission_time': 6075.703235864639, 'accumulated_eval_time': 11865.055593967438, 'accumulated_logging_time': 0.7903280258178711}
I0604 12:39:23.877877 139823968806656 logging_writer.py:48] [6159] accumulated_eval_time=11865.1, accumulated_logging_time=0.790328, accumulated_submission_time=6075.7, global_step=6159, preemption_count=0, score=6075.7, test/loss=0.127479, test/num_examples=95000000, total_duration=17958.8, train/loss=0.122061, validation/loss=0.125084, validation/num_examples=83274637
I0604 12:45:21.114796 139865785955520 spec.py:333] Evaluating on the training split.
I0604 12:46:21.960144 139865785955520 spec.py:346] Evaluating on the validation split.
I0604 12:48:52.483338 139865785955520 spec.py:363] Evaluating on the test split.
I0604 12:52:45.178706 139865785955520 submission_runner.py:516] Time since start: 18760.09s, 	Step: 6526, 	{'train/loss': 0.12475380492155715, 'validation/loss': 0.1248679814074811, 'validation/num_examples': 83274637, 'test/loss': 0.12724561910095214, 'test/num_examples': 95000000, 'score': 6431.965491294861, 'total_duration': 18760.088748931885, 'accumulated_submission_time': 6431.965491294861, 'accumulated_eval_time': 12309.119639158249, 'accumulated_logging_time': 0.8250730037689209}
I0604 12:52:45.204711 139823977199360 logging_writer.py:48] [6526] accumulated_eval_time=12309.1, accumulated_logging_time=0.825073, accumulated_submission_time=6431.97, global_step=6526, preemption_count=0, score=6431.97, test/loss=0.127246, test/num_examples=95000000, total_duration=18760.1, train/loss=0.124754, validation/loss=0.124868, validation/num_examples=83274637
I0604 12:58:42.340808 139865785955520 spec.py:333] Evaluating on the training split.
I0604 12:59:43.363666 139865785955520 spec.py:346] Evaluating on the validation split.
I0604 13:02:13.782649 139865785955520 spec.py:363] Evaluating on the test split.
I0604 13:06:06.423977 139865785955520 submission_runner.py:516] Time since start: 19561.33s, 	Step: 6896, 	{'train/loss': 0.12407957875821538, 'validation/loss': 0.12482076574129743, 'validation/num_examples': 83274637, 'test/loss': 0.1271897981236508, 'test/num_examples': 95000000, 'score': 6788.106496095657, 'total_duration': 19561.334010601044, 'accumulated_submission_time': 6788.106496095657, 'accumulated_eval_time': 12753.202965259552, 'accumulated_logging_time': 0.8584749698638916}
I0604 13:06:06.447699 139823968806656 logging_writer.py:48] [6896] accumulated_eval_time=12753.2, accumulated_logging_time=0.858475, accumulated_submission_time=6788.11, global_step=6896, preemption_count=0, score=6788.11, test/loss=0.12719, test/num_examples=95000000, total_duration=19561.3, train/loss=0.12408, validation/loss=0.124821, validation/num_examples=83274637
I0604 13:12:02.988836 139865785955520 spec.py:333] Evaluating on the training split.
I0604 13:13:04.128962 139865785955520 spec.py:346] Evaluating on the validation split.
I0604 13:15:35.396828 139865785955520 spec.py:363] Evaluating on the test split.
I0604 13:19:27.609042 139865785955520 submission_runner.py:516] Time since start: 20362.52s, 	Step: 7258, 	{'train/loss': 0.12407169959004202, 'validation/loss': 0.12467100251981052, 'validation/num_examples': 83274637, 'test/loss': 0.12699075972482782, 'test/num_examples': 95000000, 'score': 7143.661686658859, 'total_duration': 20362.51905632019, 'accumulated_submission_time': 7143.661686658859, 'accumulated_eval_time': 13197.823294639587, 'accumulated_logging_time': 0.8897874355316162}
I0604 13:19:27.635392 139823977199360 logging_writer.py:48] [7258] accumulated_eval_time=13197.8, accumulated_logging_time=0.889787, accumulated_submission_time=7143.66, global_step=7258, preemption_count=0, score=7143.66, test/loss=0.126991, test/num_examples=95000000, total_duration=20362.5, train/loss=0.124072, validation/loss=0.124671, validation/num_examples=83274637
I0604 13:25:24.900273 139865785955520 spec.py:333] Evaluating on the training split.
I0604 13:26:25.857170 139865785955520 spec.py:346] Evaluating on the validation split.
I0604 13:28:57.092983 139865785955520 spec.py:363] Evaluating on the test split.
I0604 13:32:48.840332 139865785955520 submission_runner.py:516] Time since start: 21163.75s, 	Step: 7626, 	{'train/loss': 0.1234236738380516, 'validation/loss': 0.1246103728842989, 'validation/num_examples': 83274637, 'test/loss': 0.12696052623917428, 'test/num_examples': 95000000, 'score': 7499.952766895294, 'total_duration': 21163.750383377075, 'accumulated_submission_time': 7499.952766895294, 'accumulated_eval_time': 13641.763489961624, 'accumulated_logging_time': 0.9238786697387695}
I0604 13:32:48.865641 139823968806656 logging_writer.py:48] [7626] accumulated_eval_time=13641.8, accumulated_logging_time=0.923879, accumulated_submission_time=7499.95, global_step=7626, preemption_count=0, score=7499.95, test/loss=0.126961, test/num_examples=95000000, total_duration=21163.8, train/loss=0.123424, validation/loss=0.12461, validation/num_examples=83274637
I0604 13:38:45.313194 139865785955520 spec.py:333] Evaluating on the training split.
I0604 13:39:46.193585 139865785955520 spec.py:346] Evaluating on the validation split.
I0604 13:42:15.675917 139865785955520 spec.py:363] Evaluating on the test split.
I0604 13:46:08.351104 139865785955520 submission_runner.py:516] Time since start: 21963.26s, 	Step: 7994, 	{'train/loss': 0.12138248825954764, 'validation/loss': 0.12462254735447954, 'validation/num_examples': 83274637, 'test/loss': 0.12696068985338713, 'test/num_examples': 95000000, 'score': 7855.425634622574, 'total_duration': 21963.261156320572, 'accumulated_submission_time': 7855.425634622574, 'accumulated_eval_time': 14084.801537752151, 'accumulated_logging_time': 0.956810712814331}
I0604 13:46:08.381298 139823977199360 logging_writer.py:48] [7994] accumulated_eval_time=14084.8, accumulated_logging_time=0.956811, accumulated_submission_time=7855.43, global_step=7994, preemption_count=0, score=7855.43, test/loss=0.126961, test/num_examples=95000000, total_duration=21963.3, train/loss=0.121382, validation/loss=0.124623, validation/num_examples=83274637
I0604 13:52:05.149588 139865785955520 spec.py:333] Evaluating on the training split.
I0604 13:53:05.986512 139865785955520 spec.py:346] Evaluating on the validation split.
I0604 13:55:36.533864 139865785955520 spec.py:363] Evaluating on the test split.
I0604 13:59:30.525942 139865785955520 submission_runner.py:516] Time since start: 22765.44s, 	Step: 8358, 	{'train/loss': 0.12176519258857688, 'validation/loss': 0.12454427072523717, 'validation/num_examples': 83274637, 'test/loss': 0.12686403538946855, 'test/num_examples': 95000000, 'score': 8211.221381664276, 'total_duration': 22765.435965776443, 'accumulated_submission_time': 8211.221381664276, 'accumulated_eval_time': 14530.178055286407, 'accumulated_logging_time': 0.9945344924926758}
I0604 13:59:30.554636 139823968806656 logging_writer.py:48] [8358] accumulated_eval_time=14530.2, accumulated_logging_time=0.994534, accumulated_submission_time=8211.22, global_step=8358, preemption_count=0, score=8211.22, test/loss=0.126864, test/num_examples=95000000, total_duration=22765.4, train/loss=0.121765, validation/loss=0.124544, validation/num_examples=83274637
I0604 14:05:27.854055 139865785955520 spec.py:333] Evaluating on the training split.
I0604 14:06:28.924750 139865785955520 spec.py:346] Evaluating on the validation split.
I0604 14:09:00.778903 139865785955520 spec.py:363] Evaluating on the test split.
I0604 14:12:52.351536 139865785955520 submission_runner.py:516] Time since start: 23567.26s, 	Step: 8723, 	{'train/loss': 0.12152680397798098, 'validation/loss': 0.12451782170569692, 'validation/num_examples': 83274637, 'test/loss': 0.12679725978923598, 'test/num_examples': 95000000, 'score': 8567.547086715698, 'total_duration': 23567.26155781746, 'accumulated_submission_time': 8567.547086715698, 'accumulated_eval_time': 14974.675688266754, 'accumulated_logging_time': 1.0308935642242432}
I0604 14:12:52.378814 139823977199360 logging_writer.py:48] [8723] accumulated_eval_time=14974.7, accumulated_logging_time=1.03089, accumulated_submission_time=8567.55, global_step=8723, preemption_count=0, score=8567.55, test/loss=0.126797, test/num_examples=95000000, total_duration=23567.3, train/loss=0.121527, validation/loss=0.124518, validation/num_examples=83274637
I0604 14:18:48.917289 139865785955520 spec.py:333] Evaluating on the training split.
I0604 14:19:49.805931 139865785955520 spec.py:346] Evaluating on the validation split.
I0604 14:22:20.560815 139865785955520 spec.py:363] Evaluating on the test split.
I0604 14:26:11.439268 139865785955520 submission_runner.py:516] Time since start: 24366.35s, 	Step: 9093, 	{'train/loss': 0.12185676529847442, 'validation/loss': 0.12447566083285846, 'validation/num_examples': 83274637, 'test/loss': 0.1267853892015959, 'test/num_examples': 95000000, 'score': 8923.10046339035, 'total_duration': 24366.34930062294, 'accumulated_submission_time': 8923.10046339035, 'accumulated_eval_time': 15417.197828769684, 'accumulated_logging_time': 1.0656723976135254}
I0604 14:26:11.470523 139823968806656 logging_writer.py:48] [9093] accumulated_eval_time=15417.2, accumulated_logging_time=1.06567, accumulated_submission_time=8923.1, global_step=9093, preemption_count=0, score=8923.1, test/loss=0.126785, test/num_examples=95000000, total_duration=24366.3, train/loss=0.121857, validation/loss=0.124476, validation/num_examples=83274637
I0604 14:32:08.739218 139865785955520 spec.py:333] Evaluating on the training split.
I0604 14:33:09.790729 139865785955520 spec.py:346] Evaluating on the validation split.
I0604 14:35:40.451284 139865785955520 spec.py:363] Evaluating on the test split.
I0604 14:39:32.478203 139865785955520 submission_runner.py:516] Time since start: 25167.39s, 	Step: 9463, 	{'train/loss': 0.12057535224759992, 'validation/loss': 0.1244404502081301, 'validation/num_examples': 83274637, 'test/loss': 0.12674431306007786, 'test/num_examples': 95000000, 'score': 9279.386238336563, 'total_duration': 25167.388236045837, 'accumulated_submission_time': 9279.386238336563, 'accumulated_eval_time': 15860.936970949173, 'accumulated_logging_time': 1.1045613288879395}
I0604 14:39:32.505032 139823977199360 logging_writer.py:48] [9463] accumulated_eval_time=15860.9, accumulated_logging_time=1.10456, accumulated_submission_time=9279.39, global_step=9463, preemption_count=0, score=9279.39, test/loss=0.126744, test/num_examples=95000000, total_duration=25167.4, train/loss=0.120575, validation/loss=0.12444, validation/num_examples=83274637
I0604 14:45:29.579031 139865785955520 spec.py:333] Evaluating on the training split.
I0604 14:46:30.542693 139865785955520 spec.py:346] Evaluating on the validation split.
I0604 14:49:01.460025 139865785955520 spec.py:363] Evaluating on the test split.
I0604 14:52:54.994755 139865785955520 submission_runner.py:516] Time since start: 25969.90s, 	Step: 9836, 	{'train/loss': 0.12449051645796394, 'validation/loss': 0.12443937286806137, 'validation/num_examples': 83274637, 'test/loss': 0.12674962284096167, 'test/num_examples': 95000000, 'score': 9635.471860408783, 'total_duration': 25969.904791116714, 'accumulated_submission_time': 9635.471860408783, 'accumulated_eval_time': 16306.352835893631, 'accumulated_logging_time': 1.1390745639801025}
I0604 14:52:55.020162 139823968806656 logging_writer.py:48] [9836] accumulated_eval_time=16306.4, accumulated_logging_time=1.13907, accumulated_submission_time=9635.47, global_step=9836, preemption_count=0, score=9635.47, test/loss=0.12675, test/num_examples=95000000, total_duration=25969.9, train/loss=0.124491, validation/loss=0.124439, validation/num_examples=83274637
I0604 14:58:52.211987 139865785955520 spec.py:333] Evaluating on the training split.
I0604 14:59:52.936031 139865785955520 spec.py:346] Evaluating on the validation split.
I0604 15:02:23.869748 139865785955520 spec.py:363] Evaluating on the test split.
I0604 15:06:15.542406 139865785955520 submission_runner.py:516] Time since start: 26770.45s, 	Step: 10206, 	{'train/loss': 0.1249726784369554, 'validation/loss': 0.12447062305064065, 'validation/num_examples': 83274637, 'test/loss': 0.12678906322358785, 'test/num_examples': 95000000, 'score': 9991.685024738312, 'total_duration': 26770.452445745468, 'accumulated_submission_time': 9991.685024738312, 'accumulated_eval_time': 16749.683406591415, 'accumulated_logging_time': 1.1722548007965088}
I0604 15:06:15.568661 139823977199360 logging_writer.py:48] [10206] accumulated_eval_time=16749.7, accumulated_logging_time=1.17225, accumulated_submission_time=9991.69, global_step=10206, preemption_count=0, score=9991.69, test/loss=0.126789, test/num_examples=95000000, total_duration=26770.5, train/loss=0.124973, validation/loss=0.124471, validation/num_examples=83274637
I0604 15:12:12.140518 139865785955520 spec.py:333] Evaluating on the training split.
I0604 15:13:12.892674 139865785955520 spec.py:346] Evaluating on the validation split.
I0604 15:15:43.948461 139865785955520 spec.py:363] Evaluating on the test split.
I0604 15:19:36.499935 139865785955520 submission_runner.py:516] Time since start: 27571.41s, 	Step: 10580, 	{'train/loss': 0.12253877117928648, 'validation/loss': 0.1244297249629434, 'validation/num_examples': 83274637, 'test/loss': 0.1267308466199373, 'test/num_examples': 95000000, 'score': 10347.272471189499, 'total_duration': 27571.409957885742, 'accumulated_submission_time': 10347.272471189499, 'accumulated_eval_time': 17194.042921304703, 'accumulated_logging_time': 1.2061176300048828}
I0604 15:19:36.533160 139823968806656 logging_writer.py:48] [10580] accumulated_eval_time=17194, accumulated_logging_time=1.20612, accumulated_submission_time=10347.3, global_step=10580, preemption_count=0, score=10347.3, test/loss=0.126731, test/num_examples=95000000, total_duration=27571.4, train/loss=0.122539, validation/loss=0.12443, validation/num_examples=83274637
I0604 15:20:40.173310 139865785955520 spec.py:333] Evaluating on the training split.
I0604 15:21:40.833291 139865785955520 spec.py:346] Evaluating on the validation split.
I0604 15:24:12.118564 139865785955520 spec.py:363] Evaluating on the test split.
I0604 15:28:04.858991 139865785955520 submission_runner.py:516] Time since start: 28079.77s, 	Step: 10667, 	{'train/loss': 0.12177246593370573, 'validation/loss': 0.12443013633820829, 'validation/num_examples': 83274637, 'test/loss': 0.1267315869209691, 'test/num_examples': 95000000, 'score': 10410.049384593964, 'total_duration': 28079.7690179348, 'accumulated_submission_time': 10410.049384593964, 'accumulated_eval_time': 17638.728723526, 'accumulated_logging_time': 1.2467856407165527}
I0604 15:28:04.890082 139823977199360 logging_writer.py:48] [10667] accumulated_eval_time=17638.7, accumulated_logging_time=1.24679, accumulated_submission_time=10410, global_step=10667, preemption_count=0, score=10410, test/loss=0.126732, test/num_examples=95000000, total_duration=28079.8, train/loss=0.121772, validation/loss=0.12443, validation/num_examples=83274637
I0604 15:28:05.356381 139823968806656 logging_writer.py:48] [10667] global_step=10667, preemption_count=0, score=10410
I0604 15:28:05.367125 139865785955520 submission_runner.py:857] Final criteo1tb score: 10410.049384593964
