python submission_runner.py --framework=jax --workload=ogbg --submission_path=submissions_algorithms/submissions/self_tuning/schedule_free_adamw_jax/submission.py --data_dir=/data/ogbg --experiment_dir=/experiment_runs --experiment_name=submissions_a100/schedule_free_adamw_jax/study_0 --overwrite=True --save_checkpoints=False --rng_seed=-521770884 --tuning_ruleset=self 2>&1 | tee -a /logs/ogbg_jax_05-14-2026-03-34-43.log
2026-05-14 03:34:53.484688: E external/local_xla/xla/stream_executor/cuda/cuda_fft.cc:467] Unable to register cuFFT factory: Attempting to register factory for plugin cuFFT when one has already been registered
WARNING: All log messages before absl::InitializeLog() is called are written to STDERR
E0000 00:00:1778729694.030140      13 cuda_dnn.cc:8579] Unable to register cuDNN factory: Attempting to register factory for plugin cuDNN when one has already been registered
E0000 00:00:1778729694.137186      13 cuda_blas.cc:1407] Unable to register cuBLAS factory: Attempting to register factory for plugin cuBLAS when one has already been registered
W0000 00:00:1778729695.130664      13 computation_placer.cc:177] computation placer already registered. Please check linkage and avoid linking the same target more than once.
W0000 00:00:1778729695.130716      13 computation_placer.cc:177] computation placer already registered. Please check linkage and avoid linking the same target more than once.
W0000 00:00:1778729695.130719      13 computation_placer.cc:177] computation placer already registered. Please check linkage and avoid linking the same target more than once.
W0000 00:00:1778729695.130721      13 computation_placer.cc:177] computation placer already registered. Please check linkage and avoid linking the same target more than once.
/usr/local/lib/python3.11/site-packages/torch/__init__.py:1617: UserWarning: Please use the new API settings to control TF32 behavior, such as torch.backends.cudnn.conv.fp32_precision = 'tf32' or torch.backends.cuda.matmul.fp32_precision = 'ieee'. Old settings, e.g, torch.backends.cuda.matmul.allow_tf32 = True, torch.backends.cudnn.allow_tf32 = True, allowTF32CuDNN() and allowTF32CuBLAS() will be deprecated after Pytorch 2.9. Please see https://pytorch.org/docs/main/notes/cuda.html#tensorfloat-32-tf32-on-ampere-and-later-devices (Triggered internally at /pytorch/aten/src/ATen/Context.cpp:80.)
  _C._set_float32_matmul_precision(precision)
/usr/local/lib/python3.11/site-packages/pydantic/_internal/_generate_schema.py:2249: UnsupportedFieldAttributeWarning: The 'repr' attribute with value False was provided to the `Field()` function, which has no effect in the context it was used. 'repr' is field-specific metadata, and can only be attached to a model field using `Annotated` metadata or by assignment. This may have happened because an `Annotated` type alias using the `type` statement was used, or if the `Field()` function was attached to a single member of a union type.
  warnings.warn(
/usr/local/lib/python3.11/site-packages/pydantic/_internal/_generate_schema.py:2249: UnsupportedFieldAttributeWarning: The 'frozen' attribute with value True was provided to the `Field()` function, which has no effect in the context it was used. 'frozen' is field-specific metadata, and can only be attached to a model field using `Annotated` metadata or by assignment. This may have happened because an `Annotated` type alias using the `type` statement was used, or if the `Field()` function was attached to a single member of a union type.
  warnings.warn(
INFO:2026-05-14 03:35:39,783:jax._src.xla_bridge:830: Unable to initialize backend 'tpu': INTERNAL: Failed to open libtpu.so: libtpu.so: cannot open shared object file: No such file or directory
I0514 03:35:39.783264 139650400322752 xla_bridge.py:830] Unable to initialize backend 'tpu': INTERNAL: Failed to open libtpu.so: libtpu.so: cannot open shared object file: No such file or directory
I0514 03:35:40.744056 139650400322752 logger_utils.py:59] Removing existing experiment directory /experiment_runs/submissions_a100/schedule_free_adamw_jax/study_0/ogbg_jax because --overwrite was set.
I0514 03:35:40.749825 139650400322752 logger_utils.py:84] Creating experiment directory at /experiment_runs/submissions_a100/schedule_free_adamw_jax/study_0/ogbg_jax.
I0514 03:35:43.386035 139650400322752 submission_runner.py:741] Creating directory at /experiment_runs/submissions_a100/schedule_free_adamw_jax/study_0/ogbg_jax/trial_1.
I0514 03:35:43.726788 139650400322752 submission_runner.py:242] Initializing dataset.
I0514 03:35:45.340946 139650400322752 dataset_info.py:707] Load dataset info from /data/ogbg/ogbg_molpcba/0.1.3
I0514 03:35:45.396091 139650400322752 reader.py:262] Creating a tf.data.Dataset reading 8 files located in folders: /data/ogbg/ogbg_molpcba/0.1.3.
WARNING:tensorflow:From /usr/local/lib/python3.11/site-packages/tensorflow_datasets/core/reader.py:102: CounterV2 (from tensorflow.python.data.experimental.ops.counter) is deprecated and will be removed in a future version.
Instructions for updating:
Use `tf.data.Dataset.counter(...)` instead.
W0514 03:35:45.904550 139650400322752 deprecation.py:50] From /usr/local/lib/python3.11/site-packages/tensorflow_datasets/core/reader.py:102: CounterV2 (from tensorflow.python.data.experimental.ops.counter) is deprecated and will be removed in a future version.
Instructions for updating:
Use `tf.data.Dataset.counter(...)` instead.
I0514 03:35:46.044593 139650400322752 logging_logger.py:49] Constructing tf.data.Dataset ogbg_molpcba for split train, from /data/ogbg/ogbg_molpcba/0.1.3
I0514 03:35:46.281008 139650400322752 submission_runner.py:251] Initializing model.
I0514 03:35:54.437173 139650400322752 submission_runner.py:294] Initializing optimizer.
I0514 03:35:55.135890 139650400322752 submission_runner.py:299] Initializing metrics bundle.
I0514 03:35:55.136116 139650400322752 submission_runner.py:321] Initializing checkpoint and logger.
I0514 03:35:55.142459 139650400322752 checkpoints.py:1098] Found no checkpoint files in /experiment_runs/submissions_a100/schedule_free_adamw_jax/study_0/ogbg_jax/trial_1 with prefix checkpoint_
I0514 03:35:55.142592 139650400322752 submission_runner.py:344] Saving meta data to /experiment_runs/submissions_a100/schedule_free_adamw_jax/study_0/ogbg_jax/trial_1/meta_data_0.json.
I0514 03:35:55.142766 139650400322752 logger_utils.py:283] Unable to record workload.train_mean information. Continuing without it.
I0514 03:35:55.142829 139650400322752 logger_utils.py:283] Unable to record workload.train_stddev information. Continuing without it.
I0514 03:35:55.649079 139650400322752 submission_runner.py:348] Saving flags to /experiment_runs/submissions_a100/schedule_free_adamw_jax/study_0/ogbg_jax/trial_1/flags_0.json.
I0514 03:35:55.666297 139650400322752 submission_runner.py:359] Starting training loop.
/usr/local/lib/python3.11/site-packages/jax/_src/interpreters/mlir.py:1268: UserWarning: Some donated buffers were not usable: float32[256], float32[896,256], float32[256], float32[896,256], float32[256], float32[1024,256], float32[256], float32[768,256], float32[256], float32[1024,256], float32[256], float32[1024,256], float32[256], float32[768,256], float32[128], float32[256,128], float32[256], float32[640,256], float32[256], float32[1024,256], float32[256], float32[1024,256], float32[256], float32[768,256], float32[256], float32[1024,256], float32[256], float32[1024,256], float32[256], float32[768,256], float32[256], float32[1024,256], float32[256], float32[256], float32[256], float32[256], float32[256], float32[256], float32[256], float32[256], float32[256], float32[256], float32[256], float32[256], float32[256], float32[256], float32[256], float32[256], float32[256], float32[256], float32[256], float32[256], float32[256], float32[256], float32[256], float32[256], float32[256], float32[256], float32[256], float32[256], float32[256], float32[256], float32[256], float32[3,256], float32[256], float32[9,256].
See an explanation at https://docs.jax.dev/en/latest/faq.html#buffer-donation.
  warnings.warn("Some donated buffers were not usable:"
I0514 03:36:17.070695 139492094547712 logging_writer.py:48] [0] global_step=0, grad_norm=2.0857789516448975, loss=0.7258679270744324
I0514 03:36:17.738409 139650400322752 spec.py:333] Evaluating on the training split.
I0514 03:36:17.742194 139650400322752 dataset_info.py:707] Load dataset info from /data/ogbg/ogbg_molpcba/0.1.3
I0514 03:36:17.745612 139650400322752 reader.py:262] Creating a tf.data.Dataset reading 8 files located in folders: /data/ogbg/ogbg_molpcba/0.1.3.
I0514 03:36:17.811505 139650400322752 logging_logger.py:49] Constructing tf.data.Dataset ogbg_molpcba for split train, from /data/ogbg/ogbg_molpcba/0.1.3
I0514 03:37:37.588406 139650400322752 spec.py:346] Evaluating on the validation split.
I0514 03:37:37.591418 139650400322752 dataset_info.py:707] Load dataset info from /data/ogbg/ogbg_molpcba/0.1.3
I0514 03:37:37.594942 139650400322752 reader.py:262] Creating a tf.data.Dataset reading 1 files located in folders: /data/ogbg/ogbg_molpcba/0.1.3.
I0514 03:37:37.661352 139650400322752 logging_logger.py:49] Constructing tf.data.Dataset ogbg_molpcba for split validation, from /data/ogbg/ogbg_molpcba/0.1.3
I0514 03:39:00.763477 139650400322752 spec.py:363] Evaluating on the test split.
I0514 03:39:00.766175 139650400322752 dataset_info.py:707] Load dataset info from /data/ogbg/ogbg_molpcba/0.1.3
I0514 03:39:00.769469 139650400322752 reader.py:262] Creating a tf.data.Dataset reading 1 files located in folders: /data/ogbg/ogbg_molpcba/0.1.3.
I0514 03:39:00.833011 139650400322752 logging_logger.py:49] Constructing tf.data.Dataset ogbg_molpcba for split test, from /data/ogbg/ogbg_molpcba/0.1.3
I0514 03:40:29.197857 139650400322752 submission_runner.py:516] Time since start: 273.53s, 	Step: 1, 	{'train/accuracy': 0.5037246942520142, 'train/loss': 0.7179096937179565, 'train/mean_average_precision': 0.0226225399330214, 'validation/accuracy': 0.5051876902580261, 'validation/loss': 0.7160928845405579, 'validation/mean_average_precision': 0.02558818007981767, 'validation/num_examples': 43793, 'test/accuracy': 0.5051379799842834, 'test/loss': 0.7160503268241882, 'test/mean_average_precision': 0.02659575170397766, 'test/num_examples': 43793, 'score': 22.072036266326904, 'total_duration': 273.5314562320709, 'accumulated_submission_time': 22.072036266326904, 'accumulated_eval_time': 251.4593493938446, 'accumulated_logging_time': 0}
I0514 03:40:29.231378 139485396100864 logging_writer.py:48] [1] accumulated_eval_time=251.459, accumulated_logging_time=0, accumulated_submission_time=22.072, global_step=1, preemption_count=0, score=22.072, test/accuracy=0.505138, test/loss=0.71605, test/mean_average_precision=0.0265958, test/num_examples=43793, total_duration=273.531, train/accuracy=0.503725, train/loss=0.71791, train/mean_average_precision=0.0226225, validation/accuracy=0.505188, validation/loss=0.716093, validation/mean_average_precision=0.0255882, validation/num_examples=43793
/usr/local/lib/python3.11/site-packages/jax/_src/interpreters/mlir.py:1268: UserWarning: Some donated buffers were not usable: float32[256], float32[896,256], float32[256], float32[896,256], float32[256], float32[1024,256], float32[256], float32[768,256], float32[256], float32[1024,256], float32[256], float32[1024,256], float32[256], float32[768,256], float32[128], float32[256,128], float32[256], float32[640,256], float32[256], float32[1024,256], float32[256], float32[1024,256], float32[256], float32[768,256], float32[256], float32[1024,256], float32[256], float32[1024,256], float32[256], float32[768,256], float32[256], float32[1024,256], float32[256], float32[256], float32[256], float32[256], float32[256], float32[256], float32[256], float32[256], float32[256], float32[256], float32[256], float32[256], float32[256], float32[256], float32[256], float32[256], float32[256], float32[256], float32[256], float32[256], float32[256], float32[256], float32[256], float32[256], float32[256], float32[256], float32[256], float32[256], float32[256], float32[256], float32[256], float32[3,256], float32[256], float32[9,256].
See an explanation at https://docs.jax.dev/en/latest/faq.html#buffer-donation.
  warnings.warn("Some donated buffers were not usable:"
I0514 03:40:52.753722 139486232037120 logging_writer.py:48] [100] global_step=100, grad_norm=0.1815539449453354, loss=0.1680365800857544
I0514 03:41:13.288321 139486240429824 logging_writer.py:48] [200] global_step=200, grad_norm=0.03233250603079796, loss=0.06633415818214417
I0514 03:41:33.888805 139486232037120 logging_writer.py:48] [300] global_step=300, grad_norm=0.012930363416671753, loss=0.056507766246795654
I0514 03:41:54.276392 139486240429824 logging_writer.py:48] [400] global_step=400, grad_norm=0.014575721696019173, loss=0.059294797480106354
I0514 03:42:14.592617 139486232037120 logging_writer.py:48] [500] global_step=500, grad_norm=0.024925896897912025, loss=0.04644732549786568
I0514 03:42:34.978105 139486240429824 logging_writer.py:48] [600] global_step=600, grad_norm=0.014959934167563915, loss=0.054425742477178574
I0514 03:42:55.273915 139486232037120 logging_writer.py:48] [700] global_step=700, grad_norm=0.019639549776911736, loss=0.05475626140832901
I0514 03:43:15.431085 139486240429824 logging_writer.py:48] [800] global_step=800, grad_norm=0.013679960742592812, loss=0.04874580726027489
I0514 03:43:35.857952 139486232037120 logging_writer.py:48] [900] global_step=900, grad_norm=0.01498078741133213, loss=0.052610233426094055
I0514 03:43:55.986994 139486240429824 logging_writer.py:48] [1000] global_step=1000, grad_norm=0.022157102823257446, loss=0.05212904140353203
I0514 03:44:16.405357 139486232037120 logging_writer.py:48] [1100] global_step=1100, grad_norm=0.016229132190346718, loss=0.04592430219054222
I0514 03:44:36.849200 139486240429824 logging_writer.py:48] [1200] global_step=1200, grad_norm=0.04347462207078934, loss=0.05142901837825775
I0514 03:44:57.390075 139486232037120 logging_writer.py:48] [1300] global_step=1300, grad_norm=0.01753387786448002, loss=0.04617796093225479
I0514 03:45:17.697399 139486240429824 logging_writer.py:48] [1400] global_step=1400, grad_norm=0.020223483443260193, loss=0.046292152255773544
I0514 03:45:37.977072 139486232037120 logging_writer.py:48] [1500] global_step=1500, grad_norm=0.020613253116607666, loss=0.04675937816500664
I0514 03:45:58.220875 139486240429824 logging_writer.py:48] [1600] global_step=1600, grad_norm=0.017344139516353607, loss=0.04947156086564064
I0514 03:46:18.598960 139486232037120 logging_writer.py:48] [1700] global_step=1700, grad_norm=0.024290161207318306, loss=0.049301765859127045
I0514 03:46:38.857954 139486240429824 logging_writer.py:48] [1800] global_step=1800, grad_norm=0.014278480783104897, loss=0.049811992794275284
I0514 03:46:59.094296 139486232037120 logging_writer.py:48] [1900] global_step=1900, grad_norm=0.015354730188846588, loss=0.04581919312477112
I0514 03:47:19.444910 139486240429824 logging_writer.py:48] [2000] global_step=2000, grad_norm=0.037458065897226334, loss=0.05303042382001877
I0514 03:47:39.693268 139486232037120 logging_writer.py:48] [2100] global_step=2100, grad_norm=0.010355653241276741, loss=0.03936174139380455
I0514 03:48:00.031039 139486240429824 logging_writer.py:48] [2200] global_step=2200, grad_norm=0.018982546404004097, loss=0.04551243036985397
I0514 03:48:01.258682 139650400322752 spec.py:333] Evaluating on the training split.
I0514 03:49:34.555364 139650400322752 spec.py:346] Evaluating on the validation split.
I0514 03:49:43.393576 139650400322752 spec.py:363] Evaluating on the test split.
I0514 03:49:52.142015 139650400322752 submission_runner.py:516] Time since start: 836.48s, 	Step: 2207, 	{'train/accuracy': 0.9878111481666565, 'train/loss': 0.04367212951183319, 'train/mean_average_precision': 0.12590966279707028, 'validation/accuracy': 0.9849543571472168, 'validation/loss': 0.0534072108566761, 'validation/mean_average_precision': 0.12904744422835257, 'validation/num_examples': 43793, 'test/accuracy': 0.9839733242988586, 'test/loss': 0.05643998831510544, 'test/mean_average_precision': 0.1273774590451019, 'test/num_examples': 43793, 'score': 474.0736424922943, 'total_duration': 836.4756419658661, 'accumulated_submission_time': 474.0736424922943, 'accumulated_eval_time': 362.342609167099, 'accumulated_logging_time': 0.04453921318054199}
I0514 03:49:52.181961 139486232037120 logging_writer.py:48] [2207] accumulated_eval_time=362.343, accumulated_logging_time=0.0445392, accumulated_submission_time=474.074, global_step=2207, preemption_count=0, score=474.074, test/accuracy=0.983973, test/loss=0.05644, test/mean_average_precision=0.127377, test/num_examples=43793, total_duration=836.476, train/accuracy=0.987811, train/loss=0.0436721, train/mean_average_precision=0.12591, validation/accuracy=0.984954, validation/loss=0.0534072, validation/mean_average_precision=0.129047, validation/num_examples=43793
I0514 03:50:11.390256 139486240429824 logging_writer.py:48] [2300] global_step=2300, grad_norm=0.020733999088406563, loss=0.044787146151065826
I0514 03:50:31.733491 139486232037120 logging_writer.py:48] [2400] global_step=2400, grad_norm=0.011544703505933285, loss=0.04421013966202736
I0514 03:50:52.207484 139486240429824 logging_writer.py:48] [2500] global_step=2500, grad_norm=0.015409708954393864, loss=0.04413494095206261
I0514 03:51:12.551011 139486232037120 logging_writer.py:48] [2600] global_step=2600, grad_norm=0.012514148838818073, loss=0.04520975053310394
I0514 03:51:32.872133 139486240429824 logging_writer.py:48] [2700] global_step=2700, grad_norm=0.020329773426055908, loss=0.038036640733480453
I0514 03:51:53.243402 139486232037120 logging_writer.py:48] [2800] global_step=2800, grad_norm=0.012653219513595104, loss=0.03853460028767586
I0514 03:52:13.615705 139486240429824 logging_writer.py:48] [2900] global_step=2900, grad_norm=0.01002740953117609, loss=0.04370415583252907
I0514 03:52:33.942544 139486232037120 logging_writer.py:48] [3000] global_step=3000, grad_norm=0.016906684264540672, loss=0.04517523944377899
I0514 03:52:53.939080 139486240429824 logging_writer.py:48] [3100] global_step=3100, grad_norm=0.013387893326580524, loss=0.03991606459021568
I0514 03:53:14.357599 139486232037120 logging_writer.py:48] [3200] global_step=3200, grad_norm=0.017433740198612213, loss=0.04161014035344124
I0514 03:53:34.922943 139486240429824 logging_writer.py:48] [3300] global_step=3300, grad_norm=0.016162971034646034, loss=0.038718756288290024
I0514 03:53:55.438377 139486232037120 logging_writer.py:48] [3400] global_step=3400, grad_norm=0.019747799262404442, loss=0.043054625391960144
I0514 03:54:15.528391 139486240429824 logging_writer.py:48] [3500] global_step=3500, grad_norm=0.014020457863807678, loss=0.04063575342297554
I0514 03:54:35.706076 139486232037120 logging_writer.py:48] [3600] global_step=3600, grad_norm=0.012265931814908981, loss=0.036967355757951736
I0514 03:54:56.082726 139486240429824 logging_writer.py:48] [3700] global_step=3700, grad_norm=0.016921691596508026, loss=0.03888232633471489
I0514 03:55:16.454157 139486232037120 logging_writer.py:48] [3800] global_step=3800, grad_norm=0.012755682691931725, loss=0.04153665900230408
I0514 03:55:36.894406 139486240429824 logging_writer.py:48] [3900] global_step=3900, grad_norm=0.013062148354947567, loss=0.04038017615675926
I0514 03:55:57.311553 139486232037120 logging_writer.py:48] [4000] global_step=4000, grad_norm=0.017950572073459625, loss=0.04192579165101051
I0514 03:56:17.763563 139486240429824 logging_writer.py:48] [4100] global_step=4100, grad_norm=0.015438420698046684, loss=0.0409342385828495
I0514 03:56:38.255607 139486232037120 logging_writer.py:48] [4200] global_step=4200, grad_norm=0.015475275926291943, loss=0.0403253473341465
I0514 03:56:58.789861 139486240429824 logging_writer.py:48] [4300] global_step=4300, grad_norm=0.013738121837377548, loss=0.03908248618245125
I0514 03:57:19.034829 139486232037120 logging_writer.py:48] [4400] global_step=4400, grad_norm=0.016476023942232132, loss=0.037198539823293686
I0514 03:57:24.162575 139650400322752 spec.py:333] Evaluating on the training split.
I0514 03:59:00.065191 139650400322752 spec.py:346] Evaluating on the validation split.
I0514 03:59:08.910972 139650400322752 spec.py:363] Evaluating on the test split.
I0514 03:59:17.669584 139650400322752 submission_runner.py:516] Time since start: 1402.00s, 	Step: 4426, 	{'train/accuracy': 0.9885075092315674, 'train/loss': 0.03993481025099754, 'train/mean_average_precision': 0.19567248341783378, 'validation/accuracy': 0.9856115579605103, 'validation/loss': 0.0493120439350605, 'validation/mean_average_precision': 0.17236280723425393, 'validation/num_examples': 43793, 'test/accuracy': 0.984707772731781, 'test/loss': 0.051933880895376205, 'test/mean_average_precision': 0.1704439706833917, 'test/num_examples': 43793, 'score': 926.0290124416351, 'total_duration': 1402.0032172203064, 'accumulated_submission_time': 926.0290124416351, 'accumulated_eval_time': 475.8495478630066, 'accumulated_logging_time': 0.09516716003417969}
I0514 03:59:17.705952 139486240429824 logging_writer.py:48] [4426] accumulated_eval_time=475.85, accumulated_logging_time=0.0951672, accumulated_submission_time=926.029, global_step=4426, preemption_count=0, score=926.029, test/accuracy=0.984708, test/loss=0.0519339, test/mean_average_precision=0.170444, test/num_examples=43793, total_duration=1402, train/accuracy=0.988508, train/loss=0.0399348, train/mean_average_precision=0.195672, validation/accuracy=0.985612, validation/loss=0.049312, validation/mean_average_precision=0.172363, validation/num_examples=43793
I0514 03:59:33.056531 139486232037120 logging_writer.py:48] [4500] global_step=4500, grad_norm=0.015619230456650257, loss=0.04077906161546707
I0514 03:59:53.316558 139486240429824 logging_writer.py:48] [4600] global_step=4600, grad_norm=0.015315281227231026, loss=0.03674205020070076
I0514 04:00:13.728159 139486232037120 logging_writer.py:48] [4700] global_step=4700, grad_norm=0.01311308704316616, loss=0.04320036619901657
I0514 04:00:34.140243 139486240429824 logging_writer.py:48] [4800] global_step=4800, grad_norm=0.01394043117761612, loss=0.04131316393613815
I0514 04:00:54.359738 139486232037120 logging_writer.py:48] [4900] global_step=4900, grad_norm=0.016419030725955963, loss=0.042159538716077805
I0514 04:01:14.658158 139486240429824 logging_writer.py:48] [5000] global_step=5000, grad_norm=0.016530875116586685, loss=0.040062952786684036
I0514 04:01:35.008576 139486232037120 logging_writer.py:48] [5100] global_step=5100, grad_norm=0.02020520530641079, loss=0.037575311958789825
I0514 04:01:55.219590 139486240429824 logging_writer.py:48] [5200] global_step=5200, grad_norm=0.015742138028144836, loss=0.04207535833120346
I0514 04:02:15.262769 139486232037120 logging_writer.py:48] [5300] global_step=5300, grad_norm=0.013697472400963306, loss=0.03731941059231758
I0514 04:02:35.582619 139486240429824 logging_writer.py:48] [5400] global_step=5400, grad_norm=0.02048134244978428, loss=0.0382867231965065
I0514 04:02:55.973352 139486232037120 logging_writer.py:48] [5500] global_step=5500, grad_norm=0.022184070199728012, loss=0.03674226999282837
I0514 04:03:16.026238 139486240429824 logging_writer.py:48] [5600] global_step=5600, grad_norm=0.032025162130594254, loss=0.040333930402994156
I0514 04:03:36.251449 139486232037120 logging_writer.py:48] [5700] global_step=5700, grad_norm=0.01172183919698, loss=0.036514461040496826
I0514 04:03:56.514856 139486240429824 logging_writer.py:48] [5800] global_step=5800, grad_norm=0.012971692718565464, loss=0.040246181190013885
I0514 04:04:16.684138 139486232037120 logging_writer.py:48] [5900] global_step=5900, grad_norm=0.022354425862431526, loss=0.042411595582962036
I0514 04:04:36.984971 139486240429824 logging_writer.py:48] [6000] global_step=6000, grad_norm=0.016358477994799614, loss=0.03989680856466293
I0514 04:04:57.413206 139486232037120 logging_writer.py:48] [6100] global_step=6100, grad_norm=0.016072718426585197, loss=0.03592000529170036
I0514 04:05:17.758719 139486240429824 logging_writer.py:48] [6200] global_step=6200, grad_norm=0.01545467134565115, loss=0.039282701909542084
I0514 04:05:37.969717 139486232037120 logging_writer.py:48] [6300] global_step=6300, grad_norm=0.0178472101688385, loss=0.041237302124500275
I0514 04:05:58.093468 139486240429824 logging_writer.py:48] [6400] global_step=6400, grad_norm=0.015287487767636776, loss=0.039357949048280716
I0514 04:06:18.211233 139486232037120 logging_writer.py:48] [6500] global_step=6500, grad_norm=0.017953695729374886, loss=0.03810307756066322
I0514 04:06:38.324072 139486240429824 logging_writer.py:48] [6600] global_step=6600, grad_norm=0.019621342420578003, loss=0.036670293658971786
I0514 04:06:49.689490 139650400322752 spec.py:333] Evaluating on the training split.
I0514 04:08:23.433414 139650400322752 spec.py:346] Evaluating on the validation split.
I0514 04:08:32.260699 139650400322752 spec.py:363] Evaluating on the test split.
I0514 04:08:40.990947 139650400322752 submission_runner.py:516] Time since start: 1965.32s, 	Step: 6657, 	{'train/accuracy': 0.9893020391464233, 'train/loss': 0.03656097501516342, 'train/mean_average_precision': 0.2690824632420498, 'validation/accuracy': 0.9861664772033691, 'validation/loss': 0.04680734872817993, 'validation/mean_average_precision': 0.21332289023847484, 'validation/num_examples': 43793, 'test/accuracy': 0.9852405190467834, 'test/loss': 0.049381788820028305, 'test/mean_average_precision': 0.21172564384213766, 'test/num_examples': 43793, 'score': 1377.9881353378296, 'total_duration': 1965.324575662613, 'accumulated_submission_time': 1377.9881353378296, 'accumulated_eval_time': 587.1509313583374, 'accumulated_logging_time': 0.14178204536437988}
I0514 04:08:41.029599 139486232037120 logging_writer.py:48] [6657] accumulated_eval_time=587.151, accumulated_logging_time=0.141782, accumulated_submission_time=1377.99, global_step=6657, preemption_count=0, score=1377.99, test/accuracy=0.985241, test/loss=0.0493818, test/mean_average_precision=0.211726, test/num_examples=43793, total_duration=1965.32, train/accuracy=0.989302, train/loss=0.036561, train/mean_average_precision=0.269082, validation/accuracy=0.986166, validation/loss=0.0468073, validation/mean_average_precision=0.213323, validation/num_examples=43793
I0514 04:08:50.893078 139486240429824 logging_writer.py:48] [6700] global_step=6700, grad_norm=0.017463618889451027, loss=0.03636352717876434
I0514 04:09:11.278702 139486232037120 logging_writer.py:48] [6800] global_step=6800, grad_norm=0.018682517111301422, loss=0.03987518697977066
I0514 04:09:31.802873 139486240429824 logging_writer.py:48] [6900] global_step=6900, grad_norm=0.02363661117851734, loss=0.04016575962305069
I0514 04:09:52.014989 139486232037120 logging_writer.py:48] [7000] global_step=7000, grad_norm=0.017370697110891342, loss=0.039406776428222656
I0514 04:10:12.317384 139486240429824 logging_writer.py:48] [7100] global_step=7100, grad_norm=0.021341081708669662, loss=0.03938773646950722
I0514 04:10:32.752960 139486232037120 logging_writer.py:48] [7200] global_step=7200, grad_norm=0.020483290776610374, loss=0.04003068804740906
I0514 04:10:52.948107 139486240429824 logging_writer.py:48] [7300] global_step=7300, grad_norm=0.016331566497683525, loss=0.03485288470983505
I0514 04:11:13.281402 139486232037120 logging_writer.py:48] [7400] global_step=7400, grad_norm=0.01780083030462265, loss=0.0322241485118866
I0514 04:11:33.502205 139486240429824 logging_writer.py:48] [7500] global_step=7500, grad_norm=0.017510471865534782, loss=0.03957773372530937
I0514 04:11:53.847348 139486232037120 logging_writer.py:48] [7600] global_step=7600, grad_norm=0.018086176365613937, loss=0.041611794382333755
I0514 04:12:14.164365 139486240429824 logging_writer.py:48] [7700] global_step=7700, grad_norm=0.022501204162836075, loss=0.04264487326145172
I0514 04:12:34.672905 139486232037120 logging_writer.py:48] [7800] global_step=7800, grad_norm=0.022946797311306, loss=0.038797777146101
I0514 04:12:54.967006 139486240429824 logging_writer.py:48] [7900] global_step=7900, grad_norm=0.03115118481218815, loss=0.03965209797024727
I0514 04:13:15.299625 139486232037120 logging_writer.py:48] [8000] global_step=8000, grad_norm=0.02939271368086338, loss=0.03788713738322258
I0514 04:13:35.255663 139486240429824 logging_writer.py:48] [8100] global_step=8100, grad_norm=0.01675664260983467, loss=0.03428790345788002
I0514 04:13:55.237276 139486232037120 logging_writer.py:48] [8200] global_step=8200, grad_norm=0.024111522361636162, loss=0.03466124087572098
I0514 04:14:15.013302 139486240429824 logging_writer.py:48] [8300] global_step=8300, grad_norm=0.026052264496684074, loss=0.03989359363913536
I0514 04:14:34.959614 139486232037120 logging_writer.py:48] [8400] global_step=8400, grad_norm=0.02051728032529354, loss=0.03919534385204315
I0514 04:14:54.931637 139486240429824 logging_writer.py:48] [8500] global_step=8500, grad_norm=0.03510193154215813, loss=0.03970058634877205
I0514 04:15:14.679467 139486232037120 logging_writer.py:48] [8600] global_step=8600, grad_norm=0.0268920436501503, loss=0.033247850835323334
I0514 04:15:34.654019 139486240429824 logging_writer.py:48] [8700] global_step=8700, grad_norm=0.02657967433333397, loss=0.03702709451317787
I0514 04:15:54.151368 139486232037120 logging_writer.py:48] [8800] global_step=8800, grad_norm=0.027382565662264824, loss=0.03408175706863403
I0514 04:16:13.156265 139650400322752 spec.py:333] Evaluating on the training split.
I0514 04:17:45.847050 139650400322752 spec.py:346] Evaluating on the validation split.
I0514 04:17:54.654320 139650400322752 spec.py:363] Evaluating on the test split.
I0514 04:18:03.407139 139650400322752 submission_runner.py:516] Time since start: 2527.74s, 	Step: 8898, 	{'train/accuracy': 0.9900623559951782, 'train/loss': 0.03372254967689514, 'train/mean_average_precision': 0.31006436608812754, 'validation/accuracy': 0.9865204095840454, 'validation/loss': 0.04534270614385605, 'validation/mean_average_precision': 0.23727314119675907, 'validation/num_examples': 43793, 'test/accuracy': 0.9856142997741699, 'test/loss': 0.04802202805876732, 'test/mean_average_precision': 0.2322402879485819, 'test/num_examples': 43793, 'score': 1830.0900344848633, 'total_duration': 2527.7407767772675, 'accumulated_submission_time': 1830.0900344848633, 'accumulated_eval_time': 697.401741027832, 'accumulated_logging_time': 0.1907033920288086}
I0514 04:18:03.452814 139486240429824 logging_writer.py:48] [8898] accumulated_eval_time=697.402, accumulated_logging_time=0.190703, accumulated_submission_time=1830.09, global_step=8898, preemption_count=0, score=1830.09, test/accuracy=0.985614, test/loss=0.048022, test/mean_average_precision=0.23224, test/num_examples=43793, total_duration=2527.74, train/accuracy=0.990062, train/loss=0.0337225, train/mean_average_precision=0.310064, validation/accuracy=0.98652, validation/loss=0.0453427, validation/mean_average_precision=0.237273, validation/num_examples=43793
I0514 04:18:04.083743 139486232037120 logging_writer.py:48] [8900] global_step=8900, grad_norm=0.030492426827549934, loss=0.03486115485429764
I0514 04:18:23.687737 139486240429824 logging_writer.py:48] [9000] global_step=9000, grad_norm=0.024113615974783897, loss=0.032806411385536194
I0514 04:18:43.059098 139486232037120 logging_writer.py:48] [9100] global_step=9100, grad_norm=0.02264327183365822, loss=0.038162484765052795
I0514 04:19:02.530761 139486240429824 logging_writer.py:48] [9200] global_step=9200, grad_norm=0.02345707081258297, loss=0.0345633365213871
I0514 04:19:22.019783 139486232037120 logging_writer.py:48] [9300] global_step=9300, grad_norm=0.021136831492185593, loss=0.033488210290670395
I0514 04:19:41.376121 139486240429824 logging_writer.py:48] [9400] global_step=9400, grad_norm=0.020444443449378014, loss=0.032075125724077225
I0514 04:20:00.874716 139486232037120 logging_writer.py:48] [9500] global_step=9500, grad_norm=0.02116876281797886, loss=0.03525698930025101
I0514 04:20:20.109791 139486240429824 logging_writer.py:48] [9600] global_step=9600, grad_norm=0.03266037255525589, loss=0.03688914701342583
I0514 04:20:39.505517 139486232037120 logging_writer.py:48] [9700] global_step=9700, grad_norm=0.028904002159833908, loss=0.0328618548810482
I0514 04:20:58.832690 139486240429824 logging_writer.py:48] [9800] global_step=9800, grad_norm=0.023704668506979942, loss=0.036711856722831726
I0514 04:21:18.190651 139486232037120 logging_writer.py:48] [9900] global_step=9900, grad_norm=0.037749484181404114, loss=0.03628825768828392
I0514 04:21:37.485480 139486240429824 logging_writer.py:48] [10000] global_step=10000, grad_norm=0.03431716188788414, loss=0.03563295304775238
I0514 04:21:56.897927 139486232037120 logging_writer.py:48] [10100] global_step=10100, grad_norm=0.03427291288971901, loss=0.038320209830999374
I0514 04:22:16.266699 139486240429824 logging_writer.py:48] [10200] global_step=10200, grad_norm=0.03831825777888298, loss=0.03203039616346359
I0514 04:22:35.679494 139486232037120 logging_writer.py:48] [10300] global_step=10300, grad_norm=0.02661302126944065, loss=0.033661555498838425
I0514 04:22:54.748063 139486240429824 logging_writer.py:48] [10400] global_step=10400, grad_norm=0.04573545977473259, loss=0.03501763939857483
I0514 04:23:13.842936 139486232037120 logging_writer.py:48] [10500] global_step=10500, grad_norm=0.03345070779323578, loss=0.03603634610772133
I0514 04:23:32.999709 139486240429824 logging_writer.py:48] [10600] global_step=10600, grad_norm=0.044904060661792755, loss=0.034219831228256226
I0514 04:23:52.248869 139486232037120 logging_writer.py:48] [10700] global_step=10700, grad_norm=0.029660120606422424, loss=0.03178790584206581
I0514 04:24:11.360156 139486240429824 logging_writer.py:48] [10800] global_step=10800, grad_norm=0.03308524191379547, loss=0.033554695546627045
I0514 04:24:30.640642 139486232037120 logging_writer.py:48] [10900] global_step=10900, grad_norm=0.03619231656193733, loss=0.03350899741053581
I0514 04:24:50.022822 139486240429824 logging_writer.py:48] [11000] global_step=11000, grad_norm=0.04082604497671127, loss=0.02998380921781063
I0514 04:25:09.208116 139486232037120 logging_writer.py:48] [11100] global_step=11100, grad_norm=0.032147180289030075, loss=0.03105504810810089
I0514 04:25:28.583819 139486240429824 logging_writer.py:48] [11200] global_step=11200, grad_norm=0.045223336666822433, loss=0.03433162719011307
I0514 04:25:35.511210 139650400322752 spec.py:333] Evaluating on the training split.
I0514 04:27:10.389338 139650400322752 spec.py:346] Evaluating on the validation split.
I0514 04:27:19.218159 139650400322752 spec.py:363] Evaluating on the test split.
I0514 04:27:27.958885 139650400322752 submission_runner.py:516] Time since start: 3092.29s, 	Step: 11237, 	{'train/accuracy': 0.9906930923461914, 'train/loss': 0.031458403915166855, 'train/mean_average_precision': 0.38294302863066615, 'validation/accuracy': 0.9866560101509094, 'validation/loss': 0.04466966912150383, 'validation/mean_average_precision': 0.2504130700627106, 'validation/num_examples': 43793, 'test/accuracy': 0.9858541488647461, 'test/loss': 0.0473908968269825, 'test/mean_average_precision': 0.249159849204626, 'test/num_examples': 43793, 'score': 2282.1234183311462, 'total_duration': 3092.292513847351, 'accumulated_submission_time': 2282.1234183311462, 'accumulated_eval_time': 809.8493463993073, 'accumulated_logging_time': 0.2460956573486328}
I0514 04:27:27.999181 139486232037120 logging_writer.py:48] [11237] accumulated_eval_time=809.849, accumulated_logging_time=0.246096, accumulated_submission_time=2282.12, global_step=11237, preemption_count=0, score=2282.12, test/accuracy=0.985854, test/loss=0.0473909, test/mean_average_precision=0.24916, test/num_examples=43793, total_duration=3092.29, train/accuracy=0.990693, train/loss=0.0314584, train/mean_average_precision=0.382943, validation/accuracy=0.986656, validation/loss=0.0446697, validation/mean_average_precision=0.250413, validation/num_examples=43793
I0514 04:27:40.507159 139486240429824 logging_writer.py:48] [11300] global_step=11300, grad_norm=0.03597854822874069, loss=0.034008681774139404
I0514 04:27:59.996738 139486232037120 logging_writer.py:48] [11400] global_step=11400, grad_norm=0.03986926004290581, loss=0.03231207653880119
I0514 04:28:19.293952 139486240429824 logging_writer.py:48] [11500] global_step=11500, grad_norm=0.043705109506845474, loss=0.03267767280340195
I0514 04:28:38.675273 139486232037120 logging_writer.py:48] [11600] global_step=11600, grad_norm=0.0520937517285347, loss=0.03592168167233467
I0514 04:28:58.063415 139486240429824 logging_writer.py:48] [11700] global_step=11700, grad_norm=0.03526405617594719, loss=0.03020641580224037
I0514 04:29:17.496661 139486232037120 logging_writer.py:48] [11800] global_step=11800, grad_norm=0.03570426627993584, loss=0.030745912343263626
I0514 04:29:37.087728 139486240429824 logging_writer.py:48] [11900] global_step=11900, grad_norm=0.04309579357504845, loss=0.03557094559073448
I0514 04:29:56.378924 139486232037120 logging_writer.py:48] [12000] global_step=12000, grad_norm=0.04067659378051758, loss=0.03245348110795021
I0514 04:30:15.875768 139486240429824 logging_writer.py:48] [12100] global_step=12100, grad_norm=0.04515334218740463, loss=0.03614281862974167
I0514 04:30:35.222698 139486232037120 logging_writer.py:48] [12200] global_step=12200, grad_norm=0.04698007181286812, loss=0.03481612354516983
I0514 04:30:54.577015 139486240429824 logging_writer.py:48] [12300] global_step=12300, grad_norm=0.040067002177238464, loss=0.030987340956926346
I0514 04:31:14.028150 139486232037120 logging_writer.py:48] [12400] global_step=12400, grad_norm=0.07602743059396744, loss=0.0365307442843914
I0514 04:31:33.369786 139486240429824 logging_writer.py:48] [12500] global_step=12500, grad_norm=0.039751868695020676, loss=0.03234626352787018
I0514 04:31:52.809327 139486232037120 logging_writer.py:48] [12600] global_step=12600, grad_norm=0.050671156495809555, loss=0.03354661911725998
I0514 04:32:11.986664 139486240429824 logging_writer.py:48] [12700] global_step=12700, grad_norm=0.0664338693022728, loss=0.03220145031809807
I0514 04:32:31.257897 139486232037120 logging_writer.py:48] [12800] global_step=12800, grad_norm=0.04796489700675011, loss=0.03369631990790367
I0514 04:32:50.630370 139486240429824 logging_writer.py:48] [12900] global_step=12900, grad_norm=0.06763429194688797, loss=0.03324669227004051
I0514 04:33:10.044908 139486232037120 logging_writer.py:48] [13000] global_step=13000, grad_norm=0.05291098728775978, loss=0.03384929150342941
I0514 04:33:29.443527 139486240429824 logging_writer.py:48] [13100] global_step=13100, grad_norm=0.06308859586715698, loss=0.0314188115298748
I0514 04:33:48.883970 139486232037120 logging_writer.py:48] [13200] global_step=13200, grad_norm=0.06265563517808914, loss=0.03305906429886818
I0514 04:34:08.177453 139486240429824 logging_writer.py:48] [13300] global_step=13300, grad_norm=0.05627758428454399, loss=0.031834349036216736
I0514 04:34:27.530925 139486232037120 logging_writer.py:48] [13400] global_step=13400, grad_norm=0.052832718938589096, loss=0.032387085258960724
I0514 04:34:46.957501 139486240429824 logging_writer.py:48] [13500] global_step=13500, grad_norm=0.07899985462427139, loss=0.03328494355082512
I0514 04:35:00.081694 139650400322752 spec.py:333] Evaluating on the training split.
I0514 04:36:36.840898 139650400322752 spec.py:346] Evaluating on the validation split.
I0514 04:36:45.674029 139650400322752 spec.py:363] Evaluating on the test split.
I0514 04:36:54.456062 139650400322752 submission_runner.py:516] Time since start: 3658.79s, 	Step: 13569, 	{'train/accuracy': 0.9909915924072266, 'train/loss': 0.02989506535232067, 'train/mean_average_precision': 0.40158049661803785, 'validation/accuracy': 0.9867353439331055, 'validation/loss': 0.044363606721162796, 'validation/mean_average_precision': 0.2613543081498683, 'validation/num_examples': 43793, 'test/accuracy': 0.9859198331832886, 'test/loss': 0.04720267280936241, 'test/mean_average_precision': 0.25722394936012216, 'test/num_examples': 43793, 'score': 2734.1813151836395, 'total_duration': 3658.789660692215, 'accumulated_submission_time': 2734.1813151836395, 'accumulated_eval_time': 924.2236096858978, 'accumulated_logging_time': 0.2961125373840332}
I0514 04:36:54.496020 139486232037120 logging_writer.py:48] [13569] accumulated_eval_time=924.224, accumulated_logging_time=0.296113, accumulated_submission_time=2734.18, global_step=13569, preemption_count=0, score=2734.18, test/accuracy=0.98592, test/loss=0.0472027, test/mean_average_precision=0.257224, test/num_examples=43793, total_duration=3658.79, train/accuracy=0.990992, train/loss=0.0298951, train/mean_average_precision=0.40158, validation/accuracy=0.986735, validation/loss=0.0443636, validation/mean_average_precision=0.261354, validation/num_examples=43793
I0514 04:37:00.789069 139486240429824 logging_writer.py:48] [13600] global_step=13600, grad_norm=0.06058342009782791, loss=0.030820220708847046
I0514 04:37:20.450737 139486232037120 logging_writer.py:48] [13700] global_step=13700, grad_norm=0.06504829972982407, loss=0.03500504046678543
I0514 04:37:40.109324 139486240429824 logging_writer.py:48] [13800] global_step=13800, grad_norm=0.06899069249629974, loss=0.029810510575771332
I0514 04:37:59.587844 139486232037120 logging_writer.py:48] [13900] global_step=13900, grad_norm=0.054663654416799545, loss=0.027463512495160103
I0514 04:38:19.249362 139486240429824 logging_writer.py:48] [14000] global_step=14000, grad_norm=0.06444086879491806, loss=0.03052976168692112
I0514 04:38:38.871543 139486232037120 logging_writer.py:48] [14100] global_step=14100, grad_norm=0.06494202464818954, loss=0.028168978169560432
I0514 04:38:58.344656 139486240429824 logging_writer.py:48] [14200] global_step=14200, grad_norm=0.08550908416509628, loss=0.030087783932685852
I0514 04:39:17.841723 139486232037120 logging_writer.py:48] [14300] global_step=14300, grad_norm=0.07377157360315323, loss=0.03175853565335274
I0514 04:39:37.170752 139486240429824 logging_writer.py:48] [14400] global_step=14400, grad_norm=0.06100613996386528, loss=0.03202236071228981
I0514 04:39:56.619238 139486232037120 logging_writer.py:48] [14500] global_step=14500, grad_norm=0.08094276487827301, loss=0.031327251344919205
I0514 04:40:15.996322 139486240429824 logging_writer.py:48] [14600] global_step=14600, grad_norm=0.09873870015144348, loss=0.034349456429481506
I0514 04:40:35.446166 139486232037120 logging_writer.py:48] [14700] global_step=14700, grad_norm=0.09463795274496078, loss=0.030295507982373238
I0514 04:40:54.733188 139486240429824 logging_writer.py:48] [14800] global_step=14800, grad_norm=0.0805855467915535, loss=0.03346753492951393
I0514 04:41:14.118397 139486232037120 logging_writer.py:48] [14900] global_step=14900, grad_norm=0.07198444753885269, loss=0.03071632981300354
I0514 04:41:33.489532 139486240429824 logging_writer.py:48] [15000] global_step=15000, grad_norm=0.10544472932815552, loss=0.03195570036768913
I0514 04:41:53.035833 139486232037120 logging_writer.py:48] [15100] global_step=15100, grad_norm=0.08418866246938705, loss=0.02709055133163929
I0514 04:42:12.338220 139486240429824 logging_writer.py:48] [15200] global_step=15200, grad_norm=0.09366801381111145, loss=0.028836458921432495
I0514 04:42:31.660242 139486232037120 logging_writer.py:48] [15300] global_step=15300, grad_norm=0.0805077850818634, loss=0.025822713971138
I0514 04:42:51.096364 139486240429824 logging_writer.py:48] [15400] global_step=15400, grad_norm=0.09374696016311646, loss=0.03002934716641903
I0514 04:43:10.464444 139486232037120 logging_writer.py:48] [15500] global_step=15500, grad_norm=0.11018197238445282, loss=0.02881382405757904
I0514 04:43:30.035232 139486240429824 logging_writer.py:48] [15600] global_step=15600, grad_norm=0.09349579364061356, loss=0.02522510662674904
I0514 04:43:49.457264 139486232037120 logging_writer.py:48] [15700] global_step=15700, grad_norm=0.13685156404972076, loss=0.02991817146539688
I0514 04:44:08.897505 139486240429824 logging_writer.py:48] [15800] global_step=15800, grad_norm=0.09809121489524841, loss=0.029881935566663742
I0514 04:44:26.509710 139650400322752 spec.py:333] Evaluating on the training split.
I0514 04:46:01.881870 139650400322752 spec.py:346] Evaluating on the validation split.
I0514 04:46:10.715896 139650400322752 spec.py:363] Evaluating on the test split.
I0514 04:46:19.488414 139650400322752 submission_runner.py:516] Time since start: 4223.82s, 	Step: 15891, 	{'train/accuracy': 0.9915110468864441, 'train/loss': 0.02820431999862194, 'train/mean_average_precision': 0.4558265347700295, 'validation/accuracy': 0.9867106080055237, 'validation/loss': 0.04461535066366196, 'validation/mean_average_precision': 0.26577858628671, 'validation/num_examples': 43793, 'test/accuracy': 0.9858665466308594, 'test/loss': 0.047430358827114105, 'test/mean_average_precision': 0.2583894421866779, 'test/num_examples': 43793, 'score': 3186.170065879822, 'total_duration': 4223.82204413414, 'accumulated_submission_time': 3186.170065879822, 'accumulated_eval_time': 1037.2022416591644, 'accumulated_logging_time': 0.34583091735839844}
I0514 04:46:19.527326 139486232037120 logging_writer.py:48] [15891] accumulated_eval_time=1037.2, accumulated_logging_time=0.345831, accumulated_submission_time=3186.17, global_step=15891, preemption_count=0, score=3186.17, test/accuracy=0.985867, test/loss=0.0474304, test/mean_average_precision=0.258389, test/num_examples=43793, total_duration=4223.82, train/accuracy=0.991511, train/loss=0.0282043, train/mean_average_precision=0.455827, validation/accuracy=0.986711, validation/loss=0.0446154, validation/mean_average_precision=0.265779, validation/num_examples=43793
I0514 04:46:21.542168 139486240429824 logging_writer.py:48] [15900] global_step=15900, grad_norm=0.09474068135023117, loss=0.029004685580730438
I0514 04:46:41.010303 139486232037120 logging_writer.py:48] [16000] global_step=16000, grad_norm=0.1071581169962883, loss=0.0288082268089056
I0514 04:47:00.483781 139486240429824 logging_writer.py:48] [16100] global_step=16100, grad_norm=0.10690423101186752, loss=0.026795722544193268
I0514 04:47:19.883872 139486232037120 logging_writer.py:48] [16200] global_step=16200, grad_norm=0.11841312795877457, loss=0.02895379811525345
I0514 04:47:39.188157 139486240429824 logging_writer.py:48] [16300] global_step=16300, grad_norm=0.14360706508159637, loss=0.03064119629561901
I0514 04:47:58.714890 139486232037120 logging_writer.py:48] [16400] global_step=16400, grad_norm=0.11536717414855957, loss=0.031121142208576202
I0514 04:48:18.188656 139486240429824 logging_writer.py:48] [16500] global_step=16500, grad_norm=0.1238991767168045, loss=0.02894866280257702
I0514 04:48:37.701525 139486232037120 logging_writer.py:48] [16600] global_step=16600, grad_norm=0.13574948906898499, loss=0.0339069664478302
I0514 04:48:57.142120 139486240429824 logging_writer.py:48] [16700] global_step=16700, grad_norm=0.18151593208312988, loss=0.03554759547114372
I0514 04:49:16.646907 139486232037120 logging_writer.py:48] [16800] global_step=16800, grad_norm=0.15552912652492523, loss=0.028714686632156372
I0514 04:49:36.068114 139486240429824 logging_writer.py:48] [16900] global_step=16900, grad_norm=0.12741048634052277, loss=0.030410392209887505
I0514 04:49:55.482187 139486232037120 logging_writer.py:48] [17000] global_step=17000, grad_norm=0.17027641832828522, loss=0.030336353927850723
I0514 04:50:14.861904 139486240429824 logging_writer.py:48] [17100] global_step=17100, grad_norm=0.17553183436393738, loss=0.03326397016644478
I0514 04:50:34.259276 139486232037120 logging_writer.py:48] [17200] global_step=17200, grad_norm=0.15840309858322144, loss=0.029337681829929352
I0514 04:50:53.456353 139486240429824 logging_writer.py:48] [17300] global_step=17300, grad_norm=0.1646287739276886, loss=0.028844883665442467
I0514 04:51:12.643749 139486232037120 logging_writer.py:48] [17400] global_step=17400, grad_norm=0.18233655393123627, loss=0.029119329527020454
I0514 04:51:31.986441 139486240429824 logging_writer.py:48] [17500] global_step=17500, grad_norm=0.14130941033363342, loss=0.03379317745566368
I0514 04:51:51.254951 139486232037120 logging_writer.py:48] [17600] global_step=17600, grad_norm=0.12168385833501816, loss=0.024100035429000854
I0514 04:52:10.666712 139486240429824 logging_writer.py:48] [17700] global_step=17700, grad_norm=0.16798511147499084, loss=0.02806788682937622
I0514 04:52:29.917083 139486232037120 logging_writer.py:48] [17800] global_step=17800, grad_norm=0.16954827308654785, loss=0.02668965980410576
I0514 04:52:49.335425 139486240429824 logging_writer.py:48] [17900] global_step=17900, grad_norm=0.22786332666873932, loss=0.032905660569667816
I0514 04:53:08.757617 139486232037120 logging_writer.py:48] [18000] global_step=18000, grad_norm=0.18353481590747833, loss=0.043691184371709824
I0514 04:53:28.072519 139486240429824 logging_writer.py:48] [18100] global_step=18100, grad_norm=0.15402600169181824, loss=0.026659006252884865
I0514 04:53:47.322857 139486232037120 logging_writer.py:48] [18200] global_step=18200, grad_norm=0.19774559140205383, loss=0.029425783082842827
I0514 04:53:51.534753 139650400322752 spec.py:333] Evaluating on the training split.
I0514 04:55:20.763029 139650400322752 spec.py:346] Evaluating on the validation split.
I0514 04:55:29.596249 139650400322752 spec.py:363] Evaluating on the test split.
I0514 04:55:38.335332 139650400322752 submission_runner.py:516] Time since start: 4782.67s, 	Step: 18223, 	{'train/accuracy': 0.9918490052223206, 'train/loss': 0.026769956573843956, 'train/mean_average_precision': 0.47652238975041616, 'validation/accuracy': 0.9868049621582031, 'validation/loss': 0.044963035732507706, 'validation/mean_average_precision': 0.2685001856620536, 'validation/num_examples': 43793, 'test/accuracy': 0.9859516620635986, 'test/loss': 0.04774488881230354, 'test/mean_average_precision': 0.26213983864183077, 'test/num_examples': 43793, 'score': 3638.152243614197, 'total_duration': 4782.668962478638, 'accumulated_submission_time': 3638.152243614197, 'accumulated_eval_time': 1144.0027475357056, 'accumulated_logging_time': 0.39476966857910156}
I0514 04:55:38.375379 139486240429824 logging_writer.py:48] [18223] accumulated_eval_time=1144, accumulated_logging_time=0.39477, accumulated_submission_time=3638.15, global_step=18223, preemption_count=0, score=3638.15, test/accuracy=0.985952, test/loss=0.0477449, test/mean_average_precision=0.26214, test/num_examples=43793, total_duration=4782.67, train/accuracy=0.991849, train/loss=0.02677, train/mean_average_precision=0.476522, validation/accuracy=0.986805, validation/loss=0.044963, validation/mean_average_precision=0.2685, validation/num_examples=43793
I0514 04:55:53.721227 139486232037120 logging_writer.py:48] [18300] global_step=18300, grad_norm=0.17637696862220764, loss=0.02413307875394821
I0514 04:56:13.264732 139486240429824 logging_writer.py:48] [18400] global_step=18400, grad_norm=0.30988529324531555, loss=0.030661385506391525
I0514 04:56:32.709475 139486232037120 logging_writer.py:48] [18500] global_step=18500, grad_norm=0.22450675070285797, loss=0.03158319368958473
I0514 04:56:52.069180 139486240429824 logging_writer.py:48] [18600] global_step=18600, grad_norm=0.3630121648311615, loss=0.031036553904414177
I0514 04:57:11.485700 139486232037120 logging_writer.py:48] [18700] global_step=18700, grad_norm=0.2833528220653534, loss=0.03172650188207626
I0514 04:57:30.937922 139486240429824 logging_writer.py:48] [18800] global_step=18800, grad_norm=0.22676150500774384, loss=0.02993599884212017
I0514 04:57:50.206025 139486232037120 logging_writer.py:48] [18900] global_step=18900, grad_norm=0.3390032649040222, loss=0.03162446245551109
I0514 04:58:09.606933 139486240429824 logging_writer.py:48] [19000] global_step=19000, grad_norm=0.26250842213630676, loss=0.028117068111896515
I0514 04:58:29.006039 139486232037120 logging_writer.py:48] [19100] global_step=19100, grad_norm=0.27951863408088684, loss=0.03428345546126366
I0514 04:58:48.302183 139486240429824 logging_writer.py:48] [19200] global_step=19200, grad_norm=0.27191799879074097, loss=0.028027934953570366
I0514 04:59:07.579600 139486232037120 logging_writer.py:48] [19300] global_step=19300, grad_norm=0.3770904541015625, loss=0.029503053054213524
I0514 04:59:26.982059 139486240429824 logging_writer.py:48] [19400] global_step=19400, grad_norm=0.28858545422554016, loss=0.026226716116070747
I0514 04:59:46.525838 139486232037120 logging_writer.py:48] [19500] global_step=19500, grad_norm=0.2581138014793396, loss=0.02986597642302513
I0514 05:00:05.933968 139486240429824 logging_writer.py:48] [19600] global_step=19600, grad_norm=0.28830888867378235, loss=0.029652481898665428
I0514 05:00:25.416621 139486232037120 logging_writer.py:48] [19700] global_step=19700, grad_norm=0.2717105746269226, loss=0.02819063514471054
I0514 05:00:44.763225 139486240429824 logging_writer.py:48] [19800] global_step=19800, grad_norm=0.2910382151603699, loss=0.027204187586903572
I0514 05:01:04.029001 139486232037120 logging_writer.py:48] [19900] global_step=19900, grad_norm=0.27462199330329895, loss=0.029220854863524437
I0514 05:01:23.485679 139486240429824 logging_writer.py:48] [20000] global_step=20000, grad_norm=0.3209204077720642, loss=0.02967042662203312
I0514 05:01:42.782289 139486232037120 logging_writer.py:48] [20100] global_step=20100, grad_norm=0.2820035219192505, loss=0.0562770813703537
I0514 05:02:02.075454 139486240429824 logging_writer.py:48] [20200] global_step=20200, grad_norm=0.3780849575996399, loss=0.04335061088204384
I0514 05:02:21.361384 139486232037120 logging_writer.py:48] [20300] global_step=20300, grad_norm=0.38638371229171753, loss=0.03180261328816414
I0514 05:02:40.675359 139486240429824 logging_writer.py:48] [20400] global_step=20400, grad_norm=0.26221394538879395, loss=0.02703871950507164
I0514 05:02:59.997530 139486232037120 logging_writer.py:48] [20500] global_step=20500, grad_norm=0.7680373191833496, loss=0.06490510702133179
I0514 05:03:10.435137 139650400322752 spec.py:333] Evaluating on the training split.
I0514 05:04:38.496582 139650400322752 spec.py:346] Evaluating on the validation split.
I0514 05:04:47.316100 139650400322752 spec.py:363] Evaluating on the test split.
I0514 05:04:56.037169 139650400322752 submission_runner.py:516] Time since start: 5340.37s, 	Step: 20555, 	{'train/accuracy': 0.9918054938316345, 'train/loss': 0.026650836691260338, 'train/mean_average_precision': 0.49222050956983904, 'validation/accuracy': 0.9869188666343689, 'validation/loss': 0.045084476470947266, 'validation/mean_average_precision': 0.27125992459509873, 'validation/num_examples': 43793, 'test/accuracy': 0.9860900044441223, 'test/loss': 0.04793025553226471, 'test/mean_average_precision': 0.2629437827019327, 'test/num_examples': 43793, 'score': 4090.186928987503, 'total_duration': 5340.370792627335, 'accumulated_submission_time': 4090.186928987503, 'accumulated_eval_time': 1249.6047003269196, 'accumulated_logging_time': 0.4447653293609619}
I0514 05:04:56.080549 139486240429824 logging_writer.py:48] [20555] accumulated_eval_time=1249.6, accumulated_logging_time=0.444765, accumulated_submission_time=4090.19, global_step=20555, preemption_count=0, score=4090.19, test/accuracy=0.98609, test/loss=0.0479303, test/mean_average_precision=0.262944, test/num_examples=43793, total_duration=5340.37, train/accuracy=0.991805, train/loss=0.0266508, train/mean_average_precision=0.492221, validation/accuracy=0.986919, validation/loss=0.0450845, validation/mean_average_precision=0.27126, validation/num_examples=43793
I0514 05:05:05.160691 139486232037120 logging_writer.py:48] [20600] global_step=20600, grad_norm=0.37492835521698, loss=0.030474403873085976
I0514 05:05:24.802449 139486240429824 logging_writer.py:48] [20700] global_step=20700, grad_norm=0.35663872957229614, loss=0.027436481788754463
I0514 05:05:43.945932 139486232037120 logging_writer.py:48] [20800] global_step=20800, grad_norm=0.3824217915534973, loss=0.031327683478593826
I0514 05:06:03.427833 139486240429824 logging_writer.py:48] [20900] global_step=20900, grad_norm=0.3593098521232605, loss=0.029844367876648903
I0514 05:06:22.879021 139486232037120 logging_writer.py:48] [21000] global_step=21000, grad_norm=0.43369626998901367, loss=0.02853778749704361
I0514 05:06:42.168351 139486240429824 logging_writer.py:48] [21100] global_step=21100, grad_norm=0.44325828552246094, loss=0.02828727662563324
I0514 05:07:01.530960 139486232037120 logging_writer.py:48] [21200] global_step=21200, grad_norm=0.5548235177993774, loss=0.03176440671086311
I0514 05:07:20.826001 139486240429824 logging_writer.py:48] [21300] global_step=21300, grad_norm=0.30646973848342896, loss=0.026054227724671364
I0514 05:07:40.144806 139486232037120 logging_writer.py:48] [21400] global_step=21400, grad_norm=0.4479110538959503, loss=0.03579458221793175
I0514 05:07:59.299669 139486240429824 logging_writer.py:48] [21500] global_step=21500, grad_norm=0.4842281937599182, loss=0.03223150223493576
I0514 05:08:18.598781 139486232037120 logging_writer.py:48] [21600] global_step=21600, grad_norm=0.3691236972808838, loss=0.03016185574233532
I0514 05:08:37.906425 139486240429824 logging_writer.py:48] [21700] global_step=21700, grad_norm=0.5926772356033325, loss=0.030279891565442085
I0514 05:08:57.255449 139486232037120 logging_writer.py:48] [21800] global_step=21800, grad_norm=1.7046377658843994, loss=0.04039165750145912
I0514 05:09:16.466381 139486240429824 logging_writer.py:48] [21900] global_step=21900, grad_norm=0.6854680776596069, loss=0.03411579132080078
I0514 05:09:35.787923 139486232037120 logging_writer.py:48] [22000] global_step=22000, grad_norm=0.4553956687450409, loss=0.028568029403686523
I0514 05:09:55.190592 139486240429824 logging_writer.py:48] [22100] global_step=22100, grad_norm=0.5338094830513, loss=0.03244386985898018
I0514 05:10:14.556321 139486232037120 logging_writer.py:48] [22200] global_step=22200, grad_norm=0.5035796165466309, loss=0.03173651546239853
I0514 05:10:33.912178 139486240429824 logging_writer.py:48] [22300] global_step=22300, grad_norm=0.3228408992290497, loss=0.02890113554894924
I0514 05:10:53.153976 139486232037120 logging_writer.py:48] [22400] global_step=22400, grad_norm=0.6648534536361694, loss=0.030242588371038437
I0514 05:11:12.425924 139486240429824 logging_writer.py:48] [22500] global_step=22500, grad_norm=0.4784162938594818, loss=0.03159453347325325
I0514 05:11:31.703815 139486232037120 logging_writer.py:48] [22600] global_step=22600, grad_norm=0.40701258182525635, loss=0.031319282948970795
I0514 05:11:51.043438 139486240429824 logging_writer.py:48] [22700] global_step=22700, grad_norm=0.5501470565795898, loss=0.02902740053832531
I0514 05:12:10.362792 139486232037120 logging_writer.py:48] [22800] global_step=22800, grad_norm=0.32204750180244446, loss=0.028290720656514168
I0514 05:12:28.154425 139650400322752 spec.py:333] Evaluating on the training split.
I0514 05:13:56.961301 139650400322752 spec.py:346] Evaluating on the validation split.
I0514 05:14:05.785163 139650400322752 spec.py:363] Evaluating on the test split.
I0514 05:14:14.552513 139650400322752 submission_runner.py:516] Time since start: 5898.89s, 	Step: 22892, 	{'train/accuracy': 0.9920410513877869, 'train/loss': 0.026015978306531906, 'train/mean_average_precision': 0.5019789111938409, 'validation/accuracy': 0.9868025779724121, 'validation/loss': 0.04493381083011627, 'validation/mean_average_precision': 0.2729166348137283, 'validation/num_examples': 43793, 'test/accuracy': 0.9859573245048523, 'test/loss': 0.047715213149785995, 'test/mean_average_precision': 0.2616000565654498, 'test/num_examples': 43793, 'score': 4542.236105680466, 'total_duration': 5898.886119604111, 'accumulated_submission_time': 4542.236105680466, 'accumulated_eval_time': 1356.002692937851, 'accumulated_logging_time': 0.4979240894317627}
I0514 05:14:14.594762 139486240429824 logging_writer.py:48] [22892] accumulated_eval_time=1356, accumulated_logging_time=0.497924, accumulated_submission_time=4542.24, global_step=22892, preemption_count=0, score=4542.24, test/accuracy=0.985957, test/loss=0.0477152, test/mean_average_precision=0.2616, test/num_examples=43793, total_duration=5898.89, train/accuracy=0.992041, train/loss=0.026016, train/mean_average_precision=0.501979, validation/accuracy=0.986803, validation/loss=0.0449338, validation/mean_average_precision=0.272917, validation/num_examples=43793
I0514 05:14:16.420674 139486232037120 logging_writer.py:48] [22900] global_step=22900, grad_norm=0.3646203279495239, loss=0.0287124402821064
I0514 05:14:36.033664 139486240429824 logging_writer.py:48] [23000] global_step=23000, grad_norm=0.4788014590740204, loss=0.030741026625037193
I0514 05:14:55.714199 139486232037120 logging_writer.py:48] [23100] global_step=23100, grad_norm=0.38628101348876953, loss=0.028083723038434982
I0514 05:15:15.379354 139486240429824 logging_writer.py:48] [23200] global_step=23200, grad_norm=0.34424707293510437, loss=0.029080715030431747
I0514 05:15:35.173949 139486232037120 logging_writer.py:48] [23300] global_step=23300, grad_norm=0.49390602111816406, loss=0.03086378425359726
I0514 05:15:54.904778 139486240429824 logging_writer.py:48] [23400] global_step=23400, grad_norm=0.42349350452423096, loss=0.02850922755897045
I0514 05:16:14.419033 139486232037120 logging_writer.py:48] [23500] global_step=23500, grad_norm=0.5495162606239319, loss=0.03193247690796852
I0514 05:16:33.917068 139486240429824 logging_writer.py:48] [23600] global_step=23600, grad_norm=0.5507510304450989, loss=0.031294554471969604
I0514 05:16:53.467842 139486232037120 logging_writer.py:48] [23700] global_step=23700, grad_norm=0.37400028109550476, loss=0.02896369807422161
I0514 05:17:12.949846 139486240429824 logging_writer.py:48] [23800] global_step=23800, grad_norm=0.33997780084609985, loss=0.027699632570147514
I0514 05:17:32.399314 139486232037120 logging_writer.py:48] [23900] global_step=23900, grad_norm=0.6524547338485718, loss=0.0333528071641922
I0514 05:17:51.956998 139486240429824 logging_writer.py:48] [24000] global_step=24000, grad_norm=0.3891548812389374, loss=0.032895706593990326
I0514 05:18:11.464613 139486232037120 logging_writer.py:48] [24100] global_step=24100, grad_norm=0.3587399125099182, loss=0.027736596763134003
I0514 05:18:30.900448 139486240429824 logging_writer.py:48] [24200] global_step=24200, grad_norm=0.4356381893157959, loss=0.03295765072107315
I0514 05:18:50.327487 139486232037120 logging_writer.py:48] [24300] global_step=24300, grad_norm=0.4713977575302124, loss=0.029909703880548477
I0514 05:19:09.822138 139486240429824 logging_writer.py:48] [24400] global_step=24400, grad_norm=0.430439293384552, loss=0.028547465801239014
I0514 05:19:29.363290 139486232037120 logging_writer.py:48] [24500] global_step=24500, grad_norm=0.42695140838623047, loss=0.02918899804353714
I0514 05:19:48.510641 139486240429824 logging_writer.py:48] [24600] global_step=24600, grad_norm=0.5608197450637817, loss=0.031088467687368393
I0514 05:20:08.039340 139486232037120 logging_writer.py:48] [24700] global_step=24700, grad_norm=0.4547708332538605, loss=0.029057474806904793
I0514 05:20:27.612574 139486240429824 logging_writer.py:48] [24800] global_step=24800, grad_norm=0.30926868319511414, loss=0.024552155286073685
I0514 05:20:47.013393 139486232037120 logging_writer.py:48] [24900] global_step=24900, grad_norm=0.3977537453174591, loss=0.029928315430879593
I0514 05:21:06.551266 139486240429824 logging_writer.py:48] [25000] global_step=25000, grad_norm=0.4218314588069916, loss=0.03294282406568527
I0514 05:21:26.045539 139486232037120 logging_writer.py:48] [25100] global_step=25100, grad_norm=0.44983431696891785, loss=0.02855619229376316
I0514 05:21:45.585334 139486240429824 logging_writer.py:48] [25200] global_step=25200, grad_norm=0.48482680320739746, loss=0.030577262863516808
I0514 05:21:46.575235 139650400322752 spec.py:333] Evaluating on the training split.
I0514 05:23:14.653113 139650400322752 spec.py:346] Evaluating on the validation split.
I0514 05:23:23.508903 139650400322752 spec.py:363] Evaluating on the test split.
I0514 05:23:32.279312 139650400322752 submission_runner.py:516] Time since start: 6456.61s, 	Step: 25206, 	{'train/accuracy': 0.9919878244400024, 'train/loss': 0.026118893176317215, 'train/mean_average_precision': 0.507867360179845, 'validation/accuracy': 0.9867832660675049, 'validation/loss': 0.044637445360422134, 'validation/mean_average_precision': 0.27682490872700233, 'validation/num_examples': 43793, 'test/accuracy': 0.9858869910240173, 'test/loss': 0.04744632914662361, 'test/mean_average_precision': 0.2647027423935183, 'test/num_examples': 43793, 'score': 4994.1915419101715, 'total_duration': 6456.6129105091095, 'accumulated_submission_time': 4994.1915419101715, 'accumulated_eval_time': 1461.7066621780396, 'accumulated_logging_time': 0.550161600112915}
I0514 05:23:32.320955 139486232037120 logging_writer.py:48] [25206] accumulated_eval_time=1461.71, accumulated_logging_time=0.550162, accumulated_submission_time=4994.19, global_step=25206, preemption_count=0, score=4994.19, test/accuracy=0.985887, test/loss=0.0474463, test/mean_average_precision=0.264703, test/num_examples=43793, total_duration=6456.61, train/accuracy=0.991988, train/loss=0.0261189, train/mean_average_precision=0.507867, validation/accuracy=0.986783, validation/loss=0.0446374, validation/mean_average_precision=0.276825, validation/num_examples=43793
I0514 05:23:51.256470 139486240429824 logging_writer.py:48] [25300] global_step=25300, grad_norm=0.5828473567962646, loss=0.03156696632504463
I0514 05:24:10.884299 139486232037120 logging_writer.py:48] [25400] global_step=25400, grad_norm=0.49368202686309814, loss=0.028470810502767563
I0514 05:24:30.482551 139486240429824 logging_writer.py:48] [25500] global_step=25500, grad_norm=0.39276883006095886, loss=0.029933709651231766
I0514 05:24:50.250934 139486232037120 logging_writer.py:48] [25600] global_step=25600, grad_norm=0.4599169194698334, loss=0.030979890376329422
I0514 05:25:09.883554 139486240429824 logging_writer.py:48] [25700] global_step=25700, grad_norm=0.11679910868406296, loss=0.05574800446629524
I0514 05:25:29.636009 139486232037120 logging_writer.py:48] [25800] global_step=25800, grad_norm=0.34503844380378723, loss=0.02626526542007923
I0514 05:25:49.274414 139486240429824 logging_writer.py:48] [25900] global_step=25900, grad_norm=0.2933681905269623, loss=0.02400106191635132
I0514 05:26:08.853142 139486232037120 logging_writer.py:48] [26000] global_step=26000, grad_norm=0.33498167991638184, loss=0.026371333748102188
I0514 05:26:28.424600 139486240429824 logging_writer.py:48] [26100] global_step=26100, grad_norm=0.2857408821582794, loss=0.02649318054318428
I0514 05:26:48.153842 139486232037120 logging_writer.py:48] [26200] global_step=26200, grad_norm=0.2952927350997925, loss=0.026742082089185715
I0514 05:27:07.746740 139486240429824 logging_writer.py:48] [26300] global_step=26300, grad_norm=0.32855916023254395, loss=0.02797067165374756
I0514 05:27:27.357177 139486232037120 logging_writer.py:48] [26400] global_step=26400, grad_norm=0.37593817710876465, loss=0.02865244261920452
I0514 05:27:46.515475 139486240429824 logging_writer.py:48] [26500] global_step=26500, grad_norm=0.35142096877098083, loss=0.028481224551796913
I0514 05:28:06.084030 139486232037120 logging_writer.py:48] [26600] global_step=26600, grad_norm=0.38589876890182495, loss=0.025778064504265785
I0514 05:28:25.560291 139486240429824 logging_writer.py:48] [26700] global_step=26700, grad_norm=0.4375210106372833, loss=0.030514786019921303
I0514 05:28:45.053638 139486232037120 logging_writer.py:48] [26800] global_step=26800, grad_norm=0.3095979392528534, loss=0.030107764527201653
I0514 05:29:04.191573 139486240429824 logging_writer.py:48] [26900] global_step=26900, grad_norm=0.4216703474521637, loss=0.030937517061829567
I0514 05:29:23.648306 139486232037120 logging_writer.py:48] [27000] global_step=27000, grad_norm=0.30324476957321167, loss=0.029075514525175095
I0514 05:29:43.026899 139486240429824 logging_writer.py:48] [27100] global_step=27100, grad_norm=0.2469339221715927, loss=0.026435190811753273
I0514 05:30:02.603717 139486232037120 logging_writer.py:48] [27200] global_step=27200, grad_norm=0.2635168135166168, loss=0.025248179212212563
I0514 05:30:22.193300 139486240429824 logging_writer.py:48] [27300] global_step=27300, grad_norm=0.3198062479496002, loss=0.026216531172394753
I0514 05:30:41.695045 139486232037120 logging_writer.py:48] [27400] global_step=27400, grad_norm=0.26984912157058716, loss=0.028599951416254044
I0514 05:31:01.147117 139486240429824 logging_writer.py:48] [27500] global_step=27500, grad_norm=0.26209205389022827, loss=0.02566182054579258
I0514 05:31:04.420330 139650400322752 spec.py:333] Evaluating on the training split.
I0514 05:32:31.480704 139650400322752 spec.py:346] Evaluating on the validation split.
I0514 05:32:40.302594 139650400322752 spec.py:363] Evaluating on the test split.
I0514 05:32:49.059013 139650400322752 submission_runner.py:516] Time since start: 7013.39s, 	Step: 27518, 	{'train/accuracy': 0.9921846389770508, 'train/loss': 0.025499170646071434, 'train/mean_average_precision': 0.5083536866646581, 'validation/accuracy': 0.9868857860565186, 'validation/loss': 0.04403316602110863, 'validation/mean_average_precision': 0.2842350234539836, 'validation/num_examples': 43793, 'test/accuracy': 0.9860748052597046, 'test/loss': 0.04679296538233757, 'test/mean_average_precision': 0.2745928615171793, 'test/num_examples': 43793, 'score': 5446.266435623169, 'total_duration': 7013.39261007309, 'accumulated_submission_time': 5446.266435623169, 'accumulated_eval_time': 1566.345249414444, 'accumulated_logging_time': 0.6014513969421387}
I0514 05:32:49.101403 139486232037120 logging_writer.py:48] [27518] accumulated_eval_time=1566.35, accumulated_logging_time=0.601451, accumulated_submission_time=5446.27, global_step=27518, preemption_count=0, score=5446.27, test/accuracy=0.986075, test/loss=0.046793, test/mean_average_precision=0.274593, test/num_examples=43793, total_duration=7013.39, train/accuracy=0.992185, train/loss=0.0254992, train/mean_average_precision=0.508354, validation/accuracy=0.986886, validation/loss=0.0440332, validation/mean_average_precision=0.284235, validation/num_examples=43793
I0514 05:32:49.130002 139486240429824 logging_writer.py:48] [27518] global_step=27518, preemption_count=0, score=5446.27
I0514 05:32:49.244264 139650400322752 submission_runner.py:857] Final ogbg score: 5446.266435623169
