torchrun --redirects 1:0,2:0,3:0 --standalone --nnodes=1 --nproc_per_node=4 submission_runner.py --framework=pytorch --workload=criteo1tb --submission_path=submissions_algorithms/submissions/self_tuning/muon_torch/submission.py --data_dir=/data/criteo1tb --experiment_dir=/experiment_runs --experiment_name=submissions_a100/muon_torch/study_0 --overwrite=True --save_checkpoints=False --rng_seed=-1956176540 --torch_compile=true --tuning_ruleset=self 2>&1 | tee -a /logs/criteo1tb_pytorch_05-23-2026-22-15-25.log
W0523 22:15:27.292000 9 site-packages/torch/distributed/run.py:803] 
W0523 22:15:27.292000 9 site-packages/torch/distributed/run.py:803] *****************************************
W0523 22:15:27.292000 9 site-packages/torch/distributed/run.py:803] Setting OMP_NUM_THREADS environment variable for each process to be 1 in default, to avoid your system being overloaded, please further tune the variable for optimal performance in your application as needed. 
W0523 22:15:27.292000 9 site-packages/torch/distributed/run.py:803] *****************************************
2026-05-23 22:15:28.967078: E external/local_xla/xla/stream_executor/cuda/cuda_fft.cc:467] Unable to register cuFFT factory: Attempting to register factory for plugin cuFFT when one has already been registered
2026-05-23 22:15:28.967078: E external/local_xla/xla/stream_executor/cuda/cuda_fft.cc:467] Unable to register cuFFT factory: Attempting to register factory for plugin cuFFT when one has already been registered
2026-05-23 22:15:28.967078: E external/local_xla/xla/stream_executor/cuda/cuda_fft.cc:467] Unable to register cuFFT factory: Attempting to register factory for plugin cuFFT when one has already been registered
2026-05-23 22:15:28.967078: E external/local_xla/xla/stream_executor/cuda/cuda_fft.cc:467] Unable to register cuFFT factory: Attempting to register factory for plugin cuFFT when one has already been registered
WARNING: All log messages before absl::InitializeLog() is called are written to STDERR
WARNING: All log messages before absl::InitializeLog() is called are written to STDERR
WARNING: All log messages before absl::InitializeLog() is called are written to STDERR
WARNING: All log messages before absl::InitializeLog() is called are written to STDERR
E0000 00:00:1779574528.989800      40 cuda_dnn.cc:8579] Unable to register cuDNN factory: Attempting to register factory for plugin cuDNN when one has already been registered
E0000 00:00:1779574528.989800      41 cuda_dnn.cc:8579] Unable to register cuDNN factory: Attempting to register factory for plugin cuDNN when one has already been registered
E0000 00:00:1779574528.989800      39 cuda_dnn.cc:8579] Unable to register cuDNN factory: Attempting to register factory for plugin cuDNN when one has already been registered
E0000 00:00:1779574528.989799      38 cuda_dnn.cc:8579] Unable to register cuDNN factory: Attempting to register factory for plugin cuDNN when one has already been registered
E0000 00:00:1779574528.997195      40 cuda_blas.cc:1407] Unable to register cuBLAS factory: Attempting to register factory for plugin cuBLAS when one has already been registered
E0000 00:00:1779574528.997197      41 cuda_blas.cc:1407] Unable to register cuBLAS factory: Attempting to register factory for plugin cuBLAS when one has already been registered
E0000 00:00:1779574528.997198      39 cuda_blas.cc:1407] Unable to register cuBLAS factory: Attempting to register factory for plugin cuBLAS when one has already been registered
E0000 00:00:1779574528.997198      38 cuda_blas.cc:1407] Unable to register cuBLAS factory: Attempting to register factory for plugin cuBLAS when one has already been registered
W0000 00:00:1779574529.018569      41 computation_placer.cc:177] computation placer already registered. Please check linkage and avoid linking the same target more than once.
W0000 00:00:1779574529.018572      40 computation_placer.cc:177] computation placer already registered. Please check linkage and avoid linking the same target more than once.
W0000 00:00:1779574529.018571      39 computation_placer.cc:177] computation placer already registered. Please check linkage and avoid linking the same target more than once.
W0000 00:00:1779574529.018572      38 computation_placer.cc:177] computation placer already registered. Please check linkage and avoid linking the same target more than once.
W0000 00:00:1779574529.018597      40 computation_placer.cc:177] computation placer already registered. Please check linkage and avoid linking the same target more than once.
W0000 00:00:1779574529.018599      40 computation_placer.cc:177] computation placer already registered. Please check linkage and avoid linking the same target more than once.
W0000 00:00:1779574529.018599      39 computation_placer.cc:177] computation placer already registered. Please check linkage and avoid linking the same target more than once.
W0000 00:00:1779574529.018600      38 computation_placer.cc:177] computation placer already registered. Please check linkage and avoid linking the same target more than once.
W0000 00:00:1779574529.018601      40 computation_placer.cc:177] computation placer already registered. Please check linkage and avoid linking the same target more than once.
W0000 00:00:1779574529.018601      41 computation_placer.cc:177] computation placer already registered. Please check linkage and avoid linking the same target more than once.
W0000 00:00:1779574529.018601      39 computation_placer.cc:177] computation placer already registered. Please check linkage and avoid linking the same target more than once.
W0000 00:00:1779574529.018602      38 computation_placer.cc:177] computation placer already registered. Please check linkage and avoid linking the same target more than once.
W0000 00:00:1779574529.018603      41 computation_placer.cc:177] computation placer already registered. Please check linkage and avoid linking the same target more than once.
W0000 00:00:1779574529.018604      39 computation_placer.cc:177] computation placer already registered. Please check linkage and avoid linking the same target more than once.
W0000 00:00:1779574529.018605      38 computation_placer.cc:177] computation placer already registered. Please check linkage and avoid linking the same target more than once.
W0000 00:00:1779574529.018605      41 computation_placer.cc:177] computation placer already registered. Please check linkage and avoid linking the same target more than once.
W0000 00:00:1779574535.033780      38 gpu_device.cc:2341] Cannot dlopen some GPU libraries. Please make sure the missing libraries mentioned above are installed properly if you would like to use GPU. Follow the guide at https://www.tensorflow.org/install/gpu for how to download and setup the required libraries for your platform.
Skipping registering GPU devices...
W0000 00:00:1779574535.109735      40 gpu_device.cc:2341] Cannot dlopen some GPU libraries. Please make sure the missing libraries mentioned above are installed properly if you would like to use GPU. Follow the guide at https://www.tensorflow.org/install/gpu for how to download and setup the required libraries for your platform.
Skipping registering GPU devices...
W0000 00:00:1779574535.159253      41 gpu_device.cc:2341] Cannot dlopen some GPU libraries. Please make sure the missing libraries mentioned above are installed properly if you would like to use GPU. Follow the guide at https://www.tensorflow.org/install/gpu for how to download and setup the required libraries for your platform.
Skipping registering GPU devices...
W0000 00:00:1779574535.296400      39 gpu_device.cc:2341] Cannot dlopen some GPU libraries. Please make sure the missing libraries mentioned above are installed properly if you would like to use GPU. Follow the guide at https://www.tensorflow.org/install/gpu for how to download and setup the required libraries for your platform.
Skipping registering GPU devices...
/usr/local/lib/python3.11/site-packages/torch/__init__.py:1617: UserWarning: Please use the new API settings to control TF32 behavior, such as torch.backends.cudnn.conv.fp32_precision = 'tf32' or torch.backends.cuda.matmul.fp32_precision = 'ieee'. Old settings, e.g, torch.backends.cuda.matmul.allow_tf32 = True, torch.backends.cudnn.allow_tf32 = True, allowTF32CuDNN() and allowTF32CuBLAS() will be deprecated after Pytorch 2.9. Please see https://pytorch.org/docs/main/notes/cuda.html#tensorfloat-32-tf32-on-ampere-and-later-devices (Triggered internally at /pytorch/aten/src/ATen/Context.cpp:80.)
  _C._set_float32_matmul_precision(precision)
/usr/local/lib/python3.11/site-packages/torch/__init__.py:1617: UserWarning: Please use the new API settings to control TF32 behavior, such as torch.backends.cudnn.conv.fp32_precision = 'tf32' or torch.backends.cuda.matmul.fp32_precision = 'ieee'. Old settings, e.g, torch.backends.cuda.matmul.allow_tf32 = True, torch.backends.cudnn.allow_tf32 = True, allowTF32CuDNN() and allowTF32CuBLAS() will be deprecated after Pytorch 2.9. Please see https://pytorch.org/docs/main/notes/cuda.html#tensorfloat-32-tf32-on-ampere-and-later-devices (Triggered internally at /pytorch/aten/src/ATen/Context.cpp:80.)
  _C._set_float32_matmul_precision(precision)
/usr/local/lib/python3.11/site-packages/torch/__init__.py:1617: UserWarning: Please use the new API settings to control TF32 behavior, such as torch.backends.cudnn.conv.fp32_precision = 'tf32' or torch.backends.cuda.matmul.fp32_precision = 'ieee'. Old settings, e.g, torch.backends.cuda.matmul.allow_tf32 = True, torch.backends.cudnn.allow_tf32 = True, allowTF32CuDNN() and allowTF32CuBLAS() will be deprecated after Pytorch 2.9. Please see https://pytorch.org/docs/main/notes/cuda.html#tensorfloat-32-tf32-on-ampere-and-later-devices (Triggered internally at /pytorch/aten/src/ATen/Context.cpp:80.)
  _C._set_float32_matmul_precision(precision)
/usr/local/lib/python3.11/site-packages/torch/__init__.py:1617: UserWarning: Please use the new API settings to control TF32 behavior, such as torch.backends.cudnn.conv.fp32_precision = 'tf32' or torch.backends.cuda.matmul.fp32_precision = 'ieee'. Old settings, e.g, torch.backends.cuda.matmul.allow_tf32 = True, torch.backends.cudnn.allow_tf32 = True, allowTF32CuDNN() and allowTF32CuBLAS() will be deprecated after Pytorch 2.9. Please see https://pytorch.org/docs/main/notes/cuda.html#tensorfloat-32-tf32-on-ampere-and-later-devices (Triggered internally at /pytorch/aten/src/ATen/Context.cpp:80.)
  _C._set_float32_matmul_precision(precision)
/usr/local/lib/python3.11/site-packages/pydantic/_internal/_generate_schema.py:2249: UnsupportedFieldAttributeWarning: The 'repr' attribute with value False was provided to the `Field()` function, which has no effect in the context it was used. 'repr' is field-specific metadata, and can only be attached to a model field using `Annotated` metadata or by assignment. This may have happened because an `Annotated` type alias using the `type` statement was used, or if the `Field()` function was attached to a single member of a union type.
  warnings.warn(
/usr/local/lib/python3.11/site-packages/pydantic/_internal/_generate_schema.py:2249: UnsupportedFieldAttributeWarning: The 'frozen' attribute with value True was provided to the `Field()` function, which has no effect in the context it was used. 'frozen' is field-specific metadata, and can only be attached to a model field using `Annotated` metadata or by assignment. This may have happened because an `Annotated` type alias using the `type` statement was used, or if the `Field()` function was attached to a single member of a union type.
  warnings.warn(
/usr/local/lib/python3.11/site-packages/pydantic/_internal/_generate_schema.py:2249: UnsupportedFieldAttributeWarning: The 'repr' attribute with value False was provided to the `Field()` function, which has no effect in the context it was used. 'repr' is field-specific metadata, and can only be attached to a model field using `Annotated` metadata or by assignment. This may have happened because an `Annotated` type alias using the `type` statement was used, or if the `Field()` function was attached to a single member of a union type.
  warnings.warn(
/usr/local/lib/python3.11/site-packages/pydantic/_internal/_generate_schema.py:2249: UnsupportedFieldAttributeWarning: The 'frozen' attribute with value True was provided to the `Field()` function, which has no effect in the context it was used. 'frozen' is field-specific metadata, and can only be attached to a model field using `Annotated` metadata or by assignment. This may have happened because an `Annotated` type alias using the `type` statement was used, or if the `Field()` function was attached to a single member of a union type.
  warnings.warn(
/usr/local/lib/python3.11/site-packages/pydantic/_internal/_generate_schema.py:2249: UnsupportedFieldAttributeWarning: The 'repr' attribute with value False was provided to the `Field()` function, which has no effect in the context it was used. 'repr' is field-specific metadata, and can only be attached to a model field using `Annotated` metadata or by assignment. This may have happened because an `Annotated` type alias using the `type` statement was used, or if the `Field()` function was attached to a single member of a union type.
  warnings.warn(
/usr/local/lib/python3.11/site-packages/pydantic/_internal/_generate_schema.py:2249: UnsupportedFieldAttributeWarning: The 'frozen' attribute with value True was provided to the `Field()` function, which has no effect in the context it was used. 'frozen' is field-specific metadata, and can only be attached to a model field using `Annotated` metadata or by assignment. This may have happened because an `Annotated` type alias using the `type` statement was used, or if the `Field()` function was attached to a single member of a union type.
  warnings.warn(
/usr/local/lib/python3.11/site-packages/pydantic/_internal/_generate_schema.py:2249: UnsupportedFieldAttributeWarning: The 'repr' attribute with value False was provided to the `Field()` function, which has no effect in the context it was used. 'repr' is field-specific metadata, and can only be attached to a model field using `Annotated` metadata or by assignment. This may have happened because an `Annotated` type alias using the `type` statement was used, or if the `Field()` function was attached to a single member of a union type.
  warnings.warn(
/usr/local/lib/python3.11/site-packages/pydantic/_internal/_generate_schema.py:2249: UnsupportedFieldAttributeWarning: The 'frozen' attribute with value True was provided to the `Field()` function, which has no effect in the context it was used. 'frozen' is field-specific metadata, and can only be attached to a model field using `Annotated` metadata or by assignment. This may have happened because an `Annotated` type alias using the `type` statement was used, or if the `Field()` function was attached to a single member of a union type.
  warnings.warn(
I0523 22:15:37.043855 139623651546304 logger_utils.py:59] Removing existing experiment directory /experiment_runs/submissions_a100/muon_torch/study_0/criteo1tb_pytorch because --overwrite was set.
I0523 22:15:37.043866 140148798907584 logger_utils.py:59] Removing existing experiment directory /experiment_runs/submissions_a100/muon_torch/study_0/criteo1tb_pytorch because --overwrite was set.
I0523 22:15:37.048717 140615962592448 logger_utils.py:59] Removing existing experiment directory /experiment_runs/submissions_a100/muon_torch/study_0/criteo1tb_pytorch because --overwrite was set.
I0523 22:15:37.053246 139957577065664 logger_utils.py:59] Removing existing experiment directory /experiment_runs/submissions_a100/muon_torch/study_0/criteo1tb_pytorch because --overwrite was set.
/usr/local/lib/python3.11/site-packages/torch/distributed/distributed_c10d.py:4876: UserWarning: barrier(): using the device under current context. You can specify `device_id` in `init_process_group` to mute this warning.
  warnings.warn(  # warn only once
[rank0]:[W523 22:15:37.429844427 ProcessGroupNCCL.cpp:5068] Guessing device ID based on global rank. This can cause a hang if rank to GPU mapping is heterogeneous. You can specify device_id in init_process_group()
I0523 22:15:37.790591 139957577065664 logger_utils.py:84] Creating experiment directory at /experiment_runs/submissions_a100/muon_torch/study_0/criteo1tb_pytorch.
I0523 22:15:37.790591 140148798907584 logger_utils.py:84] Creating experiment directory at /experiment_runs/submissions_a100/muon_torch/study_0/criteo1tb_pytorch.
I0523 22:15:37.790591 140615962592448 logger_utils.py:84] Creating experiment directory at /experiment_runs/submissions_a100/muon_torch/study_0/criteo1tb_pytorch.
I0523 22:15:37.790628 139623651546304 logger_utils.py:84] Creating experiment directory at /experiment_runs/submissions_a100/muon_torch/study_0/criteo1tb_pytorch.
I0523 22:15:40.484034 140615962592448 submission_runner.py:741] Creating directory at /experiment_runs/submissions_a100/muon_torch/study_0/criteo1tb_pytorch/trial_1.
I0523 22:15:40.858430 140615962592448 submission_runner.py:242] Initializing dataset.
I0523 22:15:40.858636 140615962592448 submission_runner.py:251] Initializing model.
W0523 22:15:45.539295 140615962592448 submission_runner.py:273] These workloads cannot be fully compiled under current PyTorch version. Proceeding without `torch.compile`.
W0523 22:15:45.539313 139957577065664 submission_runner.py:273] These workloads cannot be fully compiled under current PyTorch version. Proceeding without `torch.compile`.
W0523 22:15:45.539311 140148798907584 submission_runner.py:273] These workloads cannot be fully compiled under current PyTorch version. Proceeding without `torch.compile`.
I0523 22:15:45.539474 140615962592448 submission_runner.py:294] Initializing optimizer.
W0523 22:15:45.539383 139623651546304 submission_runner.py:273] These workloads cannot be fully compiled under current PyTorch version. Proceeding without `torch.compile`.
I0523 22:15:45.539610 139957577065664 muon.py:324] Muon params:
	module.bot_mlp.0.weight (ndim=2)
	module.bot_mlp.2.weight (ndim=2)
	module.bot_mlp.4.weight (ndim=2)
	module.top_mlp.0.weight (ndim=2)
	module.top_mlp.2.weight (ndim=2)
	module.top_mlp.4.weight (ndim=2)
	module.top_mlp.6.weight (ndim=2)
	module.top_mlp.9.weight (ndim=2)
I0523 22:15:45.539608 140148798907584 muon.py:324] Muon params:
	module.bot_mlp.0.weight (ndim=2)
	module.bot_mlp.2.weight (ndim=2)
	module.bot_mlp.4.weight (ndim=2)
	module.top_mlp.0.weight (ndim=2)
	module.top_mlp.2.weight (ndim=2)
	module.top_mlp.4.weight (ndim=2)
	module.top_mlp.6.weight (ndim=2)
	module.top_mlp.9.weight (ndim=2)
I0523 22:15:45.539648 140615962592448 muon.py:324] Muon params:
	module.bot_mlp.0.weight (ndim=2)
	module.bot_mlp.2.weight (ndim=2)
	module.bot_mlp.4.weight (ndim=2)
	module.top_mlp.0.weight (ndim=2)
	module.top_mlp.2.weight (ndim=2)
	module.top_mlp.4.weight (ndim=2)
	module.top_mlp.6.weight (ndim=2)
	module.top_mlp.9.weight (ndim=2)
I0523 22:15:45.539675 139623651546304 muon.py:324] Muon params:
	module.bot_mlp.0.weight (ndim=2)
	module.bot_mlp.2.weight (ndim=2)
	module.bot_mlp.4.weight (ndim=2)
	module.top_mlp.0.weight (ndim=2)
	module.top_mlp.2.weight (ndim=2)
	module.top_mlp.4.weight (ndim=2)
	module.top_mlp.6.weight (ndim=2)
	module.top_mlp.9.weight (ndim=2)
I0523 22:15:45.539687 140148798907584 muon.py:325] Adam params:
	module.embedding_chunk_0 (ndim=2)
	module.embedding_chunk_1 (ndim=2)
	module.embedding_chunk_2 (ndim=2)
	module.embedding_chunk_3 (ndim=2)
	module.bot_mlp.0.bias (ndim=1)
	module.bot_mlp.2.bias (ndim=1)
	module.bot_mlp.4.bias (ndim=1)
	module.top_mlp.0.bias (ndim=1)
	module.top_mlp.2.bias (ndim=1)
	module.top_mlp.4.bias (ndim=1)
	module.top_mlp.6.bias (ndim=1)
	module.top_mlp.9.bias (ndim=1)
I0523 22:15:45.539697 139957577065664 muon.py:325] Adam params:
	module.embedding_chunk_0 (ndim=2)
	module.embedding_chunk_1 (ndim=2)
	module.embedding_chunk_2 (ndim=2)
	module.embedding_chunk_3 (ndim=2)
	module.bot_mlp.0.bias (ndim=1)
	module.bot_mlp.2.bias (ndim=1)
	module.bot_mlp.4.bias (ndim=1)
	module.top_mlp.0.bias (ndim=1)
	module.top_mlp.2.bias (ndim=1)
	module.top_mlp.4.bias (ndim=1)
	module.top_mlp.6.bias (ndim=1)
	module.top_mlp.9.bias (ndim=1)
I0523 22:15:45.539727 140615962592448 muon.py:325] Adam params:
	module.embedding_chunk_0 (ndim=2)
	module.embedding_chunk_1 (ndim=2)
	module.embedding_chunk_2 (ndim=2)
	module.embedding_chunk_3 (ndim=2)
	module.bot_mlp.0.bias (ndim=1)
	module.bot_mlp.2.bias (ndim=1)
	module.bot_mlp.4.bias (ndim=1)
	module.top_mlp.0.bias (ndim=1)
	module.top_mlp.2.bias (ndim=1)
	module.top_mlp.4.bias (ndim=1)
	module.top_mlp.6.bias (ndim=1)
	module.top_mlp.9.bias (ndim=1)
I0523 22:15:45.539770 139623651546304 muon.py:325] Adam params:
	module.embedding_chunk_0 (ndim=2)
	module.embedding_chunk_1 (ndim=2)
	module.embedding_chunk_2 (ndim=2)
	module.embedding_chunk_3 (ndim=2)
	module.bot_mlp.0.bias (ndim=1)
	module.bot_mlp.2.bias (ndim=1)
	module.bot_mlp.4.bias (ndim=1)
	module.top_mlp.0.bias (ndim=1)
	module.top_mlp.2.bias (ndim=1)
	module.top_mlp.4.bias (ndim=1)
	module.top_mlp.6.bias (ndim=1)
	module.top_mlp.9.bias (ndim=1)
I0523 22:15:45.540443 140615962592448 submission_runner.py:299] Initializing metrics bundle.
I0523 22:15:45.540621 140615962592448 submission_runner.py:321] Initializing checkpoint and logger.
I0523 22:15:45.543709 140615962592448 submission_runner.py:344] Saving meta data to /experiment_runs/submissions_a100/muon_torch/study_0/criteo1tb_pytorch/trial_1/meta_data_0.json.
I0523 22:15:45.543817 139957577065664 logger_utils.py:283] Unable to record workload.train_mean information. Continuing without it.
I0523 22:15:45.543806 139623651546304 logger_utils.py:283] Unable to record workload.train_mean information. Continuing without it.
I0523 22:15:45.543808 140148798907584 logger_utils.py:283] Unable to record workload.train_mean information. Continuing without it.
I0523 22:15:45.543921 139623651546304 logger_utils.py:283] Unable to record workload.train_stddev information. Continuing without it.
I0523 22:15:45.543924 139957577065664 logger_utils.py:283] Unable to record workload.train_stddev information. Continuing without it.
I0523 22:15:45.543921 140615962592448 logger_utils.py:283] Unable to record workload.train_mean information. Continuing without it.
I0523 22:15:45.543927 140148798907584 logger_utils.py:283] Unable to record workload.train_stddev information. Continuing without it.
I0523 22:15:45.543974 140615962592448 logger_utils.py:283] Unable to record workload.train_stddev information. Continuing without it.
I0523 22:15:45.790884 140615962592448 submission_runner.py:348] Saving flags to /experiment_runs/submissions_a100/muon_torch/study_0/criteo1tb_pytorch/trial_1/flags_0.json.
I0523 22:15:45.835479 140615962592448 submission_runner.py:359] Starting training loop.
I0523 22:16:10.472276 140615962592448 spec.py:333] Evaluating on the training split.
I0523 22:20:39.347935 140615962592448 spec.py:346] Evaluating on the validation split.
I0523 22:25:12.822895 140615962592448 spec.py:363] Evaluating on the test split.
I0523 22:30:09.222490 140615962592448 submission_runner.py:516] Time since start: 863.39s, 	Step: 1, 	{'train/loss': 0.5242399313999587, 'validation/loss': 0.5230832926071124, 'validation/num_examples': 83274637, 'test/loss': 0.5241909606895045, 'test/num_examples': 95000000, 'score': 24.225198984146118, 'total_duration': 863.3871510028839, 'accumulated_submission_time': 24.225198984146118, 'accumulated_eval_time': 838.7503161430359, 'accumulated_logging_time': 0}
I0523 22:30:09.254630 140575848244992 logging_writer.py:48] [1] accumulated_eval_time=838.75, accumulated_logging_time=0, accumulated_submission_time=24.2252, global_step=1, preemption_count=0, score=24.2252, test/loss=0.524191, test/num_examples=95000000, total_duration=863.387, train/loss=0.52424, validation/loss=0.523083, validation/num_examples=83274637
I0523 22:36:05.842929 140615962592448 spec.py:333] Evaluating on the training split.
I0523 22:40:33.537493 140615962592448 spec.py:346] Evaluating on the validation split.
I0523 22:44:36.235545 140615962592448 spec.py:363] Evaluating on the test split.
I0523 22:48:59.986720 140615962592448 submission_runner.py:516] Time since start: 1994.15s, 	Step: 380, 	{'train/loss': 0.12573506349846852, 'validation/loss': 0.128161415745303, 'validation/num_examples': 83274637, 'test/loss': 0.13079854548869885, 'test/num_examples': 95000000, 'score': 379.8066084384918, 'total_duration': 1994.151394367218, 'accumulated_submission_time': 379.8066084384918, 'accumulated_eval_time': 1612.8941810131073, 'accumulated_logging_time': 0.06777596473693848}
I0523 22:49:00.029499 140575839852288 logging_writer.py:48] [380] accumulated_eval_time=1612.89, accumulated_logging_time=0.067776, accumulated_submission_time=379.807, global_step=380, preemption_count=0, score=379.807, test/loss=0.130799, test/num_examples=95000000, total_duration=1994.15, train/loss=0.125735, validation/loss=0.128161, validation/num_examples=83274637
I0523 22:54:56.698369 140615962592448 spec.py:333] Evaluating on the training split.
I0523 22:59:29.358780 140615962592448 spec.py:346] Evaluating on the validation split.
I0523 23:03:33.387248 140615962592448 spec.py:363] Evaluating on the test split.
I0523 23:07:57.360170 140615962592448 submission_runner.py:516] Time since start: 3131.52s, 	Step: 753, 	{'train/loss': 0.1263795909633962, 'validation/loss': 0.1261265831394341, 'validation/num_examples': 83274637, 'test/loss': 0.1284054214988307, 'test/num_examples': 95000000, 'score': 735.5076222419739, 'total_duration': 3131.524877548218, 'accumulated_submission_time': 735.5076222419739, 'accumulated_eval_time': 2393.556080341339, 'accumulated_logging_time': 0.1182715892791748}
I0523 23:07:57.402895 140575848244992 logging_writer.py:48] [753] accumulated_eval_time=2393.56, accumulated_logging_time=0.118272, accumulated_submission_time=735.508, global_step=753, preemption_count=0, score=735.508, test/loss=0.128405, test/num_examples=95000000, total_duration=3131.52, train/loss=0.12638, validation/loss=0.126127, validation/num_examples=83274637
I0523 23:13:54.895044 140615962592448 spec.py:333] Evaluating on the training split.
I0523 23:18:21.362624 140615962592448 spec.py:346] Evaluating on the validation split.
I0523 23:22:24.839857 140615962592448 spec.py:363] Evaluating on the test split.
I0523 23:26:49.139658 140615962592448 submission_runner.py:516] Time since start: 4263.30s, 	Step: 1125, 	{'train/loss': 0.12647225840624401, 'validation/loss': 0.125977599787932, 'validation/num_examples': 83274637, 'test/loss': 0.12825701913917942, 'test/num_examples': 95000000, 'score': 1092.0373075008392, 'total_duration': 4263.304360628128, 'accumulated_submission_time': 1092.0373075008392, 'accumulated_eval_time': 3167.800761461258, 'accumulated_logging_time': 0.168731689453125}
I0523 23:26:49.185537 140575839852288 logging_writer.py:48] [1125] accumulated_eval_time=3167.8, accumulated_logging_time=0.168732, accumulated_submission_time=1092.04, global_step=1125, preemption_count=0, score=1092.04, test/loss=0.128257, test/num_examples=95000000, total_duration=4263.3, train/loss=0.126472, validation/loss=0.125978, validation/num_examples=83274637
I0523 23:32:45.608695 140615962592448 spec.py:333] Evaluating on the training split.
I0523 23:37:16.570802 140615962592448 spec.py:346] Evaluating on the validation split.
I0523 23:41:02.671821 140615962592448 spec.py:363] Evaluating on the test split.
I0523 23:45:22.864147 140615962592448 submission_runner.py:516] Time since start: 5377.03s, 	Step: 1499, 	{'train/loss': 0.12398514086089277, 'validation/loss': 0.12563184465600127, 'validation/num_examples': 83274637, 'test/loss': 0.12806201269210013, 'test/num_examples': 95000000, 'score': 1447.4965875148773, 'total_duration': 5377.028823852539, 'accumulated_submission_time': 1447.4965875148773, 'accumulated_eval_time': 3925.0562925338745, 'accumulated_logging_time': 0.22214698791503906}
I0523 23:45:22.922346 140575848244992 logging_writer.py:48] [1499] accumulated_eval_time=3925.06, accumulated_logging_time=0.222147, accumulated_submission_time=1447.5, global_step=1499, preemption_count=0, score=1447.5, test/loss=0.128062, test/num_examples=95000000, total_duration=5377.03, train/loss=0.123985, validation/loss=0.125632, validation/num_examples=83274637
I0523 23:51:20.047771 140615962592448 spec.py:333] Evaluating on the training split.
I0523 23:55:26.824893 140615962592448 spec.py:346] Evaluating on the validation split.
I0523 23:59:11.660980 140615962592448 spec.py:363] Evaluating on the test split.
I0524 00:03:17.262254 140615962592448 submission_runner.py:516] Time since start: 6451.43s, 	Step: 1876, 	{'train/loss': 0.12360633125654384, 'validation/loss': 0.12550633426121796, 'validation/num_examples': 83274637, 'test/loss': 0.12803462235541094, 'test/num_examples': 95000000, 'score': 1803.6433429718018, 'total_duration': 6451.426915645599, 'accumulated_submission_time': 1803.6433429718018, 'accumulated_eval_time': 4642.270824432373, 'accumulated_logging_time': 0.2880570888519287}
I0524 00:03:17.300471 140575839852288 logging_writer.py:48] [1876] accumulated_eval_time=4642.27, accumulated_logging_time=0.288057, accumulated_submission_time=1803.64, global_step=1876, preemption_count=0, score=1803.64, test/loss=0.128035, test/num_examples=95000000, total_duration=6451.43, train/loss=0.123606, validation/loss=0.125506, validation/num_examples=83274637
I0524 00:09:14.299937 140615962592448 spec.py:333] Evaluating on the training split.
I0524 00:13:18.358065 140615962592448 spec.py:346] Evaluating on the validation split.
I0524 00:17:03.791324 140615962592448 spec.py:363] Evaluating on the test split.
I0524 00:21:07.454825 140615962592448 submission_runner.py:516] Time since start: 7521.62s, 	Step: 2257, 	{'train/loss': 0.12341283506323726, 'validation/loss': 0.12533467205022705, 'validation/num_examples': 83274637, 'test/loss': 0.12779166824726307, 'test/num_examples': 95000000, 'score': 2159.6717298030853, 'total_duration': 7521.619512557983, 'accumulated_submission_time': 2159.6717298030853, 'accumulated_eval_time': 5355.425797700882, 'accumulated_logging_time': 0.3339221477508545}
I0524 00:21:07.495892 140575848244992 logging_writer.py:48] [2257] accumulated_eval_time=5355.43, accumulated_logging_time=0.333922, accumulated_submission_time=2159.67, global_step=2257, preemption_count=0, score=2159.67, test/loss=0.127792, test/num_examples=95000000, total_duration=7521.62, train/loss=0.123413, validation/loss=0.125335, validation/num_examples=83274637
I0524 00:27:04.440602 140615962592448 spec.py:333] Evaluating on the training split.
I0524 00:31:06.700736 140615962592448 spec.py:346] Evaluating on the validation split.
I0524 00:34:49.848534 140615962592448 spec.py:363] Evaluating on the test split.
I0524 00:38:52.988611 140615962592448 submission_runner.py:516] Time since start: 8587.15s, 	Step: 2688, 	{'train/loss': 0.12176575807269319, 'validation/loss': 0.12517195605797843, 'validation/num_examples': 83274637, 'test/loss': 0.1275419781360827, 'test/num_examples': 95000000, 'score': 2515.6290888786316, 'total_duration': 8587.153302907944, 'accumulated_submission_time': 2515.6290888786316, 'accumulated_eval_time': 6063.9738965034485, 'accumulated_logging_time': 0.38241052627563477}
I0524 00:38:53.038840 140575839852288 logging_writer.py:48] [2688] accumulated_eval_time=6063.97, accumulated_logging_time=0.382411, accumulated_submission_time=2515.63, global_step=2688, preemption_count=0, score=2515.63, test/loss=0.127542, test/num_examples=95000000, total_duration=8587.15, train/loss=0.121766, validation/loss=0.125172, validation/num_examples=83274637
I0524 00:44:50.302371 140615962592448 spec.py:333] Evaluating on the training split.
I0524 00:48:34.660522 140615962592448 spec.py:346] Evaluating on the validation split.
I0524 00:52:15.627644 140615962592448 spec.py:363] Evaluating on the test split.
I0524 00:56:16.138535 140615962592448 submission_runner.py:516] Time since start: 9630.30s, 	Step: 3106, 	{'train/loss': 0.12046799173872876, 'validation/loss': 0.1250685451164067, 'validation/num_examples': 83274637, 'test/loss': 0.1275472889907034, 'test/num_examples': 95000000, 'score': 2871.915854692459, 'total_duration': 9630.303186178207, 'accumulated_submission_time': 2871.915854692459, 'accumulated_eval_time': 6749.810112476349, 'accumulated_logging_time': 0.4397151470184326}
I0524 00:56:16.178602 140575848244992 logging_writer.py:48] [3106] accumulated_eval_time=6749.81, accumulated_logging_time=0.439715, accumulated_submission_time=2871.92, global_step=3106, preemption_count=0, score=2871.92, test/loss=0.127547, test/num_examples=95000000, total_duration=9630.3, train/loss=0.120468, validation/loss=0.125069, validation/num_examples=83274637
I0524 01:02:13.161125 140615962592448 spec.py:333] Evaluating on the training split.
I0524 01:05:55.136514 140615962592448 spec.py:346] Evaluating on the validation split.
I0524 01:09:31.396238 140615962592448 spec.py:363] Evaluating on the test split.
I0524 01:13:26.632702 140615962592448 submission_runner.py:516] Time since start: 10660.80s, 	Step: 3532, 	{'train/loss': 0.12298726577977953, 'validation/loss': 0.1248441592028143, 'validation/num_examples': 83274637, 'test/loss': 0.1273338546661377, 'test/num_examples': 95000000, 'score': 3227.990164756775, 'total_duration': 10660.797402143478, 'accumulated_submission_time': 3227.990164756775, 'accumulated_eval_time': 7423.281747579575, 'accumulated_logging_time': 0.48687291145324707}
I0524 01:13:26.671831 140575839852288 logging_writer.py:48] [3532] accumulated_eval_time=7423.28, accumulated_logging_time=0.486873, accumulated_submission_time=3227.99, global_step=3532, preemption_count=0, score=3227.99, test/loss=0.127334, test/num_examples=95000000, total_duration=10660.8, train/loss=0.122987, validation/loss=0.124844, validation/num_examples=83274637
I0524 01:19:23.121813 140615962592448 spec.py:333] Evaluating on the training split.
I0524 01:22:41.780696 140615962592448 spec.py:346] Evaluating on the validation split.
I0524 01:26:08.087428 140615962592448 spec.py:363] Evaluating on the test split.
I0524 01:29:53.706534 140615962592448 submission_runner.py:516] Time since start: 11647.87s, 	Step: 3959, 	{'train/loss': 0.12156280089087657, 'validation/loss': 0.12449082011439327, 'validation/num_examples': 83274637, 'test/loss': 0.12681430583592465, 'test/num_examples': 95000000, 'score': 3583.541570186615, 'total_duration': 11647.871237277985, 'accumulated_submission_time': 3583.541570186615, 'accumulated_eval_time': 8053.86651968956, 'accumulated_logging_time': 0.5351812839508057}
I0524 01:29:53.749112 140575848244992 logging_writer.py:48] [3959] accumulated_eval_time=8053.87, accumulated_logging_time=0.535181, accumulated_submission_time=3583.54, global_step=3959, preemption_count=0, score=3583.54, test/loss=0.126814, test/num_examples=95000000, total_duration=11647.9, train/loss=0.121563, validation/loss=0.124491, validation/num_examples=83274637
I0524 01:35:50.390559 140615962592448 spec.py:333] Evaluating on the training split.
I0524 01:38:17.893768 140615962592448 spec.py:346] Evaluating on the validation split.
I0524 01:41:23.348193 140615962592448 spec.py:363] Evaluating on the test split.
I0524 01:44:48.551789 140615962592448 submission_runner.py:516] Time since start: 12542.72s, 	Step: 4371, 	{'train/loss': 0.12176484776231691, 'validation/loss': 0.12446487913494508, 'validation/num_examples': 83274637, 'test/loss': 0.12686288891810368, 'test/num_examples': 95000000, 'score': 3939.2710750102997, 'total_duration': 12542.716462135315, 'accumulated_submission_time': 3939.2710750102997, 'accumulated_eval_time': 8592.027816295624, 'accumulated_logging_time': 0.5850260257720947}
I0524 01:44:48.591466 140575839852288 logging_writer.py:48] [4371] accumulated_eval_time=8592.03, accumulated_logging_time=0.585026, accumulated_submission_time=3939.27, global_step=4371, preemption_count=0, score=3939.27, test/loss=0.126863, test/num_examples=95000000, total_duration=12542.7, train/loss=0.121765, validation/loss=0.124465, validation/num_examples=83274637
I0524 01:50:45.553187 140615962592448 spec.py:333] Evaluating on the training split.
I0524 01:52:22.054572 140615962592448 spec.py:346] Evaluating on the validation split.
I0524 01:54:41.415003 140615962592448 spec.py:363] Evaluating on the test split.
I0524 01:57:28.254686 140615962592448 submission_runner.py:516] Time since start: 13302.42s, 	Step: 4795, 	{'train/loss': 0.12110224093057503, 'validation/loss': 0.12442978505928874, 'validation/num_examples': 83274637, 'test/loss': 0.1269305836798417, 'test/num_examples': 95000000, 'score': 4295.321695566177, 'total_duration': 13302.419381380081, 'accumulated_submission_time': 4295.321695566177, 'accumulated_eval_time': 8994.72938632965, 'accumulated_logging_time': 0.6316144466400146}
I0524 01:57:28.292931 140575848244992 logging_writer.py:48] [4795] accumulated_eval_time=8994.73, accumulated_logging_time=0.631614, accumulated_submission_time=4295.32, global_step=4795, preemption_count=0, score=4295.32, test/loss=0.126931, test/num_examples=95000000, total_duration=13302.4, train/loss=0.121102, validation/loss=0.12443, validation/num_examples=83274637
I0524 02:03:25.169577 140615962592448 spec.py:333] Evaluating on the training split.
I0524 02:04:24.210722 140615962592448 spec.py:346] Evaluating on the validation split.
I0524 02:05:57.485926 140615962592448 spec.py:363] Evaluating on the test split.
I0524 02:08:04.048627 140615962592448 submission_runner.py:516] Time since start: 13938.21s, 	Step: 5229, 	{'train/loss': 0.12146027301246318, 'validation/loss': 0.12429936097036116, 'validation/num_examples': 83274637, 'test/loss': 0.12665675690885844, 'test/num_examples': 95000000, 'score': 4651.280258655548, 'total_duration': 13938.213344812393, 'accumulated_submission_time': 4651.280258655548, 'accumulated_eval_time': 9273.608491182327, 'accumulated_logging_time': 0.6773440837860107}
I0524 02:08:04.088561 140575839852288 logging_writer.py:48] [5229] accumulated_eval_time=9273.61, accumulated_logging_time=0.677344, accumulated_submission_time=4651.28, global_step=5229, preemption_count=0, score=4651.28, test/loss=0.126657, test/num_examples=95000000, total_duration=13938.2, train/loss=0.12146, validation/loss=0.124299, validation/num_examples=83274637
I0524 02:14:00.609672 140615962592448 spec.py:333] Evaluating on the training split.
I0524 02:14:59.260602 140615962592448 spec.py:346] Evaluating on the validation split.
I0524 02:15:57.853137 140615962592448 spec.py:363] Evaluating on the test split.
I0524 02:17:17.448124 140615962592448 submission_runner.py:516] Time since start: 14491.61s, 	Step: 5654, 	{'train/loss': 0.12262662573981925, 'validation/loss': 0.12416711160604384, 'validation/num_examples': 83274637, 'test/loss': 0.12651380042274876, 'test/num_examples': 95000000, 'score': 5006.880271911621, 'total_duration': 14491.61280798912, 'accumulated_submission_time': 5006.880271911621, 'accumulated_eval_time': 9470.446980953217, 'accumulated_logging_time': 0.7244648933410645}
I0524 02:17:17.488970 140575848244992 logging_writer.py:48] [5654] accumulated_eval_time=9470.45, accumulated_logging_time=0.724465, accumulated_submission_time=5006.88, global_step=5654, preemption_count=0, score=5006.88, test/loss=0.126514, test/num_examples=95000000, total_duration=14491.6, train/loss=0.122627, validation/loss=0.124167, validation/num_examples=83274637
I0524 02:23:13.963006 140615962592448 spec.py:333] Evaluating on the training split.
I0524 02:24:12.990598 140615962592448 spec.py:346] Evaluating on the validation split.
I0524 02:25:11.976624 140615962592448 spec.py:363] Evaluating on the test split.
I0524 02:26:19.697279 140615962592448 submission_runner.py:516] Time since start: 15033.86s, 	Step: 6082, 	{'train/loss': 0.11974025737404817, 'validation/loss': 0.12429275627582448, 'validation/num_examples': 83274637, 'test/loss': 0.12669434975666247, 'test/num_examples': 95000000, 'score': 5362.423018217087, 'total_duration': 15033.861973762512, 'accumulated_submission_time': 5362.423018217087, 'accumulated_eval_time': 9656.181291103363, 'accumulated_logging_time': 0.772697925567627}
I0524 02:26:19.737913 140575839852288 logging_writer.py:48] [6082] accumulated_eval_time=9656.18, accumulated_logging_time=0.772698, accumulated_submission_time=5362.42, global_step=6082, preemption_count=0, score=5362.42, test/loss=0.126694, test/num_examples=95000000, total_duration=15033.9, train/loss=0.11974, validation/loss=0.124293, validation/num_examples=83274637
I0524 02:32:16.713320 140615962592448 spec.py:333] Evaluating on the training split.
I0524 02:33:15.597168 140615962592448 spec.py:346] Evaluating on the validation split.
I0524 02:34:14.377159 140615962592448 spec.py:363] Evaluating on the test split.
I0524 02:35:22.470539 140615962592448 submission_runner.py:516] Time since start: 15576.64s, 	Step: 6506, 	{'train/loss': 0.12367098679509181, 'validation/loss': 0.12392396005538983, 'validation/num_examples': 83274637, 'test/loss': 0.1263067430166144, 'test/num_examples': 95000000, 'score': 5718.463975429535, 'total_duration': 15576.635258436203, 'accumulated_submission_time': 5718.463975429535, 'accumulated_eval_time': 9841.93857717514, 'accumulated_logging_time': 0.8206369876861572}
I0524 02:35:22.510720 140575848244992 logging_writer.py:48] [6506] accumulated_eval_time=9841.94, accumulated_logging_time=0.820637, accumulated_submission_time=5718.46, global_step=6506, preemption_count=0, score=5718.46, test/loss=0.126307, test/num_examples=95000000, total_duration=15576.6, train/loss=0.123671, validation/loss=0.123924, validation/num_examples=83274637
I0524 02:41:19.530790 140615962592448 spec.py:333] Evaluating on the training split.
I0524 02:42:18.239552 140615962592448 spec.py:346] Evaluating on the validation split.
I0524 02:43:17.468154 140615962592448 spec.py:363] Evaluating on the test split.
I0524 02:44:25.070821 140615962592448 submission_runner.py:516] Time since start: 16119.24s, 	Step: 6920, 	{'train/loss': 0.12244693854354291, 'validation/loss': 0.12375045562567855, 'validation/num_examples': 83274637, 'test/loss': 0.12610874606435676, 'test/num_examples': 95000000, 'score': 6074.558384418488, 'total_duration': 16119.235525131226, 'accumulated_submission_time': 6074.558384418488, 'accumulated_eval_time': 10027.478698730469, 'accumulated_logging_time': 0.8683261871337891}
I0524 02:44:25.113516 140575839852288 logging_writer.py:48] [6920] accumulated_eval_time=10027.5, accumulated_logging_time=0.868326, accumulated_submission_time=6074.56, global_step=6920, preemption_count=0, score=6074.56, test/loss=0.126109, test/num_examples=95000000, total_duration=16119.2, train/loss=0.122447, validation/loss=0.12375, validation/num_examples=83274637
I0524 02:50:21.813201 140615962592448 spec.py:333] Evaluating on the training split.
I0524 02:51:21.029394 140615962592448 spec.py:346] Evaluating on the validation split.
I0524 02:52:20.272562 140615962592448 spec.py:363] Evaluating on the test split.
I0524 02:53:28.031373 140615962592448 submission_runner.py:516] Time since start: 16662.20s, 	Step: 7331, 	{'train/loss': 0.12087512325173742, 'validation/loss': 0.12378470177181525, 'validation/num_examples': 83274637, 'test/loss': 0.1261515565628855, 'test/num_examples': 95000000, 'score': 6430.331525087357, 'total_duration': 16662.196029901505, 'accumulated_submission_time': 6430.331525087357, 'accumulated_eval_time': 10213.69689655304, 'accumulated_logging_time': 0.9185006618499756}
I0524 02:53:28.070060 140575848244992 logging_writer.py:48] [7331] accumulated_eval_time=10213.7, accumulated_logging_time=0.918501, accumulated_submission_time=6430.33, global_step=7331, preemption_count=0, score=6430.33, test/loss=0.126152, test/num_examples=95000000, total_duration=16662.2, train/loss=0.120875, validation/loss=0.123785, validation/num_examples=83274637
I0524 02:59:24.497880 140615962592448 spec.py:333] Evaluating on the training split.
I0524 03:00:23.242739 140615962592448 spec.py:346] Evaluating on the validation split.
I0524 03:01:22.257176 140615962592448 spec.py:363] Evaluating on the test split.
I0524 03:02:29.933996 140615962592448 submission_runner.py:516] Time since start: 17204.10s, 	Step: 7747, 	{'train/loss': 0.12033103870716405, 'validation/loss': 0.12375135407057634, 'validation/num_examples': 83274637, 'test/loss': 0.1260595575378418, 'test/num_examples': 95000000, 'score': 6785.820686101913, 'total_duration': 17204.098683834076, 'accumulated_submission_time': 6785.820686101913, 'accumulated_eval_time': 10399.1330742836, 'accumulated_logging_time': 0.9646074771881104}
I0524 03:02:29.973735 140575839852288 logging_writer.py:48] [7747] accumulated_eval_time=10399.1, accumulated_logging_time=0.964607, accumulated_submission_time=6785.82, global_step=7747, preemption_count=0, score=6785.82, test/loss=0.12606, test/num_examples=95000000, total_duration=17204.1, train/loss=0.120331, validation/loss=0.123751, validation/num_examples=83274637
I0524 03:08:26.686697 140615962592448 spec.py:333] Evaluating on the training split.
I0524 03:09:25.755058 140615962592448 spec.py:346] Evaluating on the validation split.
I0524 03:10:24.703898 140615962592448 spec.py:363] Evaluating on the test split.
I0524 03:11:32.563065 140615962592448 submission_runner.py:516] Time since start: 17746.73s, 	Step: 8165, 	{'train/loss': 0.12135633058020028, 'validation/loss': 0.12371635374833372, 'validation/num_examples': 83274637, 'test/loss': 0.12604529486405222, 'test/num_examples': 95000000, 'score': 7141.604691028595, 'total_duration': 17746.727778196335, 'accumulated_submission_time': 7141.604691028595, 'accumulated_eval_time': 10585.009526491165, 'accumulated_logging_time': 1.0116519927978516}
I0524 03:11:32.606080 140575848244992 logging_writer.py:48] [8165] accumulated_eval_time=10585, accumulated_logging_time=1.01165, accumulated_submission_time=7141.6, global_step=8165, preemption_count=0, score=7141.6, test/loss=0.126045, test/num_examples=95000000, total_duration=17746.7, train/loss=0.121356, validation/loss=0.123716, validation/num_examples=83274637
I0524 03:17:29.324238 140615962592448 spec.py:333] Evaluating on the training split.
I0524 03:18:28.297419 140615962592448 spec.py:346] Evaluating on the validation split.
I0524 03:19:26.970325 140615962592448 spec.py:363] Evaluating on the test split.
I0524 03:20:34.809079 140615962592448 submission_runner.py:516] Time since start: 18288.97s, 	Step: 8583, 	{'train/loss': 0.12270205813278112, 'validation/loss': 0.12368125083545917, 'validation/num_examples': 83274637, 'test/loss': 0.12594564898472835, 'test/num_examples': 95000000, 'score': 7497.393135547638, 'total_duration': 18288.97377705574, 'accumulated_submission_time': 7497.393135547638, 'accumulated_eval_time': 10770.49442911148, 'accumulated_logging_time': 1.061964750289917}
I0524 03:20:34.848338 140575839852288 logging_writer.py:48] [8583] accumulated_eval_time=10770.5, accumulated_logging_time=1.06196, accumulated_submission_time=7497.39, global_step=8583, preemption_count=0, score=7497.39, test/loss=0.125946, test/num_examples=95000000, total_duration=18289, train/loss=0.122702, validation/loss=0.123681, validation/num_examples=83274637
I0524 03:20:35.269674 140575848244992 logging_writer.py:48] [8583] global_step=8583, preemption_count=0, score=7497.39
I0524 03:20:35.279660 140615962592448 submission_runner.py:857] Final criteo1tb score: 7497.393135547638
