torchrun --redirects 1:0,2:0,3:0 --standalone --nnodes=1 --nproc_per_node=4 submission_runner.py --framework=pytorch --workload=finewebedu_lm --submission_path=submissions_algorithms/submissions/self_tuning/muon_torch_jax_hps_achandr/submission.py --data_dir=/data/fineweb_edu_10B --experiment_dir=/experiment_runs --experiment_name=submissions_a100/muon_torch_jax_hps_achandr/study_2 --overwrite=True --save_checkpoints=False --rng_seed=1549411381 --torch_compile=true --tuning_ruleset=self 2>&1 | tee -a /logs/finewebedu_lm_pytorch_06-01-2026-09-44-11.log
W0601 09:44:31.676000 9 site-packages/torch/distributed/run.py:803] 
W0601 09:44:31.676000 9 site-packages/torch/distributed/run.py:803] *****************************************
W0601 09:44:31.676000 9 site-packages/torch/distributed/run.py:803] Setting OMP_NUM_THREADS environment variable for each process to be 1 in default, to avoid your system being overloaded, please further tune the variable for optimal performance in your application as needed. 
W0601 09:44:31.676000 9 site-packages/torch/distributed/run.py:803] *****************************************
2026-06-01 09:44:42.359744: E external/local_xla/xla/stream_executor/cuda/cuda_fft.cc:467] Unable to register cuFFT factory: Attempting to register factory for plugin cuFFT when one has already been registered
2026-06-01 09:44:42.359744: E external/local_xla/xla/stream_executor/cuda/cuda_fft.cc:467] Unable to register cuFFT factory: Attempting to register factory for plugin cuFFT when one has already been registered
2026-06-01 09:44:42.359744: E external/local_xla/xla/stream_executor/cuda/cuda_fft.cc:467] Unable to register cuFFT factory: Attempting to register factory for plugin cuFFT when one has already been registered
2026-06-01 09:44:42.359744: E external/local_xla/xla/stream_executor/cuda/cuda_fft.cc:467] Unable to register cuFFT factory: Attempting to register factory for plugin cuFFT when one has already been registered
WARNING: All log messages before absl::InitializeLog() is called are written to STDERR
WARNING: All log messages before absl::InitializeLog() is called are written to STDERR
WARNING: All log messages before absl::InitializeLog() is called are written to STDERR
E0000 00:00:1780307082.910915      40 cuda_dnn.cc:8579] Unable to register cuDNN factory: Attempting to register factory for plugin cuDNN when one has already been registered
E0000 00:00:1780307082.910910      41 cuda_dnn.cc:8579] Unable to register cuDNN factory: Attempting to register factory for plugin cuDNN when one has already been registered
E0000 00:00:1780307082.910903      38 cuda_dnn.cc:8579] Unable to register cuDNN factory: Attempting to register factory for plugin cuDNN when one has already been registered
WARNING: All log messages before absl::InitializeLog() is called are written to STDERR
E0000 00:00:1780307082.910943      39 cuda_dnn.cc:8579] Unable to register cuDNN factory: Attempting to register factory for plugin cuDNN when one has already been registered
E0000 00:00:1780307083.085451      39 cuda_blas.cc:1407] Unable to register cuBLAS factory: Attempting to register factory for plugin cuBLAS when one has already been registered
E0000 00:00:1780307083.085449      41 cuda_blas.cc:1407] Unable to register cuBLAS factory: Attempting to register factory for plugin cuBLAS when one has already been registered
E0000 00:00:1780307083.085461      38 cuda_blas.cc:1407] Unable to register cuBLAS factory: Attempting to register factory for plugin cuBLAS when one has already been registered
E0000 00:00:1780307083.085460      40 cuda_blas.cc:1407] Unable to register cuBLAS factory: Attempting to register factory for plugin cuBLAS when one has already been registered
W0000 00:00:1780307084.690920      40 computation_placer.cc:177] computation placer already registered. Please check linkage and avoid linking the same target more than once.
W0000 00:00:1780307084.690915      38 computation_placer.cc:177] computation placer already registered. Please check linkage and avoid linking the same target more than once.
W0000 00:00:1780307084.690920      39 computation_placer.cc:177] computation placer already registered. Please check linkage and avoid linking the same target more than once.
W0000 00:00:1780307084.690930      41 computation_placer.cc:177] computation placer already registered. Please check linkage and avoid linking the same target more than once.
W0000 00:00:1780307084.690956      38 computation_placer.cc:177] computation placer already registered. Please check linkage and avoid linking the same target more than once.
W0000 00:00:1780307084.690956      39 computation_placer.cc:177] computation placer already registered. Please check linkage and avoid linking the same target more than once.
W0000 00:00:1780307084.690957      40 computation_placer.cc:177] computation placer already registered. Please check linkage and avoid linking the same target more than once.
W0000 00:00:1780307084.690958      38 computation_placer.cc:177] computation placer already registered. Please check linkage and avoid linking the same target more than once.
W0000 00:00:1780307084.690959      39 computation_placer.cc:177] computation placer already registered. Please check linkage and avoid linking the same target more than once.
W0000 00:00:1780307084.690959      41 computation_placer.cc:177] computation placer already registered. Please check linkage and avoid linking the same target more than once.
W0000 00:00:1780307084.690960      40 computation_placer.cc:177] computation placer already registered. Please check linkage and avoid linking the same target more than once.
W0000 00:00:1780307084.690961      38 computation_placer.cc:177] computation placer already registered. Please check linkage and avoid linking the same target more than once.
W0000 00:00:1780307084.690962      39 computation_placer.cc:177] computation placer already registered. Please check linkage and avoid linking the same target more than once.
W0000 00:00:1780307084.690962      41 computation_placer.cc:177] computation placer already registered. Please check linkage and avoid linking the same target more than once.
W0000 00:00:1780307084.690963      40 computation_placer.cc:177] computation placer already registered. Please check linkage and avoid linking the same target more than once.
W0000 00:00:1780307084.690965      41 computation_placer.cc:177] computation placer already registered. Please check linkage and avoid linking the same target more than once.
W0000 00:00:1780307111.293314      40 gpu_device.cc:2341] Cannot dlopen some GPU libraries. Please make sure the missing libraries mentioned above are installed properly if you would like to use GPU. Follow the guide at https://www.tensorflow.org/install/gpu for how to download and setup the required libraries for your platform.
Skipping registering GPU devices...
W0000 00:00:1780307111.293996      39 gpu_device.cc:2341] Cannot dlopen some GPU libraries. Please make sure the missing libraries mentioned above are installed properly if you would like to use GPU. Follow the guide at https://www.tensorflow.org/install/gpu for how to download and setup the required libraries for your platform.
Skipping registering GPU devices...
W0000 00:00:1780307111.319016      38 gpu_device.cc:2341] Cannot dlopen some GPU libraries. Please make sure the missing libraries mentioned above are installed properly if you would like to use GPU. Follow the guide at https://www.tensorflow.org/install/gpu for how to download and setup the required libraries for your platform.
Skipping registering GPU devices...
W0000 00:00:1780307111.375859      41 gpu_device.cc:2341] Cannot dlopen some GPU libraries. Please make sure the missing libraries mentioned above are installed properly if you would like to use GPU. Follow the guide at https://www.tensorflow.org/install/gpu for how to download and setup the required libraries for your platform.
Skipping registering GPU devices...
/usr/local/lib/python3.11/site-packages/torch/__init__.py:1617: UserWarning: Please use the new API settings to control TF32 behavior, such as torch.backends.cudnn.conv.fp32_precision = 'tf32' or torch.backends.cuda.matmul.fp32_precision = 'ieee'. Old settings, e.g, torch.backends.cuda.matmul.allow_tf32 = True, torch.backends.cudnn.allow_tf32 = True, allowTF32CuDNN() and allowTF32CuBLAS() will be deprecated after Pytorch 2.9. Please see https://pytorch.org/docs/main/notes/cuda.html#tensorfloat-32-tf32-on-ampere-and-later-devices (Triggered internally at /pytorch/aten/src/ATen/Context.cpp:80.)
  _C._set_float32_matmul_precision(precision)
/usr/local/lib/python3.11/site-packages/torch/__init__.py:1617: UserWarning: Please use the new API settings to control TF32 behavior, such as torch.backends.cudnn.conv.fp32_precision = 'tf32' or torch.backends.cuda.matmul.fp32_precision = 'ieee'. Old settings, e.g, torch.backends.cuda.matmul.allow_tf32 = True, torch.backends.cudnn.allow_tf32 = True, allowTF32CuDNN() and allowTF32CuBLAS() will be deprecated after Pytorch 2.9. Please see https://pytorch.org/docs/main/notes/cuda.html#tensorfloat-32-tf32-on-ampere-and-later-devices (Triggered internally at /pytorch/aten/src/ATen/Context.cpp:80.)
  _C._set_float32_matmul_precision(precision)
/usr/local/lib/python3.11/site-packages/torch/__init__.py:1617: UserWarning: Please use the new API settings to control TF32 behavior, such as torch.backends.cudnn.conv.fp32_precision = 'tf32' or torch.backends.cuda.matmul.fp32_precision = 'ieee'. Old settings, e.g, torch.backends.cuda.matmul.allow_tf32 = True, torch.backends.cudnn.allow_tf32 = True, allowTF32CuDNN() and allowTF32CuBLAS() will be deprecated after Pytorch 2.9. Please see https://pytorch.org/docs/main/notes/cuda.html#tensorfloat-32-tf32-on-ampere-and-later-devices (Triggered internally at /pytorch/aten/src/ATen/Context.cpp:80.)
  _C._set_float32_matmul_precision(precision)
/usr/local/lib/python3.11/site-packages/torch/__init__.py:1617: UserWarning: Please use the new API settings to control TF32 behavior, such as torch.backends.cudnn.conv.fp32_precision = 'tf32' or torch.backends.cuda.matmul.fp32_precision = 'ieee'. Old settings, e.g, torch.backends.cuda.matmul.allow_tf32 = True, torch.backends.cudnn.allow_tf32 = True, allowTF32CuDNN() and allowTF32CuBLAS() will be deprecated after Pytorch 2.9. Please see https://pytorch.org/docs/main/notes/cuda.html#tensorfloat-32-tf32-on-ampere-and-later-devices (Triggered internally at /pytorch/aten/src/ATen/Context.cpp:80.)
  _C._set_float32_matmul_precision(precision)
/usr/local/lib/python3.11/site-packages/pydantic/_internal/_generate_schema.py:2249: UnsupportedFieldAttributeWarning: The 'repr' attribute with value False was provided to the `Field()` function, which has no effect in the context it was used. 'repr' is field-specific metadata, and can only be attached to a model field using `Annotated` metadata or by assignment. This may have happened because an `Annotated` type alias using the `type` statement was used, or if the `Field()` function was attached to a single member of a union type.
  warnings.warn(
/usr/local/lib/python3.11/site-packages/pydantic/_internal/_generate_schema.py:2249: UnsupportedFieldAttributeWarning: The 'repr' attribute with value False was provided to the `Field()` function, which has no effect in the context it was used. 'repr' is field-specific metadata, and can only be attached to a model field using `Annotated` metadata or by assignment. This may have happened because an `Annotated` type alias using the `type` statement was used, or if the `Field()` function was attached to a single member of a union type.
  warnings.warn(
/usr/local/lib/python3.11/site-packages/pydantic/_internal/_generate_schema.py:2249: UnsupportedFieldAttributeWarning: The 'repr' attribute with value False was provided to the `Field()` function, which has no effect in the context it was used. 'repr' is field-specific metadata, and can only be attached to a model field using `Annotated` metadata or by assignment. This may have happened because an `Annotated` type alias using the `type` statement was used, or if the `Field()` function was attached to a single member of a union type.
  warnings.warn(
/usr/local/lib/python3.11/site-packages/pydantic/_internal/_generate_schema.py:2249: UnsupportedFieldAttributeWarning: The 'repr' attribute with value False was provided to the `Field()` function, which has no effect in the context it was used. 'repr' is field-specific metadata, and can only be attached to a model field using `Annotated` metadata or by assignment. This may have happened because an `Annotated` type alias using the `type` statement was used, or if the `Field()` function was attached to a single member of a union type.
  warnings.warn(
/usr/local/lib/python3.11/site-packages/pydantic/_internal/_generate_schema.py:2249: UnsupportedFieldAttributeWarning: The 'frozen' attribute with value True was provided to the `Field()` function, which has no effect in the context it was used. 'frozen' is field-specific metadata, and can only be attached to a model field using `Annotated` metadata or by assignment. This may have happened because an `Annotated` type alias using the `type` statement was used, or if the `Field()` function was attached to a single member of a union type.
  warnings.warn(
/usr/local/lib/python3.11/site-packages/pydantic/_internal/_generate_schema.py:2249: UnsupportedFieldAttributeWarning: The 'frozen' attribute with value True was provided to the `Field()` function, which has no effect in the context it was used. 'frozen' is field-specific metadata, and can only be attached to a model field using `Annotated` metadata or by assignment. This may have happened because an `Annotated` type alias using the `type` statement was used, or if the `Field()` function was attached to a single member of a union type.
  warnings.warn(
/usr/local/lib/python3.11/site-packages/pydantic/_internal/_generate_schema.py:2249: UnsupportedFieldAttributeWarning: The 'frozen' attribute with value True was provided to the `Field()` function, which has no effect in the context it was used. 'frozen' is field-specific metadata, and can only be attached to a model field using `Annotated` metadata or by assignment. This may have happened because an `Annotated` type alias using the `type` statement was used, or if the `Field()` function was attached to a single member of a union type.
  warnings.warn(
/usr/local/lib/python3.11/site-packages/pydantic/_internal/_generate_schema.py:2249: UnsupportedFieldAttributeWarning: The 'frozen' attribute with value True was provided to the `Field()` function, which has no effect in the context it was used. 'frozen' is field-specific metadata, and can only be attached to a model field using `Annotated` metadata or by assignment. This may have happened because an `Annotated` type alias using the `type` statement was used, or if the `Field()` function was attached to a single member of a union type.
  warnings.warn(
/usr/local/lib/python3.11/site-packages/torch/distributed/distributed_c10d.py:4876: UserWarning: barrier(): using the device under current context. You can specify `device_id` in `init_process_group` to mute this warning.
  warnings.warn(  # warn only once
[rank0]:[W601 09:45:20.782580719 ProcessGroupNCCL.cpp:5068] Guessing device ID based on global rank. This can cause a hang if rank to GPU mapping is heterogeneous. You can specify device_id in init_process_group()
I0601 09:45:22.122811 140066606773440 logger_utils.py:84] Creating experiment directory at /experiment_runs/submissions_a100/muon_torch_jax_hps_achandr/study_2/finewebedu_lm_pytorch.
I0601 09:45:22.122812 140184216396992 logger_utils.py:84] Creating experiment directory at /experiment_runs/submissions_a100/muon_torch_jax_hps_achandr/study_2/finewebedu_lm_pytorch.
I0601 09:45:22.122811 139827523028160 logger_utils.py:84] Creating experiment directory at /experiment_runs/submissions_a100/muon_torch_jax_hps_achandr/study_2/finewebedu_lm_pytorch.
I0601 09:45:22.122836 140534100100288 logger_utils.py:84] Creating experiment directory at /experiment_runs/submissions_a100/muon_torch_jax_hps_achandr/study_2/finewebedu_lm_pytorch.
I0601 09:45:33.225207 140184216396992 submission_runner.py:741] Creating directory at /experiment_runs/submissions_a100/muon_torch_jax_hps_achandr/study_2/finewebedu_lm_pytorch/trial_1.
I0601 09:45:33.587399 140184216396992 submission_runner.py:242] Initializing dataset.
I0601 09:45:33.587578 140184216396992 submission_runner.py:251] Initializing model.
I0601 09:45:39.961251 140184216396992 submission_runner.py:290] Performing `torch.compile`.
I0601 09:45:39.965180 140184216396992 submission_runner.py:294] Initializing optimizer.
I0601 09:45:39.965465 140534100100288 muon.py:324] Muon params:
	_orig_mod.module.layers.0.attn.w_qkv.weight (ndim=2)
	_orig_mod.module.layers.0.attn.w_out.weight (ndim=2)
	_orig_mod.module.layers.0.mlp.fc1.weight (ndim=2)
	_orig_mod.module.layers.0.mlp.fc2.weight (ndim=2)
	_orig_mod.module.layers.1.attn.w_qkv.weight (ndim=2)
	_orig_mod.module.layers.1.attn.w_out.weight (ndim=2)
	_orig_mod.module.layers.1.mlp.fc1.weight (ndim=2)
	_orig_mod.module.layers.1.mlp.fc2.weight (ndim=2)
	_orig_mod.module.layers.2.attn.w_qkv.weight (ndim=2)
	_orig_mod.module.layers.2.attn.w_out.weight (ndim=2)
	_orig_mod.module.layers.2.mlp.fc1.weight (ndim=2)
	_orig_mod.module.layers.2.mlp.fc2.weight (ndim=2)
	_orig_mod.module.layers.3.attn.w_qkv.weight (ndim=2)
	_orig_mod.module.layers.3.attn.w_out.weight (ndim=2)
	_orig_mod.module.layers.3.mlp.fc1.weight (ndim=2)
	_orig_mod.module.layers.3.mlp.fc2.weight (ndim=2)
	_orig_mod.module.layers.4.attn.w_qkv.weight (ndim=2)
	_orig_mod.module.layers.4.attn.w_out.weight (ndim=2)
	_orig_mod.module.layers.4.mlp.fc1.weight (ndim=2)
	_orig_mod.module.layers.4.mlp.fc2.weight (ndim=2)
	_orig_mod.module.layers.5.attn.w_qkv.weight (ndim=2)
	_orig_mod.module.layers.5.attn.w_out.weight (ndim=2)
	_orig_mod.module.layers.5.mlp.fc1.weight (ndim=2)
	_orig_mod.module.layers.5.mlp.fc2.weight (ndim=2)
	_orig_mod.module.layers.6.attn.w_qkv.weight (ndim=2)
	_orig_mod.module.layers.6.attn.w_out.weight (ndim=2)
	_orig_mod.module.layers.6.mlp.fc1.weight (ndim=2)
	_orig_mod.module.layers.6.mlp.fc2.weight (ndim=2)
	_orig_mod.module.layers.7.attn.w_qkv.weight (ndim=2)
	_orig_mod.module.layers.7.attn.w_out.weight (ndim=2)
	_orig_mod.module.layers.7.mlp.fc1.weight (ndim=2)
	_orig_mod.module.layers.7.mlp.fc2.weight (ndim=2)
	_orig_mod.module.layers.8.attn.w_qkv.weight (ndim=2)
	_orig_mod.module.layers.8.attn.w_out.weight (ndim=2)
	_orig_mod.module.layers.8.mlp.fc1.weight (ndim=2)
	_orig_mod.module.layers.8.mlp.fc2.weight (ndim=2)
	_orig_mod.module.layers.9.attn.w_qkv.weight (ndim=2)
	_orig_mod.module.layers.9.attn.w_out.weight (ndim=2)
	_orig_mod.module.layers.9.mlp.fc1.weight (ndim=2)
	_orig_mod.module.layers.9.mlp.fc2.weight (ndim=2)
	_orig_mod.module.layers.10.attn.w_qkv.weight (ndim=2)
	_orig_mod.module.layers.10.attn.w_out.weight (ndim=2)
	_orig_mod.module.layers.10.mlp.fc1.weight (ndim=2)
	_orig_mod.module.layers.10.mlp.fc2.weight (ndim=2)
	_orig_mod.module.layers.11.attn.w_qkv.weight (ndim=2)
	_orig_mod.module.layers.11.attn.w_out.weight (ndim=2)
	_orig_mod.module.layers.11.mlp.fc1.weight (ndim=2)
	_orig_mod.module.layers.11.mlp.fc2.weight (ndim=2)
I0601 09:45:39.965498 139827523028160 muon.py:324] Muon params:
	_orig_mod.module.layers.0.attn.w_qkv.weight (ndim=2)
	_orig_mod.module.layers.0.attn.w_out.weight (ndim=2)
	_orig_mod.module.layers.0.mlp.fc1.weight (ndim=2)
	_orig_mod.module.layers.0.mlp.fc2.weight (ndim=2)
	_orig_mod.module.layers.1.attn.w_qkv.weight (ndim=2)
	_orig_mod.module.layers.1.attn.w_out.weight (ndim=2)
	_orig_mod.module.layers.1.mlp.fc1.weight (ndim=2)
	_orig_mod.module.layers.1.mlp.fc2.weight (ndim=2)
	_orig_mod.module.layers.2.attn.w_qkv.weight (ndim=2)
	_orig_mod.module.layers.2.attn.w_out.weight (ndim=2)
	_orig_mod.module.layers.2.mlp.fc1.weight (ndim=2)
	_orig_mod.module.layers.2.mlp.fc2.weight (ndim=2)
	_orig_mod.module.layers.3.attn.w_qkv.weight (ndim=2)
	_orig_mod.module.layers.3.attn.w_out.weight (ndim=2)
	_orig_mod.module.layers.3.mlp.fc1.weight (ndim=2)
	_orig_mod.module.layers.3.mlp.fc2.weight (ndim=2)
	_orig_mod.module.layers.4.attn.w_qkv.weight (ndim=2)
	_orig_mod.module.layers.4.attn.w_out.weight (ndim=2)
	_orig_mod.module.layers.4.mlp.fc1.weight (ndim=2)
	_orig_mod.module.layers.4.mlp.fc2.weight (ndim=2)
	_orig_mod.module.layers.5.attn.w_qkv.weight (ndim=2)
	_orig_mod.module.layers.5.attn.w_out.weight (ndim=2)
	_orig_mod.module.layers.5.mlp.fc1.weight (ndim=2)
	_orig_mod.module.layers.5.mlp.fc2.weight (ndim=2)
	_orig_mod.module.layers.6.attn.w_qkv.weight (ndim=2)
	_orig_mod.module.layers.6.attn.w_out.weight (ndim=2)
	_orig_mod.module.layers.6.mlp.fc1.weight (ndim=2)
	_orig_mod.module.layers.6.mlp.fc2.weight (ndim=2)
	_orig_mod.module.layers.7.attn.w_qkv.weight (ndim=2)
	_orig_mod.module.layers.7.attn.w_out.weight (ndim=2)
	_orig_mod.module.layers.7.mlp.fc1.weight (ndim=2)
	_orig_mod.module.layers.7.mlp.fc2.weight (ndim=2)
	_orig_mod.module.layers.8.attn.w_qkv.weight (ndim=2)
	_orig_mod.module.layers.8.attn.w_out.weight (ndim=2)
	_orig_mod.module.layers.8.mlp.fc1.weight (ndim=2)
	_orig_mod.module.layers.8.mlp.fc2.weight (ndim=2)
	_orig_mod.module.layers.9.attn.w_qkv.weight (ndim=2)
	_orig_mod.module.layers.9.attn.w_out.weight (ndim=2)
	_orig_mod.module.layers.9.mlp.fc1.weight (ndim=2)
	_orig_mod.module.layers.9.mlp.fc2.weight (ndim=2)
	_orig_mod.module.layers.10.attn.w_qkv.weight (ndim=2)
	_orig_mod.module.layers.10.attn.w_out.weight (ndim=2)
	_orig_mod.module.layers.10.mlp.fc1.weight (ndim=2)
	_orig_mod.module.layers.10.mlp.fc2.weight (ndim=2)
	_orig_mod.module.layers.11.attn.w_qkv.weight (ndim=2)
	_orig_mod.module.layers.11.attn.w_out.weight (ndim=2)
	_orig_mod.module.layers.11.mlp.fc1.weight (ndim=2)
	_orig_mod.module.layers.11.mlp.fc2.weight (ndim=2)
I0601 09:45:39.965654 140534100100288 muon.py:325] Adam params:
	_orig_mod.module.embed_tokens.weight (ndim=2)
	_orig_mod.module.layers.0.attn.attn_scale (ndim=0)
	_orig_mod.module.layers.0.attn_norm.weight (ndim=1)
	_orig_mod.module.layers.0.mlp_norm.weight (ndim=1)
	_orig_mod.module.layers.1.attn.attn_scale (ndim=0)
	_orig_mod.module.layers.1.attn_norm.weight (ndim=1)
	_orig_mod.module.layers.1.mlp_norm.weight (ndim=1)
	_orig_mod.module.layers.2.attn.attn_scale (ndim=0)
	_orig_mod.module.layers.2.attn_norm.weight (ndim=1)
	_orig_mod.module.layers.2.mlp_norm.weight (ndim=1)
	_orig_mod.module.layers.3.attn.attn_scale (ndim=0)
	_orig_mod.module.layers.3.attn_norm.weight (ndim=1)
	_orig_mod.module.layers.3.mlp_norm.weight (ndim=1)
	_orig_mod.module.layers.4.attn.attn_scale (ndim=0)
	_orig_mod.module.layers.4.attn_norm.weight (ndim=1)
	_orig_mod.module.layers.4.mlp_norm.weight (ndim=1)
	_orig_mod.module.layers.5.attn.attn_scale (ndim=0)
	_orig_mod.module.layers.5.attn_norm.weight (ndim=1)
	_orig_mod.module.layers.5.mlp_norm.weight (ndim=1)
	_orig_mod.module.layers.6.attn.attn_scale (ndim=0)
	_orig_mod.module.layers.6.attn_norm.weight (ndim=1)
	_orig_mod.module.layers.6.mlp_norm.weight (ndim=1)
	_orig_mod.module.layers.7.attn.attn_scale (ndim=0)
	_orig_mod.module.layers.7.attn_norm.weight (ndim=1)
	_orig_mod.module.layers.7.mlp_norm.weight (ndim=1)
	_orig_mod.module.layers.8.attn.attn_scale (ndim=0)
	_orig_mod.module.layers.8.attn_norm.weight (ndim=1)
	_orig_mod.module.layers.8.mlp_norm.weight (ndim=1)
	_orig_mod.module.layers.9.attn.attn_scale (ndim=0)
	_orig_mod.module.layers.9.attn_norm.weight (ndim=1)
	_orig_mod.module.layers.9.mlp_norm.weight (ndim=1)
	_orig_mod.module.layers.10.attn.attn_scale (ndim=0)
	_orig_mod.module.layers.10.attn_norm.weight (ndim=1)
	_orig_mod.module.layers.10.mlp_norm.weight (ndim=1)
	_orig_mod.module.layers.11.attn.attn_scale (ndim=0)
	_orig_mod.module.layers.11.attn_norm.weight (ndim=1)
	_orig_mod.module.layers.11.mlp_norm.weight (ndim=1)
	_orig_mod.module.out_norm.weight (ndim=1)
I0601 09:45:39.965675 139827523028160 muon.py:325] Adam params:
	_orig_mod.module.embed_tokens.weight (ndim=2)
	_orig_mod.module.layers.0.attn.attn_scale (ndim=0)
	_orig_mod.module.layers.0.attn_norm.weight (ndim=1)
	_orig_mod.module.layers.0.mlp_norm.weight (ndim=1)
	_orig_mod.module.layers.1.attn.attn_scale (ndim=0)
	_orig_mod.module.layers.1.attn_norm.weight (ndim=1)
	_orig_mod.module.layers.1.mlp_norm.weight (ndim=1)
	_orig_mod.module.layers.2.attn.attn_scale (ndim=0)
	_orig_mod.module.layers.2.attn_norm.weight (ndim=1)
	_orig_mod.module.layers.2.mlp_norm.weight (ndim=1)
	_orig_mod.module.layers.3.attn.attn_scale (ndim=0)
	_orig_mod.module.layers.3.attn_norm.weight (ndim=1)
	_orig_mod.module.layers.3.mlp_norm.weight (ndim=1)
	_orig_mod.module.layers.4.attn.attn_scale (ndim=0)
	_orig_mod.module.layers.4.attn_norm.weight (ndim=1)
	_orig_mod.module.layers.4.mlp_norm.weight (ndim=1)
	_orig_mod.module.layers.5.attn.attn_scale (ndim=0)
	_orig_mod.module.layers.5.attn_norm.weight (ndim=1)
	_orig_mod.module.layers.5.mlp_norm.weight (ndim=1)
	_orig_mod.module.layers.6.attn.attn_scale (ndim=0)
	_orig_mod.module.layers.6.attn_norm.weight (ndim=1)
	_orig_mod.module.layers.6.mlp_norm.weight (ndim=1)
	_orig_mod.module.layers.7.attn.attn_scale (ndim=0)
	_orig_mod.module.layers.7.attn_norm.weight (ndim=1)
	_orig_mod.module.layers.7.mlp_norm.weight (ndim=1)
	_orig_mod.module.layers.8.attn.attn_scale (ndim=0)
	_orig_mod.module.layers.8.attn_norm.weight (ndim=1)
	_orig_mod.module.layers.8.mlp_norm.weight (ndim=1)
	_orig_mod.module.layers.9.attn.attn_scale (ndim=0)
	_orig_mod.module.layers.9.attn_norm.weight (ndim=1)
	_orig_mod.module.layers.9.mlp_norm.weight (ndim=1)
	_orig_mod.module.layers.10.attn.attn_scale (ndim=0)
	_orig_mod.module.layers.10.attn_norm.weight (ndim=1)
	_orig_mod.module.layers.10.mlp_norm.weight (ndim=1)
	_orig_mod.module.layers.11.attn.attn_scale (ndim=0)
	_orig_mod.module.layers.11.attn_norm.weight (ndim=1)
	_orig_mod.module.layers.11.mlp_norm.weight (ndim=1)
	_orig_mod.module.out_norm.weight (ndim=1)
I0601 09:45:39.965726 140184216396992 muon.py:324] Muon params:
	_orig_mod.module.layers.0.attn.w_qkv.weight (ndim=2)
	_orig_mod.module.layers.0.attn.w_out.weight (ndim=2)
	_orig_mod.module.layers.0.mlp.fc1.weight (ndim=2)
	_orig_mod.module.layers.0.mlp.fc2.weight (ndim=2)
	_orig_mod.module.layers.1.attn.w_qkv.weight (ndim=2)
	_orig_mod.module.layers.1.attn.w_out.weight (ndim=2)
	_orig_mod.module.layers.1.mlp.fc1.weight (ndim=2)
	_orig_mod.module.layers.1.mlp.fc2.weight (ndim=2)
	_orig_mod.module.layers.2.attn.w_qkv.weight (ndim=2)
	_orig_mod.module.layers.2.attn.w_out.weight (ndim=2)
	_orig_mod.module.layers.2.mlp.fc1.weight (ndim=2)
	_orig_mod.module.layers.2.mlp.fc2.weight (ndim=2)
	_orig_mod.module.layers.3.attn.w_qkv.weight (ndim=2)
	_orig_mod.module.layers.3.attn.w_out.weight (ndim=2)
	_orig_mod.module.layers.3.mlp.fc1.weight (ndim=2)
	_orig_mod.module.layers.3.mlp.fc2.weight (ndim=2)
	_orig_mod.module.layers.4.attn.w_qkv.weight (ndim=2)
	_orig_mod.module.layers.4.attn.w_out.weight (ndim=2)
	_orig_mod.module.layers.4.mlp.fc1.weight (ndim=2)
	_orig_mod.module.layers.4.mlp.fc2.weight (ndim=2)
	_orig_mod.module.layers.5.attn.w_qkv.weight (ndim=2)
	_orig_mod.module.layers.5.attn.w_out.weight (ndim=2)
	_orig_mod.module.layers.5.mlp.fc1.weight (ndim=2)
	_orig_mod.module.layers.5.mlp.fc2.weight (ndim=2)
	_orig_mod.module.layers.6.attn.w_qkv.weight (ndim=2)
	_orig_mod.module.layers.6.attn.w_out.weight (ndim=2)
	_orig_mod.module.layers.6.mlp.fc1.weight (ndim=2)
	_orig_mod.module.layers.6.mlp.fc2.weight (ndim=2)
	_orig_mod.module.layers.7.attn.w_qkv.weight (ndim=2)
	_orig_mod.module.layers.7.attn.w_out.weight (ndim=2)
	_orig_mod.module.layers.7.mlp.fc1.weight (ndim=2)
	_orig_mod.module.layers.7.mlp.fc2.weight (ndim=2)
	_orig_mod.module.layers.8.attn.w_qkv.weight (ndim=2)
	_orig_mod.module.layers.8.attn.w_out.weight (ndim=2)
	_orig_mod.module.layers.8.mlp.fc1.weight (ndim=2)
	_orig_mod.module.layers.8.mlp.fc2.weight (ndim=2)
	_orig_mod.module.layers.9.attn.w_qkv.weight (ndim=2)
	_orig_mod.module.layers.9.attn.w_out.weight (ndim=2)
	_orig_mod.module.layers.9.mlp.fc1.weight (ndim=2)
	_orig_mod.module.layers.9.mlp.fc2.weight (ndim=2)
	_orig_mod.module.layers.10.attn.w_qkv.weight (ndim=2)
	_orig_mod.module.layers.10.attn.w_out.weight (ndim=2)
	_orig_mod.module.layers.10.mlp.fc1.weight (ndim=2)
	_orig_mod.module.layers.10.mlp.fc2.weight (ndim=2)
	_orig_mod.module.layers.11.attn.w_qkv.weight (ndim=2)
	_orig_mod.module.layers.11.attn.w_out.weight (ndim=2)
	_orig_mod.module.layers.11.mlp.fc1.weight (ndim=2)
	_orig_mod.module.layers.11.mlp.fc2.weight (ndim=2)
I0601 09:45:39.965805 140184216396992 muon.py:325] Adam params:
	_orig_mod.module.embed_tokens.weight (ndim=2)
	_orig_mod.module.layers.0.attn.attn_scale (ndim=0)
	_orig_mod.module.layers.0.attn_norm.weight (ndim=1)
	_orig_mod.module.layers.0.mlp_norm.weight (ndim=1)
	_orig_mod.module.layers.1.attn.attn_scale (ndim=0)
	_orig_mod.module.layers.1.attn_norm.weight (ndim=1)
	_orig_mod.module.layers.1.mlp_norm.weight (ndim=1)
	_orig_mod.module.layers.2.attn.attn_scale (ndim=0)
	_orig_mod.module.layers.2.attn_norm.weight (ndim=1)
	_orig_mod.module.layers.2.mlp_norm.weight (ndim=1)
	_orig_mod.module.layers.3.attn.attn_scale (ndim=0)
	_orig_mod.module.layers.3.attn_norm.weight (ndim=1)
	_orig_mod.module.layers.3.mlp_norm.weight (ndim=1)
	_orig_mod.module.layers.4.attn.attn_scale (ndim=0)
	_orig_mod.module.layers.4.attn_norm.weight (ndim=1)
	_orig_mod.module.layers.4.mlp_norm.weight (ndim=1)
	_orig_mod.module.layers.5.attn.attn_scale (ndim=0)
	_orig_mod.module.layers.5.attn_norm.weight (ndim=1)
	_orig_mod.module.layers.5.mlp_norm.weight (ndim=1)
	_orig_mod.module.layers.6.attn.attn_scale (ndim=0)
	_orig_mod.module.layers.6.attn_norm.weight (ndim=1)
	_orig_mod.module.layers.6.mlp_norm.weight (ndim=1)
	_orig_mod.module.layers.7.attn.attn_scale (ndim=0)
	_orig_mod.module.layers.7.attn_norm.weight (ndim=1)
	_orig_mod.module.layers.7.mlp_norm.weight (ndim=1)
	_orig_mod.module.layers.8.attn.attn_scale (ndim=0)
	_orig_mod.module.layers.8.attn_norm.weight (ndim=1)
	_orig_mod.module.layers.8.mlp_norm.weight (ndim=1)
	_orig_mod.module.layers.9.attn.attn_scale (ndim=0)
	_orig_mod.module.layers.9.attn_norm.weight (ndim=1)
	_orig_mod.module.layers.9.mlp_norm.weight (ndim=1)
	_orig_mod.module.layers.10.attn.attn_scale (ndim=0)
	_orig_mod.module.layers.10.attn_norm.weight (ndim=1)
	_orig_mod.module.layers.10.mlp_norm.weight (ndim=1)
	_orig_mod.module.layers.11.attn.attn_scale (ndim=0)
	_orig_mod.module.layers.11.attn_norm.weight (ndim=1)
	_orig_mod.module.layers.11.mlp_norm.weight (ndim=1)
	_orig_mod.module.out_norm.weight (ndim=1)
I0601 09:45:39.966433 140066606773440 muon.py:324] Muon params:
	_orig_mod.module.layers.0.attn.w_qkv.weight (ndim=2)
	_orig_mod.module.layers.0.attn.w_out.weight (ndim=2)
	_orig_mod.module.layers.0.mlp.fc1.weight (ndim=2)
	_orig_mod.module.layers.0.mlp.fc2.weight (ndim=2)
	_orig_mod.module.layers.1.attn.w_qkv.weight (ndim=2)
	_orig_mod.module.layers.1.attn.w_out.weight (ndim=2)
	_orig_mod.module.layers.1.mlp.fc1.weight (ndim=2)
	_orig_mod.module.layers.1.mlp.fc2.weight (ndim=2)
	_orig_mod.module.layers.2.attn.w_qkv.weight (ndim=2)
	_orig_mod.module.layers.2.attn.w_out.weight (ndim=2)
	_orig_mod.module.layers.2.mlp.fc1.weight (ndim=2)
	_orig_mod.module.layers.2.mlp.fc2.weight (ndim=2)
	_orig_mod.module.layers.3.attn.w_qkv.weight (ndim=2)
	_orig_mod.module.layers.3.attn.w_out.weight (ndim=2)
	_orig_mod.module.layers.3.mlp.fc1.weight (ndim=2)
	_orig_mod.module.layers.3.mlp.fc2.weight (ndim=2)
	_orig_mod.module.layers.4.attn.w_qkv.weight (ndim=2)
	_orig_mod.module.layers.4.attn.w_out.weight (ndim=2)
	_orig_mod.module.layers.4.mlp.fc1.weight (ndim=2)
	_orig_mod.module.layers.4.mlp.fc2.weight (ndim=2)
	_orig_mod.module.layers.5.attn.w_qkv.weight (ndim=2)
	_orig_mod.module.layers.5.attn.w_out.weight (ndim=2)
	_orig_mod.module.layers.5.mlp.fc1.weight (ndim=2)
	_orig_mod.module.layers.5.mlp.fc2.weight (ndim=2)
	_orig_mod.module.layers.6.attn.w_qkv.weight (ndim=2)
	_orig_mod.module.layers.6.attn.w_out.weight (ndim=2)
	_orig_mod.module.layers.6.mlp.fc1.weight (ndim=2)
	_orig_mod.module.layers.6.mlp.fc2.weight (ndim=2)
	_orig_mod.module.layers.7.attn.w_qkv.weight (ndim=2)
	_orig_mod.module.layers.7.attn.w_out.weight (ndim=2)
	_orig_mod.module.layers.7.mlp.fc1.weight (ndim=2)
	_orig_mod.module.layers.7.mlp.fc2.weight (ndim=2)
	_orig_mod.module.layers.8.attn.w_qkv.weight (ndim=2)
	_orig_mod.module.layers.8.attn.w_out.weight (ndim=2)
	_orig_mod.module.layers.8.mlp.fc1.weight (ndim=2)
	_orig_mod.module.layers.8.mlp.fc2.weight (ndim=2)
	_orig_mod.module.layers.9.attn.w_qkv.weight (ndim=2)
	_orig_mod.module.layers.9.attn.w_out.weight (ndim=2)
	_orig_mod.module.layers.9.mlp.fc1.weight (ndim=2)
	_orig_mod.module.layers.9.mlp.fc2.weight (ndim=2)
	_orig_mod.module.layers.10.attn.w_qkv.weight (ndim=2)
	_orig_mod.module.layers.10.attn.w_out.weight (ndim=2)
	_orig_mod.module.layers.10.mlp.fc1.weight (ndim=2)
	_orig_mod.module.layers.10.mlp.fc2.weight (ndim=2)
	_orig_mod.module.layers.11.attn.w_qkv.weight (ndim=2)
	_orig_mod.module.layers.11.attn.w_out.weight (ndim=2)
	_orig_mod.module.layers.11.mlp.fc1.weight (ndim=2)
	_orig_mod.module.layers.11.mlp.fc2.weight (ndim=2)
I0601 09:45:39.966628 140066606773440 muon.py:325] Adam params:
	_orig_mod.module.embed_tokens.weight (ndim=2)
	_orig_mod.module.layers.0.attn.attn_scale (ndim=0)
	_orig_mod.module.layers.0.attn_norm.weight (ndim=1)
	_orig_mod.module.layers.0.mlp_norm.weight (ndim=1)
	_orig_mod.module.layers.1.attn.attn_scale (ndim=0)
	_orig_mod.module.layers.1.attn_norm.weight (ndim=1)
	_orig_mod.module.layers.1.mlp_norm.weight (ndim=1)
	_orig_mod.module.layers.2.attn.attn_scale (ndim=0)
	_orig_mod.module.layers.2.attn_norm.weight (ndim=1)
	_orig_mod.module.layers.2.mlp_norm.weight (ndim=1)
	_orig_mod.module.layers.3.attn.attn_scale (ndim=0)
	_orig_mod.module.layers.3.attn_norm.weight (ndim=1)
	_orig_mod.module.layers.3.mlp_norm.weight (ndim=1)
	_orig_mod.module.layers.4.attn.attn_scale (ndim=0)
	_orig_mod.module.layers.4.attn_norm.weight (ndim=1)
	_orig_mod.module.layers.4.mlp_norm.weight (ndim=1)
	_orig_mod.module.layers.5.attn.attn_scale (ndim=0)
	_orig_mod.module.layers.5.attn_norm.weight (ndim=1)
	_orig_mod.module.layers.5.mlp_norm.weight (ndim=1)
	_orig_mod.module.layers.6.attn.attn_scale (ndim=0)
	_orig_mod.module.layers.6.attn_norm.weight (ndim=1)
	_orig_mod.module.layers.6.mlp_norm.weight (ndim=1)
	_orig_mod.module.layers.7.attn.attn_scale (ndim=0)
	_orig_mod.module.layers.7.attn_norm.weight (ndim=1)
	_orig_mod.module.layers.7.mlp_norm.weight (ndim=1)
	_orig_mod.module.layers.8.attn.attn_scale (ndim=0)
	_orig_mod.module.layers.8.attn_norm.weight (ndim=1)
	_orig_mod.module.layers.8.mlp_norm.weight (ndim=1)
	_orig_mod.module.layers.9.attn.attn_scale (ndim=0)
	_orig_mod.module.layers.9.attn_norm.weight (ndim=1)
	_orig_mod.module.layers.9.mlp_norm.weight (ndim=1)
	_orig_mod.module.layers.10.attn.attn_scale (ndim=0)
	_orig_mod.module.layers.10.attn_norm.weight (ndim=1)
	_orig_mod.module.layers.10.mlp_norm.weight (ndim=1)
	_orig_mod.module.layers.11.attn.attn_scale (ndim=0)
	_orig_mod.module.layers.11.attn_norm.weight (ndim=1)
	_orig_mod.module.layers.11.mlp_norm.weight (ndim=1)
	_orig_mod.module.out_norm.weight (ndim=1)
I0601 09:45:39.992321 140184216396992 submission_runner.py:299] Initializing metrics bundle.
I0601 09:45:39.992532 140184216396992 submission_runner.py:321] Initializing checkpoint and logger.
I0601 09:45:39.994648 140184216396992 submission_runner.py:344] Saving meta data to /experiment_runs/submissions_a100/muon_torch_jax_hps_achandr/study_2/finewebedu_lm_pytorch/trial_1/meta_data_0.json.
I0601 09:45:39.994743 140066606773440 logger_utils.py:283] Unable to record workload.train_mean information. Continuing without it.
I0601 09:45:39.994754 140534100100288 logger_utils.py:283] Unable to record workload.train_mean information. Continuing without it.
I0601 09:45:39.994852 140184216396992 logger_utils.py:283] Unable to record workload.train_mean information. Continuing without it.
I0601 09:45:39.994779 139827523028160 logger_utils.py:283] Unable to record workload.train_mean information. Continuing without it.
I0601 09:45:39.994898 140066606773440 logger_utils.py:283] Unable to record workload.train_stddev information. Continuing without it.
I0601 09:45:39.994914 140184216396992 logger_utils.py:283] Unable to record workload.train_stddev information. Continuing without it.
I0601 09:45:39.994911 140534100100288 logger_utils.py:283] Unable to record workload.train_stddev information. Continuing without it.
I0601 09:45:39.994932 139827523028160 logger_utils.py:283] Unable to record workload.train_stddev information. Continuing without it.
I0601 09:45:40.373648 140184216396992 submission_runner.py:348] Saving flags to /experiment_runs/submissions_a100/muon_torch_jax_hps_achandr/study_2/finewebedu_lm_pytorch/trial_1/flags_0.json.
I0601 09:45:40.414105 140184216396992 submission_runner.py:359] Starting training loop.
[rank3]:W0601 09:45:44.995000 41 site-packages/torch/_logging/_internal.py:1199] [0/0] Profiler function <class 'torch.autograd.profiler.record_function'> will be ignored
[rank2]:W0601 09:45:44.995000 40 site-packages/torch/_logging/_internal.py:1199] [0/0] Profiler function <class 'torch.autograd.profiler.record_function'> will be ignored
[rank1]:W0601 09:45:44.995000 39 site-packages/torch/_logging/_internal.py:1199] [0/0] Profiler function <class 'torch.autograd.profiler.record_function'> will be ignored
[rank0]:W0601 09:45:44.995000 38 site-packages/torch/_logging/_internal.py:1199] [0/0] Profiler function <class 'torch.autograd.profiler.record_function'> will be ignored
I0601 09:47:07.964688 140184216396992 spec.py:333] Evaluating on the training split.
I0601 09:47:54.688013 140184216396992 spec.py:346] Evaluating on the validation split.
I0601 09:50:40.844685 140184216396992 spec.py:363] Evaluating on the test split.
I0601 09:50:40.845505 140184216396992 submission_runner.py:516] Time since start: 300.43s, 	Step: 1, 	{'train/loss': 11.014891815185546, 'train/ppl': 60772.44847603623, 'validation/loss': 11.014086476982097, 'validation/ppl': 60723.525803853954, 'validation/num_examples': 100000, 'test/loss': 0.0, 'test/ppl': 1.0, 'test/num_examples': 0, 'score': 86.92215085029602, 'total_duration': 300.43138813972473, 'accumulated_submission_time': 86.92215085029602, 'accumulated_eval_time': 212.88074231147766, 'accumulated_logging_time': 0}
I0601 09:50:41.012028 140152575690496 logging_writer.py:48] [1] accumulated_eval_time=212.881, accumulated_logging_time=0, accumulated_submission_time=86.9222, global_step=1, preemption_count=0, score=86.9222, test/loss=0, test/num_examples=0, test/ppl=1, total_duration=300.431, train/loss=11.0149, train/ppl=60772.4, validation/loss=11.0141, validation/num_examples=100000, validation/ppl=60723.5
I0601 10:33:32.460057 140184216396992 spec.py:333] Evaluating on the training split.
I0601 10:33:49.499584 140184216396992 spec.py:346] Evaluating on the validation split.
I0601 10:36:35.876754 140184216396992 spec.py:363] Evaluating on the test split.
I0601 10:36:35.877550 140184216396992 submission_runner.py:516] Time since start: 3055.46s, 	Step: 12563, 	{'train/loss': 11.014891052246094, 'train/ppl': 60772.40211035538, 'validation/loss': 11.014085228180946, 'validation/ppl': 60723.449972292365, 'validation/num_examples': 100000, 'test/loss': 0.0, 'test/ppl': 1.0, 'test/num_examples': 0, 'score': 2652.650870323181, 'total_duration': 3055.4634222984314, 'accumulated_submission_time': 2652.650870323181, 'accumulated_eval_time': 396.29815316200256, 'accumulated_logging_time': 0.39910292625427246}
I0601 10:36:35.912241 140152567297792 logging_writer.py:48] [12563] accumulated_eval_time=396.298, accumulated_logging_time=0.399103, accumulated_submission_time=2652.65, global_step=12563, preemption_count=0, score=2652.65, test/loss=0, test/num_examples=0, test/ppl=1, total_duration=3055.46, train/loss=11.0149, train/ppl=60772.4, validation/loss=11.0141, validation/num_examples=100000, validation/ppl=60723.4
I0601 11:19:27.503139 140184216396992 spec.py:333] Evaluating on the training split.
I0601 11:19:44.574003 140184216396992 spec.py:346] Evaluating on the validation split.
I0601 11:22:31.449932 140184216396992 spec.py:363] Evaluating on the test split.
I0601 11:22:31.450698 140184216396992 submission_runner.py:516] Time since start: 5811.04s, 	Step: 25135, 	{'train/loss': 11.014891052246094, 'train/ppl': 60772.40211035538, 'validation/loss': 11.014086476982097, 'validation/ppl': 60723.525803853954, 'validation/num_examples': 100000, 'test/loss': 0.0, 'test/ppl': 1.0, 'test/num_examples': 0, 'score': 5219.03084564209, 'total_duration': 5811.036596059799, 'accumulated_submission_time': 5219.03084564209, 'accumulated_eval_time': 580.245626449585, 'accumulated_logging_time': 0.4431021213531494}
I0601 11:22:31.476130 140152575690496 logging_writer.py:48] [25135] accumulated_eval_time=580.246, accumulated_logging_time=0.443102, accumulated_submission_time=5219.03, global_step=25135, preemption_count=0, score=5219.03, test/loss=0, test/num_examples=0, test/ppl=1, total_duration=5811.04, train/loss=11.0149, train/ppl=60772.4, validation/loss=11.0141, validation/num_examples=100000, validation/ppl=60723.5
I0601 12:05:23.084000 140184216396992 spec.py:333] Evaluating on the training split.
I0601 12:05:40.133699 140184216396992 spec.py:346] Evaluating on the validation split.
I0601 12:08:26.608636 140184216396992 spec.py:363] Evaluating on the test split.
I0601 12:08:26.609427 140184216396992 submission_runner.py:516] Time since start: 8566.20s, 	Step: 37708, 	{'train/loss': 11.01489028930664, 'train/ppl': 60772.35574470979, 'validation/loss': 11.014086476982097, 'validation/ppl': 60723.525803853954, 'validation/num_examples': 100000, 'test/loss': 0.0, 'test/ppl': 1.0, 'test/num_examples': 0, 'score': 7785.52721786499, 'total_duration': 8566.195351362228, 'accumulated_submission_time': 7785.52721786499, 'accumulated_eval_time': 763.7710139751434, 'accumulated_logging_time': 0.4772369861602783}
I0601 12:08:26.642298 140152567297792 logging_writer.py:48] [37708] accumulated_eval_time=763.771, accumulated_logging_time=0.477237, accumulated_submission_time=7785.53, global_step=37708, preemption_count=0, score=7785.53, test/loss=0, test/num_examples=0, test/ppl=1, total_duration=8566.2, train/loss=11.0149, train/ppl=60772.4, validation/loss=11.0141, validation/num_examples=100000, validation/ppl=60723.5
I0601 12:51:18.242801 140184216396992 spec.py:333] Evaluating on the training split.
I0601 12:51:35.274647 140184216396992 spec.py:346] Evaluating on the validation split.
I0601 12:54:21.558479 140184216396992 spec.py:363] Evaluating on the test split.
I0601 12:54:21.559228 140184216396992 submission_runner.py:516] Time since start: 11321.15s, 	Step: 50296, 	{'train/loss': 11.014891052246094, 'train/ppl': 60772.40211035538, 'validation/loss': 11.014085228180946, 'validation/ppl': 60723.449972292365, 'validation/num_examples': 100000, 'test/loss': 0.0, 'test/ppl': 1.0, 'test/num_examples': 0, 'score': 10352.244984149933, 'total_duration': 11321.145130634308, 'accumulated_submission_time': 10352.244984149933, 'accumulated_eval_time': 947.0873544216156, 'accumulated_logging_time': 0.5185353755950928}
I0601 12:54:21.584434 140152575690496 logging_writer.py:48] [50296] accumulated_eval_time=947.087, accumulated_logging_time=0.518535, accumulated_submission_time=10352.2, global_step=50296, preemption_count=0, score=10352.2, test/loss=0, test/num_examples=0, test/ppl=1, total_duration=11321.1, train/loss=11.0149, train/ppl=60772.4, validation/loss=11.0141, validation/num_examples=100000, validation/ppl=60723.4
I0601 13:37:13.246813 140184216396992 spec.py:333] Evaluating on the training split.
I0601 13:37:30.295892 140184216396992 spec.py:346] Evaluating on the validation split.
I0601 13:40:17.137825 140184216396992 spec.py:363] Evaluating on the test split.
I0601 13:40:17.157773 140184216396992 submission_runner.py:516] Time since start: 14076.72s, 	Step: 62894, 	{'train/loss': 11.014891052246094, 'train/ppl': 60772.40211035538, 'validation/loss': 11.014085228180946, 'validation/ppl': 60723.449972292365, 'validation/num_examples': 100000, 'test/loss': 0.0, 'test/ppl': 1.0, 'test/num_examples': 0, 'score': 12919.19658946991, 'total_duration': 14076.724437236786, 'accumulated_submission_time': 12919.19658946991, 'accumulated_eval_time': 1130.9790103435516, 'accumulated_logging_time': 0.5517635345458984}
I0601 13:40:17.321165 140152567297792 logging_writer.py:48] [62894] accumulated_eval_time=1130.98, accumulated_logging_time=0.551764, accumulated_submission_time=12919.2, global_step=62894, preemption_count=0, score=12919.2, test/loss=0, test/num_examples=0, test/ppl=1, total_duration=14076.7, train/loss=11.0149, train/ppl=60772.4, validation/loss=11.0141, validation/num_examples=100000, validation/ppl=60723.4
I0601 14:11:15.702527 140184216396992 spec.py:333] Evaluating on the training split.
I0601 14:11:32.756295 140184216396992 spec.py:346] Evaluating on the validation split.
I0601 14:14:19.486734 140184216396992 spec.py:363] Evaluating on the test split.
I0601 14:14:19.487437 140184216396992 submission_runner.py:516] Time since start: 16119.07s, 	Step: 72001, 	{'train/loss': 11.014891052246094, 'train/ppl': 60772.40211035538, 'validation/loss': 11.014085228180946, 'validation/ppl': 60723.449972292365, 'validation/num_examples': 100000, 'test/loss': 0.0, 'test/ppl': 1.0, 'test/num_examples': 0, 'score': 14773.896266698837, 'total_duration': 16119.073355197906, 'accumulated_submission_time': 14773.896266698837, 'accumulated_eval_time': 1314.7638494968414, 'accumulated_logging_time': 0.7233896255493164}
I0601 14:14:19.512842 140152575690496 logging_writer.py:48] [72001] accumulated_eval_time=1314.76, accumulated_logging_time=0.72339, accumulated_submission_time=14773.9, global_step=72001, preemption_count=0, score=14773.9, test/loss=0, test/num_examples=0, test/ppl=1, total_duration=16119.1, train/loss=11.0149, train/ppl=60772.4, validation/loss=11.0141, validation/num_examples=100000, validation/ppl=60723.4
I0601 14:14:20.102970 140152567297792 logging_writer.py:48] [72001] global_step=72001, preemption_count=0, score=14773.9
I0601 14:14:20.111305 140184216396992 submission_runner.py:857] Final finewebedu_lm score: 14773.896266698837
