torchrun --redirects 1:0,2:0,3:0 --standalone --nnodes=1 --nproc_per_node=4 submission_runner.py --framework=pytorch --workload=finewebedu_lm --submission_path=submissions_algorithms/submissions/self_tuning/muon_torch_jax_hps_lr_fix/submission.py --data_dir=/data/fineweb_edu_10B --experiment_dir=/experiment_runs --experiment_name=submissions_a100/muon_torch_jax_hps_lr_fix/study_1 --overwrite=True --save_checkpoints=False --rng_seed=1822275047 --torch_compile=true --tuning_ruleset=self 2>&1 | tee -a /logs/finewebedu_lm_pytorch_06-04-2026-21-00-25.log
W0604 21:00:27.291000 9 site-packages/torch/distributed/run.py:803] 
W0604 21:00:27.291000 9 site-packages/torch/distributed/run.py:803] *****************************************
W0604 21:00:27.291000 9 site-packages/torch/distributed/run.py:803] Setting OMP_NUM_THREADS environment variable for each process to be 1 in default, to avoid your system being overloaded, please further tune the variable for optimal performance in your application as needed. 
W0604 21:00:27.291000 9 site-packages/torch/distributed/run.py:803] *****************************************
2026-06-04 21:00:28.430050: E external/local_xla/xla/stream_executor/cuda/cuda_fft.cc:467] Unable to register cuFFT factory: Attempting to register factory for plugin cuFFT when one has already been registered
2026-06-04 21:00:28.430052: E external/local_xla/xla/stream_executor/cuda/cuda_fft.cc:467] Unable to register cuFFT factory: Attempting to register factory for plugin cuFFT when one has already been registered
2026-06-04 21:00:28.430057: E external/local_xla/xla/stream_executor/cuda/cuda_fft.cc:467] Unable to register cuFFT factory: Attempting to register factory for plugin cuFFT when one has already been registered
2026-06-04 21:00:28.430126: E external/local_xla/xla/stream_executor/cuda/cuda_fft.cc:467] Unable to register cuFFT factory: Attempting to register factory for plugin cuFFT when one has already been registered
WARNING: All log messages before absl::InitializeLog() is called are written to STDERR
E0000 00:00:1780606828.451570      38 cuda_dnn.cc:8579] Unable to register cuDNN factory: Attempting to register factory for plugin cuDNN when one has already been registered
WARNING: All log messages before absl::InitializeLog() is called are written to STDERR
E0000 00:00:1780606828.451586      41 cuda_dnn.cc:8579] Unable to register cuDNN factory: Attempting to register factory for plugin cuDNN when one has already been registered
WARNING: All log messages before absl::InitializeLog() is called are written to STDERR
E0000 00:00:1780606828.451589      40 cuda_dnn.cc:8579] Unable to register cuDNN factory: Attempting to register factory for plugin cuDNN when one has already been registered
WARNING: All log messages before absl::InitializeLog() is called are written to STDERR
E0000 00:00:1780606828.451663      39 cuda_dnn.cc:8579] Unable to register cuDNN factory: Attempting to register factory for plugin cuDNN when one has already been registered
E0000 00:00:1780606828.458610      38 cuda_blas.cc:1407] Unable to register cuBLAS factory: Attempting to register factory for plugin cuBLAS when one has already been registered
E0000 00:00:1780606828.458619      40 cuda_blas.cc:1407] Unable to register cuBLAS factory: Attempting to register factory for plugin cuBLAS when one has already been registered
E0000 00:00:1780606828.458619      41 cuda_blas.cc:1407] Unable to register cuBLAS factory: Attempting to register factory for plugin cuBLAS when one has already been registered
E0000 00:00:1780606828.458714      39 cuda_blas.cc:1407] Unable to register cuBLAS factory: Attempting to register factory for plugin cuBLAS when one has already been registered
W0000 00:00:1780606828.475607      38 computation_placer.cc:177] computation placer already registered. Please check linkage and avoid linking the same target more than once.
W0000 00:00:1780606828.475607      40 computation_placer.cc:177] computation placer already registered. Please check linkage and avoid linking the same target more than once.
W0000 00:00:1780606828.475607      41 computation_placer.cc:177] computation placer already registered. Please check linkage and avoid linking the same target more than once.
W0000 00:00:1780606828.475634      40 computation_placer.cc:177] computation placer already registered. Please check linkage and avoid linking the same target more than once.
W0000 00:00:1780606828.475634      41 computation_placer.cc:177] computation placer already registered. Please check linkage and avoid linking the same target more than once.
W0000 00:00:1780606828.475617      39 computation_placer.cc:177] computation placer already registered. Please check linkage and avoid linking the same target more than once.
W0000 00:00:1780606828.475636      40 computation_placer.cc:177] computation placer already registered. Please check linkage and avoid linking the same target more than once.
W0000 00:00:1780606828.475637      41 computation_placer.cc:177] computation placer already registered. Please check linkage and avoid linking the same target more than once.
W0000 00:00:1780606828.475638      40 computation_placer.cc:177] computation placer already registered. Please check linkage and avoid linking the same target more than once.
W0000 00:00:1780606828.475639      41 computation_placer.cc:177] computation placer already registered. Please check linkage and avoid linking the same target more than once.
W0000 00:00:1780606828.475639      39 computation_placer.cc:177] computation placer already registered. Please check linkage and avoid linking the same target more than once.
W0000 00:00:1780606828.475639      38 computation_placer.cc:177] computation placer already registered. Please check linkage and avoid linking the same target more than once.
W0000 00:00:1780606828.475641      39 computation_placer.cc:177] computation placer already registered. Please check linkage and avoid linking the same target more than once.
W0000 00:00:1780606828.475641      38 computation_placer.cc:177] computation placer already registered. Please check linkage and avoid linking the same target more than once.
W0000 00:00:1780606828.475643      39 computation_placer.cc:177] computation placer already registered. Please check linkage and avoid linking the same target more than once.
W0000 00:00:1780606828.475644      38 computation_placer.cc:177] computation placer already registered. Please check linkage and avoid linking the same target more than once.
2026-06-04 21:00:34.329643: E external/local_xla/xla/stream_executor/cuda/cuda_platform.cc:51] failed call to cuInit: INTERNAL: CUDA error: Failed call to cuInit: CUDA_ERROR_NO_DEVICE: no CUDA-capable device is detected
2026-06-04 21:00:34.329862: E external/local_xla/xla/stream_executor/cuda/cuda_diagnostics.cc:294] kernel version 550.90.12 does not match DSO version 575.51.3 -- cannot find working devices in this configuration
2026-06-04 21:00:34.413787: E external/local_xla/xla/stream_executor/cuda/cuda_platform.cc:51] failed call to cuInit: INTERNAL: CUDA error: Failed call to cuInit: CUDA_ERROR_NO_DEVICE: no CUDA-capable device is detected
2026-06-04 21:00:34.414025: E external/local_xla/xla/stream_executor/cuda/cuda_diagnostics.cc:294] kernel version 550.90.12 does not match DSO version 575.51.3 -- cannot find working devices in this configuration
2026-06-04 21:00:34.511840: E external/local_xla/xla/stream_executor/cuda/cuda_platform.cc:51] failed call to cuInit: INTERNAL: CUDA error: Failed call to cuInit: CUDA_ERROR_NO_DEVICE: no CUDA-capable device is detected
2026-06-04 21:00:34.512070: E external/local_xla/xla/stream_executor/cuda/cuda_diagnostics.cc:294] kernel version 550.90.12 does not match DSO version 575.51.3 -- cannot find working devices in this configuration
2026-06-04 21:00:34.694893: E external/local_xla/xla/stream_executor/cuda/cuda_platform.cc:51] failed call to cuInit: INTERNAL: CUDA error: Failed call to cuInit: CUDA_ERROR_NO_DEVICE: no CUDA-capable device is detected
2026-06-04 21:00:34.695125: E external/local_xla/xla/stream_executor/cuda/cuda_diagnostics.cc:294] kernel version 550.90.12 does not match DSO version 575.51.3 -- cannot find working devices in this configuration
/usr/local/lib/python3.11/site-packages/torch/__init__.py:1617: UserWarning: Please use the new API settings to control TF32 behavior, such as torch.backends.cudnn.conv.fp32_precision = 'tf32' or torch.backends.cuda.matmul.fp32_precision = 'ieee'. Old settings, e.g, torch.backends.cuda.matmul.allow_tf32 = True, torch.backends.cudnn.allow_tf32 = True, allowTF32CuDNN() and allowTF32CuBLAS() will be deprecated after Pytorch 2.9. Please see https://pytorch.org/docs/main/notes/cuda.html#tensorfloat-32-tf32-on-ampere-and-later-devices (Triggered internally at /pytorch/aten/src/ATen/Context.cpp:80.)
  _C._set_float32_matmul_precision(precision)
/usr/local/lib/python3.11/site-packages/torch/cuda/__init__.py:827: UserWarning: Can't initialize NVML
  warnings.warn("Can't initialize NVML")
/usr/local/lib/python3.11/site-packages/torch/__init__.py:1617: UserWarning: Please use the new API settings to control TF32 behavior, such as torch.backends.cudnn.conv.fp32_precision = 'tf32' or torch.backends.cuda.matmul.fp32_precision = 'ieee'. Old settings, e.g, torch.backends.cuda.matmul.allow_tf32 = True, torch.backends.cudnn.allow_tf32 = True, allowTF32CuDNN() and allowTF32CuBLAS() will be deprecated after Pytorch 2.9. Please see https://pytorch.org/docs/main/notes/cuda.html#tensorfloat-32-tf32-on-ampere-and-later-devices (Triggered internally at /pytorch/aten/src/ATen/Context.cpp:80.)
  _C._set_float32_matmul_precision(precision)
/usr/local/lib/python3.11/site-packages/torch/cuda/__init__.py:827: UserWarning: Can't initialize NVML
  warnings.warn("Can't initialize NVML")
/usr/local/lib/python3.11/site-packages/torch/__init__.py:1617: UserWarning: Please use the new API settings to control TF32 behavior, such as torch.backends.cudnn.conv.fp32_precision = 'tf32' or torch.backends.cuda.matmul.fp32_precision = 'ieee'. Old settings, e.g, torch.backends.cuda.matmul.allow_tf32 = True, torch.backends.cudnn.allow_tf32 = True, allowTF32CuDNN() and allowTF32CuBLAS() will be deprecated after Pytorch 2.9. Please see https://pytorch.org/docs/main/notes/cuda.html#tensorfloat-32-tf32-on-ampere-and-later-devices (Triggered internally at /pytorch/aten/src/ATen/Context.cpp:80.)
  _C._set_float32_matmul_precision(precision)
/usr/local/lib/python3.11/site-packages/torch/cuda/__init__.py:827: UserWarning: Can't initialize NVML
  warnings.warn("Can't initialize NVML")
/usr/local/lib/python3.11/site-packages/torch/__init__.py:1617: UserWarning: Please use the new API settings to control TF32 behavior, such as torch.backends.cudnn.conv.fp32_precision = 'tf32' or torch.backends.cuda.matmul.fp32_precision = 'ieee'. Old settings, e.g, torch.backends.cuda.matmul.allow_tf32 = True, torch.backends.cudnn.allow_tf32 = True, allowTF32CuDNN() and allowTF32CuBLAS() will be deprecated after Pytorch 2.9. Please see https://pytorch.org/docs/main/notes/cuda.html#tensorfloat-32-tf32-on-ampere-and-later-devices (Triggered internally at /pytorch/aten/src/ATen/Context.cpp:80.)
  _C._set_float32_matmul_precision(precision)
/usr/local/lib/python3.11/site-packages/torch/cuda/__init__.py:827: UserWarning: Can't initialize NVML
  warnings.warn("Can't initialize NVML")
/usr/local/lib/python3.11/site-packages/torch/cuda/__init__.py:827: UserWarning: Can't initialize NVML
  warnings.warn("Can't initialize NVML")
/usr/local/lib/python3.11/site-packages/torch/cuda/__init__.py:827: UserWarning: Can't initialize NVML
  warnings.warn("Can't initialize NVML")
/usr/local/lib/python3.11/site-packages/torch/cuda/__init__.py:827: UserWarning: Can't initialize NVML
  warnings.warn("Can't initialize NVML")
/usr/local/lib/python3.11/site-packages/torch/cuda/__init__.py:827: UserWarning: Can't initialize NVML
  warnings.warn("Can't initialize NVML")
/usr/local/lib/python3.11/site-packages/pydantic/_internal/_generate_schema.py:2249: UnsupportedFieldAttributeWarning: The 'repr' attribute with value False was provided to the `Field()` function, which has no effect in the context it was used. 'repr' is field-specific metadata, and can only be attached to a model field using `Annotated` metadata or by assignment. This may have happened because an `Annotated` type alias using the `type` statement was used, or if the `Field()` function was attached to a single member of a union type.
  warnings.warn(
/usr/local/lib/python3.11/site-packages/pydantic/_internal/_generate_schema.py:2249: UnsupportedFieldAttributeWarning: The 'frozen' attribute with value True was provided to the `Field()` function, which has no effect in the context it was used. 'frozen' is field-specific metadata, and can only be attached to a model field using `Annotated` metadata or by assignment. This may have happened because an `Annotated` type alias using the `type` statement was used, or if the `Field()` function was attached to a single member of a union type.
  warnings.warn(
/usr/local/lib/python3.11/site-packages/pydantic/_internal/_generate_schema.py:2249: UnsupportedFieldAttributeWarning: The 'repr' attribute with value False was provided to the `Field()` function, which has no effect in the context it was used. 'repr' is field-specific metadata, and can only be attached to a model field using `Annotated` metadata or by assignment. This may have happened because an `Annotated` type alias using the `type` statement was used, or if the `Field()` function was attached to a single member of a union type.
  warnings.warn(
/usr/local/lib/python3.11/site-packages/pydantic/_internal/_generate_schema.py:2249: UnsupportedFieldAttributeWarning: The 'frozen' attribute with value True was provided to the `Field()` function, which has no effect in the context it was used. 'frozen' is field-specific metadata, and can only be attached to a model field using `Annotated` metadata or by assignment. This may have happened because an `Annotated` type alias using the `type` statement was used, or if the `Field()` function was attached to a single member of a union type.
  warnings.warn(
/usr/local/lib/python3.11/site-packages/pydantic/_internal/_generate_schema.py:2249: UnsupportedFieldAttributeWarning: The 'repr' attribute with value False was provided to the `Field()` function, which has no effect in the context it was used. 'repr' is field-specific metadata, and can only be attached to a model field using `Annotated` metadata or by assignment. This may have happened because an `Annotated` type alias using the `type` statement was used, or if the `Field()` function was attached to a single member of a union type.
  warnings.warn(
/usr/local/lib/python3.11/site-packages/pydantic/_internal/_generate_schema.py:2249: UnsupportedFieldAttributeWarning: The 'frozen' attribute with value True was provided to the `Field()` function, which has no effect in the context it was used. 'frozen' is field-specific metadata, and can only be attached to a model field using `Annotated` metadata or by assignment. This may have happened because an `Annotated` type alias using the `type` statement was used, or if the `Field()` function was attached to a single member of a union type.
  warnings.warn(
/usr/local/lib/python3.11/site-packages/pydantic/_internal/_generate_schema.py:2249: UnsupportedFieldAttributeWarning: The 'repr' attribute with value False was provided to the `Field()` function, which has no effect in the context it was used. 'repr' is field-specific metadata, and can only be attached to a model field using `Annotated` metadata or by assignment. This may have happened because an `Annotated` type alias using the `type` statement was used, or if the `Field()` function was attached to a single member of a union type.
  warnings.warn(
/usr/local/lib/python3.11/site-packages/pydantic/_internal/_generate_schema.py:2249: UnsupportedFieldAttributeWarning: The 'frozen' attribute with value True was provided to the `Field()` function, which has no effect in the context it was used. 'frozen' is field-specific metadata, and can only be attached to a model field using `Annotated` metadata or by assignment. This may have happened because an `Annotated` type alias using the `type` statement was used, or if the `Field()` function was attached to a single member of a union type.
  warnings.warn(
/usr/local/lib/python3.11/site-packages/torch/cuda/__init__.py:827: UserWarning: Can't initialize NVML
  warnings.warn("Can't initialize NVML")
Traceback (most recent call last):
  File "/algorithmic-efficiency/submission_runner.py", line 873, in <module>
    app.run(main)
  File "/usr/local/lib/python3.11/site-packages/absl/app.py", line 308, in run
    _run_main(main, args)
  File "/usr/local/lib/python3.11/site-packages/absl/app.py", line 254, in _run_main
    sys.exit(main(argv))
             ^^^^^^^^^^
  File "/algorithmic-efficiency/submission_runner.py", line 787, in main
    pytorch_init(
  File "/algorithmic-efficiency/algoperf/pytorch_utils.py", line 50, in pytorch_init
    torch.cuda.set_device(rank)
  File "/usr/local/lib/python3.11/site-packages/torch/cuda/__init__.py", line 567, in set_device
    torch._C._cuda_setDevice(device)
  File "/usr/local/lib/python3.11/site-packages/torch/cuda/__init__.py", line 410, in _lazy_init
    torch._C._cuda_init()
RuntimeError: No CUDA GPUs are available
/usr/local/lib/python3.11/site-packages/torch/cuda/__init__.py:827: UserWarning: Can't initialize NVML
  warnings.warn("Can't initialize NVML")
Traceback (most recent call last):
  File "/algorithmic-efficiency/submission_runner.py", line 873, in <module>
    app.run(main)
  File "/usr/local/lib/python3.11/site-packages/absl/app.py", line 308, in run
    _run_main(main, args)
  File "/usr/local/lib/python3.11/site-packages/absl/app.py", line 254, in _run_main
    sys.exit(main(argv))
             ^^^^^^^^^^
  File "/algorithmic-efficiency/submission_runner.py", line 787, in main
    pytorch_init(
  File "/algorithmic-efficiency/algoperf/pytorch_utils.py", line 50, in pytorch_init
    torch.cuda.set_device(rank)
  File "/usr/local/lib/python3.11/site-packages/torch/cuda/__init__.py", line 567, in set_device
    torch._C._cuda_setDevice(device)
  File "/usr/local/lib/python3.11/site-packages/torch/cuda/__init__.py", line 410, in _lazy_init
    torch._C._cuda_init()
RuntimeError: No CUDA GPUs are available
/usr/local/lib/python3.11/site-packages/torch/cuda/__init__.py:827: UserWarning: Can't initialize NVML
  warnings.warn("Can't initialize NVML")
Traceback (most recent call last):
  File "/algorithmic-efficiency/submission_runner.py", line 873, in <module>
    app.run(main)
  File "/usr/local/lib/python3.11/site-packages/absl/app.py", line 308, in run
    _run_main(main, args)
  File "/usr/local/lib/python3.11/site-packages/absl/app.py", line 254, in _run_main
    sys.exit(main(argv))
             ^^^^^^^^^^
  File "/algorithmic-efficiency/submission_runner.py", line 787, in main
    pytorch_init(
  File "/algorithmic-efficiency/algoperf/pytorch_utils.py", line 50, in pytorch_init
    torch.cuda.set_device(rank)
  File "/usr/local/lib/python3.11/site-packages/torch/cuda/__init__.py", line 567, in set_device
    torch._C._cuda_setDevice(device)
  File "/usr/local/lib/python3.11/site-packages/torch/cuda/__init__.py", line 410, in _lazy_init
    torch._C._cuda_init()
RuntimeError: No CUDA GPUs are available
/usr/local/lib/python3.11/site-packages/torch/cuda/__init__.py:827: UserWarning: Can't initialize NVML
  warnings.warn("Can't initialize NVML")
Traceback (most recent call last):
  File "/algorithmic-efficiency/submission_runner.py", line 873, in <module>
    app.run(main)
  File "/usr/local/lib/python3.11/site-packages/absl/app.py", line 308, in run
    _run_main(main, args)
  File "/usr/local/lib/python3.11/site-packages/absl/app.py", line 254, in _run_main
    sys.exit(main(argv))
             ^^^^^^^^^^
  File "/algorithmic-efficiency/submission_runner.py", line 787, in main
    pytorch_init(
  File "/algorithmic-efficiency/algoperf/pytorch_utils.py", line 50, in pytorch_init
    torch.cuda.set_device(rank)
  File "/usr/local/lib/python3.11/site-packages/torch/cuda/__init__.py", line 567, in set_device
    torch._C._cuda_setDevice(device)
  File "/usr/local/lib/python3.11/site-packages/torch/cuda/__init__.py", line 410, in _lazy_init
    torch._C._cuda_init()
RuntimeError: No CUDA GPUs are available
W0604 21:00:37.564000 9 site-packages/torch/distributed/elastic/multiprocessing/api.py:908] Sending process 40 closing signal SIGTERM
E0604 21:00:37.628000 9 site-packages/torch/distributed/elastic/multiprocessing/api.py:882] failed (exitcode: 1) local_rank: 0 (pid: 38) of binary: /usr/local/bin/python3.11
Traceback (most recent call last):
  File "/usr/local/bin/torchrun", line 6, in <module>
    sys.exit(main())
             ^^^^^^
  File "/usr/local/lib/python3.11/site-packages/torch/distributed/elastic/multiprocessing/errors/__init__.py", line 357, in wrapper
    return f(*args, **kwargs)
           ^^^^^^^^^^^^^^^^^^
  File "/usr/local/lib/python3.11/site-packages/torch/distributed/run.py", line 936, in main
    run(args)
  File "/usr/local/lib/python3.11/site-packages/torch/distributed/run.py", line 927, in run
    elastic_launch(
  File "/usr/local/lib/python3.11/site-packages/torch/distributed/launcher/api.py", line 156, in __call__
    return launch_agent(self._config, self._entrypoint, list(args))
           ^^^^^^^^^^^^^^^^^^^^^^^^^^^^^^^^^^^^^^^^^^^^^^^^^^^^^^^^
  File "/usr/local/lib/python3.11/site-packages/torch/distributed/launcher/api.py", line 293, in launch_agent
    raise ChildFailedError(
torch.distributed.elastic.multiprocessing.errors.ChildFailedError: 
============================================================
submission_runner.py FAILED
------------------------------------------------------------
Failures:
[1]:
  time      : 2026-06-04_21:00:37
  host      : f1a448dc13a1
  rank      : 1 (local_rank: 1)
  exitcode  : 1 (pid: 39)
  error_file: <N/A>
  traceback : To enable traceback see: https://pytorch.org/docs/stable/elastic/errors.html
[2]:
  time      : 2026-06-04_21:00:37
  host      : f1a448dc13a1
  rank      : 3 (local_rank: 3)
  exitcode  : 1 (pid: 41)
  error_file: <N/A>
  traceback : To enable traceback see: https://pytorch.org/docs/stable/elastic/errors.html
------------------------------------------------------------
Root Cause (first observed failure):
[0]:
  time      : 2026-06-04_21:00:37
  host      : f1a448dc13a1
  rank      : 0 (local_rank: 0)
  exitcode  : 1 (pid: 38)
  error_file: <N/A>
  traceback : To enable traceback see: https://pytorch.org/docs/stable/elastic/errors.html
============================================================
