torchrun --redirects 1:0,2:0,3:0 --standalone --nnodes=1 --nproc_per_node=4 submission_runner.py --framework=pytorch --workload=librispeech_deepspeech --submission_path=submissions_algorithms/submissions/self_tuning/muon_torch_jax_hps_achandr/submission.py --data_dir=/data/librispeech --experiment_dir=/experiment_runs --experiment_name=submissions_a100/muon_torch_jax_hps_achandr/study_0 --overwrite=True --save_checkpoints=False --rng_seed=823151169 --librispeech_tokenizer_vocab_path=/data/librispeech/spm_model.vocab --torch_compile=true --tuning_ruleset=self 2>&1 | tee -a /logs/librispeech_deepspeech_pytorch_05-31-2026-22-39-54.log
W0531 22:39:56.258000 9 site-packages/torch/distributed/run.py:803] 
W0531 22:39:56.258000 9 site-packages/torch/distributed/run.py:803] *****************************************
W0531 22:39:56.258000 9 site-packages/torch/distributed/run.py:803] Setting OMP_NUM_THREADS environment variable for each process to be 1 in default, to avoid your system being overloaded, please further tune the variable for optimal performance in your application as needed. 
W0531 22:39:56.258000 9 site-packages/torch/distributed/run.py:803] *****************************************
2026-05-31 22:39:57.789296: E external/local_xla/xla/stream_executor/cuda/cuda_fft.cc:467] Unable to register cuFFT factory: Attempting to register factory for plugin cuFFT when one has already been registered
2026-05-31 22:39:57.789296: E external/local_xla/xla/stream_executor/cuda/cuda_fft.cc:467] Unable to register cuFFT factory: Attempting to register factory for plugin cuFFT when one has already been registered
2026-05-31 22:39:57.789299: E external/local_xla/xla/stream_executor/cuda/cuda_fft.cc:467] Unable to register cuFFT factory: Attempting to register factory for plugin cuFFT when one has already been registered
2026-05-31 22:39:57.789296: E external/local_xla/xla/stream_executor/cuda/cuda_fft.cc:467] Unable to register cuFFT factory: Attempting to register factory for plugin cuFFT when one has already been registered
WARNING: All log messages before absl::InitializeLog() is called are written to STDERR
WARNING: All log messages before absl::InitializeLog() is called are written to STDERR
WARNING: All log messages before absl::InitializeLog() is called are written to STDERR
WARNING: All log messages before absl::InitializeLog() is called are written to STDERR
E0000 00:00:1780267197.813874      40 cuda_dnn.cc:8579] Unable to register cuDNN factory: Attempting to register factory for plugin cuDNN when one has already been registered
E0000 00:00:1780267197.813873      41 cuda_dnn.cc:8579] Unable to register cuDNN factory: Attempting to register factory for plugin cuDNN when one has already been registered
E0000 00:00:1780267197.813872      38 cuda_dnn.cc:8579] Unable to register cuDNN factory: Attempting to register factory for plugin cuDNN when one has already been registered
E0000 00:00:1780267197.813872      39 cuda_dnn.cc:8579] Unable to register cuDNN factory: Attempting to register factory for plugin cuDNN when one has already been registered
E0000 00:00:1780267197.821915      38 cuda_blas.cc:1407] Unable to register cuBLAS factory: Attempting to register factory for plugin cuBLAS when one has already been registered
E0000 00:00:1780267197.821915      41 cuda_blas.cc:1407] Unable to register cuBLAS factory: Attempting to register factory for plugin cuBLAS when one has already been registered
E0000 00:00:1780267197.821915      39 cuda_blas.cc:1407] Unable to register cuBLAS factory: Attempting to register factory for plugin cuBLAS when one has already been registered
E0000 00:00:1780267197.821935      40 cuda_blas.cc:1407] Unable to register cuBLAS factory: Attempting to register factory for plugin cuBLAS when one has already been registered
W0000 00:00:1780267197.848140      39 computation_placer.cc:177] computation placer already registered. Please check linkage and avoid linking the same target more than once.
W0000 00:00:1780267197.848141      41 computation_placer.cc:177] computation placer already registered. Please check linkage and avoid linking the same target more than once.
W0000 00:00:1780267197.848141      38 computation_placer.cc:177] computation placer already registered. Please check linkage and avoid linking the same target more than once.
W0000 00:00:1780267197.848141      40 computation_placer.cc:177] computation placer already registered. Please check linkage and avoid linking the same target more than once.
W0000 00:00:1780267197.848173      38 computation_placer.cc:177] computation placer already registered. Please check linkage and avoid linking the same target more than once.
W0000 00:00:1780267197.848174      40 computation_placer.cc:177] computation placer already registered. Please check linkage and avoid linking the same target more than once.
W0000 00:00:1780267197.848173      41 computation_placer.cc:177] computation placer already registered. Please check linkage and avoid linking the same target more than once.
W0000 00:00:1780267197.848176      38 computation_placer.cc:177] computation placer already registered. Please check linkage and avoid linking the same target more than once.
W0000 00:00:1780267197.848177      41 computation_placer.cc:177] computation placer already registered. Please check linkage and avoid linking the same target more than once.
W0000 00:00:1780267197.848179      41 computation_placer.cc:177] computation placer already registered. Please check linkage and avoid linking the same target more than once.
W0000 00:00:1780267197.848179      38 computation_placer.cc:177] computation placer already registered. Please check linkage and avoid linking the same target more than once.
W0000 00:00:1780267197.848177      40 computation_placer.cc:177] computation placer already registered. Please check linkage and avoid linking the same target more than once.
W0000 00:00:1780267197.848178      39 computation_placer.cc:177] computation placer already registered. Please check linkage and avoid linking the same target more than once.
W0000 00:00:1780267197.848182      40 computation_placer.cc:177] computation placer already registered. Please check linkage and avoid linking the same target more than once.
W0000 00:00:1780267197.848182      39 computation_placer.cc:177] computation placer already registered. Please check linkage and avoid linking the same target more than once.
W0000 00:00:1780267197.848185      39 computation_placer.cc:177] computation placer already registered. Please check linkage and avoid linking the same target more than once.
W0000 00:00:1780267203.645230      39 gpu_device.cc:2341] Cannot dlopen some GPU libraries. Please make sure the missing libraries mentioned above are installed properly if you would like to use GPU. Follow the guide at https://www.tensorflow.org/install/gpu for how to download and setup the required libraries for your platform.
Skipping registering GPU devices...
W0000 00:00:1780267203.707261      38 gpu_device.cc:2341] Cannot dlopen some GPU libraries. Please make sure the missing libraries mentioned above are installed properly if you would like to use GPU. Follow the guide at https://www.tensorflow.org/install/gpu for how to download and setup the required libraries for your platform.
Skipping registering GPU devices...
W0000 00:00:1780267203.785608      41 gpu_device.cc:2341] Cannot dlopen some GPU libraries. Please make sure the missing libraries mentioned above are installed properly if you would like to use GPU. Follow the guide at https://www.tensorflow.org/install/gpu for how to download and setup the required libraries for your platform.
Skipping registering GPU devices...
W0000 00:00:1780267204.065829      40 gpu_device.cc:2341] Cannot dlopen some GPU libraries. Please make sure the missing libraries mentioned above are installed properly if you would like to use GPU. Follow the guide at https://www.tensorflow.org/install/gpu for how to download and setup the required libraries for your platform.
Skipping registering GPU devices...
/usr/local/lib/python3.11/site-packages/torch/__init__.py:1617: UserWarning: Please use the new API settings to control TF32 behavior, such as torch.backends.cudnn.conv.fp32_precision = 'tf32' or torch.backends.cuda.matmul.fp32_precision = 'ieee'. Old settings, e.g, torch.backends.cuda.matmul.allow_tf32 = True, torch.backends.cudnn.allow_tf32 = True, allowTF32CuDNN() and allowTF32CuBLAS() will be deprecated after Pytorch 2.9. Please see https://pytorch.org/docs/main/notes/cuda.html#tensorfloat-32-tf32-on-ampere-and-later-devices (Triggered internally at /pytorch/aten/src/ATen/Context.cpp:80.)
  _C._set_float32_matmul_precision(precision)
/usr/local/lib/python3.11/site-packages/torch/__init__.py:1617: UserWarning: Please use the new API settings to control TF32 behavior, such as torch.backends.cudnn.conv.fp32_precision = 'tf32' or torch.backends.cuda.matmul.fp32_precision = 'ieee'. Old settings, e.g, torch.backends.cuda.matmul.allow_tf32 = True, torch.backends.cudnn.allow_tf32 = True, allowTF32CuDNN() and allowTF32CuBLAS() will be deprecated after Pytorch 2.9. Please see https://pytorch.org/docs/main/notes/cuda.html#tensorfloat-32-tf32-on-ampere-and-later-devices (Triggered internally at /pytorch/aten/src/ATen/Context.cpp:80.)
  _C._set_float32_matmul_precision(precision)
/usr/local/lib/python3.11/site-packages/torch/__init__.py:1617: UserWarning: Please use the new API settings to control TF32 behavior, such as torch.backends.cudnn.conv.fp32_precision = 'tf32' or torch.backends.cuda.matmul.fp32_precision = 'ieee'. Old settings, e.g, torch.backends.cuda.matmul.allow_tf32 = True, torch.backends.cudnn.allow_tf32 = True, allowTF32CuDNN() and allowTF32CuBLAS() will be deprecated after Pytorch 2.9. Please see https://pytorch.org/docs/main/notes/cuda.html#tensorfloat-32-tf32-on-ampere-and-later-devices (Triggered internally at /pytorch/aten/src/ATen/Context.cpp:80.)
  _C._set_float32_matmul_precision(precision)
/usr/local/lib/python3.11/site-packages/torch/__init__.py:1617: UserWarning: Please use the new API settings to control TF32 behavior, such as torch.backends.cudnn.conv.fp32_precision = 'tf32' or torch.backends.cuda.matmul.fp32_precision = 'ieee'. Old settings, e.g, torch.backends.cuda.matmul.allow_tf32 = True, torch.backends.cudnn.allow_tf32 = True, allowTF32CuDNN() and allowTF32CuBLAS() will be deprecated after Pytorch 2.9. Please see https://pytorch.org/docs/main/notes/cuda.html#tensorfloat-32-tf32-on-ampere-and-later-devices (Triggered internally at /pytorch/aten/src/ATen/Context.cpp:80.)
  _C._set_float32_matmul_precision(precision)
/usr/local/lib/python3.11/site-packages/pydantic/_internal/_generate_schema.py:2249: UnsupportedFieldAttributeWarning: The 'repr' attribute with value False was provided to the `Field()` function, which has no effect in the context it was used. 'repr' is field-specific metadata, and can only be attached to a model field using `Annotated` metadata or by assignment. This may have happened because an `Annotated` type alias using the `type` statement was used, or if the `Field()` function was attached to a single member of a union type.
  warnings.warn(
/usr/local/lib/python3.11/site-packages/pydantic/_internal/_generate_schema.py:2249: UnsupportedFieldAttributeWarning: The 'frozen' attribute with value True was provided to the `Field()` function, which has no effect in the context it was used. 'frozen' is field-specific metadata, and can only be attached to a model field using `Annotated` metadata or by assignment. This may have happened because an `Annotated` type alias using the `type` statement was used, or if the `Field()` function was attached to a single member of a union type.
  warnings.warn(
/usr/local/lib/python3.11/site-packages/pydantic/_internal/_generate_schema.py:2249: UnsupportedFieldAttributeWarning: The 'repr' attribute with value False was provided to the `Field()` function, which has no effect in the context it was used. 'repr' is field-specific metadata, and can only be attached to a model field using `Annotated` metadata or by assignment. This may have happened because an `Annotated` type alias using the `type` statement was used, or if the `Field()` function was attached to a single member of a union type.
  warnings.warn(
/usr/local/lib/python3.11/site-packages/pydantic/_internal/_generate_schema.py:2249: UnsupportedFieldAttributeWarning: The 'frozen' attribute with value True was provided to the `Field()` function, which has no effect in the context it was used. 'frozen' is field-specific metadata, and can only be attached to a model field using `Annotated` metadata or by assignment. This may have happened because an `Annotated` type alias using the `type` statement was used, or if the `Field()` function was attached to a single member of a union type.
  warnings.warn(
/usr/local/lib/python3.11/site-packages/pydantic/_internal/_generate_schema.py:2249: UnsupportedFieldAttributeWarning: The 'repr' attribute with value False was provided to the `Field()` function, which has no effect in the context it was used. 'repr' is field-specific metadata, and can only be attached to a model field using `Annotated` metadata or by assignment. This may have happened because an `Annotated` type alias using the `type` statement was used, or if the `Field()` function was attached to a single member of a union type.
  warnings.warn(
/usr/local/lib/python3.11/site-packages/pydantic/_internal/_generate_schema.py:2249: UnsupportedFieldAttributeWarning: The 'frozen' attribute with value True was provided to the `Field()` function, which has no effect in the context it was used. 'frozen' is field-specific metadata, and can only be attached to a model field using `Annotated` metadata or by assignment. This may have happened because an `Annotated` type alias using the `type` statement was used, or if the `Field()` function was attached to a single member of a union type.
  warnings.warn(
/usr/local/lib/python3.11/site-packages/pydantic/_internal/_generate_schema.py:2249: UnsupportedFieldAttributeWarning: The 'repr' attribute with value False was provided to the `Field()` function, which has no effect in the context it was used. 'repr' is field-specific metadata, and can only be attached to a model field using `Annotated` metadata or by assignment. This may have happened because an `Annotated` type alias using the `type` statement was used, or if the `Field()` function was attached to a single member of a union type.
  warnings.warn(
/usr/local/lib/python3.11/site-packages/pydantic/_internal/_generate_schema.py:2249: UnsupportedFieldAttributeWarning: The 'frozen' attribute with value True was provided to the `Field()` function, which has no effect in the context it was used. 'frozen' is field-specific metadata, and can only be attached to a model field using `Annotated` metadata or by assignment. This may have happened because an `Annotated` type alias using the `type` statement was used, or if the `Field()` function was attached to a single member of a union type.
  warnings.warn(
/usr/local/lib/python3.11/site-packages/torch/distributed/distributed_c10d.py:4876: UserWarning: barrier(): using the device under current context. You can specify `device_id` in `init_process_group` to mute this warning.
  warnings.warn(  # warn only once
[rank0]:[W531 22:40:06.912349108 ProcessGroupNCCL.cpp:5068] Guessing device ID based on global rank. This can cause a hang if rank to GPU mapping is heterogeneous. You can specify device_id in init_process_group()
I0531 22:40:06.798743 140314181444800 logger_utils.py:84] Creating experiment directory at /experiment_runs/submissions_a100/muon_torch_jax_hps_achandr/study_0/librispeech_deepspeech_pytorch.
I0531 22:40:06.798740 139903052551360 logger_utils.py:84] Creating experiment directory at /experiment_runs/submissions_a100/muon_torch_jax_hps_achandr/study_0/librispeech_deepspeech_pytorch.
I0531 22:40:06.798741 139688851330240 logger_utils.py:84] Creating experiment directory at /experiment_runs/submissions_a100/muon_torch_jax_hps_achandr/study_0/librispeech_deepspeech_pytorch.
I0531 22:40:06.798774 139745385223360 logger_utils.py:84] Creating experiment directory at /experiment_runs/submissions_a100/muon_torch_jax_hps_achandr/study_0/librispeech_deepspeech_pytorch.
I0531 22:40:09.468635 140314181444800 submission_runner.py:741] Creating directory at /experiment_runs/submissions_a100/muon_torch_jax_hps_achandr/study_0/librispeech_deepspeech_pytorch/trial_1.
I0531 22:40:09.837929 140314181444800 submission_runner.py:242] Initializing dataset.
I0531 22:40:09.838128 140314181444800 input_pipeline.py:19] Loading split = train-clean-100
I0531 22:40:09.889803 140314181444800 input_pipeline.py:19] Loading split = train-clean-360
I0531 22:40:10.101095 140314181444800 input_pipeline.py:19] Loading split = train-other-500
I0531 22:40:10.726326 140314181444800 submission_runner.py:251] Initializing model.
W0531 22:40:15.465228 140314181444800 submission_runner.py:273] These workloads cannot be fully compiled under current PyTorch version. Proceeding without `torch.compile`.
W0531 22:40:15.466364 139745385223360 submission_runner.py:273] These workloads cannot be fully compiled under current PyTorch version. Proceeding without `torch.compile`.
W0531 22:40:15.466619 139903052551360 submission_runner.py:273] These workloads cannot be fully compiled under current PyTorch version. Proceeding without `torch.compile`.
W0531 22:40:15.466959 139688851330240 submission_runner.py:273] These workloads cannot be fully compiled under current PyTorch version. Proceeding without `torch.compile`.
I0531 22:40:15.467407 140314181444800 submission_runner.py:294] Initializing optimizer.
I0531 22:40:15.467858 140314181444800 muon.py:324] Muon params:
	module.subsample.conv1.kernel (ndim=4)
	module.subsample.conv2.kernel (ndim=4)
	module.subsample.lin.weight (ndim=2)
	module.lstms.0.lstm.weight_ih_l0 (ndim=2)
	module.lstms.0.lstm.weight_hh_l0 (ndim=2)
	module.lstms.0.lstm.weight_ih_l0_reverse (ndim=2)
	module.lstms.0.lstm.weight_hh_l0_reverse (ndim=2)
	module.lstms.1.lstm.weight_ih_l0 (ndim=2)
	module.lstms.1.lstm.weight_hh_l0 (ndim=2)
	module.lstms.1.lstm.weight_ih_l0_reverse (ndim=2)
	module.lstms.1.lstm.weight_hh_l0_reverse (ndim=2)
	module.lstms.2.lstm.weight_ih_l0 (ndim=2)
	module.lstms.2.lstm.weight_hh_l0 (ndim=2)
	module.lstms.2.lstm.weight_ih_l0_reverse (ndim=2)
	module.lstms.2.lstm.weight_hh_l0_reverse (ndim=2)
	module.lstms.3.lstm.weight_ih_l0 (ndim=2)
	module.lstms.3.lstm.weight_hh_l0 (ndim=2)
	module.lstms.3.lstm.weight_ih_l0_reverse (ndim=2)
	module.lstms.3.lstm.weight_hh_l0_reverse (ndim=2)
	module.lstms.4.lstm.weight_ih_l0 (ndim=2)
	module.lstms.4.lstm.weight_hh_l0 (ndim=2)
	module.lstms.4.lstm.weight_ih_l0_reverse (ndim=2)
	module.lstms.4.lstm.weight_hh_l0_reverse (ndim=2)
	module.lstms.5.lstm.weight_ih_l0 (ndim=2)
	module.lstms.5.lstm.weight_hh_l0 (ndim=2)
	module.lstms.5.lstm.weight_ih_l0_reverse (ndim=2)
	module.lstms.5.lstm.weight_hh_l0_reverse (ndim=2)
	module.ffns.0.lin.weight (ndim=2)
	module.ffns.1.lin.weight (ndim=2)
	module.ffns.2.lin.weight (ndim=2)
	module.lin.weight (ndim=2)
I0531 22:40:15.467931 140314181444800 muon.py:325] Adam params:
	module.subsample.conv1.bias (ndim=1)
	module.subsample.conv2.bias (ndim=1)
	module.subsample.lin.bias (ndim=1)
	module.lstms.0.bn_normalization_layer.weight (ndim=1)
	module.lstms.0.bn_normalization_layer.bias (ndim=1)
	module.lstms.0.lstm.bias_ih_l0 (ndim=1)
	module.lstms.0.lstm.bias_hh_l0 (ndim=1)
	module.lstms.0.lstm.bias_ih_l0_reverse (ndim=1)
	module.lstms.0.lstm.bias_hh_l0_reverse (ndim=1)
	module.lstms.1.bn_normalization_layer.weight (ndim=1)
	module.lstms.1.bn_normalization_layer.bias (ndim=1)
	module.lstms.1.lstm.bias_ih_l0 (ndim=1)
	module.lstms.1.lstm.bias_hh_l0 (ndim=1)
	module.lstms.1.lstm.bias_ih_l0_reverse (ndim=1)
	module.lstms.1.lstm.bias_hh_l0_reverse (ndim=1)
	module.lstms.2.bn_normalization_layer.weight (ndim=1)
	module.lstms.2.bn_normalization_layer.bias (ndim=1)
	module.lstms.2.lstm.bias_ih_l0 (ndim=1)
	module.lstms.2.lstm.bias_hh_l0 (ndim=1)
	module.lstms.2.lstm.bias_ih_l0_reverse (ndim=1)
	module.lstms.2.lstm.bias_hh_l0_reverse (ndim=1)
	module.lstms.3.bn_normalization_layer.weight (ndim=1)
	module.lstms.3.bn_normalization_layer.bias (ndim=1)
	module.lstms.3.lstm.bias_ih_l0 (ndim=1)
	module.lstms.3.lstm.bias_hh_l0 (ndim=1)
	module.lstms.3.lstm.bias_ih_l0_reverse (ndim=1)
	module.lstms.3.lstm.bias_hh_l0_reverse (ndim=1)
	module.lstms.4.bn_normalization_layer.weight (ndim=1)
	module.lstms.4.bn_normalization_layer.bias (ndim=1)
	module.lstms.4.lstm.bias_ih_l0 (ndim=1)
	module.lstms.4.lstm.bias_hh_l0 (ndim=1)
	module.lstms.4.lstm.bias_ih_l0_reverse (ndim=1)
	module.lstms.4.lstm.bias_hh_l0_reverse (ndim=1)
	module.lstms.5.bn_normalization_layer.weight (ndim=1)
	module.lstms.5.bn_normalization_layer.bias (ndim=1)
	module.lstms.5.lstm.bias_ih_l0 (ndim=1)
	module.lstms.5.lstm.bias_hh_l0 (ndim=1)
	module.lstms.5.lstm.bias_ih_l0_reverse (ndim=1)
	module.lstms.5.lstm.bias_hh_l0_reverse (ndim=1)
	module.ffns.0.bn_normalization_layer.weight (ndim=1)
	module.ffns.0.bn_normalization_layer.bias (ndim=1)
	module.ffns.0.lin.bias (ndim=1)
	module.ffns.1.bn_normalization_layer.weight (ndim=1)
	module.ffns.1.bn_normalization_layer.bias (ndim=1)
	module.ffns.1.lin.bias (ndim=1)
	module.ffns.2.bn_normalization_layer.weight (ndim=1)
	module.ffns.2.bn_normalization_layer.bias (ndim=1)
	module.ffns.2.lin.bias (ndim=1)
	module.ln.scale (ndim=1)
	module.ln.bias (ndim=1)
	module.lin.bias (ndim=1)
I0531 22:40:15.468802 139745385223360 muon.py:324] Muon params:
	module.subsample.conv1.kernel (ndim=4)
	module.subsample.conv2.kernel (ndim=4)
	module.subsample.lin.weight (ndim=2)
	module.lstms.0.lstm.weight_ih_l0 (ndim=2)
	module.lstms.0.lstm.weight_hh_l0 (ndim=2)
	module.lstms.0.lstm.weight_ih_l0_reverse (ndim=2)
	module.lstms.0.lstm.weight_hh_l0_reverse (ndim=2)
	module.lstms.1.lstm.weight_ih_l0 (ndim=2)
	module.lstms.1.lstm.weight_hh_l0 (ndim=2)
	module.lstms.1.lstm.weight_ih_l0_reverse (ndim=2)
	module.lstms.1.lstm.weight_hh_l0_reverse (ndim=2)
	module.lstms.2.lstm.weight_ih_l0 (ndim=2)
	module.lstms.2.lstm.weight_hh_l0 (ndim=2)
	module.lstms.2.lstm.weight_ih_l0_reverse (ndim=2)
	module.lstms.2.lstm.weight_hh_l0_reverse (ndim=2)
	module.lstms.3.lstm.weight_ih_l0 (ndim=2)
	module.lstms.3.lstm.weight_hh_l0 (ndim=2)
	module.lstms.3.lstm.weight_ih_l0_reverse (ndim=2)
	module.lstms.3.lstm.weight_hh_l0_reverse (ndim=2)
	module.lstms.4.lstm.weight_ih_l0 (ndim=2)
	module.lstms.4.lstm.weight_hh_l0 (ndim=2)
	module.lstms.4.lstm.weight_ih_l0_reverse (ndim=2)
	module.lstms.4.lstm.weight_hh_l0_reverse (ndim=2)
	module.lstms.5.lstm.weight_ih_l0 (ndim=2)
	module.lstms.5.lstm.weight_hh_l0 (ndim=2)
	module.lstms.5.lstm.weight_ih_l0_reverse (ndim=2)
	module.lstms.5.lstm.weight_hh_l0_reverse (ndim=2)
	module.ffns.0.lin.weight (ndim=2)
	module.ffns.1.lin.weight (ndim=2)
	module.ffns.2.lin.weight (ndim=2)
	module.lin.weight (ndim=2)
I0531 22:40:15.468935 139745385223360 muon.py:325] Adam params:
	module.subsample.conv1.bias (ndim=1)
	module.subsample.conv2.bias (ndim=1)
	module.subsample.lin.bias (ndim=1)
	module.lstms.0.bn_normalization_layer.weight (ndim=1)
	module.lstms.0.bn_normalization_layer.bias (ndim=1)
	module.lstms.0.lstm.bias_ih_l0 (ndim=1)
	module.lstms.0.lstm.bias_hh_l0 (ndim=1)
	module.lstms.0.lstm.bias_ih_l0_reverse (ndim=1)
	module.lstms.0.lstm.bias_hh_l0_reverse (ndim=1)
	module.lstms.1.bn_normalization_layer.weight (ndim=1)
	module.lstms.1.bn_normalization_layer.bias (ndim=1)
	module.lstms.1.lstm.bias_ih_l0 (ndim=1)
	module.lstms.1.lstm.bias_hh_l0 (ndim=1)
	module.lstms.1.lstm.bias_ih_l0_reverse (ndim=1)
	module.lstms.1.lstm.bias_hh_l0_reverse (ndim=1)
	module.lstms.2.bn_normalization_layer.weight (ndim=1)
	module.lstms.2.bn_normalization_layer.bias (ndim=1)
	module.lstms.2.lstm.bias_ih_l0 (ndim=1)
	module.lstms.2.lstm.bias_hh_l0 (ndim=1)
	module.lstms.2.lstm.bias_ih_l0_reverse (ndim=1)
	module.lstms.2.lstm.bias_hh_l0_reverse (ndim=1)
	module.lstms.3.bn_normalization_layer.weight (ndim=1)
	module.lstms.3.bn_normalization_layer.bias (ndim=1)
	module.lstms.3.lstm.bias_ih_l0 (ndim=1)
	module.lstms.3.lstm.bias_hh_l0 (ndim=1)
	module.lstms.3.lstm.bias_ih_l0_reverse (ndim=1)
	module.lstms.3.lstm.bias_hh_l0_reverse (ndim=1)
	module.lstms.4.bn_normalization_layer.weight (ndim=1)
	module.lstms.4.bn_normalization_layer.bias (ndim=1)
	module.lstms.4.lstm.bias_ih_l0 (ndim=1)
	module.lstms.4.lstm.bias_hh_l0 (ndim=1)
	module.lstms.4.lstm.bias_ih_l0_reverse (ndim=1)
	module.lstms.4.lstm.bias_hh_l0_reverse (ndim=1)
	module.lstms.5.bn_normalization_layer.weight (ndim=1)
	module.lstms.5.bn_normalization_layer.bias (ndim=1)
	module.lstms.5.lstm.bias_ih_l0 (ndim=1)
	module.lstms.5.lstm.bias_hh_l0 (ndim=1)
	module.lstms.5.lstm.bias_ih_l0_reverse (ndim=1)
	module.lstms.5.lstm.bias_hh_l0_reverse (ndim=1)
	module.ffns.0.bn_normalization_layer.weight (ndim=1)
	module.ffns.0.bn_normalization_layer.bias (ndim=1)
	module.ffns.0.lin.bias (ndim=1)
	module.ffns.1.bn_normalization_layer.weight (ndim=1)
	module.ffns.1.bn_normalization_layer.bias (ndim=1)
	module.ffns.1.lin.bias (ndim=1)
	module.ffns.2.bn_normalization_layer.weight (ndim=1)
	module.ffns.2.bn_normalization_layer.bias (ndim=1)
	module.ffns.2.lin.bias (ndim=1)
	module.ln.scale (ndim=1)
	module.ln.bias (ndim=1)
	module.lin.bias (ndim=1)
I0531 22:40:15.469048 139903052551360 muon.py:324] Muon params:
	module.subsample.conv1.kernel (ndim=4)
	module.subsample.conv2.kernel (ndim=4)
	module.subsample.lin.weight (ndim=2)
	module.lstms.0.lstm.weight_ih_l0 (ndim=2)
	module.lstms.0.lstm.weight_hh_l0 (ndim=2)
	module.lstms.0.lstm.weight_ih_l0_reverse (ndim=2)
	module.lstms.0.lstm.weight_hh_l0_reverse (ndim=2)
	module.lstms.1.lstm.weight_ih_l0 (ndim=2)
	module.lstms.1.lstm.weight_hh_l0 (ndim=2)
	module.lstms.1.lstm.weight_ih_l0_reverse (ndim=2)
	module.lstms.1.lstm.weight_hh_l0_reverse (ndim=2)
	module.lstms.2.lstm.weight_ih_l0 (ndim=2)
	module.lstms.2.lstm.weight_hh_l0 (ndim=2)
	module.lstms.2.lstm.weight_ih_l0_reverse (ndim=2)
	module.lstms.2.lstm.weight_hh_l0_reverse (ndim=2)
	module.lstms.3.lstm.weight_ih_l0 (ndim=2)
	module.lstms.3.lstm.weight_hh_l0 (ndim=2)
	module.lstms.3.lstm.weight_ih_l0_reverse (ndim=2)
	module.lstms.3.lstm.weight_hh_l0_reverse (ndim=2)
	module.lstms.4.lstm.weight_ih_l0 (ndim=2)
	module.lstms.4.lstm.weight_hh_l0 (ndim=2)
	module.lstms.4.lstm.weight_ih_l0_reverse (ndim=2)
	module.lstms.4.lstm.weight_hh_l0_reverse (ndim=2)
	module.lstms.5.lstm.weight_ih_l0 (ndim=2)
	module.lstms.5.lstm.weight_hh_l0 (ndim=2)
	module.lstms.5.lstm.weight_ih_l0_reverse (ndim=2)
	module.lstms.5.lstm.weight_hh_l0_reverse (ndim=2)
	module.ffns.0.lin.weight (ndim=2)
	module.ffns.1.lin.weight (ndim=2)
	module.ffns.2.lin.weight (ndim=2)
	module.lin.weight (ndim=2)
I0531 22:40:15.469087 140314181444800 submission_runner.py:299] Initializing metrics bundle.
I0531 22:40:15.469180 139903052551360 muon.py:325] Adam params:
	module.subsample.conv1.bias (ndim=1)
	module.subsample.conv2.bias (ndim=1)
	module.subsample.lin.bias (ndim=1)
	module.lstms.0.bn_normalization_layer.weight (ndim=1)
	module.lstms.0.bn_normalization_layer.bias (ndim=1)
	module.lstms.0.lstm.bias_ih_l0 (ndim=1)
	module.lstms.0.lstm.bias_hh_l0 (ndim=1)
	module.lstms.0.lstm.bias_ih_l0_reverse (ndim=1)
	module.lstms.0.lstm.bias_hh_l0_reverse (ndim=1)
	module.lstms.1.bn_normalization_layer.weight (ndim=1)
	module.lstms.1.bn_normalization_layer.bias (ndim=1)
	module.lstms.1.lstm.bias_ih_l0 (ndim=1)
	module.lstms.1.lstm.bias_hh_l0 (ndim=1)
	module.lstms.1.lstm.bias_ih_l0_reverse (ndim=1)
	module.lstms.1.lstm.bias_hh_l0_reverse (ndim=1)
	module.lstms.2.bn_normalization_layer.weight (ndim=1)
	module.lstms.2.bn_normalization_layer.bias (ndim=1)
	module.lstms.2.lstm.bias_ih_l0 (ndim=1)
	module.lstms.2.lstm.bias_hh_l0 (ndim=1)
	module.lstms.2.lstm.bias_ih_l0_reverse (ndim=1)
	module.lstms.2.lstm.bias_hh_l0_reverse (ndim=1)
	module.lstms.3.bn_normalization_layer.weight (ndim=1)
	module.lstms.3.bn_normalization_layer.bias (ndim=1)
	module.lstms.3.lstm.bias_ih_l0 (ndim=1)
	module.lstms.3.lstm.bias_hh_l0 (ndim=1)
	module.lstms.3.lstm.bias_ih_l0_reverse (ndim=1)
	module.lstms.3.lstm.bias_hh_l0_reverse (ndim=1)
	module.lstms.4.bn_normalization_layer.weight (ndim=1)
	module.lstms.4.bn_normalization_layer.bias (ndim=1)
	module.lstms.4.lstm.bias_ih_l0 (ndim=1)
	module.lstms.4.lstm.bias_hh_l0 (ndim=1)
	module.lstms.4.lstm.bias_ih_l0_reverse (ndim=1)
	module.lstms.4.lstm.bias_hh_l0_reverse (ndim=1)
	module.lstms.5.bn_normalization_layer.weight (ndim=1)
	module.lstms.5.bn_normalization_layer.bias (ndim=1)
	module.lstms.5.lstm.bias_ih_l0 (ndim=1)
	module.lstms.5.lstm.bias_hh_l0 (ndim=1)
	module.lstms.5.lstm.bias_ih_l0_reverse (ndim=1)
	module.lstms.5.lstm.bias_hh_l0_reverse (ndim=1)
	module.ffns.0.bn_normalization_layer.weight (ndim=1)
	module.ffns.0.bn_normalization_layer.bias (ndim=1)
	module.ffns.0.lin.bias (ndim=1)
	module.ffns.1.bn_normalization_layer.weight (ndim=1)
	module.ffns.1.bn_normalization_layer.bias (ndim=1)
	module.ffns.1.lin.bias (ndim=1)
	module.ffns.2.bn_normalization_layer.weight (ndim=1)
	module.ffns.2.bn_normalization_layer.bias (ndim=1)
	module.ffns.2.lin.bias (ndim=1)
	module.ln.scale (ndim=1)
	module.ln.bias (ndim=1)
	module.lin.bias (ndim=1)
I0531 22:40:15.469250 140314181444800 submission_runner.py:321] Initializing checkpoint and logger.
I0531 22:40:15.469343 139688851330240 muon.py:324] Muon params:
	module.subsample.conv1.kernel (ndim=4)
	module.subsample.conv2.kernel (ndim=4)
	module.subsample.lin.weight (ndim=2)
	module.lstms.0.lstm.weight_ih_l0 (ndim=2)
	module.lstms.0.lstm.weight_hh_l0 (ndim=2)
	module.lstms.0.lstm.weight_ih_l0_reverse (ndim=2)
	module.lstms.0.lstm.weight_hh_l0_reverse (ndim=2)
	module.lstms.1.lstm.weight_ih_l0 (ndim=2)
	module.lstms.1.lstm.weight_hh_l0 (ndim=2)
	module.lstms.1.lstm.weight_ih_l0_reverse (ndim=2)
	module.lstms.1.lstm.weight_hh_l0_reverse (ndim=2)
	module.lstms.2.lstm.weight_ih_l0 (ndim=2)
	module.lstms.2.lstm.weight_hh_l0 (ndim=2)
	module.lstms.2.lstm.weight_ih_l0_reverse (ndim=2)
	module.lstms.2.lstm.weight_hh_l0_reverse (ndim=2)
	module.lstms.3.lstm.weight_ih_l0 (ndim=2)
	module.lstms.3.lstm.weight_hh_l0 (ndim=2)
	module.lstms.3.lstm.weight_ih_l0_reverse (ndim=2)
	module.lstms.3.lstm.weight_hh_l0_reverse (ndim=2)
	module.lstms.4.lstm.weight_ih_l0 (ndim=2)
	module.lstms.4.lstm.weight_hh_l0 (ndim=2)
	module.lstms.4.lstm.weight_ih_l0_reverse (ndim=2)
	module.lstms.4.lstm.weight_hh_l0_reverse (ndim=2)
	module.lstms.5.lstm.weight_ih_l0 (ndim=2)
	module.lstms.5.lstm.weight_hh_l0 (ndim=2)
	module.lstms.5.lstm.weight_ih_l0_reverse (ndim=2)
	module.lstms.5.lstm.weight_hh_l0_reverse (ndim=2)
	module.ffns.0.lin.weight (ndim=2)
	module.ffns.1.lin.weight (ndim=2)
	module.ffns.2.lin.weight (ndim=2)
	module.lin.weight (ndim=2)
I0531 22:40:15.469482 139688851330240 muon.py:325] Adam params:
	module.subsample.conv1.bias (ndim=1)
	module.subsample.conv2.bias (ndim=1)
	module.subsample.lin.bias (ndim=1)
	module.lstms.0.bn_normalization_layer.weight (ndim=1)
	module.lstms.0.bn_normalization_layer.bias (ndim=1)
	module.lstms.0.lstm.bias_ih_l0 (ndim=1)
	module.lstms.0.lstm.bias_hh_l0 (ndim=1)
	module.lstms.0.lstm.bias_ih_l0_reverse (ndim=1)
	module.lstms.0.lstm.bias_hh_l0_reverse (ndim=1)
	module.lstms.1.bn_normalization_layer.weight (ndim=1)
	module.lstms.1.bn_normalization_layer.bias (ndim=1)
	module.lstms.1.lstm.bias_ih_l0 (ndim=1)
	module.lstms.1.lstm.bias_hh_l0 (ndim=1)
	module.lstms.1.lstm.bias_ih_l0_reverse (ndim=1)
	module.lstms.1.lstm.bias_hh_l0_reverse (ndim=1)
	module.lstms.2.bn_normalization_layer.weight (ndim=1)
	module.lstms.2.bn_normalization_layer.bias (ndim=1)
	module.lstms.2.lstm.bias_ih_l0 (ndim=1)
	module.lstms.2.lstm.bias_hh_l0 (ndim=1)
	module.lstms.2.lstm.bias_ih_l0_reverse (ndim=1)
	module.lstms.2.lstm.bias_hh_l0_reverse (ndim=1)
	module.lstms.3.bn_normalization_layer.weight (ndim=1)
	module.lstms.3.bn_normalization_layer.bias (ndim=1)
	module.lstms.3.lstm.bias_ih_l0 (ndim=1)
	module.lstms.3.lstm.bias_hh_l0 (ndim=1)
	module.lstms.3.lstm.bias_ih_l0_reverse (ndim=1)
	module.lstms.3.lstm.bias_hh_l0_reverse (ndim=1)
	module.lstms.4.bn_normalization_layer.weight (ndim=1)
	module.lstms.4.bn_normalization_layer.bias (ndim=1)
	module.lstms.4.lstm.bias_ih_l0 (ndim=1)
	module.lstms.4.lstm.bias_hh_l0 (ndim=1)
	module.lstms.4.lstm.bias_ih_l0_reverse (ndim=1)
	module.lstms.4.lstm.bias_hh_l0_reverse (ndim=1)
	module.lstms.5.bn_normalization_layer.weight (ndim=1)
	module.lstms.5.bn_normalization_layer.bias (ndim=1)
	module.lstms.5.lstm.bias_ih_l0 (ndim=1)
	module.lstms.5.lstm.bias_hh_l0 (ndim=1)
	module.lstms.5.lstm.bias_ih_l0_reverse (ndim=1)
	module.lstms.5.lstm.bias_hh_l0_reverse (ndim=1)
	module.ffns.0.bn_normalization_layer.weight (ndim=1)
	module.ffns.0.bn_normalization_layer.bias (ndim=1)
	module.ffns.0.lin.bias (ndim=1)
	module.ffns.1.bn_normalization_layer.weight (ndim=1)
	module.ffns.1.bn_normalization_layer.bias (ndim=1)
	module.ffns.1.lin.bias (ndim=1)
	module.ffns.2.bn_normalization_layer.weight (ndim=1)
	module.ffns.2.bn_normalization_layer.bias (ndim=1)
	module.ffns.2.lin.bias (ndim=1)
	module.ln.scale (ndim=1)
	module.ln.bias (ndim=1)
	module.lin.bias (ndim=1)
I0531 22:40:15.470298 140314181444800 submission_runner.py:344] Saving meta data to /experiment_runs/submissions_a100/muon_torch_jax_hps_achandr/study_0/librispeech_deepspeech_pytorch/trial_1/meta_data_0.json.
I0531 22:40:15.470523 140314181444800 logger_utils.py:283] Unable to record workload.train_mean information. Continuing without it.
I0531 22:40:15.470582 140314181444800 logger_utils.py:283] Unable to record workload.train_stddev information. Continuing without it.
I0531 22:40:15.470574 139745385223360 logger_utils.py:283] Unable to record workload.train_mean information. Continuing without it.
I0531 22:40:15.470692 139745385223360 logger_utils.py:283] Unable to record workload.train_stddev information. Continuing without it.
I0531 22:40:15.471028 139903052551360 logger_utils.py:283] Unable to record workload.train_mean information. Continuing without it.
I0531 22:40:15.471143 139903052551360 logger_utils.py:283] Unable to record workload.train_stddev information. Continuing without it.
I0531 22:40:15.471114 139688851330240 logger_utils.py:283] Unable to record workload.train_mean information. Continuing without it.
I0531 22:40:15.471219 139688851330240 logger_utils.py:283] Unable to record workload.train_stddev information. Continuing without it.
I0531 22:40:15.691111 140314181444800 submission_runner.py:348] Saving flags to /experiment_runs/submissions_a100/muon_torch_jax_hps_achandr/study_0/librispeech_deepspeech_pytorch/trial_1/flags_0.json.
I0531 22:40:15.753115 140314181444800 submission_runner.py:359] Starting training loop.
/usr/local/lib/python3.11/multiprocessing/popen_fork.py:66: RuntimeWarning: os.fork() was called. os.fork() is incompatible with multithreaded code, and JAX is multithreaded, so this will likely lead to a deadlock.
  self.pid = os.fork()
/usr/local/lib/python3.11/multiprocessing/popen_fork.py:66: RuntimeWarning: os.fork() was called. os.fork() is incompatible with multithreaded code, and JAX is multithreaded, so this will likely lead to a deadlock.
  self.pid = os.fork()
/usr/local/lib/python3.11/multiprocessing/popen_fork.py:66: RuntimeWarning: os.fork() was called. os.fork() is incompatible with multithreaded code, and JAX is multithreaded, so this will likely lead to a deadlock.
  self.pid = os.fork()
/usr/local/lib/python3.11/multiprocessing/popen_fork.py:66: RuntimeWarning: os.fork() was called. os.fork() is incompatible with multithreaded code, and JAX is multithreaded, so this will likely lead to a deadlock.
  self.pid = os.fork()
/algorithmic-efficiency/algoperf/workloads/librispeech_conformer/librispeech_pytorch/preprocessor.py:516: UserWarning: Specified kernel cache directory could not be created! This disables kernel caching. Specified directory is /root/.cache/torch/kernels. This warning will appear only once per process. (Triggered internally at /pytorch/aten/src/ATen/native/cuda/jit_utils.cpp:1487.)
  spectrum = torch.abs(spectrum)
/algorithmic-efficiency/algoperf/workloads/librispeech_conformer/librispeech_pytorch/preprocessor.py:516: UserWarning: Specified kernel cache directory could not be created! This disables kernel caching. Specified directory is /root/.cache/torch/kernels. This warning will appear only once per process. (Triggered internally at /pytorch/aten/src/ATen/native/cuda/jit_utils.cpp:1487.)
  spectrum = torch.abs(spectrum)
I0531 22:41:11.375963 140314181444800 spec.py:333] Evaluating on the training split.
I0531 22:41:11.377193 140314181444800 input_pipeline.py:19] Loading split = train-clean-100
I0531 22:41:11.402696 140314181444800 input_pipeline.py:19] Loading split = train-clean-360
I0531 22:41:11.493017 140314181444800 input_pipeline.py:19] Loading split = train-other-500
/usr/local/lib/python3.11/multiprocessing/popen_fork.py:66: RuntimeWarning: os.fork() was called. os.fork() is incompatible with multithreaded code, and JAX is multithreaded, so this will likely lead to a deadlock.
  self.pid = os.fork()
/usr/local/lib/python3.11/multiprocessing/popen_fork.py:66: RuntimeWarning: os.fork() was called. os.fork() is incompatible with multithreaded code, and JAX is multithreaded, so this will likely lead to a deadlock.
  self.pid = os.fork()
/usr/local/lib/python3.11/multiprocessing/popen_fork.py:66: RuntimeWarning: os.fork() was called. os.fork() is incompatible with multithreaded code, and JAX is multithreaded, so this will likely lead to a deadlock.
  self.pid = os.fork()
/usr/local/lib/python3.11/multiprocessing/popen_fork.py:66: RuntimeWarning: os.fork() was called. os.fork() is incompatible with multithreaded code, and JAX is multithreaded, so this will likely lead to a deadlock.
  self.pid = os.fork()
I0531 22:41:48.235748 140314181444800 spec.py:346] Evaluating on the validation split.
I0531 22:41:48.236810 140314181444800 input_pipeline.py:19] Loading split = dev-clean
I0531 22:41:48.277005 140314181444800 input_pipeline.py:19] Loading split = dev-other
/usr/local/lib/python3.11/multiprocessing/popen_fork.py:66: RuntimeWarning: os.fork() was called. os.fork() is incompatible with multithreaded code, and JAX is multithreaded, so this will likely lead to a deadlock.
  self.pid = os.fork()
/usr/local/lib/python3.11/multiprocessing/popen_fork.py:66: RuntimeWarning: os.fork() was called. os.fork() is incompatible with multithreaded code, and JAX is multithreaded, so this will likely lead to a deadlock.
  self.pid = os.fork()
/usr/local/lib/python3.11/multiprocessing/popen_fork.py:66: RuntimeWarning: os.fork() was called. os.fork() is incompatible with multithreaded code, and JAX is multithreaded, so this will likely lead to a deadlock.
  self.pid = os.fork()
/usr/local/lib/python3.11/multiprocessing/popen_fork.py:66: RuntimeWarning: os.fork() was called. os.fork() is incompatible with multithreaded code, and JAX is multithreaded, so this will likely lead to a deadlock.
  self.pid = os.fork()
I0531 22:42:15.333001 140314181444800 spec.py:363] Evaluating on the test split.
I0531 22:42:15.334150 140314181444800 input_pipeline.py:19] Loading split = test-clean
/usr/local/lib/python3.11/multiprocessing/popen_fork.py:66: RuntimeWarning: os.fork() was called. os.fork() is incompatible with multithreaded code, and JAX is multithreaded, so this will likely lead to a deadlock.
  self.pid = os.fork()
/usr/local/lib/python3.11/multiprocessing/popen_fork.py:66: RuntimeWarning: os.fork() was called. os.fork() is incompatible with multithreaded code, and JAX is multithreaded, so this will likely lead to a deadlock.
  self.pid = os.fork()
/usr/local/lib/python3.11/multiprocessing/popen_fork.py:66: RuntimeWarning: os.fork() was called. os.fork() is incompatible with multithreaded code, and JAX is multithreaded, so this will likely lead to a deadlock.
  self.pid = os.fork()
/usr/local/lib/python3.11/multiprocessing/popen_fork.py:66: RuntimeWarning: os.fork() was called. os.fork() is incompatible with multithreaded code, and JAX is multithreaded, so this will likely lead to a deadlock.
  self.pid = os.fork()
I0531 22:42:28.760441 140314181444800 submission_runner.py:516] Time since start: 133.01s, 	Step: 1, 	{'train/ctc_loss': 31.5796834731706, 'train/wer': 5.122783179612046, 'validation/ctc_loss': 30.35981452180028, 'validation/wer': 4.730053589533143, 'validation/num_examples': 5348, 'test/ctc_loss': 30.494248016001034, 'test/wer': 4.999776572624053, 'test/num_examples': 2472, 'score': 54.98475360870361, 'total_duration': 133.00715351104736, 'accumulated_submission_time': 54.98475360870361, 'accumulated_eval_time': 77.38436436653137, 'accumulated_logging_time': 0}
I0531 22:42:28.792505 140295240939264 logging_writer.py:48] [1] accumulated_eval_time=77.3844, accumulated_logging_time=0, accumulated_submission_time=54.9848, global_step=1, preemption_count=0, score=54.9848, test/ctc_loss=30.4942, test/num_examples=2472, test/wer=4.99978, total_duration=133.007, train/ctc_loss=31.5797, train/wer=5.12278, validation/ctc_loss=30.3598, validation/num_examples=5348, validation/wer=4.73005
/usr/local/lib/python3.11/multiprocessing/popen_fork.py:66: RuntimeWarning: os.fork() was called. os.fork() is incompatible with multithreaded code, and JAX is multithreaded, so this will likely lead to a deadlock.
  self.pid = os.fork()
I0531 23:06:36.645262 140314181444800 spec.py:333] Evaluating on the training split.
I0531 23:06:55.919597 140314181444800 spec.py:346] Evaluating on the validation split.
I0531 23:07:15.842354 140314181444800 spec.py:363] Evaluating on the test split.
I0531 23:07:26.565598 140314181444800 submission_runner.py:516] Time since start: 1630.81s, 	Step: 1094, 	{'train/ctc_loss': 32.0149197477836, 'train/wer': 2.425455592936611, 'validation/ctc_loss': 30.878801863572434, 'validation/wer': 2.246791869840197, 'validation/num_examples': 5348, 'test/ctc_loss': 30.96093941544616, 'test/wer': 2.3850263034956227, 'test/num_examples': 2472, 'score': 1500.7301969528198, 'total_duration': 1630.8122944831848, 'accumulated_submission_time': 1500.7301969528198, 'accumulated_eval_time': 127.30471968650818, 'accumulated_logging_time': 0.07925939559936523}
I0531 23:07:26.601277 140295240939264 logging_writer.py:48] [1094] accumulated_eval_time=127.305, accumulated_logging_time=0.0792594, accumulated_submission_time=1500.73, global_step=1094, preemption_count=0, score=1500.73, test/ctc_loss=30.9609, test/num_examples=2472, test/wer=2.38503, total_duration=1630.81, train/ctc_loss=32.0149, train/wer=2.42546, validation/ctc_loss=30.8788, validation/num_examples=5348, validation/wer=2.24679
/usr/local/lib/python3.11/multiprocessing/popen_fork.py:66: RuntimeWarning: os.fork() was called. os.fork() is incompatible with multithreaded code, and JAX is multithreaded, so this will likely lead to a deadlock.
  self.pid = os.fork()
I0531 23:31:34.565467 140314181444800 spec.py:333] Evaluating on the training split.
I0531 23:31:57.476319 140314181444800 spec.py:346] Evaluating on the validation split.
I0531 23:32:17.427590 140314181444800 spec.py:363] Evaluating on the test split.
I0531 23:32:28.549633 140314181444800 submission_runner.py:516] Time since start: 3132.80s, 	Step: 2710, 	{'train/ctc_loss': 32.16307141717231, 'train/wer': 3.160937219755314, 'validation/ctc_loss': 31.03855234076753, 'validation/wer': 2.8807125959542317, 'validation/num_examples': 5348, 'test/ctc_loss': 31.1074456416543, 'test/wer': 3.172851542664473, 'test/num_examples': 2472, 'score': 2946.205099582672, 'total_duration': 3132.796374320984, 'accumulated_submission_time': 2946.205099582672, 'accumulated_eval_time': 181.28897261619568, 'accumulated_logging_time': 0.12561678886413574}
I0531 23:32:28.585338 140295240939264 logging_writer.py:48] [2710] accumulated_eval_time=181.289, accumulated_logging_time=0.125617, accumulated_submission_time=2946.21, global_step=2710, preemption_count=0, score=2946.21, test/ctc_loss=31.1074, test/num_examples=2472, test/wer=3.17285, total_duration=3132.8, train/ctc_loss=32.1631, train/wer=3.16094, validation/ctc_loss=31.0386, validation/num_examples=5348, validation/wer=2.88071
/usr/local/lib/python3.11/multiprocessing/popen_fork.py:66: RuntimeWarning: os.fork() was called. os.fork() is incompatible with multithreaded code, and JAX is multithreaded, so this will likely lead to a deadlock.
  self.pid = os.fork()
I0531 23:56:36.411318 140314181444800 spec.py:333] Evaluating on the training split.
I0531 23:56:59.347848 140314181444800 spec.py:346] Evaluating on the validation split.
I0531 23:57:19.722528 140314181444800 spec.py:363] Evaluating on the test split.
I0531 23:57:31.214247 140314181444800 submission_runner.py:516] Time since start: 4635.46s, 	Step: 4488, 	{'train/ctc_loss': 32.64340987881525, 'train/wer': 3.416025783869863, 'validation/ctc_loss': 31.425158855736388, 'validation/wer': 3.126847873316275, 'validation/num_examples': 5348, 'test/ctc_loss': 31.425491967223692, 'test/wer': 3.3480186054069425, 'test/num_examples': 2472, 'score': 4391.417045593262, 'total_duration': 4635.460954666138, 'accumulated_submission_time': 4391.417045593262, 'accumulated_eval_time': 236.09188604354858, 'accumulated_logging_time': 0.17197728157043457}
I0531 23:57:31.248567 140295240939264 logging_writer.py:48] [4488] accumulated_eval_time=236.092, accumulated_logging_time=0.171977, accumulated_submission_time=4391.42, global_step=4488, preemption_count=0, score=4391.42, test/ctc_loss=31.4255, test/num_examples=2472, test/wer=3.34802, total_duration=4635.46, train/ctc_loss=32.6434, train/wer=3.41603, validation/ctc_loss=31.4252, validation/num_examples=5348, validation/wer=3.12685
/usr/local/lib/python3.11/multiprocessing/popen_fork.py:66: RuntimeWarning: os.fork() was called. os.fork() is incompatible with multithreaded code, and JAX is multithreaded, so this will likely lead to a deadlock.
  self.pid = os.fork()
I0601 00:21:39.003175 140314181444800 spec.py:333] Evaluating on the training split.
I0601 00:22:01.676422 140314181444800 spec.py:346] Evaluating on the validation split.
I0601 00:22:22.240936 140314181444800 spec.py:363] Evaluating on the test split.
I0601 00:22:33.862990 140314181444800 submission_runner.py:516] Time since start: 6138.11s, 	Step: 6214, 	{'train/ctc_loss': 33.05022257384324, 'train/wer': 3.888364104765994, 'validation/ctc_loss': 31.702195725336548, 'validation/wer': 3.6049340993578913, 'validation/num_examples': 5348, 'test/ctc_loss': 31.75057100458094, 'test/wer': 3.803018300733248, 'test/num_examples': 2472, 'score': 5836.494741439819, 'total_duration': 6138.10969042778, 'accumulated_submission_time': 5836.494741439819, 'accumulated_eval_time': 290.9516887664795, 'accumulated_logging_time': 0.21721720695495605}
I0601 00:22:33.896079 140295240939264 logging_writer.py:48] [6214] accumulated_eval_time=290.952, accumulated_logging_time=0.217217, accumulated_submission_time=5836.49, global_step=6214, preemption_count=0, score=5836.49, test/ctc_loss=31.7506, test/num_examples=2472, test/wer=3.80302, total_duration=6138.11, train/ctc_loss=33.0502, train/wer=3.88836, validation/ctc_loss=31.7022, validation/num_examples=5348, validation/wer=3.60493
/usr/local/lib/python3.11/multiprocessing/popen_fork.py:66: RuntimeWarning: os.fork() was called. os.fork() is incompatible with multithreaded code, and JAX is multithreaded, so this will likely lead to a deadlock.
  self.pid = os.fork()
I0601 00:46:43.769360 140314181444800 spec.py:333] Evaluating on the training split.
I0601 00:47:09.114588 140314181444800 spec.py:346] Evaluating on the validation split.
I0601 00:47:29.326699 140314181444800 spec.py:363] Evaluating on the test split.
I0601 00:47:40.914424 140314181444800 submission_runner.py:516] Time since start: 7645.16s, 	Step: 8124, 	{'train/ctc_loss': 33.206231388514446, 'train/wer': 4.1868895761205716, 'validation/ctc_loss': 31.815068063090216, 'validation/wer': 3.8976874426688553, 'validation/num_examples': 5348, 'test/ctc_loss': 31.868320536808827, 'test/wer': 4.072613897182784, 'test/num_examples': 2472, 'score': 7283.529832839966, 'total_duration': 7645.161118507385, 'accumulated_submission_time': 7283.529832839966, 'accumulated_eval_time': 348.096626996994, 'accumulated_logging_time': 0.261096715927124}
I0601 00:47:40.973809 140295240939264 logging_writer.py:48] [8124] accumulated_eval_time=348.097, accumulated_logging_time=0.261097, accumulated_submission_time=7283.53, global_step=8124, preemption_count=0, score=7283.53, test/ctc_loss=31.8683, test/num_examples=2472, test/wer=4.07261, total_duration=7645.16, train/ctc_loss=33.2062, train/wer=4.18689, validation/ctc_loss=31.8151, validation/num_examples=5348, validation/wer=3.89769
/usr/local/lib/python3.11/multiprocessing/popen_fork.py:66: RuntimeWarning: os.fork() was called. os.fork() is incompatible with multithreaded code, and JAX is multithreaded, so this will likely lead to a deadlock.
  self.pid = os.fork()
I0601 01:11:48.793210 140314181444800 spec.py:333] Evaluating on the training split.
I0601 01:12:14.551662 140314181444800 spec.py:346] Evaluating on the validation split.
I0601 01:12:35.014911 140314181444800 spec.py:363] Evaluating on the test split.
I0601 01:12:46.427228 140314181444800 submission_runner.py:516] Time since start: 9150.67s, 	Step: 10055, 	{'train/ctc_loss': 33.23421355544313, 'train/wer': 4.258306112798995, 'validation/ctc_loss': 31.837524487643158, 'validation/wer': 3.9582001641481197, 'validation/num_examples': 5348, 'test/ctc_loss': 31.89143170527131, 'test/wer': 4.136656307761054, 'test/num_examples': 2472, 'score': 8728.538913488388, 'total_duration': 9150.673962593079, 'accumulated_submission_time': 8728.538913488388, 'accumulated_eval_time': 405.730623960495, 'accumulated_logging_time': 0.33123111724853516}
I0601 01:12:46.461702 140295240939264 logging_writer.py:48] [10055] accumulated_eval_time=405.731, accumulated_logging_time=0.331231, accumulated_submission_time=8728.54, global_step=10055, preemption_count=0, score=8728.54, test/ctc_loss=31.8914, test/num_examples=2472, test/wer=4.13666, total_duration=9150.67, train/ctc_loss=33.2342, train/wer=4.25831, validation/ctc_loss=31.8375, validation/num_examples=5348, validation/wer=3.9582
/usr/local/lib/python3.11/multiprocessing/popen_fork.py:66: RuntimeWarning: os.fork() was called. os.fork() is incompatible with multithreaded code, and JAX is multithreaded, so this will likely lead to a deadlock.
  self.pid = os.fork()
I0601 01:36:54.727849 140314181444800 spec.py:333] Evaluating on the training split.
I0601 01:37:22.240933 140314181444800 spec.py:346] Evaluating on the validation split.
I0601 01:37:42.808129 140314181444800 spec.py:363] Evaluating on the test split.
I0601 01:37:54.327837 140314181444800 submission_runner.py:516] Time since start: 10658.55s, 	Step: 11974, 	{'train/ctc_loss': 33.23910644496433, 'train/wer': 4.27200786995016, 'validation/ctc_loss': 31.841703084187262, 'validation/wer': 3.969323613189784, 'validation/num_examples': 5348, 'test/ctc_loss': 31.89525775856507, 'test/wer': 4.148315154469563, 'test/num_examples': 2472, 'score': 10173.708159685135, 'total_duration': 10658.55093240738, 'accumulated_submission_time': 10173.708159685135, 'accumulated_eval_time': 465.3069622516632, 'accumulated_logging_time': 0.37625932693481445}
I0601 01:37:55.970279 140295240939264 logging_writer.py:48] [11974] accumulated_eval_time=465.307, accumulated_logging_time=0.376259, accumulated_submission_time=10173.7, global_step=11974, preemption_count=0, score=10173.7, test/ctc_loss=31.8953, test/num_examples=2472, test/wer=4.14832, total_duration=10658.6, train/ctc_loss=33.2391, train/wer=4.27201, validation/ctc_loss=31.8417, validation/num_examples=5348, validation/wer=3.96932
/usr/local/lib/python3.11/multiprocessing/popen_fork.py:66: RuntimeWarning: os.fork() was called. os.fork() is incompatible with multithreaded code, and JAX is multithreaded, so this will likely lead to a deadlock.
  self.pid = os.fork()
I0601 02:02:02.306613 140314181444800 spec.py:333] Evaluating on the training split.
I0601 02:02:27.585475 140314181444800 spec.py:346] Evaluating on the validation split.
I0601 02:02:48.094170 140314181444800 spec.py:363] Evaluating on the test split.
I0601 02:02:59.757152 140314181444800 submission_runner.py:516] Time since start: 12164.00s, 	Step: 13851, 	{'train/ctc_loss': 33.23789765338241, 'train/wer': 4.273344891869711, 'validation/ctc_loss': 31.840522654209362, 'validation/wer': 3.9709650943851686, 'validation/num_examples': 5348, 'test/ctc_loss': 31.89406413316988, 'test/wer': 4.149249487132614, 'test/num_examples': 2472, 'score': 11616.781279802322, 'total_duration': 12164.003794908524, 'accumulated_submission_time': 11616.781279802322, 'accumulated_eval_time': 522.7573359012604, 'accumulated_logging_time': 2.4196715354919434}
I0601 02:03:00.329490 140295240939264 logging_writer.py:48] [13851] accumulated_eval_time=522.757, accumulated_logging_time=2.41967, accumulated_submission_time=11616.8, global_step=13851, preemption_count=0, score=11616.8, test/ctc_loss=31.8941, test/num_examples=2472, test/wer=4.14925, total_duration=12164, train/ctc_loss=33.2379, train/wer=4.27334, validation/ctc_loss=31.8405, validation/num_examples=5348, validation/wer=3.97097
/usr/local/lib/python3.11/multiprocessing/popen_fork.py:66: RuntimeWarning: os.fork() was called. os.fork() is incompatible with multithreaded code, and JAX is multithreaded, so this will likely lead to a deadlock.
  self.pid = os.fork()
I0601 02:27:07.723652 140314181444800 spec.py:333] Evaluating on the training split.
I0601 02:27:31.839413 140314181444800 spec.py:346] Evaluating on the validation split.
I0601 02:27:52.294397 140314181444800 spec.py:363] Evaluating on the test split.
I0601 02:28:04.007259 140314181444800 submission_runner.py:516] Time since start: 13668.25s, 	Step: 15628, 	{'train/ctc_loss': 33.2383662298945, 'train/wer': 4.272475284117158, 'validation/ctc_loss': 31.840858574442436, 'validation/wer': 3.9694008593636845, 'validation/num_examples': 5348, 'test/ctc_loss': 31.894660945867475, 'test/wer': 4.148558893425141, 'test/num_examples': 2472, 'score': 13061.096481323242, 'total_duration': 13668.253982543945, 'accumulated_submission_time': 13061.096481323242, 'accumulated_eval_time': 579.0408916473389, 'accumulated_logging_time': 3.302248954772949}
I0601 02:28:04.463405 140295240939264 logging_writer.py:48] [15628] accumulated_eval_time=579.041, accumulated_logging_time=3.30225, accumulated_submission_time=13061.1, global_step=15628, preemption_count=0, score=13061.1, test/ctc_loss=31.8947, test/num_examples=2472, test/wer=4.14856, total_duration=13668.3, train/ctc_loss=33.2384, train/wer=4.27248, validation/ctc_loss=31.8409, validation/num_examples=5348, validation/wer=3.9694
/usr/local/lib/python3.11/multiprocessing/popen_fork.py:66: RuntimeWarning: os.fork() was called. os.fork() is incompatible with multithreaded code, and JAX is multithreaded, so this will likely lead to a deadlock.
  self.pid = os.fork()
I0601 02:52:14.311554 140314181444800 spec.py:333] Evaluating on the training split.
I0601 02:52:39.281886 140314181444800 spec.py:346] Evaluating on the validation split.
I0601 02:52:59.862868 140314181444800 spec.py:363] Evaluating on the test split.
I0601 02:53:11.394309 140314181444800 submission_runner.py:516] Time since start: 15175.64s, 	Step: 17455, 	{'train/ctc_loss': 33.23844093049788, 'train/wer': 4.273703605067639, 'validation/ctc_loss': 31.841059498693994, 'validation/wer': 3.970868536667793, 'validation/num_examples': 5348, 'test/ctc_loss': 31.894612555648752, 'test/wer': 4.149351045030772, 'test/num_examples': 2472, 'score': 14507.846172094345, 'total_duration': 15175.641038894653, 'accumulated_submission_time': 14507.846172094345, 'accumulated_eval_time': 636.1236205101013, 'accumulated_logging_time': 4.04585337638855}
I0601 02:53:11.866914 140295240939264 logging_writer.py:48] [17455] accumulated_eval_time=636.124, accumulated_logging_time=4.04585, accumulated_submission_time=14507.8, global_step=17455, preemption_count=0, score=14507.8, test/ctc_loss=31.8946, test/num_examples=2472, test/wer=4.14935, total_duration=15175.6, train/ctc_loss=33.2384, train/wer=4.2737, validation/ctc_loss=31.8411, validation/num_examples=5348, validation/wer=3.97087
/usr/local/lib/python3.11/multiprocessing/popen_fork.py:66: RuntimeWarning: os.fork() was called. os.fork() is incompatible with multithreaded code, and JAX is multithreaded, so this will likely lead to a deadlock.
  self.pid = os.fork()
I0601 03:17:20.615248 140314181444800 spec.py:333] Evaluating on the training split.
I0601 03:17:45.265160 140314181444800 spec.py:346] Evaluating on the validation split.
I0601 03:18:05.659827 140314181444800 spec.py:363] Evaluating on the test split.
I0601 03:18:17.219015 140314181444800 submission_runner.py:516] Time since start: 16681.47s, 	Step: 19388, 	{'train/ctc_loss': 33.23950032087305, 'train/wer': 4.273518813420222, 'validation/ctc_loss': 31.841668550331526, 'validation/wer': 3.971544440689422, 'validation/num_examples': 5348, 'test/ctc_loss': 31.89577069488354, 'test/wer': 4.150326000853086, 'test/num_examples': 2472, 'score': 15952.893417835236, 'total_duration': 16681.46569275856, 'accumulated_submission_time': 15952.893417835236, 'accumulated_eval_time': 692.7272565364838, 'accumulated_logging_time': 5.171511888504028}
I0601 03:18:18.670928 140295240939264 logging_writer.py:48] [19388] accumulated_eval_time=692.727, accumulated_logging_time=5.17151, accumulated_submission_time=15952.9, global_step=19388, preemption_count=0, score=15952.9, test/ctc_loss=31.8958, test/num_examples=2472, test/wer=4.15033, total_duration=16681.5, train/ctc_loss=33.2395, train/wer=4.27352, validation/ctc_loss=31.8417, validation/num_examples=5348, validation/wer=3.97154
/usr/local/lib/python3.11/multiprocessing/popen_fork.py:66: RuntimeWarning: os.fork() was called. os.fork() is incompatible with multithreaded code, and JAX is multithreaded, so this will likely lead to a deadlock.
  self.pid = os.fork()
I0601 03:42:25.355676 140314181444800 spec.py:333] Evaluating on the training split.
I0601 03:42:51.253577 140314181444800 spec.py:346] Evaluating on the validation split.
I0601 03:43:11.597217 140314181444800 spec.py:363] Evaluating on the test split.
I0601 03:43:23.216820 140314181444800 submission_runner.py:516] Time since start: 18187.46s, 	Step: 21320, 	{'train/ctc_loss': 33.2387261509835, 'train/wer': 4.272926393138794, 'validation/ctc_loss': 31.841112869198312, 'validation/wer': 3.971380292569884, 'validation/num_examples': 5348, 'test/ctc_loss': 31.894644815794567, 'test/wer': 4.149127617654825, 'test/num_examples': 2472, 'score': 17396.348484754562, 'total_duration': 18187.463508844376, 'accumulated_submission_time': 17396.348484754562, 'accumulated_eval_time': 750.5884408950806, 'accumulated_logging_time': 7.051565170288086}
I0601 03:43:23.662640 140295240939264 logging_writer.py:48] [21320] accumulated_eval_time=750.588, accumulated_logging_time=7.05157, accumulated_submission_time=17396.3, global_step=21320, preemption_count=0, score=17396.3, test/ctc_loss=31.8946, test/num_examples=2472, test/wer=4.14913, total_duration=18187.5, train/ctc_loss=33.2387, train/wer=4.27293, validation/ctc_loss=31.8411, validation/num_examples=5348, validation/wer=3.97138
/usr/local/lib/python3.11/multiprocessing/popen_fork.py:66: RuntimeWarning: os.fork() was called. os.fork() is incompatible with multithreaded code, and JAX is multithreaded, so this will likely lead to a deadlock.
  self.pid = os.fork()
I0601 04:07:31.413451 140314181444800 spec.py:333] Evaluating on the training split.
I0601 04:07:58.107697 140314181444800 spec.py:346] Evaluating on the validation split.
I0601 04:08:18.814309 140314181444800 spec.py:363] Evaluating on the test split.
I0601 04:08:30.737211 140314181444800 submission_runner.py:516] Time since start: 19694.98s, 	Step: 23223, 	{'train/ctc_loss': 33.238352647966614, 'train/wer': 4.27299704876869, 'validation/ctc_loss': 31.840974733775365, 'validation/wer': 3.9704823057982908, 'validation/num_examples': 5348, 'test/ctc_loss': 31.89488999290277, 'test/wer': 4.148396400788089, 'test/num_examples': 2472, 'score': 18840.872394800186, 'total_duration': 19694.98394203186, 'accumulated_submission_time': 18840.872394800186, 'accumulated_eval_time': 809.9121797084808, 'accumulated_logging_time': 7.820375680923462}
I0601 04:08:31.124786 140295240939264 logging_writer.py:48] [23223] accumulated_eval_time=809.912, accumulated_logging_time=7.82038, accumulated_submission_time=18840.9, global_step=23223, preemption_count=0, score=18840.9, test/ctc_loss=31.8949, test/num_examples=2472, test/wer=4.1484, total_duration=19695, train/ctc_loss=33.2384, train/wer=4.273, validation/ctc_loss=31.841, validation/num_examples=5348, validation/wer=3.97048
/usr/local/lib/python3.11/multiprocessing/popen_fork.py:66: RuntimeWarning: os.fork() was called. os.fork() is incompatible with multithreaded code, and JAX is multithreaded, so this will likely lead to a deadlock.
  self.pid = os.fork()
I0601 04:32:38.569911 140314181444800 spec.py:333] Evaluating on the training split.
I0601 04:33:02.771317 140314181444800 spec.py:346] Evaluating on the validation split.
I0601 04:33:23.873737 140314181444800 spec.py:363] Evaluating on the test split.
I0601 04:33:35.362802 140314181444800 submission_runner.py:516] Time since start: 21199.61s, 	Step: 25067, 	{'train/ctc_loss': 33.240505383536664, 'train/wer': 4.2731655352707465, 'validation/ctc_loss': 31.84298711573237, 'validation/wer': 3.969651909428861, 'validation/num_examples': 5348, 'test/ctc_loss': 31.896857861797535, 'test/wer': 4.150102573477139, 'test/num_examples': 2472, 'score': 20285.27636861801, 'total_duration': 21199.60952925682, 'accumulated_submission_time': 20285.27636861801, 'accumulated_eval_time': 866.7050817012787, 'accumulated_logging_time': 8.496523141860962}
I0601 04:33:35.913539 140295240939264 logging_writer.py:48] [25067] accumulated_eval_time=866.705, accumulated_logging_time=8.49652, accumulated_submission_time=20285.3, global_step=25067, preemption_count=0, score=20285.3, test/ctc_loss=31.8969, test/num_examples=2472, test/wer=4.1501, total_duration=21199.6, train/ctc_loss=33.2405, train/wer=4.27317, validation/ctc_loss=31.843, validation/num_examples=5348, validation/wer=3.96965
/usr/local/lib/python3.11/multiprocessing/popen_fork.py:66: RuntimeWarning: os.fork() was called. os.fork() is incompatible with multithreaded code, and JAX is multithreaded, so this will likely lead to a deadlock.
  self.pid = os.fork()
I0601 04:57:43.433590 140314181444800 spec.py:333] Evaluating on the training split.
I0601 04:58:08.744634 140314181444800 spec.py:346] Evaluating on the validation split.
I0601 04:58:29.293374 140314181444800 spec.py:363] Evaluating on the test split.
I0601 04:58:40.681430 140314181444800 submission_runner.py:516] Time since start: 22704.93s, 	Step: 26811, 	{'train/ctc_loss': 33.23913700430207, 'train/wer': 4.272643770619215, 'validation/ctc_loss': 31.84148018384569, 'validation/wer': 3.970115386472264, 'validation/num_examples': 5348, 'test/ctc_loss': 31.89573198270856, 'test/wer': 4.149310421871509, 'test/num_examples': 2472, 'score': 21729.63214945793, 'total_duration': 22704.928111076355, 'accumulated_submission_time': 21729.63214945793, 'accumulated_eval_time': 923.9527809619904, 'accumulated_logging_time': 9.374820232391357}
I0601 04:58:42.114722 140295240939264 logging_writer.py:48] [26811] accumulated_eval_time=923.953, accumulated_logging_time=9.37482, accumulated_submission_time=21729.6, global_step=26811, preemption_count=0, score=21729.6, test/ctc_loss=31.8957, test/num_examples=2472, test/wer=4.14931, total_duration=22704.9, train/ctc_loss=33.2391, train/wer=4.27264, validation/ctc_loss=31.8415, validation/num_examples=5348, validation/wer=3.97012
/usr/local/lib/python3.11/multiprocessing/popen_fork.py:66: RuntimeWarning: os.fork() was called. os.fork() is incompatible with multithreaded code, and JAX is multithreaded, so this will likely lead to a deadlock.
  self.pid = os.fork()
I0601 05:22:48.632198 140314181444800 spec.py:333] Evaluating on the training split.
I0601 05:23:15.474665 140314181444800 spec.py:346] Evaluating on the validation split.
I0601 05:23:36.018754 140314181444800 spec.py:363] Evaluating on the test split.
I0601 05:23:47.439272 140314181444800 submission_runner.py:516] Time since start: 24211.69s, 	Step: 28723, 	{'train/ctc_loss': 33.23940524737784, 'train/wer': 4.2736329494377445, 'validation/ctc_loss': 31.841568088205747, 'validation/wer': 3.971351325254671, 'validation/num_examples': 5348, 'test/ctc_loss': 31.895225498419254, 'test/wer': 4.151240021936506, 'test/num_examples': 2472, 'score': 23172.725794553757, 'total_duration': 24211.685978651047, 'accumulated_submission_time': 23172.725794553757, 'accumulated_eval_time': 982.7600498199463, 'accumulated_logging_time': 11.287964820861816}
I0601 05:23:47.847021 140295240939264 logging_writer.py:48] [28723] accumulated_eval_time=982.76, accumulated_logging_time=11.288, accumulated_submission_time=23172.7, global_step=28723, preemption_count=0, score=23172.7, test/ctc_loss=31.8952, test/num_examples=2472, test/wer=4.15124, total_duration=24211.7, train/ctc_loss=33.2394, train/wer=4.27363, validation/ctc_loss=31.8416, validation/num_examples=5348, validation/wer=3.97135
/usr/local/lib/python3.11/multiprocessing/popen_fork.py:66: RuntimeWarning: os.fork() was called. os.fork() is incompatible with multithreaded code, and JAX is multithreaded, so this will likely lead to a deadlock.
  self.pid = os.fork()
I0601 05:47:55.237333 140314181444800 spec.py:333] Evaluating on the training split.
I0601 05:48:21.105354 140314181444800 spec.py:346] Evaluating on the validation split.
I0601 05:48:41.822476 140314181444800 spec.py:363] Evaluating on the test split.
I0601 05:48:53.442495 140314181444800 submission_runner.py:516] Time since start: 25717.69s, 	Step: 30659, 	{'train/ctc_loss': 33.239456179607416, 'train/wer': 4.2727416014913775, 'validation/ctc_loss': 31.841740757484427, 'validation/wer': 3.970202288417902, 'validation/num_examples': 5348, 'test/ctc_loss': 31.895780372927284, 'test/wer': 4.148944813438141, 'test/num_examples': 2472, 'score': 24616.928862333298, 'total_duration': 25717.689220905304, 'accumulated_submission_time': 24616.928862333298, 'accumulated_eval_time': 1040.9651095867157, 'accumulated_logging_time': 12.003252029418945}
I0601 05:48:53.894087 140295240939264 logging_writer.py:48] [30659] accumulated_eval_time=1040.97, accumulated_logging_time=12.0033, accumulated_submission_time=24616.9, global_step=30659, preemption_count=0, score=24616.9, test/ctc_loss=31.8958, test/num_examples=2472, test/wer=4.14894, total_duration=25717.7, train/ctc_loss=33.2395, train/wer=4.27274, validation/ctc_loss=31.8417, validation/num_examples=5348, validation/wer=3.9702
/usr/local/lib/python3.11/multiprocessing/popen_fork.py:66: RuntimeWarning: os.fork() was called. os.fork() is incompatible with multithreaded code, and JAX is multithreaded, so this will likely lead to a deadlock.
  self.pid = os.fork()
I0601 06:13:01.507217 140314181444800 spec.py:333] Evaluating on the training split.
I0601 06:13:27.626631 140314181444800 spec.py:346] Evaluating on the validation split.
I0601 06:13:48.041773 140314181444800 spec.py:363] Evaluating on the test split.
I0601 06:13:59.777895 140314181444800 submission_runner.py:516] Time since start: 27224.02s, 	Step: 32580, 	{'train/ctc_loss': 33.23970404979135, 'train/wer': 4.273459027887234, 'validation/ctc_loss': 31.841985633916014, 'validation/wer': 3.970868536667793, 'validation/num_examples': 5348, 'test/ctc_loss': 31.895777146912703, 'test/wer': 4.15063067454756, 'test/num_examples': 2472, 'score': 26061.24529838562, 'total_duration': 27224.02464056015, 'accumulated_submission_time': 26061.24529838562, 'accumulated_eval_time': 1099.2359001636505, 'accumulated_logging_time': 12.719740390777588}
I0601 06:14:01.251668 140295240939264 logging_writer.py:48] [32580] accumulated_eval_time=1099.24, accumulated_logging_time=12.7197, accumulated_submission_time=26061.2, global_step=32580, preemption_count=0, score=26061.2, test/ctc_loss=31.8958, test/num_examples=2472, test/wer=4.15063, total_duration=27224, train/ctc_loss=33.2397, train/wer=4.27346, validation/ctc_loss=31.842, validation/num_examples=5348, validation/wer=3.97087
/usr/local/lib/python3.11/multiprocessing/popen_fork.py:66: RuntimeWarning: os.fork() was called. os.fork() is incompatible with multithreaded code, and JAX is multithreaded, so this will likely lead to a deadlock.
  self.pid = os.fork()
I0601 06:38:08.821723 140314181444800 spec.py:333] Evaluating on the training split.
I0601 06:38:34.490478 140314181444800 spec.py:346] Evaluating on the validation split.
I0601 06:38:54.952894 140314181444800 spec.py:363] Evaluating on the test split.
I0601 06:39:07.196588 140314181444800 submission_runner.py:516] Time since start: 28731.44s, 	Step: 34459, 	{'train/ctc_loss': 33.23923207779728, 'train/wer': 4.273089444592398, 'validation/ctc_loss': 31.84132007233273, 'validation/wer': 3.9703374692222275, 'validation/num_examples': 5348, 'test/ctc_loss': 31.895415833279568, 'test/wer': 4.149696341884509, 'test/num_examples': 2472, 'score': 27505.395758628845, 'total_duration': 28731.443315267563, 'accumulated_submission_time': 27505.395758628845, 'accumulated_eval_time': 1157.6107308864594, 'accumulated_logging_time': 14.733098030090332}
I0601 06:39:07.562375 140295240939264 logging_writer.py:48] [34459] accumulated_eval_time=1157.61, accumulated_logging_time=14.7331, accumulated_submission_time=27505.4, global_step=34459, preemption_count=0, score=27505.4, test/ctc_loss=31.8954, test/num_examples=2472, test/wer=4.1497, total_duration=28731.4, train/ctc_loss=33.2392, train/wer=4.27309, validation/ctc_loss=31.8413, validation/num_examples=5348, validation/wer=3.97034
/usr/local/lib/python3.11/multiprocessing/popen_fork.py:66: RuntimeWarning: os.fork() was called. os.fork() is incompatible with multithreaded code, and JAX is multithreaded, so this will likely lead to a deadlock.
  self.pid = os.fork()
I0601 07:03:15.048525 140314181444800 spec.py:333] Evaluating on the training split.
I0601 07:03:39.169082 140314181444800 spec.py:346] Evaluating on the validation split.
I0601 07:04:00.052832 140314181444800 spec.py:363] Evaluating on the test split.
I0601 07:04:11.831244 140314181444800 submission_runner.py:516] Time since start: 30236.08s, 	Step: 36233, 	{'train/ctc_loss': 33.238267760917324, 'train/wer': 4.2723013625666475, 'validation/ctc_loss': 31.84066078963231, 'validation/wer': 3.9705112731135035, 'validation/num_examples': 5348, 'test/ctc_loss': 31.894519001225884, 'test/wer': 4.150224442954928, 'test/num_examples': 2472, 'score': 28949.956924915314, 'total_duration': 30236.077939748764, 'accumulated_submission_time': 28949.956924915314, 'accumulated_eval_time': 1214.3933584690094, 'accumulated_logging_time': 15.34640121459961}
I0601 07:04:12.204355 140295240939264 logging_writer.py:48] [36233] accumulated_eval_time=1214.39, accumulated_logging_time=15.3464, accumulated_submission_time=28950, global_step=36233, preemption_count=0, score=28950, test/ctc_loss=31.8945, test/num_examples=2472, test/wer=4.15022, total_duration=30236.1, train/ctc_loss=33.2383, train/wer=4.2723, validation/ctc_loss=31.8407, validation/num_examples=5348, validation/wer=3.97051
/usr/local/lib/python3.11/multiprocessing/popen_fork.py:66: RuntimeWarning: os.fork() was called. os.fork() is incompatible with multithreaded code, and JAX is multithreaded, so this will likely lead to a deadlock.
  self.pid = os.fork()
I0601 07:28:20.000760 140314181444800 spec.py:333] Evaluating on the training split.
I0601 07:28:44.258472 140314181444800 spec.py:346] Evaluating on the validation split.
I0601 07:29:04.987746 140314181444800 spec.py:363] Evaluating on the test split.
I0601 07:29:16.441989 140314181444800 submission_runner.py:516] Time since start: 31740.69s, 	Step: 38050, 	{'train/ctc_loss': 33.23970404979135, 'train/wer': 4.273187275464561, 'validation/ctc_loss': 31.841954239501707, 'validation/wer': 3.971892048471974, 'validation/num_examples': 5348, 'test/ctc_loss': 31.895477127556617, 'test/wer': 4.148843255539983, 'test/num_examples': 2472, 'score': 30394.76047039032, 'total_duration': 31740.688719272614, 'accumulated_submission_time': 30394.76047039032, 'accumulated_eval_time': 1270.8345522880554, 'accumulated_logging_time': 15.979512214660645}
I0601 07:29:16.875776 140295240939264 logging_writer.py:48] [38050] accumulated_eval_time=1270.83, accumulated_logging_time=15.9795, accumulated_submission_time=30394.8, global_step=38050, preemption_count=0, score=30394.8, test/ctc_loss=31.8955, test/num_examples=2472, test/wer=4.14884, total_duration=31740.7, train/ctc_loss=33.2397, train/wer=4.27319, validation/ctc_loss=31.842, validation/num_examples=5348, validation/wer=3.97189
/usr/local/lib/python3.11/multiprocessing/popen_fork.py:66: RuntimeWarning: os.fork() was called. os.fork() is incompatible with multithreaded code, and JAX is multithreaded, so this will likely lead to a deadlock.
  self.pid = os.fork()
I0601 07:32:46.667157 140314181444800 spec.py:333] Evaluating on the training split.
I0601 07:33:11.632923 140314181444800 spec.py:346] Evaluating on the validation split.
I0601 07:33:27.324075 140314181444800 spec.py:363] Evaluating on the test split.
I0601 07:33:35.290818 140314181444800 submission_runner.py:516] Time since start: 31999.54s, 	Step: 38401, 	{'train/ctc_loss': 33.23940864285981, 'train/wer': 4.273105749737759, 'validation/ctc_loss': 31.841451928872814, 'validation/wer': 3.971785834982861, 'validation/num_examples': 5348, 'test/ctc_loss': 31.8951642041422, 'test/wer': 4.150752544025349, 'test/num_examples': 2472, 'score': 30602.530566453934, 'total_duration': 31999.537546157837, 'accumulated_submission_time': 30602.530566453934, 'accumulated_eval_time': 1319.4581925868988, 'accumulated_logging_time': 16.67414116859436}
I0601 07:33:35.324679 140295240939264 logging_writer.py:48] [38401] accumulated_eval_time=1319.46, accumulated_logging_time=16.6741, accumulated_submission_time=30602.5, global_step=38401, preemption_count=0, score=30602.5, test/ctc_loss=31.8952, test/num_examples=2472, test/wer=4.15075, total_duration=31999.5, train/ctc_loss=33.2394, train/wer=4.27311, validation/ctc_loss=31.8415, validation/num_examples=5348, validation/wer=3.97179
I0601 07:33:36.114118 140295232546560 logging_writer.py:48] [38401] global_step=38401, preemption_count=0, score=30602.5
I0601 07:33:36.344709 140314181444800 submission_runner.py:857] Final librispeech_deepspeech score: 30602.530566453934
