torchrun --redirects 1:0,2:0,3:0 --standalone --nnodes=1 --nproc_per_node=4 submission_runner.py --framework=pytorch --workload=wmt --submission_path=submissions_algorithms/submissions/self_tuning/muon_torch_jax_hps_achandr/submission.py --data_dir=/data/wmt --experiment_dir=/experiment_runs --experiment_name=submissions_a100/muon_torch_jax_hps_achandr/study_1 --overwrite=True --save_checkpoints=False --rng_seed=-720241014 --torch_compile=true --tuning_ruleset=self 2>&1 | tee -a /logs/wmt_pytorch_05-31-2026-17-40-06.log
W0531 17:40:08.273000 9 site-packages/torch/distributed/run.py:803] 
W0531 17:40:08.273000 9 site-packages/torch/distributed/run.py:803] *****************************************
W0531 17:40:08.273000 9 site-packages/torch/distributed/run.py:803] Setting OMP_NUM_THREADS environment variable for each process to be 1 in default, to avoid your system being overloaded, please further tune the variable for optimal performance in your application as needed. 
W0531 17:40:08.273000 9 site-packages/torch/distributed/run.py:803] *****************************************
2026-05-31 17:40:09.827906: E external/local_xla/xla/stream_executor/cuda/cuda_fft.cc:467] Unable to register cuFFT factory: Attempting to register factory for plugin cuFFT when one has already been registered
2026-05-31 17:40:09.827906: E external/local_xla/xla/stream_executor/cuda/cuda_fft.cc:467] Unable to register cuFFT factory: Attempting to register factory for plugin cuFFT when one has already been registered
2026-05-31 17:40:09.827909: E external/local_xla/xla/stream_executor/cuda/cuda_fft.cc:467] Unable to register cuFFT factory: Attempting to register factory for plugin cuFFT when one has already been registered
2026-05-31 17:40:09.827906: E external/local_xla/xla/stream_executor/cuda/cuda_fft.cc:467] Unable to register cuFFT factory: Attempting to register factory for plugin cuFFT when one has already been registered
WARNING: All log messages before absl::InitializeLog() is called are written to STDERR
WARNING: All log messages before absl::InitializeLog() is called are written to STDERR
WARNING: All log messages before absl::InitializeLog() is called are written to STDERR
E0000 00:00:1780249209.851254      39 cuda_dnn.cc:8579] Unable to register cuDNN factory: Attempting to register factory for plugin cuDNN when one has already been registered
E0000 00:00:1780249209.851254      38 cuda_dnn.cc:8579] Unable to register cuDNN factory: Attempting to register factory for plugin cuDNN when one has already been registered
E0000 00:00:1780249209.851254      41 cuda_dnn.cc:8579] Unable to register cuDNN factory: Attempting to register factory for plugin cuDNN when one has already been registered
WARNING: All log messages before absl::InitializeLog() is called are written to STDERR
E0000 00:00:1780249209.851277      40 cuda_dnn.cc:8579] Unable to register cuDNN factory: Attempting to register factory for plugin cuDNN when one has already been registered
E0000 00:00:1780249209.858971      39 cuda_blas.cc:1407] Unable to register cuBLAS factory: Attempting to register factory for plugin cuBLAS when one has already been registered
E0000 00:00:1780249209.858973      41 cuda_blas.cc:1407] Unable to register cuBLAS factory: Attempting to register factory for plugin cuBLAS when one has already been registered
E0000 00:00:1780249209.858973      40 cuda_blas.cc:1407] Unable to register cuBLAS factory: Attempting to register factory for plugin cuBLAS when one has already been registered
E0000 00:00:1780249209.858973      38 cuda_blas.cc:1407] Unable to register cuBLAS factory: Attempting to register factory for plugin cuBLAS when one has already been registered
W0000 00:00:1780249209.881964      39 computation_placer.cc:177] computation placer already registered. Please check linkage and avoid linking the same target more than once.
W0000 00:00:1780249209.881965      38 computation_placer.cc:177] computation placer already registered. Please check linkage and avoid linking the same target more than once.
W0000 00:00:1780249209.881965      41 computation_placer.cc:177] computation placer already registered. Please check linkage and avoid linking the same target more than once.
W0000 00:00:1780249209.881994      38 computation_placer.cc:177] computation placer already registered. Please check linkage and avoid linking the same target more than once.
W0000 00:00:1780249209.881994      41 computation_placer.cc:177] computation placer already registered. Please check linkage and avoid linking the same target more than once.
W0000 00:00:1780249209.881997      38 computation_placer.cc:177] computation placer already registered. Please check linkage and avoid linking the same target more than once.
W0000 00:00:1780249209.881997      41 computation_placer.cc:177] computation placer already registered. Please check linkage and avoid linking the same target more than once.
W0000 00:00:1780249209.881999      38 computation_placer.cc:177] computation placer already registered. Please check linkage and avoid linking the same target more than once.
W0000 00:00:1780249209.881999      39 computation_placer.cc:177] computation placer already registered. Please check linkage and avoid linking the same target more than once.
W0000 00:00:1780249209.882000      41 computation_placer.cc:177] computation placer already registered. Please check linkage and avoid linking the same target more than once.
W0000 00:00:1780249209.882001      39 computation_placer.cc:177] computation placer already registered. Please check linkage and avoid linking the same target more than once.
W0000 00:00:1780249209.882004      39 computation_placer.cc:177] computation placer already registered. Please check linkage and avoid linking the same target more than once.
W0000 00:00:1780249209.882004      40 computation_placer.cc:177] computation placer already registered. Please check linkage and avoid linking the same target more than once.
W0000 00:00:1780249209.882027      40 computation_placer.cc:177] computation placer already registered. Please check linkage and avoid linking the same target more than once.
W0000 00:00:1780249209.882029      40 computation_placer.cc:177] computation placer already registered. Please check linkage and avoid linking the same target more than once.
W0000 00:00:1780249209.882031      40 computation_placer.cc:177] computation placer already registered. Please check linkage and avoid linking the same target more than once.
W0000 00:00:1780249215.646699      41 gpu_device.cc:2341] Cannot dlopen some GPU libraries. Please make sure the missing libraries mentioned above are installed properly if you would like to use GPU. Follow the guide at https://www.tensorflow.org/install/gpu for how to download and setup the required libraries for your platform.
Skipping registering GPU devices...
W0000 00:00:1780249215.827033      40 gpu_device.cc:2341] Cannot dlopen some GPU libraries. Please make sure the missing libraries mentioned above are installed properly if you would like to use GPU. Follow the guide at https://www.tensorflow.org/install/gpu for how to download and setup the required libraries for your platform.
Skipping registering GPU devices...
W0000 00:00:1780249215.947756      38 gpu_device.cc:2341] Cannot dlopen some GPU libraries. Please make sure the missing libraries mentioned above are installed properly if you would like to use GPU. Follow the guide at https://www.tensorflow.org/install/gpu for how to download and setup the required libraries for your platform.
Skipping registering GPU devices...
/usr/local/lib/python3.11/site-packages/torch/__init__.py:1617: UserWarning: Please use the new API settings to control TF32 behavior, such as torch.backends.cudnn.conv.fp32_precision = 'tf32' or torch.backends.cuda.matmul.fp32_precision = 'ieee'. Old settings, e.g, torch.backends.cuda.matmul.allow_tf32 = True, torch.backends.cudnn.allow_tf32 = True, allowTF32CuDNN() and allowTF32CuBLAS() will be deprecated after Pytorch 2.9. Please see https://pytorch.org/docs/main/notes/cuda.html#tensorfloat-32-tf32-on-ampere-and-later-devices (Triggered internally at /pytorch/aten/src/ATen/Context.cpp:80.)
  _C._set_float32_matmul_precision(precision)
W0000 00:00:1780249216.148197      39 gpu_device.cc:2341] Cannot dlopen some GPU libraries. Please make sure the missing libraries mentioned above are installed properly if you would like to use GPU. Follow the guide at https://www.tensorflow.org/install/gpu for how to download and setup the required libraries for your platform.
Skipping registering GPU devices...
/usr/local/lib/python3.11/site-packages/torch/__init__.py:1617: UserWarning: Please use the new API settings to control TF32 behavior, such as torch.backends.cudnn.conv.fp32_precision = 'tf32' or torch.backends.cuda.matmul.fp32_precision = 'ieee'. Old settings, e.g, torch.backends.cuda.matmul.allow_tf32 = True, torch.backends.cudnn.allow_tf32 = True, allowTF32CuDNN() and allowTF32CuBLAS() will be deprecated after Pytorch 2.9. Please see https://pytorch.org/docs/main/notes/cuda.html#tensorfloat-32-tf32-on-ampere-and-later-devices (Triggered internally at /pytorch/aten/src/ATen/Context.cpp:80.)
  _C._set_float32_matmul_precision(precision)
/usr/local/lib/python3.11/site-packages/torch/__init__.py:1617: UserWarning: Please use the new API settings to control TF32 behavior, such as torch.backends.cudnn.conv.fp32_precision = 'tf32' or torch.backends.cuda.matmul.fp32_precision = 'ieee'. Old settings, e.g, torch.backends.cuda.matmul.allow_tf32 = True, torch.backends.cudnn.allow_tf32 = True, allowTF32CuDNN() and allowTF32CuBLAS() will be deprecated after Pytorch 2.9. Please see https://pytorch.org/docs/main/notes/cuda.html#tensorfloat-32-tf32-on-ampere-and-later-devices (Triggered internally at /pytorch/aten/src/ATen/Context.cpp:80.)
  _C._set_float32_matmul_precision(precision)
/usr/local/lib/python3.11/site-packages/torch/__init__.py:1617: UserWarning: Please use the new API settings to control TF32 behavior, such as torch.backends.cudnn.conv.fp32_precision = 'tf32' or torch.backends.cuda.matmul.fp32_precision = 'ieee'. Old settings, e.g, torch.backends.cuda.matmul.allow_tf32 = True, torch.backends.cudnn.allow_tf32 = True, allowTF32CuDNN() and allowTF32CuBLAS() will be deprecated after Pytorch 2.9. Please see https://pytorch.org/docs/main/notes/cuda.html#tensorfloat-32-tf32-on-ampere-and-later-devices (Triggered internally at /pytorch/aten/src/ATen/Context.cpp:80.)
  _C._set_float32_matmul_precision(precision)
/usr/local/lib/python3.11/site-packages/pydantic/_internal/_generate_schema.py:2249: UnsupportedFieldAttributeWarning: The 'repr' attribute with value False was provided to the `Field()` function, which has no effect in the context it was used. 'repr' is field-specific metadata, and can only be attached to a model field using `Annotated` metadata or by assignment. This may have happened because an `Annotated` type alias using the `type` statement was used, or if the `Field()` function was attached to a single member of a union type.
  warnings.warn(
/usr/local/lib/python3.11/site-packages/pydantic/_internal/_generate_schema.py:2249: UnsupportedFieldAttributeWarning: The 'frozen' attribute with value True was provided to the `Field()` function, which has no effect in the context it was used. 'frozen' is field-specific metadata, and can only be attached to a model field using `Annotated` metadata or by assignment. This may have happened because an `Annotated` type alias using the `type` statement was used, or if the `Field()` function was attached to a single member of a union type.
  warnings.warn(
/usr/local/lib/python3.11/site-packages/pydantic/_internal/_generate_schema.py:2249: UnsupportedFieldAttributeWarning: The 'repr' attribute with value False was provided to the `Field()` function, which has no effect in the context it was used. 'repr' is field-specific metadata, and can only be attached to a model field using `Annotated` metadata or by assignment. This may have happened because an `Annotated` type alias using the `type` statement was used, or if the `Field()` function was attached to a single member of a union type.
  warnings.warn(
/usr/local/lib/python3.11/site-packages/pydantic/_internal/_generate_schema.py:2249: UnsupportedFieldAttributeWarning: The 'frozen' attribute with value True was provided to the `Field()` function, which has no effect in the context it was used. 'frozen' is field-specific metadata, and can only be attached to a model field using `Annotated` metadata or by assignment. This may have happened because an `Annotated` type alias using the `type` statement was used, or if the `Field()` function was attached to a single member of a union type.
  warnings.warn(
/usr/local/lib/python3.11/site-packages/pydantic/_internal/_generate_schema.py:2249: UnsupportedFieldAttributeWarning: The 'repr' attribute with value False was provided to the `Field()` function, which has no effect in the context it was used. 'repr' is field-specific metadata, and can only be attached to a model field using `Annotated` metadata or by assignment. This may have happened because an `Annotated` type alias using the `type` statement was used, or if the `Field()` function was attached to a single member of a union type.
  warnings.warn(
/usr/local/lib/python3.11/site-packages/pydantic/_internal/_generate_schema.py:2249: UnsupportedFieldAttributeWarning: The 'frozen' attribute with value True was provided to the `Field()` function, which has no effect in the context it was used. 'frozen' is field-specific metadata, and can only be attached to a model field using `Annotated` metadata or by assignment. This may have happened because an `Annotated` type alias using the `type` statement was used, or if the `Field()` function was attached to a single member of a union type.
  warnings.warn(
/usr/local/lib/python3.11/site-packages/pydantic/_internal/_generate_schema.py:2249: UnsupportedFieldAttributeWarning: The 'repr' attribute with value False was provided to the `Field()` function, which has no effect in the context it was used. 'repr' is field-specific metadata, and can only be attached to a model field using `Annotated` metadata or by assignment. This may have happened because an `Annotated` type alias using the `type` statement was used, or if the `Field()` function was attached to a single member of a union type.
  warnings.warn(
/usr/local/lib/python3.11/site-packages/pydantic/_internal/_generate_schema.py:2249: UnsupportedFieldAttributeWarning: The 'frozen' attribute with value True was provided to the `Field()` function, which has no effect in the context it was used. 'frozen' is field-specific metadata, and can only be attached to a model field using `Annotated` metadata or by assignment. This may have happened because an `Annotated` type alias using the `type` statement was used, or if the `Field()` function was attached to a single member of a union type.
  warnings.warn(
/usr/local/lib/python3.11/site-packages/torch/distributed/distributed_c10d.py:4876: UserWarning: barrier(): using the device under current context. You can specify `device_id` in `init_process_group` to mute this warning.
  warnings.warn(  # warn only once
[rank0]:[W531 17:40:20.018801581 ProcessGroupNCCL.cpp:5068] Guessing device ID based on global rank. This can cause a hang if rank to GPU mapping is heterogeneous. You can specify device_id in init_process_group()
I0531 17:40:20.905646 140059694032064 logger_utils.py:84] Creating experiment directory at /experiment_runs/submissions_a100/muon_torch_jax_hps_achandr/study_1/wmt_pytorch.
I0531 17:40:20.905652 140526435493056 logger_utils.py:84] Creating experiment directory at /experiment_runs/submissions_a100/muon_torch_jax_hps_achandr/study_1/wmt_pytorch.
I0531 17:40:20.905647 140596951852224 logger_utils.py:84] Creating experiment directory at /experiment_runs/submissions_a100/muon_torch_jax_hps_achandr/study_1/wmt_pytorch.
I0531 17:40:20.905695 139647768270016 logger_utils.py:84] Creating experiment directory at /experiment_runs/submissions_a100/muon_torch_jax_hps_achandr/study_1/wmt_pytorch.
I0531 17:40:23.313352 139647768270016 submission_runner.py:741] Creating directory at /experiment_runs/submissions_a100/muon_torch_jax_hps_achandr/study_1/wmt_pytorch/trial_1.
I0531 17:40:23.694145 139647768270016 submission_runner.py:242] Initializing dataset.
I0531 17:40:23.694341 139647768270016 submission_runner.py:251] Initializing model.
I0531 17:40:25.833834 139647768270016 submission_runner.py:290] Performing `torch.compile`.
I0531 17:40:25.837113 140596951852224 muon.py:324] Muon params:
	_orig_mod.module.encoder.encoder.layers.0.self_attn.in_proj.weight (ndim=2)
	_orig_mod.module.encoder.encoder.layers.0.self_attn.out_proj.weight (ndim=2)
	_orig_mod.module.encoder.encoder.layers.0.linear1.weight (ndim=2)
	_orig_mod.module.encoder.encoder.layers.0.linear2.weight (ndim=2)
	_orig_mod.module.encoder.encoder.layers.1.self_attn.in_proj.weight (ndim=2)
	_orig_mod.module.encoder.encoder.layers.1.self_attn.out_proj.weight (ndim=2)
	_orig_mod.module.encoder.encoder.layers.1.linear1.weight (ndim=2)
	_orig_mod.module.encoder.encoder.layers.1.linear2.weight (ndim=2)
	_orig_mod.module.encoder.encoder.layers.2.self_attn.in_proj.weight (ndim=2)
	_orig_mod.module.encoder.encoder.layers.2.self_attn.out_proj.weight (ndim=2)
	_orig_mod.module.encoder.encoder.layers.2.linear1.weight (ndim=2)
	_orig_mod.module.encoder.encoder.layers.2.linear2.weight (ndim=2)
	_orig_mod.module.encoder.encoder.layers.3.self_attn.in_proj.weight (ndim=2)
	_orig_mod.module.encoder.encoder.layers.3.self_attn.out_proj.weight (ndim=2)
	_orig_mod.module.encoder.encoder.layers.3.linear1.weight (ndim=2)
	_orig_mod.module.encoder.encoder.layers.3.linear2.weight (ndim=2)
	_orig_mod.module.encoder.encoder.layers.4.self_attn.in_proj.weight (ndim=2)
	_orig_mod.module.encoder.encoder.layers.4.self_attn.out_proj.weight (ndim=2)
	_orig_mod.module.encoder.encoder.layers.4.linear1.weight (ndim=2)
	_orig_mod.module.encoder.encoder.layers.4.linear2.weight (ndim=2)
	_orig_mod.module.encoder.encoder.layers.5.self_attn.in_proj.weight (ndim=2)
	_orig_mod.module.encoder.encoder.layers.5.self_attn.out_proj.weight (ndim=2)
	_orig_mod.module.encoder.encoder.layers.5.linear1.weight (ndim=2)
	_orig_mod.module.encoder.encoder.layers.5.linear2.weight (ndim=2)
	_orig_mod.module.decoder.decoder.layers.0.self_attn.in_proj.weight (ndim=2)
	_orig_mod.module.decoder.decoder.layers.0.self_attn.out_proj.weight (ndim=2)
	_orig_mod.module.decoder.decoder.layers.0.multihead_attn.q_proj.weight (ndim=2)
	_orig_mod.module.decoder.decoder.layers.0.multihead_attn.kv_proj.weight (ndim=2)
	_orig_mod.module.decoder.decoder.layers.0.multihead_attn.out_proj.weight (ndim=2)
	_orig_mod.module.decoder.decoder.layers.0.linear1.weight (ndim=2)
	_orig_mod.module.decoder.decoder.layers.0.linear2.weight (ndim=2)
	_orig_mod.module.decoder.decoder.layers.1.self_attn.in_proj.weight (ndim=2)
	_orig_mod.module.decoder.decoder.layers.1.self_attn.out_proj.weight (ndim=2)
	_orig_mod.module.decoder.decoder.layers.1.multihead_attn.q_proj.weight (ndim=2)
	_orig_mod.module.decoder.decoder.layers.1.multihead_attn.kv_proj.weight (ndim=2)
	_orig_mod.module.decoder.decoder.layers.1.multihead_attn.out_proj.weight (ndim=2)
	_orig_mod.module.decoder.decoder.layers.1.linear1.weight (ndim=2)
	_orig_mod.module.decoder.decoder.layers.1.linear2.weight (ndim=2)
	_orig_mod.module.decoder.decoder.layers.2.self_attn.in_proj.weight (ndim=2)
	_orig_mod.module.decoder.decoder.layers.2.self_attn.out_proj.weight (ndim=2)
	_orig_mod.module.decoder.decoder.layers.2.multihead_attn.q_proj.weight (ndim=2)
	_orig_mod.module.decoder.decoder.layers.2.multihead_attn.kv_proj.weight (ndim=2)
	_orig_mod.module.decoder.decoder.layers.2.multihead_attn.out_proj.weight (ndim=2)
	_orig_mod.module.decoder.decoder.layers.2.linear1.weight (ndim=2)
	_orig_mod.module.decoder.decoder.layers.2.linear2.weight (ndim=2)
	_orig_mod.module.decoder.decoder.layers.3.self_attn.in_proj.weight (ndim=2)
	_orig_mod.module.decoder.decoder.layers.3.self_attn.out_proj.weight (ndim=2)
	_orig_mod.module.decoder.decoder.layers.3.multihead_attn.q_proj.weight (ndim=2)
	_orig_mod.module.decoder.decoder.layers.3.multihead_attn.kv_proj.weight (ndim=2)
	_orig_mod.module.decoder.decoder.layers.3.multihead_attn.out_proj.weight (ndim=2)
	_orig_mod.module.decoder.decoder.layers.3.linear1.weight (ndim=2)
	_orig_mod.module.decoder.decoder.layers.3.linear2.weight (ndim=2)
	_orig_mod.module.decoder.decoder.layers.4.self_attn.in_proj.weight (ndim=2)
	_orig_mod.module.decoder.decoder.layers.4.self_attn.out_proj.weight (ndim=2)
	_orig_mod.module.decoder.decoder.layers.4.multihead_attn.q_proj.weight (ndim=2)
	_orig_mod.module.decoder.decoder.layers.4.multihead_attn.kv_proj.weight (ndim=2)
	_orig_mod.module.decoder.decoder.layers.4.multihead_attn.out_proj.weight (ndim=2)
	_orig_mod.module.decoder.decoder.layers.4.linear1.weight (ndim=2)
	_orig_mod.module.decoder.decoder.layers.4.linear2.weight (ndim=2)
	_orig_mod.module.decoder.decoder.layers.5.self_attn.in_proj.weight (ndim=2)
	_orig_mod.module.decoder.decoder.layers.5.self_attn.out_proj.weight (ndim=2)
	_orig_mod.module.decoder.decoder.layers.5.multihead_attn.q_proj.weight (ndim=2)
	_orig_mod.module.decoder.decoder.layers.5.multihead_attn.kv_proj.weight (ndim=2)
	_orig_mod.module.decoder.decoder.layers.5.multihead_attn.out_proj.weight (ndim=2)
	_orig_mod.module.decoder.decoder.layers.5.linear1.weight (ndim=2)
	_orig_mod.module.decoder.decoder.layers.5.linear2.weight (ndim=2)
I0531 17:40:25.837290 140596951852224 muon.py:325] Adam params:
	_orig_mod.module.shared_embedding.weight (ndim=2)
	_orig_mod.module.encoder.encoder.layers.0.linear1.bias (ndim=1)
	_orig_mod.module.encoder.encoder.layers.0.linear2.bias (ndim=1)
	_orig_mod.module.encoder.encoder.layers.0.norm1.weight (ndim=1)
	_orig_mod.module.encoder.encoder.layers.0.norm1.bias (ndim=1)
	_orig_mod.module.encoder.encoder.layers.0.norm2.weight (ndim=1)
	_orig_mod.module.encoder.encoder.layers.0.norm2.bias (ndim=1)
	_orig_mod.module.encoder.encoder.layers.1.linear1.bias (ndim=1)
	_orig_mod.module.encoder.encoder.layers.1.linear2.bias (ndim=1)
	_orig_mod.module.encoder.encoder.layers.1.norm1.weight (ndim=1)
	_orig_mod.module.encoder.encoder.layers.1.norm1.bias (ndim=1)
	_orig_mod.module.encoder.encoder.layers.1.norm2.weight (ndim=1)
	_orig_mod.module.encoder.encoder.layers.1.norm2.bias (ndim=1)
	_orig_mod.module.encoder.encoder.layers.2.linear1.bias (ndim=1)
	_orig_mod.module.encoder.encoder.layers.2.linear2.bias (ndim=1)
	_orig_mod.module.encoder.encoder.layers.2.norm1.weight (ndim=1)
	_orig_mod.module.encoder.encoder.layers.2.norm1.bias (ndim=1)
	_orig_mod.module.encoder.encoder.layers.2.norm2.weight (ndim=1)
	_orig_mod.module.encoder.encoder.layers.2.norm2.bias (ndim=1)
	_orig_mod.module.encoder.encoder.layers.3.linear1.bias (ndim=1)
	_orig_mod.module.encoder.encoder.layers.3.linear2.bias (ndim=1)
	_orig_mod.module.encoder.encoder.layers.3.norm1.weight (ndim=1)
	_orig_mod.module.encoder.encoder.layers.3.norm1.bias (ndim=1)
	_orig_mod.module.encoder.encoder.layers.3.norm2.weight (ndim=1)
	_orig_mod.module.encoder.encoder.layers.3.norm2.bias (ndim=1)
	_orig_mod.module.encoder.encoder.layers.4.linear1.bias (ndim=1)
	_orig_mod.module.encoder.encoder.layers.4.linear2.bias (ndim=1)
	_orig_mod.module.encoder.encoder.layers.4.norm1.weight (ndim=1)
	_orig_mod.module.encoder.encoder.layers.4.norm1.bias (ndim=1)
	_orig_mod.module.encoder.encoder.layers.4.norm2.weight (ndim=1)
	_orig_mod.module.encoder.encoder.layers.4.norm2.bias (ndim=1)
	_orig_mod.module.encoder.encoder.layers.5.linear1.bias (ndim=1)
	_orig_mod.module.encoder.encoder.layers.5.linear2.bias (ndim=1)
	_orig_mod.module.encoder.encoder.layers.5.norm1.weight (ndim=1)
	_orig_mod.module.encoder.encoder.layers.5.norm1.bias (ndim=1)
	_orig_mod.module.encoder.encoder.layers.5.norm2.weight (ndim=1)
	_orig_mod.module.encoder.encoder.layers.5.norm2.bias (ndim=1)
	_orig_mod.module.encoder.encoder.norm.weight (ndim=1)
	_orig_mod.module.encoder.encoder.norm.bias (ndim=1)
	_orig_mod.module.decoder.decoder.layers.0.linear1.bias (ndim=1)
	_orig_mod.module.decoder.decoder.layers.0.linear2.bias (ndim=1)
	_orig_mod.module.decoder.decoder.layers.0.norm1.weight (ndim=1)
	_orig_mod.module.decoder.decoder.layers.0.norm1.bias (ndim=1)
	_orig_mod.module.decoder.decoder.layers.0.norm2.weight (ndim=1)
	_orig_mod.module.decoder.decoder.layers.0.norm2.bias (ndim=1)
	_orig_mod.module.decoder.decoder.layers.0.norm3.weight (ndim=1)
	_orig_mod.module.decoder.decoder.layers.0.norm3.bias (ndim=1)
	_orig_mod.module.decoder.decoder.layers.1.linear1.bias (ndim=1)
	_orig_mod.module.decoder.decoder.layers.1.linear2.bias (ndim=1)
	_orig_mod.module.decoder.decoder.layers.1.norm1.weight (ndim=1)
	_orig_mod.module.decoder.decoder.layers.1.norm1.bias (ndim=1)
	_orig_mod.module.decoder.decoder.layers.1.norm2.weight (ndim=1)
	_orig_mod.module.decoder.decoder.layers.1.norm2.bias (ndim=1)
	_orig_mod.module.decoder.decoder.layers.1.norm3.weight (ndim=1)
	_orig_mod.module.decoder.decoder.layers.1.norm3.bias (ndim=1)
	_orig_mod.module.decoder.decoder.layers.2.linear1.bias (ndim=1)
	_orig_mod.module.decoder.decoder.layers.2.linear2.bias (ndim=1)
	_orig_mod.module.decoder.decoder.layers.2.norm1.weight (ndim=1)
	_orig_mod.module.decoder.decoder.layers.2.norm1.bias (ndim=1)
	_orig_mod.module.decoder.decoder.layers.2.norm2.weight (ndim=1)
	_orig_mod.module.decoder.decoder.layers.2.norm2.bias (ndim=1)
	_orig_mod.module.decoder.decoder.layers.2.norm3.weight (ndim=1)
	_orig_mod.module.decoder.decoder.layers.2.norm3.bias (ndim=1)
	_orig_mod.module.decoder.decoder.layers.3.linear1.bias (ndim=1)
	_orig_mod.module.decoder.decoder.layers.3.linear2.bias (ndim=1)
	_orig_mod.module.decoder.decoder.layers.3.norm1.weight (ndim=1)
	_orig_mod.module.decoder.decoder.layers.3.norm1.bias (ndim=1)
	_orig_mod.module.decoder.decoder.layers.3.norm2.weight (ndim=1)
	_orig_mod.module.decoder.decoder.layers.3.norm2.bias (ndim=1)
	_orig_mod.module.decoder.decoder.layers.3.norm3.weight (ndim=1)
	_orig_mod.module.decoder.decoder.layers.3.norm3.bias (ndim=1)
	_orig_mod.module.decoder.decoder.layers.4.linear1.bias (ndim=1)
	_orig_mod.module.decoder.decoder.layers.4.linear2.bias (ndim=1)
	_orig_mod.module.decoder.decoder.layers.4.norm1.weight (ndim=1)
	_orig_mod.module.decoder.decoder.layers.4.norm1.bias (ndim=1)
	_orig_mod.module.decoder.decoder.layers.4.norm2.weight (ndim=1)
	_orig_mod.module.decoder.decoder.layers.4.norm2.bias (ndim=1)
	_orig_mod.module.decoder.decoder.layers.4.norm3.weight (ndim=1)
	_orig_mod.module.decoder.decoder.layers.4.norm3.bias (ndim=1)
	_orig_mod.module.decoder.decoder.layers.5.linear1.bias (ndim=1)
	_orig_mod.module.decoder.decoder.layers.5.linear2.bias (ndim=1)
	_orig_mod.module.decoder.decoder.layers.5.norm1.weight (ndim=1)
	_orig_mod.module.decoder.decoder.layers.5.norm1.bias (ndim=1)
	_orig_mod.module.decoder.decoder.layers.5.norm2.weight (ndim=1)
	_orig_mod.module.decoder.decoder.layers.5.norm2.bias (ndim=1)
	_orig_mod.module.decoder.decoder.layers.5.norm3.weight (ndim=1)
	_orig_mod.module.decoder.decoder.layers.5.norm3.bias (ndim=1)
	_orig_mod.module.decoder.decoder.norm.weight (ndim=1)
	_orig_mod.module.decoder.decoder.norm.bias (ndim=1)
I0531 17:40:25.837419 139647768270016 submission_runner.py:294] Initializing optimizer.
I0531 17:40:25.837530 140059694032064 muon.py:324] Muon params:
	_orig_mod.module.encoder.encoder.layers.0.self_attn.in_proj.weight (ndim=2)
	_orig_mod.module.encoder.encoder.layers.0.self_attn.out_proj.weight (ndim=2)
	_orig_mod.module.encoder.encoder.layers.0.linear1.weight (ndim=2)
	_orig_mod.module.encoder.encoder.layers.0.linear2.weight (ndim=2)
	_orig_mod.module.encoder.encoder.layers.1.self_attn.in_proj.weight (ndim=2)
	_orig_mod.module.encoder.encoder.layers.1.self_attn.out_proj.weight (ndim=2)
	_orig_mod.module.encoder.encoder.layers.1.linear1.weight (ndim=2)
	_orig_mod.module.encoder.encoder.layers.1.linear2.weight (ndim=2)
	_orig_mod.module.encoder.encoder.layers.2.self_attn.in_proj.weight (ndim=2)
	_orig_mod.module.encoder.encoder.layers.2.self_attn.out_proj.weight (ndim=2)
	_orig_mod.module.encoder.encoder.layers.2.linear1.weight (ndim=2)
	_orig_mod.module.encoder.encoder.layers.2.linear2.weight (ndim=2)
	_orig_mod.module.encoder.encoder.layers.3.self_attn.in_proj.weight (ndim=2)
	_orig_mod.module.encoder.encoder.layers.3.self_attn.out_proj.weight (ndim=2)
	_orig_mod.module.encoder.encoder.layers.3.linear1.weight (ndim=2)
	_orig_mod.module.encoder.encoder.layers.3.linear2.weight (ndim=2)
	_orig_mod.module.encoder.encoder.layers.4.self_attn.in_proj.weight (ndim=2)
	_orig_mod.module.encoder.encoder.layers.4.self_attn.out_proj.weight (ndim=2)
	_orig_mod.module.encoder.encoder.layers.4.linear1.weight (ndim=2)
	_orig_mod.module.encoder.encoder.layers.4.linear2.weight (ndim=2)
	_orig_mod.module.encoder.encoder.layers.5.self_attn.in_proj.weight (ndim=2)
	_orig_mod.module.encoder.encoder.layers.5.self_attn.out_proj.weight (ndim=2)
	_orig_mod.module.encoder.encoder.layers.5.linear1.weight (ndim=2)
	_orig_mod.module.encoder.encoder.layers.5.linear2.weight (ndim=2)
	_orig_mod.module.decoder.decoder.layers.0.self_attn.in_proj.weight (ndim=2)
	_orig_mod.module.decoder.decoder.layers.0.self_attn.out_proj.weight (ndim=2)
	_orig_mod.module.decoder.decoder.layers.0.multihead_attn.q_proj.weight (ndim=2)
	_orig_mod.module.decoder.decoder.layers.0.multihead_attn.kv_proj.weight (ndim=2)
	_orig_mod.module.decoder.decoder.layers.0.multihead_attn.out_proj.weight (ndim=2)
	_orig_mod.module.decoder.decoder.layers.0.linear1.weight (ndim=2)
	_orig_mod.module.decoder.decoder.layers.0.linear2.weight (ndim=2)
	_orig_mod.module.decoder.decoder.layers.1.self_attn.in_proj.weight (ndim=2)
	_orig_mod.module.decoder.decoder.layers.1.self_attn.out_proj.weight (ndim=2)
	_orig_mod.module.decoder.decoder.layers.1.multihead_attn.q_proj.weight (ndim=2)
	_orig_mod.module.decoder.decoder.layers.1.multihead_attn.kv_proj.weight (ndim=2)
	_orig_mod.module.decoder.decoder.layers.1.multihead_attn.out_proj.weight (ndim=2)
	_orig_mod.module.decoder.decoder.layers.1.linear1.weight (ndim=2)
	_orig_mod.module.decoder.decoder.layers.1.linear2.weight (ndim=2)
	_orig_mod.module.decoder.decoder.layers.2.self_attn.in_proj.weight (ndim=2)
	_orig_mod.module.decoder.decoder.layers.2.self_attn.out_proj.weight (ndim=2)
	_orig_mod.module.decoder.decoder.layers.2.multihead_attn.q_proj.weight (ndim=2)
	_orig_mod.module.decoder.decoder.layers.2.multihead_attn.kv_proj.weight (ndim=2)
	_orig_mod.module.decoder.decoder.layers.2.multihead_attn.out_proj.weight (ndim=2)
	_orig_mod.module.decoder.decoder.layers.2.linear1.weight (ndim=2)
	_orig_mod.module.decoder.decoder.layers.2.linear2.weight (ndim=2)
	_orig_mod.module.decoder.decoder.layers.3.self_attn.in_proj.weight (ndim=2)
	_orig_mod.module.decoder.decoder.layers.3.self_attn.out_proj.weight (ndim=2)
	_orig_mod.module.decoder.decoder.layers.3.multihead_attn.q_proj.weight (ndim=2)
	_orig_mod.module.decoder.decoder.layers.3.multihead_attn.kv_proj.weight (ndim=2)
	_orig_mod.module.decoder.decoder.layers.3.multihead_attn.out_proj.weight (ndim=2)
	_orig_mod.module.decoder.decoder.layers.3.linear1.weight (ndim=2)
	_orig_mod.module.decoder.decoder.layers.3.linear2.weight (ndim=2)
	_orig_mod.module.decoder.decoder.layers.4.self_attn.in_proj.weight (ndim=2)
	_orig_mod.module.decoder.decoder.layers.4.self_attn.out_proj.weight (ndim=2)
	_orig_mod.module.decoder.decoder.layers.4.multihead_attn.q_proj.weight (ndim=2)
	_orig_mod.module.decoder.decoder.layers.4.multihead_attn.kv_proj.weight (ndim=2)
	_orig_mod.module.decoder.decoder.layers.4.multihead_attn.out_proj.weight (ndim=2)
	_orig_mod.module.decoder.decoder.layers.4.linear1.weight (ndim=2)
	_orig_mod.module.decoder.decoder.layers.4.linear2.weight (ndim=2)
	_orig_mod.module.decoder.decoder.layers.5.self_attn.in_proj.weight (ndim=2)
	_orig_mod.module.decoder.decoder.layers.5.self_attn.out_proj.weight (ndim=2)
	_orig_mod.module.decoder.decoder.layers.5.multihead_attn.q_proj.weight (ndim=2)
	_orig_mod.module.decoder.decoder.layers.5.multihead_attn.kv_proj.weight (ndim=2)
	_orig_mod.module.decoder.decoder.layers.5.multihead_attn.out_proj.weight (ndim=2)
	_orig_mod.module.decoder.decoder.layers.5.linear1.weight (ndim=2)
	_orig_mod.module.decoder.decoder.layers.5.linear2.weight (ndim=2)
I0531 17:40:25.837710 140059694032064 muon.py:325] Adam params:
	_orig_mod.module.shared_embedding.weight (ndim=2)
	_orig_mod.module.encoder.encoder.layers.0.linear1.bias (ndim=1)
	_orig_mod.module.encoder.encoder.layers.0.linear2.bias (ndim=1)
	_orig_mod.module.encoder.encoder.layers.0.norm1.weight (ndim=1)
	_orig_mod.module.encoder.encoder.layers.0.norm1.bias (ndim=1)
	_orig_mod.module.encoder.encoder.layers.0.norm2.weight (ndim=1)
	_orig_mod.module.encoder.encoder.layers.0.norm2.bias (ndim=1)
	_orig_mod.module.encoder.encoder.layers.1.linear1.bias (ndim=1)
	_orig_mod.module.encoder.encoder.layers.1.linear2.bias (ndim=1)
	_orig_mod.module.encoder.encoder.layers.1.norm1.weight (ndim=1)
	_orig_mod.module.encoder.encoder.layers.1.norm1.bias (ndim=1)
	_orig_mod.module.encoder.encoder.layers.1.norm2.weight (ndim=1)
	_orig_mod.module.encoder.encoder.layers.1.norm2.bias (ndim=1)
	_orig_mod.module.encoder.encoder.layers.2.linear1.bias (ndim=1)
	_orig_mod.module.encoder.encoder.layers.2.linear2.bias (ndim=1)
	_orig_mod.module.encoder.encoder.layers.2.norm1.weight (ndim=1)
	_orig_mod.module.encoder.encoder.layers.2.norm1.bias (ndim=1)
	_orig_mod.module.encoder.encoder.layers.2.norm2.weight (ndim=1)
	_orig_mod.module.encoder.encoder.layers.2.norm2.bias (ndim=1)
	_orig_mod.module.encoder.encoder.layers.3.linear1.bias (ndim=1)
	_orig_mod.module.encoder.encoder.layers.3.linear2.bias (ndim=1)
	_orig_mod.module.encoder.encoder.layers.3.norm1.weight (ndim=1)
	_orig_mod.module.encoder.encoder.layers.3.norm1.bias (ndim=1)
	_orig_mod.module.encoder.encoder.layers.3.norm2.weight (ndim=1)
	_orig_mod.module.encoder.encoder.layers.3.norm2.bias (ndim=1)
	_orig_mod.module.encoder.encoder.layers.4.linear1.bias (ndim=1)
	_orig_mod.module.encoder.encoder.layers.4.linear2.bias (ndim=1)
	_orig_mod.module.encoder.encoder.layers.4.norm1.weight (ndim=1)
	_orig_mod.module.encoder.encoder.layers.4.norm1.bias (ndim=1)
	_orig_mod.module.encoder.encoder.layers.4.norm2.weight (ndim=1)
	_orig_mod.module.encoder.encoder.layers.4.norm2.bias (ndim=1)
	_orig_mod.module.encoder.encoder.layers.5.linear1.bias (ndim=1)
	_orig_mod.module.encoder.encoder.layers.5.linear2.bias (ndim=1)
	_orig_mod.module.encoder.encoder.layers.5.norm1.weight (ndim=1)
	_orig_mod.module.encoder.encoder.layers.5.norm1.bias (ndim=1)
	_orig_mod.module.encoder.encoder.layers.5.norm2.weight (ndim=1)
	_orig_mod.module.encoder.encoder.layers.5.norm2.bias (ndim=1)
	_orig_mod.module.encoder.encoder.norm.weight (ndim=1)
	_orig_mod.module.encoder.encoder.norm.bias (ndim=1)
	_orig_mod.module.decoder.decoder.layers.0.linear1.bias (ndim=1)
	_orig_mod.module.decoder.decoder.layers.0.linear2.bias (ndim=1)
	_orig_mod.module.decoder.decoder.layers.0.norm1.weight (ndim=1)
	_orig_mod.module.decoder.decoder.layers.0.norm1.bias (ndim=1)
	_orig_mod.module.decoder.decoder.layers.0.norm2.weight (ndim=1)
	_orig_mod.module.decoder.decoder.layers.0.norm2.bias (ndim=1)
	_orig_mod.module.decoder.decoder.layers.0.norm3.weight (ndim=1)
	_orig_mod.module.decoder.decoder.layers.0.norm3.bias (ndim=1)
	_orig_mod.module.decoder.decoder.layers.1.linear1.bias (ndim=1)
	_orig_mod.module.decoder.decoder.layers.1.linear2.bias (ndim=1)
	_orig_mod.module.decoder.decoder.layers.1.norm1.weight (ndim=1)
	_orig_mod.module.decoder.decoder.layers.1.norm1.bias (ndim=1)
	_orig_mod.module.decoder.decoder.layers.1.norm2.weight (ndim=1)
	_orig_mod.module.decoder.decoder.layers.1.norm2.bias (ndim=1)
	_orig_mod.module.decoder.decoder.layers.1.norm3.weight (ndim=1)
	_orig_mod.module.decoder.decoder.layers.1.norm3.bias (ndim=1)
	_orig_mod.module.decoder.decoder.layers.2.linear1.bias (ndim=1)
	_orig_mod.module.decoder.decoder.layers.2.linear2.bias (ndim=1)
	_orig_mod.module.decoder.decoder.layers.2.norm1.weight (ndim=1)
	_orig_mod.module.decoder.decoder.layers.2.norm1.bias (ndim=1)
	_orig_mod.module.decoder.decoder.layers.2.norm2.weight (ndim=1)
	_orig_mod.module.decoder.decoder.layers.2.norm2.bias (ndim=1)
	_orig_mod.module.decoder.decoder.layers.2.norm3.weight (ndim=1)
	_orig_mod.module.decoder.decoder.layers.2.norm3.bias (ndim=1)
	_orig_mod.module.decoder.decoder.layers.3.linear1.bias (ndim=1)
	_orig_mod.module.decoder.decoder.layers.3.linear2.bias (ndim=1)
	_orig_mod.module.decoder.decoder.layers.3.norm1.weight (ndim=1)
	_orig_mod.module.decoder.decoder.layers.3.norm1.bias (ndim=1)
	_orig_mod.module.decoder.decoder.layers.3.norm2.weight (ndim=1)
	_orig_mod.module.decoder.decoder.layers.3.norm2.bias (ndim=1)
	_orig_mod.module.decoder.decoder.layers.3.norm3.weight (ndim=1)
	_orig_mod.module.decoder.decoder.layers.3.norm3.bias (ndim=1)
	_orig_mod.module.decoder.decoder.layers.4.linear1.bias (ndim=1)
	_orig_mod.module.decoder.decoder.layers.4.linear2.bias (ndim=1)
	_orig_mod.module.decoder.decoder.layers.4.norm1.weight (ndim=1)
	_orig_mod.module.decoder.decoder.layers.4.norm1.bias (ndim=1)
	_orig_mod.module.decoder.decoder.layers.4.norm2.weight (ndim=1)
	_orig_mod.module.decoder.decoder.layers.4.norm2.bias (ndim=1)
	_orig_mod.module.decoder.decoder.layers.4.norm3.weight (ndim=1)
	_orig_mod.module.decoder.decoder.layers.4.norm3.bias (ndim=1)
	_orig_mod.module.decoder.decoder.layers.5.linear1.bias (ndim=1)
	_orig_mod.module.decoder.decoder.layers.5.linear2.bias (ndim=1)
	_orig_mod.module.decoder.decoder.layers.5.norm1.weight (ndim=1)
	_orig_mod.module.decoder.decoder.layers.5.norm1.bias (ndim=1)
	_orig_mod.module.decoder.decoder.layers.5.norm2.weight (ndim=1)
	_orig_mod.module.decoder.decoder.layers.5.norm2.bias (ndim=1)
	_orig_mod.module.decoder.decoder.layers.5.norm3.weight (ndim=1)
	_orig_mod.module.decoder.decoder.layers.5.norm3.bias (ndim=1)
	_orig_mod.module.decoder.decoder.norm.weight (ndim=1)
	_orig_mod.module.decoder.decoder.norm.bias (ndim=1)
I0531 17:40:25.837788 140526435493056 muon.py:324] Muon params:
	_orig_mod.module.encoder.encoder.layers.0.self_attn.in_proj.weight (ndim=2)
	_orig_mod.module.encoder.encoder.layers.0.self_attn.out_proj.weight (ndim=2)
	_orig_mod.module.encoder.encoder.layers.0.linear1.weight (ndim=2)
	_orig_mod.module.encoder.encoder.layers.0.linear2.weight (ndim=2)
	_orig_mod.module.encoder.encoder.layers.1.self_attn.in_proj.weight (ndim=2)
	_orig_mod.module.encoder.encoder.layers.1.self_attn.out_proj.weight (ndim=2)
	_orig_mod.module.encoder.encoder.layers.1.linear1.weight (ndim=2)
	_orig_mod.module.encoder.encoder.layers.1.linear2.weight (ndim=2)
	_orig_mod.module.encoder.encoder.layers.2.self_attn.in_proj.weight (ndim=2)
	_orig_mod.module.encoder.encoder.layers.2.self_attn.out_proj.weight (ndim=2)
	_orig_mod.module.encoder.encoder.layers.2.linear1.weight (ndim=2)
	_orig_mod.module.encoder.encoder.layers.2.linear2.weight (ndim=2)
	_orig_mod.module.encoder.encoder.layers.3.self_attn.in_proj.weight (ndim=2)
	_orig_mod.module.encoder.encoder.layers.3.self_attn.out_proj.weight (ndim=2)
	_orig_mod.module.encoder.encoder.layers.3.linear1.weight (ndim=2)
	_orig_mod.module.encoder.encoder.layers.3.linear2.weight (ndim=2)
	_orig_mod.module.encoder.encoder.layers.4.self_attn.in_proj.weight (ndim=2)
	_orig_mod.module.encoder.encoder.layers.4.self_attn.out_proj.weight (ndim=2)
	_orig_mod.module.encoder.encoder.layers.4.linear1.weight (ndim=2)
	_orig_mod.module.encoder.encoder.layers.4.linear2.weight (ndim=2)
	_orig_mod.module.encoder.encoder.layers.5.self_attn.in_proj.weight (ndim=2)
	_orig_mod.module.encoder.encoder.layers.5.self_attn.out_proj.weight (ndim=2)
	_orig_mod.module.encoder.encoder.layers.5.linear1.weight (ndim=2)
	_orig_mod.module.encoder.encoder.layers.5.linear2.weight (ndim=2)
	_orig_mod.module.decoder.decoder.layers.0.self_attn.in_proj.weight (ndim=2)
	_orig_mod.module.decoder.decoder.layers.0.self_attn.out_proj.weight (ndim=2)
	_orig_mod.module.decoder.decoder.layers.0.multihead_attn.q_proj.weight (ndim=2)
	_orig_mod.module.decoder.decoder.layers.0.multihead_attn.kv_proj.weight (ndim=2)
	_orig_mod.module.decoder.decoder.layers.0.multihead_attn.out_proj.weight (ndim=2)
	_orig_mod.module.decoder.decoder.layers.0.linear1.weight (ndim=2)
	_orig_mod.module.decoder.decoder.layers.0.linear2.weight (ndim=2)
	_orig_mod.module.decoder.decoder.layers.1.self_attn.in_proj.weight (ndim=2)
	_orig_mod.module.decoder.decoder.layers.1.self_attn.out_proj.weight (ndim=2)
	_orig_mod.module.decoder.decoder.layers.1.multihead_attn.q_proj.weight (ndim=2)
	_orig_mod.module.decoder.decoder.layers.1.multihead_attn.kv_proj.weight (ndim=2)
	_orig_mod.module.decoder.decoder.layers.1.multihead_attn.out_proj.weight (ndim=2)
	_orig_mod.module.decoder.decoder.layers.1.linear1.weight (ndim=2)
	_orig_mod.module.decoder.decoder.layers.1.linear2.weight (ndim=2)
	_orig_mod.module.decoder.decoder.layers.2.self_attn.in_proj.weight (ndim=2)
	_orig_mod.module.decoder.decoder.layers.2.self_attn.out_proj.weight (ndim=2)
	_orig_mod.module.decoder.decoder.layers.2.multihead_attn.q_proj.weight (ndim=2)
	_orig_mod.module.decoder.decoder.layers.2.multihead_attn.kv_proj.weight (ndim=2)
	_orig_mod.module.decoder.decoder.layers.2.multihead_attn.out_proj.weight (ndim=2)
	_orig_mod.module.decoder.decoder.layers.2.linear1.weight (ndim=2)
	_orig_mod.module.decoder.decoder.layers.2.linear2.weight (ndim=2)
	_orig_mod.module.decoder.decoder.layers.3.self_attn.in_proj.weight (ndim=2)
	_orig_mod.module.decoder.decoder.layers.3.self_attn.out_proj.weight (ndim=2)
	_orig_mod.module.decoder.decoder.layers.3.multihead_attn.q_proj.weight (ndim=2)
	_orig_mod.module.decoder.decoder.layers.3.multihead_attn.kv_proj.weight (ndim=2)
	_orig_mod.module.decoder.decoder.layers.3.multihead_attn.out_proj.weight (ndim=2)
	_orig_mod.module.decoder.decoder.layers.3.linear1.weight (ndim=2)
	_orig_mod.module.decoder.decoder.layers.3.linear2.weight (ndim=2)
	_orig_mod.module.decoder.decoder.layers.4.self_attn.in_proj.weight (ndim=2)
	_orig_mod.module.decoder.decoder.layers.4.self_attn.out_proj.weight (ndim=2)
	_orig_mod.module.decoder.decoder.layers.4.multihead_attn.q_proj.weight (ndim=2)
	_orig_mod.module.decoder.decoder.layers.4.multihead_attn.kv_proj.weight (ndim=2)
	_orig_mod.module.decoder.decoder.layers.4.multihead_attn.out_proj.weight (ndim=2)
	_orig_mod.module.decoder.decoder.layers.4.linear1.weight (ndim=2)
	_orig_mod.module.decoder.decoder.layers.4.linear2.weight (ndim=2)
	_orig_mod.module.decoder.decoder.layers.5.self_attn.in_proj.weight (ndim=2)
	_orig_mod.module.decoder.decoder.layers.5.self_attn.out_proj.weight (ndim=2)
	_orig_mod.module.decoder.decoder.layers.5.multihead_attn.q_proj.weight (ndim=2)
	_orig_mod.module.decoder.decoder.layers.5.multihead_attn.kv_proj.weight (ndim=2)
	_orig_mod.module.decoder.decoder.layers.5.multihead_attn.out_proj.weight (ndim=2)
	_orig_mod.module.decoder.decoder.layers.5.linear1.weight (ndim=2)
	_orig_mod.module.decoder.decoder.layers.5.linear2.weight (ndim=2)
I0531 17:40:25.837965 140526435493056 muon.py:325] Adam params:
	_orig_mod.module.shared_embedding.weight (ndim=2)
	_orig_mod.module.encoder.encoder.layers.0.linear1.bias (ndim=1)
	_orig_mod.module.encoder.encoder.layers.0.linear2.bias (ndim=1)
	_orig_mod.module.encoder.encoder.layers.0.norm1.weight (ndim=1)
	_orig_mod.module.encoder.encoder.layers.0.norm1.bias (ndim=1)
	_orig_mod.module.encoder.encoder.layers.0.norm2.weight (ndim=1)
	_orig_mod.module.encoder.encoder.layers.0.norm2.bias (ndim=1)
	_orig_mod.module.encoder.encoder.layers.1.linear1.bias (ndim=1)
	_orig_mod.module.encoder.encoder.layers.1.linear2.bias (ndim=1)
	_orig_mod.module.encoder.encoder.layers.1.norm1.weight (ndim=1)
	_orig_mod.module.encoder.encoder.layers.1.norm1.bias (ndim=1)
	_orig_mod.module.encoder.encoder.layers.1.norm2.weight (ndim=1)
	_orig_mod.module.encoder.encoder.layers.1.norm2.bias (ndim=1)
	_orig_mod.module.encoder.encoder.layers.2.linear1.bias (ndim=1)
	_orig_mod.module.encoder.encoder.layers.2.linear2.bias (ndim=1)
	_orig_mod.module.encoder.encoder.layers.2.norm1.weight (ndim=1)
	_orig_mod.module.encoder.encoder.layers.2.norm1.bias (ndim=1)
	_orig_mod.module.encoder.encoder.layers.2.norm2.weight (ndim=1)
	_orig_mod.module.encoder.encoder.layers.2.norm2.bias (ndim=1)
	_orig_mod.module.encoder.encoder.layers.3.linear1.bias (ndim=1)
	_orig_mod.module.encoder.encoder.layers.3.linear2.bias (ndim=1)
	_orig_mod.module.encoder.encoder.layers.3.norm1.weight (ndim=1)
	_orig_mod.module.encoder.encoder.layers.3.norm1.bias (ndim=1)
	_orig_mod.module.encoder.encoder.layers.3.norm2.weight (ndim=1)
	_orig_mod.module.encoder.encoder.layers.3.norm2.bias (ndim=1)
	_orig_mod.module.encoder.encoder.layers.4.linear1.bias (ndim=1)
	_orig_mod.module.encoder.encoder.layers.4.linear2.bias (ndim=1)
	_orig_mod.module.encoder.encoder.layers.4.norm1.weight (ndim=1)
	_orig_mod.module.encoder.encoder.layers.4.norm1.bias (ndim=1)
	_orig_mod.module.encoder.encoder.layers.4.norm2.weight (ndim=1)
	_orig_mod.module.encoder.encoder.layers.4.norm2.bias (ndim=1)
	_orig_mod.module.encoder.encoder.layers.5.linear1.bias (ndim=1)
	_orig_mod.module.encoder.encoder.layers.5.linear2.bias (ndim=1)
	_orig_mod.module.encoder.encoder.layers.5.norm1.weight (ndim=1)
	_orig_mod.module.encoder.encoder.layers.5.norm1.bias (ndim=1)
	_orig_mod.module.encoder.encoder.layers.5.norm2.weight (ndim=1)
	_orig_mod.module.encoder.encoder.layers.5.norm2.bias (ndim=1)
	_orig_mod.module.encoder.encoder.norm.weight (ndim=1)
	_orig_mod.module.encoder.encoder.norm.bias (ndim=1)
	_orig_mod.module.decoder.decoder.layers.0.linear1.bias (ndim=1)
	_orig_mod.module.decoder.decoder.layers.0.linear2.bias (ndim=1)
	_orig_mod.module.decoder.decoder.layers.0.norm1.weight (ndim=1)
	_orig_mod.module.decoder.decoder.layers.0.norm1.bias (ndim=1)
	_orig_mod.module.decoder.decoder.layers.0.norm2.weight (ndim=1)
	_orig_mod.module.decoder.decoder.layers.0.norm2.bias (ndim=1)
	_orig_mod.module.decoder.decoder.layers.0.norm3.weight (ndim=1)
	_orig_mod.module.decoder.decoder.layers.0.norm3.bias (ndim=1)
	_orig_mod.module.decoder.decoder.layers.1.linear1.bias (ndim=1)
	_orig_mod.module.decoder.decoder.layers.1.linear2.bias (ndim=1)
	_orig_mod.module.decoder.decoder.layers.1.norm1.weight (ndim=1)
	_orig_mod.module.decoder.decoder.layers.1.norm1.bias (ndim=1)
	_orig_mod.module.decoder.decoder.layers.1.norm2.weight (ndim=1)
	_orig_mod.module.decoder.decoder.layers.1.norm2.bias (ndim=1)
	_orig_mod.module.decoder.decoder.layers.1.norm3.weight (ndim=1)
	_orig_mod.module.decoder.decoder.layers.1.norm3.bias (ndim=1)
	_orig_mod.module.decoder.decoder.layers.2.linear1.bias (ndim=1)
	_orig_mod.module.decoder.decoder.layers.2.linear2.bias (ndim=1)
	_orig_mod.module.decoder.decoder.layers.2.norm1.weight (ndim=1)
	_orig_mod.module.decoder.decoder.layers.2.norm1.bias (ndim=1)
	_orig_mod.module.decoder.decoder.layers.2.norm2.weight (ndim=1)
	_orig_mod.module.decoder.decoder.layers.2.norm2.bias (ndim=1)
	_orig_mod.module.decoder.decoder.layers.2.norm3.weight (ndim=1)
	_orig_mod.module.decoder.decoder.layers.2.norm3.bias (ndim=1)
	_orig_mod.module.decoder.decoder.layers.3.linear1.bias (ndim=1)
	_orig_mod.module.decoder.decoder.layers.3.linear2.bias (ndim=1)
	_orig_mod.module.decoder.decoder.layers.3.norm1.weight (ndim=1)
	_orig_mod.module.decoder.decoder.layers.3.norm1.bias (ndim=1)
	_orig_mod.module.decoder.decoder.layers.3.norm2.weight (ndim=1)
	_orig_mod.module.decoder.decoder.layers.3.norm2.bias (ndim=1)
	_orig_mod.module.decoder.decoder.layers.3.norm3.weight (ndim=1)
	_orig_mod.module.decoder.decoder.layers.3.norm3.bias (ndim=1)
	_orig_mod.module.decoder.decoder.layers.4.linear1.bias (ndim=1)
	_orig_mod.module.decoder.decoder.layers.4.linear2.bias (ndim=1)
	_orig_mod.module.decoder.decoder.layers.4.norm1.weight (ndim=1)
	_orig_mod.module.decoder.decoder.layers.4.norm1.bias (ndim=1)
	_orig_mod.module.decoder.decoder.layers.4.norm2.weight (ndim=1)
	_orig_mod.module.decoder.decoder.layers.4.norm2.bias (ndim=1)
	_orig_mod.module.decoder.decoder.layers.4.norm3.weight (ndim=1)
	_orig_mod.module.decoder.decoder.layers.4.norm3.bias (ndim=1)
	_orig_mod.module.decoder.decoder.layers.5.linear1.bias (ndim=1)
	_orig_mod.module.decoder.decoder.layers.5.linear2.bias (ndim=1)
	_orig_mod.module.decoder.decoder.layers.5.norm1.weight (ndim=1)
	_orig_mod.module.decoder.decoder.layers.5.norm1.bias (ndim=1)
	_orig_mod.module.decoder.decoder.layers.5.norm2.weight (ndim=1)
	_orig_mod.module.decoder.decoder.layers.5.norm2.bias (ndim=1)
	_orig_mod.module.decoder.decoder.layers.5.norm3.weight (ndim=1)
	_orig_mod.module.decoder.decoder.layers.5.norm3.bias (ndim=1)
	_orig_mod.module.decoder.decoder.norm.weight (ndim=1)
	_orig_mod.module.decoder.decoder.norm.bias (ndim=1)
I0531 17:40:25.838083 139647768270016 muon.py:324] Muon params:
	_orig_mod.module.encoder.encoder.layers.0.self_attn.in_proj.weight (ndim=2)
	_orig_mod.module.encoder.encoder.layers.0.self_attn.out_proj.weight (ndim=2)
	_orig_mod.module.encoder.encoder.layers.0.linear1.weight (ndim=2)
	_orig_mod.module.encoder.encoder.layers.0.linear2.weight (ndim=2)
	_orig_mod.module.encoder.encoder.layers.1.self_attn.in_proj.weight (ndim=2)
	_orig_mod.module.encoder.encoder.layers.1.self_attn.out_proj.weight (ndim=2)
	_orig_mod.module.encoder.encoder.layers.1.linear1.weight (ndim=2)
	_orig_mod.module.encoder.encoder.layers.1.linear2.weight (ndim=2)
	_orig_mod.module.encoder.encoder.layers.2.self_attn.in_proj.weight (ndim=2)
	_orig_mod.module.encoder.encoder.layers.2.self_attn.out_proj.weight (ndim=2)
	_orig_mod.module.encoder.encoder.layers.2.linear1.weight (ndim=2)
	_orig_mod.module.encoder.encoder.layers.2.linear2.weight (ndim=2)
	_orig_mod.module.encoder.encoder.layers.3.self_attn.in_proj.weight (ndim=2)
	_orig_mod.module.encoder.encoder.layers.3.self_attn.out_proj.weight (ndim=2)
	_orig_mod.module.encoder.encoder.layers.3.linear1.weight (ndim=2)
	_orig_mod.module.encoder.encoder.layers.3.linear2.weight (ndim=2)
	_orig_mod.module.encoder.encoder.layers.4.self_attn.in_proj.weight (ndim=2)
	_orig_mod.module.encoder.encoder.layers.4.self_attn.out_proj.weight (ndim=2)
	_orig_mod.module.encoder.encoder.layers.4.linear1.weight (ndim=2)
	_orig_mod.module.encoder.encoder.layers.4.linear2.weight (ndim=2)
	_orig_mod.module.encoder.encoder.layers.5.self_attn.in_proj.weight (ndim=2)
	_orig_mod.module.encoder.encoder.layers.5.self_attn.out_proj.weight (ndim=2)
	_orig_mod.module.encoder.encoder.layers.5.linear1.weight (ndim=2)
	_orig_mod.module.encoder.encoder.layers.5.linear2.weight (ndim=2)
	_orig_mod.module.decoder.decoder.layers.0.self_attn.in_proj.weight (ndim=2)
	_orig_mod.module.decoder.decoder.layers.0.self_attn.out_proj.weight (ndim=2)
	_orig_mod.module.decoder.decoder.layers.0.multihead_attn.q_proj.weight (ndim=2)
	_orig_mod.module.decoder.decoder.layers.0.multihead_attn.kv_proj.weight (ndim=2)
	_orig_mod.module.decoder.decoder.layers.0.multihead_attn.out_proj.weight (ndim=2)
	_orig_mod.module.decoder.decoder.layers.0.linear1.weight (ndim=2)
	_orig_mod.module.decoder.decoder.layers.0.linear2.weight (ndim=2)
	_orig_mod.module.decoder.decoder.layers.1.self_attn.in_proj.weight (ndim=2)
	_orig_mod.module.decoder.decoder.layers.1.self_attn.out_proj.weight (ndim=2)
	_orig_mod.module.decoder.decoder.layers.1.multihead_attn.q_proj.weight (ndim=2)
	_orig_mod.module.decoder.decoder.layers.1.multihead_attn.kv_proj.weight (ndim=2)
	_orig_mod.module.decoder.decoder.layers.1.multihead_attn.out_proj.weight (ndim=2)
	_orig_mod.module.decoder.decoder.layers.1.linear1.weight (ndim=2)
	_orig_mod.module.decoder.decoder.layers.1.linear2.weight (ndim=2)
	_orig_mod.module.decoder.decoder.layers.2.self_attn.in_proj.weight (ndim=2)
	_orig_mod.module.decoder.decoder.layers.2.self_attn.out_proj.weight (ndim=2)
	_orig_mod.module.decoder.decoder.layers.2.multihead_attn.q_proj.weight (ndim=2)
	_orig_mod.module.decoder.decoder.layers.2.multihead_attn.kv_proj.weight (ndim=2)
	_orig_mod.module.decoder.decoder.layers.2.multihead_attn.out_proj.weight (ndim=2)
	_orig_mod.module.decoder.decoder.layers.2.linear1.weight (ndim=2)
	_orig_mod.module.decoder.decoder.layers.2.linear2.weight (ndim=2)
	_orig_mod.module.decoder.decoder.layers.3.self_attn.in_proj.weight (ndim=2)
	_orig_mod.module.decoder.decoder.layers.3.self_attn.out_proj.weight (ndim=2)
	_orig_mod.module.decoder.decoder.layers.3.multihead_attn.q_proj.weight (ndim=2)
	_orig_mod.module.decoder.decoder.layers.3.multihead_attn.kv_proj.weight (ndim=2)
	_orig_mod.module.decoder.decoder.layers.3.multihead_attn.out_proj.weight (ndim=2)
	_orig_mod.module.decoder.decoder.layers.3.linear1.weight (ndim=2)
	_orig_mod.module.decoder.decoder.layers.3.linear2.weight (ndim=2)
	_orig_mod.module.decoder.decoder.layers.4.self_attn.in_proj.weight (ndim=2)
	_orig_mod.module.decoder.decoder.layers.4.self_attn.out_proj.weight (ndim=2)
	_orig_mod.module.decoder.decoder.layers.4.multihead_attn.q_proj.weight (ndim=2)
	_orig_mod.module.decoder.decoder.layers.4.multihead_attn.kv_proj.weight (ndim=2)
	_orig_mod.module.decoder.decoder.layers.4.multihead_attn.out_proj.weight (ndim=2)
	_orig_mod.module.decoder.decoder.layers.4.linear1.weight (ndim=2)
	_orig_mod.module.decoder.decoder.layers.4.linear2.weight (ndim=2)
	_orig_mod.module.decoder.decoder.layers.5.self_attn.in_proj.weight (ndim=2)
	_orig_mod.module.decoder.decoder.layers.5.self_attn.out_proj.weight (ndim=2)
	_orig_mod.module.decoder.decoder.layers.5.multihead_attn.q_proj.weight (ndim=2)
	_orig_mod.module.decoder.decoder.layers.5.multihead_attn.kv_proj.weight (ndim=2)
	_orig_mod.module.decoder.decoder.layers.5.multihead_attn.out_proj.weight (ndim=2)
	_orig_mod.module.decoder.decoder.layers.5.linear1.weight (ndim=2)
	_orig_mod.module.decoder.decoder.layers.5.linear2.weight (ndim=2)
I0531 17:40:25.838168 139647768270016 muon.py:325] Adam params:
	_orig_mod.module.shared_embedding.weight (ndim=2)
	_orig_mod.module.encoder.encoder.layers.0.linear1.bias (ndim=1)
	_orig_mod.module.encoder.encoder.layers.0.linear2.bias (ndim=1)
	_orig_mod.module.encoder.encoder.layers.0.norm1.weight (ndim=1)
	_orig_mod.module.encoder.encoder.layers.0.norm1.bias (ndim=1)
	_orig_mod.module.encoder.encoder.layers.0.norm2.weight (ndim=1)
	_orig_mod.module.encoder.encoder.layers.0.norm2.bias (ndim=1)
	_orig_mod.module.encoder.encoder.layers.1.linear1.bias (ndim=1)
	_orig_mod.module.encoder.encoder.layers.1.linear2.bias (ndim=1)
	_orig_mod.module.encoder.encoder.layers.1.norm1.weight (ndim=1)
	_orig_mod.module.encoder.encoder.layers.1.norm1.bias (ndim=1)
	_orig_mod.module.encoder.encoder.layers.1.norm2.weight (ndim=1)
	_orig_mod.module.encoder.encoder.layers.1.norm2.bias (ndim=1)
	_orig_mod.module.encoder.encoder.layers.2.linear1.bias (ndim=1)
	_orig_mod.module.encoder.encoder.layers.2.linear2.bias (ndim=1)
	_orig_mod.module.encoder.encoder.layers.2.norm1.weight (ndim=1)
	_orig_mod.module.encoder.encoder.layers.2.norm1.bias (ndim=1)
	_orig_mod.module.encoder.encoder.layers.2.norm2.weight (ndim=1)
	_orig_mod.module.encoder.encoder.layers.2.norm2.bias (ndim=1)
	_orig_mod.module.encoder.encoder.layers.3.linear1.bias (ndim=1)
	_orig_mod.module.encoder.encoder.layers.3.linear2.bias (ndim=1)
	_orig_mod.module.encoder.encoder.layers.3.norm1.weight (ndim=1)
	_orig_mod.module.encoder.encoder.layers.3.norm1.bias (ndim=1)
	_orig_mod.module.encoder.encoder.layers.3.norm2.weight (ndim=1)
	_orig_mod.module.encoder.encoder.layers.3.norm2.bias (ndim=1)
	_orig_mod.module.encoder.encoder.layers.4.linear1.bias (ndim=1)
	_orig_mod.module.encoder.encoder.layers.4.linear2.bias (ndim=1)
	_orig_mod.module.encoder.encoder.layers.4.norm1.weight (ndim=1)
	_orig_mod.module.encoder.encoder.layers.4.norm1.bias (ndim=1)
	_orig_mod.module.encoder.encoder.layers.4.norm2.weight (ndim=1)
	_orig_mod.module.encoder.encoder.layers.4.norm2.bias (ndim=1)
	_orig_mod.module.encoder.encoder.layers.5.linear1.bias (ndim=1)
	_orig_mod.module.encoder.encoder.layers.5.linear2.bias (ndim=1)
	_orig_mod.module.encoder.encoder.layers.5.norm1.weight (ndim=1)
	_orig_mod.module.encoder.encoder.layers.5.norm1.bias (ndim=1)
	_orig_mod.module.encoder.encoder.layers.5.norm2.weight (ndim=1)
	_orig_mod.module.encoder.encoder.layers.5.norm2.bias (ndim=1)
	_orig_mod.module.encoder.encoder.norm.weight (ndim=1)
	_orig_mod.module.encoder.encoder.norm.bias (ndim=1)
	_orig_mod.module.decoder.decoder.layers.0.linear1.bias (ndim=1)
	_orig_mod.module.decoder.decoder.layers.0.linear2.bias (ndim=1)
	_orig_mod.module.decoder.decoder.layers.0.norm1.weight (ndim=1)
	_orig_mod.module.decoder.decoder.layers.0.norm1.bias (ndim=1)
	_orig_mod.module.decoder.decoder.layers.0.norm2.weight (ndim=1)
	_orig_mod.module.decoder.decoder.layers.0.norm2.bias (ndim=1)
	_orig_mod.module.decoder.decoder.layers.0.norm3.weight (ndim=1)
	_orig_mod.module.decoder.decoder.layers.0.norm3.bias (ndim=1)
	_orig_mod.module.decoder.decoder.layers.1.linear1.bias (ndim=1)
	_orig_mod.module.decoder.decoder.layers.1.linear2.bias (ndim=1)
	_orig_mod.module.decoder.decoder.layers.1.norm1.weight (ndim=1)
	_orig_mod.module.decoder.decoder.layers.1.norm1.bias (ndim=1)
	_orig_mod.module.decoder.decoder.layers.1.norm2.weight (ndim=1)
	_orig_mod.module.decoder.decoder.layers.1.norm2.bias (ndim=1)
	_orig_mod.module.decoder.decoder.layers.1.norm3.weight (ndim=1)
	_orig_mod.module.decoder.decoder.layers.1.norm3.bias (ndim=1)
	_orig_mod.module.decoder.decoder.layers.2.linear1.bias (ndim=1)
	_orig_mod.module.decoder.decoder.layers.2.linear2.bias (ndim=1)
	_orig_mod.module.decoder.decoder.layers.2.norm1.weight (ndim=1)
	_orig_mod.module.decoder.decoder.layers.2.norm1.bias (ndim=1)
	_orig_mod.module.decoder.decoder.layers.2.norm2.weight (ndim=1)
	_orig_mod.module.decoder.decoder.layers.2.norm2.bias (ndim=1)
	_orig_mod.module.decoder.decoder.layers.2.norm3.weight (ndim=1)
	_orig_mod.module.decoder.decoder.layers.2.norm3.bias (ndim=1)
	_orig_mod.module.decoder.decoder.layers.3.linear1.bias (ndim=1)
	_orig_mod.module.decoder.decoder.layers.3.linear2.bias (ndim=1)
	_orig_mod.module.decoder.decoder.layers.3.norm1.weight (ndim=1)
	_orig_mod.module.decoder.decoder.layers.3.norm1.bias (ndim=1)
	_orig_mod.module.decoder.decoder.layers.3.norm2.weight (ndim=1)
	_orig_mod.module.decoder.decoder.layers.3.norm2.bias (ndim=1)
	_orig_mod.module.decoder.decoder.layers.3.norm3.weight (ndim=1)
	_orig_mod.module.decoder.decoder.layers.3.norm3.bias (ndim=1)
	_orig_mod.module.decoder.decoder.layers.4.linear1.bias (ndim=1)
	_orig_mod.module.decoder.decoder.layers.4.linear2.bias (ndim=1)
	_orig_mod.module.decoder.decoder.layers.4.norm1.weight (ndim=1)
	_orig_mod.module.decoder.decoder.layers.4.norm1.bias (ndim=1)
	_orig_mod.module.decoder.decoder.layers.4.norm2.weight (ndim=1)
	_orig_mod.module.decoder.decoder.layers.4.norm2.bias (ndim=1)
	_orig_mod.module.decoder.decoder.layers.4.norm3.weight (ndim=1)
	_orig_mod.module.decoder.decoder.layers.4.norm3.bias (ndim=1)
	_orig_mod.module.decoder.decoder.layers.5.linear1.bias (ndim=1)
	_orig_mod.module.decoder.decoder.layers.5.linear2.bias (ndim=1)
	_orig_mod.module.decoder.decoder.layers.5.norm1.weight (ndim=1)
	_orig_mod.module.decoder.decoder.layers.5.norm1.bias (ndim=1)
	_orig_mod.module.decoder.decoder.layers.5.norm2.weight (ndim=1)
	_orig_mod.module.decoder.decoder.layers.5.norm2.bias (ndim=1)
	_orig_mod.module.decoder.decoder.layers.5.norm3.weight (ndim=1)
	_orig_mod.module.decoder.decoder.layers.5.norm3.bias (ndim=1)
	_orig_mod.module.decoder.decoder.norm.weight (ndim=1)
	_orig_mod.module.decoder.decoder.norm.bias (ndim=1)
I0531 17:40:25.839765 139647768270016 submission_runner.py:299] Initializing metrics bundle.
I0531 17:40:25.839929 139647768270016 submission_runner.py:321] Initializing checkpoint and logger.
I0531 17:40:25.840190 140596951852224 logger_utils.py:283] Unable to record workload.train_mean information. Continuing without it.
I0531 17:40:25.840195 140059694032064 logger_utils.py:283] Unable to record workload.train_mean information. Continuing without it.
I0531 17:40:25.840214 140526435493056 logger_utils.py:283] Unable to record workload.train_mean information. Continuing without it.
I0531 17:40:25.840316 140059694032064 logger_utils.py:283] Unable to record workload.train_stddev information. Continuing without it.
I0531 17:40:25.840316 140596951852224 logger_utils.py:283] Unable to record workload.train_stddev information. Continuing without it.
I0531 17:40:25.840348 140526435493056 logger_utils.py:283] Unable to record workload.train_stddev information. Continuing without it.
I0531 17:40:25.840460 139647768270016 submission_runner.py:344] Saving meta data to /experiment_runs/submissions_a100/muon_torch_jax_hps_achandr/study_1/wmt_pytorch/trial_1/meta_data_0.json.
I0531 17:40:25.840645 139647768270016 logger_utils.py:283] Unable to record workload.train_mean information. Continuing without it.
I0531 17:40:25.840715 139647768270016 logger_utils.py:283] Unable to record workload.train_stddev information. Continuing without it.
I0531 17:40:26.091514 139647768270016 submission_runner.py:348] Saving flags to /experiment_runs/submissions_a100/muon_torch_jax_hps_achandr/study_1/wmt_pytorch/trial_1/flags_0.json.
I0531 17:40:26.129644 139647768270016 submission_runner.py:359] Starting training loop.
I0531 17:40:26.335743 139647768270016 dataset_info.py:707] Load dataset info from /data/wmt/wmt17_translate/de-en/1.0.0
I0531 17:40:26.359527 139647768270016 dataset_info.py:793] For 'wmt17_translate/de-en/1.0.0': fields info.[splits, supervised_keys] differ on disk and in the code. Keeping the one from code.
I0531 17:40:26.361848 139647768270016 reader.py:262] Creating a tf.data.Dataset reading 16 files located in folders: /data/wmt/wmt17_translate/de-en/1.0.0.
I0531 17:40:26.419910 139647768270016 logging_logger.py:49] Constructing tf.data.Dataset wmt17_translate for split train, from /data/wmt/wmt17_translate/de-en/1.0.0
[rank3]:W0531 17:40:28.008000 41 site-packages/torch/_logging/_internal.py:1199] [0/0] Profiler function <class 'torch.autograd.profiler.record_function'> will be ignored
[rank1]:W0531 17:40:28.008000 39 site-packages/torch/_logging/_internal.py:1199] [0/0] Profiler function <class 'torch.autograd.profiler.record_function'> will be ignored
[rank2]:W0531 17:40:28.008000 40 site-packages/torch/_logging/_internal.py:1199] [0/0] Profiler function <class 'torch.autograd.profiler.record_function'> will be ignored
[rank0]:W0531 17:40:28.803000 38 site-packages/torch/_logging/_internal.py:1199] [0/0] Profiler function <class 'torch.autograd.profiler.record_function'> will be ignored
I0531 17:41:36.674911 139647768270016 spec.py:333] Evaluating on the training split.
I0531 17:41:36.676953 139647768270016 dataset_info.py:707] Load dataset info from /data/wmt/wmt17_translate/de-en/1.0.0
I0531 17:41:36.679186 139647768270016 dataset_info.py:793] For 'wmt17_translate/de-en/1.0.0': fields info.[splits, supervised_keys] differ on disk and in the code. Keeping the one from code.
I0531 17:41:36.680179 139647768270016 reader.py:262] Creating a tf.data.Dataset reading 16 files located in folders: /data/wmt/wmt17_translate/de-en/1.0.0.
I0531 17:41:36.718138 139647768270016 logging_logger.py:49] Constructing tf.data.Dataset wmt17_translate for split train, from /data/wmt/wmt17_translate/de-en/1.0.0
I0531 17:42:03.793044 139647768270016 workload.py:152] Translating evaluation dataset.
I0531 17:44:18.288256 139647768270016 spec.py:346] Evaluating on the validation split.
I0531 17:44:18.328758 139647768270016 dataset_info.py:707] Load dataset info from /data/wmt/wmt14_translate/de-en/1.0.0
I0531 17:44:18.343414 139647768270016 dataset_info.py:793] For 'wmt14_translate/de-en/1.0.0': fields info.[splits, supervised_keys] differ on disk and in the code. Keeping the one from code.
I0531 17:44:18.344152 139647768270016 reader.py:262] Creating a tf.data.Dataset reading 1 files located in folders: /data/wmt/wmt14_translate/de-en/1.0.0.
I0531 17:44:18.379872 139647768270016 logging_logger.py:49] Constructing tf.data.Dataset wmt14_translate for split validation, from /data/wmt/wmt14_translate/de-en/1.0.0
I0531 17:44:20.736794 139647768270016 workload.py:152] Translating evaluation dataset.
I0531 17:46:33.177479 139647768270016 spec.py:363] Evaluating on the test split.
I0531 17:46:33.179518 139647768270016 dataset_info.py:707] Load dataset info from /data/wmt/wmt14_translate/de-en/1.0.0
I0531 17:46:33.181772 139647768270016 dataset_info.py:793] For 'wmt14_translate/de-en/1.0.0': fields info.[splits, supervised_keys] differ on disk and in the code. Keeping the one from code.
I0531 17:46:33.182493 139647768270016 reader.py:262] Creating a tf.data.Dataset reading 1 files located in folders: /data/wmt/wmt14_translate/de-en/1.0.0.
I0531 17:46:33.218187 139647768270016 logging_logger.py:49] Constructing tf.data.Dataset wmt14_translate for split test, from /data/wmt/wmt14_translate/de-en/1.0.0
I0531 17:46:35.545156 139647768270016 workload.py:152] Translating evaluation dataset.
I0531 17:48:48.083564 139647768270016 submission_runner.py:516] Time since start: 501.95s, 	Step: 1, 	{'train/accuracy': 0.0006538271831519058, 'train/loss': 11.707542814209845, 'train/bleu': 0.0, 'validation/accuracy': 0.00048356498989473163, 'validation/loss': 11.70152183481916, 'validation/bleu': 0.0, 'validation/num_examples': 3000, 'test/accuracy': 0.0007088489919237697, 'test/loss': 11.713148567776422, 'test/bleu': 0.0, 'test/num_examples': 3003, 'score': 69.88992357254028, 'total_duration': 501.95405316352844, 'accumulated_submission_time': 69.88992357254028, 'accumulated_eval_time': 431.408775806427, 'accumulated_logging_time': 0}
I0531 17:48:48.104558 139615755298560 logging_writer.py:48] [1] accumulated_eval_time=431.409, accumulated_logging_time=0, accumulated_submission_time=69.8899, global_step=1, preemption_count=0, score=69.8899, test/accuracy=0.000708849, test/bleu=0, test/loss=11.7131, test/num_examples=3003, total_duration=501.954, train/accuracy=0.000653827, train/bleu=0, train/loss=11.7075, validation/accuracy=0.000483565, validation/bleu=0, validation/loss=11.7015, validation/num_examples=3000
I0531 17:59:32.736841 139647768270016 spec.py:333] Evaluating on the training split.
I0531 17:59:34.951026 139647768270016 workload.py:152] Translating evaluation dataset.
I0531 18:01:47.694041 139647768270016 spec.py:346] Evaluating on the validation split.
I0531 18:01:49.895672 139647768270016 workload.py:152] Translating evaluation dataset.
I0531 18:04:02.647997 139647768270016 spec.py:363] Evaluating on the test split.
I0531 18:04:04.850308 139647768270016 workload.py:152] Translating evaluation dataset.
I0531 18:06:17.624853 139647768270016 submission_runner.py:516] Time since start: 1551.50s, 	Step: 7365, 	{'train/accuracy': 0.0006017822011341279, 'train/loss': 11.70822893762296, 'train/bleu': 0.0, 'validation/accuracy': 0.00048356498989473163, 'validation/loss': 11.701524159650841, 'validation/bleu': 0.0, 'validation/num_examples': 3000, 'test/accuracy': 0.0007088489919237697, 'test/loss': 11.713149294056127, 'test/bleu': 0.0, 'test/num_examples': 3003, 'score': 710.7514388561249, 'total_duration': 1551.4953396320343, 'accumulated_submission_time': 710.7514388561249, 'accumulated_eval_time': 836.2968664169312, 'accumulated_logging_time': 0.056612253189086914}
I0531 18:06:17.652654 139615746905856 logging_writer.py:48] [7365] accumulated_eval_time=836.297, accumulated_logging_time=0.0566123, accumulated_submission_time=710.751, global_step=7365, preemption_count=0, score=710.751, test/accuracy=0.000708849, test/bleu=0, test/loss=11.7131, test/num_examples=3003, total_duration=1551.5, train/accuracy=0.000601782, train/bleu=0, train/loss=11.7082, validation/accuracy=0.000483565, validation/bleu=0, validation/loss=11.7015, validation/num_examples=3000
I0531 18:17:02.304473 139647768270016 spec.py:333] Evaluating on the training split.
I0531 18:17:04.519606 139647768270016 workload.py:152] Translating evaluation dataset.
I0531 18:19:17.319639 139647768270016 spec.py:346] Evaluating on the validation split.
I0531 18:19:19.521528 139647768270016 workload.py:152] Translating evaluation dataset.
I0531 18:21:32.225695 139647768270016 spec.py:363] Evaluating on the test split.
I0531 18:21:34.424923 139647768270016 workload.py:152] Translating evaluation dataset.
I0531 18:23:47.194096 139647768270016 submission_runner.py:516] Time since start: 2601.06s, 	Step: 14757, 	{'train/accuracy': 0.0006574174827711281, 'train/loss': 11.708752011924194, 'train/bleu': 0.0, 'validation/accuracy': 0.00048356498989473163, 'validation/loss': 11.701523384706947, 'validation/bleu': 0.0, 'validation/num_examples': 3000, 'test/accuracy': 0.0007088489919237697, 'test/loss': 11.713149294056127, 'test/bleu': 0.0, 'test/num_examples': 3003, 'score': 1351.8114731311798, 'total_duration': 2601.064567089081, 'accumulated_submission_time': 1351.8114731311798, 'accumulated_eval_time': 1241.186535835266, 'accumulated_logging_time': 0.09399747848510742}
I0531 18:23:47.220724 139615755298560 logging_writer.py:48] [14757] accumulated_eval_time=1241.19, accumulated_logging_time=0.0939975, accumulated_submission_time=1351.81, global_step=14757, preemption_count=0, score=1351.81, test/accuracy=0.000708849, test/bleu=0, test/loss=11.7131, test/num_examples=3003, total_duration=2601.06, train/accuracy=0.000657417, train/bleu=0, train/loss=11.7088, validation/accuracy=0.000483565, validation/bleu=0, validation/loss=11.7015, validation/num_examples=3000
I0531 18:34:31.835608 139647768270016 spec.py:333] Evaluating on the training split.
I0531 18:34:34.051697 139647768270016 workload.py:152] Translating evaluation dataset.
I0531 18:36:46.817325 139647768270016 spec.py:346] Evaluating on the validation split.
I0531 18:36:49.020601 139647768270016 workload.py:152] Translating evaluation dataset.
I0531 18:39:01.871651 139647768270016 spec.py:363] Evaluating on the test split.
I0531 18:39:04.073960 139647768270016 workload.py:152] Translating evaluation dataset.
I0531 18:41:17.016948 139647768270016 submission_runner.py:516] Time since start: 3650.89s, 	Step: 22145, 	{'train/accuracy': 0.0006301774808941645, 'train/loss': 11.70675836703828, 'train/bleu': 0.0, 'validation/accuracy': 0.00048356498989473163, 'validation/loss': 11.701523384706947, 'validation/bleu': 0.0, 'validation/num_examples': 3000, 'test/accuracy': 0.0007088489919237697, 'test/loss': 11.713150746615536, 'test/bleu': 0.0, 'test/num_examples': 3003, 'score': 1992.807198524475, 'total_duration': 3650.8874366283417, 'accumulated_submission_time': 1992.807198524475, 'accumulated_eval_time': 1646.3679373264313, 'accumulated_logging_time': 0.1303248405456543}
I0531 18:41:17.041192 139615746905856 logging_writer.py:48] [22145] accumulated_eval_time=1646.37, accumulated_logging_time=0.130325, accumulated_submission_time=1992.81, global_step=22145, preemption_count=0, score=1992.81, test/accuracy=0.000708849, test/bleu=0, test/loss=11.7132, test/num_examples=3003, total_duration=3650.89, train/accuracy=0.000630177, train/bleu=0, train/loss=11.7068, validation/accuracy=0.000483565, validation/bleu=0, validation/loss=11.7015, validation/num_examples=3000
I0531 18:52:01.671524 139647768270016 spec.py:333] Evaluating on the training split.
I0531 18:52:03.892257 139647768270016 workload.py:152] Translating evaluation dataset.
I0531 18:54:16.808779 139647768270016 spec.py:346] Evaluating on the validation split.
I0531 18:54:19.010413 139647768270016 workload.py:152] Translating evaluation dataset.
I0531 18:56:31.898346 139647768270016 spec.py:363] Evaluating on the test split.
I0531 18:56:34.102279 139647768270016 workload.py:152] Translating evaluation dataset.
I0531 18:58:46.940673 139647768270016 submission_runner.py:516] Time since start: 4700.81s, 	Step: 29533, 	{'train/accuracy': 0.0005870233312998539, 'train/loss': 11.707825682846257, 'train/bleu': 0.0, 'validation/accuracy': 0.00048356498989473163, 'validation/loss': 11.701522609763053, 'validation/bleu': 0.0, 'validation/num_examples': 3000, 'test/accuracy': 0.0007088489919237697, 'test/loss': 11.713150746615536, 'test/bleu': 0.0, 'test/num_examples': 3003, 'score': 2633.823681116104, 'total_duration': 4700.811143159866, 'accumulated_submission_time': 2633.823681116104, 'accumulated_eval_time': 2051.637138366699, 'accumulated_logging_time': 0.16451382637023926}
I0531 18:58:46.996376 139615755298560 logging_writer.py:48] [29533] accumulated_eval_time=2051.64, accumulated_logging_time=0.164514, accumulated_submission_time=2633.82, global_step=29533, preemption_count=0, score=2633.82, test/accuracy=0.000708849, test/bleu=0, test/loss=11.7132, test/num_examples=3003, total_duration=4700.81, train/accuracy=0.000587023, train/bleu=0, train/loss=11.7078, validation/accuracy=0.000483565, validation/bleu=0, validation/loss=11.7015, validation/num_examples=3000
I0531 19:09:31.605906 139647768270016 spec.py:333] Evaluating on the training split.
I0531 19:09:33.824783 139647768270016 workload.py:152] Translating evaluation dataset.
I0531 19:11:46.663625 139647768270016 spec.py:346] Evaluating on the validation split.
I0531 19:11:48.868681 139647768270016 workload.py:152] Translating evaluation dataset.
I0531 19:14:01.654951 139647768270016 spec.py:363] Evaluating on the test split.
I0531 19:14:03.858072 139647768270016 workload.py:152] Translating evaluation dataset.
I0531 19:16:16.724651 139647768270016 submission_runner.py:516] Time since start: 5750.60s, 	Step: 36927, 	{'train/accuracy': 0.0006408862541342886, 'train/loss': 11.707456167957977, 'train/bleu': 0.0, 'validation/accuracy': 0.00048356498989473163, 'validation/loss': 11.701523384706947, 'validation/bleu': 0.0, 'validation/num_examples': 3000, 'test/accuracy': 0.0007088489919237697, 'test/loss': 11.713148567776422, 'test/bleu': 0.0, 'test/num_examples': 3003, 'score': 3274.842404127121, 'total_duration': 5750.595122337341, 'accumulated_submission_time': 3274.842404127121, 'accumulated_eval_time': 2456.7559385299683, 'accumulated_logging_time': 0.22960138320922852}
I0531 19:16:16.750679 139615746905856 logging_writer.py:48] [36927] accumulated_eval_time=2456.76, accumulated_logging_time=0.229601, accumulated_submission_time=3274.84, global_step=36927, preemption_count=0, score=3274.84, test/accuracy=0.000708849, test/bleu=0, test/loss=11.7131, test/num_examples=3003, total_duration=5750.6, train/accuracy=0.000640886, train/bleu=0, train/loss=11.7075, validation/accuracy=0.000483565, validation/bleu=0, validation/loss=11.7015, validation/num_examples=3000
I0531 19:27:01.412597 139647768270016 spec.py:333] Evaluating on the training split.
I0531 19:27:03.627566 139647768270016 workload.py:152] Translating evaluation dataset.
I0531 19:29:16.592679 139647768270016 spec.py:346] Evaluating on the validation split.
I0531 19:29:18.795526 139647768270016 workload.py:152] Translating evaluation dataset.
I0531 19:31:31.651591 139647768270016 spec.py:363] Evaluating on the test split.
I0531 19:31:33.855646 139647768270016 workload.py:152] Translating evaluation dataset.
I0531 19:33:46.599138 139647768270016 submission_runner.py:516] Time since start: 6800.47s, 	Step: 44318, 	{'train/accuracy': 0.0006676720118799572, 'train/loss': 11.707756075239729, 'train/bleu': 0.0, 'validation/accuracy': 0.00048356498989473163, 'validation/loss': 11.70152183481916, 'validation/bleu': 0.0, 'validation/num_examples': 3000, 'test/accuracy': 0.0007088489919237697, 'test/loss': 11.713149294056127, 'test/bleu': 0.0, 'test/num_examples': 3003, 'score': 3915.8965504169464, 'total_duration': 6800.469596147537, 'accumulated_submission_time': 3915.8965504169464, 'accumulated_eval_time': 2861.9424822330475, 'accumulated_logging_time': 0.26503777503967285}
I0531 19:33:46.625569 139615755298560 logging_writer.py:48] [44318] accumulated_eval_time=2861.94, accumulated_logging_time=0.265038, accumulated_submission_time=3915.9, global_step=44318, preemption_count=0, score=3915.9, test/accuracy=0.000708849, test/bleu=0, test/loss=11.7131, test/num_examples=3003, total_duration=6800.47, train/accuracy=0.000667672, train/bleu=0, train/loss=11.7078, validation/accuracy=0.000483565, validation/bleu=0, validation/loss=11.7015, validation/num_examples=3000
I0531 19:44:31.279325 139647768270016 spec.py:333] Evaluating on the training split.
I0531 19:44:33.495633 139647768270016 workload.py:152] Translating evaluation dataset.
I0531 19:46:46.386867 139647768270016 spec.py:346] Evaluating on the validation split.
I0531 19:46:48.590424 139647768270016 workload.py:152] Translating evaluation dataset.
I0531 19:49:01.383388 139647768270016 spec.py:363] Evaluating on the test split.
I0531 19:49:03.590267 139647768270016 workload.py:152] Translating evaluation dataset.
I0531 19:51:16.390999 139647768270016 submission_runner.py:516] Time since start: 7850.26s, 	Step: 51714, 	{'train/accuracy': 0.0006615491656496299, 'train/loss': 11.708332382831658, 'train/bleu': 0.0, 'validation/accuracy': 0.00048356498989473163, 'validation/loss': 11.701521059875265, 'validation/bleu': 0.0, 'validation/num_examples': 3000, 'test/accuracy': 0.0007088489919237697, 'test/loss': 11.713148567776422, 'test/bleu': 0.0, 'test/num_examples': 3003, 'score': 4556.951447725296, 'total_duration': 7850.261466503143, 'accumulated_submission_time': 4556.951447725296, 'accumulated_eval_time': 3267.0541937351227, 'accumulated_logging_time': 0.30098438262939453}
I0531 19:51:16.416064 139615746905856 logging_writer.py:48] [51714] accumulated_eval_time=3267.05, accumulated_logging_time=0.300984, accumulated_submission_time=4556.95, global_step=51714, preemption_count=0, score=4556.95, test/accuracy=0.000708849, test/bleu=0, test/loss=11.7131, test/num_examples=3003, total_duration=7850.26, train/accuracy=0.000661549, train/bleu=0, train/loss=11.7083, validation/accuracy=0.000483565, validation/bleu=0, validation/loss=11.7015, validation/num_examples=3000
I0531 20:02:01.035844 139647768270016 spec.py:333] Evaluating on the training split.
I0531 20:02:03.250872 139647768270016 workload.py:152] Translating evaluation dataset.
I0531 20:04:16.169433 139647768270016 spec.py:346] Evaluating on the validation split.
I0531 20:04:18.373655 139647768270016 workload.py:152] Translating evaluation dataset.
I0531 20:06:31.271355 139647768270016 spec.py:363] Evaluating on the test split.
I0531 20:06:33.472108 139647768270016 workload.py:152] Translating evaluation dataset.
I0531 20:08:46.344746 139647768270016 submission_runner.py:516] Time since start: 8900.22s, 	Step: 59099, 	{'train/accuracy': 0.0005722919146598297, 'train/loss': 11.709767878399415, 'train/bleu': 0.0, 'validation/accuracy': 0.00048356498989473163, 'validation/loss': 11.701521059875265, 'validation/bleu': 0.0, 'validation/num_examples': 3000, 'test/accuracy': 0.0007088489919237697, 'test/loss': 11.713149294056127, 'test/bleu': 0.0, 'test/num_examples': 3003, 'score': 5197.955137014389, 'total_duration': 8900.215226888657, 'accumulated_submission_time': 5197.955137014389, 'accumulated_eval_time': 3672.3631677627563, 'accumulated_logging_time': 0.33574557304382324}
I0531 20:08:46.369825 139615755298560 logging_writer.py:48] [59099] accumulated_eval_time=3672.36, accumulated_logging_time=0.335746, accumulated_submission_time=5197.96, global_step=59099, preemption_count=0, score=5197.96, test/accuracy=0.000708849, test/bleu=0, test/loss=11.7131, test/num_examples=3003, total_duration=8900.22, train/accuracy=0.000572292, train/bleu=0, train/loss=11.7098, validation/accuracy=0.000483565, validation/bleu=0, validation/loss=11.7015, validation/num_examples=3000
I0531 20:19:30.971127 139647768270016 spec.py:333] Evaluating on the training split.
I0531 20:19:33.186548 139647768270016 workload.py:152] Translating evaluation dataset.
I0531 20:21:45.996132 139647768270016 spec.py:346] Evaluating on the validation split.
I0531 20:21:48.200373 139647768270016 workload.py:152] Translating evaluation dataset.
I0531 20:24:00.982258 139647768270016 spec.py:363] Evaluating on the test split.
I0531 20:24:03.184869 139647768270016 workload.py:152] Translating evaluation dataset.
I0531 20:26:16.056256 139647768270016 submission_runner.py:516] Time since start: 9949.93s, 	Step: 66478, 	{'train/accuracy': 0.0006348198698619266, 'train/loss': 11.708110390640941, 'train/bleu': 0.0, 'validation/accuracy': 0.00048356498989473163, 'validation/loss': 11.70152183481916, 'validation/bleu': 0.0, 'validation/num_examples': 3000, 'test/accuracy': 0.0007088489919237697, 'test/loss': 11.713149294056127, 'test/bleu': 0.0, 'test/num_examples': 3003, 'score': 5838.952862262726, 'total_duration': 9949.926710605621, 'accumulated_submission_time': 5838.952862262726, 'accumulated_eval_time': 4077.4483556747437, 'accumulated_logging_time': 0.37022948265075684}
I0531 20:26:16.081558 139615746905856 logging_writer.py:48] [66478] accumulated_eval_time=4077.45, accumulated_logging_time=0.370229, accumulated_submission_time=5838.95, global_step=66478, preemption_count=0, score=5838.95, test/accuracy=0.000708849, test/bleu=0, test/loss=11.7131, test/num_examples=3003, total_duration=9949.93, train/accuracy=0.00063482, train/bleu=0, train/loss=11.7081, validation/accuracy=0.000483565, validation/bleu=0, validation/loss=11.7015, validation/num_examples=3000
I0531 20:37:00.723499 139647768270016 spec.py:333] Evaluating on the training split.
I0531 20:37:02.938768 139647768270016 workload.py:152] Translating evaluation dataset.
I0531 20:39:15.783703 139647768270016 spec.py:346] Evaluating on the validation split.
I0531 20:39:17.984550 139647768270016 workload.py:152] Translating evaluation dataset.
I0531 20:41:30.725238 139647768270016 spec.py:363] Evaluating on the test split.
I0531 20:41:32.929618 139647768270016 workload.py:152] Translating evaluation dataset.
I0531 20:43:45.817301 139647768270016 submission_runner.py:516] Time since start: 10999.69s, 	Step: 73867, 	{'train/accuracy': 0.0005637043428242738, 'train/loss': 11.70967716422203, 'train/bleu': 0.0, 'validation/accuracy': 0.00048356498989473163, 'validation/loss': 11.70152183481916, 'validation/bleu': 0.0, 'validation/num_examples': 3000, 'test/accuracy': 0.0007088489919237697, 'test/loss': 11.713149294056127, 'test/bleu': 0.0, 'test/num_examples': 3003, 'score': 6479.974798679352, 'total_duration': 10999.687785863876, 'accumulated_submission_time': 6479.974798679352, 'accumulated_eval_time': 4482.5422196388245, 'accumulated_logging_time': 0.4050729274749756}
I0531 20:43:45.843417 139615755298560 logging_writer.py:48] [73867] accumulated_eval_time=4482.54, accumulated_logging_time=0.405073, accumulated_submission_time=6479.97, global_step=73867, preemption_count=0, score=6479.97, test/accuracy=0.000708849, test/bleu=0, test/loss=11.7131, test/num_examples=3003, total_duration=10999.7, train/accuracy=0.000563704, train/bleu=0, train/loss=11.7097, validation/accuracy=0.000483565, validation/bleu=0, validation/loss=11.7015, validation/num_examples=3000
I0531 20:54:30.475656 139647768270016 spec.py:333] Evaluating on the training split.
I0531 20:54:32.690834 139647768270016 workload.py:152] Translating evaluation dataset.
I0531 20:56:45.699465 139647768270016 spec.py:346] Evaluating on the validation split.
I0531 20:56:47.904650 139647768270016 workload.py:152] Translating evaluation dataset.
I0531 20:59:00.761341 139647768270016 spec.py:363] Evaluating on the test split.
I0531 20:59:02.963520 139647768270016 workload.py:152] Translating evaluation dataset.
I0531 21:01:15.846540 139647768270016 submission_runner.py:516] Time since start: 12049.72s, 	Step: 81252, 	{'train/accuracy': 0.0004675455001596497, 'train/loss': 11.711615654791771, 'train/bleu': 0.0, 'validation/accuracy': 0.00048356498989473163, 'validation/loss': 11.701521059875265, 'validation/bleu': 0.0, 'validation/num_examples': 3000, 'test/accuracy': 0.0007088489919237697, 'test/loss': 11.713149294056127, 'test/bleu': 0.0, 'test/num_examples': 3003, 'score': 7120.997716426849, 'total_duration': 12049.717019319534, 'accumulated_submission_time': 7120.997716426849, 'accumulated_eval_time': 4887.913174629211, 'accumulated_logging_time': 0.4410898685455322}
I0531 21:01:15.872045 139615746905856 logging_writer.py:48] [81252] accumulated_eval_time=4887.91, accumulated_logging_time=0.44109, accumulated_submission_time=7121, global_step=81252, preemption_count=0, score=7121, test/accuracy=0.000708849, test/bleu=0, test/loss=11.7131, test/num_examples=3003, total_duration=12049.7, train/accuracy=0.000467546, train/bleu=0, train/loss=11.7116, validation/accuracy=0.000483565, validation/bleu=0, validation/loss=11.7015, validation/num_examples=3000
I0531 21:12:00.501787 139647768270016 spec.py:333] Evaluating on the training split.
I0531 21:12:02.718443 139647768270016 workload.py:152] Translating evaluation dataset.
I0531 21:14:15.593171 139647768270016 spec.py:346] Evaluating on the validation split.
I0531 21:14:17.794608 139647768270016 workload.py:152] Translating evaluation dataset.
I0531 21:16:30.651404 139647768270016 spec.py:363] Evaluating on the test split.
I0531 21:16:32.855728 139647768270016 workload.py:152] Translating evaluation dataset.
I0531 21:18:45.730407 139647768270016 submission_runner.py:516] Time since start: 13099.60s, 	Step: 88612, 	{'train/accuracy': 0.0005715918833952558, 'train/loss': 11.709048299514146, 'train/bleu': 0.0, 'validation/accuracy': 0.00048356498989473163, 'validation/loss': 11.701521059875265, 'validation/bleu': 0.0, 'validation/num_examples': 3000, 'test/accuracy': 0.0007088489919237697, 'test/loss': 11.713148567776422, 'test/bleu': 0.0, 'test/num_examples': 3003, 'score': 7762.001805067062, 'total_duration': 13099.600909233093, 'accumulated_submission_time': 7762.001805067062, 'accumulated_eval_time': 5293.141834259033, 'accumulated_logging_time': 0.47664737701416016}
I0531 21:18:45.755711 139615755298560 logging_writer.py:48] [88612] accumulated_eval_time=5293.14, accumulated_logging_time=0.476647, accumulated_submission_time=7762, global_step=88612, preemption_count=0, score=7762, test/accuracy=0.000708849, test/bleu=0, test/loss=11.7131, test/num_examples=3003, total_duration=13099.6, train/accuracy=0.000571592, train/bleu=0, train/loss=11.709, validation/accuracy=0.000483565, validation/bleu=0, validation/loss=11.7015, validation/num_examples=3000
I0531 21:29:30.370148 139647768270016 spec.py:333] Evaluating on the training split.
I0531 21:29:32.584816 139647768270016 workload.py:152] Translating evaluation dataset.
I0531 21:31:45.495610 139647768270016 spec.py:346] Evaluating on the validation split.
I0531 21:31:47.698747 139647768270016 workload.py:152] Translating evaluation dataset.
I0531 21:34:00.531575 139647768270016 spec.py:363] Evaluating on the test split.
I0531 21:34:02.734984 139647768270016 workload.py:152] Translating evaluation dataset.
I0531 21:36:15.548839 139647768270016 submission_runner.py:516] Time since start: 14149.42s, 	Step: 96000, 	{'train/accuracy': 0.0005937699826436466, 'train/loss': 11.709004179227186, 'train/bleu': 0.0, 'validation/accuracy': 0.00048356498989473163, 'validation/loss': 11.701521059875265, 'validation/bleu': 0.0, 'validation/num_examples': 3000, 'test/accuracy': 0.0007088489919237697, 'test/loss': 11.713150020335831, 'test/bleu': 0.0, 'test/num_examples': 3003, 'score': 8403.009877681732, 'total_duration': 14149.419310331345, 'accumulated_submission_time': 8403.009877681732, 'accumulated_eval_time': 5698.320568561554, 'accumulated_logging_time': 0.5116188526153564}
I0531 21:36:15.573749 139615746905856 logging_writer.py:48] [96000] accumulated_eval_time=5698.32, accumulated_logging_time=0.511619, accumulated_submission_time=8403.01, global_step=96000, preemption_count=0, score=8403.01, test/accuracy=0.000708849, test/bleu=0, test/loss=11.7132, test/num_examples=3003, total_duration=14149.4, train/accuracy=0.00059377, train/bleu=0, train/loss=11.709, validation/accuracy=0.000483565, validation/bleu=0, validation/loss=11.7015, validation/num_examples=3000
I0531 21:47:00.230382 139647768270016 spec.py:333] Evaluating on the training split.
I0531 21:47:02.447873 139647768270016 workload.py:152] Translating evaluation dataset.
I0531 21:49:15.391610 139647768270016 spec.py:346] Evaluating on the validation split.
I0531 21:49:17.594837 139647768270016 workload.py:152] Translating evaluation dataset.
I0531 21:51:30.333346 139647768270016 spec.py:363] Evaluating on the test split.
I0531 21:51:32.537142 139647768270016 workload.py:152] Translating evaluation dataset.
I0531 21:53:45.344086 139647768270016 submission_runner.py:516] Time since start: 15199.21s, 	Step: 103373, 	{'train/accuracy': 0.0005568510075522918, 'train/loss': 11.705307631179016, 'train/bleu': 0.0, 'validation/accuracy': 0.00048356498989473163, 'validation/loss': 11.701522609763053, 'validation/bleu': 0.0, 'validation/num_examples': 3000, 'test/accuracy': 0.0007088489919237697, 'test/loss': 11.713150020335831, 'test/bleu': 0.0, 'test/num_examples': 3003, 'score': 9044.050829648972, 'total_duration': 15199.214565038681, 'accumulated_submission_time': 9044.050829648972, 'accumulated_eval_time': 6103.434285640717, 'accumulated_logging_time': 0.5460608005523682}
I0531 21:53:45.369188 139615755298560 logging_writer.py:48] [103373] accumulated_eval_time=6103.43, accumulated_logging_time=0.546061, accumulated_submission_time=9044.05, global_step=103373, preemption_count=0, score=9044.05, test/accuracy=0.000708849, test/bleu=0, test/loss=11.7132, test/num_examples=3003, total_duration=15199.2, train/accuracy=0.000556851, train/bleu=0, train/loss=11.7053, validation/accuracy=0.000483565, validation/bleu=0, validation/loss=11.7015, validation/num_examples=3000
I0531 22:04:30.024973 139647768270016 spec.py:333] Evaluating on the training split.
I0531 22:04:32.240719 139647768270016 workload.py:152] Translating evaluation dataset.
I0531 22:06:45.055804 139647768270016 spec.py:346] Evaluating on the validation split.
I0531 22:06:47.262178 139647768270016 workload.py:152] Translating evaluation dataset.
I0531 22:09:00.016427 139647768270016 spec.py:363] Evaluating on the test split.
I0531 22:09:02.220069 139647768270016 workload.py:152] Translating evaluation dataset.
I0531 22:11:15.034743 139647768270016 submission_runner.py:516] Time since start: 16248.91s, 	Step: 110753, 	{'train/accuracy': 0.0006620475532777061, 'train/loss': 11.708503601310397, 'train/bleu': 0.0, 'validation/accuracy': 0.00048356498989473163, 'validation/loss': 11.701522609763053, 'validation/bleu': 0.0, 'validation/num_examples': 3000, 'test/accuracy': 0.0007088489919237697, 'test/loss': 11.713150020335831, 'test/bleu': 0.0, 'test/num_examples': 3003, 'score': 9685.114314317703, 'total_duration': 16248.905232667923, 'accumulated_submission_time': 9685.114314317703, 'accumulated_eval_time': 6508.4441447258, 'accumulated_logging_time': 0.5807349681854248}
I0531 22:11:15.062031 139615746905856 logging_writer.py:48] [110753] accumulated_eval_time=6508.44, accumulated_logging_time=0.580735, accumulated_submission_time=9685.11, global_step=110753, preemption_count=0, score=9685.11, test/accuracy=0.000708849, test/bleu=0, test/loss=11.7132, test/num_examples=3003, total_duration=16248.9, train/accuracy=0.000662048, train/bleu=0, train/loss=11.7085, validation/accuracy=0.000483565, validation/bleu=0, validation/loss=11.7015, validation/num_examples=3000
I0531 22:21:59.724485 139647768270016 spec.py:333] Evaluating on the training split.
I0531 22:22:01.941836 139647768270016 workload.py:152] Translating evaluation dataset.
I0531 22:24:14.909358 139647768270016 spec.py:346] Evaluating on the validation split.
I0531 22:24:17.115561 139647768270016 workload.py:152] Translating evaluation dataset.
I0531 22:26:29.981820 139647768270016 spec.py:363] Evaluating on the test split.
I0531 22:26:32.186347 139647768270016 workload.py:152] Translating evaluation dataset.
I0531 22:28:45.201379 139647768270016 submission_runner.py:516] Time since start: 17299.07s, 	Step: 118140, 	{'train/accuracy': 0.0006491435860058309, 'train/loss': 11.706977866481415, 'train/bleu': 0.0, 'validation/accuracy': 0.00048356498989473163, 'validation/loss': 11.701522609763053, 'validation/bleu': 0.0, 'validation/num_examples': 3000, 'test/accuracy': 0.0007088489919237697, 'test/loss': 11.713150020335831, 'test/bleu': 0.0, 'test/num_examples': 3003, 'score': 10326.160103797913, 'total_duration': 17299.071846723557, 'accumulated_submission_time': 10326.160103797913, 'accumulated_eval_time': 6913.92108631134, 'accumulated_logging_time': 0.617811918258667}
I0531 22:28:45.227320 139615755298560 logging_writer.py:48] [118140] accumulated_eval_time=6913.92, accumulated_logging_time=0.617812, accumulated_submission_time=10326.2, global_step=118140, preemption_count=0, score=10326.2, test/accuracy=0.000708849, test/bleu=0, test/loss=11.7132, test/num_examples=3003, total_duration=17299.1, train/accuracy=0.000649144, train/bleu=0, train/loss=11.707, validation/accuracy=0.000483565, validation/bleu=0, validation/loss=11.7015, validation/num_examples=3000
I0531 22:31:28.529087 139647768270016 spec.py:333] Evaluating on the training split.
I0531 22:31:30.744897 139647768270016 workload.py:152] Translating evaluation dataset.
I0531 22:33:43.546421 139647768270016 spec.py:346] Evaluating on the validation split.
I0531 22:33:45.751883 139647768270016 workload.py:152] Translating evaluation dataset.
I0531 22:35:58.550642 139647768270016 spec.py:363] Evaluating on the test split.
I0531 22:36:00.757222 139647768270016 workload.py:152] Translating evaluation dataset.
I0531 22:38:13.536637 139647768270016 submission_runner.py:516] Time since start: 17867.41s, 	Step: 120001, 	{'train/accuracy': 0.0004950381064216803, 'train/loss': 11.711850406391747, 'train/bleu': 0.0, 'validation/accuracy': 0.00048356498989473163, 'validation/loss': 11.701522609763053, 'validation/bleu': 0.0, 'validation/num_examples': 3000, 'test/accuracy': 0.0007088489919237697, 'test/loss': 11.713150020335831, 'test/bleu': 0.0, 'test/num_examples': 3003, 'score': 10487.632618188858, 'total_duration': 17867.407109498978, 'accumulated_submission_time': 10487.632618188858, 'accumulated_eval_time': 7318.928680181503, 'accumulated_logging_time': 0.6533160209655762}
I0531 22:38:13.562804 139615746905856 logging_writer.py:48] [120001] accumulated_eval_time=7318.93, accumulated_logging_time=0.653316, accumulated_submission_time=10487.6, global_step=120001, preemption_count=0, score=10487.6, test/accuracy=0.000708849, test/bleu=0, test/loss=11.7132, test/num_examples=3003, total_duration=17867.4, train/accuracy=0.000495038, train/bleu=0, train/loss=11.7119, validation/accuracy=0.000483565, validation/bleu=0, validation/loss=11.7015, validation/num_examples=3000
I0531 22:38:14.185891 139615755298560 logging_writer.py:48] [120001] global_step=120001, preemption_count=0, score=10487.6
I0531 22:38:14.203833 139647768270016 submission_runner.py:857] Final wmt score: 10487.632618188858
