python submission_runner.py --framework=jax --workload=finewebedu_lm --submission_path=submissions_algorithms/submissions/self_tuning/schedule_free_adamw_jax/submission.py --data_dir=/data/fineweb_edu_10B --experiment_dir=/experiment_runs --experiment_name=submissions_a100/schedule_free_adamw_jax/study_2 --overwrite=True --save_checkpoints=False --rng_seed=168969651 --tuning_ruleset=self 2>&1 | tee -a /logs/finewebedu_lm_jax_05-12-2026-04-09-09.log
2026-05-12 04:09:10.237852: E external/local_xla/xla/stream_executor/cuda/cuda_fft.cc:467] Unable to register cuFFT factory: Attempting to register factory for plugin cuFFT when one has already been registered
WARNING: All log messages before absl::InitializeLog() is called are written to STDERR
E0000 00:00:1778558950.260612      13 cuda_dnn.cc:8579] Unable to register cuDNN factory: Attempting to register factory for plugin cuDNN when one has already been registered
E0000 00:00:1778558950.268267      13 cuda_blas.cc:1407] Unable to register cuBLAS factory: Attempting to register factory for plugin cuBLAS when one has already been registered
W0000 00:00:1778558950.286546      13 computation_placer.cc:177] computation placer already registered. Please check linkage and avoid linking the same target more than once.
W0000 00:00:1778558950.286572      13 computation_placer.cc:177] computation placer already registered. Please check linkage and avoid linking the same target more than once.
W0000 00:00:1778558950.286575      13 computation_placer.cc:177] computation placer already registered. Please check linkage and avoid linking the same target more than once.
W0000 00:00:1778558950.286577      13 computation_placer.cc:177] computation placer already registered. Please check linkage and avoid linking the same target more than once.
/usr/local/lib/python3.11/site-packages/torch/__init__.py:1617: UserWarning: Please use the new API settings to control TF32 behavior, such as torch.backends.cudnn.conv.fp32_precision = 'tf32' or torch.backends.cuda.matmul.fp32_precision = 'ieee'. Old settings, e.g, torch.backends.cuda.matmul.allow_tf32 = True, torch.backends.cudnn.allow_tf32 = True, allowTF32CuDNN() and allowTF32CuBLAS() will be deprecated after Pytorch 2.9. Please see https://pytorch.org/docs/main/notes/cuda.html#tensorfloat-32-tf32-on-ampere-and-later-devices (Triggered internally at /pytorch/aten/src/ATen/Context.cpp:80.)
  _C._set_float32_matmul_precision(precision)
/usr/local/lib/python3.11/site-packages/pydantic/_internal/_generate_schema.py:2249: UnsupportedFieldAttributeWarning: The 'repr' attribute with value False was provided to the `Field()` function, which has no effect in the context it was used. 'repr' is field-specific metadata, and can only be attached to a model field using `Annotated` metadata or by assignment. This may have happened because an `Annotated` type alias using the `type` statement was used, or if the `Field()` function was attached to a single member of a union type.
  warnings.warn(
/usr/local/lib/python3.11/site-packages/pydantic/_internal/_generate_schema.py:2249: UnsupportedFieldAttributeWarning: The 'frozen' attribute with value True was provided to the `Field()` function, which has no effect in the context it was used. 'frozen' is field-specific metadata, and can only be attached to a model field using `Annotated` metadata or by assignment. This may have happened because an `Annotated` type alias using the `type` statement was used, or if the `Field()` function was attached to a single member of a union type.
  warnings.warn(
I0512 04:09:17.318315 140263283078336 logger_utils.py:59] Removing existing experiment directory /experiment_runs/submissions_a100/schedule_free_adamw_jax/study_2/finewebedu_lm_jax because --overwrite was set.
I0512 04:09:17.323636 140263283078336 logger_utils.py:84] Creating experiment directory at /experiment_runs/submissions_a100/schedule_free_adamw_jax/study_2/finewebedu_lm_jax.
INFO:2026-05-12 04:09:17,506:jax._src.xla_bridge:830: Unable to initialize backend 'tpu': INTERNAL: Failed to open libtpu.so: libtpu.so: cannot open shared object file: No such file or directory
I0512 04:09:17.506082 140263283078336 xla_bridge.py:830] Unable to initialize backend 'tpu': INTERNAL: Failed to open libtpu.so: libtpu.so: cannot open shared object file: No such file or directory
I0512 04:09:18.500530 140263283078336 submission_runner.py:741] Creating directory at /experiment_runs/submissions_a100/schedule_free_adamw_jax/study_2/finewebedu_lm_jax/trial_1.
I0512 04:09:18.766019 140263283078336 submission_runner.py:242] Initializing dataset.
I0512 04:09:19.455670 140263283078336 submission_runner.py:251] Initializing model.
I0512 04:10:01.546284 140263283078336 submission_runner.py:294] Initializing optimizer.
I0512 04:10:01.977100 140263283078336 submission_runner.py:299] Initializing metrics bundle.
I0512 04:10:01.977333 140263283078336 submission_runner.py:321] Initializing checkpoint and logger.
I0512 04:10:01.986032 140263283078336 checkpoints.py:1098] Found no checkpoint files in /experiment_runs/submissions_a100/schedule_free_adamw_jax/study_2/finewebedu_lm_jax/trial_1 with prefix checkpoint_
I0512 04:10:01.986162 140263283078336 submission_runner.py:344] Saving meta data to /experiment_runs/submissions_a100/schedule_free_adamw_jax/study_2/finewebedu_lm_jax/trial_1/meta_data_0.json.
I0512 04:10:01.986364 140263283078336 logger_utils.py:283] Unable to record workload.train_mean information. Continuing without it.
I0512 04:10:01.986427 140263283078336 logger_utils.py:283] Unable to record workload.train_stddev information. Continuing without it.
I0512 04:10:02.150404 140263283078336 submission_runner.py:348] Saving flags to /experiment_runs/submissions_a100/schedule_free_adamw_jax/study_2/finewebedu_lm_jax/trial_1/flags_0.json.
I0512 04:10:02.166999 140263283078336 submission_runner.py:359] Starting training loop.
/usr/local/lib/python3.11/site-packages/jax/_src/interpreters/mlir.py:1268: UserWarning: Some donated buffers were not usable: float32[1024,1024], float32[1024,8,128], float32[1024,8,128], float32[1024,8,128], float32[1024,8192], float32[4096,1024], float32[1024], float32[1024], float32[1024,1024], float32[], float32[1024,8,128], float32[1024,8,128], float32[1024,8,128], float32[1024,8192], float32[4096,1024], float32[1024], float32[1024], float32[1024,1024], float32[], float32[1024,8,128], float32[1024,8,128], float32[1024,8,128], float32[1024,8192], float32[4096,1024], float32[1024], float32[1024], float32[1024,1024], float32[], float32[1024,8,128], float32[1024,8,128], float32[1024,8,128], float32[1024,8192], float32[4096,1024], float32[1024], float32[1024], float32[1024,1024], float32[], float32[1024,8,128], float32[1024,8,128], float32[1024,8,128], float32[1024,8192], float32[4096,1024], float32[1024], float32[1024], float32[1024,1024], float32[], float32[1024,8,128], float32[1024,8,128], float32[1024,8,128], float32[1024,8192], float32[4096,1024], float32[1024], float32[1024], float32[1024,1024], float32[], float32[1024,8,128], float32[1024,8,128], float32[1024,8,128], float32[1024,8192], float32[4096,1024], float32[1024], float32[1024], float32[1024,1024], float32[], float32[1024,8,128], float32[1024,8,128], float32[1024,8,128], float32[1024,8192], float32[4096,1024], float32[1024], float32[1024], float32[1024,1024], float32[], float32[1024,8,128], float32[1024,8,128], float32[1024,8,128], float32[1024,8192], float32[4096,1024], float32[1024], float32[1024], float32[1024,1024], float32[], float32[1024,8,128], float32[1024,8,128], float32[1024,8,128], float32[1024,8192], float32[4096,1024], float32[1024], float32[1024], float32[1024,1024], float32[], float32[1024,8,128], float32[1024,8,128], float32[1024,8,128], float32[1024,8192], float32[4096,1024], float32[1024], float32[1024], float32[1024,1024], float32[], float32[1024,8,128], float32[1024,8,128], float32[1024,8,128], float32[1024,8192], float32[4096,1024], float32[1024], float32[1024], float32[50257,1024], float32[1024].
See an explanation at https://docs.jax.dev/en/latest/faq.html#buffer-donation.
  warnings.warn("Some donated buffers were not usable:"
I0512 04:10:21.573663 140244220638976 logging_writer.py:48] [0] global_step=0, grad_norm=12.868867874145508, loss=11.008064270019531
I0512 04:10:22.240297 140263283078336 spec.py:333] Evaluating on the training split.
I0512 04:10:55.211470 140263283078336 spec.py:346] Evaluating on the validation split.
I0512 04:15:53.605475 140263283078336 spec.py:363] Evaluating on the test split.
I0512 04:15:53.605693 140263283078336 submission_runner.py:516] Time since start: 351.44s, 	Step: 1, 	{'train/loss': 11.012662887573242, 'train/ppl': 60637.141937818495, 'validation/loss': 11.012882232666016, 'validation/ppl': 60650.44385614428, 'validation/num_examples': 100000, 'test/loss': 0.0, 'test/ppl': 1.0, 'test/num_examples': 0, 'score': 20.073198318481445, 'total_duration': 351.43866515159607, 'accumulated_submission_time': 20.073198318481445, 'accumulated_eval_time': 331.3653769493103, 'accumulated_logging_time': 0}
I0512 04:15:53.637509 140089475794688 logging_writer.py:48] [1] accumulated_eval_time=331.365, accumulated_logging_time=0, accumulated_submission_time=20.0732, global_step=1, preemption_count=0, score=20.0732, test/loss=0, test/num_examples=0, test/ppl=1, total_duration=351.439, train/loss=11.0127, train/ppl=60637.1, validation/loss=11.0129, validation/num_examples=100000, validation/ppl=60650.4
/usr/local/lib/python3.11/site-packages/jax/_src/interpreters/mlir.py:1268: UserWarning: Some donated buffers were not usable: float32[1024,1024], float32[1024,8,128], float32[1024,8,128], float32[1024,8,128], float32[1024,8192], float32[4096,1024], float32[1024], float32[1024], float32[1024,1024], float32[], float32[1024,8,128], float32[1024,8,128], float32[1024,8,128], float32[1024,8192], float32[4096,1024], float32[1024], float32[1024], float32[1024,1024], float32[], float32[1024,8,128], float32[1024,8,128], float32[1024,8,128], float32[1024,8192], float32[4096,1024], float32[1024], float32[1024], float32[1024,1024], float32[], float32[1024,8,128], float32[1024,8,128], float32[1024,8,128], float32[1024,8192], float32[4096,1024], float32[1024], float32[1024], float32[1024,1024], float32[], float32[1024,8,128], float32[1024,8,128], float32[1024,8,128], float32[1024,8192], float32[4096,1024], float32[1024], float32[1024], float32[1024,1024], float32[], float32[1024,8,128], float32[1024,8,128], float32[1024,8,128], float32[1024,8192], float32[4096,1024], float32[1024], float32[1024], float32[1024,1024], float32[], float32[1024,8,128], float32[1024,8,128], float32[1024,8,128], float32[1024,8192], float32[4096,1024], float32[1024], float32[1024], float32[1024,1024], float32[], float32[1024,8,128], float32[1024,8,128], float32[1024,8,128], float32[1024,8192], float32[4096,1024], float32[1024], float32[1024], float32[1024,1024], float32[], float32[1024,8,128], float32[1024,8,128], float32[1024,8,128], float32[1024,8192], float32[4096,1024], float32[1024], float32[1024], float32[1024,1024], float32[], float32[1024,8,128], float32[1024,8,128], float32[1024,8,128], float32[1024,8192], float32[4096,1024], float32[1024], float32[1024], float32[1024,1024], float32[], float32[1024,8,128], float32[1024,8,128], float32[1024,8,128], float32[1024,8192], float32[4096,1024], float32[1024], float32[1024], float32[1024,1024], float32[], float32[1024,8,128], float32[1024,8,128], float32[1024,8,128], float32[1024,8192], float32[4096,1024], float32[1024], float32[1024], float32[50257,1024], float32[1024].
See an explanation at https://docs.jax.dev/en/latest/faq.html#buffer-donation.
  warnings.warn("Some donated buffers were not usable:"
I0512 04:16:21.016681 140089425438464 logging_writer.py:48] [100] global_step=100, grad_norm=2.0764904022216797, loss=7.018041610717773
I0512 04:16:43.430968 140089433831168 logging_writer.py:48] [200] global_step=200, grad_norm=1.0286939144134521, loss=6.318204402923584
I0512 04:17:05.852466 140089425438464 logging_writer.py:48] [300] global_step=300, grad_norm=0.9295132756233215, loss=5.976151466369629
I0512 04:17:28.279193 140089433831168 logging_writer.py:48] [400] global_step=400, grad_norm=1.0131818056106567, loss=5.65142822265625
I0512 04:17:50.718157 140089425438464 logging_writer.py:48] [500] global_step=500, grad_norm=0.7025675773620605, loss=5.274843215942383
I0512 04:18:13.158873 140089433831168 logging_writer.py:48] [600] global_step=600, grad_norm=0.7175354957580566, loss=5.069059371948242
I0512 04:18:35.602891 140089425438464 logging_writer.py:48] [700] global_step=700, grad_norm=0.5712494850158691, loss=5.10835075378418
I0512 04:18:58.048776 140089433831168 logging_writer.py:48] [800] global_step=800, grad_norm=0.5301980972290039, loss=4.864869117736816
I0512 04:19:20.501415 140089425438464 logging_writer.py:48] [900] global_step=900, grad_norm=0.4408494234085083, loss=4.698907375335693
I0512 04:19:42.957518 140089433831168 logging_writer.py:48] [1000] global_step=1000, grad_norm=0.4859057664871216, loss=4.63258171081543
I0512 04:20:05.434942 140089425438464 logging_writer.py:48] [1100] global_step=1100, grad_norm=0.336251437664032, loss=4.409176826477051
I0512 04:20:27.905563 140089433831168 logging_writer.py:48] [1200] global_step=1200, grad_norm=0.3825128972530365, loss=4.3675127029418945
I0512 04:20:50.362835 140089425438464 logging_writer.py:48] [1300] global_step=1300, grad_norm=0.30968454480171204, loss=4.335919380187988
I0512 04:21:12.815269 140089433831168 logging_writer.py:48] [1400] global_step=1400, grad_norm=0.3111116290092468, loss=4.1511688232421875
I0512 04:21:35.338395 140089425438464 logging_writer.py:48] [1500] global_step=1500, grad_norm=0.32855796813964844, loss=4.293042182922363
I0512 04:21:57.800539 140089433831168 logging_writer.py:48] [1600] global_step=1600, grad_norm=0.2817786633968353, loss=4.207422733306885
I0512 04:22:20.264928 140089425438464 logging_writer.py:48] [1700] global_step=1700, grad_norm=0.27826356887817383, loss=4.110310077667236
I0512 04:22:42.728031 140089433831168 logging_writer.py:48] [1800] global_step=1800, grad_norm=0.34242209792137146, loss=4.193490028381348
I0512 04:23:05.189133 140089425438464 logging_writer.py:48] [1900] global_step=1900, grad_norm=0.24806693196296692, loss=4.0404157638549805
I0512 04:23:27.651837 140089433831168 logging_writer.py:48] [2000] global_step=2000, grad_norm=0.23896172642707825, loss=4.058254241943359
I0512 04:23:50.112880 140089425438464 logging_writer.py:48] [2100] global_step=2100, grad_norm=0.23233453929424286, loss=3.96785306930542
I0512 04:24:12.576451 140089433831168 logging_writer.py:48] [2200] global_step=2200, grad_norm=0.20984672009944916, loss=4.058894157409668
I0512 04:24:35.040729 140089425438464 logging_writer.py:48] [2300] global_step=2300, grad_norm=0.2134656310081482, loss=4.063059329986572
I0512 04:24:57.503143 140089433831168 logging_writer.py:48] [2400] global_step=2400, grad_norm=0.2302873581647873, loss=4.13157844543457
I0512 04:25:19.963239 140089425438464 logging_writer.py:48] [2500] global_step=2500, grad_norm=0.20694313943386078, loss=3.997124433517456
I0512 04:25:42.420398 140089433831168 logging_writer.py:48] [2600] global_step=2600, grad_norm=0.21437503397464752, loss=3.909412145614624
I0512 04:26:04.878046 140089425438464 logging_writer.py:48] [2700] global_step=2700, grad_norm=0.2176245003938675, loss=4.009735584259033
I0512 04:26:27.339442 140089433831168 logging_writer.py:48] [2800] global_step=2800, grad_norm=0.18615953624248505, loss=3.7686333656311035
I0512 04:26:49.798346 140089425438464 logging_writer.py:48] [2900] global_step=2900, grad_norm=0.19709470868110657, loss=3.8772332668304443
I0512 04:27:12.253685 140089433831168 logging_writer.py:48] [3000] global_step=3000, grad_norm=0.20218709111213684, loss=3.8296947479248047
I0512 04:27:34.767802 140089425438464 logging_writer.py:48] [3100] global_step=3100, grad_norm=0.18714013695716858, loss=3.680215358734131
I0512 04:27:57.222140 140089433831168 logging_writer.py:48] [3200] global_step=3200, grad_norm=0.18795259296894073, loss=3.8197431564331055
I0512 04:28:19.677960 140089425438464 logging_writer.py:48] [3300] global_step=3300, grad_norm=0.18226702511310577, loss=3.690998077392578
I0512 04:28:42.135092 140089433831168 logging_writer.py:48] [3400] global_step=3400, grad_norm=0.1860625147819519, loss=3.795206069946289
I0512 04:29:04.594514 140089425438464 logging_writer.py:48] [3500] global_step=3500, grad_norm=0.17539037764072418, loss=3.802617311477661
I0512 04:29:27.049797 140089433831168 logging_writer.py:48] [3600] global_step=3600, grad_norm=0.19531650841236115, loss=3.772853374481201
I0512 04:29:49.502037 140089425438464 logging_writer.py:48] [3700] global_step=3700, grad_norm=0.17764459550380707, loss=3.6971683502197266
I0512 04:30:11.976949 140089433831168 logging_writer.py:48] [3800] global_step=3800, grad_norm=0.1907065212726593, loss=3.786038398742676
I0512 04:30:34.439695 140089425438464 logging_writer.py:48] [3900] global_step=3900, grad_norm=0.1672334372997284, loss=3.7501816749572754
I0512 04:30:56.898461 140089433831168 logging_writer.py:48] [4000] global_step=4000, grad_norm=0.16175490617752075, loss=3.7569026947021484
I0512 04:31:19.349102 140089425438464 logging_writer.py:48] [4100] global_step=4100, grad_norm=0.1711711287498474, loss=3.7635884284973145
I0512 04:31:41.799528 140089433831168 logging_writer.py:48] [4200] global_step=4200, grad_norm=0.16110341250896454, loss=3.8275880813598633
I0512 04:32:04.252373 140089425438464 logging_writer.py:48] [4300] global_step=4300, grad_norm=0.17238904535770416, loss=3.747978687286377
I0512 04:32:26.712133 140089433831168 logging_writer.py:48] [4400] global_step=4400, grad_norm=0.16416007280349731, loss=3.699331760406494
I0512 04:32:49.166541 140089425438464 logging_writer.py:48] [4500] global_step=4500, grad_norm=0.17488016188144684, loss=3.8405022621154785
I0512 04:33:11.690001 140089433831168 logging_writer.py:48] [4600] global_step=4600, grad_norm=0.17060178518295288, loss=3.677422046661377
I0512 04:33:34.141925 140089425438464 logging_writer.py:48] [4700] global_step=4700, grad_norm=0.16038411855697632, loss=3.4999899864196777
I0512 04:33:56.593771 140089433831168 logging_writer.py:48] [4800] global_step=4800, grad_norm=0.16584888100624084, loss=3.716776132583618
I0512 04:34:19.051238 140089425438464 logging_writer.py:48] [4900] global_step=4900, grad_norm=0.15805894136428833, loss=3.683460235595703
I0512 04:34:41.503910 140089433831168 logging_writer.py:48] [5000] global_step=5000, grad_norm=0.16402529180049896, loss=3.622704029083252
I0512 04:35:03.961336 140089425438464 logging_writer.py:48] [5100] global_step=5100, grad_norm=0.1645500212907791, loss=3.612663745880127
I0512 04:35:26.419527 140089433831168 logging_writer.py:48] [5200] global_step=5200, grad_norm=0.15564358234405518, loss=3.5911014080047607
I0512 04:35:48.879373 140089425438464 logging_writer.py:48] [5300] global_step=5300, grad_norm=0.1575569063425064, loss=3.5468087196350098
I0512 04:36:11.331725 140089433831168 logging_writer.py:48] [5400] global_step=5400, grad_norm=0.15514716506004333, loss=3.569967269897461
I0512 04:36:33.790464 140089425438464 logging_writer.py:48] [5500] global_step=5500, grad_norm=0.17070594429969788, loss=3.6880533695220947
I0512 04:36:56.244337 140089433831168 logging_writer.py:48] [5600] global_step=5600, grad_norm=0.15338772535324097, loss=3.633585214614868
I0512 04:37:18.695607 140089425438464 logging_writer.py:48] [5700] global_step=5700, grad_norm=0.15867988765239716, loss=3.656259059906006
I0512 04:37:41.150107 140089433831168 logging_writer.py:48] [5800] global_step=5800, grad_norm=0.15681836009025574, loss=3.663020372390747
I0512 04:38:03.599379 140089425438464 logging_writer.py:48] [5900] global_step=5900, grad_norm=0.15931543707847595, loss=3.6244359016418457
I0512 04:38:26.056166 140089433831168 logging_writer.py:48] [6000] global_step=6000, grad_norm=0.159329354763031, loss=3.646256923675537
I0512 04:38:48.571102 140089425438464 logging_writer.py:48] [6100] global_step=6100, grad_norm=0.159388467669487, loss=3.55062198638916
I0512 04:39:11.024331 140089433831168 logging_writer.py:48] [6200] global_step=6200, grad_norm=0.1810164451599121, loss=3.8555893898010254
I0512 04:39:33.475543 140089425438464 logging_writer.py:48] [6300] global_step=6300, grad_norm=0.15469327569007874, loss=3.5106325149536133
I0512 04:39:55.937135 140089433831168 logging_writer.py:48] [6400] global_step=6400, grad_norm=0.1524818390607834, loss=3.520437002182007
I0512 04:40:18.403917 140089425438464 logging_writer.py:48] [6500] global_step=6500, grad_norm=0.15393921732902527, loss=3.5843958854675293
I0512 04:40:40.858595 140089433831168 logging_writer.py:48] [6600] global_step=6600, grad_norm=0.1738748550415039, loss=3.567211389541626
I0512 04:41:03.314089 140089425438464 logging_writer.py:48] [6700] global_step=6700, grad_norm=0.1555674523115158, loss=3.4890432357788086
I0512 04:41:25.772659 140089433831168 logging_writer.py:48] [6800] global_step=6800, grad_norm=0.16154207289218903, loss=3.6413044929504395
I0512 04:41:48.232148 140089425438464 logging_writer.py:48] [6900] global_step=6900, grad_norm=0.18690265715122223, loss=3.5742883682250977
I0512 04:42:10.692752 140089433831168 logging_writer.py:48] [7000] global_step=7000, grad_norm=0.15931448340415955, loss=3.5915565490722656
I0512 04:42:33.153038 140089425438464 logging_writer.py:48] [7100] global_step=7100, grad_norm=0.1774313896894455, loss=3.596823215484619
I0512 04:42:55.600218 140089433831168 logging_writer.py:48] [7200] global_step=7200, grad_norm=0.1855059266090393, loss=3.505373954772949
I0512 04:43:18.049588 140089425438464 logging_writer.py:48] [7300] global_step=7300, grad_norm=0.17589324712753296, loss=3.5556914806365967
I0512 04:43:40.504529 140089433831168 logging_writer.py:48] [7400] global_step=7400, grad_norm=0.15316200256347656, loss=3.525369644165039
I0512 04:44:02.954616 140089425438464 logging_writer.py:48] [7500] global_step=7500, grad_norm=0.15820729732513428, loss=3.5335750579833984
I0512 04:44:25.475379 140089433831168 logging_writer.py:48] [7600] global_step=7600, grad_norm=0.16001111268997192, loss=3.7053232192993164
I0512 04:44:47.928937 140089425438464 logging_writer.py:48] [7700] global_step=7700, grad_norm=0.19456054270267487, loss=3.627328872680664
I0512 04:45:10.390000 140089433831168 logging_writer.py:48] [7800] global_step=7800, grad_norm=0.1631939709186554, loss=3.6106252670288086
I0512 04:45:32.847310 140089425438464 logging_writer.py:48] [7900] global_step=7900, grad_norm=0.15853439271450043, loss=3.534590482711792
I0512 04:45:55.310422 140089433831168 logging_writer.py:48] [8000] global_step=8000, grad_norm=0.18515416979789734, loss=3.410661458969116
I0512 04:46:17.765974 140089425438464 logging_writer.py:48] [8100] global_step=8100, grad_norm=0.17021872103214264, loss=3.4231526851654053
I0512 04:46:40.220842 140089433831168 logging_writer.py:48] [8200] global_step=8200, grad_norm=0.15423975884914398, loss=3.406083822250366
I0512 04:47:02.675051 140089425438464 logging_writer.py:48] [8300] global_step=8300, grad_norm=0.16701316833496094, loss=3.505725860595703
I0512 04:47:25.122461 140089433831168 logging_writer.py:48] [8400] global_step=8400, grad_norm=0.16358400881290436, loss=3.5659918785095215
I0512 04:47:47.570083 140089425438464 logging_writer.py:48] [8500] global_step=8500, grad_norm=0.18837666511535645, loss=3.650911808013916
I0512 04:48:10.019698 140089433831168 logging_writer.py:48] [8600] global_step=8600, grad_norm=0.16260600090026855, loss=3.5407395362854004
I0512 04:48:32.466457 140089425438464 logging_writer.py:48] [8700] global_step=8700, grad_norm=0.17613504827022552, loss=3.541471004486084
I0512 04:48:54.921036 140089433831168 logging_writer.py:48] [8800] global_step=8800, grad_norm=0.16258983314037323, loss=3.332435369491577
I0512 04:49:17.373806 140089425438464 logging_writer.py:48] [8900] global_step=8900, grad_norm=0.1707293689250946, loss=3.3208072185516357
I0512 04:49:39.819167 140089433831168 logging_writer.py:48] [9000] global_step=9000, grad_norm=0.17735688388347626, loss=3.4603638648986816
I0512 04:50:02.350052 140089425438464 logging_writer.py:48] [9100] global_step=9100, grad_norm=0.16133446991443634, loss=3.488785982131958
I0512 04:50:24.815882 140089433831168 logging_writer.py:48] [9200] global_step=9200, grad_norm=0.1670713573694229, loss=3.470651626586914
I0512 04:50:47.277407 140089425438464 logging_writer.py:48] [9300] global_step=9300, grad_norm=0.1711931675672531, loss=3.3825602531433105
I0512 04:51:09.740827 140089433831168 logging_writer.py:48] [9400] global_step=9400, grad_norm=0.16672971844673157, loss=3.4676129817962646
I0512 04:51:32.204869 140089425438464 logging_writer.py:48] [9500] global_step=9500, grad_norm=0.16339553892612457, loss=3.4669597148895264
I0512 04:51:54.663220 140089433831168 logging_writer.py:48] [9600] global_step=9600, grad_norm=0.17216967046260834, loss=3.4149205684661865
I0512 04:52:17.125506 140089425438464 logging_writer.py:48] [9700] global_step=9700, grad_norm=0.17354147136211395, loss=3.5829086303710938
I0512 04:52:39.580931 140089433831168 logging_writer.py:48] [9800] global_step=9800, grad_norm=0.1679316908121109, loss=3.454955577850342
I0512 04:53:02.034291 140089425438464 logging_writer.py:48] [9900] global_step=9900, grad_norm=0.16742068529129028, loss=3.5162501335144043
I0512 04:53:24.485140 140089433831168 logging_writer.py:48] [10000] global_step=10000, grad_norm=0.17969468235969543, loss=3.5097103118896484
I0512 04:53:46.942432 140089425438464 logging_writer.py:48] [10100] global_step=10100, grad_norm=0.18611739575862885, loss=3.420170783996582
I0512 04:54:09.390620 140089433831168 logging_writer.py:48] [10200] global_step=10200, grad_norm=0.17550069093704224, loss=3.5010266304016113
I0512 04:54:31.845603 140089425438464 logging_writer.py:48] [10300] global_step=10300, grad_norm=0.1715986281633377, loss=3.456021308898926
I0512 04:54:54.298467 140089433831168 logging_writer.py:48] [10400] global_step=10400, grad_norm=0.16864490509033203, loss=3.464138984680176
I0512 04:55:16.751474 140089425438464 logging_writer.py:48] [10500] global_step=10500, grad_norm=0.17266036570072174, loss=3.347184896469116
I0512 04:55:39.260293 140089433831168 logging_writer.py:48] [10600] global_step=10600, grad_norm=0.17377012968063354, loss=3.3925089836120605
I0512 04:56:01.708437 140089425438464 logging_writer.py:48] [10700] global_step=10700, grad_norm=0.19092795252799988, loss=3.489788055419922
I0512 04:56:24.154522 140089433831168 logging_writer.py:48] [10800] global_step=10800, grad_norm=0.19618064165115356, loss=3.3853864669799805
I0512 04:56:46.605168 140089425438464 logging_writer.py:48] [10900] global_step=10900, grad_norm=0.18720635771751404, loss=3.428189992904663
I0512 04:57:09.056182 140089433831168 logging_writer.py:48] [11000] global_step=11000, grad_norm=0.1798480600118637, loss=3.300708770751953
I0512 04:57:31.504351 140089425438464 logging_writer.py:48] [11100] global_step=11100, grad_norm=0.18790824711322784, loss=3.3877112865448
I0512 04:57:53.954406 140089433831168 logging_writer.py:48] [11200] global_step=11200, grad_norm=0.17162393033504486, loss=3.3817882537841797
I0512 04:58:16.405978 140089425438464 logging_writer.py:48] [11300] global_step=11300, grad_norm=0.17731791734695435, loss=3.440788745880127
I0512 04:58:38.857504 140089433831168 logging_writer.py:48] [11400] global_step=11400, grad_norm=0.18227969110012054, loss=3.4337587356567383
I0512 04:58:44.718467 140263283078336 spec.py:333] Evaluating on the training split.
I0512 04:59:15.349758 140263283078336 spec.py:346] Evaluating on the validation split.
I0512 05:04:13.557149 140263283078336 spec.py:363] Evaluating on the test split.
I0512 05:04:13.557375 140263283078336 submission_runner.py:516] Time since start: 3251.39s, 	Step: 11428, 	{'train/loss': 3.3838508129119873, 'train/ppl': 29.48409050378142, 'validation/loss': 3.386150598526001, 'validation/ppl': 29.551975621652595, 'validation/num_examples': 100000, 'test/loss': 0.0, 'test/ppl': 1.0, 'test/num_examples': 0, 'score': 2591.0787456035614, 'total_duration': 3251.3903436660767, 'accumulated_submission_time': 2591.0787456035614, 'accumulated_eval_time': 660.2042541503906, 'accumulated_logging_time': 0.039762020111083984}
I0512 05:04:13.596863 140089425438464 logging_writer.py:48] [11428] accumulated_eval_time=660.204, accumulated_logging_time=0.039762, accumulated_submission_time=2591.08, global_step=11428, preemption_count=0, score=2591.08, test/loss=0, test/num_examples=0, test/ppl=1, total_duration=3251.39, train/loss=3.38385, train/ppl=29.4841, validation/loss=3.38615, validation/num_examples=100000, validation/ppl=29.552
I0512 05:04:30.185512 140089433831168 logging_writer.py:48] [11500] global_step=11500, grad_norm=0.18514211475849152, loss=3.409278392791748
I0512 05:04:52.643086 140089425438464 logging_writer.py:48] [11600] global_step=11600, grad_norm=0.18465745449066162, loss=3.316498279571533
I0512 05:05:15.106196 140089433831168 logging_writer.py:48] [11700] global_step=11700, grad_norm=0.18669572472572327, loss=3.434835910797119
I0512 05:05:37.555177 140089425438464 logging_writer.py:48] [11800] global_step=11800, grad_norm=0.1873861849308014, loss=3.385056257247925
I0512 05:06:00.004005 140089433831168 logging_writer.py:48] [11900] global_step=11900, grad_norm=0.18338176608085632, loss=3.4820666313171387
I0512 05:06:22.453804 140089425438464 logging_writer.py:48] [12000] global_step=12000, grad_norm=0.19067980349063873, loss=3.437586784362793
I0512 05:06:44.897544 140089433831168 logging_writer.py:48] [12100] global_step=12100, grad_norm=0.1852792650461197, loss=3.363429546356201
I0512 05:07:07.344762 140089425438464 logging_writer.py:48] [12200] global_step=12200, grad_norm=0.2129366099834442, loss=3.5773463249206543
I0512 05:07:29.779159 140089433831168 logging_writer.py:48] [12300] global_step=12300, grad_norm=0.21173535287380219, loss=3.51253080368042
I0512 05:07:52.217890 140089425438464 logging_writer.py:48] [12400] global_step=12400, grad_norm=0.19529463350772858, loss=3.3997185230255127
I0512 05:08:14.655778 140089433831168 logging_writer.py:48] [12500] global_step=12500, grad_norm=0.22993133962154388, loss=3.4798789024353027
I0512 05:08:37.099345 140089425438464 logging_writer.py:48] [12600] global_step=12600, grad_norm=0.1924763321876526, loss=3.515188694000244
I0512 05:08:59.538129 140089433831168 logging_writer.py:48] [12700] global_step=12700, grad_norm=0.18682336807250977, loss=3.3483219146728516
I0512 05:09:21.975977 140089425438464 logging_writer.py:48] [12800] global_step=12800, grad_norm=0.20351707935333252, loss=3.458092451095581
I0512 05:09:44.413657 140089433831168 logging_writer.py:48] [12900] global_step=12900, grad_norm=0.1871471256017685, loss=3.4415807723999023
I0512 05:10:06.922840 140089425438464 logging_writer.py:48] [13000] global_step=13000, grad_norm=0.21156705915927887, loss=3.3613533973693848
I0512 05:10:29.368530 140089433831168 logging_writer.py:48] [13100] global_step=13100, grad_norm=0.18616071343421936, loss=3.4000024795532227
I0512 05:10:51.808021 140089425438464 logging_writer.py:48] [13200] global_step=13200, grad_norm=0.18801982700824738, loss=3.4074316024780273
I0512 05:11:14.243509 140089433831168 logging_writer.py:48] [13300] global_step=13300, grad_norm=0.19707544147968292, loss=3.298213481903076
I0512 05:11:36.689635 140089425438464 logging_writer.py:48] [13400] global_step=13400, grad_norm=0.21622949838638306, loss=3.438608169555664
I0512 05:11:59.130285 140089433831168 logging_writer.py:48] [13500] global_step=13500, grad_norm=0.21797272562980652, loss=3.29492449760437
I0512 05:12:21.575097 140089425438464 logging_writer.py:48] [13600] global_step=13600, grad_norm=0.1887476146221161, loss=3.3654916286468506
I0512 05:12:44.014251 140089433831168 logging_writer.py:48] [13700] global_step=13700, grad_norm=0.19833102822303772, loss=3.3854594230651855
I0512 05:13:06.455399 140089425438464 logging_writer.py:48] [13800] global_step=13800, grad_norm=0.20202620327472687, loss=3.3798980712890625
I0512 05:13:28.895078 140089433831168 logging_writer.py:48] [13900] global_step=13900, grad_norm=0.19589237868785858, loss=3.3516998291015625
I0512 05:13:51.341636 140089425438464 logging_writer.py:48] [14000] global_step=14000, grad_norm=0.20108237862586975, loss=3.4664366245269775
I0512 05:14:13.782037 140089433831168 logging_writer.py:48] [14100] global_step=14100, grad_norm=0.23347006738185883, loss=3.347855567932129
I0512 05:14:36.224708 140089425438464 logging_writer.py:48] [14200] global_step=14200, grad_norm=0.2098517119884491, loss=3.358593463897705
I0512 05:14:58.662388 140089433831168 logging_writer.py:48] [14300] global_step=14300, grad_norm=0.20931246876716614, loss=3.352386474609375
I0512 05:15:21.103934 140089425438464 logging_writer.py:48] [14400] global_step=14400, grad_norm=0.2116432785987854, loss=3.306433916091919
I0512 05:15:43.609425 140089433831168 logging_writer.py:48] [14500] global_step=14500, grad_norm=0.20001891255378723, loss=3.34792160987854
I0512 05:16:06.050666 140089425438464 logging_writer.py:48] [14600] global_step=14600, grad_norm=0.22805771231651306, loss=3.3698768615722656
I0512 05:16:28.499268 140089433831168 logging_writer.py:48] [14700] global_step=14700, grad_norm=0.22587968409061432, loss=3.388787269592285
I0512 05:16:50.944392 140089425438464 logging_writer.py:48] [14800] global_step=14800, grad_norm=0.219234898686409, loss=3.2917368412017822
I0512 05:17:13.391338 140089433831168 logging_writer.py:48] [14900] global_step=14900, grad_norm=0.21015775203704834, loss=3.313948154449463
I0512 05:17:35.826113 140089425438464 logging_writer.py:48] [15000] global_step=15000, grad_norm=0.20347677171230316, loss=3.2566335201263428
I0512 05:17:58.271813 140089433831168 logging_writer.py:48] [15100] global_step=15100, grad_norm=0.20903989672660828, loss=3.4035818576812744
I0512 05:18:20.711647 140089425438464 logging_writer.py:48] [15200] global_step=15200, grad_norm=0.2309916764497757, loss=3.405824661254883
I0512 05:18:43.153344 140089433831168 logging_writer.py:48] [15300] global_step=15300, grad_norm=0.21879945695400238, loss=3.382970094680786
I0512 05:19:05.595256 140089425438464 logging_writer.py:48] [15400] global_step=15400, grad_norm=0.20656582713127136, loss=3.3108901977539062
I0512 05:19:28.031722 140089433831168 logging_writer.py:48] [15500] global_step=15500, grad_norm=0.22364504635334015, loss=3.384982109069824
I0512 05:19:50.475178 140089425438464 logging_writer.py:48] [15600] global_step=15600, grad_norm=0.21662795543670654, loss=3.2284274101257324
I0512 05:20:12.932355 140089433831168 logging_writer.py:48] [15700] global_step=15700, grad_norm=0.23617252707481384, loss=3.405888319015503
I0512 05:20:35.373863 140089425438464 logging_writer.py:48] [15800] global_step=15800, grad_norm=0.21433067321777344, loss=3.3364012241363525
I0512 05:20:57.807227 140089433831168 logging_writer.py:48] [15900] global_step=15900, grad_norm=0.23844225704669952, loss=3.344189167022705
I0512 05:21:20.238043 140089425438464 logging_writer.py:48] [16000] global_step=16000, grad_norm=0.21699190139770508, loss=3.2926669120788574
I0512 05:21:42.733596 140089433831168 logging_writer.py:48] [16100] global_step=16100, grad_norm=0.21549376845359802, loss=3.463495969772339
I0512 05:22:05.172158 140089425438464 logging_writer.py:48] [16200] global_step=16200, grad_norm=0.21361105144023895, loss=3.4704418182373047
I0512 05:22:27.613130 140089433831168 logging_writer.py:48] [16300] global_step=16300, grad_norm=0.22042164206504822, loss=3.437594413757324
I0512 05:22:50.056098 140089425438464 logging_writer.py:48] [16400] global_step=16400, grad_norm=0.24118474125862122, loss=3.398124933242798
I0512 05:23:12.490038 140089433831168 logging_writer.py:48] [16500] global_step=16500, grad_norm=0.22517621517181396, loss=3.2957682609558105
I0512 05:23:34.920559 140089425438464 logging_writer.py:48] [16600] global_step=16600, grad_norm=0.23283377289772034, loss=3.4467639923095703
I0512 05:23:57.361361 140089433831168 logging_writer.py:48] [16700] global_step=16700, grad_norm=0.2331331968307495, loss=3.345207691192627
I0512 05:24:19.798096 140089425438464 logging_writer.py:48] [16800] global_step=16800, grad_norm=0.25047552585601807, loss=3.335156202316284
I0512 05:24:42.233477 140089433831168 logging_writer.py:48] [16900] global_step=16900, grad_norm=0.2375272810459137, loss=3.344792127609253
I0512 05:25:04.670118 140089425438464 logging_writer.py:48] [17000] global_step=17000, grad_norm=0.24254077672958374, loss=3.4515702724456787
I0512 05:25:27.105515 140089433831168 logging_writer.py:48] [17100] global_step=17100, grad_norm=0.2380940467119217, loss=3.367966651916504
I0512 05:25:49.540723 140089425438464 logging_writer.py:48] [17200] global_step=17200, grad_norm=0.24035239219665527, loss=3.3158836364746094
I0512 05:26:11.972724 140089433831168 logging_writer.py:48] [17300] global_step=17300, grad_norm=0.27276909351348877, loss=3.474757671356201
I0512 05:26:34.409459 140089425438464 logging_writer.py:48] [17400] global_step=17400, grad_norm=0.23045127093791962, loss=3.349276542663574
I0512 05:26:56.842334 140089433831168 logging_writer.py:48] [17500] global_step=17500, grad_norm=0.22259289026260376, loss=3.319901943206787
I0512 05:27:19.346630 140089425438464 logging_writer.py:48] [17600] global_step=17600, grad_norm=0.23811650276184082, loss=3.420834541320801
I0512 05:27:41.784045 140089433831168 logging_writer.py:48] [17700] global_step=17700, grad_norm=0.2335582822561264, loss=3.3791332244873047
I0512 05:28:04.227456 140089425438464 logging_writer.py:48] [17800] global_step=17800, grad_norm=0.24205905199050903, loss=3.33449649810791
I0512 05:28:26.665963 140089433831168 logging_writer.py:48] [17900] global_step=17900, grad_norm=0.25729307532310486, loss=3.440565586090088
I0512 05:28:49.110110 140089425438464 logging_writer.py:48] [18000] global_step=18000, grad_norm=0.23869642615318298, loss=3.436074733734131
I0512 05:29:11.548820 140089433831168 logging_writer.py:48] [18100] global_step=18100, grad_norm=0.26322877407073975, loss=3.4099926948547363
I0512 05:29:33.987992 140089425438464 logging_writer.py:48] [18200] global_step=18200, grad_norm=0.2657815217971802, loss=3.2576911449432373
I0512 05:29:56.446555 140089433831168 logging_writer.py:48] [18300] global_step=18300, grad_norm=0.25855690240859985, loss=3.231289863586426
I0512 05:30:18.897934 140089425438464 logging_writer.py:48] [18400] global_step=18400, grad_norm=0.2519390285015106, loss=3.262066125869751
I0512 05:30:41.334624 140089433831168 logging_writer.py:48] [18500] global_step=18500, grad_norm=0.26881641149520874, loss=3.3892674446105957
I0512 05:31:03.761818 140089425438464 logging_writer.py:48] [18600] global_step=18600, grad_norm=0.25523993372917175, loss=3.3532214164733887
I0512 05:31:26.190731 140089433831168 logging_writer.py:48] [18700] global_step=18700, grad_norm=0.2517397403717041, loss=3.287731647491455
I0512 05:31:48.627318 140089425438464 logging_writer.py:48] [18800] global_step=18800, grad_norm=0.2560405135154724, loss=3.274726390838623
I0512 05:32:11.060176 140089433831168 logging_writer.py:48] [18900] global_step=18900, grad_norm=0.2447594851255417, loss=3.3877370357513428
I0512 05:32:33.501349 140089425438464 logging_writer.py:48] [19000] global_step=19000, grad_norm=0.25727126002311707, loss=3.3240175247192383
I0512 05:32:56.001571 140089433831168 logging_writer.py:48] [19100] global_step=19100, grad_norm=0.25832194089889526, loss=3.405848503112793
I0512 05:33:18.432447 140089425438464 logging_writer.py:48] [19200] global_step=19200, grad_norm=0.27011990547180176, loss=3.2729201316833496
I0512 05:33:40.860864 140089433831168 logging_writer.py:48] [19300] global_step=19300, grad_norm=0.2601131498813629, loss=3.425163745880127
I0512 05:34:03.292330 140089425438464 logging_writer.py:48] [19400] global_step=19400, grad_norm=0.275054395198822, loss=3.3188633918762207
I0512 05:34:25.726293 140089433831168 logging_writer.py:48] [19500] global_step=19500, grad_norm=0.2596231997013092, loss=3.407973527908325
I0512 05:34:48.162269 140089425438464 logging_writer.py:48] [19600] global_step=19600, grad_norm=0.2610551118850708, loss=3.2935070991516113
I0512 05:35:10.601115 140089433831168 logging_writer.py:48] [19700] global_step=19700, grad_norm=0.31962066888809204, loss=3.296107292175293
I0512 05:35:33.034690 140089425438464 logging_writer.py:48] [19800] global_step=19800, grad_norm=0.2663213014602661, loss=3.23374080657959
I0512 05:35:55.468754 140089433831168 logging_writer.py:48] [19900] global_step=19900, grad_norm=0.2412133663892746, loss=3.328043222427368
I0512 05:36:17.897020 140089425438464 logging_writer.py:48] [20000] global_step=20000, grad_norm=0.24120257794857025, loss=3.394508123397827
I0512 05:36:40.328860 140089433831168 logging_writer.py:48] [20100] global_step=20100, grad_norm=0.24832028150558472, loss=3.252324104309082
I0512 05:37:02.764664 140089425438464 logging_writer.py:48] [20200] global_step=20200, grad_norm=0.25773829221725464, loss=3.2877421379089355
I0512 05:37:25.197271 140089433831168 logging_writer.py:48] [20300] global_step=20300, grad_norm=0.2512575685977936, loss=3.2479825019836426
I0512 05:37:47.623253 140089425438464 logging_writer.py:48] [20400] global_step=20400, grad_norm=0.30640754103660583, loss=3.371669054031372
I0512 05:38:10.054615 140089433831168 logging_writer.py:48] [20500] global_step=20500, grad_norm=0.2884747087955475, loss=3.372969388961792
I0512 05:38:32.543644 140089425438464 logging_writer.py:48] [20600] global_step=20600, grad_norm=0.25302061438560486, loss=3.3333733081817627
I0512 05:38:54.972921 140089433831168 logging_writer.py:48] [20700] global_step=20700, grad_norm=0.2577628791332245, loss=3.3272955417633057
I0512 05:39:17.400885 140089425438464 logging_writer.py:48] [20800] global_step=20800, grad_norm=0.2772614657878876, loss=3.293638229370117
I0512 05:39:39.834638 140089433831168 logging_writer.py:48] [20900] global_step=20900, grad_norm=0.2554301917552948, loss=3.228421926498413
I0512 05:40:02.279293 140089425438464 logging_writer.py:48] [21000] global_step=21000, grad_norm=0.2613556385040283, loss=3.2299604415893555
I0512 05:40:24.712104 140089433831168 logging_writer.py:48] [21100] global_step=21100, grad_norm=0.2849609851837158, loss=3.347805976867676
I0512 05:40:47.139402 140089425438464 logging_writer.py:48] [21200] global_step=21200, grad_norm=0.2677117586135864, loss=3.36518931388855
I0512 05:41:09.567487 140089433831168 logging_writer.py:48] [21300] global_step=21300, grad_norm=0.2916560471057892, loss=3.255218029022217
I0512 05:41:31.993545 140089425438464 logging_writer.py:48] [21400] global_step=21400, grad_norm=0.24764765799045563, loss=3.349536180496216
I0512 05:41:54.419701 140089433831168 logging_writer.py:48] [21500] global_step=21500, grad_norm=0.2743641138076782, loss=3.3692898750305176
I0512 05:42:16.843564 140089425438464 logging_writer.py:48] [21600] global_step=21600, grad_norm=0.2620982527732849, loss=3.341569423675537
I0512 05:42:39.277485 140089433831168 logging_writer.py:48] [21700] global_step=21700, grad_norm=0.28283625841140747, loss=3.3162972927093506
I0512 05:43:01.710553 140089425438464 logging_writer.py:48] [21800] global_step=21800, grad_norm=0.3026854991912842, loss=3.2236592769622803
I0512 05:43:24.145066 140089433831168 logging_writer.py:48] [21900] global_step=21900, grad_norm=0.2576841413974762, loss=3.404740571975708
I0512 05:43:46.578536 140089425438464 logging_writer.py:48] [22000] global_step=22000, grad_norm=0.3002535104751587, loss=3.3338725566864014
I0512 05:44:09.077209 140089433831168 logging_writer.py:48] [22100] global_step=22100, grad_norm=0.2808365821838379, loss=3.372359275817871
I0512 05:44:31.512875 140089425438464 logging_writer.py:48] [22200] global_step=22200, grad_norm=0.27987563610076904, loss=3.3230230808258057
I0512 05:44:53.936644 140089433831168 logging_writer.py:48] [22300] global_step=22300, grad_norm=0.2862410247325897, loss=3.3501620292663574
I0512 05:45:16.368171 140089425438464 logging_writer.py:48] [22400] global_step=22400, grad_norm=0.27661243081092834, loss=3.326366901397705
I0512 05:45:38.795822 140089433831168 logging_writer.py:48] [22500] global_step=22500, grad_norm=0.2814518213272095, loss=3.364762783050537
I0512 05:46:01.234073 140089425438464 logging_writer.py:48] [22600] global_step=22600, grad_norm=0.26178011298179626, loss=3.401167869567871
I0512 05:46:23.669981 140089433831168 logging_writer.py:48] [22700] global_step=22700, grad_norm=0.27525201439857483, loss=3.173543691635132
I0512 05:46:46.102839 140089425438464 logging_writer.py:48] [22800] global_step=22800, grad_norm=0.27287518978118896, loss=3.3200864791870117
I0512 05:47:04.734421 140263283078336 spec.py:333] Evaluating on the training split.
I0512 05:47:35.352246 140263283078336 spec.py:346] Evaluating on the validation split.
I0512 05:52:33.416167 140263283078336 spec.py:363] Evaluating on the test split.
I0512 05:52:33.416395 140263283078336 submission_runner.py:516] Time since start: 6151.25s, 	Step: 22885, 	{'train/loss': 3.2454941272735596, 'train/ppl': 25.674393344375446, 'validation/loss': 3.2455599308013916, 'validation/ppl': 25.67608286562007, 'validation/num_examples': 100000, 'test/loss': 0.0, 'test/ppl': 1.0, 'test/num_examples': 0, 'score': 5162.140597343445, 'total_duration': 6151.249363183975, 'accumulated_submission_time': 5162.140597343445, 'accumulated_eval_time': 988.8861975669861, 'accumulated_logging_time': 0.08686304092407227}
I0512 05:52:33.455684 140089433831168 logging_writer.py:48] [22885] accumulated_eval_time=988.886, accumulated_logging_time=0.086863, accumulated_submission_time=5162.14, global_step=22885, preemption_count=0, score=5162.14, test/loss=0, test/num_examples=0, test/ppl=1, total_duration=6151.25, train/loss=3.24549, train/ppl=25.6744, validation/loss=3.24556, validation/num_examples=100000, validation/ppl=25.6761
I0512 05:52:37.056322 140089425438464 logging_writer.py:48] [22900] global_step=22900, grad_norm=0.26280540227890015, loss=3.3510212898254395
I0512 05:52:59.698602 140089433831168 logging_writer.py:48] [23000] global_step=23000, grad_norm=0.26059895753860474, loss=3.427870273590088
I0512 05:53:22.155128 140089425438464 logging_writer.py:48] [23100] global_step=23100, grad_norm=0.2596202492713928, loss=3.2767348289489746
I0512 05:53:44.614236 140089433831168 logging_writer.py:48] [23200] global_step=23200, grad_norm=0.26365840435028076, loss=3.2271201610565186
I0512 05:54:07.066650 140089425438464 logging_writer.py:48] [23300] global_step=23300, grad_norm=0.27707043290138245, loss=3.2750110626220703
I0512 05:54:29.522440 140089433831168 logging_writer.py:48] [23400] global_step=23400, grad_norm=0.25761881470680237, loss=3.307406187057495
I0512 05:54:51.976251 140089425438464 logging_writer.py:48] [23500] global_step=23500, grad_norm=0.25864705443382263, loss=3.2467751502990723
I0512 05:55:14.429944 140089433831168 logging_writer.py:48] [23600] global_step=23600, grad_norm=0.2782910466194153, loss=3.239806890487671
I0512 05:55:36.876324 140089425438464 logging_writer.py:48] [23700] global_step=23700, grad_norm=0.2704612612724304, loss=3.3202803134918213
I0512 05:55:59.321512 140089433831168 logging_writer.py:48] [23800] global_step=23800, grad_norm=0.30262404680252075, loss=3.283926486968994
I0512 05:56:21.755836 140089425438464 logging_writer.py:48] [23900] global_step=23900, grad_norm=0.27536433935165405, loss=3.1853482723236084
I0512 05:56:44.194699 140089433831168 logging_writer.py:48] [24000] global_step=24000, grad_norm=0.2639780342578888, loss=3.307002305984497
I0512 05:57:06.636451 140089425438464 logging_writer.py:48] [24100] global_step=24100, grad_norm=0.26488763093948364, loss=3.3140358924865723
I0512 05:57:29.071980 140089433831168 logging_writer.py:48] [24200] global_step=24200, grad_norm=0.27250975370407104, loss=3.2941925525665283
I0512 05:57:51.514460 140089425438464 logging_writer.py:48] [24300] global_step=24300, grad_norm=0.2863357365131378, loss=3.3273751735687256
I0512 05:58:13.951897 140089433831168 logging_writer.py:48] [24400] global_step=24400, grad_norm=0.27335187792778015, loss=3.3292434215545654
I0512 05:58:36.461964 140089425438464 logging_writer.py:48] [24500] global_step=24500, grad_norm=0.25469884276390076, loss=3.405750274658203
I0512 05:58:58.895281 140089433831168 logging_writer.py:48] [24600] global_step=24600, grad_norm=0.27428215742111206, loss=3.2687900066375732
I0512 05:59:21.330613 140089425438464 logging_writer.py:48] [24700] global_step=24700, grad_norm=0.27549225091934204, loss=3.1456410884857178
I0512 05:59:43.773586 140089433831168 logging_writer.py:48] [24800] global_step=24800, grad_norm=0.2702445089817047, loss=3.327695846557617
I0512 06:00:06.231871 140089425438464 logging_writer.py:48] [24900] global_step=24900, grad_norm=0.2854907512664795, loss=3.207944393157959
I0512 06:00:28.686484 140089433831168 logging_writer.py:48] [25000] global_step=25000, grad_norm=0.27941277623176575, loss=3.306685447692871
I0512 06:00:51.141073 140089425438464 logging_writer.py:48] [25100] global_step=25100, grad_norm=0.2709788680076599, loss=3.293060302734375
I0512 06:01:13.583569 140089433831168 logging_writer.py:48] [25200] global_step=25200, grad_norm=0.25818976759910583, loss=3.330514907836914
I0512 06:01:36.020373 140089425438464 logging_writer.py:48] [25300] global_step=25300, grad_norm=0.256441205739975, loss=3.313060998916626
I0512 06:01:58.464492 140089433831168 logging_writer.py:48] [25400] global_step=25400, grad_norm=0.26127657294273376, loss=3.2119522094726562
I0512 06:02:20.904578 140089425438464 logging_writer.py:48] [25500] global_step=25500, grad_norm=0.26844513416290283, loss=3.250816822052002
I0512 06:02:43.348617 140089433831168 logging_writer.py:48] [25600] global_step=25600, grad_norm=0.2977169454097748, loss=3.237387180328369
I0512 06:03:05.792254 140089425438464 logging_writer.py:48] [25700] global_step=25700, grad_norm=0.2792885899543762, loss=3.332820415496826
I0512 06:03:28.238680 140089433831168 logging_writer.py:48] [25800] global_step=25800, grad_norm=0.2865173816680908, loss=3.2445812225341797
I0512 06:03:50.681826 140089425438464 logging_writer.py:48] [25900] global_step=25900, grad_norm=0.28026139736175537, loss=3.2547948360443115
I0512 06:04:13.188255 140089433831168 logging_writer.py:48] [26000] global_step=26000, grad_norm=0.27108457684516907, loss=3.317662239074707
I0512 06:04:35.630970 140089425438464 logging_writer.py:48] [26100] global_step=26100, grad_norm=0.2574705481529236, loss=3.2144341468811035
I0512 06:04:58.068046 140089433831168 logging_writer.py:48] [26200] global_step=26200, grad_norm=0.277948796749115, loss=3.341068744659424
I0512 06:05:20.510968 140089425438464 logging_writer.py:48] [26300] global_step=26300, grad_norm=0.26356053352355957, loss=3.2619338035583496
I0512 06:05:42.940646 140089433831168 logging_writer.py:48] [26400] global_step=26400, grad_norm=0.2795802354812622, loss=3.2445168495178223
I0512 06:06:05.378399 140089425438464 logging_writer.py:48] [26500] global_step=26500, grad_norm=0.3203873634338379, loss=3.359821319580078
I0512 06:06:27.814843 140089433831168 logging_writer.py:48] [26600] global_step=26600, grad_norm=0.27103638648986816, loss=3.353583812713623
I0512 06:06:50.252507 140089425438464 logging_writer.py:48] [26700] global_step=26700, grad_norm=0.28405138850212097, loss=3.347604513168335
I0512 06:07:12.690783 140089433831168 logging_writer.py:48] [26800] global_step=26800, grad_norm=0.277593731880188, loss=3.300882577896118
I0512 06:07:35.126457 140089425438464 logging_writer.py:48] [26900] global_step=26900, grad_norm=0.2857744097709656, loss=3.2976176738739014
I0512 06:07:57.564371 140089433831168 logging_writer.py:48] [27000] global_step=27000, grad_norm=0.2810211479663849, loss=3.357937812805176
I0512 06:08:20.002583 140089425438464 logging_writer.py:48] [27100] global_step=27100, grad_norm=0.26332592964172363, loss=3.367715835571289
I0512 06:08:42.440955 140089433831168 logging_writer.py:48] [27200] global_step=27200, grad_norm=0.27731481194496155, loss=3.421755790710449
I0512 06:09:04.892594 140089425438464 logging_writer.py:48] [27300] global_step=27300, grad_norm=0.292400985956192, loss=3.3168904781341553
I0512 06:09:27.332308 140089433831168 logging_writer.py:48] [27400] global_step=27400, grad_norm=0.26755279302597046, loss=3.3050711154937744
I0512 06:09:49.829385 140089425438464 logging_writer.py:48] [27500] global_step=27500, grad_norm=0.2649570107460022, loss=3.3481411933898926
I0512 06:10:12.289334 140089433831168 logging_writer.py:48] [27600] global_step=27600, grad_norm=0.2661900222301483, loss=3.2819509506225586
I0512 06:10:34.735340 140089425438464 logging_writer.py:48] [27700] global_step=27700, grad_norm=0.28057190775871277, loss=3.2699134349823
I0512 06:10:57.174718 140089433831168 logging_writer.py:48] [27800] global_step=27800, grad_norm=0.2847822308540344, loss=3.2461254596710205
I0512 06:11:19.615327 140089425438464 logging_writer.py:48] [27900] global_step=27900, grad_norm=0.2683396637439728, loss=3.4224750995635986
I0512 06:11:42.050112 140089433831168 logging_writer.py:48] [28000] global_step=28000, grad_norm=0.3133668005466461, loss=3.181452751159668
I0512 06:12:04.483541 140089425438464 logging_writer.py:48] [28100] global_step=28100, grad_norm=0.26870471239089966, loss=3.2877204418182373
I0512 06:12:26.918763 140089433831168 logging_writer.py:48] [28200] global_step=28200, grad_norm=0.2679412364959717, loss=3.274385929107666
I0512 06:12:49.357494 140089425438464 logging_writer.py:48] [28300] global_step=28300, grad_norm=0.2732926607131958, loss=3.274712562561035
I0512 06:13:11.796511 140089433831168 logging_writer.py:48] [28400] global_step=28400, grad_norm=0.30302631855010986, loss=3.279081344604492
I0512 06:13:34.236695 140089425438464 logging_writer.py:48] [28500] global_step=28500, grad_norm=0.28398391604423523, loss=3.310061454772949
I0512 06:13:56.683082 140089433831168 logging_writer.py:48] [28600] global_step=28600, grad_norm=0.27131688594818115, loss=3.100752830505371
I0512 06:14:19.134454 140089425438464 logging_writer.py:48] [28700] global_step=28700, grad_norm=0.2761293947696686, loss=3.37580943107605
I0512 06:14:41.574703 140089433831168 logging_writer.py:48] [28800] global_step=28800, grad_norm=0.29390448331832886, loss=3.4391846656799316
I0512 06:15:04.024036 140089425438464 logging_writer.py:48] [28900] global_step=28900, grad_norm=0.2860984206199646, loss=3.254128932952881
I0512 06:15:26.536542 140089433831168 logging_writer.py:48] [29000] global_step=29000, grad_norm=0.2793775200843811, loss=3.191103935241699
I0512 06:15:48.981777 140089425438464 logging_writer.py:48] [29100] global_step=29100, grad_norm=0.28787893056869507, loss=3.2224018573760986
I0512 06:16:11.429057 140089433831168 logging_writer.py:48] [29200] global_step=29200, grad_norm=0.30722203850746155, loss=3.2596473693847656
I0512 06:16:33.875689 140089425438464 logging_writer.py:48] [29300] global_step=29300, grad_norm=0.2828098237514496, loss=3.3398423194885254
I0512 06:16:56.317353 140089433831168 logging_writer.py:48] [29400] global_step=29400, grad_norm=0.27167466282844543, loss=3.2962779998779297
I0512 06:17:18.755270 140089425438464 logging_writer.py:48] [29500] global_step=29500, grad_norm=0.2933134436607361, loss=3.3190135955810547
I0512 06:17:41.187481 140089433831168 logging_writer.py:48] [29600] global_step=29600, grad_norm=0.28893232345581055, loss=3.2198760509490967
I0512 06:18:03.623296 140089425438464 logging_writer.py:48] [29700] global_step=29700, grad_norm=0.28707775473594666, loss=3.326667547225952
I0512 06:18:26.054473 140089433831168 logging_writer.py:48] [29800] global_step=29800, grad_norm=0.28129759430885315, loss=3.298556089401245
I0512 06:18:48.491376 140089425438464 logging_writer.py:48] [29900] global_step=29900, grad_norm=0.2773320972919464, loss=3.1680781841278076
I0512 06:19:10.927100 140089433831168 logging_writer.py:48] [30000] global_step=30000, grad_norm=0.2856660783290863, loss=3.247875690460205
I0512 06:19:33.362963 140089425438464 logging_writer.py:48] [30100] global_step=30100, grad_norm=0.2859743535518646, loss=3.2709970474243164
I0512 06:19:55.806479 140089433831168 logging_writer.py:48] [30200] global_step=30200, grad_norm=0.278198778629303, loss=3.232419729232788
I0512 06:20:18.257109 140089425438464 logging_writer.py:48] [30300] global_step=30300, grad_norm=8.557621955871582, loss=7.487890720367432
I0512 06:20:40.699084 140089433831168 logging_writer.py:48] [30400] global_step=30400, grad_norm=0.26308903098106384, loss=3.252319812774658
I0512 06:21:03.142297 140089425438464 logging_writer.py:48] [30500] global_step=30500, grad_norm=0.2619113624095917, loss=3.255946397781372
I0512 06:21:25.643976 140089433831168 logging_writer.py:48] [30600] global_step=30600, grad_norm=0.2653162479400635, loss=3.2258806228637695
I0512 06:21:48.097579 140089425438464 logging_writer.py:48] [30700] global_step=30700, grad_norm=0.2575974762439728, loss=3.211956024169922
I0512 06:22:10.543139 140089433831168 logging_writer.py:48] [30800] global_step=30800, grad_norm=0.28402748703956604, loss=3.4029245376586914
I0512 06:22:32.990330 140089425438464 logging_writer.py:48] [30900] global_step=30900, grad_norm=0.28951072692871094, loss=3.2017040252685547
I0512 06:22:55.427424 140089433831168 logging_writer.py:48] [31000] global_step=31000, grad_norm=0.26630640029907227, loss=3.1958305835723877
I0512 06:23:17.870286 140089425438464 logging_writer.py:48] [31100] global_step=31100, grad_norm=0.2870071828365326, loss=3.2902462482452393
I0512 06:23:40.313268 140089433831168 logging_writer.py:48] [31200] global_step=31200, grad_norm=0.27268415689468384, loss=3.2169995307922363
I0512 06:24:02.756448 140089425438464 logging_writer.py:48] [31300] global_step=31300, grad_norm=0.29253146052360535, loss=3.255708694458008
I0512 06:24:25.202732 140089433831168 logging_writer.py:48] [31400] global_step=31400, grad_norm=0.2923346161842346, loss=3.255195140838623
I0512 06:24:47.645552 140089425438464 logging_writer.py:48] [31500] global_step=31500, grad_norm=0.30986496806144714, loss=3.272472381591797
I0512 06:25:10.085962 140089433831168 logging_writer.py:48] [31600] global_step=31600, grad_norm=0.2876247465610504, loss=3.344309091567993
I0512 06:25:32.527450 140089425438464 logging_writer.py:48] [31700] global_step=31700, grad_norm=0.303734689950943, loss=3.1794493198394775
I0512 06:25:54.969280 140089433831168 logging_writer.py:48] [31800] global_step=31800, grad_norm=0.2719264030456543, loss=3.333582639694214
I0512 06:26:17.407246 140089425438464 logging_writer.py:48] [31900] global_step=31900, grad_norm=0.2963866889476776, loss=3.316673755645752
I0512 06:26:39.848075 140089433831168 logging_writer.py:48] [32000] global_step=32000, grad_norm=0.294747531414032, loss=3.2939796447753906
I0512 06:27:02.344865 140089425438464 logging_writer.py:48] [32100] global_step=32100, grad_norm=0.2879871726036072, loss=3.316988468170166
I0512 06:27:24.785927 140089433831168 logging_writer.py:48] [32200] global_step=32200, grad_norm=0.31267786026000977, loss=3.206791400909424
I0512 06:27:47.228923 140089425438464 logging_writer.py:48] [32300] global_step=32300, grad_norm=0.30140823125839233, loss=3.227034091949463
I0512 06:28:09.669294 140089433831168 logging_writer.py:48] [32400] global_step=32400, grad_norm=0.29052919149398804, loss=3.2462706565856934
I0512 06:28:32.112269 140089425438464 logging_writer.py:48] [32500] global_step=32500, grad_norm=0.3179921805858612, loss=3.257383108139038
I0512 06:28:54.554223 140089433831168 logging_writer.py:48] [32600] global_step=32600, grad_norm=0.3140096962451935, loss=3.0992493629455566
I0512 06:29:16.994393 140089425438464 logging_writer.py:48] [32700] global_step=32700, grad_norm=0.28623518347740173, loss=3.1911520957946777
I0512 06:29:39.429955 140089433831168 logging_writer.py:48] [32800] global_step=32800, grad_norm=0.2806522846221924, loss=3.2607269287109375
I0512 06:30:01.875154 140089425438464 logging_writer.py:48] [32900] global_step=32900, grad_norm=0.2820892333984375, loss=3.168940305709839
I0512 06:30:24.318104 140089433831168 logging_writer.py:48] [33000] global_step=33000, grad_norm=0.3140004575252533, loss=3.3343393802642822
I0512 06:30:46.758945 140089425438464 logging_writer.py:48] [33100] global_step=33100, grad_norm=0.2964541018009186, loss=3.340120315551758
I0512 06:31:09.196137 140089433831168 logging_writer.py:48] [33200] global_step=33200, grad_norm=0.31055590510368347, loss=3.2130279541015625
I0512 06:31:31.630386 140089425438464 logging_writer.py:48] [33300] global_step=33300, grad_norm=0.3116050064563751, loss=3.315767526626587
I0512 06:31:54.070940 140089433831168 logging_writer.py:48] [33400] global_step=33400, grad_norm=0.31384068727493286, loss=3.22643780708313
I0512 06:32:16.514541 140089425438464 logging_writer.py:48] [33500] global_step=33500, grad_norm=0.2990378737449646, loss=3.373997211456299
I0512 06:32:39.015131 140089433831168 logging_writer.py:48] [33600] global_step=33600, grad_norm=0.26935267448425293, loss=3.059598445892334
I0512 06:33:01.458881 140089425438464 logging_writer.py:48] [33700] global_step=33700, grad_norm=0.32585078477859497, loss=3.313520908355713
I0512 06:33:23.899935 140089433831168 logging_writer.py:48] [33800] global_step=33800, grad_norm=0.2991478443145752, loss=3.279545783996582
I0512 06:33:46.345750 140089425438464 logging_writer.py:48] [33900] global_step=33900, grad_norm=0.2764712870121002, loss=3.3235669136047363
I0512 06:34:08.788786 140089433831168 logging_writer.py:48] [34000] global_step=34000, grad_norm=0.3052195608615875, loss=3.2770166397094727
I0512 06:34:31.236608 140089425438464 logging_writer.py:48] [34100] global_step=34100, grad_norm=0.2999061048030853, loss=3.152353286743164
I0512 06:34:53.680720 140089433831168 logging_writer.py:48] [34200] global_step=34200, grad_norm=0.27337536215782166, loss=3.219639301300049
I0512 06:35:16.118655 140089425438464 logging_writer.py:48] [34300] global_step=34300, grad_norm=0.29165759682655334, loss=3.2006630897521973
I0512 06:35:24.440116 140263283078336 spec.py:333] Evaluating on the training split.
I0512 06:35:55.070946 140263283078336 spec.py:346] Evaluating on the validation split.
I0512 06:40:53.178689 140263283078336 spec.py:363] Evaluating on the test split.
I0512 06:40:53.178987 140263283078336 submission_runner.py:516] Time since start: 9051.01s, 	Step: 34339, 	{'train/loss': 3.164884567260742, 'train/ppl': 23.68600973403464, 'validation/loss': 3.164163589477539, 'validation/ppl': 23.668938801864556, 'validation/num_examples': 100000, 'test/loss': 0.0, 'test/ppl': 1.0, 'test/num_examples': 0, 'score': 7733.05108499527, 'total_duration': 9051.01193356514, 'accumulated_submission_time': 7733.05108499527, 'accumulated_eval_time': 1317.6250150203705, 'accumulated_logging_time': 0.1336979866027832}
I0512 06:40:53.217746 140089433831168 logging_writer.py:48] [34339] accumulated_eval_time=1317.63, accumulated_logging_time=0.133698, accumulated_submission_time=7733.05, global_step=34339, preemption_count=0, score=7733.05, test/loss=0, test/num_examples=0, test/ppl=1, total_duration=9051.01, train/loss=3.16488, train/ppl=23.686, validation/loss=3.16416, validation/num_examples=100000, validation/ppl=23.6689
I0512 06:41:07.127200 140089425438464 logging_writer.py:48] [34400] global_step=34400, grad_norm=0.30323338508605957, loss=3.3291311264038086
I0512 06:41:29.766509 140089433831168 logging_writer.py:48] [34500] global_step=34500, grad_norm=0.3022502362728119, loss=3.211458683013916
I0512 06:41:52.215678 140089425438464 logging_writer.py:48] [34600] global_step=34600, grad_norm=0.2647967040538788, loss=3.22928524017334
I0512 06:42:14.667854 140089433831168 logging_writer.py:48] [34700] global_step=34700, grad_norm=0.2929694950580597, loss=3.3387537002563477
I0512 06:42:37.120217 140089425438464 logging_writer.py:48] [34800] global_step=34800, grad_norm=0.3567068874835968, loss=3.149099588394165
I0512 06:42:59.557975 140089433831168 logging_writer.py:48] [34900] global_step=34900, grad_norm=0.2984362542629242, loss=3.381178379058838
I0512 06:43:22.003064 140089425438464 logging_writer.py:48] [35000] global_step=35000, grad_norm=0.258073627948761, loss=3.1099586486816406
I0512 06:43:44.451287 140089433831168 logging_writer.py:48] [35100] global_step=35100, grad_norm=0.2745674252510071, loss=3.17825984954834
I0512 06:44:06.900256 140089425438464 logging_writer.py:48] [35200] global_step=35200, grad_norm=0.27820900082588196, loss=3.1811320781707764
I0512 06:44:29.350924 140089433831168 logging_writer.py:48] [35300] global_step=35300, grad_norm=0.2790549397468567, loss=3.2918076515197754
I0512 06:44:51.835045 140089425438464 logging_writer.py:48] [35400] global_step=35400, grad_norm=0.2866917848587036, loss=3.1638851165771484
I0512 06:45:14.326546 140089433831168 logging_writer.py:48] [35500] global_step=35500, grad_norm=0.30004894733428955, loss=3.189901828765869
I0512 06:45:36.859773 140089425438464 logging_writer.py:48] [35600] global_step=35600, grad_norm=0.2879568040370941, loss=3.2414710521698
I0512 06:45:59.366015 140089433831168 logging_writer.py:48] [35700] global_step=35700, grad_norm=0.29331547021865845, loss=3.2652454376220703
I0512 06:46:21.886754 140089425438464 logging_writer.py:48] [35800] global_step=35800, grad_norm=0.3381429612636566, loss=3.210418701171875
I0512 06:46:44.376782 140089433831168 logging_writer.py:48] [35900] global_step=35900, grad_norm=0.27937081456184387, loss=3.2476418018341064
I0512 06:47:06.940160 140089425438464 logging_writer.py:48] [36000] global_step=36000, grad_norm=0.2869066298007965, loss=3.2125091552734375
I0512 06:47:29.390759 140089433831168 logging_writer.py:48] [36100] global_step=36100, grad_norm=0.2879663109779358, loss=3.1497247219085693
I0512 06:47:51.838439 140089425438464 logging_writer.py:48] [36200] global_step=36200, grad_norm=0.29405829310417175, loss=3.284226894378662
I0512 06:48:14.287519 140089433831168 logging_writer.py:48] [36300] global_step=36300, grad_norm=0.2799045443534851, loss=3.258760929107666
I0512 06:48:36.733400 140089425438464 logging_writer.py:48] [36400] global_step=36400, grad_norm=0.2968403398990631, loss=3.2274222373962402
I0512 06:48:59.179691 140089433831168 logging_writer.py:48] [36500] global_step=36500, grad_norm=0.30273184180259705, loss=3.2524938583374023
I0512 06:49:21.626689 140089425438464 logging_writer.py:48] [36600] global_step=36600, grad_norm=0.28134241700172424, loss=3.1631340980529785
I0512 06:49:44.074391 140089433831168 logging_writer.py:48] [36700] global_step=36700, grad_norm=0.2853202223777771, loss=3.261867046356201
I0512 06:50:06.533878 140089425438464 logging_writer.py:48] [36800] global_step=36800, grad_norm=0.31474220752716064, loss=3.1867804527282715
I0512 06:50:28.987036 140089433831168 logging_writer.py:48] [36900] global_step=36900, grad_norm=0.280076265335083, loss=3.266916275024414
I0512 06:50:51.436715 140089425438464 logging_writer.py:48] [37000] global_step=37000, grad_norm=0.3050069808959961, loss=3.243318796157837
I0512 06:51:13.883648 140089433831168 logging_writer.py:48] [37100] global_step=37100, grad_norm=0.2952394187450409, loss=3.2801671028137207
I0512 06:51:36.322826 140089425438464 logging_writer.py:48] [37200] global_step=37200, grad_norm=0.2868225574493408, loss=3.229766845703125
I0512 06:51:58.766863 140089433831168 logging_writer.py:48] [37300] global_step=37300, grad_norm=0.34989047050476074, loss=3.1957337856292725
I0512 06:52:21.212795 140089425438464 logging_writer.py:48] [37400] global_step=37400, grad_norm=0.29427632689476013, loss=3.182544708251953
I0512 06:52:43.716013 140089433831168 logging_writer.py:48] [37500] global_step=37500, grad_norm=0.28927481174468994, loss=3.228447914123535
I0512 06:53:06.160259 140089425438464 logging_writer.py:48] [37600] global_step=37600, grad_norm=0.289547860622406, loss=3.207719326019287
I0512 06:53:28.605406 140089433831168 logging_writer.py:48] [37700] global_step=37700, grad_norm=0.29725733399391174, loss=3.1797313690185547
I0512 06:53:51.049780 140089425438464 logging_writer.py:48] [37800] global_step=37800, grad_norm=0.29630765318870544, loss=3.188086986541748
I0512 06:54:13.492471 140089433831168 logging_writer.py:48] [37900] global_step=37900, grad_norm=0.3427377939224243, loss=3.3649067878723145
I0512 06:54:35.942214 140089425438464 logging_writer.py:48] [38000] global_step=38000, grad_norm=0.28324973583221436, loss=3.1201090812683105
I0512 06:54:58.387645 140089433831168 logging_writer.py:48] [38100] global_step=38100, grad_norm=0.28890442848205566, loss=3.2727484703063965
I0512 06:55:20.841108 140089425438464 logging_writer.py:48] [38200] global_step=38200, grad_norm=0.3202260732650757, loss=3.298147678375244
I0512 06:55:43.285568 140089433831168 logging_writer.py:48] [38300] global_step=38300, grad_norm=0.3088529407978058, loss=3.4058375358581543
I0512 06:56:05.735765 140089425438464 logging_writer.py:48] [38400] global_step=38400, grad_norm=0.2994256317615509, loss=3.085313320159912
I0512 06:56:28.183384 140089433831168 logging_writer.py:48] [38500] global_step=38500, grad_norm=0.2985168695449829, loss=3.210951805114746
I0512 06:56:50.633032 140089425438464 logging_writer.py:48] [38600] global_step=38600, grad_norm=0.3106064796447754, loss=3.2154488563537598
I0512 06:57:13.077897 140089433831168 logging_writer.py:48] [38700] global_step=38700, grad_norm=0.28069964051246643, loss=3.265977382659912
I0512 06:57:35.527700 140089425438464 logging_writer.py:48] [38800] global_step=38800, grad_norm=0.31810688972473145, loss=3.2752628326416016
I0512 06:57:57.974486 140089433831168 logging_writer.py:48] [38900] global_step=38900, grad_norm=0.2968845069408417, loss=3.212052345275879
I0512 06:58:20.477987 140089425438464 logging_writer.py:48] [39000] global_step=39000, grad_norm=0.2888544201850891, loss=3.227018356323242
I0512 06:58:42.922497 140089433831168 logging_writer.py:48] [39100] global_step=39100, grad_norm=0.3090505599975586, loss=3.1429529190063477
I0512 06:59:05.366947 140089425438464 logging_writer.py:48] [39200] global_step=39200, grad_norm=0.30946534872055054, loss=3.3359618186950684
I0512 06:59:27.817979 140089433831168 logging_writer.py:48] [39300] global_step=39300, grad_norm=0.34163543581962585, loss=3.3642396926879883
I0512 06:59:50.261028 140089425438464 logging_writer.py:48] [39400] global_step=39400, grad_norm=0.2934797704219818, loss=3.137387752532959
I0512 07:00:12.720751 140089433831168 logging_writer.py:48] [39500] global_step=39500, grad_norm=0.2856377363204956, loss=3.2321319580078125
I0512 07:00:35.168470 140089425438464 logging_writer.py:48] [39600] global_step=39600, grad_norm=0.3067857027053833, loss=3.271317720413208
I0512 07:00:57.611604 140089433831168 logging_writer.py:48] [39700] global_step=39700, grad_norm=0.3271225094795227, loss=3.1656970977783203
I0512 07:01:20.052980 140089425438464 logging_writer.py:48] [39800] global_step=39800, grad_norm=0.29707518219947815, loss=3.146021842956543
I0512 07:01:42.495993 140089433831168 logging_writer.py:48] [39900] global_step=39900, grad_norm=0.31869208812713623, loss=3.281338691711426
I0512 07:02:04.943816 140089425438464 logging_writer.py:48] [40000] global_step=40000, grad_norm=0.2883906662464142, loss=3.16807222366333
I0512 07:02:27.389454 140089433831168 logging_writer.py:48] [40100] global_step=40100, grad_norm=0.2829694449901581, loss=3.0768885612487793
I0512 07:02:49.834408 140089425438464 logging_writer.py:48] [40200] global_step=40200, grad_norm=0.27689436078071594, loss=3.1319580078125
I0512 07:03:12.279153 140089433831168 logging_writer.py:48] [40300] global_step=40300, grad_norm=0.29042965173721313, loss=3.2981228828430176
I0512 07:03:34.724289 140089425438464 logging_writer.py:48] [40400] global_step=40400, grad_norm=0.3099972605705261, loss=3.237093448638916
I0512 07:03:57.225467 140089433831168 logging_writer.py:48] [40500] global_step=40500, grad_norm=0.2881597876548767, loss=3.188171863555908
I0512 07:04:19.668799 140089425438464 logging_writer.py:48] [40600] global_step=40600, grad_norm=0.2984851002693176, loss=3.233295440673828
I0512 07:04:42.109535 140089433831168 logging_writer.py:48] [40700] global_step=40700, grad_norm=0.2856822907924652, loss=3.108250617980957
I0512 07:05:04.558344 140089425438464 logging_writer.py:48] [40800] global_step=40800, grad_norm=0.30677101016044617, loss=3.156858205795288
I0512 07:05:27.009260 140089433831168 logging_writer.py:48] [40900] global_step=40900, grad_norm=0.2804698348045349, loss=3.224430561065674
I0512 07:05:49.459528 140089425438464 logging_writer.py:48] [41000] global_step=41000, grad_norm=0.2789614498615265, loss=3.0900120735168457
I0512 07:06:11.906132 140089433831168 logging_writer.py:48] [41100] global_step=41100, grad_norm=0.2875971794128418, loss=3.1939749717712402
I0512 07:06:34.357619 140089425438464 logging_writer.py:48] [41200] global_step=41200, grad_norm=0.28780806064605713, loss=3.251223087310791
I0512 07:06:56.799551 140089433831168 logging_writer.py:48] [41300] global_step=41300, grad_norm=0.29590079188346863, loss=3.1512436866760254
I0512 07:07:19.246761 140089425438464 logging_writer.py:48] [41400] global_step=41400, grad_norm=0.2831721007823944, loss=3.318155288696289
I0512 07:07:41.688668 140089433831168 logging_writer.py:48] [41500] global_step=41500, grad_norm=0.28748053312301636, loss=3.2700860500335693
I0512 07:08:04.125855 140089425438464 logging_writer.py:48] [41600] global_step=41600, grad_norm=0.28575050830841064, loss=3.2665624618530273
I0512 07:08:26.571522 140089433831168 logging_writer.py:48] [41700] global_step=41700, grad_norm=0.31856557726860046, loss=3.230005979537964
I0512 07:08:49.013344 140089425438464 logging_writer.py:48] [41800] global_step=41800, grad_norm=0.3029877841472626, loss=3.1972575187683105
I0512 07:09:11.456342 140089433831168 logging_writer.py:48] [41900] global_step=41900, grad_norm=0.2947593331336975, loss=3.240893602371216
I0512 07:09:33.957482 140089425438464 logging_writer.py:48] [42000] global_step=42000, grad_norm=0.29460740089416504, loss=3.228466272354126
I0512 07:09:56.410488 140089433831168 logging_writer.py:48] [42100] global_step=42100, grad_norm=0.3445620834827423, loss=3.1060290336608887
I0512 07:10:18.869375 140089425438464 logging_writer.py:48] [42200] global_step=42200, grad_norm=0.330779105424881, loss=3.1873579025268555
I0512 07:10:41.320174 140089433831168 logging_writer.py:48] [42300] global_step=42300, grad_norm=0.2885652780532837, loss=3.2250752449035645
I0512 07:11:03.764513 140089425438464 logging_writer.py:48] [42400] global_step=42400, grad_norm=0.2894774079322815, loss=3.23503041267395
I0512 07:11:26.215071 140089433831168 logging_writer.py:48] [42500] global_step=42500, grad_norm=0.3059324324131012, loss=3.1939282417297363
I0512 07:11:48.661311 140089425438464 logging_writer.py:48] [42600] global_step=42600, grad_norm=0.2873688042163849, loss=3.208970308303833
I0512 07:12:11.109095 140089433831168 logging_writer.py:48] [42700] global_step=42700, grad_norm=0.32692018151283264, loss=3.243195056915283
I0512 07:12:33.549055 140089425438464 logging_writer.py:48] [42800] global_step=42800, grad_norm=0.28530171513557434, loss=3.2248575687408447
I0512 07:12:56.006367 140089433831168 logging_writer.py:48] [42900] global_step=42900, grad_norm=0.28201940655708313, loss=3.1716346740722656
I0512 07:13:18.451818 140089425438464 logging_writer.py:48] [43000] global_step=43000, grad_norm=0.2964738607406616, loss=3.152437686920166
I0512 07:13:40.900637 140089433831168 logging_writer.py:48] [43100] global_step=43100, grad_norm=0.3002578616142273, loss=3.1153759956359863
I0512 07:14:03.349151 140089425438464 logging_writer.py:48] [43200] global_step=43200, grad_norm=0.3693792223930359, loss=3.256906032562256
I0512 07:14:25.801027 140089433831168 logging_writer.py:48] [43300] global_step=43300, grad_norm=0.28557777404785156, loss=3.149186134338379
I0512 07:14:48.253661 140089425438464 logging_writer.py:48] [43400] global_step=43400, grad_norm=0.27934253215789795, loss=3.217233657836914
I0512 07:15:10.694312 140089433831168 logging_writer.py:48] [43500] global_step=43500, grad_norm=0.2990540862083435, loss=3.051365375518799
I0512 07:15:33.204095 140089425438464 logging_writer.py:48] [43600] global_step=43600, grad_norm=0.2887166142463684, loss=3.2221298217773438
I0512 07:15:55.644737 140089433831168 logging_writer.py:48] [43700] global_step=43700, grad_norm=0.30963417887687683, loss=3.230903387069702
I0512 07:16:18.084150 140089425438464 logging_writer.py:48] [43800] global_step=43800, grad_norm=0.2833735942840576, loss=3.182960033416748
I0512 07:16:40.524982 140089433831168 logging_writer.py:48] [43900] global_step=43900, grad_norm=0.2956925630569458, loss=3.097269296646118
I0512 07:17:02.963767 140089425438464 logging_writer.py:48] [44000] global_step=44000, grad_norm=0.2922508716583252, loss=3.146515130996704
I0512 07:17:25.405694 140089433831168 logging_writer.py:48] [44100] global_step=44100, grad_norm=0.29743489623069763, loss=3.292471170425415
I0512 07:17:47.849513 140089425438464 logging_writer.py:48] [44200] global_step=44200, grad_norm=0.28914475440979004, loss=3.1662919521331787
I0512 07:18:10.288213 140089433831168 logging_writer.py:48] [44300] global_step=44300, grad_norm=0.2874613404273987, loss=3.1515371799468994
I0512 07:18:32.729758 140089425438464 logging_writer.py:48] [44400] global_step=44400, grad_norm=0.2811433970928192, loss=3.1458356380462646
I0512 07:18:55.177675 140089433831168 logging_writer.py:48] [44500] global_step=44500, grad_norm=0.3223082721233368, loss=3.26885986328125
I0512 07:19:17.623261 140089425438464 logging_writer.py:48] [44600] global_step=44600, grad_norm=0.3175542950630188, loss=3.181857109069824
I0512 07:19:40.067593 140089433831168 logging_writer.py:48] [44700] global_step=44700, grad_norm=0.49798503518104553, loss=3.5812320709228516
I0512 07:20:02.527756 140089425438464 logging_writer.py:48] [44800] global_step=44800, grad_norm=0.31545963883399963, loss=3.2316250801086426
I0512 07:20:24.981469 140089433831168 logging_writer.py:48] [44900] global_step=44900, grad_norm=0.2956918478012085, loss=3.3032891750335693
I0512 07:20:47.431369 140089425438464 logging_writer.py:48] [45000] global_step=45000, grad_norm=0.2836204171180725, loss=3.141099452972412
I0512 07:21:09.936429 140089433831168 logging_writer.py:48] [45100] global_step=45100, grad_norm=0.29025426506996155, loss=3.2538669109344482
I0512 07:21:32.377275 140089425438464 logging_writer.py:48] [45200] global_step=45200, grad_norm=0.2899990677833557, loss=3.3297295570373535
I0512 07:21:54.825598 140089433831168 logging_writer.py:48] [45300] global_step=45300, grad_norm=0.30535897612571716, loss=3.1891114711761475
I0512 07:22:17.269611 140089425438464 logging_writer.py:48] [45400] global_step=45400, grad_norm=0.27706384658813477, loss=3.1945459842681885
I0512 07:22:39.711755 140089433831168 logging_writer.py:48] [45500] global_step=45500, grad_norm=0.3074471950531006, loss=3.1213154792785645
I0512 07:23:02.148849 140089425438464 logging_writer.py:48] [45600] global_step=45600, grad_norm=0.2951391935348511, loss=3.2549195289611816
I0512 07:23:24.593297 140089433831168 logging_writer.py:48] [45700] global_step=45700, grad_norm=0.35418492555618286, loss=3.2551040649414062
I0512 07:23:44.354429 140263283078336 spec.py:333] Evaluating on the training split.
I0512 07:24:14.977763 140263283078336 spec.py:346] Evaluating on the validation split.
I0512 07:29:13.060792 140263283078336 spec.py:363] Evaluating on the test split.
I0512 07:29:13.061064 140263283078336 submission_runner.py:516] Time since start: 11950.89s, 	Step: 45790, 	{'train/loss': 3.1363112926483154, 'train/ppl': 23.01880044419749, 'validation/loss': 3.134558916091919, 'validation/ppl': 22.978498160644577, 'validation/num_examples': 100000, 'test/loss': 0.0, 'test/ppl': 1.0, 'test/num_examples': 0, 'score': 10304.113168478012, 'total_duration': 11950.894019842148, 'accumulated_submission_time': 10304.113168478012, 'accumulated_eval_time': 1646.331607580185, 'accumulated_logging_time': 0.17969703674316406}
I0512 07:29:13.101472 140089425438464 logging_writer.py:48] [45790] accumulated_eval_time=1646.33, accumulated_logging_time=0.179697, accumulated_submission_time=10304.1, global_step=45790, preemption_count=0, score=10304.1, test/loss=0, test/num_examples=0, test/ppl=1, total_duration=11950.9, train/loss=3.13631, train/ppl=23.0188, validation/loss=3.13456, validation/num_examples=100000, validation/ppl=22.9785
I0512 07:29:15.582016 140089433831168 logging_writer.py:48] [45800] global_step=45800, grad_norm=0.31815987825393677, loss=3.1291823387145996
I0512 07:29:38.176685 140089425438464 logging_writer.py:48] [45900] global_step=45900, grad_norm=0.3395097851753235, loss=3.236372947692871
I0512 07:30:00.633073 140089433831168 logging_writer.py:48] [46000] global_step=46000, grad_norm=0.3299120366573334, loss=3.324788808822632
I0512 07:30:23.075491 140089425438464 logging_writer.py:48] [46100] global_step=46100, grad_norm=0.3273659646511078, loss=3.2183029651641846
I0512 07:30:45.518552 140089433831168 logging_writer.py:48] [46200] global_step=46200, grad_norm=0.2975357472896576, loss=3.247957706451416
I0512 07:31:07.948189 140089425438464 logging_writer.py:48] [46300] global_step=46300, grad_norm=0.31462404131889343, loss=3.201582193374634
I0512 07:31:30.381529 140089433831168 logging_writer.py:48] [46400] global_step=46400, grad_norm=0.3105631470680237, loss=3.1599884033203125
I0512 07:31:52.811157 140089425438464 logging_writer.py:48] [46500] global_step=46500, grad_norm=0.28911441564559937, loss=3.133112907409668
I0512 07:32:15.238894 140089433831168 logging_writer.py:48] [46600] global_step=46600, grad_norm=0.29822245240211487, loss=3.218259811401367
I0512 07:32:37.673696 140089425438464 logging_writer.py:48] [46700] global_step=46700, grad_norm=0.34372031688690186, loss=3.1155707836151123
I0512 07:33:00.107105 140089433831168 logging_writer.py:48] [46800] global_step=46800, grad_norm=0.3277759552001953, loss=3.259085178375244
I0512 07:33:22.537745 140089425438464 logging_writer.py:48] [46900] global_step=46900, grad_norm=0.30402517318725586, loss=3.1795830726623535
I0512 07:33:44.971925 140089433831168 logging_writer.py:48] [47000] global_step=47000, grad_norm=0.2939563989639282, loss=3.173870325088501
I0512 07:34:07.412306 140089425438464 logging_writer.py:48] [47100] global_step=47100, grad_norm=0.31066882610321045, loss=3.2084553241729736
I0512 07:34:29.846928 140089433831168 logging_writer.py:48] [47200] global_step=47200, grad_norm=0.28433942794799805, loss=3.175737142562866
I0512 07:34:52.282361 140089425438464 logging_writer.py:48] [47300] global_step=47300, grad_norm=0.2960268557071686, loss=3.254605531692505
I0512 07:35:14.716692 140089433831168 logging_writer.py:48] [47400] global_step=47400, grad_norm=0.3093729615211487, loss=3.227914810180664
I0512 07:35:37.201650 140089425438464 logging_writer.py:48] [47500] global_step=47500, grad_norm=0.3359382748603821, loss=3.209498167037964
I0512 07:35:59.631236 140089433831168 logging_writer.py:48] [47600] global_step=47600, grad_norm=0.31541839241981506, loss=3.227011203765869
I0512 07:36:22.068884 140089425438464 logging_writer.py:48] [47700] global_step=47700, grad_norm=0.30438172817230225, loss=3.1835126876831055
I0512 07:36:44.499656 140089433831168 logging_writer.py:48] [47800] global_step=47800, grad_norm=0.3086366355419159, loss=3.2144036293029785
I0512 07:37:06.929658 140089425438464 logging_writer.py:48] [47900] global_step=47900, grad_norm=0.3067527115345001, loss=3.1927809715270996
I0512 07:37:29.356564 140089433831168 logging_writer.py:48] [48000] global_step=48000, grad_norm=0.30649006366729736, loss=3.178306818008423
I0512 07:37:51.784605 140089425438464 logging_writer.py:48] [48100] global_step=48100, grad_norm=0.2991359829902649, loss=3.200458526611328
I0512 07:38:14.211608 140089433831168 logging_writer.py:48] [48200] global_step=48200, grad_norm=0.30515018105506897, loss=3.1577115058898926
I0512 07:38:36.647673 140089425438464 logging_writer.py:48] [48300] global_step=48300, grad_norm=0.33404991030693054, loss=3.2205045223236084
I0512 07:38:59.077644 140089433831168 logging_writer.py:48] [48400] global_step=48400, grad_norm=0.31234607100486755, loss=3.129650592803955
I0512 07:39:21.517029 140089425438464 logging_writer.py:48] [48500] global_step=48500, grad_norm=0.29728659987449646, loss=3.1632893085479736
I0512 07:39:43.953711 140089433831168 logging_writer.py:48] [48600] global_step=48600, grad_norm=0.3557306230068207, loss=3.151416778564453
I0512 07:40:06.402364 140089425438464 logging_writer.py:48] [48700] global_step=48700, grad_norm=0.3021259307861328, loss=3.088597297668457
I0512 07:40:28.839401 140089433831168 logging_writer.py:48] [48800] global_step=48800, grad_norm=0.3183777630329132, loss=3.187302350997925
I0512 07:40:51.279082 140089425438464 logging_writer.py:48] [48900] global_step=48900, grad_norm=0.2952689230442047, loss=3.2346739768981934
I0512 07:41:13.771621 140089433831168 logging_writer.py:48] [49000] global_step=49000, grad_norm=0.31810641288757324, loss=3.175954580307007
I0512 07:41:36.207088 140089425438464 logging_writer.py:48] [49100] global_step=49100, grad_norm=0.2769266664981842, loss=3.1714377403259277
I0512 07:41:58.640613 140089433831168 logging_writer.py:48] [49200] global_step=49200, grad_norm=0.31481218338012695, loss=3.217228889465332
I0512 07:42:21.075953 140089425438464 logging_writer.py:48] [49300] global_step=49300, grad_norm=0.3028760254383087, loss=3.1696970462799072
I0512 07:42:43.509781 140089433831168 logging_writer.py:48] [49400] global_step=49400, grad_norm=0.29280364513397217, loss=3.037123918533325
I0512 07:43:05.944507 140089425438464 logging_writer.py:48] [49500] global_step=49500, grad_norm=0.30205631256103516, loss=3.119100570678711
I0512 07:43:28.380425 140089433831168 logging_writer.py:48] [49600] global_step=49600, grad_norm=0.29437321424484253, loss=3.165538787841797
I0512 07:43:50.815776 140089425438464 logging_writer.py:48] [49700] global_step=49700, grad_norm=0.28387707471847534, loss=3.178683280944824
I0512 07:44:13.245517 140089433831168 logging_writer.py:48] [49800] global_step=49800, grad_norm=0.2981347441673279, loss=3.17449951171875
I0512 07:44:35.676795 140089425438464 logging_writer.py:48] [49900] global_step=49900, grad_norm=0.3149314820766449, loss=3.160456657409668
I0512 07:44:58.098963 140089433831168 logging_writer.py:48] [50000] global_step=50000, grad_norm=0.31432121992111206, loss=3.182537078857422
I0512 07:45:20.530694 140089425438464 logging_writer.py:48] [50100] global_step=50100, grad_norm=0.30453434586524963, loss=3.1832118034362793
I0512 07:45:42.957267 140089433831168 logging_writer.py:48] [50200] global_step=50200, grad_norm=0.3221249282360077, loss=3.1208765506744385
I0512 07:46:05.385408 140089425438464 logging_writer.py:48] [50300] global_step=50300, grad_norm=0.3300383985042572, loss=3.2340214252471924
I0512 07:46:27.819779 140089433831168 logging_writer.py:48] [50400] global_step=50400, grad_norm=0.3121471405029297, loss=3.2122642993927
I0512 07:46:50.311734 140089425438464 logging_writer.py:48] [50500] global_step=50500, grad_norm=0.2976674735546112, loss=3.0973894596099854
I0512 07:47:12.747725 140089433831168 logging_writer.py:48] [50600] global_step=50600, grad_norm=0.29281747341156006, loss=3.2387309074401855
I0512 07:47:35.184876 140089425438464 logging_writer.py:48] [50700] global_step=50700, grad_norm=0.33524850010871887, loss=3.18269681930542
I0512 07:47:57.613039 140089433831168 logging_writer.py:48] [50800] global_step=50800, grad_norm=0.3530951142311096, loss=3.3150789737701416
I0512 07:48:20.049525 140089425438464 logging_writer.py:48] [50900] global_step=50900, grad_norm=0.30408763885498047, loss=3.1557254791259766
I0512 07:48:42.484415 140089433831168 logging_writer.py:48] [51000] global_step=51000, grad_norm=0.2852253317832947, loss=3.0385847091674805
I0512 07:49:04.909508 140089425438464 logging_writer.py:48] [51100] global_step=51100, grad_norm=0.32073086500167847, loss=3.2478559017181396
I0512 07:49:27.341567 140089433831168 logging_writer.py:48] [51200] global_step=51200, grad_norm=0.33062002062797546, loss=3.336412191390991
I0512 07:49:49.768611 140089425438464 logging_writer.py:48] [51300] global_step=51300, grad_norm=0.3282565176486969, loss=3.2017107009887695
I0512 07:50:12.208309 140089433831168 logging_writer.py:48] [51400] global_step=51400, grad_norm=0.2960054874420166, loss=3.204766273498535
I0512 07:50:34.644410 140089425438464 logging_writer.py:48] [51500] global_step=51500, grad_norm=0.30225589871406555, loss=3.2086315155029297
I0512 07:50:57.071386 140089433831168 logging_writer.py:48] [51600] global_step=51600, grad_norm=0.30996987223625183, loss=3.177502393722534
I0512 07:51:19.499823 140089425438464 logging_writer.py:48] [51700] global_step=51700, grad_norm=0.32693830132484436, loss=3.166208267211914
I0512 07:51:41.929991 140089433831168 logging_writer.py:48] [51800] global_step=51800, grad_norm=0.28727465867996216, loss=3.181715488433838
I0512 07:52:04.354427 140089425438464 logging_writer.py:48] [51900] global_step=51900, grad_norm=0.32169821858406067, loss=3.2060890197753906
I0512 07:52:26.842339 140089433831168 logging_writer.py:48] [52000] global_step=52000, grad_norm=0.2807786464691162, loss=3.1327128410339355
I0512 07:52:49.267994 140089425438464 logging_writer.py:48] [52100] global_step=52100, grad_norm=0.294417142868042, loss=3.235431432723999
I0512 07:53:11.696383 140089433831168 logging_writer.py:48] [52200] global_step=52200, grad_norm=0.2986203134059906, loss=3.139616012573242
I0512 07:53:34.128267 140089425438464 logging_writer.py:48] [52300] global_step=52300, grad_norm=0.29455140233039856, loss=3.140260696411133
I0512 07:53:56.560198 140089433831168 logging_writer.py:48] [52400] global_step=52400, grad_norm=0.29653167724609375, loss=3.095226287841797
I0512 07:54:18.985719 140089425438464 logging_writer.py:48] [52500] global_step=52500, grad_norm=0.2948441505432129, loss=3.3438000679016113
I0512 07:54:41.413368 140089433831168 logging_writer.py:48] [52600] global_step=52600, grad_norm=0.301344633102417, loss=3.263273239135742
I0512 07:55:03.837581 140089425438464 logging_writer.py:48] [52700] global_step=52700, grad_norm=0.30301064252853394, loss=3.104523181915283
I0512 07:55:26.265827 140089433831168 logging_writer.py:48] [52800] global_step=52800, grad_norm=0.3124067783355713, loss=3.17082142829895
I0512 07:55:48.693047 140089425438464 logging_writer.py:48] [52900] global_step=52900, grad_norm=0.29732993245124817, loss=3.2206876277923584
I0512 07:56:11.120304 140089433831168 logging_writer.py:48] [53000] global_step=53000, grad_norm=0.31556054949760437, loss=3.182159185409546
I0512 07:56:33.555840 140089425438464 logging_writer.py:48] [53100] global_step=53100, grad_norm=0.30237799882888794, loss=3.1423330307006836
I0512 07:56:55.986355 140089433831168 logging_writer.py:48] [53200] global_step=53200, grad_norm=0.3102801442146301, loss=3.0737624168395996
I0512 07:57:18.417891 140089425438464 logging_writer.py:48] [53300] global_step=53300, grad_norm=0.3187820017337799, loss=3.1173477172851562
I0512 07:57:40.851197 140089433831168 logging_writer.py:48] [53400] global_step=53400, grad_norm=0.2962348759174347, loss=3.3284456729888916
I0512 07:58:03.322710 140089425438464 logging_writer.py:48] [53500] global_step=53500, grad_norm=0.3100398778915405, loss=3.107722282409668
I0512 07:58:25.750789 140089433831168 logging_writer.py:48] [53600] global_step=53600, grad_norm=0.28668397665023804, loss=3.153930187225342
I0512 07:58:48.182376 140089425438464 logging_writer.py:48] [53700] global_step=53700, grad_norm=0.29822614789009094, loss=3.1229970455169678
I0512 07:59:10.609052 140089433831168 logging_writer.py:48] [53800] global_step=53800, grad_norm=0.30156469345092773, loss=3.1187071800231934
I0512 07:59:33.035770 140089425438464 logging_writer.py:48] [53900] global_step=53900, grad_norm=0.30890464782714844, loss=3.1828982830047607
I0512 07:59:55.462069 140089433831168 logging_writer.py:48] [54000] global_step=54000, grad_norm=0.2954567074775696, loss=3.2055656909942627
I0512 08:00:17.906721 140089425438464 logging_writer.py:48] [54100] global_step=54100, grad_norm=0.3085291087627411, loss=3.1035971641540527
I0512 08:00:40.335711 140089433831168 logging_writer.py:48] [54200] global_step=54200, grad_norm=0.30212774872779846, loss=3.169961452484131
I0512 08:01:02.762142 140089425438464 logging_writer.py:48] [54300] global_step=54300, grad_norm=0.32238852977752686, loss=3.2080326080322266
I0512 08:01:25.186221 140089433831168 logging_writer.py:48] [54400] global_step=54400, grad_norm=0.3362538516521454, loss=3.0939509868621826
I0512 08:01:47.608617 140089425438464 logging_writer.py:48] [54500] global_step=54500, grad_norm=0.2954624891281128, loss=3.0334057807922363
I0512 08:02:10.032677 140089433831168 logging_writer.py:48] [54600] global_step=54600, grad_norm=0.30378401279449463, loss=3.1787190437316895
I0512 08:02:32.456503 140089425438464 logging_writer.py:48] [54700] global_step=54700, grad_norm=0.30784469842910767, loss=3.0834999084472656
I0512 08:02:54.887869 140089433831168 logging_writer.py:48] [54800] global_step=54800, grad_norm=0.29906144738197327, loss=3.244194984436035
I0512 08:03:17.317217 140089425438464 logging_writer.py:48] [54900] global_step=54900, grad_norm=0.33647269010543823, loss=3.244724750518799
I0512 08:03:39.805848 140089433831168 logging_writer.py:48] [55000] global_step=55000, grad_norm=0.324581116437912, loss=3.239530324935913
I0512 08:04:02.236248 140089425438464 logging_writer.py:48] [55100] global_step=55100, grad_norm=0.2868163287639618, loss=3.1375861167907715
I0512 08:04:24.663289 140089433831168 logging_writer.py:48] [55200] global_step=55200, grad_norm=0.33428147435188293, loss=3.2296130657196045
I0512 08:04:47.097192 140089425438464 logging_writer.py:48] [55300] global_step=55300, grad_norm=0.3469596207141876, loss=3.1644113063812256
I0512 08:05:09.525981 140089433831168 logging_writer.py:48] [55400] global_step=55400, grad_norm=0.3228953778743744, loss=3.2856240272521973
I0512 08:05:31.953526 140089425438464 logging_writer.py:48] [55500] global_step=55500, grad_norm=0.31597238779067993, loss=3.196335792541504
I0512 08:05:54.377483 140089433831168 logging_writer.py:48] [55600] global_step=55600, grad_norm=0.3351956605911255, loss=3.2324609756469727
I0512 08:06:16.800812 140089425438464 logging_writer.py:48] [55700] global_step=55700, grad_norm=0.29120656847953796, loss=3.2033891677856445
I0512 08:06:39.229209 140089433831168 logging_writer.py:48] [55800] global_step=55800, grad_norm=0.3228265345096588, loss=3.090139865875244
I0512 08:07:01.662138 140089425438464 logging_writer.py:48] [55900] global_step=55900, grad_norm=0.2947189509868622, loss=3.163705348968506
I0512 08:07:24.132674 140089433831168 logging_writer.py:48] [56000] global_step=56000, grad_norm=0.30345475673675537, loss=3.1432576179504395
I0512 08:07:46.581831 140089425438464 logging_writer.py:48] [56100] global_step=56100, grad_norm=0.2984580993652344, loss=3.168850898742676
I0512 08:08:09.026794 140089433831168 logging_writer.py:48] [56200] global_step=56200, grad_norm=0.3197340965270996, loss=3.1674647331237793
I0512 08:08:31.471745 140089425438464 logging_writer.py:48] [56300] global_step=56300, grad_norm=0.30584484338760376, loss=3.232067584991455
I0512 08:08:53.915645 140089433831168 logging_writer.py:48] [56400] global_step=56400, grad_norm=0.31096476316452026, loss=3.1705403327941895
I0512 08:09:16.412335 140089425438464 logging_writer.py:48] [56500] global_step=56500, grad_norm=0.30213451385498047, loss=3.1090903282165527
I0512 08:09:38.860293 140089433831168 logging_writer.py:48] [56600] global_step=56600, grad_norm=0.40591442584991455, loss=3.199866771697998
I0512 08:10:01.308723 140089425438464 logging_writer.py:48] [56700] global_step=56700, grad_norm=0.31826654076576233, loss=3.0896828174591064
I0512 08:10:23.758882 140089433831168 logging_writer.py:48] [56800] global_step=56800, grad_norm=0.3404669463634491, loss=3.0730905532836914
I0512 08:10:46.201660 140089425438464 logging_writer.py:48] [56900] global_step=56900, grad_norm=0.3262907564640045, loss=3.20245099067688
I0512 08:11:08.640808 140089433831168 logging_writer.py:48] [57000] global_step=57000, grad_norm=0.3537496328353882, loss=3.093291759490967
I0512 08:11:31.082500 140089425438464 logging_writer.py:48] [57100] global_step=57100, grad_norm=0.299625426530838, loss=3.2089786529541016
I0512 08:11:53.517393 140089433831168 logging_writer.py:48] [57200] global_step=57200, grad_norm=0.30558520555496216, loss=3.115406036376953
I0512 08:12:04.086296 140263283078336 spec.py:333] Evaluating on the training split.
I0512 08:12:34.697377 140263283078336 spec.py:346] Evaluating on the validation split.
I0512 08:17:32.515365 140263283078336 spec.py:363] Evaluating on the test split.
I0512 08:17:32.515589 140263283078336 submission_runner.py:516] Time since start: 14850.35s, 	Step: 57249, 	{'train/loss': 3.0757319927215576, 'train/ppl': 21.66573526905716, 'validation/loss': 3.074130058288574, 'validation/ppl': 21.631055966114655, 'validation/num_examples': 100000, 'test/loss': 0.0, 'test/ppl': 1.0, 'test/num_examples': 0, 'score': 12875.024502277374, 'total_duration': 14850.348546028137, 'accumulated_submission_time': 12875.024502277374, 'accumulated_eval_time': 1974.7608571052551, 'accumulated_logging_time': 0.22773122787475586}
I0512 08:17:32.558592 140089425438464 logging_writer.py:48] [57249] accumulated_eval_time=1974.76, accumulated_logging_time=0.227731, accumulated_submission_time=12875, global_step=57249, preemption_count=0, score=12875, test/loss=0, test/num_examples=0, test/ppl=1, total_duration=14850.3, train/loss=3.07573, train/ppl=21.6657, validation/loss=3.07413, validation/num_examples=100000, validation/ppl=21.6311
I0512 08:17:32.584539 140089433831168 logging_writer.py:48] [57249] global_step=57249, preemption_count=0, score=12875
I0512 08:17:32.594286 140263283078336 submission_runner.py:857] Final finewebedu_lm score: 12875.024502277374
