torchrun --redirects 1:0,2:0,3:0 --standalone --nnodes=1 --nproc_per_node=4 submission_runner.py --framework=pytorch --workload=ogbg --submission_path=submissions_algorithms/submissions/self_tuning/muon_torch_jax_hps_achandr/submission.py --data_dir=/data/ogbg --experiment_dir=/experiment_runs --experiment_name=submissions_a100/muon_torch_jax_hps_achandr/study_1 --overwrite=True --save_checkpoints=False --rng_seed=-1336648347 --torch_compile=true --tuning_ruleset=self 2>&1 | tee -a /logs/ogbg_pytorch_06-02-2026-21-50-48.log
W0602 21:51:10.922000 9 site-packages/torch/distributed/run.py:803] 
W0602 21:51:10.922000 9 site-packages/torch/distributed/run.py:803] *****************************************
W0602 21:51:10.922000 9 site-packages/torch/distributed/run.py:803] Setting OMP_NUM_THREADS environment variable for each process to be 1 in default, to avoid your system being overloaded, please further tune the variable for optimal performance in your application as needed. 
W0602 21:51:10.922000 9 site-packages/torch/distributed/run.py:803] *****************************************
2026-06-02 21:51:20.855194: E external/local_xla/xla/stream_executor/cuda/cuda_fft.cc:467] Unable to register cuFFT factory: Attempting to register factory for plugin cuFFT when one has already been registered
2026-06-02 21:51:20.855194: E external/local_xla/xla/stream_executor/cuda/cuda_fft.cc:467] Unable to register cuFFT factory: Attempting to register factory for plugin cuFFT when one has already been registered
2026-06-02 21:51:20.855194: E external/local_xla/xla/stream_executor/cuda/cuda_fft.cc:467] Unable to register cuFFT factory: Attempting to register factory for plugin cuFFT when one has already been registered
2026-06-02 21:51:20.855229: E external/local_xla/xla/stream_executor/cuda/cuda_fft.cc:467] Unable to register cuFFT factory: Attempting to register factory for plugin cuFFT when one has already been registered
WARNING: All log messages before absl::InitializeLog() is called are written to STDERR
WARNING: All log messages before absl::InitializeLog() is called are written to STDERR
WARNING: All log messages before absl::InitializeLog() is called are written to STDERR
E0000 00:00:1780437081.321343      40 cuda_dnn.cc:8579] Unable to register cuDNN factory: Attempting to register factory for plugin cuDNN when one has already been registered
E0000 00:00:1780437081.321343      39 cuda_dnn.cc:8579] Unable to register cuDNN factory: Attempting to register factory for plugin cuDNN when one has already been registered
E0000 00:00:1780437081.321338      41 cuda_dnn.cc:8579] Unable to register cuDNN factory: Attempting to register factory for plugin cuDNN when one has already been registered
WARNING: All log messages before absl::InitializeLog() is called are written to STDERR
E0000 00:00:1780437081.321382      38 cuda_dnn.cc:8579] Unable to register cuDNN factory: Attempting to register factory for plugin cuDNN when one has already been registered
E0000 00:00:1780437081.440237      39 cuda_blas.cc:1407] Unable to register cuBLAS factory: Attempting to register factory for plugin cuBLAS when one has already been registered
E0000 00:00:1780437081.440247      41 cuda_blas.cc:1407] Unable to register cuBLAS factory: Attempting to register factory for plugin cuBLAS when one has already been registered
E0000 00:00:1780437081.440258      40 cuda_blas.cc:1407] Unable to register cuBLAS factory: Attempting to register factory for plugin cuBLAS when one has already been registered
E0000 00:00:1780437081.440255      38 cuda_blas.cc:1407] Unable to register cuBLAS factory: Attempting to register factory for plugin cuBLAS when one has already been registered
W0000 00:00:1780437082.566387      41 computation_placer.cc:177] computation placer already registered. Please check linkage and avoid linking the same target more than once.
W0000 00:00:1780437082.566382      39 computation_placer.cc:177] computation placer already registered. Please check linkage and avoid linking the same target more than once.
W0000 00:00:1780437082.566382      38 computation_placer.cc:177] computation placer already registered. Please check linkage and avoid linking the same target more than once.
W0000 00:00:1780437082.566382      40 computation_placer.cc:177] computation placer already registered. Please check linkage and avoid linking the same target more than once.
W0000 00:00:1780437082.566422      40 computation_placer.cc:177] computation placer already registered. Please check linkage and avoid linking the same target more than once.
W0000 00:00:1780437082.566422      38 computation_placer.cc:177] computation placer already registered. Please check linkage and avoid linking the same target more than once.
W0000 00:00:1780437082.566422      39 computation_placer.cc:177] computation placer already registered. Please check linkage and avoid linking the same target more than once.
W0000 00:00:1780437082.566424      41 computation_placer.cc:177] computation placer already registered. Please check linkage and avoid linking the same target more than once.
W0000 00:00:1780437082.566425      40 computation_placer.cc:177] computation placer already registered. Please check linkage and avoid linking the same target more than once.
W0000 00:00:1780437082.566425      38 computation_placer.cc:177] computation placer already registered. Please check linkage and avoid linking the same target more than once.
W0000 00:00:1780437082.566426      39 computation_placer.cc:177] computation placer already registered. Please check linkage and avoid linking the same target more than once.
W0000 00:00:1780437082.566427      41 computation_placer.cc:177] computation placer already registered. Please check linkage and avoid linking the same target more than once.
W0000 00:00:1780437082.566427      40 computation_placer.cc:177] computation placer already registered. Please check linkage and avoid linking the same target more than once.
W0000 00:00:1780437082.566428      38 computation_placer.cc:177] computation placer already registered. Please check linkage and avoid linking the same target more than once.
W0000 00:00:1780437082.566428      39 computation_placer.cc:177] computation placer already registered. Please check linkage and avoid linking the same target more than once.
W0000 00:00:1780437082.566429      41 computation_placer.cc:177] computation placer already registered. Please check linkage and avoid linking the same target more than once.
W0000 00:00:1780437114.281274      38 gpu_device.cc:2341] Cannot dlopen some GPU libraries. Please make sure the missing libraries mentioned above are installed properly if you would like to use GPU. Follow the guide at https://www.tensorflow.org/install/gpu for how to download and setup the required libraries for your platform.
Skipping registering GPU devices...
W0000 00:00:1780437114.281289      41 gpu_device.cc:2341] Cannot dlopen some GPU libraries. Please make sure the missing libraries mentioned above are installed properly if you would like to use GPU. Follow the guide at https://www.tensorflow.org/install/gpu for how to download and setup the required libraries for your platform.
Skipping registering GPU devices...
W0000 00:00:1780437114.281291      39 gpu_device.cc:2341] Cannot dlopen some GPU libraries. Please make sure the missing libraries mentioned above are installed properly if you would like to use GPU. Follow the guide at https://www.tensorflow.org/install/gpu for how to download and setup the required libraries for your platform.
Skipping registering GPU devices...
W0000 00:00:1780437114.281304      40 gpu_device.cc:2341] Cannot dlopen some GPU libraries. Please make sure the missing libraries mentioned above are installed properly if you would like to use GPU. Follow the guide at https://www.tensorflow.org/install/gpu for how to download and setup the required libraries for your platform.
Skipping registering GPU devices...
/usr/local/lib/python3.11/site-packages/torch/__init__.py:1617: UserWarning: Please use the new API settings to control TF32 behavior, such as torch.backends.cudnn.conv.fp32_precision = 'tf32' or torch.backends.cuda.matmul.fp32_precision = 'ieee'. Old settings, e.g, torch.backends.cuda.matmul.allow_tf32 = True, torch.backends.cudnn.allow_tf32 = True, allowTF32CuDNN() and allowTF32CuBLAS() will be deprecated after Pytorch 2.9. Please see https://pytorch.org/docs/main/notes/cuda.html#tensorfloat-32-tf32-on-ampere-and-later-devices (Triggered internally at /pytorch/aten/src/ATen/Context.cpp:80.)
  _C._set_float32_matmul_precision(precision)
/usr/local/lib/python3.11/site-packages/torch/__init__.py:1617: UserWarning: Please use the new API settings to control TF32 behavior, such as torch.backends.cudnn.conv.fp32_precision = 'tf32' or torch.backends.cuda.matmul.fp32_precision = 'ieee'. Old settings, e.g, torch.backends.cuda.matmul.allow_tf32 = True, torch.backends.cudnn.allow_tf32 = True, allowTF32CuDNN() and allowTF32CuBLAS() will be deprecated after Pytorch 2.9. Please see https://pytorch.org/docs/main/notes/cuda.html#tensorfloat-32-tf32-on-ampere-and-later-devices (Triggered internally at /pytorch/aten/src/ATen/Context.cpp:80.)
  _C._set_float32_matmul_precision(precision)
/usr/local/lib/python3.11/site-packages/torch/__init__.py:1617: UserWarning: Please use the new API settings to control TF32 behavior, such as torch.backends.cudnn.conv.fp32_precision = 'tf32' or torch.backends.cuda.matmul.fp32_precision = 'ieee'. Old settings, e.g, torch.backends.cuda.matmul.allow_tf32 = True, torch.backends.cudnn.allow_tf32 = True, allowTF32CuDNN() and allowTF32CuBLAS() will be deprecated after Pytorch 2.9. Please see https://pytorch.org/docs/main/notes/cuda.html#tensorfloat-32-tf32-on-ampere-and-later-devices (Triggered internally at /pytorch/aten/src/ATen/Context.cpp:80.)
  _C._set_float32_matmul_precision(precision)
/usr/local/lib/python3.11/site-packages/torch/__init__.py:1617: UserWarning: Please use the new API settings to control TF32 behavior, such as torch.backends.cudnn.conv.fp32_precision = 'tf32' or torch.backends.cuda.matmul.fp32_precision = 'ieee'. Old settings, e.g, torch.backends.cuda.matmul.allow_tf32 = True, torch.backends.cudnn.allow_tf32 = True, allowTF32CuDNN() and allowTF32CuBLAS() will be deprecated after Pytorch 2.9. Please see https://pytorch.org/docs/main/notes/cuda.html#tensorfloat-32-tf32-on-ampere-and-later-devices (Triggered internally at /pytorch/aten/src/ATen/Context.cpp:80.)
  _C._set_float32_matmul_precision(precision)
/usr/local/lib/python3.11/site-packages/pydantic/_internal/_generate_schema.py:2249: UnsupportedFieldAttributeWarning: The 'repr' attribute with value False was provided to the `Field()` function, which has no effect in the context it was used. 'repr' is field-specific metadata, and can only be attached to a model field using `Annotated` metadata or by assignment. This may have happened because an `Annotated` type alias using the `type` statement was used, or if the `Field()` function was attached to a single member of a union type.
  warnings.warn(
/usr/local/lib/python3.11/site-packages/pydantic/_internal/_generate_schema.py:2249: UnsupportedFieldAttributeWarning: The 'repr' attribute with value False was provided to the `Field()` function, which has no effect in the context it was used. 'repr' is field-specific metadata, and can only be attached to a model field using `Annotated` metadata or by assignment. This may have happened because an `Annotated` type alias using the `type` statement was used, or if the `Field()` function was attached to a single member of a union type.
  warnings.warn(
/usr/local/lib/python3.11/site-packages/pydantic/_internal/_generate_schema.py:2249: UnsupportedFieldAttributeWarning: The 'repr' attribute with value False was provided to the `Field()` function, which has no effect in the context it was used. 'repr' is field-specific metadata, and can only be attached to a model field using `Annotated` metadata or by assignment. This may have happened because an `Annotated` type alias using the `type` statement was used, or if the `Field()` function was attached to a single member of a union type.
  warnings.warn(
/usr/local/lib/python3.11/site-packages/pydantic/_internal/_generate_schema.py:2249: UnsupportedFieldAttributeWarning: The 'repr' attribute with value False was provided to the `Field()` function, which has no effect in the context it was used. 'repr' is field-specific metadata, and can only be attached to a model field using `Annotated` metadata or by assignment. This may have happened because an `Annotated` type alias using the `type` statement was used, or if the `Field()` function was attached to a single member of a union type.
  warnings.warn(
/usr/local/lib/python3.11/site-packages/pydantic/_internal/_generate_schema.py:2249: UnsupportedFieldAttributeWarning: The 'frozen' attribute with value True was provided to the `Field()` function, which has no effect in the context it was used. 'frozen' is field-specific metadata, and can only be attached to a model field using `Annotated` metadata or by assignment. This may have happened because an `Annotated` type alias using the `type` statement was used, or if the `Field()` function was attached to a single member of a union type.
  warnings.warn(
/usr/local/lib/python3.11/site-packages/pydantic/_internal/_generate_schema.py:2249: UnsupportedFieldAttributeWarning: The 'frozen' attribute with value True was provided to the `Field()` function, which has no effect in the context it was used. 'frozen' is field-specific metadata, and can only be attached to a model field using `Annotated` metadata or by assignment. This may have happened because an `Annotated` type alias using the `type` statement was used, or if the `Field()` function was attached to a single member of a union type.
  warnings.warn(
/usr/local/lib/python3.11/site-packages/pydantic/_internal/_generate_schema.py:2249: UnsupportedFieldAttributeWarning: The 'frozen' attribute with value True was provided to the `Field()` function, which has no effect in the context it was used. 'frozen' is field-specific metadata, and can only be attached to a model field using `Annotated` metadata or by assignment. This may have happened because an `Annotated` type alias using the `type` statement was used, or if the `Field()` function was attached to a single member of a union type.
  warnings.warn(
/usr/local/lib/python3.11/site-packages/pydantic/_internal/_generate_schema.py:2249: UnsupportedFieldAttributeWarning: The 'frozen' attribute with value True was provided to the `Field()` function, which has no effect in the context it was used. 'frozen' is field-specific metadata, and can only be attached to a model field using `Annotated` metadata or by assignment. This may have happened because an `Annotated` type alias using the `type` statement was used, or if the `Field()` function was attached to a single member of a union type.
  warnings.warn(
I0602 21:52:04.748844 139784810157248 logger_utils.py:59] Removing existing experiment directory /experiment_runs/submissions_a100/muon_torch_jax_hps_achandr/study_1/ogbg_pytorch because --overwrite was set.
I0602 21:52:04.748847 139944057312448 logger_utils.py:59] Removing existing experiment directory /experiment_runs/submissions_a100/muon_torch_jax_hps_achandr/study_1/ogbg_pytorch because --overwrite was set.
I0602 21:52:04.748862 140592759305408 logger_utils.py:59] Removing existing experiment directory /experiment_runs/submissions_a100/muon_torch_jax_hps_achandr/study_1/ogbg_pytorch because --overwrite was set.
I0602 21:52:04.748861 139628767724736 logger_utils.py:59] Removing existing experiment directory /experiment_runs/submissions_a100/muon_torch_jax_hps_achandr/study_1/ogbg_pytorch because --overwrite was set.
/usr/local/lib/python3.11/site-packages/torch/distributed/distributed_c10d.py:4876: UserWarning: barrier(): using the device under current context. You can specify `device_id` in `init_process_group` to mute this warning.
  warnings.warn(  # warn only once
[rank0]:[W602 21:52:04.143223959 ProcessGroupNCCL.cpp:5068] Guessing device ID based on global rank. This can cause a hang if rank to GPU mapping is heterogeneous. You can specify device_id in init_process_group()
I0602 21:52:06.637122 139944057312448 logger_utils.py:84] Creating experiment directory at /experiment_runs/submissions_a100/muon_torch_jax_hps_achandr/study_1/ogbg_pytorch.
I0602 21:52:06.637120 139628767724736 logger_utils.py:84] Creating experiment directory at /experiment_runs/submissions_a100/muon_torch_jax_hps_achandr/study_1/ogbg_pytorch.
I0602 21:52:06.637120 139784810157248 logger_utils.py:84] Creating experiment directory at /experiment_runs/submissions_a100/muon_torch_jax_hps_achandr/study_1/ogbg_pytorch.
I0602 21:52:06.637147 140592759305408 logger_utils.py:84] Creating experiment directory at /experiment_runs/submissions_a100/muon_torch_jax_hps_achandr/study_1/ogbg_pytorch.
I0602 21:52:18.083360 139628767724736 submission_runner.py:741] Creating directory at /experiment_runs/submissions_a100/muon_torch_jax_hps_achandr/study_1/ogbg_pytorch/trial_1.
I0602 21:52:18.451458 139628767724736 submission_runner.py:242] Initializing dataset.
I0602 21:52:18.451656 139628767724736 submission_runner.py:251] Initializing model.
W0602 21:52:19.516943 139628767724736 submission_runner.py:273] These workloads cannot be fully compiled under current PyTorch version. Proceeding without `torch.compile`.
W0602 21:52:19.516944 139784810157248 submission_runner.py:273] These workloads cannot be fully compiled under current PyTorch version. Proceeding without `torch.compile`.
W0602 21:52:19.516954 140592759305408 submission_runner.py:273] These workloads cannot be fully compiled under current PyTorch version. Proceeding without `torch.compile`.
W0602 21:52:19.516966 139944057312448 submission_runner.py:273] These workloads cannot be fully compiled under current PyTorch version. Proceeding without `torch.compile`.
I0602 21:52:19.518952 139628767724736 submission_runner.py:294] Initializing optimizer.
I0602 21:52:19.519264 140592759305408 muon.py:324] Muon params:
	module.node_embedder.weight (ndim=2)
	module.edge_embedder.weight (ndim=2)
	module.graph_network.0.update_edge_fn.dense_0.weight (ndim=2)
	module.graph_network.0.update_node_fn.dense_0.weight (ndim=2)
	module.graph_network.0.update_global_fn.dense_0.weight (ndim=2)
	module.graph_network.1.update_edge_fn.dense_0.weight (ndim=2)
	module.graph_network.1.update_node_fn.dense_0.weight (ndim=2)
	module.graph_network.1.update_global_fn.dense_0.weight (ndim=2)
	module.graph_network.2.update_edge_fn.dense_0.weight (ndim=2)
	module.graph_network.2.update_node_fn.dense_0.weight (ndim=2)
	module.graph_network.2.update_global_fn.dense_0.weight (ndim=2)
	module.graph_network.3.update_edge_fn.dense_0.weight (ndim=2)
	module.graph_network.3.update_node_fn.dense_0.weight (ndim=2)
	module.graph_network.3.update_global_fn.dense_0.weight (ndim=2)
	module.graph_network.4.update_edge_fn.dense_0.weight (ndim=2)
	module.graph_network.4.update_node_fn.dense_0.weight (ndim=2)
	module.graph_network.4.update_global_fn.dense_0.weight (ndim=2)
	module.decoder.weight (ndim=2)
I0602 21:52:19.519279 139944057312448 muon.py:324] Muon params:
	module.node_embedder.weight (ndim=2)
	module.edge_embedder.weight (ndim=2)
	module.graph_network.0.update_edge_fn.dense_0.weight (ndim=2)
	module.graph_network.0.update_node_fn.dense_0.weight (ndim=2)
	module.graph_network.0.update_global_fn.dense_0.weight (ndim=2)
	module.graph_network.1.update_edge_fn.dense_0.weight (ndim=2)
	module.graph_network.1.update_node_fn.dense_0.weight (ndim=2)
	module.graph_network.1.update_global_fn.dense_0.weight (ndim=2)
	module.graph_network.2.update_edge_fn.dense_0.weight (ndim=2)
	module.graph_network.2.update_node_fn.dense_0.weight (ndim=2)
	module.graph_network.2.update_global_fn.dense_0.weight (ndim=2)
	module.graph_network.3.update_edge_fn.dense_0.weight (ndim=2)
	module.graph_network.3.update_node_fn.dense_0.weight (ndim=2)
	module.graph_network.3.update_global_fn.dense_0.weight (ndim=2)
	module.graph_network.4.update_edge_fn.dense_0.weight (ndim=2)
	module.graph_network.4.update_node_fn.dense_0.weight (ndim=2)
	module.graph_network.4.update_global_fn.dense_0.weight (ndim=2)
	module.decoder.weight (ndim=2)
I0602 21:52:19.519402 140592759305408 muon.py:325] Adam params:
	module.node_embedder.bias (ndim=1)
	module.edge_embedder.bias (ndim=1)
	module.graph_network.0.update_edge_fn.dense_0.bias (ndim=1)
	module.graph_network.0.update_edge_fn.norm_0.weight (ndim=1)
	module.graph_network.0.update_edge_fn.norm_0.bias (ndim=1)
	module.graph_network.0.update_node_fn.dense_0.bias (ndim=1)
	module.graph_network.0.update_node_fn.norm_0.weight (ndim=1)
	module.graph_network.0.update_node_fn.norm_0.bias (ndim=1)
	module.graph_network.0.update_global_fn.dense_0.bias (ndim=1)
	module.graph_network.0.update_global_fn.norm_0.weight (ndim=1)
	module.graph_network.0.update_global_fn.norm_0.bias (ndim=1)
	module.graph_network.1.update_edge_fn.dense_0.bias (ndim=1)
	module.graph_network.1.update_edge_fn.norm_0.weight (ndim=1)
	module.graph_network.1.update_edge_fn.norm_0.bias (ndim=1)
	module.graph_network.1.update_node_fn.dense_0.bias (ndim=1)
	module.graph_network.1.update_node_fn.norm_0.weight (ndim=1)
	module.graph_network.1.update_node_fn.norm_0.bias (ndim=1)
	module.graph_network.1.update_global_fn.dense_0.bias (ndim=1)
	module.graph_network.1.update_global_fn.norm_0.weight (ndim=1)
	module.graph_network.1.update_global_fn.norm_0.bias (ndim=1)
	module.graph_network.2.update_edge_fn.dense_0.bias (ndim=1)
	module.graph_network.2.update_edge_fn.norm_0.weight (ndim=1)
	module.graph_network.2.update_edge_fn.norm_0.bias (ndim=1)
	module.graph_network.2.update_node_fn.dense_0.bias (ndim=1)
	module.graph_network.2.update_node_fn.norm_0.weight (ndim=1)
	module.graph_network.2.update_node_fn.norm_0.bias (ndim=1)
	module.graph_network.2.update_global_fn.dense_0.bias (ndim=1)
	module.graph_network.2.update_global_fn.norm_0.weight (ndim=1)
	module.graph_network.2.update_global_fn.norm_0.bias (ndim=1)
	module.graph_network.3.update_edge_fn.dense_0.bias (ndim=1)
	module.graph_network.3.update_edge_fn.norm_0.weight (ndim=1)
	module.graph_network.3.update_edge_fn.norm_0.bias (ndim=1)
	module.graph_network.3.update_node_fn.dense_0.bias (ndim=1)
	module.graph_network.3.update_node_fn.norm_0.weight (ndim=1)
	module.graph_network.3.update_node_fn.norm_0.bias (ndim=1)
	module.graph_network.3.update_global_fn.dense_0.bias (ndim=1)
	module.graph_network.3.update_global_fn.norm_0.weight (ndim=1)
	module.graph_network.3.update_global_fn.norm_0.bias (ndim=1)
	module.graph_network.4.update_edge_fn.dense_0.bias (ndim=1)
	module.graph_network.4.update_edge_fn.norm_0.weight (ndim=1)
	module.graph_network.4.update_edge_fn.norm_0.bias (ndim=1)
	module.graph_network.4.update_node_fn.dense_0.bias (ndim=1)
	module.graph_network.4.update_node_fn.norm_0.weight (ndim=1)
	module.graph_network.4.update_node_fn.norm_0.bias (ndim=1)
	module.graph_network.4.update_global_fn.dense_0.bias (ndim=1)
	module.graph_network.4.update_global_fn.norm_0.weight (ndim=1)
	module.graph_network.4.update_global_fn.norm_0.bias (ndim=1)
	module.decoder.bias (ndim=1)
I0602 21:52:19.519384 139628767724736 muon.py:324] Muon params:
	module.node_embedder.weight (ndim=2)
	module.edge_embedder.weight (ndim=2)
	module.graph_network.0.update_edge_fn.dense_0.weight (ndim=2)
	module.graph_network.0.update_node_fn.dense_0.weight (ndim=2)
	module.graph_network.0.update_global_fn.dense_0.weight (ndim=2)
	module.graph_network.1.update_edge_fn.dense_0.weight (ndim=2)
	module.graph_network.1.update_node_fn.dense_0.weight (ndim=2)
	module.graph_network.1.update_global_fn.dense_0.weight (ndim=2)
	module.graph_network.2.update_edge_fn.dense_0.weight (ndim=2)
	module.graph_network.2.update_node_fn.dense_0.weight (ndim=2)
	module.graph_network.2.update_global_fn.dense_0.weight (ndim=2)
	module.graph_network.3.update_edge_fn.dense_0.weight (ndim=2)
	module.graph_network.3.update_node_fn.dense_0.weight (ndim=2)
	module.graph_network.3.update_global_fn.dense_0.weight (ndim=2)
	module.graph_network.4.update_edge_fn.dense_0.weight (ndim=2)
	module.graph_network.4.update_node_fn.dense_0.weight (ndim=2)
	module.graph_network.4.update_global_fn.dense_0.weight (ndim=2)
	module.decoder.weight (ndim=2)
I0602 21:52:19.519404 139944057312448 muon.py:325] Adam params:
	module.node_embedder.bias (ndim=1)
	module.edge_embedder.bias (ndim=1)
	module.graph_network.0.update_edge_fn.dense_0.bias (ndim=1)
	module.graph_network.0.update_edge_fn.norm_0.weight (ndim=1)
	module.graph_network.0.update_edge_fn.norm_0.bias (ndim=1)
	module.graph_network.0.update_node_fn.dense_0.bias (ndim=1)
	module.graph_network.0.update_node_fn.norm_0.weight (ndim=1)
	module.graph_network.0.update_node_fn.norm_0.bias (ndim=1)
	module.graph_network.0.update_global_fn.dense_0.bias (ndim=1)
	module.graph_network.0.update_global_fn.norm_0.weight (ndim=1)
	module.graph_network.0.update_global_fn.norm_0.bias (ndim=1)
	module.graph_network.1.update_edge_fn.dense_0.bias (ndim=1)
	module.graph_network.1.update_edge_fn.norm_0.weight (ndim=1)
	module.graph_network.1.update_edge_fn.norm_0.bias (ndim=1)
	module.graph_network.1.update_node_fn.dense_0.bias (ndim=1)
	module.graph_network.1.update_node_fn.norm_0.weight (ndim=1)
	module.graph_network.1.update_node_fn.norm_0.bias (ndim=1)
	module.graph_network.1.update_global_fn.dense_0.bias (ndim=1)
	module.graph_network.1.update_global_fn.norm_0.weight (ndim=1)
	module.graph_network.1.update_global_fn.norm_0.bias (ndim=1)
	module.graph_network.2.update_edge_fn.dense_0.bias (ndim=1)
	module.graph_network.2.update_edge_fn.norm_0.weight (ndim=1)
	module.graph_network.2.update_edge_fn.norm_0.bias (ndim=1)
	module.graph_network.2.update_node_fn.dense_0.bias (ndim=1)
	module.graph_network.2.update_node_fn.norm_0.weight (ndim=1)
	module.graph_network.2.update_node_fn.norm_0.bias (ndim=1)
	module.graph_network.2.update_global_fn.dense_0.bias (ndim=1)
	module.graph_network.2.update_global_fn.norm_0.weight (ndim=1)
	module.graph_network.2.update_global_fn.norm_0.bias (ndim=1)
	module.graph_network.3.update_edge_fn.dense_0.bias (ndim=1)
	module.graph_network.3.update_edge_fn.norm_0.weight (ndim=1)
	module.graph_network.3.update_edge_fn.norm_0.bias (ndim=1)
	module.graph_network.3.update_node_fn.dense_0.bias (ndim=1)
	module.graph_network.3.update_node_fn.norm_0.weight (ndim=1)
	module.graph_network.3.update_node_fn.norm_0.bias (ndim=1)
	module.graph_network.3.update_global_fn.dense_0.bias (ndim=1)
	module.graph_network.3.update_global_fn.norm_0.weight (ndim=1)
	module.graph_network.3.update_global_fn.norm_0.bias (ndim=1)
	module.graph_network.4.update_edge_fn.dense_0.bias (ndim=1)
	module.graph_network.4.update_edge_fn.norm_0.weight (ndim=1)
	module.graph_network.4.update_edge_fn.norm_0.bias (ndim=1)
	module.graph_network.4.update_node_fn.dense_0.bias (ndim=1)
	module.graph_network.4.update_node_fn.norm_0.weight (ndim=1)
	module.graph_network.4.update_node_fn.norm_0.bias (ndim=1)
	module.graph_network.4.update_global_fn.dense_0.bias (ndim=1)
	module.graph_network.4.update_global_fn.norm_0.weight (ndim=1)
	module.graph_network.4.update_global_fn.norm_0.bias (ndim=1)
	module.decoder.bias (ndim=1)
I0602 21:52:19.519383 139784810157248 muon.py:324] Muon params:
	module.node_embedder.weight (ndim=2)
	module.edge_embedder.weight (ndim=2)
	module.graph_network.0.update_edge_fn.dense_0.weight (ndim=2)
	module.graph_network.0.update_node_fn.dense_0.weight (ndim=2)
	module.graph_network.0.update_global_fn.dense_0.weight (ndim=2)
	module.graph_network.1.update_edge_fn.dense_0.weight (ndim=2)
	module.graph_network.1.update_node_fn.dense_0.weight (ndim=2)
	module.graph_network.1.update_global_fn.dense_0.weight (ndim=2)
	module.graph_network.2.update_edge_fn.dense_0.weight (ndim=2)
	module.graph_network.2.update_node_fn.dense_0.weight (ndim=2)
	module.graph_network.2.update_global_fn.dense_0.weight (ndim=2)
	module.graph_network.3.update_edge_fn.dense_0.weight (ndim=2)
	module.graph_network.3.update_node_fn.dense_0.weight (ndim=2)
	module.graph_network.3.update_global_fn.dense_0.weight (ndim=2)
	module.graph_network.4.update_edge_fn.dense_0.weight (ndim=2)
	module.graph_network.4.update_node_fn.dense_0.weight (ndim=2)
	module.graph_network.4.update_global_fn.dense_0.weight (ndim=2)
	module.decoder.weight (ndim=2)
I0602 21:52:19.519466 139628767724736 muon.py:325] Adam params:
	module.node_embedder.bias (ndim=1)
	module.edge_embedder.bias (ndim=1)
	module.graph_network.0.update_edge_fn.dense_0.bias (ndim=1)
	module.graph_network.0.update_edge_fn.norm_0.weight (ndim=1)
	module.graph_network.0.update_edge_fn.norm_0.bias (ndim=1)
	module.graph_network.0.update_node_fn.dense_0.bias (ndim=1)
	module.graph_network.0.update_node_fn.norm_0.weight (ndim=1)
	module.graph_network.0.update_node_fn.norm_0.bias (ndim=1)
	module.graph_network.0.update_global_fn.dense_0.bias (ndim=1)
	module.graph_network.0.update_global_fn.norm_0.weight (ndim=1)
	module.graph_network.0.update_global_fn.norm_0.bias (ndim=1)
	module.graph_network.1.update_edge_fn.dense_0.bias (ndim=1)
	module.graph_network.1.update_edge_fn.norm_0.weight (ndim=1)
	module.graph_network.1.update_edge_fn.norm_0.bias (ndim=1)
	module.graph_network.1.update_node_fn.dense_0.bias (ndim=1)
	module.graph_network.1.update_node_fn.norm_0.weight (ndim=1)
	module.graph_network.1.update_node_fn.norm_0.bias (ndim=1)
	module.graph_network.1.update_global_fn.dense_0.bias (ndim=1)
	module.graph_network.1.update_global_fn.norm_0.weight (ndim=1)
	module.graph_network.1.update_global_fn.norm_0.bias (ndim=1)
	module.graph_network.2.update_edge_fn.dense_0.bias (ndim=1)
	module.graph_network.2.update_edge_fn.norm_0.weight (ndim=1)
	module.graph_network.2.update_edge_fn.norm_0.bias (ndim=1)
	module.graph_network.2.update_node_fn.dense_0.bias (ndim=1)
	module.graph_network.2.update_node_fn.norm_0.weight (ndim=1)
	module.graph_network.2.update_node_fn.norm_0.bias (ndim=1)
	module.graph_network.2.update_global_fn.dense_0.bias (ndim=1)
	module.graph_network.2.update_global_fn.norm_0.weight (ndim=1)
	module.graph_network.2.update_global_fn.norm_0.bias (ndim=1)
	module.graph_network.3.update_edge_fn.dense_0.bias (ndim=1)
	module.graph_network.3.update_edge_fn.norm_0.weight (ndim=1)
	module.graph_network.3.update_edge_fn.norm_0.bias (ndim=1)
	module.graph_network.3.update_node_fn.dense_0.bias (ndim=1)
	module.graph_network.3.update_node_fn.norm_0.weight (ndim=1)
	module.graph_network.3.update_node_fn.norm_0.bias (ndim=1)
	module.graph_network.3.update_global_fn.dense_0.bias (ndim=1)
	module.graph_network.3.update_global_fn.norm_0.weight (ndim=1)
	module.graph_network.3.update_global_fn.norm_0.bias (ndim=1)
	module.graph_network.4.update_edge_fn.dense_0.bias (ndim=1)
	module.graph_network.4.update_edge_fn.norm_0.weight (ndim=1)
	module.graph_network.4.update_edge_fn.norm_0.bias (ndim=1)
	module.graph_network.4.update_node_fn.dense_0.bias (ndim=1)
	module.graph_network.4.update_node_fn.norm_0.weight (ndim=1)
	module.graph_network.4.update_node_fn.norm_0.bias (ndim=1)
	module.graph_network.4.update_global_fn.dense_0.bias (ndim=1)
	module.graph_network.4.update_global_fn.norm_0.weight (ndim=1)
	module.graph_network.4.update_global_fn.norm_0.bias (ndim=1)
	module.decoder.bias (ndim=1)
I0602 21:52:19.519512 139784810157248 muon.py:325] Adam params:
	module.node_embedder.bias (ndim=1)
	module.edge_embedder.bias (ndim=1)
	module.graph_network.0.update_edge_fn.dense_0.bias (ndim=1)
	module.graph_network.0.update_edge_fn.norm_0.weight (ndim=1)
	module.graph_network.0.update_edge_fn.norm_0.bias (ndim=1)
	module.graph_network.0.update_node_fn.dense_0.bias (ndim=1)
	module.graph_network.0.update_node_fn.norm_0.weight (ndim=1)
	module.graph_network.0.update_node_fn.norm_0.bias (ndim=1)
	module.graph_network.0.update_global_fn.dense_0.bias (ndim=1)
	module.graph_network.0.update_global_fn.norm_0.weight (ndim=1)
	module.graph_network.0.update_global_fn.norm_0.bias (ndim=1)
	module.graph_network.1.update_edge_fn.dense_0.bias (ndim=1)
	module.graph_network.1.update_edge_fn.norm_0.weight (ndim=1)
	module.graph_network.1.update_edge_fn.norm_0.bias (ndim=1)
	module.graph_network.1.update_node_fn.dense_0.bias (ndim=1)
	module.graph_network.1.update_node_fn.norm_0.weight (ndim=1)
	module.graph_network.1.update_node_fn.norm_0.bias (ndim=1)
	module.graph_network.1.update_global_fn.dense_0.bias (ndim=1)
	module.graph_network.1.update_global_fn.norm_0.weight (ndim=1)
	module.graph_network.1.update_global_fn.norm_0.bias (ndim=1)
	module.graph_network.2.update_edge_fn.dense_0.bias (ndim=1)
	module.graph_network.2.update_edge_fn.norm_0.weight (ndim=1)
	module.graph_network.2.update_edge_fn.norm_0.bias (ndim=1)
	module.graph_network.2.update_node_fn.dense_0.bias (ndim=1)
	module.graph_network.2.update_node_fn.norm_0.weight (ndim=1)
	module.graph_network.2.update_node_fn.norm_0.bias (ndim=1)
	module.graph_network.2.update_global_fn.dense_0.bias (ndim=1)
	module.graph_network.2.update_global_fn.norm_0.weight (ndim=1)
	module.graph_network.2.update_global_fn.norm_0.bias (ndim=1)
	module.graph_network.3.update_edge_fn.dense_0.bias (ndim=1)
	module.graph_network.3.update_edge_fn.norm_0.weight (ndim=1)
	module.graph_network.3.update_edge_fn.norm_0.bias (ndim=1)
	module.graph_network.3.update_node_fn.dense_0.bias (ndim=1)
	module.graph_network.3.update_node_fn.norm_0.weight (ndim=1)
	module.graph_network.3.update_node_fn.norm_0.bias (ndim=1)
	module.graph_network.3.update_global_fn.dense_0.bias (ndim=1)
	module.graph_network.3.update_global_fn.norm_0.weight (ndim=1)
	module.graph_network.3.update_global_fn.norm_0.bias (ndim=1)
	module.graph_network.4.update_edge_fn.dense_0.bias (ndim=1)
	module.graph_network.4.update_edge_fn.norm_0.weight (ndim=1)
	module.graph_network.4.update_edge_fn.norm_0.bias (ndim=1)
	module.graph_network.4.update_node_fn.dense_0.bias (ndim=1)
	module.graph_network.4.update_node_fn.norm_0.weight (ndim=1)
	module.graph_network.4.update_node_fn.norm_0.bias (ndim=1)
	module.graph_network.4.update_global_fn.dense_0.bias (ndim=1)
	module.graph_network.4.update_global_fn.norm_0.weight (ndim=1)
	module.graph_network.4.update_global_fn.norm_0.bias (ndim=1)
	module.decoder.bias (ndim=1)
I0602 21:52:19.559389 139628767724736 submission_runner.py:299] Initializing metrics bundle.
I0602 21:52:19.559572 139628767724736 submission_runner.py:321] Initializing checkpoint and logger.
I0602 21:52:19.561284 139628767724736 submission_runner.py:344] Saving meta data to /experiment_runs/submissions_a100/muon_torch_jax_hps_achandr/study_1/ogbg_pytorch/trial_1/meta_data_0.json.
I0602 21:52:19.561353 139944057312448 logger_utils.py:283] Unable to record workload.train_mean information. Continuing without it.
I0602 21:52:19.561365 139784810157248 logger_utils.py:283] Unable to record workload.train_mean information. Continuing without it.
I0602 21:52:19.561381 140592759305408 logger_utils.py:283] Unable to record workload.train_mean information. Continuing without it.
I0602 21:52:19.561465 139944057312448 logger_utils.py:283] Unable to record workload.train_stddev information. Continuing without it.
I0602 21:52:19.561467 139784810157248 logger_utils.py:283] Unable to record workload.train_stddev information. Continuing without it.
I0602 21:52:19.561471 139628767724736 logger_utils.py:283] Unable to record workload.train_mean information. Continuing without it.
I0602 21:52:19.561488 140592759305408 logger_utils.py:283] Unable to record workload.train_stddev information. Continuing without it.
I0602 21:52:19.561532 139628767724736 logger_utils.py:283] Unable to record workload.train_stddev information. Continuing without it.
I0602 21:52:20.071486 139628767724736 submission_runner.py:348] Saving flags to /experiment_runs/submissions_a100/muon_torch_jax_hps_achandr/study_1/ogbg_pytorch/trial_1/flags_0.json.
I0602 21:52:20.204993 139628767724736 submission_runner.py:359] Starting training loop.
I0602 21:52:23.796361 139628767724736 dataset_info.py:707] Load dataset info from /data/ogbg/ogbg_molpcba/0.1.3
I0602 21:52:23.867744 139628767724736 reader.py:262] Creating a tf.data.Dataset reading 8 files located in folders: /data/ogbg/ogbg_molpcba/0.1.3.
WARNING:tensorflow:From /usr/local/lib/python3.11/site-packages/tensorflow_datasets/core/reader.py:102: CounterV2 (from tensorflow.python.data.experimental.ops.counter) is deprecated and will be removed in a future version.
Instructions for updating:
Use `tf.data.Dataset.counter(...)` instead.
W0602 21:52:24.150907 139628767724736 deprecation.py:50] From /usr/local/lib/python3.11/site-packages/tensorflow_datasets/core/reader.py:102: CounterV2 (from tensorflow.python.data.experimental.ops.counter) is deprecated and will be removed in a future version.
Instructions for updating:
Use `tf.data.Dataset.counter(...)` instead.
I0602 21:52:24.241123 139628767724736 logging_logger.py:49] Constructing tf.data.Dataset ogbg_molpcba for split train, from /data/ogbg/ogbg_molpcba/0.1.3
I0602 21:52:45.933425 139628767724736 submission.py:197] 
=== DIAGNOSTICS [Step 0] ===
  • Muon LR:      0.003883970586  |  Grad Norm: 2.648422 (from 18 gradients)
  • NAdamW LR:    0.000135749518  |  Grad Norm: 0.156816 (from 48 gradients)
  • Muon Params:  18 total tensors
  • NAdamW Params:48 total tensors
========================================

I0602 21:53:10.829186 139628767724736 spec.py:333] Evaluating on the training split.
I0602 21:53:10.832484 139628767724736 dataset_info.py:707] Load dataset info from /data/ogbg/ogbg_molpcba/0.1.3
I0602 21:53:10.835886 139628767724736 reader.py:262] Creating a tf.data.Dataset reading 8 files located in folders: /data/ogbg/ogbg_molpcba/0.1.3.
I0602 21:53:10.897449 139628767724736 logging_logger.py:49] Constructing tf.data.Dataset ogbg_molpcba for split train, from /data/ogbg/ogbg_molpcba/0.1.3
I0602 21:53:41.817351 139628767724736 spec.py:346] Evaluating on the validation split.
I0602 21:53:41.819786 139628767724736 dataset_info.py:707] Load dataset info from /data/ogbg/ogbg_molpcba/0.1.3
I0602 21:53:41.823097 139628767724736 reader.py:262] Creating a tf.data.Dataset reading 1 files located in folders: /data/ogbg/ogbg_molpcba/0.1.3.
I0602 21:53:41.888571 139628767724736 logging_logger.py:49] Constructing tf.data.Dataset ogbg_molpcba for split validation, from /data/ogbg/ogbg_molpcba/0.1.3
I0602 21:54:00.974693 139628767724736 spec.py:363] Evaluating on the test split.
I0602 21:54:00.976951 139628767724736 dataset_info.py:707] Load dataset info from /data/ogbg/ogbg_molpcba/0.1.3
I0602 21:54:00.980135 139628767724736 reader.py:262] Creating a tf.data.Dataset reading 1 files located in folders: /data/ogbg/ogbg_molpcba/0.1.3.
I0602 21:54:01.039925 139628767724736 logging_logger.py:49] Constructing tf.data.Dataset ogbg_molpcba for split test, from /data/ogbg/ogbg_molpcba/0.1.3
I0602 21:54:20.096807 139628767724736 submission_runner.py:516] Time since start: 119.89s, 	Step: 1, 	{'train/accuracy': 0.5299300993630031, 'train/loss': 0.7201515542689959, 'train/mean_average_precision': 0.023771185789428096, 'validation/accuracy': 0.5357187218897249, 'validation/loss': 0.7173707698602645, 'validation/mean_average_precision': 0.02676126766848407, 'validation/num_examples': 43793, 'test/accuracy': 0.5366080460631768, 'test/loss': 0.7168452918915231, 'test/mean_average_precision': 0.028266695449141108, 'test/num_examples': 43793, 'score': 50.16060495376587, 'total_duration': 119.89232039451599, 'accumulated_submission_time': 50.16060495376587, 'accumulated_eval_time': 69.2676031589508, 'accumulated_logging_time': 0}
I0602 21:54:20.217180 139595026708224 logging_writer.py:48] [1] accumulated_eval_time=69.2676, accumulated_logging_time=0, accumulated_submission_time=50.1606, global_step=1, preemption_count=0, score=50.1606, test/accuracy=0.536608, test/loss=0.716845, test/mean_average_precision=0.0282667, test/num_examples=43793, total_duration=119.892, train/accuracy=0.52993, train/loss=0.720152, train/mean_average_precision=0.0237712, validation/accuracy=0.535719, validation/loss=0.717371, validation/mean_average_precision=0.0267613, validation/num_examples=43793
I0602 21:54:21.193907 139628767724736 submission.py:197] 
=== DIAGNOSTICS [Step 1] ===
  • Muon LR:      0.003883970582  |  Grad Norm: 2.431075 (from 18 gradients)
  • NAdamW LR:    0.000135749518  |  Grad Norm: 0.144718 (from 48 gradients)
  • Muon Params:  18 total tensors
  • NAdamW Params:48 total tensors
========================================

I0602 21:54:21.427588 139628767724736 submission.py:197] 
=== DIAGNOSTICS [Step 2] ===
  • Muon LR:      0.003883970572  |  Grad Norm: 2.426174 (from 18 gradients)
  • NAdamW LR:    0.000135749517  |  Grad Norm: 0.144094 (from 48 gradients)
  • Muon Params:  18 total tensors
  • NAdamW Params:48 total tensors
========================================

I0602 21:54:21.664556 139628767724736 submission.py:197] 
=== DIAGNOSTICS [Step 3] ===
  • Muon LR:      0.003883970554  |  Grad Norm: 2.067491 (from 18 gradients)
  • NAdamW LR:    0.000135749517  |  Grad Norm: 0.123529 (from 48 gradients)
  • Muon Params:  18 total tensors
  • NAdamW Params:48 total tensors
========================================

I0602 21:54:21.906007 139628767724736 submission.py:197] 
=== DIAGNOSTICS [Step 4] ===
  • Muon LR:      0.003883970529  |  Grad Norm: 1.861897 (from 18 gradients)
  • NAdamW LR:    0.000135749516  |  Grad Norm: 0.112285 (from 48 gradients)
  • Muon Params:  18 total tensors
  • NAdamW Params:48 total tensors
========================================

I0602 21:54:22.146440 139628767724736 submission.py:197] 
=== DIAGNOSTICS [Step 5] ===
  • Muon LR:      0.003883970497  |  Grad Norm: 1.598718 (from 18 gradients)
  • NAdamW LR:    0.000135749515  |  Grad Norm: 0.097998 (from 48 gradients)
  • Muon Params:  18 total tensors
  • NAdamW Params:48 total tensors
========================================

I0602 22:01:52.591078 139628767724736 spec.py:333] Evaluating on the training split.
I0602 22:02:19.083185 139628767724736 spec.py:346] Evaluating on the validation split.
I0602 22:02:21.049841 139628767724736 spec.py:363] Evaluating on the test split.
I0602 22:02:23.027402 139628767724736 submission_runner.py:516] Time since start: 602.82s, 	Step: 1935, 	{'train/accuracy': 0.989201092191117, 'train/loss': 0.03669980532996193, 'train/mean_average_precision': 0.26196790612342036, 'validation/accuracy': 0.9860905893699726, 'validation/loss': 0.04676665620057869, 'validation/mean_average_precision': 0.2284269002378088, 'validation/num_examples': 43793, 'test/accuracy': 0.9852192776686076, 'test/loss': 0.04957522835018897, 'test/mean_average_precision': 0.22049069957049383, 'test/num_examples': 43793, 'score': 500.8400504589081, 'total_duration': 602.822906255722, 'accumulated_submission_time': 500.8400504589081, 'accumulated_eval_time': 99.70385980606079, 'accumulated_logging_time': 0.3777048587799072}
I0602 22:02:23.054455 139595035100928 logging_writer.py:48] [1935] accumulated_eval_time=99.7039, accumulated_logging_time=0.377705, accumulated_submission_time=500.84, global_step=1935, preemption_count=0, score=500.84, test/accuracy=0.985219, test/loss=0.0495752, test/mean_average_precision=0.220491, test/num_examples=43793, total_duration=602.823, train/accuracy=0.989201, train/loss=0.0366998, train/mean_average_precision=0.261968, validation/accuracy=0.986091, validation/loss=0.0467667, validation/mean_average_precision=0.228427, validation/num_examples=43793
I0602 22:09:55.559751 139628767724736 spec.py:333] Evaluating on the training split.
I0602 22:10:22.097940 139628767724736 spec.py:346] Evaluating on the validation split.
I0602 22:10:24.093874 139628767724736 spec.py:363] Evaluating on the test split.
I0602 22:10:26.128075 139628767724736 submission_runner.py:516] Time since start: 1085.92s, 	Step: 3877, 	{'train/accuracy': 0.9908336310833277, 'train/loss': 0.03034553210138658, 'train/mean_average_precision': 0.40562558125324333, 'validation/accuracy': 0.9866207268322622, 'validation/loss': 0.04478219255680508, 'validation/mean_average_precision': 0.26445927627841703, 'validation/num_examples': 43793, 'test/accuracy': 0.9858023531908908, 'test/loss': 0.047559130627868526, 'test/mean_average_precision': 0.24997113004515678, 'test/num_examples': 43793, 'score': 951.9342186450958, 'total_duration': 1085.9235887527466, 'accumulated_submission_time': 951.9342186450958, 'accumulated_eval_time': 130.27207708358765, 'accumulated_logging_time': 0.4152824878692627}
I0602 22:10:26.154594 139595026708224 logging_writer.py:48] [3877] accumulated_eval_time=130.272, accumulated_logging_time=0.415282, accumulated_submission_time=951.934, global_step=3877, preemption_count=0, score=951.934, test/accuracy=0.985802, test/loss=0.0475591, test/mean_average_precision=0.249971, test/num_examples=43793, total_duration=1085.92, train/accuracy=0.990834, train/loss=0.0303455, train/mean_average_precision=0.405626, validation/accuracy=0.986621, validation/loss=0.0447822, validation/mean_average_precision=0.264459, validation/num_examples=43793
I0602 22:17:58.805495 139628767724736 spec.py:333] Evaluating on the training split.
I0602 22:18:25.195334 139628767724736 spec.py:346] Evaluating on the validation split.
I0602 22:18:27.183746 139628767724736 spec.py:363] Evaluating on the test split.
I0602 22:18:29.226190 139628767724736 submission_runner.py:516] Time since start: 1569.02s, 	Step: 5814, 	{'train/accuracy': 0.9910926972897263, 'train/loss': 0.02928920884356256, 'train/mean_average_precision': 0.42187378291863004, 'validation/accuracy': 0.9869227346974563, 'validation/loss': 0.04459922523718172, 'validation/mean_average_precision': 0.2731751092538235, 'validation/num_examples': 43793, 'test/accuracy': 0.9859480694283123, 'test/loss': 0.04757596985526924, 'test/mean_average_precision': 0.26959014625534555, 'test/num_examples': 43793, 'score': 1403.173689365387, 'total_duration': 1569.0217020511627, 'accumulated_submission_time': 1403.173689365387, 'accumulated_eval_time': 160.6927206516266, 'accumulated_logging_time': 0.4529306888580322}
I0602 22:18:29.253902 139595035100928 logging_writer.py:48] [5814] accumulated_eval_time=160.693, accumulated_logging_time=0.452931, accumulated_submission_time=1403.17, global_step=5814, preemption_count=0, score=1403.17, test/accuracy=0.985948, test/loss=0.047576, test/mean_average_precision=0.26959, test/num_examples=43793, total_duration=1569.02, train/accuracy=0.991093, train/loss=0.0292892, train/mean_average_precision=0.421874, validation/accuracy=0.986923, validation/loss=0.0445992, validation/mean_average_precision=0.273175, validation/num_examples=43793
I0602 22:26:01.836417 139628767724736 spec.py:333] Evaluating on the training split.
I0602 22:26:28.331469 139628767724736 spec.py:346] Evaluating on the validation split.
I0602 22:26:30.293822 139628767724736 spec.py:363] Evaluating on the test split.
I0602 22:26:32.286007 139628767724736 submission_runner.py:516] Time since start: 2052.08s, 	Step: 7756, 	{'train/accuracy': 0.991818993787931, 'train/loss': 0.026573859915133436, 'train/mean_average_precision': 0.4713143418989079, 'validation/accuracy': 0.9868715882041573, 'validation/loss': 0.04511122294614355, 'validation/mean_average_precision': 0.2728714911429375, 'validation/num_examples': 43793, 'test/accuracy': 0.9860929433753439, 'test/loss': 0.047680321738083065, 'test/mean_average_precision': 0.27295787037889796, 'test/num_examples': 43793, 'score': 1854.3425080776215, 'total_duration': 2052.081538915634, 'accumulated_submission_time': 1854.3425080776215, 'accumulated_eval_time': 191.14226722717285, 'accumulated_logging_time': 0.491055965423584}
I0602 22:26:32.311620 139595026708224 logging_writer.py:48] [7756] accumulated_eval_time=191.142, accumulated_logging_time=0.491056, accumulated_submission_time=1854.34, global_step=7756, preemption_count=0, score=1854.34, test/accuracy=0.986093, test/loss=0.0476803, test/mean_average_precision=0.272958, test/num_examples=43793, total_duration=2052.08, train/accuracy=0.991819, train/loss=0.0265739, train/mean_average_precision=0.471314, validation/accuracy=0.986872, validation/loss=0.0451112, validation/mean_average_precision=0.272871, validation/num_examples=43793
I0602 22:34:04.975579 139628767724736 spec.py:333] Evaluating on the training split.
I0602 22:34:31.744581 139628767724736 spec.py:346] Evaluating on the validation split.
I0602 22:34:33.763714 139628767724736 spec.py:363] Evaluating on the test split.
I0602 22:34:35.796808 139628767724736 submission_runner.py:516] Time since start: 2535.59s, 	Step: 9688, 	{'train/accuracy': 0.9927471973105216, 'train/loss': 0.02338726041167858, 'train/mean_average_precision': 0.5742213825483633, 'validation/accuracy': 0.9869089332627566, 'validation/loss': 0.04550229319463433, 'validation/mean_average_precision': 0.2783637947593863, 'validation/num_examples': 43793, 'test/accuracy': 0.9860643055020936, 'test/loss': 0.04840680377960967, 'test/mean_average_precision': 0.27448210153299196, 'test/num_examples': 43793, 'score': 2305.5951058864594, 'total_duration': 2535.592293739319, 'accumulated_submission_time': 2305.5951058864594, 'accumulated_eval_time': 221.96343636512756, 'accumulated_logging_time': 0.5270400047302246}
I0602 22:34:35.821062 139595035100928 logging_writer.py:48] [9688] accumulated_eval_time=221.963, accumulated_logging_time=0.52704, accumulated_submission_time=2305.6, global_step=9688, preemption_count=0, score=2305.6, test/accuracy=0.986064, test/loss=0.0484068, test/mean_average_precision=0.274482, test/num_examples=43793, total_duration=2535.59, train/accuracy=0.992747, train/loss=0.0233873, train/mean_average_precision=0.574221, validation/accuracy=0.986909, validation/loss=0.0455023, validation/mean_average_precision=0.278364, validation/num_examples=43793
I0602 22:42:08.275638 139628767724736 spec.py:333] Evaluating on the training split.
I0602 22:42:34.923862 139628767724736 spec.py:346] Evaluating on the validation split.
I0602 22:42:36.944871 139628767724736 spec.py:363] Evaluating on the test split.
I0602 22:42:38.935620 139628767724736 submission_runner.py:516] Time since start: 3018.73s, 	Step: 11619, 	{'train/accuracy': 0.9922745616725803, 'train/loss': 0.024606078617001044, 'train/mean_average_precision': 0.5203570297691786, 'validation/accuracy': 0.9867934477282838, 'validation/loss': 0.046732317520677795, 'validation/mean_average_precision': 0.2749465611564111, 'validation/num_examples': 43793, 'test/accuracy': 0.9859232218618155, 'test/loss': 0.04983560136691096, 'test/mean_average_precision': 0.2676487641269786, 'test/num_examples': 43793, 'score': 2756.636593580246, 'total_duration': 3018.7311363220215, 'accumulated_submission_time': 2756.636593580246, 'accumulated_eval_time': 252.62340235710144, 'accumulated_logging_time': 0.5617799758911133}
I0602 22:42:38.963032 139595026708224 logging_writer.py:48] [11619] accumulated_eval_time=252.623, accumulated_logging_time=0.56178, accumulated_submission_time=2756.64, global_step=11619, preemption_count=0, score=2756.64, test/accuracy=0.985923, test/loss=0.0498356, test/mean_average_precision=0.267649, test/num_examples=43793, total_duration=3018.73, train/accuracy=0.992275, train/loss=0.0246061, train/mean_average_precision=0.520357, validation/accuracy=0.986793, validation/loss=0.0467323, validation/mean_average_precision=0.274947, validation/num_examples=43793
I0602 22:50:11.458132 139628767724736 spec.py:333] Evaluating on the training split.
I0602 22:50:38.147468 139628767724736 spec.py:346] Evaluating on the validation split.
I0602 22:50:40.166802 139628767724736 spec.py:363] Evaluating on the test split.
I0602 22:50:42.176507 139628767724736 submission_runner.py:516] Time since start: 3501.97s, 	Step: 13549, 	{'train/accuracy': 0.9933359513898872, 'train/loss': 0.021163542189220987, 'train/mean_average_precision': 0.6097532107220247, 'validation/accuracy': 0.9865417745072887, 'validation/loss': 0.04743803637855225, 'validation/mean_average_precision': 0.2766361843872521, 'validation/num_examples': 43793, 'test/accuracy': 0.98566969245451, 'test/loss': 0.05046203181288687, 'test/mean_average_precision': 0.26342308872890674, 'test/num_examples': 43793, 'score': 3207.705127954483, 'total_duration': 3501.971958875656, 'accumulated_submission_time': 3207.705127954483, 'accumulated_eval_time': 283.3416669368744, 'accumulated_logging_time': 0.5996642112731934}
I0602 22:50:42.202174 139595035100928 logging_writer.py:48] [13549] accumulated_eval_time=283.342, accumulated_logging_time=0.599664, accumulated_submission_time=3207.71, global_step=13549, preemption_count=0, score=3207.71, test/accuracy=0.98567, test/loss=0.050462, test/mean_average_precision=0.263423, test/num_examples=43793, total_duration=3501.97, train/accuracy=0.993336, train/loss=0.0211635, train/mean_average_precision=0.609753, validation/accuracy=0.986542, validation/loss=0.047438, validation/mean_average_precision=0.276636, validation/num_examples=43793
I0602 22:58:14.850988 139628767724736 spec.py:333] Evaluating on the training split.
I0602 22:58:41.463129 139628767724736 spec.py:346] Evaluating on the validation split.
I0602 22:58:43.449786 139628767724736 spec.py:363] Evaluating on the test split.
I0602 22:58:45.500395 139628767724736 submission_runner.py:516] Time since start: 3985.30s, 	Step: 15484, 	{'train/accuracy': 0.9934485758998188, 'train/loss': 0.020640258611877998, 'train/mean_average_precision': 0.6228327567783335, 'validation/accuracy': 0.9866130142658124, 'validation/loss': 0.04901601732607757, 'validation/mean_average_precision': 0.2678672768481239, 'validation/num_examples': 43793, 'test/accuracy': 0.98566969245451, 'test/loss': 0.052366703729198584, 'test/mean_average_precision': 0.25892322693482817, 'test/num_examples': 43793, 'score': 3658.9399406909943, 'total_duration': 3985.295871734619, 'accumulated_submission_time': 3658.9399406909943, 'accumulated_eval_time': 313.9909996986389, 'accumulated_logging_time': 0.6367344856262207}
I0602 22:58:45.525964 139595026708224 logging_writer.py:48] [15484] accumulated_eval_time=313.991, accumulated_logging_time=0.636734, accumulated_submission_time=3658.94, global_step=15484, preemption_count=0, score=3658.94, test/accuracy=0.98567, test/loss=0.0523667, test/mean_average_precision=0.258923, test/num_examples=43793, total_duration=3985.3, train/accuracy=0.993449, train/loss=0.0206403, train/mean_average_precision=0.622833, validation/accuracy=0.986613, validation/loss=0.049016, validation/mean_average_precision=0.267867, validation/num_examples=43793
I0602 23:06:18.163778 139628767724736 spec.py:333] Evaluating on the training split.
I0602 23:06:44.650768 139628767724736 spec.py:346] Evaluating on the validation split.
I0602 23:06:46.663970 139628767724736 spec.py:363] Evaluating on the test split.
I0602 23:06:48.717199 139628767724736 submission_runner.py:516] Time since start: 4468.51s, 	Step: 17417, 	{'train/accuracy': 0.9933549478643194, 'train/loss': 0.02049994773057259, 'train/mean_average_precision': 0.627936967583788, 'validation/accuracy': 0.9863223722880181, 'validation/loss': 0.05025222565893732, 'validation/mean_average_precision': 0.26890221402500086, 'validation/num_examples': 43793, 'test/accuracy': 0.9854675427609774, 'test/loss': 0.05366670656140002, 'test/mean_average_precision': 0.2518426802441171, 'test/num_examples': 43793, 'score': 4110.1715695858, 'total_duration': 4468.512652397156, 'accumulated_submission_time': 4110.1715695858, 'accumulated_eval_time': 344.5443389415741, 'accumulated_logging_time': 0.6725671291351318}
I0602 23:06:48.741939 139595035100928 logging_writer.py:48] [17417] accumulated_eval_time=344.544, accumulated_logging_time=0.672567, accumulated_submission_time=4110.17, global_step=17417, preemption_count=0, score=4110.17, test/accuracy=0.985468, test/loss=0.0536667, test/mean_average_precision=0.251843, test/num_examples=43793, total_duration=4468.51, train/accuracy=0.993355, train/loss=0.0204999, train/mean_average_precision=0.627937, validation/accuracy=0.986322, validation/loss=0.0502522, validation/mean_average_precision=0.268902, validation/num_examples=43793
I0602 23:14:21.360112 139628767724736 spec.py:333] Evaluating on the training split.
I0602 23:14:47.831124 139628767724736 spec.py:346] Evaluating on the validation split.
I0602 23:14:49.746268 139628767724736 spec.py:363] Evaluating on the test split.
I0602 23:14:51.797401 139628767724736 submission_runner.py:516] Time since start: 4951.59s, 	Step: 19349, 	{'train/accuracy': 0.9948310336416891, 'train/loss': 0.016050386336286176, 'train/mean_average_precision': 0.740702046392403, 'validation/accuracy': 0.9862393607175447, 'validation/loss': 0.05182727316733184, 'validation/mean_average_precision': 0.27133597300028994, 'validation/num_examples': 43793, 'test/accuracy': 0.9854584881392878, 'test/loss': 0.05499688049857695, 'test/mean_average_precision': 0.25656241957800663, 'test/num_examples': 43793, 'score': 4561.370227098465, 'total_duration': 4951.59291100502, 'accumulated_submission_time': 4561.370227098465, 'accumulated_eval_time': 374.98157596588135, 'accumulated_logging_time': 0.7077963352203369}
I0602 23:14:51.823982 139595026708224 logging_writer.py:48] [19349] accumulated_eval_time=374.982, accumulated_logging_time=0.707796, accumulated_submission_time=4561.37, global_step=19349, preemption_count=0, score=4561.37, test/accuracy=0.985458, test/loss=0.0549969, test/mean_average_precision=0.256562, test/num_examples=43793, total_duration=4951.59, train/accuracy=0.994831, train/loss=0.0160504, train/mean_average_precision=0.740702, validation/accuracy=0.986239, validation/loss=0.0518273, validation/mean_average_precision=0.271336, validation/num_examples=43793
I0602 23:22:24.339457 139628767724736 spec.py:333] Evaluating on the training split.
I0602 23:22:50.097979 139628767724736 spec.py:346] Evaluating on the validation split.
I0602 23:22:52.104587 139628767724736 spec.py:363] Evaluating on the test split.
I0602 23:22:54.151431 139628767724736 submission_runner.py:516] Time since start: 5433.95s, 	Step: 21299, 	{'train/accuracy': 0.993847069104373, 'train/loss': 0.018572640610367595, 'train/mean_average_precision': 0.6565277649260772, 'validation/accuracy': 0.986170759468596, 'validation/loss': 0.05387935496153459, 'validation/mean_average_precision': 0.26951430961957107, 'validation/num_examples': 43793, 'test/accuracy': 0.9852468626788708, 'test/loss': 0.05759539570381364, 'test/mean_average_precision': 0.2506153543118505, 'test/num_examples': 43793, 'score': 5012.46208691597, 'total_duration': 5433.9469537734985, 'accumulated_submission_time': 5012.46208691597, 'accumulated_eval_time': 404.793527841568, 'accumulated_logging_time': 0.7450747489929199}
I0602 23:22:54.176724 139595035100928 logging_writer.py:48] [21299] accumulated_eval_time=404.794, accumulated_logging_time=0.745075, accumulated_submission_time=5012.46, global_step=21299, preemption_count=0, score=5012.46, test/accuracy=0.985247, test/loss=0.0575954, test/mean_average_precision=0.250615, test/num_examples=43793, total_duration=5433.95, train/accuracy=0.993847, train/loss=0.0185726, train/mean_average_precision=0.656528, validation/accuracy=0.986171, validation/loss=0.0538794, validation/mean_average_precision=0.269514, validation/num_examples=43793
I0602 23:30:26.732801 139628767724736 spec.py:333] Evaluating on the training split.
I0602 23:30:52.447531 139628767724736 spec.py:346] Evaluating on the validation split.
I0602 23:30:54.445159 139628767724736 spec.py:363] Evaluating on the test split.
I0602 23:30:56.482692 139628767724736 submission_runner.py:516] Time since start: 5916.28s, 	Step: 23292, 	{'train/accuracy': 0.9944477273241231, 'train/loss': 0.016362354372058314, 'train/mean_average_precision': 0.7136130444103999, 'validation/accuracy': 0.9862937546072437, 'validation/loss': 0.056127327063963964, 'validation/mean_average_precision': 0.2633048847876933, 'validation/num_examples': 43793, 'test/accuracy': 0.9854281656852579, 'test/loss': 0.0600127362203398, 'test/mean_average_precision': 0.2470231848783781, 'test/num_examples': 43793, 'score': 5463.638343095779, 'total_duration': 5916.278228998184, 'accumulated_submission_time': 5463.638343095779, 'accumulated_eval_time': 434.5433986186981, 'accumulated_logging_time': 0.7804129123687744}
I0602 23:30:56.509296 139595026708224 logging_writer.py:48] [23292] accumulated_eval_time=434.543, accumulated_logging_time=0.780413, accumulated_submission_time=5463.64, global_step=23292, preemption_count=0, score=5463.64, test/accuracy=0.985428, test/loss=0.0600127, test/mean_average_precision=0.247023, test/num_examples=43793, total_duration=5916.28, train/accuracy=0.994448, train/loss=0.0163624, train/mean_average_precision=0.713613, validation/accuracy=0.986294, validation/loss=0.0561273, validation/mean_average_precision=0.263305, validation/num_examples=43793
I0602 23:38:29.050606 139628767724736 spec.py:333] Evaluating on the training split.
I0602 23:38:54.827745 139628767724736 spec.py:346] Evaluating on the validation split.
I0602 23:38:56.795048 139628767724736 spec.py:363] Evaluating on the test split.
I0602 23:38:58.766047 139628767724736 submission_runner.py:516] Time since start: 6398.56s, 	Step: 25293, 	{'train/accuracy': 0.9962117113093423, 'train/loss': 0.011297819299180365, 'train/mean_average_precision': 0.8291269849297869, 'validation/accuracy': 0.9860536502359234, 'validation/loss': 0.05902316743332283, 'validation/mean_average_precision': 0.2529460073904084, 'validation/num_examples': 43793, 'test/accuracy': 0.9850889332307985, 'test/loss': 0.06326640528992056, 'test/mean_average_precision': 0.23991294180477035, 'test/num_examples': 43793, 'score': 5914.825478792191, 'total_duration': 6398.561620235443, 'accumulated_submission_time': 5914.825478792191, 'accumulated_eval_time': 464.25878643989563, 'accumulated_logging_time': 0.817080020904541}
I0602 23:38:58.793128 139595035100928 logging_writer.py:48] [25293] accumulated_eval_time=464.259, accumulated_logging_time=0.81708, accumulated_submission_time=5914.83, global_step=25293, preemption_count=0, score=5914.83, test/accuracy=0.985089, test/loss=0.0632664, test/mean_average_precision=0.239913, test/num_examples=43793, total_duration=6398.56, train/accuracy=0.996212, train/loss=0.0112978, train/mean_average_precision=0.829127, validation/accuracy=0.986054, validation/loss=0.0590232, validation/mean_average_precision=0.252946, validation/num_examples=43793
I0602 23:46:31.389082 139628767724736 spec.py:333] Evaluating on the training split.
I0602 23:46:57.165917 139628767724736 spec.py:346] Evaluating on the validation split.
I0602 23:46:59.144281 139628767724736 spec.py:363] Evaluating on the test split.
I0602 23:47:01.109306 139628767724736 submission_runner.py:516] Time since start: 6880.90s, 	Step: 27298, 	{'train/accuracy': 0.9963034210580193, 'train/loss': 0.010910580894948889, 'train/mean_average_precision': 0.8377027294438489, 'validation/accuracy': 0.9858480494513524, 'validation/loss': 0.062206782938341684, 'validation/mean_average_precision': 0.25192930243395273, 'validation/num_examples': 43793, 'test/accuracy': 0.9849484813083128, 'test/loss': 0.06671623589479456, 'test/mean_average_precision': 0.2365385467898616, 'test/num_examples': 43793, 'score': 6366.0701677799225, 'total_duration': 6880.904844760895, 'accumulated_submission_time': 6366.0701677799225, 'accumulated_eval_time': 493.97895979881287, 'accumulated_logging_time': 0.8540308475494385}
I0602 23:47:01.141753 139595026708224 logging_writer.py:48] [27298] accumulated_eval_time=493.979, accumulated_logging_time=0.854031, accumulated_submission_time=6366.07, global_step=27298, preemption_count=0, score=6366.07, test/accuracy=0.984948, test/loss=0.0667162, test/mean_average_precision=0.236539, test/num_examples=43793, total_duration=6880.9, train/accuracy=0.996303, train/loss=0.0109106, train/mean_average_precision=0.837703, validation/accuracy=0.985848, validation/loss=0.0622068, validation/mean_average_precision=0.251929, validation/num_examples=43793
I0602 23:54:33.733365 139628767724736 spec.py:333] Evaluating on the training split.
I0602 23:54:59.506990 139628767724736 spec.py:346] Evaluating on the validation split.
I0602 23:55:01.450895 139628767724736 spec.py:363] Evaluating on the test split.
I0602 23:55:03.433463 139628767724736 submission_runner.py:516] Time since start: 7363.23s, 	Step: 29315, 	{'train/accuracy': 0.9957439829657062, 'train/loss': 0.011936123340329355, 'train/mean_average_precision': 0.8082456023013717, 'validation/accuracy': 0.9856049006459071, 'validation/loss': 0.06614966762897846, 'validation/mean_average_precision': 0.24980796378072742, 'validation/num_examples': 43793, 'test/accuracy': 0.9846534690993136, 'test/loss': 0.07097607347804444, 'test/mean_average_precision': 0.23244966535859668, 'test/num_examples': 43793, 'score': 6817.29567027092, 'total_duration': 7363.228988647461, 'accumulated_submission_time': 6817.29567027092, 'accumulated_eval_time': 523.679025888443, 'accumulated_logging_time': 0.8974649906158447}
I0602 23:55:03.465376 139595035100928 logging_writer.py:48] [29315] accumulated_eval_time=523.679, accumulated_logging_time=0.897465, accumulated_submission_time=6817.3, global_step=29315, preemption_count=0, score=6817.3, test/accuracy=0.984653, test/loss=0.0709761, test/mean_average_precision=0.23245, test/num_examples=43793, total_duration=7363.23, train/accuracy=0.995744, train/loss=0.0119361, train/mean_average_precision=0.808246, validation/accuracy=0.985605, validation/loss=0.0661497, validation/mean_average_precision=0.249808, validation/num_examples=43793
I0603 00:02:35.992810 139628767724736 spec.py:333] Evaluating on the training split.
I0603 00:03:01.566282 139628767724736 spec.py:346] Evaluating on the validation split.
I0603 00:03:03.497824 139628767724736 spec.py:363] Evaluating on the test split.
I0603 00:03:05.469114 139628767724736 submission_runner.py:516] Time since start: 7845.26s, 	Step: 31333, 	{'train/accuracy': 0.9968476759876993, 'train/loss': 0.008771615948385813, 'train/mean_average_precision': 0.8801337088151993, 'validation/accuracy': 0.9853986909745112, 'validation/loss': 0.07125933169799863, 'validation/mean_average_precision': 0.24750928929617866, 'validation/num_examples': 43793, 'test/accuracy': 0.9844565837207168, 'test/loss': 0.07632014278506687, 'test/mean_average_precision': 0.22854165730515058, 'test/num_examples': 43793, 'score': 7268.478722333908, 'total_duration': 7845.264649629593, 'accumulated_submission_time': 7268.478722333908, 'accumulated_eval_time': 553.1553020477295, 'accumulated_logging_time': 0.9396514892578125}
I0603 00:03:05.495289 139595026708224 logging_writer.py:48] [31333] accumulated_eval_time=553.155, accumulated_logging_time=0.939651, accumulated_submission_time=7268.48, global_step=31333, preemption_count=0, score=7268.48, test/accuracy=0.984457, test/loss=0.0763201, test/mean_average_precision=0.228542, test/num_examples=43793, total_duration=7845.26, train/accuracy=0.996848, train/loss=0.00877162, train/mean_average_precision=0.880134, validation/accuracy=0.985399, validation/loss=0.0712593, validation/mean_average_precision=0.247509, validation/num_examples=43793
I0603 00:10:38.018189 139628767724736 spec.py:333] Evaluating on the training split.
I0603 00:11:03.585127 139628767724736 spec.py:346] Evaluating on the validation split.
I0603 00:11:05.564075 139628767724736 spec.py:363] Evaluating on the test split.
I0603 00:11:07.542168 139628767724736 submission_runner.py:516] Time since start: 8327.34s, 	Step: 33352, 	{'train/accuracy': 0.9984247209872983, 'train/loss': 0.004950176901252639, 'train/mean_average_precision': 0.9481118387062906, 'validation/accuracy': 0.9855028106215842, 'validation/loss': 0.07678669212896061, 'validation/mean_average_precision': 0.24685258672913646, 'validation/num_examples': 43793, 'test/accuracy': 0.9846094594264507, 'test/loss': 0.08194716901988564, 'test/mean_average_precision': 0.22953064532666576, 'test/num_examples': 43793, 'score': 7719.638797044754, 'total_duration': 8327.337703227997, 'accumulated_submission_time': 7719.638797044754, 'accumulated_eval_time': 582.6792650222778, 'accumulated_logging_time': 0.977027177810669}
I0603 00:11:07.568498 139595035100928 logging_writer.py:48] [33352] accumulated_eval_time=582.679, accumulated_logging_time=0.977027, accumulated_submission_time=7719.64, global_step=33352, preemption_count=0, score=7719.64, test/accuracy=0.984609, test/loss=0.0819472, test/mean_average_precision=0.229531, test/num_examples=43793, total_duration=8327.34, train/accuracy=0.998425, train/loss=0.00495018, train/mean_average_precision=0.948112, validation/accuracy=0.985503, validation/loss=0.0767867, validation/mean_average_precision=0.246853, validation/num_examples=43793
I0603 00:18:40.166698 139628767724736 spec.py:333] Evaluating on the training split.
I0603 00:19:05.976594 139628767724736 spec.py:346] Evaluating on the validation split.
I0603 00:19:07.948390 139628767724736 spec.py:363] Evaluating on the test split.
I0603 00:19:09.994031 139628767724736 submission_runner.py:516] Time since start: 8809.79s, 	Step: 35370, 	{'train/accuracy': 0.9984086275668489, 'train/loss': 0.004835872097675678, 'train/mean_average_precision': 0.9555041916586067, 'validation/accuracy': 0.9850889705428673, 'validation/loss': 0.08179496385647807, 'validation/mean_average_precision': 0.2442881965917725, 'validation/num_examples': 43793, 'test/accuracy': 0.9842175838226339, 'test/loss': 0.08719669123066207, 'test/mean_average_precision': 0.22691350005183922, 'test/num_examples': 43793, 'score': 8170.876791238785, 'total_duration': 8809.78957080841, 'accumulated_submission_time': 8170.876791238785, 'accumulated_eval_time': 612.5065789222717, 'accumulated_logging_time': 1.0133094787597656}
I0603 00:19:10.020547 139595026708224 logging_writer.py:48] [35370] accumulated_eval_time=612.507, accumulated_logging_time=1.01331, accumulated_submission_time=8170.88, global_step=35370, preemption_count=0, score=8170.88, test/accuracy=0.984218, test/loss=0.0871967, test/mean_average_precision=0.226914, test/num_examples=43793, total_duration=8809.79, train/accuracy=0.998409, train/loss=0.00483587, train/mean_average_precision=0.955504, validation/accuracy=0.985089, validation/loss=0.081795, validation/mean_average_precision=0.244288, validation/num_examples=43793
I0603 00:26:42.556433 139628767724736 spec.py:333] Evaluating on the training split.
I0603 00:27:08.449564 139628767724736 spec.py:346] Evaluating on the validation split.
I0603 00:27:10.405330 139628767724736 spec.py:363] Evaluating on the test split.
I0603 00:27:12.383677 139628767724736 submission_runner.py:516] Time since start: 9292.18s, 	Step: 37393, 	{'train/accuracy': 0.9980163856267551, 'train/loss': 0.005346232334203112, 'train/mean_average_precision': 0.9551234802184387, 'validation/accuracy': 0.9856057124950072, 'validation/loss': 0.08822706668366137, 'validation/mean_average_precision': 0.2479252254517673, 'validation/num_examples': 43793, 'test/accuracy': 0.9847077968294505, 'test/loss': 0.09454102254263884, 'test/mean_average_precision': 0.22734405883385544, 'test/num_examples': 43793, 'score': 8622.075002908707, 'total_duration': 9292.179212808609, 'accumulated_submission_time': 8622.075002908707, 'accumulated_eval_time': 642.3338284492493, 'accumulated_logging_time': 1.049729585647583}
I0603 00:27:12.412391 139595035100928 logging_writer.py:48] [37393] accumulated_eval_time=642.334, accumulated_logging_time=1.04973, accumulated_submission_time=8622.08, global_step=37393, preemption_count=0, score=8622.08, test/accuracy=0.984708, test/loss=0.094541, test/mean_average_precision=0.227344, test/num_examples=43793, total_duration=9292.18, train/accuracy=0.998016, train/loss=0.00534623, train/mean_average_precision=0.955123, validation/accuracy=0.985606, validation/loss=0.0882271, validation/mean_average_precision=0.247925, validation/num_examples=43793
I0603 00:34:44.867856 139628767724736 spec.py:333] Evaluating on the training split.
I0603 00:35:10.542865 139628767724736 spec.py:346] Evaluating on the validation split.
I0603 00:35:12.502036 139628767724736 spec.py:363] Evaluating on the test split.
I0603 00:35:14.490855 139628767724736 submission_runner.py:516] Time since start: 9774.29s, 	Step: 39402, 	{'train/accuracy': 0.9986326554106965, 'train/loss': 0.0038828128438007227, 'train/mean_average_precision': 0.9771931072173827, 'validation/accuracy': 0.9855330520005585, 'validation/loss': 0.09383228217479761, 'validation/mean_average_precision': 0.24673768350490782, 'validation/num_examples': 43793, 'test/accuracy': 0.9845995625143715, 'test/loss': 0.10032965666559135, 'test/mean_average_precision': 0.22512598510471804, 'test/num_examples': 43793, 'score': 9073.186372756958, 'total_duration': 9774.286378383636, 'accumulated_submission_time': 9073.186372756958, 'accumulated_eval_time': 671.9567623138428, 'accumulated_logging_time': 1.088287353515625}
I0603 00:35:14.518634 139595026708224 logging_writer.py:48] [39402] accumulated_eval_time=671.957, accumulated_logging_time=1.08829, accumulated_submission_time=9073.19, global_step=39402, preemption_count=0, score=9073.19, test/accuracy=0.9846, test/loss=0.10033, test/mean_average_precision=0.225126, test/num_examples=43793, total_duration=9774.29, train/accuracy=0.998633, train/loss=0.00388281, train/mean_average_precision=0.977193, validation/accuracy=0.985533, validation/loss=0.0938323, validation/mean_average_precision=0.246738, validation/num_examples=43793
I0603 00:42:47.116688 139628767724736 spec.py:333] Evaluating on the training split.
I0603 00:43:13.122576 139628767724736 spec.py:346] Evaluating on the validation split.
I0603 00:43:15.095628 139628767724736 spec.py:363] Evaluating on the test split.
I0603 00:43:17.119322 139628767724736 submission_runner.py:516] Time since start: 10256.91s, 	Step: 41420, 	{'train/accuracy': 0.9996617626188562, 'train/loss': 0.0015373048199319582, 'train/mean_average_precision': 0.9975679366460021, 'validation/accuracy': 0.9854752077521847, 'validation/loss': 0.09914089367131153, 'validation/mean_average_precision': 0.24434953042807023, 'validation/num_examples': 43793, 'test/accuracy': 0.9845709246411212, 'test/loss': 0.10591851003673228, 'test/mean_average_precision': 0.22734368205722724, 'test/num_examples': 43793, 'score': 9524.439731121063, 'total_duration': 10256.914861679077, 'accumulated_submission_time': 9524.439731121063, 'accumulated_eval_time': 701.9593892097473, 'accumulated_logging_time': 1.1266465187072754}
I0603 00:43:17.145458 139595035100928 logging_writer.py:48] [41420] accumulated_eval_time=701.959, accumulated_logging_time=1.12665, accumulated_submission_time=9524.44, global_step=41420, preemption_count=0, score=9524.44, test/accuracy=0.984571, test/loss=0.105919, test/mean_average_precision=0.227344, test/num_examples=43793, total_duration=10256.9, train/accuracy=0.999662, train/loss=0.0015373, train/mean_average_precision=0.997568, validation/accuracy=0.985475, validation/loss=0.0991409, validation/mean_average_precision=0.24435, validation/num_examples=43793
I0603 00:50:49.559536 139628767724736 spec.py:333] Evaluating on the training split.
I0603 00:51:15.027713 139628767724736 spec.py:346] Evaluating on the validation split.
I0603 00:51:17.018450 139628767724736 spec.py:363] Evaluating on the test split.
I0603 00:51:19.061850 139628767724736 submission_runner.py:516] Time since start: 10738.86s, 	Step: 43439, 	{'train/accuracy': 0.9997759264771294, 'train/loss': 0.0012629659428102498, 'train/mean_average_precision': 0.9932748547681518, 'validation/accuracy': 0.9852909180064883, 'validation/loss': 0.10386016614694793, 'validation/mean_average_precision': 0.24645713776075379, 'validation/num_examples': 43793, 'test/accuracy': 0.9843708806735628, 'test/loss': 0.1109004800212931, 'test/mean_average_precision': 0.22228161197530566, 'test/num_examples': 43793, 'score': 9975.513395309448, 'total_duration': 10738.857326984406, 'accumulated_submission_time': 9975.513395309448, 'accumulated_eval_time': 731.4616062641144, 'accumulated_logging_time': 1.1625912189483643}
I0603 00:51:19.089205 139595026708224 logging_writer.py:48] [43439] accumulated_eval_time=731.462, accumulated_logging_time=1.16259, accumulated_submission_time=9975.51, global_step=43439, preemption_count=0, score=9975.51, test/accuracy=0.984371, test/loss=0.1109, test/mean_average_precision=0.222282, test/num_examples=43793, total_duration=10738.9, train/accuracy=0.999776, train/loss=0.00126297, train/mean_average_precision=0.993275, validation/accuracy=0.985291, validation/loss=0.10386, validation/mean_average_precision=0.246457, validation/num_examples=43793
I0603 00:58:51.581536 139628767724736 spec.py:333] Evaluating on the training split.
I0603 00:59:17.474087 139628767724736 spec.py:346] Evaluating on the validation split.
I0603 00:59:19.471542 139628767724736 spec.py:363] Evaluating on the test split.
I0603 00:59:21.512540 139628767724736 submission_runner.py:516] Time since start: 11221.31s, 	Step: 45460, 	{'train/accuracy': 0.9997918149018028, 'train/loss': 0.0011736494672771102, 'train/mean_average_precision': 0.9990291985574393, 'validation/accuracy': 0.9851782739438655, 'validation/loss': 0.10756074559409494, 'validation/mean_average_precision': 0.24570889248157565, 'validation/num_examples': 43793, 'test/accuracy': 0.9841775750291222, 'test/loss': 0.11494428986076098, 'test/mean_average_precision': 0.22045925021607735, 'test/num_examples': 43793, 'score': 10426.65343284607, 'total_duration': 11221.308020830154, 'accumulated_submission_time': 10426.65343284607, 'accumulated_eval_time': 761.3925933837891, 'accumulated_logging_time': 1.2031753063201904}
I0603 00:59:21.544801 139595035100928 logging_writer.py:48] [45460] accumulated_eval_time=761.393, accumulated_logging_time=1.20318, accumulated_submission_time=10426.7, global_step=45460, preemption_count=0, score=10426.7, test/accuracy=0.984178, test/loss=0.114944, test/mean_average_precision=0.220459, test/num_examples=43793, total_duration=11221.3, train/accuracy=0.999792, train/loss=0.00117365, train/mean_average_precision=0.999029, validation/accuracy=0.985178, validation/loss=0.107561, validation/mean_average_precision=0.245709, validation/num_examples=43793
I0603 01:06:54.009653 139628767724736 spec.py:333] Evaluating on the training split.
I0603 01:07:19.633742 139628767724736 spec.py:346] Evaluating on the validation split.
I0603 01:07:21.624326 139628767724736 spec.py:363] Evaluating on the test split.
I0603 01:07:23.623351 139628767724736 submission_runner.py:516] Time since start: 11703.42s, 	Step: 47475, 	{'train/accuracy': 0.999963178698306, 'train/loss': 0.0005381204667002767, 'train/mean_average_precision': 0.9999609983813282, 'validation/accuracy': 0.9853059372148381, 'validation/loss': 0.11073785362117172, 'validation/mean_average_precision': 0.24571185537383006, 'validation/num_examples': 43793, 'test/accuracy': 0.9843315035978434, 'test/loss': 0.11847572392753271, 'test/mean_average_precision': 0.21948490414804153, 'test/num_examples': 43793, 'score': 10877.757672786713, 'total_duration': 11703.41888165474, 'accumulated_submission_time': 10877.757672786713, 'accumulated_eval_time': 791.0062475204468, 'accumulated_logging_time': 1.2453458309173584}
I0603 01:07:23.649782 139595026708224 logging_writer.py:48] [47475] accumulated_eval_time=791.006, accumulated_logging_time=1.24535, accumulated_submission_time=10877.8, global_step=47475, preemption_count=0, score=10877.8, test/accuracy=0.984332, test/loss=0.118476, test/mean_average_precision=0.219485, test/num_examples=43793, total_duration=11703.4, train/accuracy=0.999963, train/loss=0.00053812, train/mean_average_precision=0.999961, validation/accuracy=0.985306, validation/loss=0.110738, validation/mean_average_precision=0.245712, validation/num_examples=43793
I0603 01:14:56.275853 139628767724736 spec.py:333] Evaluating on the training split.
I0603 01:15:22.204366 139628767724736 spec.py:346] Evaluating on the validation split.
I0603 01:15:24.193844 139628767724736 spec.py:363] Evaluating on the test split.
I0603 01:15:26.195818 139628767724736 submission_runner.py:516] Time since start: 12185.99s, 	Step: 49487, 	{'train/accuracy': 0.9999966592127808, 'train/loss': 0.00034569648794892074, 'train/mean_average_precision': 0.9999879549304566, 'validation/accuracy': 0.9853183179136128, 'validation/loss': 0.11239812308606574, 'validation/mean_average_precision': 0.24534297888860715, 'validation/num_examples': 43793, 'test/accuracy': 0.9843637212052502, 'test/loss': 0.12021768573977101, 'test/mean_average_precision': 0.2195900038068249, 'test/num_examples': 43793, 'score': 11329.04465341568, 'total_duration': 12185.991298437119, 'accumulated_submission_time': 11329.04465341568, 'accumulated_eval_time': 820.9261066913605, 'accumulated_logging_time': 1.281651496887207}
I0603 01:15:26.223265 139595035100928 logging_writer.py:48] [49487] accumulated_eval_time=820.926, accumulated_logging_time=1.28165, accumulated_submission_time=11329, global_step=49487, preemption_count=0, score=11329, test/accuracy=0.984364, test/loss=0.120218, test/mean_average_precision=0.21959, test/num_examples=43793, total_duration=12186, train/accuracy=0.999997, train/loss=0.000345696, train/mean_average_precision=0.999988, validation/accuracy=0.985318, validation/loss=0.112398, validation/mean_average_precision=0.245343, validation/num_examples=43793
I0603 01:22:58.842112 139628767724736 spec.py:333] Evaluating on the training split.
I0603 01:23:24.681534 139628767724736 spec.py:346] Evaluating on the validation split.
I0603 01:23:26.641272 139628767724736 spec.py:363] Evaluating on the test split.
I0603 01:23:28.620732 139628767724736 submission_runner.py:516] Time since start: 12668.42s, 	Step: 51501, 	{'train/accuracy': 0.9999931108057996, 'train/loss': 0.0003972269682397075, 'train/mean_average_precision': 0.9995212943817781, 'validation/accuracy': 0.9854013294840861, 'validation/loss': 0.11295878100045788, 'validation/mean_average_precision': 0.24625139912022373, 'validation/num_examples': 43793, 'test/accuracy': 0.9844492136798066, 'test/loss': 0.1208556812276214, 'test/mean_average_precision': 0.22078203415229203, 'test/num_examples': 43793, 'score': 11780.306877613068, 'total_duration': 12668.416251659393, 'accumulated_submission_time': 11780.306877613068, 'accumulated_eval_time': 850.7046580314636, 'accumulated_logging_time': 1.3190383911132812}
I0603 01:23:28.648954 139595026708224 logging_writer.py:48] [51501] accumulated_eval_time=850.705, accumulated_logging_time=1.31904, accumulated_submission_time=11780.3, global_step=51501, preemption_count=0, score=11780.3, test/accuracy=0.984449, test/loss=0.120856, test/mean_average_precision=0.220782, test/num_examples=43793, total_duration=12668.4, train/accuracy=0.999993, train/loss=0.000397227, train/mean_average_precision=0.999521, validation/accuracy=0.985401, validation/loss=0.112959, validation/mean_average_precision=0.246251, validation/num_examples=43793
I0603 01:25:21.730741 139628767724736 spec.py:333] Evaluating on the training split.
I0603 01:25:47.605324 139628767724736 spec.py:346] Evaluating on the validation split.
I0603 01:25:49.588643 139628767724736 spec.py:363] Evaluating on the test split.
I0603 01:25:51.619573 139628767724736 submission_runner.py:516] Time since start: 12811.42s, 	Step: 52001, 	{'train/accuracy': 0.9999940865061363, 'train/loss': 0.0003623404094688564, 'train/mean_average_precision': 0.9994353593219297, 'validation/accuracy': 0.9853848895398114, 'validation/loss': 0.11292082705503363, 'validation/mean_average_precision': 0.2461462591319389, 'validation/num_examples': 43793, 'test/accuracy': 0.9844313150090251, 'test/loss': 0.12081152678609783, 'test/mean_average_precision': 0.22063849759764148, 'test/num_examples': 43793, 'score': 11892.351127386093, 'total_duration': 12811.415097951889, 'accumulated_submission_time': 11892.351127386093, 'accumulated_eval_time': 880.5934724807739, 'accumulated_logging_time': 1.3572888374328613}
I0603 01:25:51.648932 139595035100928 logging_writer.py:48] [52001] accumulated_eval_time=880.593, accumulated_logging_time=1.35729, accumulated_submission_time=11892.4, global_step=52001, preemption_count=0, score=11892.4, test/accuracy=0.984431, test/loss=0.120812, test/mean_average_precision=0.220638, test/num_examples=43793, total_duration=12811.4, train/accuracy=0.999994, train/loss=0.00036234, train/mean_average_precision=0.999435, validation/accuracy=0.985385, validation/loss=0.112921, validation/mean_average_precision=0.246146, validation/num_examples=43793
I0603 01:25:52.131921 139595026708224 logging_writer.py:48] [52001] global_step=52001, preemption_count=0, score=11892.4
I0603 01:25:52.269665 139628767724736 submission_runner.py:857] Final ogbg score: 11892.351127386093
