torchrun --redirects 1:0,2:0,3:0 --standalone --nnodes=1 --nproc_per_node=4 submission_runner.py --framework=pytorch --workload=criteo1tb --submission_path=submissions_algorithms/submissions/self_tuning/muon_torch_jax_hps/submission.py --data_dir=/data/criteo1tb --experiment_dir=/experiment_runs --experiment_name=submissions_a100/muon_torch_jax_hps/study_1 --overwrite=True --save_checkpoints=False --rng_seed=-226739476 --torch_compile=true --tuning_ruleset=self 2>&1 | tee -a /logs/criteo1tb_pytorch_05-24-2026-00-14-15.log
W0524 00:14:37.472000 9 site-packages/torch/distributed/run.py:803] 
W0524 00:14:37.472000 9 site-packages/torch/distributed/run.py:803] *****************************************
W0524 00:14:37.472000 9 site-packages/torch/distributed/run.py:803] Setting OMP_NUM_THREADS environment variable for each process to be 1 in default, to avoid your system being overloaded, please further tune the variable for optimal performance in your application as needed. 
W0524 00:14:37.472000 9 site-packages/torch/distributed/run.py:803] *****************************************
2026-05-24 00:14:48.754814: E external/local_xla/xla/stream_executor/cuda/cuda_fft.cc:467] Unable to register cuFFT factory: Attempting to register factory for plugin cuFFT when one has already been registered
2026-05-24 00:14:48.754814: E external/local_xla/xla/stream_executor/cuda/cuda_fft.cc:467] Unable to register cuFFT factory: Attempting to register factory for plugin cuFFT when one has already been registered
2026-05-24 00:14:48.754814: E external/local_xla/xla/stream_executor/cuda/cuda_fft.cc:467] Unable to register cuFFT factory: Attempting to register factory for plugin cuFFT when one has already been registered
2026-05-24 00:14:48.754814: E external/local_xla/xla/stream_executor/cuda/cuda_fft.cc:467] Unable to register cuFFT factory: Attempting to register factory for plugin cuFFT when one has already been registered
WARNING: All log messages before absl::InitializeLog() is called are written to STDERR
WARNING: All log messages before absl::InitializeLog() is called are written to STDERR
WARNING: All log messages before absl::InitializeLog() is called are written to STDERR
WARNING: All log messages before absl::InitializeLog() is called are written to STDERR
E0000 00:00:1779581689.426728      41 cuda_dnn.cc:8579] Unable to register cuDNN factory: Attempting to register factory for plugin cuDNN when one has already been registered
E0000 00:00:1779581689.426739      40 cuda_dnn.cc:8579] Unable to register cuDNN factory: Attempting to register factory for plugin cuDNN when one has already been registered
E0000 00:00:1779581689.426739      39 cuda_dnn.cc:8579] Unable to register cuDNN factory: Attempting to register factory for plugin cuDNN when one has already been registered
E0000 00:00:1779581689.426747      38 cuda_dnn.cc:8579] Unable to register cuDNN factory: Attempting to register factory for plugin cuDNN when one has already been registered
E0000 00:00:1779581689.592484      38 cuda_blas.cc:1407] Unable to register cuBLAS factory: Attempting to register factory for plugin cuBLAS when one has already been registered
E0000 00:00:1779581689.592498      40 cuda_blas.cc:1407] Unable to register cuBLAS factory: Attempting to register factory for plugin cuBLAS when one has already been registered
E0000 00:00:1779581689.592511      41 cuda_blas.cc:1407] Unable to register cuBLAS factory: Attempting to register factory for plugin cuBLAS when one has already been registered
E0000 00:00:1779581689.592512      39 cuda_blas.cc:1407] Unable to register cuBLAS factory: Attempting to register factory for plugin cuBLAS when one has already been registered
W0000 00:00:1779581691.117597      40 computation_placer.cc:177] computation placer already registered. Please check linkage and avoid linking the same target more than once.
W0000 00:00:1779581691.117600      39 computation_placer.cc:177] computation placer already registered. Please check linkage and avoid linking the same target more than once.
W0000 00:00:1779581691.117599      38 computation_placer.cc:177] computation placer already registered. Please check linkage and avoid linking the same target more than once.
W0000 00:00:1779581691.117608      41 computation_placer.cc:177] computation placer already registered. Please check linkage and avoid linking the same target more than once.
W0000 00:00:1779581691.117641      41 computation_placer.cc:177] computation placer already registered. Please check linkage and avoid linking the same target more than once.
W0000 00:00:1779581691.117641      39 computation_placer.cc:177] computation placer already registered. Please check linkage and avoid linking the same target more than once.
W0000 00:00:1779581691.117641      38 computation_placer.cc:177] computation placer already registered. Please check linkage and avoid linking the same target more than once.
W0000 00:00:1779581691.117643      41 computation_placer.cc:177] computation placer already registered. Please check linkage and avoid linking the same target more than once.
W0000 00:00:1779581691.117644      39 computation_placer.cc:177] computation placer already registered. Please check linkage and avoid linking the same target more than once.
W0000 00:00:1779581691.117644      40 computation_placer.cc:177] computation placer already registered. Please check linkage and avoid linking the same target more than once.
W0000 00:00:1779581691.117644      38 computation_placer.cc:177] computation placer already registered. Please check linkage and avoid linking the same target more than once.
W0000 00:00:1779581691.117646      41 computation_placer.cc:177] computation placer already registered. Please check linkage and avoid linking the same target more than once.
W0000 00:00:1779581691.117646      39 computation_placer.cc:177] computation placer already registered. Please check linkage and avoid linking the same target more than once.
W0000 00:00:1779581691.117646      40 computation_placer.cc:177] computation placer already registered. Please check linkage and avoid linking the same target more than once.
W0000 00:00:1779581691.117647      38 computation_placer.cc:177] computation placer already registered. Please check linkage and avoid linking the same target more than once.
W0000 00:00:1779581691.117649      40 computation_placer.cc:177] computation placer already registered. Please check linkage and avoid linking the same target more than once.
W0000 00:00:1779581719.522086      41 gpu_device.cc:2341] Cannot dlopen some GPU libraries. Please make sure the missing libraries mentioned above are installed properly if you would like to use GPU. Follow the guide at https://www.tensorflow.org/install/gpu for how to download and setup the required libraries for your platform.
Skipping registering GPU devices...
W0000 00:00:1779581719.522144      39 gpu_device.cc:2341] Cannot dlopen some GPU libraries. Please make sure the missing libraries mentioned above are installed properly if you would like to use GPU. Follow the guide at https://www.tensorflow.org/install/gpu for how to download and setup the required libraries for your platform.
Skipping registering GPU devices...
W0000 00:00:1779581719.522152      38 gpu_device.cc:2341] Cannot dlopen some GPU libraries. Please make sure the missing libraries mentioned above are installed properly if you would like to use GPU. Follow the guide at https://www.tensorflow.org/install/gpu for how to download and setup the required libraries for your platform.
Skipping registering GPU devices...
W0000 00:00:1779581719.581720      40 gpu_device.cc:2341] Cannot dlopen some GPU libraries. Please make sure the missing libraries mentioned above are installed properly if you would like to use GPU. Follow the guide at https://www.tensorflow.org/install/gpu for how to download and setup the required libraries for your platform.
Skipping registering GPU devices...
/usr/local/lib/python3.11/site-packages/torch/__init__.py:1617: UserWarning: Please use the new API settings to control TF32 behavior, such as torch.backends.cudnn.conv.fp32_precision = 'tf32' or torch.backends.cuda.matmul.fp32_precision = 'ieee'. Old settings, e.g, torch.backends.cuda.matmul.allow_tf32 = True, torch.backends.cudnn.allow_tf32 = True, allowTF32CuDNN() and allowTF32CuBLAS() will be deprecated after Pytorch 2.9. Please see https://pytorch.org/docs/main/notes/cuda.html#tensorfloat-32-tf32-on-ampere-and-later-devices (Triggered internally at /pytorch/aten/src/ATen/Context.cpp:80.)
  _C._set_float32_matmul_precision(precision)
/usr/local/lib/python3.11/site-packages/torch/__init__.py:1617: UserWarning: Please use the new API settings to control TF32 behavior, such as torch.backends.cudnn.conv.fp32_precision = 'tf32' or torch.backends.cuda.matmul.fp32_precision = 'ieee'. Old settings, e.g, torch.backends.cuda.matmul.allow_tf32 = True, torch.backends.cudnn.allow_tf32 = True, allowTF32CuDNN() and allowTF32CuBLAS() will be deprecated after Pytorch 2.9. Please see https://pytorch.org/docs/main/notes/cuda.html#tensorfloat-32-tf32-on-ampere-and-later-devices (Triggered internally at /pytorch/aten/src/ATen/Context.cpp:80.)
  _C._set_float32_matmul_precision(precision)
/usr/local/lib/python3.11/site-packages/torch/__init__.py:1617: UserWarning: Please use the new API settings to control TF32 behavior, such as torch.backends.cudnn.conv.fp32_precision = 'tf32' or torch.backends.cuda.matmul.fp32_precision = 'ieee'. Old settings, e.g, torch.backends.cuda.matmul.allow_tf32 = True, torch.backends.cudnn.allow_tf32 = True, allowTF32CuDNN() and allowTF32CuBLAS() will be deprecated after Pytorch 2.9. Please see https://pytorch.org/docs/main/notes/cuda.html#tensorfloat-32-tf32-on-ampere-and-later-devices (Triggered internally at /pytorch/aten/src/ATen/Context.cpp:80.)
  _C._set_float32_matmul_precision(precision)
/usr/local/lib/python3.11/site-packages/torch/__init__.py:1617: UserWarning: Please use the new API settings to control TF32 behavior, such as torch.backends.cudnn.conv.fp32_precision = 'tf32' or torch.backends.cuda.matmul.fp32_precision = 'ieee'. Old settings, e.g, torch.backends.cuda.matmul.allow_tf32 = True, torch.backends.cudnn.allow_tf32 = True, allowTF32CuDNN() and allowTF32CuBLAS() will be deprecated after Pytorch 2.9. Please see https://pytorch.org/docs/main/notes/cuda.html#tensorfloat-32-tf32-on-ampere-and-later-devices (Triggered internally at /pytorch/aten/src/ATen/Context.cpp:80.)
  _C._set_float32_matmul_precision(precision)
/usr/local/lib/python3.11/site-packages/pydantic/_internal/_generate_schema.py:2249: UnsupportedFieldAttributeWarning: The 'repr' attribute with value False was provided to the `Field()` function, which has no effect in the context it was used. 'repr' is field-specific metadata, and can only be attached to a model field using `Annotated` metadata or by assignment. This may have happened because an `Annotated` type alias using the `type` statement was used, or if the `Field()` function was attached to a single member of a union type.
  warnings.warn(
/usr/local/lib/python3.11/site-packages/pydantic/_internal/_generate_schema.py:2249: UnsupportedFieldAttributeWarning: The 'repr' attribute with value False was provided to the `Field()` function, which has no effect in the context it was used. 'repr' is field-specific metadata, and can only be attached to a model field using `Annotated` metadata or by assignment. This may have happened because an `Annotated` type alias using the `type` statement was used, or if the `Field()` function was attached to a single member of a union type.
  warnings.warn(
/usr/local/lib/python3.11/site-packages/pydantic/_internal/_generate_schema.py:2249: UnsupportedFieldAttributeWarning: The 'repr' attribute with value False was provided to the `Field()` function, which has no effect in the context it was used. 'repr' is field-specific metadata, and can only be attached to a model field using `Annotated` metadata or by assignment. This may have happened because an `Annotated` type alias using the `type` statement was used, or if the `Field()` function was attached to a single member of a union type.
  warnings.warn(
/usr/local/lib/python3.11/site-packages/pydantic/_internal/_generate_schema.py:2249: UnsupportedFieldAttributeWarning: The 'repr' attribute with value False was provided to the `Field()` function, which has no effect in the context it was used. 'repr' is field-specific metadata, and can only be attached to a model field using `Annotated` metadata or by assignment. This may have happened because an `Annotated` type alias using the `type` statement was used, or if the `Field()` function was attached to a single member of a union type.
  warnings.warn(
/usr/local/lib/python3.11/site-packages/pydantic/_internal/_generate_schema.py:2249: UnsupportedFieldAttributeWarning: The 'frozen' attribute with value True was provided to the `Field()` function, which has no effect in the context it was used. 'frozen' is field-specific metadata, and can only be attached to a model field using `Annotated` metadata or by assignment. This may have happened because an `Annotated` type alias using the `type` statement was used, or if the `Field()` function was attached to a single member of a union type.
  warnings.warn(
/usr/local/lib/python3.11/site-packages/pydantic/_internal/_generate_schema.py:2249: UnsupportedFieldAttributeWarning: The 'frozen' attribute with value True was provided to the `Field()` function, which has no effect in the context it was used. 'frozen' is field-specific metadata, and can only be attached to a model field using `Annotated` metadata or by assignment. This may have happened because an `Annotated` type alias using the `type` statement was used, or if the `Field()` function was attached to a single member of a union type.
  warnings.warn(
/usr/local/lib/python3.11/site-packages/pydantic/_internal/_generate_schema.py:2249: UnsupportedFieldAttributeWarning: The 'frozen' attribute with value True was provided to the `Field()` function, which has no effect in the context it was used. 'frozen' is field-specific metadata, and can only be attached to a model field using `Annotated` metadata or by assignment. This may have happened because an `Annotated` type alias using the `type` statement was used, or if the `Field()` function was attached to a single member of a union type.
  warnings.warn(
/usr/local/lib/python3.11/site-packages/pydantic/_internal/_generate_schema.py:2249: UnsupportedFieldAttributeWarning: The 'frozen' attribute with value True was provided to the `Field()` function, which has no effect in the context it was used. 'frozen' is field-specific metadata, and can only be attached to a model field using `Annotated` metadata or by assignment. This may have happened because an `Annotated` type alias using the `type` statement was used, or if the `Field()` function was attached to a single member of a union type.
  warnings.warn(
/usr/local/lib/python3.11/site-packages/torch/distributed/distributed_c10d.py:4876: UserWarning: barrier(): using the device under current context. You can specify `device_id` in `init_process_group` to mute this warning.
  warnings.warn(  # warn only once
[rank0]:[W524 00:15:27.296268383 ProcessGroupNCCL.cpp:5068] Guessing device ID based on global rank. This can cause a hang if rank to GPU mapping is heterogeneous. You can specify device_id in init_process_group()
I0524 00:15:30.204768 140477988070592 logger_utils.py:84] Creating experiment directory at /experiment_runs/submissions_a100/muon_torch_jax_hps/study_1/criteo1tb_pytorch.
I0524 00:15:30.204769 139837377217728 logger_utils.py:84] Creating experiment directory at /experiment_runs/submissions_a100/muon_torch_jax_hps/study_1/criteo1tb_pytorch.
I0524 00:15:30.204768 140118296270016 logger_utils.py:84] Creating experiment directory at /experiment_runs/submissions_a100/muon_torch_jax_hps/study_1/criteo1tb_pytorch.
I0524 00:15:30.204787 139661955904704 logger_utils.py:84] Creating experiment directory at /experiment_runs/submissions_a100/muon_torch_jax_hps/study_1/criteo1tb_pytorch.
I0524 00:15:41.330233 140118296270016 submission_runner.py:741] Creating directory at /experiment_runs/submissions_a100/muon_torch_jax_hps/study_1/criteo1tb_pytorch/trial_1.
I0524 00:15:41.690708 140118296270016 submission_runner.py:242] Initializing dataset.
I0524 00:15:41.690888 140118296270016 submission_runner.py:251] Initializing model.
W0524 00:15:47.179620 140477988070592 submission_runner.py:273] These workloads cannot be fully compiled under current PyTorch version. Proceeding without `torch.compile`.
W0524 00:15:47.179625 139837377217728 submission_runner.py:273] These workloads cannot be fully compiled under current PyTorch version. Proceeding without `torch.compile`.
W0524 00:15:47.179618 139661955904704 submission_runner.py:273] These workloads cannot be fully compiled under current PyTorch version. Proceeding without `torch.compile`.
W0524 00:15:47.179662 140118296270016 submission_runner.py:273] These workloads cannot be fully compiled under current PyTorch version. Proceeding without `torch.compile`.
I0524 00:15:47.179848 140118296270016 submission_runner.py:294] Initializing optimizer.
I0524 00:15:47.179955 139837377217728 muon.py:324] Muon params:
	module.bot_mlp.0.weight (ndim=2)
	module.bot_mlp.2.weight (ndim=2)
	module.bot_mlp.4.weight (ndim=2)
	module.top_mlp.0.weight (ndim=2)
	module.top_mlp.2.weight (ndim=2)
	module.top_mlp.4.weight (ndim=2)
	module.top_mlp.6.weight (ndim=2)
	module.top_mlp.9.weight (ndim=2)
I0524 00:15:47.179954 139661955904704 muon.py:324] Muon params:
	module.bot_mlp.0.weight (ndim=2)
	module.bot_mlp.2.weight (ndim=2)
	module.bot_mlp.4.weight (ndim=2)
	module.top_mlp.0.weight (ndim=2)
	module.top_mlp.2.weight (ndim=2)
	module.top_mlp.4.weight (ndim=2)
	module.top_mlp.6.weight (ndim=2)
	module.top_mlp.9.weight (ndim=2)
I0524 00:15:47.179962 140477988070592 muon.py:324] Muon params:
	module.bot_mlp.0.weight (ndim=2)
	module.bot_mlp.2.weight (ndim=2)
	module.bot_mlp.4.weight (ndim=2)
	module.top_mlp.0.weight (ndim=2)
	module.top_mlp.2.weight (ndim=2)
	module.top_mlp.4.weight (ndim=2)
	module.top_mlp.6.weight (ndim=2)
	module.top_mlp.9.weight (ndim=2)
I0524 00:15:47.180024 139837377217728 muon.py:325] Adam params:
	module.embedding_chunk_0 (ndim=2)
	module.embedding_chunk_1 (ndim=2)
	module.embedding_chunk_2 (ndim=2)
	module.embedding_chunk_3 (ndim=2)
	module.bot_mlp.0.bias (ndim=1)
	module.bot_mlp.2.bias (ndim=1)
	module.bot_mlp.4.bias (ndim=1)
	module.top_mlp.0.bias (ndim=1)
	module.top_mlp.2.bias (ndim=1)
	module.top_mlp.4.bias (ndim=1)
	module.top_mlp.6.bias (ndim=1)
	module.top_mlp.9.bias (ndim=1)
I0524 00:15:47.180025 139661955904704 muon.py:325] Adam params:
	module.embedding_chunk_0 (ndim=2)
	module.embedding_chunk_1 (ndim=2)
	module.embedding_chunk_2 (ndim=2)
	module.embedding_chunk_3 (ndim=2)
	module.bot_mlp.0.bias (ndim=1)
	module.bot_mlp.2.bias (ndim=1)
	module.bot_mlp.4.bias (ndim=1)
	module.top_mlp.0.bias (ndim=1)
	module.top_mlp.2.bias (ndim=1)
	module.top_mlp.4.bias (ndim=1)
	module.top_mlp.6.bias (ndim=1)
	module.top_mlp.9.bias (ndim=1)
I0524 00:15:47.180034 140477988070592 muon.py:325] Adam params:
	module.embedding_chunk_0 (ndim=2)
	module.embedding_chunk_1 (ndim=2)
	module.embedding_chunk_2 (ndim=2)
	module.embedding_chunk_3 (ndim=2)
	module.bot_mlp.0.bias (ndim=1)
	module.bot_mlp.2.bias (ndim=1)
	module.bot_mlp.4.bias (ndim=1)
	module.top_mlp.0.bias (ndim=1)
	module.top_mlp.2.bias (ndim=1)
	module.top_mlp.4.bias (ndim=1)
	module.top_mlp.6.bias (ndim=1)
	module.top_mlp.9.bias (ndim=1)
I0524 00:15:47.180030 140118296270016 muon.py:324] Muon params:
	module.bot_mlp.0.weight (ndim=2)
	module.bot_mlp.2.weight (ndim=2)
	module.bot_mlp.4.weight (ndim=2)
	module.top_mlp.0.weight (ndim=2)
	module.top_mlp.2.weight (ndim=2)
	module.top_mlp.4.weight (ndim=2)
	module.top_mlp.6.weight (ndim=2)
	module.top_mlp.9.weight (ndim=2)
I0524 00:15:47.180100 140118296270016 muon.py:325] Adam params:
	module.embedding_chunk_0 (ndim=2)
	module.embedding_chunk_1 (ndim=2)
	module.embedding_chunk_2 (ndim=2)
	module.embedding_chunk_3 (ndim=2)
	module.bot_mlp.0.bias (ndim=1)
	module.bot_mlp.2.bias (ndim=1)
	module.bot_mlp.4.bias (ndim=1)
	module.top_mlp.0.bias (ndim=1)
	module.top_mlp.2.bias (ndim=1)
	module.top_mlp.4.bias (ndim=1)
	module.top_mlp.6.bias (ndim=1)
	module.top_mlp.9.bias (ndim=1)
I0524 00:15:47.215664 140118296270016 submission_runner.py:299] Initializing metrics bundle.
I0524 00:15:47.215907 140118296270016 submission_runner.py:321] Initializing checkpoint and logger.
I0524 00:15:47.216941 140118296270016 submission_runner.py:344] Saving meta data to /experiment_runs/submissions_a100/muon_torch_jax_hps/study_1/criteo1tb_pytorch/trial_1/meta_data_0.json.
I0524 00:15:47.217046 139837377217728 logger_utils.py:283] Unable to record workload.train_mean information. Continuing without it.
I0524 00:15:47.217043 139661955904704 logger_utils.py:283] Unable to record workload.train_mean information. Continuing without it.
I0524 00:15:47.217074 140477988070592 logger_utils.py:283] Unable to record workload.train_mean information. Continuing without it.
I0524 00:15:47.217166 140118296270016 logger_utils.py:283] Unable to record workload.train_mean information. Continuing without it.
I0524 00:15:47.217192 139661955904704 logger_utils.py:283] Unable to record workload.train_stddev information. Continuing without it.
I0524 00:15:47.217195 139837377217728 logger_utils.py:283] Unable to record workload.train_stddev information. Continuing without it.
I0524 00:15:47.217222 140118296270016 logger_utils.py:283] Unable to record workload.train_stddev information. Continuing without it.
I0524 00:15:47.217229 140477988070592 logger_utils.py:283] Unable to record workload.train_stddev information. Continuing without it.
I0524 00:15:47.827783 140118296270016 submission_runner.py:348] Saving flags to /experiment_runs/submissions_a100/muon_torch_jax_hps/study_1/criteo1tb_pytorch/trial_1/flags_0.json.
I0524 00:15:47.934950 140118296270016 submission_runner.py:359] Starting training loop.
I0524 00:16:35.174838 140118296270016 spec.py:333] Evaluating on the training split.
I0524 00:27:46.584259 140118296270016 spec.py:346] Evaluating on the validation split.
I0524 00:39:00.671232 140118296270016 spec.py:363] Evaluating on the test split.
I0524 00:51:42.969664 140118296270016 submission_runner.py:516] Time since start: 2155.03s, 	Step: 1, 	{'train/loss': 0.6960789790652222, 'validation/loss': 0.6935424232050272, 'validation/num_examples': 83274637, 'test/loss': 0.6961061584601151, 'test/num_examples': 95000000, 'score': 46.81416082382202, 'total_duration': 2155.0349123477936, 'accumulated_submission_time': 46.81416082382202, 'accumulated_eval_time': 2107.794939994812, 'accumulated_logging_time': 0}
I0524 00:51:43.052500 140077061502720 logging_writer.py:48] [1] accumulated_eval_time=2107.79, accumulated_logging_time=0, accumulated_submission_time=46.8142, global_step=1, preemption_count=0, score=46.8142, test/loss=0.696106, test/num_examples=95000000, total_duration=2155.03, train/loss=0.696079, validation/loss=0.693542, validation/num_examples=83274637
I0524 00:57:40.604505 140118296270016 spec.py:333] Evaluating on the training split.
I0524 01:08:25.644782 140118296270016 spec.py:346] Evaluating on the validation split.
I0524 01:12:19.725976 140118296270016 spec.py:363] Evaluating on the test split.
I0524 01:16:35.442637 140118296270016 submission_runner.py:516] Time since start: 3647.51s, 	Step: 188, 	{'train/loss': 0.695900461991753, 'validation/loss': 0.6935424232035614, 'validation/num_examples': 83274637, 'test/loss': 0.6961061584614001, 'test/num_examples': 95000000, 'score': 403.17896366119385, 'total_duration': 3647.5078790187836, 'accumulated_submission_time': 403.17896366119385, 'accumulated_eval_time': 3242.633111476898, 'accumulated_logging_time': 0.3674812316894531}
I0524 01:16:35.473855 140077053110016 logging_writer.py:48] [188] accumulated_eval_time=3242.63, accumulated_logging_time=0.367481, accumulated_submission_time=403.179, global_step=188, preemption_count=0, score=403.179, test/loss=0.696106, test/num_examples=95000000, total_duration=3647.51, train/loss=0.6959, validation/loss=0.693542, validation/num_examples=83274637
I0524 01:22:32.752760 140118296270016 spec.py:333] Evaluating on the training split.
I0524 01:32:51.020323 140118296270016 spec.py:346] Evaluating on the validation split.
I0524 01:36:37.103727 140118296270016 spec.py:363] Evaluating on the test split.
I0524 01:40:44.054833 140118296270016 submission_runner.py:516] Time since start: 5096.12s, 	Step: 375, 	{'train/loss': 0.6961498651818429, 'validation/loss': 0.6935424232035614, 'validation/num_examples': 83274637, 'test/loss': 0.6961061584614001, 'test/num_examples': 95000000, 'score': 759.5458657741547, 'total_duration': 5096.120091676712, 'accumulated_submission_time': 759.5458657741547, 'accumulated_eval_time': 4333.935217618942, 'accumulated_logging_time': 0.4060516357421875}
I0524 01:40:44.080277 140077061502720 logging_writer.py:48] [375] accumulated_eval_time=4333.94, accumulated_logging_time=0.406052, accumulated_submission_time=759.546, global_step=375, preemption_count=0, score=759.546, test/loss=0.696106, test/num_examples=95000000, total_duration=5096.12, train/loss=0.69615, validation/loss=0.693542, validation/num_examples=83274637
I0524 01:46:42.589556 140118296270016 spec.py:333] Evaluating on the training split.
I0524 01:56:40.071605 140118296270016 spec.py:346] Evaluating on the validation split.
I0524 02:00:29.346663 140118296270016 spec.py:363] Evaluating on the test split.
I0524 02:04:36.803526 140118296270016 submission_runner.py:516] Time since start: 6528.87s, 	Step: 565, 	{'train/loss': 0.696519421688009, 'validation/loss': 0.6935424232035614, 'validation/num_examples': 83274637, 'test/loss': 0.6961061584614001, 'test/num_examples': 95000000, 'score': 1117.126574754715, 'total_duration': 6528.868777751923, 'accumulated_submission_time': 1117.126574754715, 'accumulated_eval_time': 5408.14924788475, 'accumulated_logging_time': 0.43889951705932617}
I0524 02:04:36.841415 140077053110016 logging_writer.py:48] [565] accumulated_eval_time=5408.15, accumulated_logging_time=0.4389, accumulated_submission_time=1117.13, global_step=565, preemption_count=0, score=1117.13, test/loss=0.696106, test/num_examples=95000000, total_duration=6528.87, train/loss=0.696519, validation/loss=0.693542, validation/num_examples=83274637
I0524 02:10:35.100788 140118296270016 spec.py:333] Evaluating on the training split.
I0524 02:20:42.025631 140118296270016 spec.py:346] Evaluating on the validation split.
I0524 02:24:30.303630 140118296270016 spec.py:363] Evaluating on the test split.
I0524 02:28:38.235634 140118296270016 submission_runner.py:516] Time since start: 7970.30s, 	Step: 758, 	{'train/loss': 0.695782545364011, 'validation/loss': 0.6935424232035614, 'validation/num_examples': 83274637, 'test/loss': 0.6961061584614001, 'test/num_examples': 95000000, 'score': 1474.4610056877136, 'total_duration': 7970.3008732795715, 'accumulated_submission_time': 1474.4610056877136, 'accumulated_eval_time': 6491.284148931503, 'accumulated_logging_time': 0.48378634452819824}
I0524 02:28:38.265027 140077061502720 logging_writer.py:48] [758] accumulated_eval_time=6491.28, accumulated_logging_time=0.483786, accumulated_submission_time=1474.46, global_step=758, preemption_count=0, score=1474.46, test/loss=0.696106, test/num_examples=95000000, total_duration=7970.3, train/loss=0.695783, validation/loss=0.693542, validation/num_examples=83274637
I0524 02:34:35.653753 140118296270016 spec.py:333] Evaluating on the training split.
I0524 02:43:52.123314 140118296270016 spec.py:346] Evaluating on the validation split.
I0524 02:47:39.419646 140118296270016 spec.py:363] Evaluating on the test split.
I0524 02:51:44.820002 140118296270016 submission_runner.py:516] Time since start: 9356.89s, 	Step: 952, 	{'train/loss': 0.6963313056766904, 'validation/loss': 0.6935424232035614, 'validation/num_examples': 83274637, 'test/loss': 0.6961061584614001, 'test/num_examples': 95000000, 'score': 1830.9384741783142, 'total_duration': 9356.885283946991, 'accumulated_submission_time': 1830.9384741783142, 'accumulated_eval_time': 7520.450482606888, 'accumulated_logging_time': 0.5199415683746338}
I0524 02:51:44.843267 140077053110016 logging_writer.py:48] [952] accumulated_eval_time=7520.45, accumulated_logging_time=0.519942, accumulated_submission_time=1830.94, global_step=952, preemption_count=0, score=1830.94, test/loss=0.696106, test/num_examples=95000000, total_duration=9356.89, train/loss=0.696331, validation/loss=0.693542, validation/num_examples=83274637
I0524 02:57:42.551655 140118296270016 spec.py:333] Evaluating on the training split.
I0524 03:08:01.424794 140118296270016 spec.py:346] Evaluating on the validation split.
I0524 03:11:48.305402 140118296270016 spec.py:363] Evaluating on the test split.
I0524 03:15:53.751766 140118296270016 submission_runner.py:516] Time since start: 10805.82s, 	Step: 1166, 	{'train/loss': 0.6963368113244844, 'validation/loss': 0.6935424232020956, 'validation/num_examples': 83274637, 'test/loss': 0.6961061584614001, 'test/num_examples': 95000000, 'score': 2187.766353368759, 'total_duration': 10805.816993236542, 'accumulated_submission_time': 2187.766353368759, 'accumulated_eval_time': 8611.650599002838, 'accumulated_logging_time': 0.5500946044921875}
I0524 03:15:53.780292 140077061502720 logging_writer.py:48] [1166] accumulated_eval_time=8611.65, accumulated_logging_time=0.550095, accumulated_submission_time=2187.77, global_step=1166, preemption_count=0, score=2187.77, test/loss=0.696106, test/num_examples=95000000, total_duration=10805.8, train/loss=0.696337, validation/loss=0.693542, validation/num_examples=83274637
I0524 03:21:50.965215 140118296270016 spec.py:333] Evaluating on the training split.
I0524 03:30:42.255538 140118296270016 spec.py:346] Evaluating on the validation split.
I0524 03:34:27.376519 140118296270016 spec.py:363] Evaluating on the test split.
I0524 03:38:31.735233 140118296270016 submission_runner.py:516] Time since start: 12163.80s, 	Step: 1371, 	{'train/loss': 0.6962840714714154, 'validation/loss': 0.6935424232020956, 'validation/num_examples': 83274637, 'test/loss': 0.6961061584601151, 'test/num_examples': 95000000, 'score': 2544.1057589054108, 'total_duration': 12163.800516366959, 'accumulated_submission_time': 2544.1057589054108, 'accumulated_eval_time': 9612.420689821243, 'accumulated_logging_time': 0.5856585502624512}
I0524 03:38:31.760184 140077053110016 logging_writer.py:48] [1371] accumulated_eval_time=9612.42, accumulated_logging_time=0.585659, accumulated_submission_time=2544.11, global_step=1371, preemption_count=0, score=2544.11, test/loss=0.696106, test/num_examples=95000000, total_duration=12163.8, train/loss=0.696284, validation/loss=0.693542, validation/num_examples=83274637
I0524 03:44:29.429884 140118296270016 spec.py:333] Evaluating on the training split.
I0524 03:52:11.540661 140118296270016 spec.py:346] Evaluating on the validation split.
I0524 03:55:54.609219 140118296270016 spec.py:363] Evaluating on the test split.
I0524 03:59:54.188657 140118296270016 submission_runner.py:516] Time since start: 13446.25s, 	Step: 1599, 	{'train/loss': 0.6962694104584258, 'validation/loss': 0.6935424232020956, 'validation/num_examples': 83274637, 'test/loss': 0.6961061584601151, 'test/num_examples': 95000000, 'score': 2900.925681114197, 'total_duration': 13446.253922224045, 'accumulated_submission_time': 2900.925681114197, 'accumulated_eval_time': 10537.179516077042, 'accumulated_logging_time': 0.6174538135528564}
I0524 03:59:54.214146 140077061502720 logging_writer.py:48] [1599] accumulated_eval_time=10537.2, accumulated_logging_time=0.617454, accumulated_submission_time=2900.93, global_step=1599, preemption_count=0, score=2900.93, test/loss=0.696106, test/num_examples=95000000, total_duration=13446.3, train/loss=0.696269, validation/loss=0.693542, validation/num_examples=83274637
I0524 04:05:50.705478 140118296270016 spec.py:333] Evaluating on the training split.
I0524 04:14:10.141267 140118296270016 spec.py:346] Evaluating on the validation split.
I0524 04:17:47.341829 140118296270016 spec.py:363] Evaluating on the test split.
I0524 04:21:44.926206 140118296270016 submission_runner.py:516] Time since start: 14756.99s, 	Step: 1805, 	{'train/loss': 0.6962623143293434, 'validation/loss': 0.6935424232020956, 'validation/num_examples': 83274637, 'test/loss': 0.6961061584601151, 'test/num_examples': 95000000, 'score': 3256.5743565559387, 'total_duration': 14756.991478204727, 'accumulated_submission_time': 3256.5743565559387, 'accumulated_eval_time': 11491.40030503273, 'accumulated_logging_time': 0.6497273445129395}
I0524 04:21:44.952522 140077053110016 logging_writer.py:48] [1805] accumulated_eval_time=11491.4, accumulated_logging_time=0.649727, accumulated_submission_time=3256.57, global_step=1805, preemption_count=0, score=3256.57, test/loss=0.696106, test/num_examples=95000000, total_duration=14757, train/loss=0.696262, validation/loss=0.693542, validation/num_examples=83274637
I0524 04:27:41.730974 140118296270016 spec.py:333] Evaluating on the training split.
I0524 04:35:38.929074 140118296270016 spec.py:346] Evaluating on the validation split.
I0524 04:39:04.672142 140118296270016 spec.py:363] Evaluating on the test split.
I0524 04:42:49.859978 140118296270016 submission_runner.py:516] Time since start: 16021.93s, 	Step: 2015, 	{'train/loss': 0.6960755845452302, 'validation/loss': 0.6935424232035614, 'validation/num_examples': 83274637, 'test/loss': 0.6961061584601151, 'test/num_examples': 95000000, 'score': 3612.5044016838074, 'total_duration': 16021.925263881683, 'accumulated_submission_time': 3612.5044016838074, 'accumulated_eval_time': 12399.529402971268, 'accumulated_logging_time': 0.6848533153533936}
I0524 04:42:49.884987 140077061502720 logging_writer.py:48] [2015] accumulated_eval_time=12399.5, accumulated_logging_time=0.684853, accumulated_submission_time=3612.5, global_step=2015, preemption_count=0, score=3612.5, test/loss=0.696106, test/num_examples=95000000, total_duration=16021.9, train/loss=0.696076, validation/loss=0.693542, validation/num_examples=83274637
I0524 04:48:46.463243 140118296270016 spec.py:333] Evaluating on the training split.
I0524 04:57:04.450255 140118296270016 spec.py:346] Evaluating on the validation split.
I0524 05:00:07.886406 140118296270016 spec.py:363] Evaluating on the test split.
I0524 05:03:32.424163 140118296270016 submission_runner.py:516] Time since start: 17264.49s, 	Step: 2213, 	{'train/loss': 0.6963361633790189, 'validation/loss': 0.6935424232035614, 'validation/num_examples': 83274637, 'test/loss': 0.6961061584588302, 'test/num_examples': 95000000, 'score': 3968.2531695365906, 'total_duration': 17264.48944211006, 'accumulated_submission_time': 3968.2531695365906, 'accumulated_eval_time': 13285.490350484848, 'accumulated_logging_time': 0.7165443897247314}
I0524 05:03:32.448386 140077053110016 logging_writer.py:48] [2213] accumulated_eval_time=13285.5, accumulated_logging_time=0.716544, accumulated_submission_time=3968.25, global_step=2213, preemption_count=0, score=3968.25, test/loss=0.696106, test/num_examples=95000000, total_duration=17264.5, train/loss=0.696336, validation/loss=0.693542, validation/num_examples=83274637
I0524 05:09:30.269028 140118296270016 spec.py:333] Evaluating on the training split.
I0524 05:14:49.810646 140118296270016 spec.py:346] Evaluating on the validation split.
I0524 05:17:07.942931 140118296270016 spec.py:363] Evaluating on the test split.
I0524 05:19:55.365992 140118296270016 submission_runner.py:516] Time since start: 18247.43s, 	Step: 2419, 	{'train/loss': 0.6966298241377135, 'validation/loss': 0.6935424232035614, 'validation/num_examples': 83274637, 'test/loss': 0.6961061584588302, 'test/num_examples': 95000000, 'score': 4325.2411868572235, 'total_duration': 18247.43128848076, 'accumulated_submission_time': 4325.2411868572235, 'accumulated_eval_time': 13910.587413787842, 'accumulated_logging_time': 0.7476930618286133}
I0524 05:19:55.397945 140077061502720 logging_writer.py:48] [2419] accumulated_eval_time=13910.6, accumulated_logging_time=0.747693, accumulated_submission_time=4325.24, global_step=2419, preemption_count=0, score=4325.24, test/loss=0.696106, test/num_examples=95000000, total_duration=18247.4, train/loss=0.69663, validation/loss=0.693542, validation/num_examples=83274637
I0524 05:25:54.162037 140118296270016 spec.py:333] Evaluating on the training split.
I0524 05:29:16.448383 140118296270016 spec.py:346] Evaluating on the validation split.
I0524 05:30:49.163418 140118296270016 spec.py:363] Evaluating on the test split.
I0524 05:32:52.152900 140118296270016 submission_runner.py:516] Time since start: 19024.22s, 	Step: 2634, 	{'train/loss': 0.6961303470411123, 'validation/loss': 0.6935424232035614, 'validation/num_examples': 83274637, 'test/loss': 0.6961061584588302, 'test/num_examples': 95000000, 'score': 4683.164931297302, 'total_duration': 19024.218178510666, 'accumulated_submission_time': 4683.164931297302, 'accumulated_eval_time': 14328.578340053558, 'accumulated_logging_time': 0.7866363525390625}
I0524 05:32:52.179855 140077053110016 logging_writer.py:48] [2634] accumulated_eval_time=14328.6, accumulated_logging_time=0.786636, accumulated_submission_time=4683.16, global_step=2634, preemption_count=0, score=4683.16, test/loss=0.696106, test/num_examples=95000000, total_duration=19024.2, train/loss=0.69613, validation/loss=0.693542, validation/num_examples=83274637
I0524 05:38:50.510436 140118296270016 spec.py:333] Evaluating on the training split.
I0524 05:40:26.020548 140118296270016 spec.py:346] Evaluating on the validation split.
I0524 05:41:24.574199 140118296270016 spec.py:363] Evaluating on the test split.
I0524 05:42:41.242040 140118296270016 submission_runner.py:516] Time since start: 19613.31s, 	Step: 2845, 	{'train/loss': 0.6959554651224799, 'validation/loss': 0.6935424232035614, 'validation/num_examples': 83274637, 'test/loss': 0.6961061584588302, 'test/num_examples': 95000000, 'score': 5040.651244401932, 'total_duration': 19613.30725121498, 'accumulated_submission_time': 5040.651244401932, 'accumulated_eval_time': 14559.309943199158, 'accumulated_logging_time': 0.8205819129943848}
I0524 05:42:41.266754 140077061502720 logging_writer.py:48] [2845] accumulated_eval_time=14559.3, accumulated_logging_time=0.820582, accumulated_submission_time=5040.65, global_step=2845, preemption_count=0, score=5040.65, test/loss=0.696106, test/num_examples=95000000, total_duration=19613.3, train/loss=0.695955, validation/loss=0.693542, validation/num_examples=83274637
I0524 05:48:39.707869 140118296270016 spec.py:333] Evaluating on the training split.
I0524 05:49:38.054674 140118296270016 spec.py:346] Evaluating on the validation split.
I0524 05:50:36.510559 140118296270016 spec.py:363] Evaluating on the test split.
I0524 05:51:43.538031 140118296270016 submission_runner.py:516] Time since start: 20155.60s, 	Step: 3055, 	{'train/loss': 0.6958299778796148, 'validation/loss': 0.6935424232035614, 'validation/num_examples': 83274637, 'test/loss': 0.6961061584575452, 'test/num_examples': 95000000, 'score': 5398.236721992493, 'total_duration': 20155.603308439255, 'accumulated_submission_time': 5398.236721992493, 'accumulated_eval_time': 14743.140197753906, 'accumulated_logging_time': 0.8524148464202881}
I0524 05:51:43.562532 140077053110016 logging_writer.py:48] [3055] accumulated_eval_time=14743.1, accumulated_logging_time=0.852415, accumulated_submission_time=5398.24, global_step=3055, preemption_count=0, score=5398.24, test/loss=0.696106, test/num_examples=95000000, total_duration=20155.6, train/loss=0.69583, validation/loss=0.693542, validation/num_examples=83274637
I0524 05:57:41.309847 140118296270016 spec.py:333] Evaluating on the training split.
I0524 05:58:51.798207 140118296270016 spec.py:346] Evaluating on the validation split.
I0524 05:59:50.416960 140118296270016 spec.py:363] Evaluating on the test split.
I0524 06:00:57.746806 140118296270016 submission_runner.py:516] Time since start: 20709.81s, 	Step: 3268, 	{'train/loss': 0.6957892142991111, 'validation/loss': 0.6935424232035614, 'validation/num_examples': 83274637, 'test/loss': 0.6961061584575452, 'test/num_examples': 95000000, 'score': 5755.127372741699, 'total_duration': 20709.81206679344, 'accumulated_submission_time': 5755.127372741699, 'accumulated_eval_time': 14939.57721734047, 'accumulated_logging_time': 0.8839926719665527}
I0524 06:00:57.773043 140077061502720 logging_writer.py:48] [3268] accumulated_eval_time=14939.6, accumulated_logging_time=0.883993, accumulated_submission_time=5755.13, global_step=3268, preemption_count=0, score=5755.13, test/loss=0.696106, test/num_examples=95000000, total_duration=20709.8, train/loss=0.695789, validation/loss=0.693542, validation/num_examples=83274637
I0524 06:06:55.822107 140118296270016 spec.py:333] Evaluating on the training split.
I0524 06:08:42.160346 140118296270016 spec.py:346] Evaluating on the validation split.
I0524 06:09:40.851503 140118296270016 spec.py:363] Evaluating on the test split.
I0524 06:10:48.088195 140118296270016 submission_runner.py:516] Time since start: 21300.15s, 	Step: 3503, 	{'train/loss': 0.6963318343058642, 'validation/loss': 0.6935424232006296, 'validation/num_examples': 83274637, 'test/loss': 0.6961061584575452, 'test/num_examples': 95000000, 'score': 6112.313086509705, 'total_duration': 21300.153492689133, 'accumulated_submission_time': 6112.313086509705, 'accumulated_eval_time': 15171.843372106552, 'accumulated_logging_time': 0.9170944690704346}
I0524 06:10:48.117948 140077053110016 logging_writer.py:48] [3503] accumulated_eval_time=15171.8, accumulated_logging_time=0.917094, accumulated_submission_time=6112.31, global_step=3503, preemption_count=0, score=6112.31, test/loss=0.696106, test/num_examples=95000000, total_duration=21300.2, train/loss=0.696332, validation/loss=0.693542, validation/num_examples=83274637
I0524 06:16:46.038336 140118296270016 spec.py:333] Evaluating on the training split.
I0524 06:18:43.003297 140118296270016 spec.py:346] Evaluating on the validation split.
I0524 06:19:41.638616 140118296270016 spec.py:363] Evaluating on the test split.
I0524 06:20:48.818007 140118296270016 submission_runner.py:516] Time since start: 21900.88s, 	Step: 3716, 	{'train/loss': 0.6960627522884615, 'validation/loss': 0.6935424232006296, 'validation/num_examples': 83274637, 'test/loss': 0.6961061584549754, 'test/num_examples': 95000000, 'score': 6469.380140542984, 'total_duration': 21900.88330936432, 'accumulated_submission_time': 6469.380140542984, 'accumulated_eval_time': 15414.623128652573, 'accumulated_logging_time': 0.9539244174957275}
I0524 06:20:48.849248 140077061502720 logging_writer.py:48] [3716] accumulated_eval_time=15414.6, accumulated_logging_time=0.953924, accumulated_submission_time=6469.38, global_step=3716, preemption_count=0, score=6469.38, test/loss=0.696106, test/num_examples=95000000, total_duration=21900.9, train/loss=0.696063, validation/loss=0.693542, validation/num_examples=83274637
I0524 06:26:45.581225 140118296270016 spec.py:333] Evaluating on the training split.
I0524 06:29:50.109829 140118296270016 spec.py:346] Evaluating on the validation split.
I0524 06:30:48.858662 140118296270016 spec.py:363] Evaluating on the test split.
I0524 06:31:56.192539 140118296270016 submission_runner.py:516] Time since start: 22568.26s, 	Step: 3919, 	{'train/loss': 0.6958123472173477, 'validation/loss': 0.6935424232006296, 'validation/num_examples': 83274637, 'test/loss': 0.6961061584549754, 'test/num_examples': 95000000, 'score': 6825.263583898544, 'total_duration': 22568.257820367813, 'accumulated_submission_time': 6825.263583898544, 'accumulated_eval_time': 15725.234520673752, 'accumulated_logging_time': 0.9922895431518555}
I0524 06:31:56.217945 140077053110016 logging_writer.py:48] [3919] accumulated_eval_time=15725.2, accumulated_logging_time=0.99229, accumulated_submission_time=6825.26, global_step=3919, preemption_count=0, score=6825.26, test/loss=0.696106, test/num_examples=95000000, total_duration=22568.3, train/loss=0.695812, validation/loss=0.693542, validation/num_examples=83274637
I0524 06:37:54.458706 140118296270016 spec.py:333] Evaluating on the training split.
I0524 06:40:55.411623 140118296270016 spec.py:346] Evaluating on the validation split.
I0524 06:41:54.122982 140118296270016 spec.py:363] Evaluating on the test split.
I0524 06:43:01.441246 140118296270016 submission_runner.py:516] Time since start: 23233.51s, 	Step: 4117, 	{'train/loss': 0.6960277980383681, 'validation/loss': 0.6935424232006296, 'validation/num_examples': 83274637, 'test/loss': 0.6961061584549754, 'test/num_examples': 95000000, 'score': 7182.6554646492, 'total_duration': 23233.50653719902, 'accumulated_submission_time': 7182.6554646492, 'accumulated_eval_time': 16032.217156887054, 'accumulated_logging_time': 1.0248007774353027}
I0524 06:43:01.467107 140077061502720 logging_writer.py:48] [4117] accumulated_eval_time=16032.2, accumulated_logging_time=1.0248, accumulated_submission_time=7182.66, global_step=4117, preemption_count=0, score=7182.66, test/loss=0.696106, test/num_examples=95000000, total_duration=23233.5, train/loss=0.696028, validation/loss=0.693542, validation/num_examples=83274637
I0524 06:49:00.156965 140118296270016 spec.py:333] Evaluating on the training split.
I0524 06:51:21.408495 140118296270016 spec.py:346] Evaluating on the validation split.
I0524 06:52:19.949748 140118296270016 spec.py:363] Evaluating on the test split.
I0524 06:53:27.229230 140118296270016 submission_runner.py:516] Time since start: 23859.29s, 	Step: 4334, 	{'train/loss': 0.6965347814109648, 'validation/loss': 0.6935424231991638, 'validation/num_examples': 83274637, 'test/loss': 0.6961061584549754, 'test/num_examples': 95000000, 'score': 7540.4881246089935, 'total_duration': 23859.29452753067, 'accumulated_submission_time': 7540.4881246089935, 'accumulated_eval_time': 16299.289513111115, 'accumulated_logging_time': 1.0578749179840088}
I0524 06:53:27.255363 140077053110016 logging_writer.py:48] [4334] accumulated_eval_time=16299.3, accumulated_logging_time=1.05787, accumulated_submission_time=7540.49, global_step=4334, preemption_count=0, score=7540.49, test/loss=0.696106, test/num_examples=95000000, total_duration=23859.3, train/loss=0.696535, validation/loss=0.693542, validation/num_examples=83274637
I0524 06:59:25.711006 140118296270016 spec.py:333] Evaluating on the training split.
I0524 07:02:52.841922 140118296270016 spec.py:346] Evaluating on the validation split.
I0524 07:03:51.401406 140118296270016 spec.py:363] Evaluating on the test split.
I0524 07:04:58.907520 140118296270016 submission_runner.py:516] Time since start: 24550.97s, 	Step: 4556, 	{'train/loss': 0.6957480268973946, 'validation/loss': 0.6935424231991638, 'validation/num_examples': 83274637, 'test/loss': 0.6961061584549754, 'test/num_examples': 95000000, 'score': 7898.085413694382, 'total_duration': 24550.972817897797, 'accumulated_submission_time': 7898.085413694382, 'accumulated_eval_time': 16632.486111164093, 'accumulated_logging_time': 1.0910594463348389}
I0524 07:04:58.931414 140077061502720 logging_writer.py:48] [4556] accumulated_eval_time=16632.5, accumulated_logging_time=1.09106, accumulated_submission_time=7898.09, global_step=4556, preemption_count=0, score=7898.09, test/loss=0.696106, test/num_examples=95000000, total_duration=24551, train/loss=0.695748, validation/loss=0.693542, validation/num_examples=83274637
I0524 07:10:57.084784 140118296270016 spec.py:333] Evaluating on the training split.
I0524 07:12:22.281222 140118296270016 spec.py:346] Evaluating on the validation split.
I0524 07:13:20.893784 140118296270016 spec.py:363] Evaluating on the test split.
I0524 07:14:28.360324 140118296270016 submission_runner.py:516] Time since start: 25120.43s, 	Step: 4757, 	{'train/loss': 0.6961604147173278, 'validation/loss': 0.6935424231991638, 'validation/num_examples': 83274637, 'test/loss': 0.6961061584549754, 'test/num_examples': 95000000, 'score': 8255.38905787468, 'total_duration': 25120.425601005554, 'accumulated_submission_time': 8255.38905787468, 'accumulated_eval_time': 16843.761687517166, 'accumulated_logging_time': 1.1219935417175293}
I0524 07:14:28.385679 140077053110016 logging_writer.py:48] [4757] accumulated_eval_time=16843.8, accumulated_logging_time=1.12199, accumulated_submission_time=8255.39, global_step=4757, preemption_count=0, score=8255.39, test/loss=0.696106, test/num_examples=95000000, total_duration=25120.4, train/loss=0.69616, validation/loss=0.693542, validation/num_examples=83274637
I0524 07:20:25.839570 140118296270016 spec.py:333] Evaluating on the training split.
I0524 07:22:16.735334 140118296270016 spec.py:346] Evaluating on the validation split.
I0524 07:23:15.418449 140118296270016 spec.py:363] Evaluating on the test split.
I0524 07:24:22.806247 140118296270016 submission_runner.py:516] Time since start: 25714.87s, 	Step: 4960, 	{'train/loss': 0.6957591329016907, 'validation/loss': 0.6935424231991638, 'validation/num_examples': 83274637, 'test/loss': 0.6961061584549754, 'test/num_examples': 95000000, 'score': 8611.996334552765, 'total_duration': 25714.871541261673, 'accumulated_submission_time': 8611.996334552765, 'accumulated_eval_time': 17080.728461503983, 'accumulated_logging_time': 1.154433012008667}
I0524 07:24:22.831993 140077061502720 logging_writer.py:48] [4960] accumulated_eval_time=17080.7, accumulated_logging_time=1.15443, accumulated_submission_time=8612, global_step=4960, preemption_count=0, score=8612, test/loss=0.696106, test/num_examples=95000000, total_duration=25714.9, train/loss=0.695759, validation/loss=0.693542, validation/num_examples=83274637
I0524 07:30:19.235159 140118296270016 spec.py:333] Evaluating on the training split.
I0524 07:32:42.538212 140118296270016 spec.py:346] Evaluating on the validation split.
I0524 07:33:41.177841 140118296270016 spec.py:363] Evaluating on the test split.
I0524 07:34:48.313273 140118296270016 submission_runner.py:516] Time since start: 26340.38s, 	Step: 5172, 	{'train/loss': 0.696320826916591, 'validation/loss': 0.6935424232006296, 'validation/num_examples': 83274637, 'test/loss': 0.6961061584549754, 'test/num_examples': 95000000, 'score': 8967.546416521072, 'total_duration': 26340.378558397293, 'accumulated_submission_time': 8967.546416521072, 'accumulated_eval_time': 17349.80665063858, 'accumulated_logging_time': 1.1871259212493896}
I0524 07:34:48.339698 140077053110016 logging_writer.py:48] [5172] accumulated_eval_time=17349.8, accumulated_logging_time=1.18713, accumulated_submission_time=8967.55, global_step=5172, preemption_count=0, score=8967.55, test/loss=0.696106, test/num_examples=95000000, total_duration=26340.4, train/loss=0.696321, validation/loss=0.693542, validation/num_examples=83274637
I0524 07:40:45.987312 140118296270016 spec.py:333] Evaluating on the training split.
I0524 07:43:11.496574 140118296270016 spec.py:346] Evaluating on the validation split.
I0524 07:44:10.282977 140118296270016 spec.py:363] Evaluating on the test split.
I0524 07:45:17.817752 140118296270016 submission_runner.py:516] Time since start: 26969.88s, 	Step: 5378, 	{'train/loss': 0.6961417341798679, 'validation/loss': 0.6935424232006296, 'validation/num_examples': 83274637, 'test/loss': 0.6961061584549754, 'test/num_examples': 95000000, 'score': 9324.340333223343, 'total_duration': 26969.883033514023, 'accumulated_submission_time': 9324.340333223343, 'accumulated_eval_time': 17621.63716173172, 'accumulated_logging_time': 1.2205328941345215}
I0524 07:45:17.841735 140077061502720 logging_writer.py:48] [5378] accumulated_eval_time=17621.6, accumulated_logging_time=1.22053, accumulated_submission_time=9324.34, global_step=5378, preemption_count=0, score=9324.34, test/loss=0.696106, test/num_examples=95000000, total_duration=26969.9, train/loss=0.696142, validation/loss=0.693542, validation/num_examples=83274637
I0524 07:51:15.445218 140118296270016 spec.py:333] Evaluating on the training split.
I0524 07:52:58.085019 140118296270016 spec.py:346] Evaluating on the validation split.
I0524 07:53:56.970182 140118296270016 spec.py:363] Evaluating on the test split.
I0524 07:55:04.819819 140118296270016 submission_runner.py:516] Time since start: 27556.89s, 	Step: 5571, 	{'train/loss': 0.6965204439727476, 'validation/loss': 0.6935424232006296, 'validation/num_examples': 83274637, 'test/loss': 0.6961061584549754, 'test/num_examples': 95000000, 'score': 9681.095840930939, 'total_duration': 27556.885098934174, 'accumulated_submission_time': 9681.095840930939, 'accumulated_eval_time': 17851.01183438301, 'accumulated_logging_time': 1.2514667510986328}
I0524 07:55:04.843841 140077053110016 logging_writer.py:48] [5571] accumulated_eval_time=17851, accumulated_logging_time=1.25147, accumulated_submission_time=9681.1, global_step=5571, preemption_count=0, score=9681.1, test/loss=0.696106, test/num_examples=95000000, total_duration=27556.9, train/loss=0.69652, validation/loss=0.693542, validation/num_examples=83274637
I0524 08:01:02.621008 140118296270016 spec.py:333] Evaluating on the training split.
I0524 08:02:02.295228 140118296270016 spec.py:346] Evaluating on the validation split.
I0524 08:03:01.337925 140118296270016 spec.py:363] Evaluating on the test split.
I0524 08:04:08.987189 140118296270016 submission_runner.py:516] Time since start: 28101.05s, 	Step: 5775, 	{'train/loss': 0.6958684133684192, 'validation/loss': 0.6935424232006296, 'validation/num_examples': 83274637, 'test/loss': 0.6961061584549754, 'test/num_examples': 95000000, 'score': 10038.019294977188, 'total_duration': 28101.052488565445, 'accumulated_submission_time': 10038.019294977188, 'accumulated_eval_time': 18037.378085374832, 'accumulated_logging_time': 1.2826454639434814}
I0524 08:04:09.013554 140077061502720 logging_writer.py:48] [5775] accumulated_eval_time=18037.4, accumulated_logging_time=1.28265, accumulated_submission_time=10038, global_step=5775, preemption_count=0, score=10038, test/loss=0.696106, test/num_examples=95000000, total_duration=28101.1, train/loss=0.695868, validation/loss=0.693542, validation/num_examples=83274637
I0524 08:10:05.389323 140118296270016 spec.py:333] Evaluating on the training split.
I0524 08:12:41.676342 140118296270016 spec.py:346] Evaluating on the validation split.
I0524 08:13:40.109087 140118296270016 spec.py:363] Evaluating on the test split.
I0524 08:14:47.319503 140118296270016 submission_runner.py:516] Time since start: 28739.38s, 	Step: 5965, 	{'train/loss': 0.6964201232843129, 'validation/loss': 0.6935424232006296, 'validation/num_examples': 83274637, 'test/loss': 0.6961061584549754, 'test/num_examples': 95000000, 'score': 10393.553532838821, 'total_duration': 28739.384793281555, 'accumulated_submission_time': 10393.553532838821, 'accumulated_eval_time': 18319.308347940445, 'accumulated_logging_time': 1.3160629272460938}
I0524 08:14:47.344791 140077053110016 logging_writer.py:48] [5965] accumulated_eval_time=18319.3, accumulated_logging_time=1.31606, accumulated_submission_time=10393.6, global_step=5965, preemption_count=0, score=10393.6, test/loss=0.696106, test/num_examples=95000000, total_duration=28739.4, train/loss=0.69642, validation/loss=0.693542, validation/num_examples=83274637
I0524 08:20:43.816275 140118296270016 spec.py:333] Evaluating on the training split.
I0524 08:22:28.209879 140118296270016 spec.py:346] Evaluating on the validation split.
I0524 08:23:26.848042 140118296270016 spec.py:363] Evaluating on the test split.
I0524 08:24:33.909140 140118296270016 submission_runner.py:516] Time since start: 29325.97s, 	Step: 6197, 	{'train/loss': 0.6968234058805931, 'validation/loss': 0.6935424232006296, 'validation/num_examples': 83274637, 'test/loss': 0.6961061584549754, 'test/num_examples': 95000000, 'score': 10749.1583943367, 'total_duration': 29325.974432468414, 'accumulated_submission_time': 10749.1583943367, 'accumulated_eval_time': 18549.40131545067, 'accumulated_logging_time': 1.3483819961547852}
I0524 08:24:33.934960 140077061502720 logging_writer.py:48] [6197] accumulated_eval_time=18549.4, accumulated_logging_time=1.34838, accumulated_submission_time=10749.2, global_step=6197, preemption_count=0, score=10749.2, test/loss=0.696106, test/num_examples=95000000, total_duration=29326, train/loss=0.696823, validation/loss=0.693542, validation/num_examples=83274637
I0524 08:30:30.521151 140118296270016 spec.py:333] Evaluating on the training split.
I0524 08:31:55.135255 140118296270016 spec.py:346] Evaluating on the validation split.
I0524 08:32:53.600504 140118296270016 spec.py:363] Evaluating on the test split.
I0524 08:34:00.604145 140118296270016 submission_runner.py:516] Time since start: 29892.67s, 	Step: 6390, 	{'train/loss': 0.6953571835914255, 'validation/loss': 0.6935424232006296, 'validation/num_examples': 83274637, 'test/loss': 0.6961061584549754, 'test/num_examples': 95000000, 'score': 11104.90382552147, 'total_duration': 29892.669409513474, 'accumulated_submission_time': 11104.90382552147, 'accumulated_eval_time': 18759.484367847443, 'accumulated_logging_time': 1.38132905960083}
I0524 08:34:00.630767 140077053110016 logging_writer.py:48] [6390] accumulated_eval_time=18759.5, accumulated_logging_time=1.38133, accumulated_submission_time=11104.9, global_step=6390, preemption_count=0, score=11104.9, test/loss=0.696106, test/num_examples=95000000, total_duration=29892.7, train/loss=0.695357, validation/loss=0.693542, validation/num_examples=83274637
I0524 08:39:58.800785 140118296270016 spec.py:333] Evaluating on the training split.
I0524 08:41:32.204010 140118296270016 spec.py:346] Evaluating on the validation split.
I0524 08:42:30.836947 140118296270016 spec.py:363] Evaluating on the test split.
I0524 08:43:37.860168 140118296270016 submission_runner.py:516] Time since start: 30469.93s, 	Step: 6605, 	{'train/loss': 0.6959973245261106, 'validation/loss': 0.6935424232006296, 'validation/num_examples': 83274637, 'test/loss': 0.6961061584549754, 'test/num_examples': 95000000, 'score': 11462.228756427765, 'total_duration': 30469.92543745041, 'accumulated_submission_time': 11462.228756427765, 'accumulated_eval_time': 18978.54376935959, 'accumulated_logging_time': 1.4150702953338623}
I0524 08:43:37.884708 140077061502720 logging_writer.py:48] [6605] accumulated_eval_time=18978.5, accumulated_logging_time=1.41507, accumulated_submission_time=11462.2, global_step=6605, preemption_count=0, score=11462.2, test/loss=0.696106, test/num_examples=95000000, total_duration=30469.9, train/loss=0.695997, validation/loss=0.693542, validation/num_examples=83274637
I0524 08:49:34.339058 140118296270016 spec.py:333] Evaluating on the training split.
I0524 08:51:26.548887 140118296270016 spec.py:346] Evaluating on the validation split.
I0524 08:52:25.066038 140118296270016 spec.py:363] Evaluating on the test split.
I0524 08:53:32.125079 140118296270016 submission_runner.py:516] Time since start: 31064.19s, 	Step: 6806, 	{'train/loss': 0.6958245694909935, 'validation/loss': 0.6935424232006296, 'validation/num_examples': 83274637, 'test/loss': 0.6961061584549754, 'test/num_examples': 95000000, 'score': 11817.834692001343, 'total_duration': 31064.190360069275, 'accumulated_submission_time': 11817.834692001343, 'accumulated_eval_time': 19216.329852819443, 'accumulated_logging_time': 1.446786880493164}
I0524 08:53:32.151081 140077053110016 logging_writer.py:48] [6806] accumulated_eval_time=19216.3, accumulated_logging_time=1.44679, accumulated_submission_time=11817.8, global_step=6806, preemption_count=0, score=11817.8, test/loss=0.696106, test/num_examples=95000000, total_duration=31064.2, train/loss=0.695825, validation/loss=0.693542, validation/num_examples=83274637
I0524 08:59:28.830574 140118296270016 spec.py:333] Evaluating on the training split.
I0524 09:00:52.016851 140118296270016 spec.py:346] Evaluating on the validation split.
I0524 09:01:50.537876 140118296270016 spec.py:363] Evaluating on the test split.
I0524 09:02:57.616742 140118296270016 submission_runner.py:516] Time since start: 31629.68s, 	Step: 6997, 	{'train/loss': 0.6960440006252937, 'validation/loss': 0.6935424232006296, 'validation/num_examples': 83274637, 'test/loss': 0.6961061584549754, 'test/num_examples': 95000000, 'score': 12173.673740148544, 'total_duration': 31629.682015180588, 'accumulated_submission_time': 12173.673740148544, 'accumulated_eval_time': 19425.11609697342, 'accumulated_logging_time': 1.479853630065918}
I0524 09:02:57.645188 140077061502720 logging_writer.py:48] [6997] accumulated_eval_time=19425.1, accumulated_logging_time=1.47985, accumulated_submission_time=12173.7, global_step=6997, preemption_count=0, score=12173.7, test/loss=0.696106, test/num_examples=95000000, total_duration=31629.7, train/loss=0.696044, validation/loss=0.693542, validation/num_examples=83274637
I0524 09:08:54.846266 140118296270016 spec.py:333] Evaluating on the training split.
I0524 09:10:53.466355 140118296270016 spec.py:346] Evaluating on the validation split.
I0524 09:11:51.798410 140118296270016 spec.py:363] Evaluating on the test split.
I0524 09:12:58.792956 140118296270016 submission_runner.py:516] Time since start: 32230.86s, 	Step: 7189, 	{'train/loss': 0.6957794054521835, 'validation/loss': 0.6935424232006296, 'validation/num_examples': 83274637, 'test/loss': 0.6961061584549754, 'test/num_examples': 95000000, 'score': 12530.035318613052, 'total_duration': 32230.858241319656, 'accumulated_submission_time': 12530.035318613052, 'accumulated_eval_time': 19669.062869548798, 'accumulated_logging_time': 1.5157525539398193}
I0524 09:12:58.822459 140077053110016 logging_writer.py:48] [7189] accumulated_eval_time=19669.1, accumulated_logging_time=1.51575, accumulated_submission_time=12530, global_step=7189, preemption_count=0, score=12530, test/loss=0.696106, test/num_examples=95000000, total_duration=32230.9, train/loss=0.695779, validation/loss=0.693542, validation/num_examples=83274637
I0524 09:18:56.413600 140118296270016 spec.py:333] Evaluating on the training split.
I0524 09:19:56.600565 140118296270016 spec.py:346] Evaluating on the validation split.
I0524 09:20:55.321373 140118296270016 spec.py:363] Evaluating on the test split.
I0524 09:22:02.483228 140118296270016 submission_runner.py:516] Time since start: 32774.55s, 	Step: 7381, 	{'train/loss': 0.6968595192844816, 'validation/loss': 0.6935424232006296, 'validation/num_examples': 83274637, 'test/loss': 0.6961061584549754, 'test/num_examples': 95000000, 'score': 12886.782001256943, 'total_duration': 32774.548506975174, 'accumulated_submission_time': 12886.782001256943, 'accumulated_eval_time': 19855.13254928589, 'accumulated_logging_time': 1.5523958206176758}
I0524 09:22:02.514497 140077061502720 logging_writer.py:48] [7381] accumulated_eval_time=19855.1, accumulated_logging_time=1.5524, accumulated_submission_time=12886.8, global_step=7381, preemption_count=0, score=12886.8, test/loss=0.696106, test/num_examples=95000000, total_duration=32774.5, train/loss=0.69686, validation/loss=0.693542, validation/num_examples=83274637
I0524 09:27:59.247956 140118296270016 spec.py:333] Evaluating on the training split.
I0524 09:29:53.148811 140118296270016 spec.py:346] Evaluating on the validation split.
I0524 09:30:51.736379 140118296270016 spec.py:363] Evaluating on the test split.
I0524 09:31:58.778170 140118296270016 submission_runner.py:516] Time since start: 33370.84s, 	Step: 7604, 	{'train/loss': 0.6964685161889901, 'validation/loss': 0.6935424232006296, 'validation/num_examples': 83274637, 'test/loss': 0.6961061584549754, 'test/num_examples': 95000000, 'score': 13242.660789728165, 'total_duration': 33370.843452215195, 'accumulated_submission_time': 13242.660789728165, 'accumulated_eval_time': 20094.662824630737, 'accumulated_logging_time': 1.5912504196166992}
I0524 09:31:58.802588 140077053110016 logging_writer.py:48] [7604] accumulated_eval_time=20094.7, accumulated_logging_time=1.59125, accumulated_submission_time=13242.7, global_step=7604, preemption_count=0, score=13242.7, test/loss=0.696106, test/num_examples=95000000, total_duration=33370.8, train/loss=0.696469, validation/loss=0.693542, validation/num_examples=83274637
I0524 09:37:55.286445 140077061502720 logging_writer.py:48] [7833] global_step=7833, preemption_count=0, score=13598.6
I0524 09:38:12.465890 140118296270016 submission_runner.py:857] Final criteo1tb score: 13598.610599279404
