torchrun --redirects 1:0,2:0,3:0 --standalone --nnodes=1 --nproc_per_node=4 submission_runner.py --framework=pytorch --workload=fastmri --submission_path=submissions_algorithms/submissions/self_tuning/muon_torch_jax_hps_achandr/submission.py --data_dir=/data/fastmri --experiment_dir=/experiment_runs --experiment_name=submissions_a100/muon_torch_jax_hps_achandr/study_2 --overwrite=True --save_checkpoints=False --rng_seed=5723834 --torch_compile=true --tuning_ruleset=self 2>&1 | tee -a /logs/fastmri_pytorch_06-03-2026-22-05-55.log
W0603 22:05:59.289000 9 site-packages/torch/distributed/run.py:803] 
W0603 22:05:59.289000 9 site-packages/torch/distributed/run.py:803] *****************************************
W0603 22:05:59.289000 9 site-packages/torch/distributed/run.py:803] Setting OMP_NUM_THREADS environment variable for each process to be 1 in default, to avoid your system being overloaded, please further tune the variable for optimal performance in your application as needed. 
W0603 22:05:59.289000 9 site-packages/torch/distributed/run.py:803] *****************************************
2026-06-03 22:06:01.028259: E external/local_xla/xla/stream_executor/cuda/cuda_fft.cc:467] Unable to register cuFFT factory: Attempting to register factory for plugin cuFFT when one has already been registered
2026-06-03 22:06:01.028257: E external/local_xla/xla/stream_executor/cuda/cuda_fft.cc:467] Unable to register cuFFT factory: Attempting to register factory for plugin cuFFT when one has already been registered
2026-06-03 22:06:01.028257: E external/local_xla/xla/stream_executor/cuda/cuda_fft.cc:467] Unable to register cuFFT factory: Attempting to register factory for plugin cuFFT when one has already been registered
2026-06-03 22:06:01.028257: E external/local_xla/xla/stream_executor/cuda/cuda_fft.cc:467] Unable to register cuFFT factory: Attempting to register factory for plugin cuFFT when one has already been registered
WARNING: All log messages before absl::InitializeLog() is called are written to STDERR
WARNING: All log messages before absl::InitializeLog() is called are written to STDERR
WARNING: All log messages before absl::InitializeLog() is called are written to STDERR
WARNING: All log messages before absl::InitializeLog() is called are written to STDERR
E0000 00:00:1780524361.053075      40 cuda_dnn.cc:8579] Unable to register cuDNN factory: Attempting to register factory for plugin cuDNN when one has already been registered
E0000 00:00:1780524361.053075      39 cuda_dnn.cc:8579] Unable to register cuDNN factory: Attempting to register factory for plugin cuDNN when one has already been registered
E0000 00:00:1780524361.053076      41 cuda_dnn.cc:8579] Unable to register cuDNN factory: Attempting to register factory for plugin cuDNN when one has already been registered
E0000 00:00:1780524361.053075      38 cuda_dnn.cc:8579] Unable to register cuDNN factory: Attempting to register factory for plugin cuDNN when one has already been registered
E0000 00:00:1780524361.061261      38 cuda_blas.cc:1407] Unable to register cuBLAS factory: Attempting to register factory for plugin cuBLAS when one has already been registered
E0000 00:00:1780524361.061262      41 cuda_blas.cc:1407] Unable to register cuBLAS factory: Attempting to register factory for plugin cuBLAS when one has already been registered
E0000 00:00:1780524361.061263      39 cuda_blas.cc:1407] Unable to register cuBLAS factory: Attempting to register factory for plugin cuBLAS when one has already been registered
E0000 00:00:1780524361.061288      40 cuda_blas.cc:1407] Unable to register cuBLAS factory: Attempting to register factory for plugin cuBLAS when one has already been registered
W0000 00:00:1780524361.088391      39 computation_placer.cc:177] computation placer already registered. Please check linkage and avoid linking the same target more than once.
W0000 00:00:1780524361.088391      41 computation_placer.cc:177] computation placer already registered. Please check linkage and avoid linking the same target more than once.
W0000 00:00:1780524361.088392      38 computation_placer.cc:177] computation placer already registered. Please check linkage and avoid linking the same target more than once.
W0000 00:00:1780524361.088421      41 computation_placer.cc:177] computation placer already registered. Please check linkage and avoid linking the same target more than once.
W0000 00:00:1780524361.088421      38 computation_placer.cc:177] computation placer already registered. Please check linkage and avoid linking the same target more than once.
W0000 00:00:1780524361.088423      41 computation_placer.cc:177] computation placer already registered. Please check linkage and avoid linking the same target more than once.
W0000 00:00:1780524361.088424      38 computation_placer.cc:177] computation placer already registered. Please check linkage and avoid linking the same target more than once.
W0000 00:00:1780524361.088425      41 computation_placer.cc:177] computation placer already registered. Please check linkage and avoid linking the same target more than once.
W0000 00:00:1780524361.088426      38 computation_placer.cc:177] computation placer already registered. Please check linkage and avoid linking the same target more than once.
W0000 00:00:1780524361.088426      39 computation_placer.cc:177] computation placer already registered. Please check linkage and avoid linking the same target more than once.
W0000 00:00:1780524361.088429      39 computation_placer.cc:177] computation placer already registered. Please check linkage and avoid linking the same target more than once.
W0000 00:00:1780524361.088431      39 computation_placer.cc:177] computation placer already registered. Please check linkage and avoid linking the same target more than once.
W0000 00:00:1780524361.088414      40 computation_placer.cc:177] computation placer already registered. Please check linkage and avoid linking the same target more than once.
W0000 00:00:1780524361.088443      40 computation_placer.cc:177] computation placer already registered. Please check linkage and avoid linking the same target more than once.
W0000 00:00:1780524361.088445      40 computation_placer.cc:177] computation placer already registered. Please check linkage and avoid linking the same target more than once.
W0000 00:00:1780524361.088447      40 computation_placer.cc:177] computation placer already registered. Please check linkage and avoid linking the same target more than once.
W0000 00:00:1780524366.922734      39 gpu_device.cc:2341] Cannot dlopen some GPU libraries. Please make sure the missing libraries mentioned above are installed properly if you would like to use GPU. Follow the guide at https://www.tensorflow.org/install/gpu for how to download and setup the required libraries for your platform.
Skipping registering GPU devices...
W0000 00:00:1780524367.061852      41 gpu_device.cc:2341] Cannot dlopen some GPU libraries. Please make sure the missing libraries mentioned above are installed properly if you would like to use GPU. Follow the guide at https://www.tensorflow.org/install/gpu for how to download and setup the required libraries for your platform.
Skipping registering GPU devices...
W0000 00:00:1780524367.111617      38 gpu_device.cc:2341] Cannot dlopen some GPU libraries. Please make sure the missing libraries mentioned above are installed properly if you would like to use GPU. Follow the guide at https://www.tensorflow.org/install/gpu for how to download and setup the required libraries for your platform.
Skipping registering GPU devices...
W0000 00:00:1780524367.337371      40 gpu_device.cc:2341] Cannot dlopen some GPU libraries. Please make sure the missing libraries mentioned above are installed properly if you would like to use GPU. Follow the guide at https://www.tensorflow.org/install/gpu for how to download and setup the required libraries for your platform.
Skipping registering GPU devices...
/usr/local/lib/python3.11/site-packages/torch/__init__.py:1617: UserWarning: Please use the new API settings to control TF32 behavior, such as torch.backends.cudnn.conv.fp32_precision = 'tf32' or torch.backends.cuda.matmul.fp32_precision = 'ieee'. Old settings, e.g, torch.backends.cuda.matmul.allow_tf32 = True, torch.backends.cudnn.allow_tf32 = True, allowTF32CuDNN() and allowTF32CuBLAS() will be deprecated after Pytorch 2.9. Please see https://pytorch.org/docs/main/notes/cuda.html#tensorfloat-32-tf32-on-ampere-and-later-devices (Triggered internally at /pytorch/aten/src/ATen/Context.cpp:80.)
  _C._set_float32_matmul_precision(precision)
/usr/local/lib/python3.11/site-packages/torch/__init__.py:1617: UserWarning: Please use the new API settings to control TF32 behavior, such as torch.backends.cudnn.conv.fp32_precision = 'tf32' or torch.backends.cuda.matmul.fp32_precision = 'ieee'. Old settings, e.g, torch.backends.cuda.matmul.allow_tf32 = True, torch.backends.cudnn.allow_tf32 = True, allowTF32CuDNN() and allowTF32CuBLAS() will be deprecated after Pytorch 2.9. Please see https://pytorch.org/docs/main/notes/cuda.html#tensorfloat-32-tf32-on-ampere-and-later-devices (Triggered internally at /pytorch/aten/src/ATen/Context.cpp:80.)
  _C._set_float32_matmul_precision(precision)
/usr/local/lib/python3.11/site-packages/torch/__init__.py:1617: UserWarning: Please use the new API settings to control TF32 behavior, such as torch.backends.cudnn.conv.fp32_precision = 'tf32' or torch.backends.cuda.matmul.fp32_precision = 'ieee'. Old settings, e.g, torch.backends.cuda.matmul.allow_tf32 = True, torch.backends.cudnn.allow_tf32 = True, allowTF32CuDNN() and allowTF32CuBLAS() will be deprecated after Pytorch 2.9. Please see https://pytorch.org/docs/main/notes/cuda.html#tensorfloat-32-tf32-on-ampere-and-later-devices (Triggered internally at /pytorch/aten/src/ATen/Context.cpp:80.)
  _C._set_float32_matmul_precision(precision)
/usr/local/lib/python3.11/site-packages/torch/__init__.py:1617: UserWarning: Please use the new API settings to control TF32 behavior, such as torch.backends.cudnn.conv.fp32_precision = 'tf32' or torch.backends.cuda.matmul.fp32_precision = 'ieee'. Old settings, e.g, torch.backends.cuda.matmul.allow_tf32 = True, torch.backends.cudnn.allow_tf32 = True, allowTF32CuDNN() and allowTF32CuBLAS() will be deprecated after Pytorch 2.9. Please see https://pytorch.org/docs/main/notes/cuda.html#tensorfloat-32-tf32-on-ampere-and-later-devices (Triggered internally at /pytorch/aten/src/ATen/Context.cpp:80.)
  _C._set_float32_matmul_precision(precision)
/usr/local/lib/python3.11/site-packages/pydantic/_internal/_generate_schema.py:2249: UnsupportedFieldAttributeWarning: The 'repr' attribute with value False was provided to the `Field()` function, which has no effect in the context it was used. 'repr' is field-specific metadata, and can only be attached to a model field using `Annotated` metadata or by assignment. This may have happened because an `Annotated` type alias using the `type` statement was used, or if the `Field()` function was attached to a single member of a union type.
  warnings.warn(
/usr/local/lib/python3.11/site-packages/pydantic/_internal/_generate_schema.py:2249: UnsupportedFieldAttributeWarning: The 'frozen' attribute with value True was provided to the `Field()` function, which has no effect in the context it was used. 'frozen' is field-specific metadata, and can only be attached to a model field using `Annotated` metadata or by assignment. This may have happened because an `Annotated` type alias using the `type` statement was used, or if the `Field()` function was attached to a single member of a union type.
  warnings.warn(
/usr/local/lib/python3.11/site-packages/pydantic/_internal/_generate_schema.py:2249: UnsupportedFieldAttributeWarning: The 'repr' attribute with value False was provided to the `Field()` function, which has no effect in the context it was used. 'repr' is field-specific metadata, and can only be attached to a model field using `Annotated` metadata or by assignment. This may have happened because an `Annotated` type alias using the `type` statement was used, or if the `Field()` function was attached to a single member of a union type.
  warnings.warn(
/usr/local/lib/python3.11/site-packages/pydantic/_internal/_generate_schema.py:2249: UnsupportedFieldAttributeWarning: The 'frozen' attribute with value True was provided to the `Field()` function, which has no effect in the context it was used. 'frozen' is field-specific metadata, and can only be attached to a model field using `Annotated` metadata or by assignment. This may have happened because an `Annotated` type alias using the `type` statement was used, or if the `Field()` function was attached to a single member of a union type.
  warnings.warn(
/usr/local/lib/python3.11/site-packages/pydantic/_internal/_generate_schema.py:2249: UnsupportedFieldAttributeWarning: The 'repr' attribute with value False was provided to the `Field()` function, which has no effect in the context it was used. 'repr' is field-specific metadata, and can only be attached to a model field using `Annotated` metadata or by assignment. This may have happened because an `Annotated` type alias using the `type` statement was used, or if the `Field()` function was attached to a single member of a union type.
  warnings.warn(
/usr/local/lib/python3.11/site-packages/pydantic/_internal/_generate_schema.py:2249: UnsupportedFieldAttributeWarning: The 'frozen' attribute with value True was provided to the `Field()` function, which has no effect in the context it was used. 'frozen' is field-specific metadata, and can only be attached to a model field using `Annotated` metadata or by assignment. This may have happened because an `Annotated` type alias using the `type` statement was used, or if the `Field()` function was attached to a single member of a union type.
  warnings.warn(
/usr/local/lib/python3.11/site-packages/pydantic/_internal/_generate_schema.py:2249: UnsupportedFieldAttributeWarning: The 'repr' attribute with value False was provided to the `Field()` function, which has no effect in the context it was used. 'repr' is field-specific metadata, and can only be attached to a model field using `Annotated` metadata or by assignment. This may have happened because an `Annotated` type alias using the `type` statement was used, or if the `Field()` function was attached to a single member of a union type.
  warnings.warn(
/usr/local/lib/python3.11/site-packages/pydantic/_internal/_generate_schema.py:2249: UnsupportedFieldAttributeWarning: The 'frozen' attribute with value True was provided to the `Field()` function, which has no effect in the context it was used. 'frozen' is field-specific metadata, and can only be attached to a model field using `Annotated` metadata or by assignment. This may have happened because an `Annotated` type alias using the `type` statement was used, or if the `Field()` function was attached to a single member of a union type.
  warnings.warn(
I0603 22:06:12.206048 139632228418752 logger_utils.py:59] Removing existing experiment directory /experiment_runs/submissions_a100/muon_torch_jax_hps_achandr/study_2/fastmri_pytorch because --overwrite was set.
I0603 22:06:12.206056 140452965356736 logger_utils.py:59] Removing existing experiment directory /experiment_runs/submissions_a100/muon_torch_jax_hps_achandr/study_2/fastmri_pytorch because --overwrite was set.
I0603 22:06:12.206060 139858278929600 logger_utils.py:59] Removing existing experiment directory /experiment_runs/submissions_a100/muon_torch_jax_hps_achandr/study_2/fastmri_pytorch because --overwrite was set.
I0603 22:06:12.206044 140169165001920 logger_utils.py:59] Removing existing experiment directory /experiment_runs/submissions_a100/muon_torch_jax_hps_achandr/study_2/fastmri_pytorch because --overwrite was set.
/usr/local/lib/python3.11/site-packages/torch/distributed/distributed_c10d.py:4876: UserWarning: barrier(): using the device under current context. You can specify `device_id` in `init_process_group` to mute this warning.
  warnings.warn(  # warn only once
[rank0]:[W603 22:06:12.564150288 ProcessGroupNCCL.cpp:5068] Guessing device ID based on global rank. This can cause a hang if rank to GPU mapping is heterogeneous. You can specify device_id in init_process_group()
I0603 22:06:12.957127 139858278929600 logger_utils.py:84] Creating experiment directory at /experiment_runs/submissions_a100/muon_torch_jax_hps_achandr/study_2/fastmri_pytorch.
I0603 22:06:12.957151 139632228418752 logger_utils.py:84] Creating experiment directory at /experiment_runs/submissions_a100/muon_torch_jax_hps_achandr/study_2/fastmri_pytorch.
I0603 22:06:12.957121 140169165001920 logger_utils.py:84] Creating experiment directory at /experiment_runs/submissions_a100/muon_torch_jax_hps_achandr/study_2/fastmri_pytorch.
I0603 22:06:12.957125 140452965356736 logger_utils.py:84] Creating experiment directory at /experiment_runs/submissions_a100/muon_torch_jax_hps_achandr/study_2/fastmri_pytorch.
I0603 22:06:14.431700 140169165001920 submission_runner.py:741] Creating directory at /experiment_runs/submissions_a100/muon_torch_jax_hps_achandr/study_2/fastmri_pytorch/trial_1.
I0603 22:06:14.789543 140169165001920 submission_runner.py:242] Initializing dataset.
I0603 22:06:14.789734 140169165001920 submission_runner.py:251] Initializing model.
I0603 22:06:15.079421 140169165001920 submission_runner.py:290] Performing `torch.compile`.
I0603 22:06:15.083062 140169165001920 submission_runner.py:294] Initializing optimizer.
I0603 22:06:15.083114 139632228418752 muon.py:324] Muon params:
	_orig_mod.module.down_sample_layers.0.conv_layers.0.weight (ndim=4)
	_orig_mod.module.down_sample_layers.0.conv_layers.4.weight (ndim=4)
	_orig_mod.module.down_sample_layers.1.conv_layers.0.weight (ndim=4)
	_orig_mod.module.down_sample_layers.1.conv_layers.4.weight (ndim=4)
	_orig_mod.module.down_sample_layers.2.conv_layers.0.weight (ndim=4)
	_orig_mod.module.down_sample_layers.2.conv_layers.4.weight (ndim=4)
	_orig_mod.module.down_sample_layers.3.conv_layers.0.weight (ndim=4)
	_orig_mod.module.down_sample_layers.3.conv_layers.4.weight (ndim=4)
	_orig_mod.module.conv.conv_layers.0.weight (ndim=4)
	_orig_mod.module.conv.conv_layers.4.weight (ndim=4)
	_orig_mod.module.up_conv.0.conv_layers.0.weight (ndim=4)
	_orig_mod.module.up_conv.0.conv_layers.4.weight (ndim=4)
	_orig_mod.module.up_conv.1.conv_layers.0.weight (ndim=4)
	_orig_mod.module.up_conv.1.conv_layers.4.weight (ndim=4)
	_orig_mod.module.up_conv.2.conv_layers.0.weight (ndim=4)
	_orig_mod.module.up_conv.2.conv_layers.4.weight (ndim=4)
	_orig_mod.module.up_conv.3.0.conv_layers.0.weight (ndim=4)
	_orig_mod.module.up_conv.3.0.conv_layers.4.weight (ndim=4)
	_orig_mod.module.up_conv.3.1.weight (ndim=4)
	_orig_mod.module.up_transpose_conv.0.layers.0.weight (ndim=4)
	_orig_mod.module.up_transpose_conv.1.layers.0.weight (ndim=4)
	_orig_mod.module.up_transpose_conv.2.layers.0.weight (ndim=4)
	_orig_mod.module.up_transpose_conv.3.layers.0.weight (ndim=4)
I0603 22:06:15.083161 140452965356736 muon.py:324] Muon params:
	_orig_mod.module.down_sample_layers.0.conv_layers.0.weight (ndim=4)
	_orig_mod.module.down_sample_layers.0.conv_layers.4.weight (ndim=4)
	_orig_mod.module.down_sample_layers.1.conv_layers.0.weight (ndim=4)
	_orig_mod.module.down_sample_layers.1.conv_layers.4.weight (ndim=4)
	_orig_mod.module.down_sample_layers.2.conv_layers.0.weight (ndim=4)
	_orig_mod.module.down_sample_layers.2.conv_layers.4.weight (ndim=4)
	_orig_mod.module.down_sample_layers.3.conv_layers.0.weight (ndim=4)
	_orig_mod.module.down_sample_layers.3.conv_layers.4.weight (ndim=4)
	_orig_mod.module.conv.conv_layers.0.weight (ndim=4)
	_orig_mod.module.conv.conv_layers.4.weight (ndim=4)
	_orig_mod.module.up_conv.0.conv_layers.0.weight (ndim=4)
	_orig_mod.module.up_conv.0.conv_layers.4.weight (ndim=4)
	_orig_mod.module.up_conv.1.conv_layers.0.weight (ndim=4)
	_orig_mod.module.up_conv.1.conv_layers.4.weight (ndim=4)
	_orig_mod.module.up_conv.2.conv_layers.0.weight (ndim=4)
	_orig_mod.module.up_conv.2.conv_layers.4.weight (ndim=4)
	_orig_mod.module.up_conv.3.0.conv_layers.0.weight (ndim=4)
	_orig_mod.module.up_conv.3.0.conv_layers.4.weight (ndim=4)
	_orig_mod.module.up_conv.3.1.weight (ndim=4)
	_orig_mod.module.up_transpose_conv.0.layers.0.weight (ndim=4)
	_orig_mod.module.up_transpose_conv.1.layers.0.weight (ndim=4)
	_orig_mod.module.up_transpose_conv.2.layers.0.weight (ndim=4)
	_orig_mod.module.up_transpose_conv.3.layers.0.weight (ndim=4)
I0603 22:06:15.083281 139632228418752 muon.py:325] Adam params:
	_orig_mod.module.up_conv.3.1.bias (ndim=1)
I0603 22:06:15.083165 139858278929600 muon.py:324] Muon params:
	_orig_mod.module.down_sample_layers.0.conv_layers.0.weight (ndim=4)
	_orig_mod.module.down_sample_layers.0.conv_layers.4.weight (ndim=4)
	_orig_mod.module.down_sample_layers.1.conv_layers.0.weight (ndim=4)
	_orig_mod.module.down_sample_layers.1.conv_layers.4.weight (ndim=4)
	_orig_mod.module.down_sample_layers.2.conv_layers.0.weight (ndim=4)
	_orig_mod.module.down_sample_layers.2.conv_layers.4.weight (ndim=4)
	_orig_mod.module.down_sample_layers.3.conv_layers.0.weight (ndim=4)
	_orig_mod.module.down_sample_layers.3.conv_layers.4.weight (ndim=4)
	_orig_mod.module.conv.conv_layers.0.weight (ndim=4)
	_orig_mod.module.conv.conv_layers.4.weight (ndim=4)
	_orig_mod.module.up_conv.0.conv_layers.0.weight (ndim=4)
	_orig_mod.module.up_conv.0.conv_layers.4.weight (ndim=4)
	_orig_mod.module.up_conv.1.conv_layers.0.weight (ndim=4)
	_orig_mod.module.up_conv.1.conv_layers.4.weight (ndim=4)
	_orig_mod.module.up_conv.2.conv_layers.0.weight (ndim=4)
	_orig_mod.module.up_conv.2.conv_layers.4.weight (ndim=4)
	_orig_mod.module.up_conv.3.0.conv_layers.0.weight (ndim=4)
	_orig_mod.module.up_conv.3.0.conv_layers.4.weight (ndim=4)
	_orig_mod.module.up_conv.3.1.weight (ndim=4)
	_orig_mod.module.up_transpose_conv.0.layers.0.weight (ndim=4)
	_orig_mod.module.up_transpose_conv.1.layers.0.weight (ndim=4)
	_orig_mod.module.up_transpose_conv.2.layers.0.weight (ndim=4)
	_orig_mod.module.up_transpose_conv.3.layers.0.weight (ndim=4)
I0603 22:06:15.083317 140452965356736 muon.py:325] Adam params:
	_orig_mod.module.up_conv.3.1.bias (ndim=1)
I0603 22:06:15.083395 139858278929600 muon.py:325] Adam params:
	_orig_mod.module.up_conv.3.1.bias (ndim=1)
I0603 22:06:15.083444 140169165001920 muon.py:324] Muon params:
	_orig_mod.module.down_sample_layers.0.conv_layers.0.weight (ndim=4)
	_orig_mod.module.down_sample_layers.0.conv_layers.4.weight (ndim=4)
	_orig_mod.module.down_sample_layers.1.conv_layers.0.weight (ndim=4)
	_orig_mod.module.down_sample_layers.1.conv_layers.4.weight (ndim=4)
	_orig_mod.module.down_sample_layers.2.conv_layers.0.weight (ndim=4)
	_orig_mod.module.down_sample_layers.2.conv_layers.4.weight (ndim=4)
	_orig_mod.module.down_sample_layers.3.conv_layers.0.weight (ndim=4)
	_orig_mod.module.down_sample_layers.3.conv_layers.4.weight (ndim=4)
	_orig_mod.module.conv.conv_layers.0.weight (ndim=4)
	_orig_mod.module.conv.conv_layers.4.weight (ndim=4)
	_orig_mod.module.up_conv.0.conv_layers.0.weight (ndim=4)
	_orig_mod.module.up_conv.0.conv_layers.4.weight (ndim=4)
	_orig_mod.module.up_conv.1.conv_layers.0.weight (ndim=4)
	_orig_mod.module.up_conv.1.conv_layers.4.weight (ndim=4)
	_orig_mod.module.up_conv.2.conv_layers.0.weight (ndim=4)
	_orig_mod.module.up_conv.2.conv_layers.4.weight (ndim=4)
	_orig_mod.module.up_conv.3.0.conv_layers.0.weight (ndim=4)
	_orig_mod.module.up_conv.3.0.conv_layers.4.weight (ndim=4)
	_orig_mod.module.up_conv.3.1.weight (ndim=4)
	_orig_mod.module.up_transpose_conv.0.layers.0.weight (ndim=4)
	_orig_mod.module.up_transpose_conv.1.layers.0.weight (ndim=4)
	_orig_mod.module.up_transpose_conv.2.layers.0.weight (ndim=4)
	_orig_mod.module.up_transpose_conv.3.layers.0.weight (ndim=4)
I0603 22:06:15.083534 140169165001920 muon.py:325] Adam params:
	_orig_mod.module.up_conv.3.1.bias (ndim=1)
I0603 22:06:15.084333 140169165001920 submission_runner.py:299] Initializing metrics bundle.
I0603 22:06:15.084500 140169165001920 submission_runner.py:321] Initializing checkpoint and logger.
I0603 22:06:15.086223 140169165001920 submission_runner.py:344] Saving meta data to /experiment_runs/submissions_a100/muon_torch_jax_hps_achandr/study_2/fastmri_pytorch/trial_1/meta_data_0.json.
I0603 22:06:15.086309 139632228418752 logger_utils.py:283] Unable to record workload.train_mean information. Continuing without it.
I0603 22:06:15.086317 139858278929600 logger_utils.py:283] Unable to record workload.train_mean information. Continuing without it.
I0603 22:06:15.086343 140452965356736 logger_utils.py:283] Unable to record workload.train_mean information. Continuing without it.
I0603 22:06:15.086407 140169165001920 logger_utils.py:283] Unable to record workload.train_mean information. Continuing without it.
I0603 22:06:15.086429 139858278929600 logger_utils.py:283] Unable to record workload.train_stddev information. Continuing without it.
I0603 22:06:15.086432 139632228418752 logger_utils.py:283] Unable to record workload.train_stddev information. Continuing without it.
I0603 22:06:15.086458 140169165001920 logger_utils.py:283] Unable to record workload.train_stddev information. Continuing without it.
I0603 22:06:15.086466 140452965356736 logger_utils.py:283] Unable to record workload.train_stddev information. Continuing without it.
I0603 22:06:15.374513 140169165001920 submission_runner.py:348] Saving flags to /experiment_runs/submissions_a100/muon_torch_jax_hps_achandr/study_2/fastmri_pytorch/trial_1/flags_0.json.
I0603 22:06:15.416564 140169165001920 submission_runner.py:359] Starting training loop.
[rank3]:W0603 22:06:15.436000 41 site-packages/torch/_logging/_internal.py:1199] [0/0] Profiler function <class 'torch.autograd.profiler.record_function'> will be ignored
[rank2]:W0603 22:06:15.437000 40 site-packages/torch/_logging/_internal.py:1199] [0/0] Profiler function <class 'torch.autograd.profiler.record_function'> will be ignored
[rank1]:W0603 22:06:15.437000 39 site-packages/torch/_logging/_internal.py:1199] [0/0] Profiler function <class 'torch.autograd.profiler.record_function'> will be ignored
WARNING:tensorflow:AutoGraph could not transform <function array at 0x7f7b9ae5c220> and will run it as-is.
Please report this to the TensorFlow team. When filing the bug, set the verbosity to 10 (on Linux, `export AUTOGRAPH_VERBOSITY=10`) and attach the full output.
Cause: (<gast.gast.NamedExpr object at 0x7f798479edd0>, (leaf_jax_array := getattr(leaf, '__jax_array__', None)))
To silence this warning, decorate the function with @tf.autograph.experimental.do_not_convert
W0603 22:06:17.221551 140169165001920 ag_logging.py:142] AutoGraph could not transform <function array at 0x7f7b9ae5c220> and will run it as-is.
Please report this to the TensorFlow team. When filing the bug, set the verbosity to 10 (on Linux, `export AUTOGRAPH_VERBOSITY=10`) and attach the full output.
Cause: (<gast.gast.NamedExpr object at 0x7f798479edd0>, (leaf_jax_array := getattr(leaf, '__jax_array__', None)))
To silence this warning, decorate the function with @tf.autograph.experimental.do_not_convert
WARNING:tensorflow:AutoGraph could not transform <function standard_insert_pvary at 0x7f7b9baf0f40> and will run it as-is.
Please report this to the TensorFlow team. When filing the bug, set the verbosity to 10 (on Linux, `export AUTOGRAPH_VERBOSITY=10`) and attach the full output.
Cause: (<gast.gast.NamedExpr object at 0x7f79847b7f70>, (aval := get_aval(a)))
To silence this warning, decorate the function with @tf.autograph.experimental.do_not_convert
W0603 22:06:17.318745 140169165001920 ag_logging.py:142] AutoGraph could not transform <function standard_insert_pvary at 0x7f7b9baf0f40> and will run it as-is.
Please report this to the TensorFlow team. When filing the bug, set the verbosity to 10 (on Linux, `export AUTOGRAPH_VERBOSITY=10`) and attach the full output.
Cause: (<gast.gast.NamedExpr object at 0x7f79847b7f70>, (aval := get_aval(a)))
To silence this warning, decorate the function with @tf.autograph.experimental.do_not_convert
[rank0]:W0603 22:08:55.014000 38 site-packages/torch/_logging/_internal.py:1199] [0/0] Profiler function <class 'torch.autograd.profiler.record_function'> will be ignored
I0603 22:10:38.197192 140169165001920 submission.py:197] 
=== DIAGNOSTICS [Step 0] ===
  • Muon LR:      0.003883970586  |  Grad Norm: 5.242719 (from 23 gradients)
  • NAdamW LR:    0.000135749518  |  Grad Norm: 0.046320 (from 1 gradients)
  • Muon Params:  23 total tensors
  • NAdamW Params:1 total tensors
========================================

I0603 22:10:53.049871 140169165001920 spec.py:333] Evaluating on the training split.
[rank3]:W0603 22:13:05.316000 41 site-packages/torch/_dynamo/convert_frame.py:1358] [5/8] torch._dynamo hit config.recompile_limit (8)
[rank3]:W0603 22:13:05.316000 41 site-packages/torch/_dynamo/convert_frame.py:1358] [5/8]    function: 'forward' (/algorithmic-efficiency/algoperf/workloads/fastmri/fastmri_pytorch/models.py:139)
[rank3]:W0603 22:13:05.316000 41 site-packages/torch/_dynamo/convert_frame.py:1358] [5/8]    last reason: 5/7: GLOBAL_STATE changed: grad_mode autocast 
[rank3]:W0603 22:13:05.316000 41 site-packages/torch/_dynamo/convert_frame.py:1358] [5/8] To log all recompilation reasons, use TORCH_LOGS="recompiles".
[rank3]:W0603 22:13:05.316000 41 site-packages/torch/_dynamo/convert_frame.py:1358] [5/8] To diagnose recompilation issues, see https://pytorch.org/docs/main/torch.compiler_troubleshooting.html
[rank0]:W0603 22:13:05.319000 38 site-packages/torch/_dynamo/convert_frame.py:1358] [5/8] torch._dynamo hit config.recompile_limit (8)
[rank0]:W0603 22:13:05.319000 38 site-packages/torch/_dynamo/convert_frame.py:1358] [5/8]    function: 'forward' (/algorithmic-efficiency/algoperf/workloads/fastmri/fastmri_pytorch/models.py:139)
[rank0]:W0603 22:13:05.319000 38 site-packages/torch/_dynamo/convert_frame.py:1358] [5/8]    last reason: 5/7: GLOBAL_STATE changed: grad_mode autocast 
[rank0]:W0603 22:13:05.319000 38 site-packages/torch/_dynamo/convert_frame.py:1358] [5/8] To log all recompilation reasons, use TORCH_LOGS="recompiles".
[rank0]:W0603 22:13:05.319000 38 site-packages/torch/_dynamo/convert_frame.py:1358] [5/8] To diagnose recompilation issues, see https://pytorch.org/docs/main/torch.compiler_troubleshooting.html
[rank2]:W0603 22:13:05.325000 40 site-packages/torch/_dynamo/convert_frame.py:1358] [5/8] torch._dynamo hit config.recompile_limit (8)
[rank2]:W0603 22:13:05.325000 40 site-packages/torch/_dynamo/convert_frame.py:1358] [5/8]    function: 'forward' (/algorithmic-efficiency/algoperf/workloads/fastmri/fastmri_pytorch/models.py:139)
[rank2]:W0603 22:13:05.325000 40 site-packages/torch/_dynamo/convert_frame.py:1358] [5/8]    last reason: 5/7: GLOBAL_STATE changed: grad_mode autocast 
[rank2]:W0603 22:13:05.325000 40 site-packages/torch/_dynamo/convert_frame.py:1358] [5/8] To log all recompilation reasons, use TORCH_LOGS="recompiles".
[rank2]:W0603 22:13:05.325000 40 site-packages/torch/_dynamo/convert_frame.py:1358] [5/8] To diagnose recompilation issues, see https://pytorch.org/docs/main/torch.compiler_troubleshooting.html
[rank1]:W0603 22:13:05.376000 39 site-packages/torch/_dynamo/convert_frame.py:1358] [5/8] torch._dynamo hit config.recompile_limit (8)
[rank1]:W0603 22:13:05.376000 39 site-packages/torch/_dynamo/convert_frame.py:1358] [5/8]    function: 'forward' (/algorithmic-efficiency/algoperf/workloads/fastmri/fastmri_pytorch/models.py:139)
[rank1]:W0603 22:13:05.376000 39 site-packages/torch/_dynamo/convert_frame.py:1358] [5/8]    last reason: 5/7: GLOBAL_STATE changed: grad_mode autocast 
[rank1]:W0603 22:13:05.376000 39 site-packages/torch/_dynamo/convert_frame.py:1358] [5/8] To log all recompilation reasons, use TORCH_LOGS="recompiles".
[rank1]:W0603 22:13:05.376000 39 site-packages/torch/_dynamo/convert_frame.py:1358] [5/8] To diagnose recompilation issues, see https://pytorch.org/docs/main/torch.compiler_troubleshooting.html
I0603 22:15:02.139412 140169165001920 spec.py:346] Evaluating on the validation split.
I0603 22:17:39.973222 140169165001920 spec.py:363] Evaluating on the test split.
I0603 22:20:14.806110 140169165001920 submission_runner.py:516] Time since start: 839.39s, 	Step: 1, 	{'train/ssim': 0.2303760392325265, 'train/loss': 0.9066755431038993, 'validation/ssim': 0.21836160070519134, 'validation/loss': 0.9129951232326252, 'validation/num_examples': 3554, 'test/ssim': 0.24170092316653868, 'test/loss': 0.9099344031433259, 'test/num_examples': 3581, 'score': 277.02050018310547, 'total_duration': 839.3896334171295, 'accumulated_submission_time': 277.02050018310547, 'accumulated_eval_time': 561.7564449310303, 'accumulated_logging_time': 0}
I0603 22:20:14.982836 140095524124416 logging_writer.py:48] [1] accumulated_eval_time=561.756, accumulated_logging_time=0, accumulated_submission_time=277.021, global_step=1, preemption_count=0, score=277.021, test/loss=0.909934, test/num_examples=3581, test/ssim=0.241701, total_duration=839.39, train/loss=0.906676, train/ssim=0.230376, validation/loss=0.912995, validation/num_examples=3554, validation/ssim=0.218362
I0603 22:20:15.971605 140169165001920 submission.py:197] 
=== DIAGNOSTICS [Step 1] ===
  • Muon LR:      0.003883970557  |  Grad Norm: 5.292990 (from 23 gradients)
  • NAdamW LR:    0.000135749517  |  Grad Norm: 0.031696 (from 1 gradients)
  • Muon Params:  23 total tensors
  • NAdamW Params:1 total tensors
========================================

I0603 22:20:16.065802 140169165001920 submission.py:197] 
=== DIAGNOSTICS [Step 2] ===
  • Muon LR:      0.003883970469  |  Grad Norm: 3.870818 (from 23 gradients)
  • NAdamW LR:    0.000135749514  |  Grad Norm: 0.059593 (from 1 gradients)
  • Muon Params:  23 total tensors
  • NAdamW Params:1 total tensors
========================================

I0603 22:20:16.145972 140169165001920 submission.py:197] 
=== DIAGNOSTICS [Step 3] ===
  • Muon LR:      0.003883970323  |  Grad Norm: 2.899775 (from 23 gradients)
  • NAdamW LR:    0.000135749509  |  Grad Norm: 0.142433 (from 1 gradients)
  • Muon Params:  23 total tensors
  • NAdamW Params:1 total tensors
========================================

I0603 22:20:16.222650 140169165001920 submission.py:197] 
=== DIAGNOSTICS [Step 4] ===
  • Muon LR:      0.003883970118  |  Grad Norm: 3.371728 (from 23 gradients)
  • NAdamW LR:    0.000135749502  |  Grad Norm: 0.117165 (from 1 gradients)
  • Muon Params:  23 total tensors
  • NAdamW Params:1 total tensors
========================================

I0603 22:20:16.306852 140169165001920 submission.py:197] 
=== DIAGNOSTICS [Step 5] ===
  • Muon LR:      0.003883969854  |  Grad Norm: 3.042940 (from 23 gradients)
  • NAdamW LR:    0.000135749492  |  Grad Norm: 0.125476 (from 1 gradients)
  • Muon Params:  23 total tensors
  • NAdamW Params:1 total tensors
========================================

I0603 22:22:05.433088 140169165001920 spec.py:333] Evaluating on the training split.
I0603 22:22:07.447413 140169165001920 spec.py:346] Evaluating on the validation split.
I0603 22:22:10.124524 140169165001920 spec.py:363] Evaluating on the test split.
I0603 22:22:13.990627 140169165001920 submission_runner.py:516] Time since start: 958.57s, 	Step: 284, 	{'train/ssim': 0.7336010251726423, 'train/loss': 0.2798022542681013, 'validation/ssim': 0.7081667031206036, 'validation/loss': 0.2988603427695906, 'validation/num_examples': 3554, 'test/ssim': 0.7251247905612958, 'test/loss': 0.3008827309607128, 'test/num_examples': 3581, 'score': 385.33607149124146, 'total_duration': 958.5742311477661, 'accumulated_submission_time': 385.33607149124146, 'accumulated_eval_time': 570.3140194416046, 'accumulated_logging_time': 0.35343432426452637}
I0603 22:22:14.019128 140095515731712 logging_writer.py:48] [284] accumulated_eval_time=570.314, accumulated_logging_time=0.353434, accumulated_submission_time=385.336, global_step=284, preemption_count=0, score=385.336, test/loss=0.300883, test/num_examples=3581, test/ssim=0.725125, total_duration=958.574, train/loss=0.279802, train/ssim=0.733601, validation/loss=0.29886, validation/num_examples=3554, validation/ssim=0.708167
I0603 22:24:04.858768 140169165001920 spec.py:333] Evaluating on the training split.
I0603 22:24:06.820314 140169165001920 spec.py:346] Evaluating on the validation split.
I0603 22:24:09.438154 140169165001920 spec.py:363] Evaluating on the test split.
I0603 22:24:11.801079 140169165001920 submission_runner.py:516] Time since start: 1076.38s, 	Step: 383, 	{'train/ssim': 0.7361982890537807, 'train/loss': 0.27717433656964985, 'validation/ssim': 0.7127010278911086, 'validation/loss': 0.29587308919087646, 'validation/num_examples': 3554, 'test/ssim': 0.7297850062613446, 'test/loss': 0.29767481450493927, 'test/num_examples': 3581, 'score': 494.99788904190063, 'total_duration': 1076.384647846222, 'accumulated_submission_time': 494.99788904190063, 'accumulated_eval_time': 577.2571568489075, 'accumulated_logging_time': 0.39143848419189453}
I0603 22:24:11.826505 140095524124416 logging_writer.py:48] [383] accumulated_eval_time=577.257, accumulated_logging_time=0.391438, accumulated_submission_time=494.998, global_step=383, preemption_count=0, score=494.998, test/loss=0.297675, test/num_examples=3581, test/ssim=0.729785, total_duration=1076.38, train/loss=0.277174, train/ssim=0.736198, validation/loss=0.295873, validation/num_examples=3554, validation/ssim=0.712701
I0603 22:26:02.375213 140169165001920 spec.py:333] Evaluating on the training split.
I0603 22:26:04.333632 140169165001920 spec.py:346] Evaluating on the validation split.
I0603 22:26:06.762338 140169165001920 spec.py:363] Evaluating on the test split.
I0603 22:26:10.878775 140169165001920 submission_runner.py:516] Time since start: 1195.46s, 	Step: 480, 	{'train/ssim': 0.7392635345458984, 'train/loss': 0.2740511894226074, 'validation/ssim': 0.71345611898565, 'validation/loss': 0.29345239436418474, 'validation/num_examples': 3554, 'test/ssim': 0.7307819535831471, 'test/loss': 0.29508127203469703, 'test/num_examples': 3581, 'score': 604.3728003501892, 'total_duration': 1195.4623608589172, 'accumulated_submission_time': 604.3728003501892, 'accumulated_eval_time': 585.7607576847076, 'accumulated_logging_time': 0.42587709426879883}
I0603 22:26:10.903388 140095515731712 logging_writer.py:48] [480] accumulated_eval_time=585.761, accumulated_logging_time=0.425877, accumulated_submission_time=604.373, global_step=480, preemption_count=0, score=604.373, test/loss=0.295081, test/num_examples=3581, test/ssim=0.730782, total_duration=1195.46, train/loss=0.274051, train/ssim=0.739264, validation/loss=0.293452, validation/num_examples=3554, validation/ssim=0.713456
I0603 22:28:02.343249 140169165001920 spec.py:333] Evaluating on the training split.
I0603 22:28:04.312715 140169165001920 spec.py:346] Evaluating on the validation split.
I0603 22:28:07.344186 140169165001920 spec.py:363] Evaluating on the test split.
I0603 22:28:09.645190 140169165001920 submission_runner.py:516] Time since start: 1314.23s, 	Step: 574, 	{'train/ssim': 0.7412681579589844, 'train/loss': 0.2728100674492972, 'validation/ssim': 0.7157425502075127, 'validation/loss': 0.29222365397043826, 'validation/num_examples': 3554, 'test/ssim': 0.7331432522558293, 'test/loss': 0.2938018347157742, 'test/num_examples': 3581, 'score': 714.6288301944733, 'total_duration': 1314.228812456131, 'accumulated_submission_time': 714.6288301944733, 'accumulated_eval_time': 593.0631349086761, 'accumulated_logging_time': 0.4594242572784424}
I0603 22:28:09.670589 140095524124416 logging_writer.py:48] [574] accumulated_eval_time=593.063, accumulated_logging_time=0.459424, accumulated_submission_time=714.629, global_step=574, preemption_count=0, score=714.629, test/loss=0.293802, test/num_examples=3581, test/ssim=0.733143, total_duration=1314.23, train/loss=0.27281, train/ssim=0.741268, validation/loss=0.292224, validation/num_examples=3554, validation/ssim=0.715743
I0603 22:30:00.537393 140169165001920 spec.py:333] Evaluating on the training split.
I0603 22:30:02.476361 140169165001920 spec.py:346] Evaluating on the validation split.
I0603 22:30:05.160634 140169165001920 spec.py:363] Evaluating on the test split.
I0603 22:30:08.238471 140169165001920 submission_runner.py:516] Time since start: 1432.82s, 	Step: 671, 	{'train/ssim': 0.7378737585885184, 'train/loss': 0.27329039573669434, 'validation/ssim': 0.7142547624595527, 'validation/loss': 0.29225295221933034, 'validation/num_examples': 3554, 'test/ssim': 0.7315669396641999, 'test/loss': 0.29358380575214676, 'test/num_examples': 3581, 'score': 824.2973318099976, 'total_duration': 1432.82208776474, 'accumulated_submission_time': 824.2973318099976, 'accumulated_eval_time': 600.7643020153046, 'accumulated_logging_time': 0.49379611015319824}
I0603 22:30:08.267511 140095515731712 logging_writer.py:48] [671] accumulated_eval_time=600.764, accumulated_logging_time=0.493796, accumulated_submission_time=824.297, global_step=671, preemption_count=0, score=824.297, test/loss=0.293584, test/num_examples=3581, test/ssim=0.731567, total_duration=1432.82, train/loss=0.27329, train/ssim=0.737874, validation/loss=0.292253, validation/num_examples=3554, validation/ssim=0.714255
I0603 22:31:59.570294 140169165001920 spec.py:333] Evaluating on the training split.
I0603 22:32:01.514807 140169165001920 spec.py:346] Evaluating on the validation split.
I0603 22:32:04.626095 140169165001920 spec.py:363] Evaluating on the test split.
I0603 22:32:08.975523 140169165001920 submission_runner.py:516] Time since start: 1553.56s, 	Step: 766, 	{'train/ssim': 0.7432263919285366, 'train/loss': 0.2714747020176479, 'validation/ssim': 0.7176796006700197, 'validation/loss': 0.29114703777873524, 'validation/num_examples': 3554, 'test/ssim': 0.7350018844029251, 'test/loss': 0.292665602474431, 'test/num_examples': 3581, 'score': 934.4229633808136, 'total_duration': 1553.559121131897, 'accumulated_submission_time': 934.4229633808136, 'accumulated_eval_time': 610.1695728302002, 'accumulated_logging_time': 0.5319371223449707}
I0603 22:32:09.000239 140095524124416 logging_writer.py:48] [766] accumulated_eval_time=610.17, accumulated_logging_time=0.531937, accumulated_submission_time=934.423, global_step=766, preemption_count=0, score=934.423, test/loss=0.292666, test/num_examples=3581, test/ssim=0.735002, total_duration=1553.56, train/loss=0.271475, train/ssim=0.743226, validation/loss=0.291147, validation/num_examples=3554, validation/ssim=0.71768
I0603 22:34:00.613043 140169165001920 spec.py:333] Evaluating on the training split.
I0603 22:34:02.580212 140169165001920 spec.py:346] Evaluating on the validation split.
I0603 22:34:05.695422 140169165001920 spec.py:363] Evaluating on the test split.
I0603 22:34:08.053978 140169165001920 submission_runner.py:516] Time since start: 1672.64s, 	Step: 864, 	{'train/ssim': 0.7455833298819405, 'train/loss': 0.2708273104258946, 'validation/ssim': 0.7199149231060074, 'validation/loss': 0.2903942479534503, 'validation/num_examples': 3554, 'test/ssim': 0.7370473887793214, 'test/loss': 0.29199106258508445, 'test/num_examples': 3581, 'score': 1044.8344581127167, 'total_duration': 1672.6375839710236, 'accumulated_submission_time': 1044.8344581127167, 'accumulated_eval_time': 617.6105737686157, 'accumulated_logging_time': 0.5656814575195312}
I0603 22:34:08.079713 140095515731712 logging_writer.py:48] [864] accumulated_eval_time=617.611, accumulated_logging_time=0.565681, accumulated_submission_time=1044.83, global_step=864, preemption_count=0, score=1044.83, test/loss=0.291991, test/num_examples=3581, test/ssim=0.737047, total_duration=1672.64, train/loss=0.270827, train/ssim=0.745583, validation/loss=0.290394, validation/num_examples=3554, validation/ssim=0.719915
I0603 22:35:59.049997 140169165001920 spec.py:333] Evaluating on the training split.
I0603 22:36:01.003555 140169165001920 spec.py:346] Evaluating on the validation split.
I0603 22:36:03.873003 140169165001920 spec.py:363] Evaluating on the test split.
I0603 22:36:07.373080 140169165001920 submission_runner.py:516] Time since start: 1791.96s, 	Step: 969, 	{'train/ssim': 0.7444158962794712, 'train/loss': 0.2705997739519392, 'validation/ssim': 0.7198072786604882, 'validation/loss': 0.289961746722443, 'validation/num_examples': 3554, 'test/ssim': 0.7371991500279251, 'test/loss': 0.2912683899726857, 'test/num_examples': 3581, 'score': 1154.6208741664886, 'total_duration': 1791.9567070007324, 'accumulated_submission_time': 1154.6208741664886, 'accumulated_eval_time': 625.934380531311, 'accumulated_logging_time': 0.604400634765625}
I0603 22:36:07.397063 140095524124416 logging_writer.py:48] [969] accumulated_eval_time=625.934, accumulated_logging_time=0.604401, accumulated_submission_time=1154.62, global_step=969, preemption_count=0, score=1154.62, test/loss=0.291268, test/num_examples=3581, test/ssim=0.737199, total_duration=1791.96, train/loss=0.2706, train/ssim=0.744416, validation/loss=0.289962, validation/num_examples=3554, validation/ssim=0.719807
I0603 22:37:57.945780 140169165001920 spec.py:333] Evaluating on the training split.
I0603 22:37:59.833096 140169165001920 spec.py:346] Evaluating on the validation split.
I0603 22:38:03.699741 140169165001920 spec.py:363] Evaluating on the test split.
I0603 22:38:05.914454 140169165001920 submission_runner.py:516] Time since start: 1910.50s, 	Step: 3371, 	{'train/ssim': 0.750544616154262, 'train/loss': 0.2657790354319981, 'validation/ssim': 0.7239354122335748, 'validation/loss': 0.2865532578278876, 'validation/num_examples': 3554, 'test/ssim': 0.7411658045500559, 'test/loss': 0.28788140751535884, 'test/num_examples': 3581, 'score': 1263.3804235458374, 'total_duration': 1910.4980773925781, 'accumulated_submission_time': 1263.3804235458374, 'accumulated_eval_time': 633.9031219482422, 'accumulated_logging_time': 0.6377081871032715}
I0603 22:38:05.938226 140095515731712 logging_writer.py:48] [3371] accumulated_eval_time=633.903, accumulated_logging_time=0.637708, accumulated_submission_time=1263.38, global_step=3371, preemption_count=0, score=1263.38, test/loss=0.287881, test/num_examples=3581, test/ssim=0.741166, total_duration=1910.5, train/loss=0.265779, train/ssim=0.750545, validation/loss=0.286553, validation/num_examples=3554, validation/ssim=0.723935
I0603 22:38:06.531667 140095524124416 logging_writer.py:48] [3371] global_step=3371, preemption_count=0, score=1263.38
I0603 22:38:06.681288 140169165001920 submission_runner.py:857] Final fastmri score: 1263.3804235458374
