torchrun --redirects 1:0,2:0,3:0 --standalone --nnodes=1 --nproc_per_node=4 submission_runner.py --framework=pytorch --workload=criteo1tb --submission_path=submissions_algorithms/submissions/self_tuning/muon_torch_jax_hps_achandr/submission.py --data_dir=/data/criteo1tb --experiment_dir=/experiment_runs --experiment_name=submissions_a100/muon_torch_jax_hps_achandr/study_0 --overwrite=True --save_checkpoints=False --rng_seed=-213661622 --torch_compile=true --tuning_ruleset=self 2>&1 | tee -a /logs/criteo1tb_pytorch_06-04-2026-06-11-13.log
W0604 06:11:35.203000 9 site-packages/torch/distributed/run.py:803] 
W0604 06:11:35.203000 9 site-packages/torch/distributed/run.py:803] *****************************************
W0604 06:11:35.203000 9 site-packages/torch/distributed/run.py:803] Setting OMP_NUM_THREADS environment variable for each process to be 1 in default, to avoid your system being overloaded, please further tune the variable for optimal performance in your application as needed. 
W0604 06:11:35.203000 9 site-packages/torch/distributed/run.py:803] *****************************************
2026-06-04 06:11:46.562355: E external/local_xla/xla/stream_executor/cuda/cuda_fft.cc:467] Unable to register cuFFT factory: Attempting to register factory for plugin cuFFT when one has already been registered
2026-06-04 06:11:46.562355: E external/local_xla/xla/stream_executor/cuda/cuda_fft.cc:467] Unable to register cuFFT factory: Attempting to register factory for plugin cuFFT when one has already been registered
2026-06-04 06:11:46.562354: E external/local_xla/xla/stream_executor/cuda/cuda_fft.cc:467] Unable to register cuFFT factory: Attempting to register factory for plugin cuFFT when one has already been registered
2026-06-04 06:11:46.562355: E external/local_xla/xla/stream_executor/cuda/cuda_fft.cc:467] Unable to register cuFFT factory: Attempting to register factory for plugin cuFFT when one has already been registered
WARNING: All log messages before absl::InitializeLog() is called are written to STDERR
WARNING: All log messages before absl::InitializeLog() is called are written to STDERR
WARNING: All log messages before absl::InitializeLog() is called are written to STDERR
WARNING: All log messages before absl::InitializeLog() is called are written to STDERR
E0000 00:00:1780553507.097763      38 cuda_dnn.cc:8579] Unable to register cuDNN factory: Attempting to register factory for plugin cuDNN when one has already been registered
E0000 00:00:1780553507.097767      40 cuda_dnn.cc:8579] Unable to register cuDNN factory: Attempting to register factory for plugin cuDNN when one has already been registered
E0000 00:00:1780553507.097781      39 cuda_dnn.cc:8579] Unable to register cuDNN factory: Attempting to register factory for plugin cuDNN when one has already been registered
E0000 00:00:1780553507.097772      41 cuda_dnn.cc:8579] Unable to register cuDNN factory: Attempting to register factory for plugin cuDNN when one has already been registered
E0000 00:00:1780553507.199441      38 cuda_blas.cc:1407] Unable to register cuBLAS factory: Attempting to register factory for plugin cuBLAS when one has already been registered
E0000 00:00:1780553507.199448      39 cuda_blas.cc:1407] Unable to register cuBLAS factory: Attempting to register factory for plugin cuBLAS when one has already been registered
E0000 00:00:1780553507.199449      41 cuda_blas.cc:1407] Unable to register cuBLAS factory: Attempting to register factory for plugin cuBLAS when one has already been registered
E0000 00:00:1780553507.199463      40 cuda_blas.cc:1407] Unable to register cuBLAS factory: Attempting to register factory for plugin cuBLAS when one has already been registered
W0000 00:00:1780553508.456641      38 computation_placer.cc:177] computation placer already registered. Please check linkage and avoid linking the same target more than once.
W0000 00:00:1780553508.456639      41 computation_placer.cc:177] computation placer already registered. Please check linkage and avoid linking the same target more than once.
W0000 00:00:1780553508.456640      40 computation_placer.cc:177] computation placer already registered. Please check linkage and avoid linking the same target more than once.
W0000 00:00:1780553508.456651      39 computation_placer.cc:177] computation placer already registered. Please check linkage and avoid linking the same target more than once.
W0000 00:00:1780553508.456682      40 computation_placer.cc:177] computation placer already registered. Please check linkage and avoid linking the same target more than once.
W0000 00:00:1780553508.456682      41 computation_placer.cc:177] computation placer already registered. Please check linkage and avoid linking the same target more than once.
W0000 00:00:1780553508.456684      39 computation_placer.cc:177] computation placer already registered. Please check linkage and avoid linking the same target more than once.
W0000 00:00:1780553508.456684      38 computation_placer.cc:177] computation placer already registered. Please check linkage and avoid linking the same target more than once.
W0000 00:00:1780553508.456685      40 computation_placer.cc:177] computation placer already registered. Please check linkage and avoid linking the same target more than once.
W0000 00:00:1780553508.456686      41 computation_placer.cc:177] computation placer already registered. Please check linkage and avoid linking the same target more than once.
W0000 00:00:1780553508.456687      39 computation_placer.cc:177] computation placer already registered. Please check linkage and avoid linking the same target more than once.
W0000 00:00:1780553508.456687      38 computation_placer.cc:177] computation placer already registered. Please check linkage and avoid linking the same target more than once.
W0000 00:00:1780553508.456688      40 computation_placer.cc:177] computation placer already registered. Please check linkage and avoid linking the same target more than once.
W0000 00:00:1780553508.456688      41 computation_placer.cc:177] computation placer already registered. Please check linkage and avoid linking the same target more than once.
W0000 00:00:1780553508.456689      39 computation_placer.cc:177] computation placer already registered. Please check linkage and avoid linking the same target more than once.
W0000 00:00:1780553508.456690      38 computation_placer.cc:177] computation placer already registered. Please check linkage and avoid linking the same target more than once.
W0000 00:00:1780553539.059709      38 gpu_device.cc:2341] Cannot dlopen some GPU libraries. Please make sure the missing libraries mentioned above are installed properly if you would like to use GPU. Follow the guide at https://www.tensorflow.org/install/gpu for how to download and setup the required libraries for your platform.
Skipping registering GPU devices...
W0000 00:00:1780553539.059709      39 gpu_device.cc:2341] Cannot dlopen some GPU libraries. Please make sure the missing libraries mentioned above are installed properly if you would like to use GPU. Follow the guide at https://www.tensorflow.org/install/gpu for how to download and setup the required libraries for your platform.
Skipping registering GPU devices...
W0000 00:00:1780553539.059709      41 gpu_device.cc:2341] Cannot dlopen some GPU libraries. Please make sure the missing libraries mentioned above are installed properly if you would like to use GPU. Follow the guide at https://www.tensorflow.org/install/gpu for how to download and setup the required libraries for your platform.
Skipping registering GPU devices...
W0000 00:00:1780553539.059710      40 gpu_device.cc:2341] Cannot dlopen some GPU libraries. Please make sure the missing libraries mentioned above are installed properly if you would like to use GPU. Follow the guide at https://www.tensorflow.org/install/gpu for how to download and setup the required libraries for your platform.
Skipping registering GPU devices...
/usr/local/lib/python3.11/site-packages/torch/__init__.py:1617: UserWarning: Please use the new API settings to control TF32 behavior, such as torch.backends.cudnn.conv.fp32_precision = 'tf32' or torch.backends.cuda.matmul.fp32_precision = 'ieee'. Old settings, e.g, torch.backends.cuda.matmul.allow_tf32 = True, torch.backends.cudnn.allow_tf32 = True, allowTF32CuDNN() and allowTF32CuBLAS() will be deprecated after Pytorch 2.9. Please see https://pytorch.org/docs/main/notes/cuda.html#tensorfloat-32-tf32-on-ampere-and-later-devices (Triggered internally at /pytorch/aten/src/ATen/Context.cpp:80.)
  _C._set_float32_matmul_precision(precision)
/usr/local/lib/python3.11/site-packages/torch/__init__.py:1617: UserWarning: Please use the new API settings to control TF32 behavior, such as torch.backends.cudnn.conv.fp32_precision = 'tf32' or torch.backends.cuda.matmul.fp32_precision = 'ieee'. Old settings, e.g, torch.backends.cuda.matmul.allow_tf32 = True, torch.backends.cudnn.allow_tf32 = True, allowTF32CuDNN() and allowTF32CuBLAS() will be deprecated after Pytorch 2.9. Please see https://pytorch.org/docs/main/notes/cuda.html#tensorfloat-32-tf32-on-ampere-and-later-devices (Triggered internally at /pytorch/aten/src/ATen/Context.cpp:80.)
  _C._set_float32_matmul_precision(precision)
/usr/local/lib/python3.11/site-packages/torch/__init__.py:1617: UserWarning: Please use the new API settings to control TF32 behavior, such as torch.backends.cudnn.conv.fp32_precision = 'tf32' or torch.backends.cuda.matmul.fp32_precision = 'ieee'. Old settings, e.g, torch.backends.cuda.matmul.allow_tf32 = True, torch.backends.cudnn.allow_tf32 = True, allowTF32CuDNN() and allowTF32CuBLAS() will be deprecated after Pytorch 2.9. Please see https://pytorch.org/docs/main/notes/cuda.html#tensorfloat-32-tf32-on-ampere-and-later-devices (Triggered internally at /pytorch/aten/src/ATen/Context.cpp:80.)
  _C._set_float32_matmul_precision(precision)
/usr/local/lib/python3.11/site-packages/torch/__init__.py:1617: UserWarning: Please use the new API settings to control TF32 behavior, such as torch.backends.cudnn.conv.fp32_precision = 'tf32' or torch.backends.cuda.matmul.fp32_precision = 'ieee'. Old settings, e.g, torch.backends.cuda.matmul.allow_tf32 = True, torch.backends.cudnn.allow_tf32 = True, allowTF32CuDNN() and allowTF32CuBLAS() will be deprecated after Pytorch 2.9. Please see https://pytorch.org/docs/main/notes/cuda.html#tensorfloat-32-tf32-on-ampere-and-later-devices (Triggered internally at /pytorch/aten/src/ATen/Context.cpp:80.)
  _C._set_float32_matmul_precision(precision)
/usr/local/lib/python3.11/site-packages/pydantic/_internal/_generate_schema.py:2249: UnsupportedFieldAttributeWarning: The 'repr' attribute with value False was provided to the `Field()` function, which has no effect in the context it was used. 'repr' is field-specific metadata, and can only be attached to a model field using `Annotated` metadata or by assignment. This may have happened because an `Annotated` type alias using the `type` statement was used, or if the `Field()` function was attached to a single member of a union type.
  warnings.warn(
/usr/local/lib/python3.11/site-packages/pydantic/_internal/_generate_schema.py:2249: UnsupportedFieldAttributeWarning: The 'repr' attribute with value False was provided to the `Field()` function, which has no effect in the context it was used. 'repr' is field-specific metadata, and can only be attached to a model field using `Annotated` metadata or by assignment. This may have happened because an `Annotated` type alias using the `type` statement was used, or if the `Field()` function was attached to a single member of a union type.
  warnings.warn(
/usr/local/lib/python3.11/site-packages/pydantic/_internal/_generate_schema.py:2249: UnsupportedFieldAttributeWarning: The 'repr' attribute with value False was provided to the `Field()` function, which has no effect in the context it was used. 'repr' is field-specific metadata, and can only be attached to a model field using `Annotated` metadata or by assignment. This may have happened because an `Annotated` type alias using the `type` statement was used, or if the `Field()` function was attached to a single member of a union type.
  warnings.warn(
/usr/local/lib/python3.11/site-packages/pydantic/_internal/_generate_schema.py:2249: UnsupportedFieldAttributeWarning: The 'repr' attribute with value False was provided to the `Field()` function, which has no effect in the context it was used. 'repr' is field-specific metadata, and can only be attached to a model field using `Annotated` metadata or by assignment. This may have happened because an `Annotated` type alias using the `type` statement was used, or if the `Field()` function was attached to a single member of a union type.
  warnings.warn(
/usr/local/lib/python3.11/site-packages/pydantic/_internal/_generate_schema.py:2249: UnsupportedFieldAttributeWarning: The 'frozen' attribute with value True was provided to the `Field()` function, which has no effect in the context it was used. 'frozen' is field-specific metadata, and can only be attached to a model field using `Annotated` metadata or by assignment. This may have happened because an `Annotated` type alias using the `type` statement was used, or if the `Field()` function was attached to a single member of a union type.
  warnings.warn(
/usr/local/lib/python3.11/site-packages/pydantic/_internal/_generate_schema.py:2249: UnsupportedFieldAttributeWarning: The 'frozen' attribute with value True was provided to the `Field()` function, which has no effect in the context it was used. 'frozen' is field-specific metadata, and can only be attached to a model field using `Annotated` metadata or by assignment. This may have happened because an `Annotated` type alias using the `type` statement was used, or if the `Field()` function was attached to a single member of a union type.
  warnings.warn(
/usr/local/lib/python3.11/site-packages/pydantic/_internal/_generate_schema.py:2249: UnsupportedFieldAttributeWarning: The 'frozen' attribute with value True was provided to the `Field()` function, which has no effect in the context it was used. 'frozen' is field-specific metadata, and can only be attached to a model field using `Annotated` metadata or by assignment. This may have happened because an `Annotated` type alias using the `type` statement was used, or if the `Field()` function was attached to a single member of a union type.
  warnings.warn(
/usr/local/lib/python3.11/site-packages/pydantic/_internal/_generate_schema.py:2249: UnsupportedFieldAttributeWarning: The 'frozen' attribute with value True was provided to the `Field()` function, which has no effect in the context it was used. 'frozen' is field-specific metadata, and can only be attached to a model field using `Annotated` metadata or by assignment. This may have happened because an `Annotated` type alias using the `type` statement was used, or if the `Field()` function was attached to a single member of a union type.
  warnings.warn(
I0604 06:12:27.353291 139747160995008 logger_utils.py:59] Removing existing experiment directory /experiment_runs/submissions_a100/muon_torch_jax_hps_achandr/study_0/criteo1tb_pytorch because --overwrite was set.
I0604 06:12:27.353293 140270529905856 logger_utils.py:59] Removing existing experiment directory /experiment_runs/submissions_a100/muon_torch_jax_hps_achandr/study_0/criteo1tb_pytorch because --overwrite was set.
I0604 06:12:27.353297 139993131271360 logger_utils.py:59] Removing existing experiment directory /experiment_runs/submissions_a100/muon_torch_jax_hps_achandr/study_0/criteo1tb_pytorch because --overwrite was set.
I0604 06:12:27.353295 140241173406912 logger_utils.py:59] Removing existing experiment directory /experiment_runs/submissions_a100/muon_torch_jax_hps_achandr/study_0/criteo1tb_pytorch because --overwrite was set.
/usr/local/lib/python3.11/site-packages/torch/distributed/distributed_c10d.py:4876: UserWarning: barrier(): using the device under current context. You can specify `device_id` in `init_process_group` to mute this warning.
  warnings.warn(  # warn only once
[rank0]:[W604 06:12:27.740110724 ProcessGroupNCCL.cpp:5068] Guessing device ID based on global rank. This can cause a hang if rank to GPU mapping is heterogeneous. You can specify device_id in init_process_group()
I0604 06:12:29.034705 139747160995008 logger_utils.py:84] Creating experiment directory at /experiment_runs/submissions_a100/muon_torch_jax_hps_achandr/study_0/criteo1tb_pytorch.
I0604 06:12:29.034705 139993131271360 logger_utils.py:84] Creating experiment directory at /experiment_runs/submissions_a100/muon_torch_jax_hps_achandr/study_0/criteo1tb_pytorch.
I0604 06:12:29.034705 140270529905856 logger_utils.py:84] Creating experiment directory at /experiment_runs/submissions_a100/muon_torch_jax_hps_achandr/study_0/criteo1tb_pytorch.
I0604 06:12:29.034728 140241173406912 logger_utils.py:84] Creating experiment directory at /experiment_runs/submissions_a100/muon_torch_jax_hps_achandr/study_0/criteo1tb_pytorch.
I0604 06:12:40.636566 140241173406912 submission_runner.py:741] Creating directory at /experiment_runs/submissions_a100/muon_torch_jax_hps_achandr/study_0/criteo1tb_pytorch/trial_1.
I0604 06:12:40.990436 140241173406912 submission_runner.py:242] Initializing dataset.
I0604 06:12:40.990622 140241173406912 submission_runner.py:251] Initializing model.
W0604 06:12:46.368074 140241173406912 submission_runner.py:273] These workloads cannot be fully compiled under current PyTorch version. Proceeding without `torch.compile`.
W0604 06:12:46.368079 140270529905856 submission_runner.py:273] These workloads cannot be fully compiled under current PyTorch version. Proceeding without `torch.compile`.
W0604 06:12:46.368079 139747160995008 submission_runner.py:273] These workloads cannot be fully compiled under current PyTorch version. Proceeding without `torch.compile`.
W0604 06:12:46.368091 139993131271360 submission_runner.py:273] These workloads cannot be fully compiled under current PyTorch version. Proceeding without `torch.compile`.
I0604 06:12:46.368251 140241173406912 submission_runner.py:294] Initializing optimizer.
I0604 06:12:46.368391 139747160995008 muon.py:324] Muon params:
	module.bot_mlp.0.weight (ndim=2)
	module.bot_mlp.2.weight (ndim=2)
	module.bot_mlp.4.weight (ndim=2)
	module.top_mlp.0.weight (ndim=2)
	module.top_mlp.2.weight (ndim=2)
	module.top_mlp.4.weight (ndim=2)
	module.top_mlp.6.weight (ndim=2)
	module.top_mlp.9.weight (ndim=2)
I0604 06:12:46.368395 140270529905856 muon.py:324] Muon params:
	module.bot_mlp.0.weight (ndim=2)
	module.bot_mlp.2.weight (ndim=2)
	module.bot_mlp.4.weight (ndim=2)
	module.top_mlp.0.weight (ndim=2)
	module.top_mlp.2.weight (ndim=2)
	module.top_mlp.4.weight (ndim=2)
	module.top_mlp.6.weight (ndim=2)
	module.top_mlp.9.weight (ndim=2)
I0604 06:12:46.368398 139993131271360 muon.py:324] Muon params:
	module.bot_mlp.0.weight (ndim=2)
	module.bot_mlp.2.weight (ndim=2)
	module.bot_mlp.4.weight (ndim=2)
	module.top_mlp.0.weight (ndim=2)
	module.top_mlp.2.weight (ndim=2)
	module.top_mlp.4.weight (ndim=2)
	module.top_mlp.6.weight (ndim=2)
	module.top_mlp.9.weight (ndim=2)
I0604 06:12:46.368436 140241173406912 muon.py:324] Muon params:
	module.bot_mlp.0.weight (ndim=2)
	module.bot_mlp.2.weight (ndim=2)
	module.bot_mlp.4.weight (ndim=2)
	module.top_mlp.0.weight (ndim=2)
	module.top_mlp.2.weight (ndim=2)
	module.top_mlp.4.weight (ndim=2)
	module.top_mlp.6.weight (ndim=2)
	module.top_mlp.9.weight (ndim=2)
I0604 06:12:46.368473 140270529905856 muon.py:325] Adam params:
	module.embedding_chunk_0 (ndim=2)
	module.embedding_chunk_1 (ndim=2)
	module.embedding_chunk_2 (ndim=2)
	module.embedding_chunk_3 (ndim=2)
	module.bot_mlp.0.bias (ndim=1)
	module.bot_mlp.2.bias (ndim=1)
	module.bot_mlp.4.bias (ndim=1)
	module.top_mlp.0.bias (ndim=1)
	module.top_mlp.2.bias (ndim=1)
	module.top_mlp.4.bias (ndim=1)
	module.top_mlp.6.bias (ndim=1)
	module.top_mlp.9.bias (ndim=1)
I0604 06:12:46.368479 139993131271360 muon.py:325] Adam params:
	module.embedding_chunk_0 (ndim=2)
	module.embedding_chunk_1 (ndim=2)
	module.embedding_chunk_2 (ndim=2)
	module.embedding_chunk_3 (ndim=2)
	module.bot_mlp.0.bias (ndim=1)
	module.bot_mlp.2.bias (ndim=1)
	module.bot_mlp.4.bias (ndim=1)
	module.top_mlp.0.bias (ndim=1)
	module.top_mlp.2.bias (ndim=1)
	module.top_mlp.4.bias (ndim=1)
	module.top_mlp.6.bias (ndim=1)
	module.top_mlp.9.bias (ndim=1)
I0604 06:12:46.368485 139747160995008 muon.py:325] Adam params:
	module.embedding_chunk_0 (ndim=2)
	module.embedding_chunk_1 (ndim=2)
	module.embedding_chunk_2 (ndim=2)
	module.embedding_chunk_3 (ndim=2)
	module.bot_mlp.0.bias (ndim=1)
	module.bot_mlp.2.bias (ndim=1)
	module.bot_mlp.4.bias (ndim=1)
	module.top_mlp.0.bias (ndim=1)
	module.top_mlp.2.bias (ndim=1)
	module.top_mlp.4.bias (ndim=1)
	module.top_mlp.6.bias (ndim=1)
	module.top_mlp.9.bias (ndim=1)
I0604 06:12:46.368516 140241173406912 muon.py:325] Adam params:
	module.embedding_chunk_0 (ndim=2)
	module.embedding_chunk_1 (ndim=2)
	module.embedding_chunk_2 (ndim=2)
	module.embedding_chunk_3 (ndim=2)
	module.bot_mlp.0.bias (ndim=1)
	module.bot_mlp.2.bias (ndim=1)
	module.bot_mlp.4.bias (ndim=1)
	module.top_mlp.0.bias (ndim=1)
	module.top_mlp.2.bias (ndim=1)
	module.top_mlp.4.bias (ndim=1)
	module.top_mlp.6.bias (ndim=1)
	module.top_mlp.9.bias (ndim=1)
I0604 06:12:46.393948 140241173406912 submission_runner.py:299] Initializing metrics bundle.
I0604 06:12:46.394147 140241173406912 submission_runner.py:321] Initializing checkpoint and logger.
I0604 06:12:46.395967 140241173406912 submission_runner.py:344] Saving meta data to /experiment_runs/submissions_a100/muon_torch_jax_hps_achandr/study_0/criteo1tb_pytorch/trial_1/meta_data_0.json.
I0604 06:12:46.396039 139747160995008 logger_utils.py:283] Unable to record workload.train_mean information. Continuing without it.
I0604 06:12:46.396044 140270529905856 logger_utils.py:283] Unable to record workload.train_mean information. Continuing without it.
I0604 06:12:46.396059 139993131271360 logger_utils.py:283] Unable to record workload.train_mean information. Continuing without it.
I0604 06:12:46.396168 140270529905856 logger_utils.py:283] Unable to record workload.train_stddev information. Continuing without it.
I0604 06:12:46.396167 140241173406912 logger_utils.py:283] Unable to record workload.train_mean information. Continuing without it.
I0604 06:12:46.396172 139747160995008 logger_utils.py:283] Unable to record workload.train_stddev information. Continuing without it.
I0604 06:12:46.396178 139993131271360 logger_utils.py:283] Unable to record workload.train_stddev information. Continuing without it.
I0604 06:12:46.396217 140241173406912 logger_utils.py:283] Unable to record workload.train_stddev information. Continuing without it.
I0604 06:12:46.866638 140241173406912 submission_runner.py:348] Saving flags to /experiment_runs/submissions_a100/muon_torch_jax_hps_achandr/study_0/criteo1tb_pytorch/trial_1/flags_0.json.
I0604 06:12:46.962615 140241173406912 submission_runner.py:359] Starting training loop.
I0604 06:12:56.085517 140241173406912 submission.py:197] 
=== DIAGNOSTICS [Step 0] ===
  • Muon LR:      0.003883970586  |  Grad Norm: 3.782567 (from 8 gradients)
  • NAdamW LR:    0.000135749518  |  Grad Norm: 0.691749 (from 12 gradients)
  • Muon Params:  8 total tensors
  • NAdamW Params:12 total tensors
========================================

I0604 06:13:28.175648 140241173406912 spec.py:333] Evaluating on the training split.
I0604 06:18:15.013973 140241173406912 spec.py:346] Evaluating on the validation split.
I0604 06:23:04.304105 140241173406912 spec.py:363] Evaluating on the test split.
I0604 06:28:22.465684 140241173406912 submission_runner.py:516] Time since start: 935.50s, 	Step: 1, 	{'train/loss': 0.4901589483422849, 'validation/loss': 0.4921494329821895, 'validation/num_examples': 83274637, 'test/loss': 0.49324737480854236, 'test/num_examples': 95000000, 'score': 40.79420709609985, 'total_duration': 935.5032517910004, 'accumulated_submission_time': 40.79420709609985, 'accumulated_eval_time': 894.2901051044464, 'accumulated_logging_time': 0}
I0604 06:28:22.665744 140199367472896 logging_writer.py:48] [1] accumulated_eval_time=894.29, accumulated_logging_time=0, accumulated_submission_time=40.7942, global_step=1, preemption_count=0, score=40.7942, test/loss=0.493247, test/num_examples=95000000, total_duration=935.503, train/loss=0.490159, validation/loss=0.492149, validation/num_examples=83274637
I0604 06:28:23.418247 140241173406912 submission.py:197] 
=== DIAGNOSTICS [Step 1] ===
  • Muon LR:      0.003883970502  |  Grad Norm: 3.844586 (from 8 gradients)
  • NAdamW LR:    0.000135749515  |  Grad Norm: 0.646602 (from 12 gradients)
  • Muon Params:  8 total tensors
  • NAdamW Params:12 total tensors
========================================

I0604 06:28:23.603666 140241173406912 submission.py:197] 
=== DIAGNOSTICS [Step 2] ===
  • Muon LR:      0.003883970249  |  Grad Norm: 3.830825 (from 8 gradients)
  • NAdamW LR:    0.000135749506  |  Grad Norm: 0.595379 (from 12 gradients)
  • Muon Params:  8 total tensors
  • NAdamW Params:12 total tensors
========================================

I0604 06:28:23.787021 140241173406912 submission.py:197] 
=== DIAGNOSTICS [Step 3] ===
  • Muon LR:      0.003883969828  |  Grad Norm: 3.792528 (from 8 gradients)
  • NAdamW LR:    0.000135749491  |  Grad Norm: 0.544153 (from 12 gradients)
  • Muon Params:  8 total tensors
  • NAdamW Params:12 total tensors
========================================

I0604 06:28:23.972013 140241173406912 submission.py:197] 
=== DIAGNOSTICS [Step 4] ===
  • Muon LR:      0.003883969238  |  Grad Norm: 3.638231 (from 8 gradients)
  • NAdamW LR:    0.000135749471  |  Grad Norm: 0.484748 (from 12 gradients)
  • Muon Params:  8 total tensors
  • NAdamW Params:12 total tensors
========================================

I0604 06:28:24.155495 140241173406912 submission.py:197] 
=== DIAGNOSTICS [Step 5] ===
  • Muon LR:      0.003883968480  |  Grad Norm: 3.397031 (from 8 gradients)
  • NAdamW LR:    0.000135749444  |  Grad Norm: 0.424588 (from 12 gradients)
  • Muon Params:  8 total tensors
  • NAdamW Params:12 total tensors
========================================

I0604 06:34:19.561155 140241173406912 spec.py:333] Evaluating on the training split.
I0604 06:38:56.807149 140241173406912 spec.py:346] Evaluating on the validation split.
I0604 06:43:02.733903 140241173406912 spec.py:363] Evaluating on the test split.
I0604 06:47:28.790509 140241173406912 submission_runner.py:516] Time since start: 2081.83s, 	Step: 368, 	{'train/loss': 0.12656025493309744, 'validation/loss': 0.12872729337477748, 'validation/num_examples': 83274637, 'test/loss': 0.13188988494230572, 'test/num_examples': 95000000, 'score': 396.53048825263977, 'total_duration': 2081.828085422516, 'accumulated_submission_time': 396.53048825263977, 'accumulated_eval_time': 1683.5195338726044, 'accumulated_logging_time': 0.3819580078125}
I0604 06:47:28.817760 140199359080192 logging_writer.py:48] [368] accumulated_eval_time=1683.52, accumulated_logging_time=0.381958, accumulated_submission_time=396.53, global_step=368, preemption_count=0, score=396.53, test/loss=0.13189, test/num_examples=95000000, total_duration=2081.83, train/loss=0.12656, validation/loss=0.128727, validation/num_examples=83274637
I0604 06:53:26.204582 140241173406912 spec.py:333] Evaluating on the training split.
I0604 06:58:12.926815 140241173406912 spec.py:346] Evaluating on the validation split.
I0604 07:02:19.368722 140241173406912 spec.py:363] Evaluating on the test split.
I0604 07:06:45.214104 140241173406912 submission_runner.py:516] Time since start: 3238.25s, 	Step: 734, 	{'train/loss': 0.12644545923930944, 'validation/loss': 0.12750999900005539, 'validation/num_examples': 83274637, 'test/loss': 0.1300538282377544, 'test/num_examples': 95000000, 'score': 752.9314272403717, 'total_duration': 3238.251725435257, 'accumulated_submission_time': 752.9314272403717, 'accumulated_eval_time': 2482.5291831493378, 'accumulated_logging_time': 0.4169044494628906}
I0604 07:06:45.239696 140199367472896 logging_writer.py:48] [734] accumulated_eval_time=2482.53, accumulated_logging_time=0.416904, accumulated_submission_time=752.931, global_step=734, preemption_count=0, score=752.931, test/loss=0.130054, test/num_examples=95000000, total_duration=3238.25, train/loss=0.126445, validation/loss=0.12751, validation/num_examples=83274637
I0604 07:12:42.439260 140241173406912 spec.py:333] Evaluating on the training split.
I0604 07:17:35.454189 140241173406912 spec.py:346] Evaluating on the validation split.
I0604 07:21:40.086459 140241173406912 spec.py:363] Evaluating on the test split.
I0604 07:26:05.631297 140241173406912 submission_runner.py:516] Time since start: 4398.67s, 	Step: 1099, 	{'train/loss': 0.12620491098455708, 'validation/loss': 0.12705065151907247, 'validation/num_examples': 83274637, 'test/loss': 0.12966399269939222, 'test/num_examples': 95000000, 'score': 1109.157677412033, 'total_duration': 4398.668897867203, 'accumulated_submission_time': 1109.157677412033, 'accumulated_eval_time': 3285.721262693405, 'accumulated_logging_time': 0.45005297660827637}
I0604 07:26:05.656488 140199359080192 logging_writer.py:48] [1099] accumulated_eval_time=3285.72, accumulated_logging_time=0.450053, accumulated_submission_time=1109.16, global_step=1099, preemption_count=0, score=1109.16, test/loss=0.129664, test/num_examples=95000000, total_duration=4398.67, train/loss=0.126205, validation/loss=0.127051, validation/num_examples=83274637
I0604 07:32:02.647058 140241173406912 spec.py:333] Evaluating on the training split.
I0604 07:36:35.291414 140241173406912 spec.py:346] Evaluating on the validation split.
I0604 07:40:20.983998 140241173406912 spec.py:363] Evaluating on the test split.
I0604 07:44:27.695817 140241173406912 submission_runner.py:516] Time since start: 5500.73s, 	Step: 1466, 	{'train/loss': 0.12528580734233247, 'validation/loss': 0.12690712564060255, 'validation/num_examples': 83274637, 'test/loss': 0.12939992583875154, 'test/num_examples': 95000000, 'score': 1465.171051979065, 'total_duration': 5500.7333970069885, 'accumulated_submission_time': 1465.171051979065, 'accumulated_eval_time': 4030.7700519561768, 'accumulated_logging_time': 0.4826810359954834}
I0604 07:44:27.720806 140199367472896 logging_writer.py:48] [1466] accumulated_eval_time=4030.77, accumulated_logging_time=0.482681, accumulated_submission_time=1465.17, global_step=1466, preemption_count=0, score=1465.17, test/loss=0.1294, test/num_examples=95000000, total_duration=5500.73, train/loss=0.125286, validation/loss=0.126907, validation/num_examples=83274637
I0604 07:50:24.682560 140241173406912 spec.py:333] Evaluating on the training split.
I0604 07:54:40.553348 140241173406912 spec.py:346] Evaluating on the validation split.
I0604 07:58:27.281453 140241173406912 spec.py:363] Evaluating on the test split.
I0604 08:02:33.893894 140241173406912 submission_runner.py:516] Time since start: 6586.93s, 	Step: 1833, 	{'train/loss': 0.12408713331695602, 'validation/loss': 0.12639134193375492, 'validation/num_examples': 83274637, 'test/loss': 0.12910496639918276, 'test/num_examples': 95000000, 'score': 1821.1415412425995, 'total_duration': 6586.931508541107, 'accumulated_submission_time': 1821.1415412425995, 'accumulated_eval_time': 4759.981447219849, 'accumulated_logging_time': 0.5151686668395996}
I0604 08:02:33.918364 140199359080192 logging_writer.py:48] [1833] accumulated_eval_time=4759.98, accumulated_logging_time=0.515169, accumulated_submission_time=1821.14, global_step=1833, preemption_count=0, score=1821.14, test/loss=0.129105, test/num_examples=95000000, total_duration=6586.93, train/loss=0.124087, validation/loss=0.126391, validation/num_examples=83274637
I0604 08:08:30.711817 140241173406912 spec.py:333] Evaluating on the training split.
I0604 08:12:47.394348 140241173406912 spec.py:346] Evaluating on the validation split.
I0604 08:16:31.912415 140241173406912 spec.py:363] Evaluating on the test split.
I0604 08:20:38.541411 140241173406912 submission_runner.py:516] Time since start: 7671.58s, 	Step: 2203, 	{'train/loss': 0.1256740051095405, 'validation/loss': 0.12619306876695838, 'validation/num_examples': 83274637, 'test/loss': 0.12860846223096345, 'test/num_examples': 95000000, 'score': 2176.948288679123, 'total_duration': 7671.579012870789, 'accumulated_submission_time': 2176.948288679123, 'accumulated_eval_time': 5487.811074972153, 'accumulated_logging_time': 0.5468225479125977}
I0604 08:20:38.565209 140199367472896 logging_writer.py:48] [2203] accumulated_eval_time=5487.81, accumulated_logging_time=0.546823, accumulated_submission_time=2176.95, global_step=2203, preemption_count=0, score=2176.95, test/loss=0.128608, test/num_examples=95000000, total_duration=7671.58, train/loss=0.125674, validation/loss=0.126193, validation/num_examples=83274637
I0604 08:26:35.106544 140241173406912 spec.py:333] Evaluating on the training split.
I0604 08:30:56.519403 140241173406912 spec.py:346] Evaluating on the validation split.
I0604 08:34:39.052521 140241173406912 spec.py:363] Evaluating on the test split.
I0604 08:38:44.064959 140241173406912 submission_runner.py:516] Time since start: 8757.10s, 	Step: 2605, 	{'train/loss': 0.12417514155249286, 'validation/loss': 0.12593691420721512, 'validation/num_examples': 83274637, 'test/loss': 0.12846986164582905, 'test/num_examples': 95000000, 'score': 2532.4807159900665, 'total_duration': 8757.102548122406, 'accumulated_submission_time': 2532.4807159900665, 'accumulated_eval_time': 6216.769596338272, 'accumulated_logging_time': 0.5777685642242432}
I0604 08:38:44.094693 140199359080192 logging_writer.py:48] [2605] accumulated_eval_time=6216.77, accumulated_logging_time=0.577769, accumulated_submission_time=2532.48, global_step=2605, preemption_count=0, score=2532.48, test/loss=0.12847, test/num_examples=95000000, total_duration=8757.1, train/loss=0.124175, validation/loss=0.125937, validation/num_examples=83274637
I0604 08:44:41.449315 140241173406912 spec.py:333] Evaluating on the training split.
I0604 08:48:45.975510 140241173406912 spec.py:346] Evaluating on the validation split.
I0604 08:52:22.532550 140241173406912 spec.py:363] Evaluating on the test split.
I0604 08:56:25.718899 140241173406912 submission_runner.py:516] Time since start: 9818.76s, 	Step: 3014, 	{'train/loss': 0.12395248097389022, 'validation/loss': 0.12572992482792086, 'validation/num_examples': 83274637, 'test/loss': 0.1279874735332288, 'test/num_examples': 95000000, 'score': 2888.8262333869934, 'total_duration': 9818.756502389908, 'accumulated_submission_time': 2888.8262333869934, 'accumulated_eval_time': 6921.03928399086, 'accumulated_logging_time': 0.6144366264343262}
I0604 08:56:25.744129 140199367472896 logging_writer.py:48] [3014] accumulated_eval_time=6921.04, accumulated_logging_time=0.614437, accumulated_submission_time=2888.83, global_step=3014, preemption_count=0, score=2888.83, test/loss=0.127987, test/num_examples=95000000, total_duration=9818.76, train/loss=0.123952, validation/loss=0.12573, validation/num_examples=83274637
I0604 09:02:22.760196 140241173406912 spec.py:333] Evaluating on the training split.
I0604 09:06:15.197955 140241173406912 spec.py:346] Evaluating on the validation split.
I0604 09:09:40.920648 140241173406912 spec.py:363] Evaluating on the test split.
I0604 09:13:38.911265 140241173406912 submission_runner.py:516] Time since start: 10851.95s, 	Step: 3415, 	{'train/loss': 0.1275422117815225, 'validation/loss': 0.12548174359584766, 'validation/num_examples': 83274637, 'test/loss': 0.1278554124946996, 'test/num_examples': 95000000, 'score': 3244.861162185669, 'total_duration': 10851.948842048645, 'accumulated_submission_time': 3244.861162185669, 'accumulated_eval_time': 7597.190373420715, 'accumulated_logging_time': 0.6466295719146729}
I0604 09:13:38.936248 140199359080192 logging_writer.py:48] [3415] accumulated_eval_time=7597.19, accumulated_logging_time=0.64663, accumulated_submission_time=3244.86, global_step=3415, preemption_count=0, score=3244.86, test/loss=0.127855, test/num_examples=95000000, total_duration=10851.9, train/loss=0.127542, validation/loss=0.125482, validation/num_examples=83274637
I0604 09:19:35.318742 140241173406912 spec.py:333] Evaluating on the training split.
I0604 09:23:04.419927 140241173406912 spec.py:346] Evaluating on the validation split.
I0604 09:26:09.058346 140241173406912 spec.py:363] Evaluating on the test split.
I0604 09:29:57.536069 140241173406912 submission_runner.py:516] Time since start: 11830.57s, 	Step: 3823, 	{'train/loss': 0.12585186837843856, 'validation/loss': 0.125462186417861, 'validation/num_examples': 83274637, 'test/loss': 0.12785664502306487, 'test/num_examples': 95000000, 'score': 3600.3173458576202, 'total_duration': 11830.573685407639, 'accumulated_submission_time': 3600.3173458576202, 'accumulated_eval_time': 8219.407757520676, 'accumulated_logging_time': 0.6808552742004395}
I0604 09:29:57.560606 140199367472896 logging_writer.py:48] [3823] accumulated_eval_time=8219.41, accumulated_logging_time=0.680855, accumulated_submission_time=3600.32, global_step=3823, preemption_count=0, score=3600.32, test/loss=0.127857, test/num_examples=95000000, total_duration=11830.6, train/loss=0.125852, validation/loss=0.125462, validation/num_examples=83274637
I0604 09:35:54.950402 140241173406912 spec.py:333] Evaluating on the training split.
I0604 09:38:27.978313 140241173406912 spec.py:346] Evaluating on the validation split.
I0604 09:40:49.606935 140241173406912 spec.py:363] Evaluating on the test split.
I0604 09:44:19.332909 140241173406912 submission_runner.py:516] Time since start: 12692.37s, 	Step: 4232, 	{'train/loss': 0.12215433222430969, 'validation/loss': 0.12545463743864388, 'validation/num_examples': 83274637, 'test/loss': 0.1279335478003251, 'test/num_examples': 95000000, 'score': 3956.7884962558746, 'total_duration': 12692.370498895645, 'accumulated_submission_time': 3956.7884962558746, 'accumulated_eval_time': 8723.790352344513, 'accumulated_logging_time': 0.7123372554779053}
I0604 09:44:19.357532 140199359080192 logging_writer.py:48] [4232] accumulated_eval_time=8723.79, accumulated_logging_time=0.712337, accumulated_submission_time=3956.79, global_step=4232, preemption_count=0, score=3956.79, test/loss=0.127934, test/num_examples=95000000, total_duration=12692.4, train/loss=0.122154, validation/loss=0.125455, validation/num_examples=83274637
I0604 09:50:16.232313 140241173406912 spec.py:333] Evaluating on the training split.
I0604 09:51:58.011875 140241173406912 spec.py:346] Evaluating on the validation split.
I0604 09:53:32.532396 140241173406912 spec.py:363] Evaluating on the test split.
I0604 09:56:25.649396 140241173406912 submission_runner.py:516] Time since start: 13418.69s, 	Step: 4629, 	{'train/loss': 0.12187357950635355, 'validation/loss': 0.1252818560514761, 'validation/num_examples': 83274637, 'test/loss': 0.12780339540084035, 'test/num_examples': 95000000, 'score': 4312.7430646419525, 'total_duration': 13418.687012672424, 'accumulated_submission_time': 4312.7430646419525, 'accumulated_eval_time': 9093.20747089386, 'accumulated_logging_time': 0.7438580989837646}
I0604 09:56:25.674158 140199367472896 logging_writer.py:48] [4629] accumulated_eval_time=9093.21, accumulated_logging_time=0.743858, accumulated_submission_time=4312.74, global_step=4629, preemption_count=0, score=4312.74, test/loss=0.127803, test/num_examples=95000000, total_duration=13418.7, train/loss=0.121874, validation/loss=0.125282, validation/num_examples=83274637
I0604 10:02:22.373232 140241173406912 spec.py:333] Evaluating on the training split.
I0604 10:03:21.405888 140241173406912 spec.py:346] Evaluating on the validation split.
I0604 10:04:20.464500 140241173406912 spec.py:363] Evaluating on the test split.
I0604 10:06:29.127667 140241173406912 submission_runner.py:516] Time since start: 14022.17s, 	Step: 5033, 	{'train/loss': 0.12397063745065905, 'validation/loss': 0.12520160434986627, 'validation/num_examples': 83274637, 'test/loss': 0.12759233992968108, 'test/num_examples': 95000000, 'score': 4668.512505054474, 'total_duration': 14022.165273427963, 'accumulated_submission_time': 4668.512505054474, 'accumulated_eval_time': 9339.961955070496, 'accumulated_logging_time': 0.7757234573364258}
I0604 10:06:29.153805 140199359080192 logging_writer.py:48] [5033] accumulated_eval_time=9339.96, accumulated_logging_time=0.775723, accumulated_submission_time=4668.51, global_step=5033, preemption_count=0, score=4668.51, test/loss=0.127592, test/num_examples=95000000, total_duration=14022.2, train/loss=0.123971, validation/loss=0.125202, validation/num_examples=83274637
I0604 10:12:26.159802 140241173406912 spec.py:333] Evaluating on the training split.
I0604 10:13:25.170734 140241173406912 spec.py:346] Evaluating on the validation split.
I0604 10:14:24.119592 140241173406912 spec.py:363] Evaluating on the test split.
I0604 10:15:44.897252 140241173406912 submission_runner.py:516] Time since start: 14577.93s, 	Step: 5432, 	{'train/loss': 0.12398918133343348, 'validation/loss': 0.12501183949437025, 'validation/num_examples': 83274637, 'test/loss': 0.1273649100895932, 'test/num_examples': 95000000, 'score': 5024.587025880814, 'total_duration': 14577.934883594513, 'accumulated_submission_time': 5024.587025880814, 'accumulated_eval_time': 9538.699494123459, 'accumulated_logging_time': 0.8090915679931641}
I0604 10:15:44.921611 140199367472896 logging_writer.py:48] [5432] accumulated_eval_time=9538.7, accumulated_logging_time=0.809092, accumulated_submission_time=5024.59, global_step=5432, preemption_count=0, score=5024.59, test/loss=0.127365, test/num_examples=95000000, total_duration=14577.9, train/loss=0.123989, validation/loss=0.125012, validation/num_examples=83274637
I0604 10:21:42.110473 140241173406912 spec.py:333] Evaluating on the training split.
I0604 10:22:41.325674 140241173406912 spec.py:346] Evaluating on the validation split.
I0604 10:23:40.654950 140241173406912 spec.py:363] Evaluating on the test split.
I0604 10:24:48.632333 140241173406912 submission_runner.py:516] Time since start: 15121.67s, 	Step: 5827, 	{'train/loss': 0.12349239176774286, 'validation/loss': 0.12490919269814557, 'validation/num_examples': 83274637, 'test/loss': 0.1272386179260254, 'test/num_examples': 95000000, 'score': 5380.853286743164, 'total_duration': 15121.669959068298, 'accumulated_submission_time': 5380.853286743164, 'accumulated_eval_time': 9725.221432447433, 'accumulated_logging_time': 0.8407478332519531}
I0604 10:24:48.657411 140199359080192 logging_writer.py:48] [5827] accumulated_eval_time=9725.22, accumulated_logging_time=0.840748, accumulated_submission_time=5380.85, global_step=5827, preemption_count=0, score=5380.85, test/loss=0.127239, test/num_examples=95000000, total_duration=15121.7, train/loss=0.123492, validation/loss=0.124909, validation/num_examples=83274637
I0604 10:30:45.900142 140241173406912 spec.py:333] Evaluating on the training split.
I0604 10:31:44.865638 140241173406912 spec.py:346] Evaluating on the validation split.
I0604 10:32:43.875430 140241173406912 spec.py:363] Evaluating on the test split.
I0604 10:33:51.822779 140241173406912 submission_runner.py:516] Time since start: 15664.86s, 	Step: 6226, 	{'train/loss': 0.12479578916986768, 'validation/loss': 0.12493054399853672, 'validation/num_examples': 83274637, 'test/loss': 0.12722586267378957, 'test/num_examples': 95000000, 'score': 5737.166085958481, 'total_duration': 15664.860393762589, 'accumulated_submission_time': 5737.166085958481, 'accumulated_eval_time': 9911.14412021637, 'accumulated_logging_time': 0.8731074333190918}
I0604 10:33:51.847364 140199367472896 logging_writer.py:48] [6226] accumulated_eval_time=9911.14, accumulated_logging_time=0.873107, accumulated_submission_time=5737.17, global_step=6226, preemption_count=0, score=5737.17, test/loss=0.127226, test/num_examples=95000000, total_duration=15664.9, train/loss=0.124796, validation/loss=0.124931, validation/num_examples=83274637
I0604 10:39:48.780046 140241173406912 spec.py:333] Evaluating on the training split.
I0604 10:40:47.627871 140241173406912 spec.py:346] Evaluating on the validation split.
I0604 10:41:46.989730 140241173406912 spec.py:363] Evaluating on the test split.
I0604 10:42:55.204273 140241173406912 submission_runner.py:516] Time since start: 16208.24s, 	Step: 6624, 	{'train/loss': 0.1248917674961658, 'validation/loss': 0.124681852999386, 'validation/num_examples': 83274637, 'test/loss': 0.12695897849988436, 'test/num_examples': 95000000, 'score': 6093.167955636978, 'total_duration': 16208.2418820858, 'accumulated_submission_time': 6093.167955636978, 'accumulated_eval_time': 10097.568407297134, 'accumulated_logging_time': 0.9051823616027832}
I0604 10:42:55.228305 140199359080192 logging_writer.py:48] [6624] accumulated_eval_time=10097.6, accumulated_logging_time=0.905182, accumulated_submission_time=6093.17, global_step=6624, preemption_count=0, score=6093.17, test/loss=0.126959, test/num_examples=95000000, total_duration=16208.2, train/loss=0.124892, validation/loss=0.124682, validation/num_examples=83274637
I0604 10:48:52.412751 140241173406912 spec.py:333] Evaluating on the training split.
I0604 10:49:51.589640 140241173406912 spec.py:346] Evaluating on the validation split.
I0604 10:50:50.725056 140241173406912 spec.py:363] Evaluating on the test split.
I0604 10:51:58.956182 140241173406912 submission_runner.py:516] Time since start: 16751.99s, 	Step: 7016, 	{'train/loss': 0.12571002990586386, 'validation/loss': 0.12464536474220561, 'validation/num_examples': 83274637, 'test/loss': 0.1270643774879857, 'test/num_examples': 95000000, 'score': 6449.423544406891, 'total_duration': 16751.9937915802, 'accumulated_submission_time': 6449.423544406891, 'accumulated_eval_time': 10284.111923456192, 'accumulated_logging_time': 0.9363768100738525}
I0604 10:51:58.980433 140199367472896 logging_writer.py:48] [7016] accumulated_eval_time=10284.1, accumulated_logging_time=0.936377, accumulated_submission_time=6449.42, global_step=7016, preemption_count=0, score=6449.42, test/loss=0.127064, test/num_examples=95000000, total_duration=16752, train/loss=0.12571, validation/loss=0.124645, validation/num_examples=83274637
I0604 10:57:55.446531 140241173406912 spec.py:333] Evaluating on the training split.
I0604 10:58:54.444599 140241173406912 spec.py:346] Evaluating on the validation split.
I0604 10:59:53.544981 140241173406912 spec.py:363] Evaluating on the test split.
I0604 11:01:01.512357 140241173406912 submission_runner.py:516] Time since start: 17294.55s, 	Step: 7425, 	{'train/loss': 0.12486248392961331, 'validation/loss': 0.12470000865052595, 'validation/num_examples': 83274637, 'test/loss': 0.12696864380348608, 'test/num_examples': 95000000, 'score': 6804.957722425461, 'total_duration': 17294.549973011017, 'accumulated_submission_time': 6804.957722425461, 'accumulated_eval_time': 10470.177822113037, 'accumulated_logging_time': 0.9679052829742432}
I0604 11:01:01.538426 140199359080192 logging_writer.py:48] [7425] accumulated_eval_time=10470.2, accumulated_logging_time=0.967905, accumulated_submission_time=6804.96, global_step=7425, preemption_count=0, score=6804.96, test/loss=0.126969, test/num_examples=95000000, total_duration=17294.5, train/loss=0.124862, validation/loss=0.1247, validation/num_examples=83274637
I0604 11:06:58.178108 140241173406912 spec.py:333] Evaluating on the training split.
I0604 11:07:56.951860 140241173406912 spec.py:346] Evaluating on the validation split.
I0604 11:08:56.019524 140241173406912 spec.py:363] Evaluating on the test split.
I0604 11:10:04.152544 140241173406912 submission_runner.py:516] Time since start: 17837.19s, 	Step: 7836, 	{'train/loss': 0.12486276872083765, 'validation/loss': 0.12459530736478983, 'validation/num_examples': 83274637, 'test/loss': 0.1269381568486264, 'test/num_examples': 95000000, 'score': 7160.663761854172, 'total_duration': 17837.190157413483, 'accumulated_submission_time': 7160.663761854172, 'accumulated_eval_time': 10656.152344703674, 'accumulated_logging_time': 1.0012762546539307}
I0604 11:10:04.180309 140199367472896 logging_writer.py:48] [7836] accumulated_eval_time=10656.2, accumulated_logging_time=1.00128, accumulated_submission_time=7160.66, global_step=7836, preemption_count=0, score=7160.66, test/loss=0.126938, test/num_examples=95000000, total_duration=17837.2, train/loss=0.124863, validation/loss=0.124595, validation/num_examples=83274637
I0604 11:16:01.556819 140241173406912 spec.py:333] Evaluating on the training split.
I0604 11:17:00.351915 140241173406912 spec.py:346] Evaluating on the validation split.
I0604 11:17:59.159965 140241173406912 spec.py:363] Evaluating on the test split.
I0604 11:19:07.205684 140241173406912 submission_runner.py:516] Time since start: 18380.24s, 	Step: 8244, 	{'train/loss': 0.12209200727314155, 'validation/loss': 0.12460593861249442, 'validation/num_examples': 83274637, 'test/loss': 0.12691769455325477, 'test/num_examples': 95000000, 'score': 7517.10497379303, 'total_duration': 18380.243310451508, 'accumulated_submission_time': 7517.10497379303, 'accumulated_eval_time': 10841.801261425018, 'accumulated_logging_time': 1.0368916988372803}
I0604 11:19:07.232345 140199359080192 logging_writer.py:48] [8244] accumulated_eval_time=10841.8, accumulated_logging_time=1.03689, accumulated_submission_time=7517.1, global_step=8244, preemption_count=0, score=7517.1, test/loss=0.126918, test/num_examples=95000000, total_duration=18380.2, train/loss=0.122092, validation/loss=0.124606, validation/num_examples=83274637
I0604 11:25:04.256030 140241173406912 spec.py:333] Evaluating on the training split.
I0604 11:26:03.033570 140241173406912 spec.py:346] Evaluating on the validation split.
I0604 11:27:02.128120 140241173406912 spec.py:363] Evaluating on the test split.
I0604 11:28:10.266005 140241173406912 submission_runner.py:516] Time since start: 18923.30s, 	Step: 8649, 	{'train/loss': 0.12339590451607384, 'validation/loss': 0.12456405041462637, 'validation/num_examples': 83274637, 'test/loss': 0.12690996855789988, 'test/num_examples': 95000000, 'score': 7873.193546533585, 'total_duration': 18923.303624629974, 'accumulated_submission_time': 7873.193546533585, 'accumulated_eval_time': 11027.811307191849, 'accumulated_logging_time': 1.0711040496826172}
I0604 11:28:10.294386 140199367472896 logging_writer.py:48] [8649] accumulated_eval_time=11027.8, accumulated_logging_time=1.0711, accumulated_submission_time=7873.19, global_step=8649, preemption_count=0, score=7873.19, test/loss=0.12691, test/num_examples=95000000, total_duration=18923.3, train/loss=0.123396, validation/loss=0.124564, validation/num_examples=83274637
I0604 11:34:07.708029 140241173406912 spec.py:333] Evaluating on the training split.
I0604 11:35:06.491785 140241173406912 spec.py:346] Evaluating on the validation split.
I0604 11:36:05.580803 140241173406912 spec.py:363] Evaluating on the test split.
I0604 11:37:13.791428 140241173406912 submission_runner.py:516] Time since start: 19466.83s, 	Step: 9060, 	{'train/loss': 0.12458755275149931, 'validation/loss': 0.12449320293837952, 'validation/num_examples': 83274637, 'test/loss': 0.1267841255843313, 'test/num_examples': 95000000, 'score': 8229.678138256073, 'total_duration': 19466.8290643692, 'accumulated_submission_time': 8229.678138256073, 'accumulated_eval_time': 11213.894783973694, 'accumulated_logging_time': 1.1067352294921875}
I0604 11:37:13.816242 140199359080192 logging_writer.py:48] [9060] accumulated_eval_time=11213.9, accumulated_logging_time=1.10674, accumulated_submission_time=8229.68, global_step=9060, preemption_count=0, score=8229.68, test/loss=0.126784, test/num_examples=95000000, total_duration=19466.8, train/loss=0.124588, validation/loss=0.124493, validation/num_examples=83274637
I0604 11:43:10.762486 140241173406912 spec.py:333] Evaluating on the training split.
I0604 11:44:09.727247 140241173406912 spec.py:346] Evaluating on the validation split.
I0604 11:45:08.785754 140241173406912 spec.py:363] Evaluating on the test split.
I0604 11:46:16.877520 140241173406912 submission_runner.py:516] Time since start: 20009.92s, 	Step: 9452, 	{'train/loss': 0.12488958154008534, 'validation/loss': 0.12446898595821372, 'validation/num_examples': 83274637, 'test/loss': 0.12671194465926322, 'test/num_examples': 95000000, 'score': 8585.697445631027, 'total_duration': 20009.91512107849, 'accumulated_submission_time': 8585.697445631027, 'accumulated_eval_time': 11400.009880065918, 'accumulated_logging_time': 1.1389260292053223}
I0604 11:46:16.904807 140199367472896 logging_writer.py:48] [9452] accumulated_eval_time=11400, accumulated_logging_time=1.13893, accumulated_submission_time=8585.7, global_step=9452, preemption_count=0, score=8585.7, test/loss=0.126712, test/num_examples=95000000, total_duration=20009.9, train/loss=0.12489, validation/loss=0.124469, validation/num_examples=83274637
I0604 11:52:13.264313 140241173406912 spec.py:333] Evaluating on the training split.
I0604 11:53:11.983795 140241173406912 spec.py:346] Evaluating on the validation split.
I0604 11:54:11.024816 140241173406912 spec.py:363] Evaluating on the test split.
I0604 11:55:18.678510 140241173406912 submission_runner.py:516] Time since start: 20551.72s, 	Step: 9847, 	{'train/loss': 0.12284040307457929, 'validation/loss': 0.12443624166037918, 'validation/num_examples': 83274637, 'test/loss': 0.12672624812622071, 'test/num_examples': 95000000, 'score': 8941.123232603073, 'total_duration': 20551.716116905212, 'accumulated_submission_time': 8941.123232603073, 'accumulated_eval_time': 11585.424140930176, 'accumulated_logging_time': 1.1734890937805176}
I0604 11:55:18.703881 140199359080192 logging_writer.py:48] [9847] accumulated_eval_time=11585.4, accumulated_logging_time=1.17349, accumulated_submission_time=8941.12, global_step=9847, preemption_count=0, score=8941.12, test/loss=0.126726, test/num_examples=95000000, total_duration=20551.7, train/loss=0.12284, validation/loss=0.124436, validation/num_examples=83274637
I0604 12:01:15.469508 140241173406912 spec.py:333] Evaluating on the training split.
I0604 12:02:14.374610 140241173406912 spec.py:346] Evaluating on the validation split.
I0604 12:03:13.474510 140241173406912 spec.py:363] Evaluating on the test split.
I0604 12:04:21.370315 140241173406912 submission_runner.py:516] Time since start: 21094.41s, 	Step: 10258, 	{'train/loss': 0.12289147874215457, 'validation/loss': 0.12443686037980829, 'validation/num_examples': 83274637, 'test/loss': 0.12672474435521175, 'test/num_examples': 95000000, 'score': 9296.95247912407, 'total_duration': 21094.407950162888, 'accumulated_submission_time': 9296.95247912407, 'accumulated_eval_time': 11771.325064659119, 'accumulated_logging_time': 1.2059950828552246}
I0604 12:04:21.395892 140199367472896 logging_writer.py:48] [10258] accumulated_eval_time=11771.3, accumulated_logging_time=1.206, accumulated_submission_time=9296.95, global_step=10258, preemption_count=0, score=9296.95, test/loss=0.126725, test/num_examples=95000000, total_duration=21094.4, train/loss=0.122891, validation/loss=0.124437, validation/num_examples=83274637
I0604 12:10:13.079221 140241173406912 spec.py:333] Evaluating on the training split.
I0604 12:11:11.996652 140241173406912 spec.py:346] Evaluating on the validation split.
I0604 12:12:11.340777 140241173406912 spec.py:363] Evaluating on the test split.
I0604 12:13:19.351913 140241173406912 submission_runner.py:516] Time since start: 21632.39s, 	Step: 10667, 	{'train/loss': 0.12187774342576567, 'validation/loss': 0.12444314308289994, 'validation/num_examples': 83274637, 'test/loss': 0.12674205725595575, 'test/num_examples': 95000000, 'score': 9647.69974398613, 'total_duration': 21632.389546632767, 'accumulated_submission_time': 9647.69974398613, 'accumulated_eval_time': 11957.597833633423, 'accumulated_logging_time': 1.2388455867767334}
I0604 12:13:19.383267 140199359080192 logging_writer.py:48] [10667] accumulated_eval_time=11957.6, accumulated_logging_time=1.23885, accumulated_submission_time=9647.7, global_step=10667, preemption_count=0, score=9647.7, test/loss=0.126742, test/num_examples=95000000, total_duration=21632.4, train/loss=0.121878, validation/loss=0.124443, validation/num_examples=83274637
I0604 12:13:19.784130 140199367472896 logging_writer.py:48] [10667] global_step=10667, preemption_count=0, score=9647.7
I0604 12:13:19.978356 140241173406912 submission_runner.py:857] Final criteo1tb score: 9647.69974398613
