torchrun --redirects 1:0,2:0,3:0 --standalone --nnodes=1 --nproc_per_node=4 submission_runner.py --framework=pytorch --workload=librispeech_conformer --submission_path=submissions_algorithms/submissions/self_tuning/muon_torch_jax_hps_lr_fix/submission.py --data_dir=/data/librispeech --experiment_dir=/experiment_runs --experiment_name=submissions_a100/muon_torch_jax_hps_lr_fix/study_0 --overwrite=True --save_checkpoints=False --rng_seed=-120605621 --librispeech_tokenizer_vocab_path=/data/librispeech/spm_model.vocab --torch_compile=true --tuning_ruleset=self 2>&1 | tee -a /logs/librispeech_conformer_pytorch_06-04-2026-20-59-02.log
W0604 20:59:03.993000 9 site-packages/torch/distributed/run.py:803] 
W0604 20:59:03.993000 9 site-packages/torch/distributed/run.py:803] *****************************************
W0604 20:59:03.993000 9 site-packages/torch/distributed/run.py:803] Setting OMP_NUM_THREADS environment variable for each process to be 1 in default, to avoid your system being overloaded, please further tune the variable for optimal performance in your application as needed. 
W0604 20:59:03.993000 9 site-packages/torch/distributed/run.py:803] *****************************************
2026-06-04 20:59:05.065129: E external/local_xla/xla/stream_executor/cuda/cuda_fft.cc:467] Unable to register cuFFT factory: Attempting to register factory for plugin cuFFT when one has already been registered
2026-06-04 20:59:05.065139: E external/local_xla/xla/stream_executor/cuda/cuda_fft.cc:467] Unable to register cuFFT factory: Attempting to register factory for plugin cuFFT when one has already been registered
2026-06-04 20:59:05.065251: E external/local_xla/xla/stream_executor/cuda/cuda_fft.cc:467] Unable to register cuFFT factory: Attempting to register factory for plugin cuFFT when one has already been registered
WARNING: All log messages before absl::InitializeLog() is called are written to STDERR
WARNING: All log messages before absl::InitializeLog() is called are written to STDERR
E0000 00:00:1780606745.086422      40 cuda_dnn.cc:8579] Unable to register cuDNN factory: Attempting to register factory for plugin cuDNN when one has already been registered
E0000 00:00:1780606745.086416      38 cuda_dnn.cc:8579] Unable to register cuDNN factory: Attempting to register factory for plugin cuDNN when one has already been registered
WARNING: All log messages before absl::InitializeLog() is called are written to STDERR
E0000 00:00:1780606745.086433      39 cuda_dnn.cc:8579] Unable to register cuDNN factory: Attempting to register factory for plugin cuDNN when one has already been registered
E0000 00:00:1780606745.093368      39 cuda_blas.cc:1407] Unable to register cuBLAS factory: Attempting to register factory for plugin cuBLAS when one has already been registered
E0000 00:00:1780606745.093380      40 cuda_blas.cc:1407] Unable to register cuBLAS factory: Attempting to register factory for plugin cuBLAS when one has already been registered
E0000 00:00:1780606745.093383      38 cuda_blas.cc:1407] Unable to register cuBLAS factory: Attempting to register factory for plugin cuBLAS when one has already been registered
2026-06-04 20:59:05.102855: E external/local_xla/xla/stream_executor/cuda/cuda_fft.cc:467] Unable to register cuFFT factory: Attempting to register factory for plugin cuFFT when one has already been registered
W0000 00:00:1780606745.110294      40 computation_placer.cc:177] computation placer already registered. Please check linkage and avoid linking the same target more than once.
W0000 00:00:1780606745.110304      38 computation_placer.cc:177] computation placer already registered. Please check linkage and avoid linking the same target more than once.
W0000 00:00:1780606745.110304      39 computation_placer.cc:177] computation placer already registered. Please check linkage and avoid linking the same target more than once.
W0000 00:00:1780606745.110327      38 computation_placer.cc:177] computation placer already registered. Please check linkage and avoid linking the same target more than once.
W0000 00:00:1780606745.110327      39 computation_placer.cc:177] computation placer already registered. Please check linkage and avoid linking the same target more than once.
W0000 00:00:1780606745.110328      40 computation_placer.cc:177] computation placer already registered. Please check linkage and avoid linking the same target more than once.
W0000 00:00:1780606745.110329      38 computation_placer.cc:177] computation placer already registered. Please check linkage and avoid linking the same target more than once.
W0000 00:00:1780606745.110330      39 computation_placer.cc:177] computation placer already registered. Please check linkage and avoid linking the same target more than once.
W0000 00:00:1780606745.110330      40 computation_placer.cc:177] computation placer already registered. Please check linkage and avoid linking the same target more than once.
W0000 00:00:1780606745.110331      38 computation_placer.cc:177] computation placer already registered. Please check linkage and avoid linking the same target more than once.
W0000 00:00:1780606745.110332      39 computation_placer.cc:177] computation placer already registered. Please check linkage and avoid linking the same target more than once.
W0000 00:00:1780606745.110332      40 computation_placer.cc:177] computation placer already registered. Please check linkage and avoid linking the same target more than once.
WARNING: All log messages before absl::InitializeLog() is called are written to STDERR
E0000 00:00:1780606745.125342      41 cuda_dnn.cc:8579] Unable to register cuDNN factory: Attempting to register factory for plugin cuDNN when one has already been registered
E0000 00:00:1780606745.133427      41 cuda_blas.cc:1407] Unable to register cuBLAS factory: Attempting to register factory for plugin cuBLAS when one has already been registered
W0000 00:00:1780606745.153609      41 computation_placer.cc:177] computation placer already registered. Please check linkage and avoid linking the same target more than once.
W0000 00:00:1780606745.153640      41 computation_placer.cc:177] computation placer already registered. Please check linkage and avoid linking the same target more than once.
W0000 00:00:1780606745.153643      41 computation_placer.cc:177] computation placer already registered. Please check linkage and avoid linking the same target more than once.
W0000 00:00:1780606745.153645      41 computation_placer.cc:177] computation placer already registered. Please check linkage and avoid linking the same target more than once.
W0000 00:00:1780606750.852735      39 gpu_device.cc:2341] Cannot dlopen some GPU libraries. Please make sure the missing libraries mentioned above are installed properly if you would like to use GPU. Follow the guide at https://www.tensorflow.org/install/gpu for how to download and setup the required libraries for your platform.
Skipping registering GPU devices...
W0000 00:00:1780606751.003252      38 gpu_device.cc:2341] Cannot dlopen some GPU libraries. Please make sure the missing libraries mentioned above are installed properly if you would like to use GPU. Follow the guide at https://www.tensorflow.org/install/gpu for how to download and setup the required libraries for your platform.
Skipping registering GPU devices...
W0000 00:00:1780606751.069236      40 gpu_device.cc:2341] Cannot dlopen some GPU libraries. Please make sure the missing libraries mentioned above are installed properly if you would like to use GPU. Follow the guide at https://www.tensorflow.org/install/gpu for how to download and setup the required libraries for your platform.
Skipping registering GPU devices...
W0000 00:00:1780606751.129193      41 gpu_device.cc:2341] Cannot dlopen some GPU libraries. Please make sure the missing libraries mentioned above are installed properly if you would like to use GPU. Follow the guide at https://www.tensorflow.org/install/gpu for how to download and setup the required libraries for your platform.
Skipping registering GPU devices...
/usr/local/lib/python3.11/site-packages/torch/__init__.py:1617: UserWarning: Please use the new API settings to control TF32 behavior, such as torch.backends.cudnn.conv.fp32_precision = 'tf32' or torch.backends.cuda.matmul.fp32_precision = 'ieee'. Old settings, e.g, torch.backends.cuda.matmul.allow_tf32 = True, torch.backends.cudnn.allow_tf32 = True, allowTF32CuDNN() and allowTF32CuBLAS() will be deprecated after Pytorch 2.9. Please see https://pytorch.org/docs/main/notes/cuda.html#tensorfloat-32-tf32-on-ampere-and-later-devices (Triggered internally at /pytorch/aten/src/ATen/Context.cpp:80.)
  _C._set_float32_matmul_precision(precision)
/usr/local/lib/python3.11/site-packages/torch/__init__.py:1617: UserWarning: Please use the new API settings to control TF32 behavior, such as torch.backends.cudnn.conv.fp32_precision = 'tf32' or torch.backends.cuda.matmul.fp32_precision = 'ieee'. Old settings, e.g, torch.backends.cuda.matmul.allow_tf32 = True, torch.backends.cudnn.allow_tf32 = True, allowTF32CuDNN() and allowTF32CuBLAS() will be deprecated after Pytorch 2.9. Please see https://pytorch.org/docs/main/notes/cuda.html#tensorfloat-32-tf32-on-ampere-and-later-devices (Triggered internally at /pytorch/aten/src/ATen/Context.cpp:80.)
  _C._set_float32_matmul_precision(precision)
/usr/local/lib/python3.11/site-packages/torch/__init__.py:1617: UserWarning: Please use the new API settings to control TF32 behavior, such as torch.backends.cudnn.conv.fp32_precision = 'tf32' or torch.backends.cuda.matmul.fp32_precision = 'ieee'. Old settings, e.g, torch.backends.cuda.matmul.allow_tf32 = True, torch.backends.cudnn.allow_tf32 = True, allowTF32CuDNN() and allowTF32CuBLAS() will be deprecated after Pytorch 2.9. Please see https://pytorch.org/docs/main/notes/cuda.html#tensorfloat-32-tf32-on-ampere-and-later-devices (Triggered internally at /pytorch/aten/src/ATen/Context.cpp:80.)
  _C._set_float32_matmul_precision(precision)
/usr/local/lib/python3.11/site-packages/torch/__init__.py:1617: UserWarning: Please use the new API settings to control TF32 behavior, such as torch.backends.cudnn.conv.fp32_precision = 'tf32' or torch.backends.cuda.matmul.fp32_precision = 'ieee'. Old settings, e.g, torch.backends.cuda.matmul.allow_tf32 = True, torch.backends.cudnn.allow_tf32 = True, allowTF32CuDNN() and allowTF32CuBLAS() will be deprecated after Pytorch 2.9. Please see https://pytorch.org/docs/main/notes/cuda.html#tensorfloat-32-tf32-on-ampere-and-later-devices (Triggered internally at /pytorch/aten/src/ATen/Context.cpp:80.)
  _C._set_float32_matmul_precision(precision)
/usr/local/lib/python3.11/site-packages/pydantic/_internal/_generate_schema.py:2249: UnsupportedFieldAttributeWarning: The 'repr' attribute with value False was provided to the `Field()` function, which has no effect in the context it was used. 'repr' is field-specific metadata, and can only be attached to a model field using `Annotated` metadata or by assignment. This may have happened because an `Annotated` type alias using the `type` statement was used, or if the `Field()` function was attached to a single member of a union type.
  warnings.warn(
/usr/local/lib/python3.11/site-packages/pydantic/_internal/_generate_schema.py:2249: UnsupportedFieldAttributeWarning: The 'frozen' attribute with value True was provided to the `Field()` function, which has no effect in the context it was used. 'frozen' is field-specific metadata, and can only be attached to a model field using `Annotated` metadata or by assignment. This may have happened because an `Annotated` type alias using the `type` statement was used, or if the `Field()` function was attached to a single member of a union type.
  warnings.warn(
/usr/local/lib/python3.11/site-packages/pydantic/_internal/_generate_schema.py:2249: UnsupportedFieldAttributeWarning: The 'repr' attribute with value False was provided to the `Field()` function, which has no effect in the context it was used. 'repr' is field-specific metadata, and can only be attached to a model field using `Annotated` metadata or by assignment. This may have happened because an `Annotated` type alias using the `type` statement was used, or if the `Field()` function was attached to a single member of a union type.
  warnings.warn(
/usr/local/lib/python3.11/site-packages/pydantic/_internal/_generate_schema.py:2249: UnsupportedFieldAttributeWarning: The 'frozen' attribute with value True was provided to the `Field()` function, which has no effect in the context it was used. 'frozen' is field-specific metadata, and can only be attached to a model field using `Annotated` metadata or by assignment. This may have happened because an `Annotated` type alias using the `type` statement was used, or if the `Field()` function was attached to a single member of a union type.
  warnings.warn(
/usr/local/lib/python3.11/site-packages/pydantic/_internal/_generate_schema.py:2249: UnsupportedFieldAttributeWarning: The 'repr' attribute with value False was provided to the `Field()` function, which has no effect in the context it was used. 'repr' is field-specific metadata, and can only be attached to a model field using `Annotated` metadata or by assignment. This may have happened because an `Annotated` type alias using the `type` statement was used, or if the `Field()` function was attached to a single member of a union type.
  warnings.warn(
/usr/local/lib/python3.11/site-packages/pydantic/_internal/_generate_schema.py:2249: UnsupportedFieldAttributeWarning: The 'frozen' attribute with value True was provided to the `Field()` function, which has no effect in the context it was used. 'frozen' is field-specific metadata, and can only be attached to a model field using `Annotated` metadata or by assignment. This may have happened because an `Annotated` type alias using the `type` statement was used, or if the `Field()` function was attached to a single member of a union type.
  warnings.warn(
/usr/local/lib/python3.11/site-packages/pydantic/_internal/_generate_schema.py:2249: UnsupportedFieldAttributeWarning: The 'repr' attribute with value False was provided to the `Field()` function, which has no effect in the context it was used. 'repr' is field-specific metadata, and can only be attached to a model field using `Annotated` metadata or by assignment. This may have happened because an `Annotated` type alias using the `type` statement was used, or if the `Field()` function was attached to a single member of a union type.
  warnings.warn(
/usr/local/lib/python3.11/site-packages/pydantic/_internal/_generate_schema.py:2249: UnsupportedFieldAttributeWarning: The 'frozen' attribute with value True was provided to the `Field()` function, which has no effect in the context it was used. 'frozen' is field-specific metadata, and can only be attached to a model field using `Annotated` metadata or by assignment. This may have happened because an `Annotated` type alias using the `type` statement was used, or if the `Field()` function was attached to a single member of a union type.
  warnings.warn(
/usr/local/lib/python3.11/site-packages/torch/distributed/distributed_c10d.py:4876: UserWarning: barrier(): using the device under current context. You can specify `device_id` in `init_process_group` to mute this warning.
  warnings.warn(  # warn only once
[rank0]:[W604 20:59:13.171788645 ProcessGroupNCCL.cpp:5068] Guessing device ID based on global rank. This can cause a hang if rank to GPU mapping is heterogeneous. You can specify device_id in init_process_group()
I0604 20:59:14.822934 140275079398592 logger_utils.py:84] Creating experiment directory at /experiment_runs/submissions_a100/muon_torch_jax_hps_lr_fix/study_0/librispeech_conformer_pytorch.
I0604 20:59:14.824438 139625915086016 logger_utils.py:84] Creating experiment directory at /experiment_runs/submissions_a100/muon_torch_jax_hps_lr_fix/study_0/librispeech_conformer_pytorch.
I0604 20:59:14.825182 140257632404672 logger_utils.py:84] Creating experiment directory at /experiment_runs/submissions_a100/muon_torch_jax_hps_lr_fix/study_0/librispeech_conformer_pytorch.
I0604 20:59:14.825347 140424921896128 logger_utils.py:84] Creating experiment directory at /experiment_runs/submissions_a100/muon_torch_jax_hps_lr_fix/study_0/librispeech_conformer_pytorch.
I0604 20:59:17.451879 140275079398592 submission_runner.py:741] Creating directory at /experiment_runs/submissions_a100/muon_torch_jax_hps_lr_fix/study_0/librispeech_conformer_pytorch/trial_1.
I0604 20:59:17.821056 140275079398592 submission_runner.py:242] Initializing dataset.
I0604 20:59:17.821274 140275079398592 input_pipeline.py:19] Loading split = train-clean-100
I0604 20:59:17.904294 140275079398592 input_pipeline.py:19] Loading split = train-clean-360
I0604 20:59:18.021729 140275079398592 input_pipeline.py:19] Loading split = train-other-500
I0604 20:59:18.651873 140275079398592 submission_runner.py:251] Initializing model.
W0604 20:59:19.383233 140257632404672 submission_runner.py:273] These workloads cannot be fully compiled under current PyTorch version. Proceeding without `torch.compile`.
W0604 20:59:19.383281 140275079398592 submission_runner.py:273] These workloads cannot be fully compiled under current PyTorch version. Proceeding without `torch.compile`.
W0604 20:59:19.383319 140424921896128 submission_runner.py:273] These workloads cannot be fully compiled under current PyTorch version. Proceeding without `torch.compile`.
I0604 20:59:19.383454 140275079398592 submission_runner.py:294] Initializing optimizer.
W0604 20:59:19.383516 139625915086016 submission_runner.py:273] These workloads cannot be fully compiled under current PyTorch version. Proceeding without `torch.compile`.
I0604 20:59:19.383857 140257632404672 muon.py:324] Muon params:
	module.subsample.conv1.kernel (ndim=4)
	module.subsample.conv2.kernel (ndim=4)
	module.subsample.linear.weight (ndim=2)
	module.conformers.0.ff1.linear1.weight (ndim=2)
	module.conformers.0.ff1.linear2.weight (ndim=2)
	module.conformers.0.mhsa.self_attention.in_proj.weight (ndim=2)
	module.conformers.0.mhsa.self_attention.out_proj.weight (ndim=2)
	module.conformers.0.conv.lin1.weight (ndim=2)
	module.conformers.0.conv.lin2.weight (ndim=2)
	module.conformers.0.conv.conv1.weight (ndim=3)
	module.conformers.0.conv.lin3.weight (ndim=2)
	module.conformers.0.ff2.linear1.weight (ndim=2)
	module.conformers.0.ff2.linear2.weight (ndim=2)
	module.conformers.1.ff1.linear1.weight (ndim=2)
	module.conformers.1.ff1.linear2.weight (ndim=2)
	module.conformers.1.mhsa.self_attention.in_proj.weight (ndim=2)
	module.conformers.1.mhsa.self_attention.out_proj.weight (ndim=2)
	module.conformers.1.conv.lin1.weight (ndim=2)
	module.conformers.1.conv.lin2.weight (ndim=2)
	module.conformers.1.conv.conv1.weight (ndim=3)
	module.conformers.1.conv.lin3.weight (ndim=2)
	module.conformers.1.ff2.linear1.weight (ndim=2)
	module.conformers.1.ff2.linear2.weight (ndim=2)
	module.conformers.2.ff1.linear1.weight (ndim=2)
	module.conformers.2.ff1.linear2.weight (ndim=2)
	module.conformers.2.mhsa.self_attention.in_proj.weight (ndim=2)
	module.conformers.2.mhsa.self_attention.out_proj.weight (ndim=2)
	module.conformers.2.conv.lin1.weight (ndim=2)
	module.conformers.2.conv.lin2.weight (ndim=2)
	module.conformers.2.conv.conv1.weight (ndim=3)
	module.conformers.2.conv.lin3.weight (ndim=2)
	module.conformers.2.ff2.linear1.weight (ndim=2)
	module.conformers.2.ff2.linear2.weight (ndim=2)
	module.conformers.3.ff1.linear1.weight (ndim=2)
	module.conformers.3.ff1.linear2.weight (ndim=2)
	module.conformers.3.mhsa.self_attention.in_proj.weight (ndim=2)
	module.conformers.3.mhsa.self_attention.out_proj.weight (ndim=2)
	module.conformers.3.conv.lin1.weight (ndim=2)
	module.conformers.3.conv.lin2.weight (ndim=2)
	module.conformers.3.conv.conv1.weight (ndim=3)
	module.conformers.3.conv.lin3.weight (ndim=2)
	module.conformers.3.ff2.linear1.weight (ndim=2)
	module.conformers.3.ff2.linear2.weight (ndim=2)
	module.lin.weight (ndim=2)
I0604 20:59:19.383938 140275079398592 muon.py:324] Muon params:
	module.subsample.conv1.kernel (ndim=4)
	module.subsample.conv2.kernel (ndim=4)
	module.subsample.linear.weight (ndim=2)
	module.conformers.0.ff1.linear1.weight (ndim=2)
	module.conformers.0.ff1.linear2.weight (ndim=2)
	module.conformers.0.mhsa.self_attention.in_proj.weight (ndim=2)
	module.conformers.0.mhsa.self_attention.out_proj.weight (ndim=2)
	module.conformers.0.conv.lin1.weight (ndim=2)
	module.conformers.0.conv.lin2.weight (ndim=2)
	module.conformers.0.conv.conv1.weight (ndim=3)
	module.conformers.0.conv.lin3.weight (ndim=2)
	module.conformers.0.ff2.linear1.weight (ndim=2)
	module.conformers.0.ff2.linear2.weight (ndim=2)
	module.conformers.1.ff1.linear1.weight (ndim=2)
	module.conformers.1.ff1.linear2.weight (ndim=2)
	module.conformers.1.mhsa.self_attention.in_proj.weight (ndim=2)
	module.conformers.1.mhsa.self_attention.out_proj.weight (ndim=2)
	module.conformers.1.conv.lin1.weight (ndim=2)
	module.conformers.1.conv.lin2.weight (ndim=2)
	module.conformers.1.conv.conv1.weight (ndim=3)
	module.conformers.1.conv.lin3.weight (ndim=2)
	module.conformers.1.ff2.linear1.weight (ndim=2)
	module.conformers.1.ff2.linear2.weight (ndim=2)
	module.conformers.2.ff1.linear1.weight (ndim=2)
	module.conformers.2.ff1.linear2.weight (ndim=2)
	module.conformers.2.mhsa.self_attention.in_proj.weight (ndim=2)
	module.conformers.2.mhsa.self_attention.out_proj.weight (ndim=2)
	module.conformers.2.conv.lin1.weight (ndim=2)
	module.conformers.2.conv.lin2.weight (ndim=2)
	module.conformers.2.conv.conv1.weight (ndim=3)
	module.conformers.2.conv.lin3.weight (ndim=2)
	module.conformers.2.ff2.linear1.weight (ndim=2)
	module.conformers.2.ff2.linear2.weight (ndim=2)
	module.conformers.3.ff1.linear1.weight (ndim=2)
	module.conformers.3.ff1.linear2.weight (ndim=2)
	module.conformers.3.mhsa.self_attention.in_proj.weight (ndim=2)
	module.conformers.3.mhsa.self_attention.out_proj.weight (ndim=2)
	module.conformers.3.conv.lin1.weight (ndim=2)
	module.conformers.3.conv.lin2.weight (ndim=2)
	module.conformers.3.conv.conv1.weight (ndim=3)
	module.conformers.3.conv.lin3.weight (ndim=2)
	module.conformers.3.ff2.linear1.weight (ndim=2)
	module.conformers.3.ff2.linear2.weight (ndim=2)
	module.lin.weight (ndim=2)
I0604 20:59:19.383944 140257632404672 muon.py:325] Adam params:
	module.subsample.conv1.bias (ndim=1)
	module.subsample.conv2.bias (ndim=1)
	module.subsample.linear.bias (ndim=1)
	module.conformers.0.ff1.ln.scale (ndim=1)
	module.conformers.0.ff1.ln.bias (ndim=1)
	module.conformers.0.ff1.linear1.bias (ndim=1)
	module.conformers.0.ff1.linear2.bias (ndim=1)
	module.conformers.0.mhsa.ln.scale (ndim=1)
	module.conformers.0.mhsa.ln.bias (ndim=1)
	module.conformers.0.mhsa.self_attention.in_proj.bias (ndim=1)
	module.conformers.0.mhsa.self_attention.out_proj.bias (ndim=1)
	module.conformers.0.mhsa.self_attention.qs.scale (ndim=1)
	module.conformers.0.conv.ln.scale (ndim=1)
	module.conformers.0.conv.ln.bias (ndim=1)
	module.conformers.0.conv.lin1.bias (ndim=1)
	module.conformers.0.conv.lin2.bias (ndim=1)
	module.conformers.0.conv.bn.scale (ndim=1)
	module.conformers.0.conv.bn.bias (ndim=1)
	module.conformers.0.conv.lin3.bias (ndim=1)
	module.conformers.0.ff2.ln.scale (ndim=1)
	module.conformers.0.ff2.ln.bias (ndim=1)
	module.conformers.0.ff2.linear1.bias (ndim=1)
	module.conformers.0.ff2.linear2.bias (ndim=1)
	module.conformers.0.ln.scale (ndim=1)
	module.conformers.0.ln.bias (ndim=1)
	module.conformers.1.ff1.ln.scale (ndim=1)
	module.conformers.1.ff1.ln.bias (ndim=1)
	module.conformers.1.ff1.linear1.bias (ndim=1)
	module.conformers.1.ff1.linear2.bias (ndim=1)
	module.conformers.1.mhsa.ln.scale (ndim=1)
	module.conformers.1.mhsa.ln.bias (ndim=1)
	module.conformers.1.mhsa.self_attention.in_proj.bias (ndim=1)
	module.conformers.1.mhsa.self_attention.out_proj.bias (ndim=1)
	module.conformers.1.mhsa.self_attention.qs.scale (ndim=1)
	module.conformers.1.conv.ln.scale (ndim=1)
	module.conformers.1.conv.ln.bias (ndim=1)
	module.conformers.1.conv.lin1.bias (ndim=1)
	module.conformers.1.conv.lin2.bias (ndim=1)
	module.conformers.1.conv.bn.scale (ndim=1)
	module.conformers.1.conv.bn.bias (ndim=1)
	module.conformers.1.conv.lin3.bias (ndim=1)
	module.conformers.1.ff2.ln.scale (ndim=1)
	module.conformers.1.ff2.ln.bias (ndim=1)
	module.conformers.1.ff2.linear1.bias (ndim=1)
	module.conformers.1.ff2.linear2.bias (ndim=1)
	module.conformers.1.ln.scale (ndim=1)
	module.conformers.1.ln.bias (ndim=1)
	module.conformers.2.ff1.ln.scale (ndim=1)
	module.conformers.2.ff1.ln.bias (ndim=1)
	module.conformers.2.ff1.linear1.bias (ndim=1)
	module.conformers.2.ff1.linear2.bias (ndim=1)
	module.conformers.2.mhsa.ln.scale (ndim=1)
	module.conformers.2.mhsa.ln.bias (ndim=1)
	module.conformers.2.mhsa.self_attention.in_proj.bias (ndim=1)
	module.conformers.2.mhsa.self_attention.out_proj.bias (ndim=1)
	module.conformers.2.mhsa.self_attention.qs.scale (ndim=1)
	module.conformers.2.conv.ln.scale (ndim=1)
	module.conformers.2.conv.ln.bias (ndim=1)
	module.conformers.2.conv.lin1.bias (ndim=1)
	module.conformers.2.conv.lin2.bias (ndim=1)
	module.conformers.2.conv.bn.scale (ndim=1)
	module.conformers.2.conv.bn.bias (ndim=1)
	module.conformers.2.conv.lin3.bias (ndim=1)
	module.conformers.2.ff2.ln.scale (ndim=1)
	module.conformers.2.ff2.ln.bias (ndim=1)
	module.conformers.2.ff2.linear1.bias (ndim=1)
	module.conformers.2.ff2.linear2.bias (ndim=1)
	module.conformers.2.ln.scale (ndim=1)
	module.conformers.2.ln.bias (ndim=1)
	module.conformers.3.ff1.ln.scale (ndim=1)
	module.conformers.3.ff1.ln.bias (ndim=1)
	module.conformers.3.ff1.linear1.bias (ndim=1)
	module.conformers.3.ff1.linear2.bias (ndim=1)
	module.conformers.3.mhsa.ln.scale (ndim=1)
	module.conformers.3.mhsa.ln.bias (ndim=1)
	module.conformers.3.mhsa.self_attention.in_proj.bias (ndim=1)
	module.conformers.3.mhsa.self_attention.out_proj.bias (ndim=1)
	module.conformers.3.mhsa.self_attention.qs.scale (ndim=1)
	module.conformers.3.conv.ln.scale (ndim=1)
	module.conformers.3.conv.ln.bias (ndim=1)
	module.conformers.3.conv.lin1.bias (ndim=1)
	module.conformers.3.conv.lin2.bias (ndim=1)
	module.conformers.3.conv.bn.scale (ndim=1)
	module.conformers.3.conv.bn.bias (ndim=1)
	module.conformers.3.conv.lin3.bias (ndim=1)
	module.conformers.3.ff2.ln.scale (ndim=1)
	module.conformers.3.ff2.ln.bias (ndim=1)
	module.conformers.3.ff2.linear1.bias (ndim=1)
	module.conformers.3.ff2.linear2.bias (ndim=1)
	module.conformers.3.ln.scale (ndim=1)
	module.conformers.3.ln.bias (ndim=1)
	module.ln.scale (ndim=1)
	module.ln.bias (ndim=1)
	module.lin.bias (ndim=1)
I0604 20:59:19.383925 140424921896128 muon.py:324] Muon params:
	module.subsample.conv1.kernel (ndim=4)
	module.subsample.conv2.kernel (ndim=4)
	module.subsample.linear.weight (ndim=2)
	module.conformers.0.ff1.linear1.weight (ndim=2)
	module.conformers.0.ff1.linear2.weight (ndim=2)
	module.conformers.0.mhsa.self_attention.in_proj.weight (ndim=2)
	module.conformers.0.mhsa.self_attention.out_proj.weight (ndim=2)
	module.conformers.0.conv.lin1.weight (ndim=2)
	module.conformers.0.conv.lin2.weight (ndim=2)
	module.conformers.0.conv.conv1.weight (ndim=3)
	module.conformers.0.conv.lin3.weight (ndim=2)
	module.conformers.0.ff2.linear1.weight (ndim=2)
	module.conformers.0.ff2.linear2.weight (ndim=2)
	module.conformers.1.ff1.linear1.weight (ndim=2)
	module.conformers.1.ff1.linear2.weight (ndim=2)
	module.conformers.1.mhsa.self_attention.in_proj.weight (ndim=2)
	module.conformers.1.mhsa.self_attention.out_proj.weight (ndim=2)
	module.conformers.1.conv.lin1.weight (ndim=2)
	module.conformers.1.conv.lin2.weight (ndim=2)
	module.conformers.1.conv.conv1.weight (ndim=3)
	module.conformers.1.conv.lin3.weight (ndim=2)
	module.conformers.1.ff2.linear1.weight (ndim=2)
	module.conformers.1.ff2.linear2.weight (ndim=2)
	module.conformers.2.ff1.linear1.weight (ndim=2)
	module.conformers.2.ff1.linear2.weight (ndim=2)
	module.conformers.2.mhsa.self_attention.in_proj.weight (ndim=2)
	module.conformers.2.mhsa.self_attention.out_proj.weight (ndim=2)
	module.conformers.2.conv.lin1.weight (ndim=2)
	module.conformers.2.conv.lin2.weight (ndim=2)
	module.conformers.2.conv.conv1.weight (ndim=3)
	module.conformers.2.conv.lin3.weight (ndim=2)
	module.conformers.2.ff2.linear1.weight (ndim=2)
	module.conformers.2.ff2.linear2.weight (ndim=2)
	module.conformers.3.ff1.linear1.weight (ndim=2)
	module.conformers.3.ff1.linear2.weight (ndim=2)
	module.conformers.3.mhsa.self_attention.in_proj.weight (ndim=2)
	module.conformers.3.mhsa.self_attention.out_proj.weight (ndim=2)
	module.conformers.3.conv.lin1.weight (ndim=2)
	module.conformers.3.conv.lin2.weight (ndim=2)
	module.conformers.3.conv.conv1.weight (ndim=3)
	module.conformers.3.conv.lin3.weight (ndim=2)
	module.conformers.3.ff2.linear1.weight (ndim=2)
	module.conformers.3.ff2.linear2.weight (ndim=2)
	module.lin.weight (ndim=2)
I0604 20:59:19.384001 140275079398592 muon.py:325] Adam params:
	module.subsample.conv1.bias (ndim=1)
	module.subsample.conv2.bias (ndim=1)
	module.subsample.linear.bias (ndim=1)
	module.conformers.0.ff1.ln.scale (ndim=1)
	module.conformers.0.ff1.ln.bias (ndim=1)
	module.conformers.0.ff1.linear1.bias (ndim=1)
	module.conformers.0.ff1.linear2.bias (ndim=1)
	module.conformers.0.mhsa.ln.scale (ndim=1)
	module.conformers.0.mhsa.ln.bias (ndim=1)
	module.conformers.0.mhsa.self_attention.in_proj.bias (ndim=1)
	module.conformers.0.mhsa.self_attention.out_proj.bias (ndim=1)
	module.conformers.0.mhsa.self_attention.qs.scale (ndim=1)
	module.conformers.0.conv.ln.scale (ndim=1)
	module.conformers.0.conv.ln.bias (ndim=1)
	module.conformers.0.conv.lin1.bias (ndim=1)
	module.conformers.0.conv.lin2.bias (ndim=1)
	module.conformers.0.conv.bn.scale (ndim=1)
	module.conformers.0.conv.bn.bias (ndim=1)
	module.conformers.0.conv.lin3.bias (ndim=1)
	module.conformers.0.ff2.ln.scale (ndim=1)
	module.conformers.0.ff2.ln.bias (ndim=1)
	module.conformers.0.ff2.linear1.bias (ndim=1)
	module.conformers.0.ff2.linear2.bias (ndim=1)
	module.conformers.0.ln.scale (ndim=1)
	module.conformers.0.ln.bias (ndim=1)
	module.conformers.1.ff1.ln.scale (ndim=1)
	module.conformers.1.ff1.ln.bias (ndim=1)
	module.conformers.1.ff1.linear1.bias (ndim=1)
	module.conformers.1.ff1.linear2.bias (ndim=1)
	module.conformers.1.mhsa.ln.scale (ndim=1)
	module.conformers.1.mhsa.ln.bias (ndim=1)
	module.conformers.1.mhsa.self_attention.in_proj.bias (ndim=1)
	module.conformers.1.mhsa.self_attention.out_proj.bias (ndim=1)
	module.conformers.1.mhsa.self_attention.qs.scale (ndim=1)
	module.conformers.1.conv.ln.scale (ndim=1)
	module.conformers.1.conv.ln.bias (ndim=1)
	module.conformers.1.conv.lin1.bias (ndim=1)
	module.conformers.1.conv.lin2.bias (ndim=1)
	module.conformers.1.conv.bn.scale (ndim=1)
	module.conformers.1.conv.bn.bias (ndim=1)
	module.conformers.1.conv.lin3.bias (ndim=1)
	module.conformers.1.ff2.ln.scale (ndim=1)
	module.conformers.1.ff2.ln.bias (ndim=1)
	module.conformers.1.ff2.linear1.bias (ndim=1)
	module.conformers.1.ff2.linear2.bias (ndim=1)
	module.conformers.1.ln.scale (ndim=1)
	module.conformers.1.ln.bias (ndim=1)
	module.conformers.2.ff1.ln.scale (ndim=1)
	module.conformers.2.ff1.ln.bias (ndim=1)
	module.conformers.2.ff1.linear1.bias (ndim=1)
	module.conformers.2.ff1.linear2.bias (ndim=1)
	module.conformers.2.mhsa.ln.scale (ndim=1)
	module.conformers.2.mhsa.ln.bias (ndim=1)
	module.conformers.2.mhsa.self_attention.in_proj.bias (ndim=1)
	module.conformers.2.mhsa.self_attention.out_proj.bias (ndim=1)
	module.conformers.2.mhsa.self_attention.qs.scale (ndim=1)
	module.conformers.2.conv.ln.scale (ndim=1)
	module.conformers.2.conv.ln.bias (ndim=1)
	module.conformers.2.conv.lin1.bias (ndim=1)
	module.conformers.2.conv.lin2.bias (ndim=1)
	module.conformers.2.conv.bn.scale (ndim=1)
	module.conformers.2.conv.bn.bias (ndim=1)
	module.conformers.2.conv.lin3.bias (ndim=1)
	module.conformers.2.ff2.ln.scale (ndim=1)
	module.conformers.2.ff2.ln.bias (ndim=1)
	module.conformers.2.ff2.linear1.bias (ndim=1)
	module.conformers.2.ff2.linear2.bias (ndim=1)
	module.conformers.2.ln.scale (ndim=1)
	module.conformers.2.ln.bias (ndim=1)
	module.conformers.3.ff1.ln.scale (ndim=1)
	module.conformers.3.ff1.ln.bias (ndim=1)
	module.conformers.3.ff1.linear1.bias (ndim=1)
	module.conformers.3.ff1.linear2.bias (ndim=1)
	module.conformers.3.mhsa.ln.scale (ndim=1)
	module.conformers.3.mhsa.ln.bias (ndim=1)
	module.conformers.3.mhsa.self_attention.in_proj.bias (ndim=1)
	module.conformers.3.mhsa.self_attention.out_proj.bias (ndim=1)
	module.conformers.3.mhsa.self_attention.qs.scale (ndim=1)
	module.conformers.3.conv.ln.scale (ndim=1)
	module.conformers.3.conv.ln.bias (ndim=1)
	module.conformers.3.conv.lin1.bias (ndim=1)
	module.conformers.3.conv.lin2.bias (ndim=1)
	module.conformers.3.conv.bn.scale (ndim=1)
	module.conformers.3.conv.bn.bias (ndim=1)
	module.conformers.3.conv.lin3.bias (ndim=1)
	module.conformers.3.ff2.ln.scale (ndim=1)
	module.conformers.3.ff2.ln.bias (ndim=1)
	module.conformers.3.ff2.linear1.bias (ndim=1)
	module.conformers.3.ff2.linear2.bias (ndim=1)
	module.conformers.3.ln.scale (ndim=1)
	module.conformers.3.ln.bias (ndim=1)
	module.ln.scale (ndim=1)
	module.ln.bias (ndim=1)
	module.lin.bias (ndim=1)
I0604 20:59:19.384008 140424921896128 muon.py:325] Adam params:
	module.subsample.conv1.bias (ndim=1)
	module.subsample.conv2.bias (ndim=1)
	module.subsample.linear.bias (ndim=1)
	module.conformers.0.ff1.ln.scale (ndim=1)
	module.conformers.0.ff1.ln.bias (ndim=1)
	module.conformers.0.ff1.linear1.bias (ndim=1)
	module.conformers.0.ff1.linear2.bias (ndim=1)
	module.conformers.0.mhsa.ln.scale (ndim=1)
	module.conformers.0.mhsa.ln.bias (ndim=1)
	module.conformers.0.mhsa.self_attention.in_proj.bias (ndim=1)
	module.conformers.0.mhsa.self_attention.out_proj.bias (ndim=1)
	module.conformers.0.mhsa.self_attention.qs.scale (ndim=1)
	module.conformers.0.conv.ln.scale (ndim=1)
	module.conformers.0.conv.ln.bias (ndim=1)
	module.conformers.0.conv.lin1.bias (ndim=1)
	module.conformers.0.conv.lin2.bias (ndim=1)
	module.conformers.0.conv.bn.scale (ndim=1)
	module.conformers.0.conv.bn.bias (ndim=1)
	module.conformers.0.conv.lin3.bias (ndim=1)
	module.conformers.0.ff2.ln.scale (ndim=1)
	module.conformers.0.ff2.ln.bias (ndim=1)
	module.conformers.0.ff2.linear1.bias (ndim=1)
	module.conformers.0.ff2.linear2.bias (ndim=1)
	module.conformers.0.ln.scale (ndim=1)
	module.conformers.0.ln.bias (ndim=1)
	module.conformers.1.ff1.ln.scale (ndim=1)
	module.conformers.1.ff1.ln.bias (ndim=1)
	module.conformers.1.ff1.linear1.bias (ndim=1)
	module.conformers.1.ff1.linear2.bias (ndim=1)
	module.conformers.1.mhsa.ln.scale (ndim=1)
	module.conformers.1.mhsa.ln.bias (ndim=1)
	module.conformers.1.mhsa.self_attention.in_proj.bias (ndim=1)
	module.conformers.1.mhsa.self_attention.out_proj.bias (ndim=1)
	module.conformers.1.mhsa.self_attention.qs.scale (ndim=1)
	module.conformers.1.conv.ln.scale (ndim=1)
	module.conformers.1.conv.ln.bias (ndim=1)
	module.conformers.1.conv.lin1.bias (ndim=1)
	module.conformers.1.conv.lin2.bias (ndim=1)
	module.conformers.1.conv.bn.scale (ndim=1)
	module.conformers.1.conv.bn.bias (ndim=1)
	module.conformers.1.conv.lin3.bias (ndim=1)
	module.conformers.1.ff2.ln.scale (ndim=1)
	module.conformers.1.ff2.ln.bias (ndim=1)
	module.conformers.1.ff2.linear1.bias (ndim=1)
	module.conformers.1.ff2.linear2.bias (ndim=1)
	module.conformers.1.ln.scale (ndim=1)
	module.conformers.1.ln.bias (ndim=1)
	module.conformers.2.ff1.ln.scale (ndim=1)
	module.conformers.2.ff1.ln.bias (ndim=1)
	module.conformers.2.ff1.linear1.bias (ndim=1)
	module.conformers.2.ff1.linear2.bias (ndim=1)
	module.conformers.2.mhsa.ln.scale (ndim=1)
	module.conformers.2.mhsa.ln.bias (ndim=1)
	module.conformers.2.mhsa.self_attention.in_proj.bias (ndim=1)
	module.conformers.2.mhsa.self_attention.out_proj.bias (ndim=1)
	module.conformers.2.mhsa.self_attention.qs.scale (ndim=1)
	module.conformers.2.conv.ln.scale (ndim=1)
	module.conformers.2.conv.ln.bias (ndim=1)
	module.conformers.2.conv.lin1.bias (ndim=1)
	module.conformers.2.conv.lin2.bias (ndim=1)
	module.conformers.2.conv.bn.scale (ndim=1)
	module.conformers.2.conv.bn.bias (ndim=1)
	module.conformers.2.conv.lin3.bias (ndim=1)
	module.conformers.2.ff2.ln.scale (ndim=1)
	module.conformers.2.ff2.ln.bias (ndim=1)
	module.conformers.2.ff2.linear1.bias (ndim=1)
	module.conformers.2.ff2.linear2.bias (ndim=1)
	module.conformers.2.ln.scale (ndim=1)
	module.conformers.2.ln.bias (ndim=1)
	module.conformers.3.ff1.ln.scale (ndim=1)
	module.conformers.3.ff1.ln.bias (ndim=1)
	module.conformers.3.ff1.linear1.bias (ndim=1)
	module.conformers.3.ff1.linear2.bias (ndim=1)
	module.conformers.3.mhsa.ln.scale (ndim=1)
	module.conformers.3.mhsa.ln.bias (ndim=1)
	module.conformers.3.mhsa.self_attention.in_proj.bias (ndim=1)
	module.conformers.3.mhsa.self_attention.out_proj.bias (ndim=1)
	module.conformers.3.mhsa.self_attention.qs.scale (ndim=1)
	module.conformers.3.conv.ln.scale (ndim=1)
	module.conformers.3.conv.ln.bias (ndim=1)
	module.conformers.3.conv.lin1.bias (ndim=1)
	module.conformers.3.conv.lin2.bias (ndim=1)
	module.conformers.3.conv.bn.scale (ndim=1)
	module.conformers.3.conv.bn.bias (ndim=1)
	module.conformers.3.conv.lin3.bias (ndim=1)
	module.conformers.3.ff2.ln.scale (ndim=1)
	module.conformers.3.ff2.ln.bias (ndim=1)
	module.conformers.3.ff2.linear1.bias (ndim=1)
	module.conformers.3.ff2.linear2.bias (ndim=1)
	module.conformers.3.ln.scale (ndim=1)
	module.conformers.3.ln.bias (ndim=1)
	module.ln.scale (ndim=1)
	module.ln.bias (ndim=1)
	module.lin.bias (ndim=1)
I0604 20:59:19.384141 139625915086016 muon.py:324] Muon params:
	module.subsample.conv1.kernel (ndim=4)
	module.subsample.conv2.kernel (ndim=4)
	module.subsample.linear.weight (ndim=2)
	module.conformers.0.ff1.linear1.weight (ndim=2)
	module.conformers.0.ff1.linear2.weight (ndim=2)
	module.conformers.0.mhsa.self_attention.in_proj.weight (ndim=2)
	module.conformers.0.mhsa.self_attention.out_proj.weight (ndim=2)
	module.conformers.0.conv.lin1.weight (ndim=2)
	module.conformers.0.conv.lin2.weight (ndim=2)
	module.conformers.0.conv.conv1.weight (ndim=3)
	module.conformers.0.conv.lin3.weight (ndim=2)
	module.conformers.0.ff2.linear1.weight (ndim=2)
	module.conformers.0.ff2.linear2.weight (ndim=2)
	module.conformers.1.ff1.linear1.weight (ndim=2)
	module.conformers.1.ff1.linear2.weight (ndim=2)
	module.conformers.1.mhsa.self_attention.in_proj.weight (ndim=2)
	module.conformers.1.mhsa.self_attention.out_proj.weight (ndim=2)
	module.conformers.1.conv.lin1.weight (ndim=2)
	module.conformers.1.conv.lin2.weight (ndim=2)
	module.conformers.1.conv.conv1.weight (ndim=3)
	module.conformers.1.conv.lin3.weight (ndim=2)
	module.conformers.1.ff2.linear1.weight (ndim=2)
	module.conformers.1.ff2.linear2.weight (ndim=2)
	module.conformers.2.ff1.linear1.weight (ndim=2)
	module.conformers.2.ff1.linear2.weight (ndim=2)
	module.conformers.2.mhsa.self_attention.in_proj.weight (ndim=2)
	module.conformers.2.mhsa.self_attention.out_proj.weight (ndim=2)
	module.conformers.2.conv.lin1.weight (ndim=2)
	module.conformers.2.conv.lin2.weight (ndim=2)
	module.conformers.2.conv.conv1.weight (ndim=3)
	module.conformers.2.conv.lin3.weight (ndim=2)
	module.conformers.2.ff2.linear1.weight (ndim=2)
	module.conformers.2.ff2.linear2.weight (ndim=2)
	module.conformers.3.ff1.linear1.weight (ndim=2)
	module.conformers.3.ff1.linear2.weight (ndim=2)
	module.conformers.3.mhsa.self_attention.in_proj.weight (ndim=2)
	module.conformers.3.mhsa.self_attention.out_proj.weight (ndim=2)
	module.conformers.3.conv.lin1.weight (ndim=2)
	module.conformers.3.conv.lin2.weight (ndim=2)
	module.conformers.3.conv.conv1.weight (ndim=3)
	module.conformers.3.conv.lin3.weight (ndim=2)
	module.conformers.3.ff2.linear1.weight (ndim=2)
	module.conformers.3.ff2.linear2.weight (ndim=2)
	module.lin.weight (ndim=2)
I0604 20:59:19.384225 139625915086016 muon.py:325] Adam params:
	module.subsample.conv1.bias (ndim=1)
	module.subsample.conv2.bias (ndim=1)
	module.subsample.linear.bias (ndim=1)
	module.conformers.0.ff1.ln.scale (ndim=1)
	module.conformers.0.ff1.ln.bias (ndim=1)
	module.conformers.0.ff1.linear1.bias (ndim=1)
	module.conformers.0.ff1.linear2.bias (ndim=1)
	module.conformers.0.mhsa.ln.scale (ndim=1)
	module.conformers.0.mhsa.ln.bias (ndim=1)
	module.conformers.0.mhsa.self_attention.in_proj.bias (ndim=1)
	module.conformers.0.mhsa.self_attention.out_proj.bias (ndim=1)
	module.conformers.0.mhsa.self_attention.qs.scale (ndim=1)
	module.conformers.0.conv.ln.scale (ndim=1)
	module.conformers.0.conv.ln.bias (ndim=1)
	module.conformers.0.conv.lin1.bias (ndim=1)
	module.conformers.0.conv.lin2.bias (ndim=1)
	module.conformers.0.conv.bn.scale (ndim=1)
	module.conformers.0.conv.bn.bias (ndim=1)
	module.conformers.0.conv.lin3.bias (ndim=1)
	module.conformers.0.ff2.ln.scale (ndim=1)
	module.conformers.0.ff2.ln.bias (ndim=1)
	module.conformers.0.ff2.linear1.bias (ndim=1)
	module.conformers.0.ff2.linear2.bias (ndim=1)
	module.conformers.0.ln.scale (ndim=1)
	module.conformers.0.ln.bias (ndim=1)
	module.conformers.1.ff1.ln.scale (ndim=1)
	module.conformers.1.ff1.ln.bias (ndim=1)
	module.conformers.1.ff1.linear1.bias (ndim=1)
	module.conformers.1.ff1.linear2.bias (ndim=1)
	module.conformers.1.mhsa.ln.scale (ndim=1)
	module.conformers.1.mhsa.ln.bias (ndim=1)
	module.conformers.1.mhsa.self_attention.in_proj.bias (ndim=1)
	module.conformers.1.mhsa.self_attention.out_proj.bias (ndim=1)
	module.conformers.1.mhsa.self_attention.qs.scale (ndim=1)
	module.conformers.1.conv.ln.scale (ndim=1)
	module.conformers.1.conv.ln.bias (ndim=1)
	module.conformers.1.conv.lin1.bias (ndim=1)
	module.conformers.1.conv.lin2.bias (ndim=1)
	module.conformers.1.conv.bn.scale (ndim=1)
	module.conformers.1.conv.bn.bias (ndim=1)
	module.conformers.1.conv.lin3.bias (ndim=1)
	module.conformers.1.ff2.ln.scale (ndim=1)
	module.conformers.1.ff2.ln.bias (ndim=1)
	module.conformers.1.ff2.linear1.bias (ndim=1)
	module.conformers.1.ff2.linear2.bias (ndim=1)
	module.conformers.1.ln.scale (ndim=1)
	module.conformers.1.ln.bias (ndim=1)
	module.conformers.2.ff1.ln.scale (ndim=1)
	module.conformers.2.ff1.ln.bias (ndim=1)
	module.conformers.2.ff1.linear1.bias (ndim=1)
	module.conformers.2.ff1.linear2.bias (ndim=1)
	module.conformers.2.mhsa.ln.scale (ndim=1)
	module.conformers.2.mhsa.ln.bias (ndim=1)
	module.conformers.2.mhsa.self_attention.in_proj.bias (ndim=1)
	module.conformers.2.mhsa.self_attention.out_proj.bias (ndim=1)
	module.conformers.2.mhsa.self_attention.qs.scale (ndim=1)
	module.conformers.2.conv.ln.scale (ndim=1)
	module.conformers.2.conv.ln.bias (ndim=1)
	module.conformers.2.conv.lin1.bias (ndim=1)
	module.conformers.2.conv.lin2.bias (ndim=1)
	module.conformers.2.conv.bn.scale (ndim=1)
	module.conformers.2.conv.bn.bias (ndim=1)
	module.conformers.2.conv.lin3.bias (ndim=1)
	module.conformers.2.ff2.ln.scale (ndim=1)
	module.conformers.2.ff2.ln.bias (ndim=1)
	module.conformers.2.ff2.linear1.bias (ndim=1)
	module.conformers.2.ff2.linear2.bias (ndim=1)
	module.conformers.2.ln.scale (ndim=1)
	module.conformers.2.ln.bias (ndim=1)
	module.conformers.3.ff1.ln.scale (ndim=1)
	module.conformers.3.ff1.ln.bias (ndim=1)
	module.conformers.3.ff1.linear1.bias (ndim=1)
	module.conformers.3.ff1.linear2.bias (ndim=1)
	module.conformers.3.mhsa.ln.scale (ndim=1)
	module.conformers.3.mhsa.ln.bias (ndim=1)
	module.conformers.3.mhsa.self_attention.in_proj.bias (ndim=1)
	module.conformers.3.mhsa.self_attention.out_proj.bias (ndim=1)
	module.conformers.3.mhsa.self_attention.qs.scale (ndim=1)
	module.conformers.3.conv.ln.scale (ndim=1)
	module.conformers.3.conv.ln.bias (ndim=1)
	module.conformers.3.conv.lin1.bias (ndim=1)
	module.conformers.3.conv.lin2.bias (ndim=1)
	module.conformers.3.conv.bn.scale (ndim=1)
	module.conformers.3.conv.bn.bias (ndim=1)
	module.conformers.3.conv.lin3.bias (ndim=1)
	module.conformers.3.ff2.ln.scale (ndim=1)
	module.conformers.3.ff2.ln.bias (ndim=1)
	module.conformers.3.ff2.linear1.bias (ndim=1)
	module.conformers.3.ff2.linear2.bias (ndim=1)
	module.conformers.3.ln.scale (ndim=1)
	module.conformers.3.ln.bias (ndim=1)
	module.ln.scale (ndim=1)
	module.ln.bias (ndim=1)
	module.lin.bias (ndim=1)
I0604 20:59:19.385159 140275079398592 submission_runner.py:299] Initializing metrics bundle.
I0604 20:59:19.385336 140275079398592 submission_runner.py:321] Initializing checkpoint and logger.
I0604 20:59:19.387152 140275079398592 submission_runner.py:344] Saving meta data to /experiment_runs/submissions_a100/muon_torch_jax_hps_lr_fix/study_0/librispeech_conformer_pytorch/trial_1/meta_data_0.json.
I0604 20:59:19.387361 140275079398592 logger_utils.py:283] Unable to record workload.train_mean information. Continuing without it.
I0604 20:59:19.387315 140424921896128 logger_utils.py:283] Unable to record workload.train_mean information. Continuing without it.
I0604 20:59:19.387327 139625915086016 logger_utils.py:283] Unable to record workload.train_mean information. Continuing without it.
I0604 20:59:19.387332 140257632404672 logger_utils.py:283] Unable to record workload.train_mean information. Continuing without it.
I0604 20:59:19.387422 140275079398592 logger_utils.py:283] Unable to record workload.train_stddev information. Continuing without it.
I0604 20:59:19.387441 139625915086016 logger_utils.py:283] Unable to record workload.train_stddev information. Continuing without it.
I0604 20:59:19.387441 140424921896128 logger_utils.py:283] Unable to record workload.train_stddev information. Continuing without it.
I0604 20:59:19.387457 140257632404672 logger_utils.py:283] Unable to record workload.train_stddev information. Continuing without it.
I0604 20:59:19.769299 140275079398592 submission_runner.py:348] Saving flags to /experiment_runs/submissions_a100/muon_torch_jax_hps_lr_fix/study_0/librispeech_conformer_pytorch/trial_1/flags_0.json.
I0604 20:59:19.787496 140275079398592 submission_runner.py:359] Starting training loop.
/usr/local/lib/python3.11/multiprocessing/popen_fork.py:66: RuntimeWarning: os.fork() was called. os.fork() is incompatible with multithreaded code, and JAX is multithreaded, so this will likely lead to a deadlock.
  self.pid = os.fork()
/usr/local/lib/python3.11/multiprocessing/popen_fork.py:66: RuntimeWarning: os.fork() was called. os.fork() is incompatible with multithreaded code, and JAX is multithreaded, so this will likely lead to a deadlock.
  self.pid = os.fork()
/usr/local/lib/python3.11/multiprocessing/popen_fork.py:66: RuntimeWarning: os.fork() was called. os.fork() is incompatible with multithreaded code, and JAX is multithreaded, so this will likely lead to a deadlock.
  self.pid = os.fork()
/usr/local/lib/python3.11/multiprocessing/popen_fork.py:66: RuntimeWarning: os.fork() was called. os.fork() is incompatible with multithreaded code, and JAX is multithreaded, so this will likely lead to a deadlock.
  self.pid = os.fork()
/algorithmic-efficiency/algoperf/workloads/librispeech_conformer/librispeech_pytorch/preprocessor.py:516: UserWarning: Specified kernel cache directory could not be created! This disables kernel caching. Specified directory is /root/.cache/torch/kernels. This warning will appear only once per process. (Triggered internally at /pytorch/aten/src/ATen/native/cuda/jit_utils.cpp:1487.)
  spectrum = torch.abs(spectrum)
/algorithmic-efficiency/algoperf/workloads/librispeech_conformer/librispeech_pytorch/preprocessor.py:516: UserWarning: Specified kernel cache directory could not be created! This disables kernel caching. Specified directory is /root/.cache/torch/kernels. This warning will appear only once per process. (Triggered internally at /pytorch/aten/src/ATen/native/cuda/jit_utils.cpp:1487.)
  spectrum = torch.abs(spectrum)
[rank1]: Traceback (most recent call last):
[rank1]:   File "/algorithmic-efficiency/submission_runner.py", line 873, in <module>
[rank1]:     app.run(main)
[rank1]:   File "/usr/local/lib/python3.11/site-packages/absl/app.py", line 308, in run
[rank1]:     _run_main(main, args)
[rank1]:   File "/usr/local/lib/python3.11/site-packages/absl/app.py", line 254, in _run_main
[rank1]:     sys.exit(main(argv))
[rank1]:              ^^^^^^^^^^
[rank1]:   File "/algorithmic-efficiency/submission_runner.py", line 838, in main
[rank1]:     score = score_submission_on_workload(
[rank1]:             ^^^^^^^^^^^^^^^^^^^^^^^^^^^^^
[rank1]:   File "/algorithmic-efficiency/submission_runner.py", line 747, in score_submission_on_workload
[rank1]:     score, _ = train_once(
[rank1]:                ^^^^^^^^^^^
[rank1]:   File "/algorithmic-efficiency/submission_runner.py", line 387, in train_once
[rank1]:     optimizer_state, model_params, model_state = update_params(
[rank1]:                                                  ^^^^^^^^^^^^^^
[rank1]:   File "/algorithmic-efficiency/submissions_algorithms/submissions/self_tuning/muon_torch_jax_hps_lr_fix/submission.py", line 150, in update_params
[rank1]:     logits_batch, new_model_state = workload.model_fn(
[rank1]:                                     ^^^^^^^^^^^^^^^^^^
[rank1]:   File "/algorithmic-efficiency/algoperf/workloads/librispeech_conformer/librispeech_pytorch/workload.py", line 129, in model_fn
[rank1]:     logits, logits_paddings = model(
[rank1]:                               ^^^^^^
[rank1]:   File "/usr/local/lib/python3.11/site-packages/torch/nn/modules/module.py", line 1775, in _wrapped_call_impl
[rank1]:     return self._call_impl(*args, **kwargs)
[rank1]:            ^^^^^^^^^^^^^^^^^^^^^^^^^^^^^^^^
[rank1]:   File "/usr/local/lib/python3.11/site-packages/torch/nn/modules/module.py", line 1786, in _call_impl
[rank1]:     return forward_call(*args, **kwargs)
[rank1]:            ^^^^^^^^^^^^^^^^^^^^^^^^^^^^^
[rank1]:   File "/usr/local/lib/python3.11/site-packages/torch/nn/parallel/distributed.py", line 1661, in forward
[rank1]:     else self._run_ddp_forward(*inputs, **kwargs)
[rank1]:          ^^^^^^^^^^^^^^^^^^^^^^^^^^^^^^^^^^^^^^^^
[rank1]:   File "/usr/local/lib/python3.11/site-packages/torch/nn/parallel/distributed.py", line 1487, in _run_ddp_forward
[rank1]:     return self.module(*inputs, **kwargs)  # type: ignore[index]
[rank1]:            ^^^^^^^^^^^^^^^^^^^^^^^^^^^^^^
[rank1]:   File "/usr/local/lib/python3.11/site-packages/torch/nn/modules/module.py", line 1775, in _wrapped_call_impl
[rank1]:     return self._call_impl(*args, **kwargs)
[rank1]:            ^^^^^^^^^^^^^^^^^^^^^^^^^^^^^^^^
[rank1]:   File "/usr/local/lib/python3.11/site-packages/torch/nn/modules/module.py", line 1786, in _call_impl
[rank1]:     return forward_call(*args, **kwargs)
[rank1]:            ^^^^^^^^^^^^^^^^^^^^^^^^^^^^^
[rank1]:   File "/algorithmic-efficiency/algoperf/workloads/librispeech_conformer/librispeech_pytorch/models.py", line 503, in forward
[rank1]:     outputs, output_paddings = self.subsample(
[rank1]:                                ^^^^^^^^^^^^^^^
[rank1]:   File "/usr/local/lib/python3.11/site-packages/torch/nn/modules/module.py", line 1775, in _wrapped_call_impl
[rank1]:     return self._call_impl(*args, **kwargs)
[rank1]:            ^^^^^^^^^^^^^^^^^^^^^^^^^^^^^^^^
[rank1]:   File "/usr/local/lib/python3.11/site-packages/torch/nn/modules/module.py", line 1786, in _call_impl
[rank1]:     return forward_call(*args, **kwargs)
[rank1]:            ^^^^^^^^^^^^^^^^^^^^^^^^^^^^^
[rank1]:   File "/algorithmic-efficiency/algoperf/workloads/librispeech_conformer/librispeech_pytorch/models.py", line 99, in forward
[rank1]:     outputs, output_paddings = self.conv1(outputs, output_paddings)
[rank1]:                                ^^^^^^^^^^^^^^^^^^^^^^^^^^^^^^^^^^^^
[rank1]:   File "/usr/local/lib/python3.11/site-packages/torch/nn/modules/module.py", line 1775, in _wrapped_call_impl
[rank1]:     return self._call_impl(*args, **kwargs)
[rank1]:            ^^^^^^^^^^^^^^^^^^^^^^^^^^^^^^^^
[rank1]:   File "/usr/local/lib/python3.11/site-packages/torch/nn/modules/module.py", line 1786, in _call_impl
[rank1]:     return forward_call(*args, **kwargs)
[rank1]:            ^^^^^^^^^^^^^^^^^^^^^^^^^^^^^
[rank1]:   File "/algorithmic-efficiency/algoperf/workloads/librispeech_conformer/librispeech_pytorch/models.py", line 173, in forward
[rank1]:     outputs = F.relu(outputs)
[rank1]:               ^^^^^^^^^^^^^^^
[rank1]:   File "/usr/local/lib/python3.11/site-packages/torch/nn/functional.py", line 1697, in relu
[rank1]:     result = torch.relu(input)
[rank1]:              ^^^^^^^^^^^^^^^^^
[rank1]: torch.OutOfMemoryError: CUDA out of memory. Tried to allocate 4.88 GiB. GPU 1 has a total capacity of 39.38 GiB of which 1.12 GiB is free. Including non-PyTorch memory, this process has 0 bytes memory in use. Of the allocated memory 5.36 GiB is allocated by PyTorch, and 32.96 MiB is reserved by PyTorch but unallocated. If reserved but unallocated memory is large try setting PYTORCH_CUDA_ALLOC_CONF=expandable_segments:True to avoid fragmentation.  See documentation for Memory Management  (https://pytorch.org/docs/stable/notes/cuda.html#environment-variables)
[rank0]: Traceback (most recent call last):
[rank0]:   File "/algorithmic-efficiency/submission_runner.py", line 873, in <module>
[rank0]:     app.run(main)
[rank0]:   File "/usr/local/lib/python3.11/site-packages/absl/app.py", line 308, in run
[rank0]:     _run_main(main, args)
[rank0]:   File "/usr/local/lib/python3.11/site-packages/absl/app.py", line 254, in _run_main
[rank0]:     sys.exit(main(argv))
[rank0]:              ^^^^^^^^^^
[rank0]:   File "/algorithmic-efficiency/submission_runner.py", line 838, in main
[rank0]:     score = score_submission_on_workload(
[rank0]:             ^^^^^^^^^^^^^^^^^^^^^^^^^^^^^
[rank0]:   File "/algorithmic-efficiency/submission_runner.py", line 747, in score_submission_on_workload
[rank0]:     score, _ = train_once(
[rank0]:                ^^^^^^^^^^^
[rank0]:   File "/algorithmic-efficiency/submission_runner.py", line 387, in train_once
[rank0]:     optimizer_state, model_params, model_state = update_params(
[rank0]:                                                  ^^^^^^^^^^^^^^
[rank0]:   File "/algorithmic-efficiency/submissions_algorithms/submissions/self_tuning/muon_torch_jax_hps_lr_fix/submission.py", line 150, in update_params
[rank0]:     logits_batch, new_model_state = workload.model_fn(
[rank0]:                                     ^^^^^^^^^^^^^^^^^^
[rank0]:   File "/algorithmic-efficiency/algoperf/workloads/librispeech_conformer/librispeech_pytorch/workload.py", line 129, in model_fn
[rank0]:     logits, logits_paddings = model(
[rank0]:                               ^^^^^^
[rank0]:   File "/usr/local/lib/python3.11/site-packages/torch/nn/modules/module.py", line 1775, in _wrapped_call_impl
[rank0]:     return self._call_impl(*args, **kwargs)
[rank0]:            ^^^^^^^^^^^^^^^^^^^^^^^^^^^^^^^^
[rank0]:   File "/usr/local/lib/python3.11/site-packages/torch/nn/modules/module.py", line 1786, in _call_impl
[rank0]:     return forward_call(*args, **kwargs)
[rank0]:            ^^^^^^^^^^^^^^^^^^^^^^^^^^^^^
[rank0]:   File "/usr/local/lib/python3.11/site-packages/torch/nn/parallel/distributed.py", line 1661, in forward
[rank0]:     else self._run_ddp_forward(*inputs, **kwargs)
[rank0]:          ^^^^^^^^^^^^^^^^^^^^^^^^^^^^^^^^^^^^^^^^
[rank0]:   File "/usr/local/lib/python3.11/site-packages/torch/nn/parallel/distributed.py", line 1487, in _run_ddp_forward
[rank0]:     return self.module(*inputs, **kwargs)  # type: ignore[index]
[rank0]:            ^^^^^^^^^^^^^^^^^^^^^^^^^^^^^^
[rank0]:   File "/usr/local/lib/python3.11/site-packages/torch/nn/modules/module.py", line 1775, in _wrapped_call_impl
[rank0]:     return self._call_impl(*args, **kwargs)
[rank0]:            ^^^^^^^^^^^^^^^^^^^^^^^^^^^^^^^^
[rank0]:   File "/usr/local/lib/python3.11/site-packages/torch/nn/modules/module.py", line 1786, in _call_impl
[rank0]:     return forward_call(*args, **kwargs)
[rank0]:            ^^^^^^^^^^^^^^^^^^^^^^^^^^^^^
[rank0]:   File "/algorithmic-efficiency/algoperf/workloads/librispeech_conformer/librispeech_pytorch/models.py", line 503, in forward
[rank0]:     outputs, output_paddings = self.subsample(
[rank0]:                                ^^^^^^^^^^^^^^^
[rank0]:   File "/usr/local/lib/python3.11/site-packages/torch/nn/modules/module.py", line 1775, in _wrapped_call_impl
[rank0]:     return self._call_impl(*args, **kwargs)
[rank0]:            ^^^^^^^^^^^^^^^^^^^^^^^^^^^^^^^^
[rank0]:   File "/usr/local/lib/python3.11/site-packages/torch/nn/modules/module.py", line 1786, in _call_impl
[rank0]:     return forward_call(*args, **kwargs)
[rank0]:            ^^^^^^^^^^^^^^^^^^^^^^^^^^^^^
[rank0]:   File "/algorithmic-efficiency/algoperf/workloads/librispeech_conformer/librispeech_pytorch/models.py", line 99, in forward
[rank0]:     outputs, output_paddings = self.conv1(outputs, output_paddings)
[rank0]:                                ^^^^^^^^^^^^^^^^^^^^^^^^^^^^^^^^^^^^
[rank0]:   File "/usr/local/lib/python3.11/site-packages/torch/nn/modules/module.py", line 1775, in _wrapped_call_impl
[rank0]:     return self._call_impl(*args, **kwargs)
[rank0]:            ^^^^^^^^^^^^^^^^^^^^^^^^^^^^^^^^
[rank0]:   File "/usr/local/lib/python3.11/site-packages/torch/nn/modules/module.py", line 1786, in _call_impl
[rank0]:     return forward_call(*args, **kwargs)
[rank0]:            ^^^^^^^^^^^^^^^^^^^^^^^^^^^^^
[rank0]:   File "/algorithmic-efficiency/algoperf/workloads/librispeech_conformer/librispeech_pytorch/models.py", line 173, in forward
[rank0]:     outputs = F.relu(outputs)
[rank0]:               ^^^^^^^^^^^^^^^
[rank0]:   File "/usr/local/lib/python3.11/site-packages/torch/nn/functional.py", line 1697, in relu
[rank0]:     result = torch.relu(input)
[rank0]:              ^^^^^^^^^^^^^^^^^
[rank0]: torch.OutOfMemoryError: CUDA out of memory. Tried to allocate 4.88 GiB. GPU 0 has a total capacity of 39.38 GiB of which 1.19 GiB is free. Including non-PyTorch memory, this process has 0 bytes memory in use. Of the allocated memory 5.36 GiB is allocated by PyTorch, and 32.96 MiB is reserved by PyTorch but unallocated. If reserved but unallocated memory is large try setting PYTORCH_CUDA_ALLOC_CONF=expandable_segments:True to avoid fragmentation.  See documentation for Memory Management  (https://pytorch.org/docs/stable/notes/cuda.html#environment-variables)
[rank3]: Traceback (most recent call last):
[rank3]:   File "/algorithmic-efficiency/submission_runner.py", line 873, in <module>
[rank3]:     app.run(main)
[rank3]:   File "/usr/local/lib/python3.11/site-packages/absl/app.py", line 308, in run
[rank3]:     _run_main(main, args)
[rank3]:   File "/usr/local/lib/python3.11/site-packages/absl/app.py", line 254, in _run_main
[rank3]:     sys.exit(main(argv))
[rank3]:              ^^^^^^^^^^
[rank3]:   File "/algorithmic-efficiency/submission_runner.py", line 838, in main
[rank3]:     score = score_submission_on_workload(
[rank3]:             ^^^^^^^^^^^^^^^^^^^^^^^^^^^^^
[rank3]:   File "/algorithmic-efficiency/submission_runner.py", line 747, in score_submission_on_workload
[rank3]:     score, _ = train_once(
[rank3]:                ^^^^^^^^^^^
[rank3]:   File "/algorithmic-efficiency/submission_runner.py", line 387, in train_once
[rank3]:     optimizer_state, model_params, model_state = update_params(
[rank3]:                                                  ^^^^^^^^^^^^^^
[rank3]:   File "/algorithmic-efficiency/submissions_algorithms/submissions/self_tuning/muon_torch_jax_hps_lr_fix/submission.py", line 150, in update_params
[rank3]:     logits_batch, new_model_state = workload.model_fn(
[rank3]:                                     ^^^^^^^^^^^^^^^^^^
[rank3]:   File "/algorithmic-efficiency/algoperf/workloads/librispeech_conformer/librispeech_pytorch/workload.py", line 129, in model_fn
[rank3]:     logits, logits_paddings = model(
[rank3]:                               ^^^^^^
[rank3]:   File "/usr/local/lib/python3.11/site-packages/torch/nn/modules/module.py", line 1775, in _wrapped_call_impl
[rank3]:     return self._call_impl(*args, **kwargs)
[rank3]:            ^^^^^^^^^^^^^^^^^^^^^^^^^^^^^^^^
[rank3]:   File "/usr/local/lib/python3.11/site-packages/torch/nn/modules/module.py", line 1786, in _call_impl
[rank3]:     return forward_call(*args, **kwargs)
[rank3]:            ^^^^^^^^^^^^^^^^^^^^^^^^^^^^^
[rank3]:   File "/usr/local/lib/python3.11/site-packages/torch/nn/parallel/distributed.py", line 1661, in forward
[rank3]:     else self._run_ddp_forward(*inputs, **kwargs)
[rank3]:          ^^^^^^^^^^^^^^^^^^^^^^^^^^^^^^^^^^^^^^^^
[rank3]:   File "/usr/local/lib/python3.11/site-packages/torch/nn/parallel/distributed.py", line 1487, in _run_ddp_forward
[rank3]:     return self.module(*inputs, **kwargs)  # type: ignore[index]
[rank3]:            ^^^^^^^^^^^^^^^^^^^^^^^^^^^^^^
[rank3]:   File "/usr/local/lib/python3.11/site-packages/torch/nn/modules/module.py", line 1775, in _wrapped_call_impl
[rank3]:     return self._call_impl(*args, **kwargs)
[rank3]:            ^^^^^^^^^^^^^^^^^^^^^^^^^^^^^^^^
[rank3]:   File "/usr/local/lib/python3.11/site-packages/torch/nn/modules/module.py", line 1786, in _call_impl
[rank3]:     return forward_call(*args, **kwargs)
[rank3]:            ^^^^^^^^^^^^^^^^^^^^^^^^^^^^^
[rank3]:   File "/algorithmic-efficiency/algoperf/workloads/librispeech_conformer/librispeech_pytorch/models.py", line 503, in forward
[rank3]:     outputs, output_paddings = self.subsample(
[rank3]:                                ^^^^^^^^^^^^^^^
[rank3]:   File "/usr/local/lib/python3.11/site-packages/torch/nn/modules/module.py", line 1775, in _wrapped_call_impl
[rank3]:     return self._call_impl(*args, **kwargs)
[rank3]:            ^^^^^^^^^^^^^^^^^^^^^^^^^^^^^^^^
[rank3]:   File "/usr/local/lib/python3.11/site-packages/torch/nn/modules/module.py", line 1786, in _call_impl
[rank3]:     return forward_call(*args, **kwargs)
[rank3]:            ^^^^^^^^^^^^^^^^^^^^^^^^^^^^^
[rank3]:   File "/algorithmic-efficiency/algoperf/workloads/librispeech_conformer/librispeech_pytorch/models.py", line 99, in forward
[rank3]:     outputs, output_paddings = self.conv1(outputs, output_paddings)
[rank3]:                                ^^^^^^^^^^^^^^^^^^^^^^^^^^^^^^^^^^^^
[rank3]:   File "/usr/local/lib/python3.11/site-packages/torch/nn/modules/module.py", line 1775, in _wrapped_call_impl
[rank3]:     return self._call_impl(*args, **kwargs)
[rank3]:            ^^^^^^^^^^^^^^^^^^^^^^^^^^^^^^^^
[rank3]:   File "/usr/local/lib/python3.11/site-packages/torch/nn/modules/module.py", line 1786, in _call_impl
[rank3]:     return forward_call(*args, **kwargs)
[rank3]:            ^^^^^^^^^^^^^^^^^^^^^^^^^^^^^
[rank3]:   File "/algorithmic-efficiency/algoperf/workloads/librispeech_conformer/librispeech_pytorch/models.py", line 173, in forward
[rank3]:     outputs = F.relu(outputs)
[rank3]:               ^^^^^^^^^^^^^^^
[rank3]:   File "/usr/local/lib/python3.11/site-packages/torch/nn/functional.py", line 1697, in relu
[rank3]:     result = torch.relu(input)
[rank3]:              ^^^^^^^^^^^^^^^^^
[rank3]: torch.OutOfMemoryError: CUDA out of memory. Tried to allocate 4.88 GiB. GPU 3 has a total capacity of 39.38 GiB of which 1.25 GiB is free. Including non-PyTorch memory, this process has 0 bytes memory in use. Of the allocated memory 5.36 GiB is allocated by PyTorch, and 32.96 MiB is reserved by PyTorch but unallocated. If reserved but unallocated memory is large try setting PYTORCH_CUDA_ALLOC_CONF=expandable_segments:True to avoid fragmentation.  See documentation for Memory Management  (https://pytorch.org/docs/stable/notes/cuda.html#environment-variables)
[rank2]: Traceback (most recent call last):
[rank2]:   File "/algorithmic-efficiency/submission_runner.py", line 873, in <module>
[rank2]:     app.run(main)
[rank2]:   File "/usr/local/lib/python3.11/site-packages/absl/app.py", line 308, in run
[rank2]:     _run_main(main, args)
[rank2]:   File "/usr/local/lib/python3.11/site-packages/absl/app.py", line 254, in _run_main
[rank2]:     sys.exit(main(argv))
[rank2]:              ^^^^^^^^^^
[rank2]:   File "/algorithmic-efficiency/submission_runner.py", line 838, in main
[rank2]:     score = score_submission_on_workload(
[rank2]:             ^^^^^^^^^^^^^^^^^^^^^^^^^^^^^
[rank2]:   File "/algorithmic-efficiency/submission_runner.py", line 747, in score_submission_on_workload
[rank2]:     score, _ = train_once(
[rank2]:                ^^^^^^^^^^^
[rank2]:   File "/algorithmic-efficiency/submission_runner.py", line 387, in train_once
[rank2]:     optimizer_state, model_params, model_state = update_params(
[rank2]:                                                  ^^^^^^^^^^^^^^
[rank2]:   File "/algorithmic-efficiency/submissions_algorithms/submissions/self_tuning/muon_torch_jax_hps_lr_fix/submission.py", line 150, in update_params
[rank2]:     logits_batch, new_model_state = workload.model_fn(
[rank2]:                                     ^^^^^^^^^^^^^^^^^^
[rank2]:   File "/algorithmic-efficiency/algoperf/workloads/librispeech_conformer/librispeech_pytorch/workload.py", line 129, in model_fn
[rank2]:     logits, logits_paddings = model(
[rank2]:                               ^^^^^^
[rank2]:   File "/usr/local/lib/python3.11/site-packages/torch/nn/modules/module.py", line 1775, in _wrapped_call_impl
[rank2]:     return self._call_impl(*args, **kwargs)
[rank2]:            ^^^^^^^^^^^^^^^^^^^^^^^^^^^^^^^^
[rank2]:   File "/usr/local/lib/python3.11/site-packages/torch/nn/modules/module.py", line 1786, in _call_impl
[rank2]:     return forward_call(*args, **kwargs)
[rank2]:            ^^^^^^^^^^^^^^^^^^^^^^^^^^^^^
[rank2]:   File "/usr/local/lib/python3.11/site-packages/torch/nn/parallel/distributed.py", line 1661, in forward
[rank2]:     else self._run_ddp_forward(*inputs, **kwargs)
[rank2]:          ^^^^^^^^^^^^^^^^^^^^^^^^^^^^^^^^^^^^^^^^
[rank2]:   File "/usr/local/lib/python3.11/site-packages/torch/nn/parallel/distributed.py", line 1487, in _run_ddp_forward
[rank2]:     return self.module(*inputs, **kwargs)  # type: ignore[index]
[rank2]:            ^^^^^^^^^^^^^^^^^^^^^^^^^^^^^^
[rank2]:   File "/usr/local/lib/python3.11/site-packages/torch/nn/modules/module.py", line 1775, in _wrapped_call_impl
[rank2]:     return self._call_impl(*args, **kwargs)
[rank2]:            ^^^^^^^^^^^^^^^^^^^^^^^^^^^^^^^^
[rank2]:   File "/usr/local/lib/python3.11/site-packages/torch/nn/modules/module.py", line 1786, in _call_impl
[rank2]:     return forward_call(*args, **kwargs)
[rank2]:            ^^^^^^^^^^^^^^^^^^^^^^^^^^^^^
[rank2]:   File "/algorithmic-efficiency/algoperf/workloads/librispeech_conformer/librispeech_pytorch/models.py", line 503, in forward
[rank2]:     outputs, output_paddings = self.subsample(
[rank2]:                                ^^^^^^^^^^^^^^^
[rank2]:   File "/usr/local/lib/python3.11/site-packages/torch/nn/modules/module.py", line 1775, in _wrapped_call_impl
[rank2]:     return self._call_impl(*args, **kwargs)
[rank2]:            ^^^^^^^^^^^^^^^^^^^^^^^^^^^^^^^^
[rank2]:   File "/usr/local/lib/python3.11/site-packages/torch/nn/modules/module.py", line 1786, in _call_impl
[rank2]:     return forward_call(*args, **kwargs)
[rank2]:            ^^^^^^^^^^^^^^^^^^^^^^^^^^^^^
[rank2]:   File "/algorithmic-efficiency/algoperf/workloads/librispeech_conformer/librispeech_pytorch/models.py", line 99, in forward
[rank2]:     outputs, output_paddings = self.conv1(outputs, output_paddings)
[rank2]:                                ^^^^^^^^^^^^^^^^^^^^^^^^^^^^^^^^^^^^
[rank2]:   File "/usr/local/lib/python3.11/site-packages/torch/nn/modules/module.py", line 1775, in _wrapped_call_impl
[rank2]:     return self._call_impl(*args, **kwargs)
[rank2]:            ^^^^^^^^^^^^^^^^^^^^^^^^^^^^^^^^
[rank2]:   File "/usr/local/lib/python3.11/site-packages/torch/nn/modules/module.py", line 1786, in _call_impl
[rank2]:     return forward_call(*args, **kwargs)
[rank2]:            ^^^^^^^^^^^^^^^^^^^^^^^^^^^^^
[rank2]:   File "/algorithmic-efficiency/algoperf/workloads/librispeech_conformer/librispeech_pytorch/models.py", line 173, in forward
[rank2]:     outputs = F.relu(outputs)
[rank2]:               ^^^^^^^^^^^^^^^
[rank2]:   File "/usr/local/lib/python3.11/site-packages/torch/nn/functional.py", line 1697, in relu
[rank2]:     result = torch.relu(input)
[rank2]:              ^^^^^^^^^^^^^^^^^
[rank2]: torch.OutOfMemoryError: CUDA out of memory. Tried to allocate 4.88 GiB. GPU 2 has a total capacity of 39.38 GiB of which 1.12 GiB is free. Including non-PyTorch memory, this process has 0 bytes memory in use. Of the allocated memory 5.36 GiB is allocated by PyTorch, and 32.96 MiB is reserved by PyTorch but unallocated. If reserved but unallocated memory is large try setting PYTORCH_CUDA_ALLOC_CONF=expandable_segments:True to avoid fragmentation.  See documentation for Memory Management  (https://pytorch.org/docs/stable/notes/cuda.html#environment-variables)
[rank0]:[W604 20:59:31.919928646 ProcessGroupNCCL.cpp:1524] Warning: WARNING: destroy_process_group() was not called before program exit, which can leak resources. For more info, please see https://pytorch.org/docs/stable/distributed.html#shutdown (function operator())
[rank2]:[W604 20:59:32.293654820 AllocatorConfig.cpp:28] Warning: PYTORCH_CUDA_ALLOC_CONF is deprecated, use PYTORCH_ALLOC_CONF instead (function operator())
[rank3]:[W604 20:59:32.322827433 AllocatorConfig.cpp:28] Warning: PYTORCH_CUDA_ALLOC_CONF is deprecated, use PYTORCH_ALLOC_CONF instead (function operator())
[rank1]:[W604 20:59:32.333050710 AllocatorConfig.cpp:28] Warning: PYTORCH_CUDA_ALLOC_CONF is deprecated, use PYTORCH_ALLOC_CONF instead (function operator())
[rank0]:[W604 20:59:32.651875375 AllocatorConfig.cpp:28] Warning: PYTORCH_CUDA_ALLOC_CONF is deprecated, use PYTORCH_ALLOC_CONF instead (function operator())
W0604 20:59:33.222000 9 site-packages/torch/distributed/elastic/multiprocessing/api.py:908] Sending process 38 closing signal SIGTERM
W0604 20:59:33.222000 9 site-packages/torch/distributed/elastic/multiprocessing/api.py:908] Sending process 39 closing signal SIGTERM
W0604 20:59:33.223000 9 site-packages/torch/distributed/elastic/multiprocessing/api.py:908] Sending process 41 closing signal SIGTERM
E0604 20:59:33.847000 9 site-packages/torch/distributed/elastic/multiprocessing/api.py:882] failed (exitcode: 1) local_rank: 2 (pid: 40) of binary: /usr/local/bin/python3.11
Traceback (most recent call last):
  File "/usr/local/bin/torchrun", line 6, in <module>
    sys.exit(main())
             ^^^^^^
  File "/usr/local/lib/python3.11/site-packages/torch/distributed/elastic/multiprocessing/errors/__init__.py", line 357, in wrapper
    return f(*args, **kwargs)
           ^^^^^^^^^^^^^^^^^^
  File "/usr/local/lib/python3.11/site-packages/torch/distributed/run.py", line 936, in main
    run(args)
  File "/usr/local/lib/python3.11/site-packages/torch/distributed/run.py", line 927, in run
    elastic_launch(
  File "/usr/local/lib/python3.11/site-packages/torch/distributed/launcher/api.py", line 156, in __call__
    return launch_agent(self._config, self._entrypoint, list(args))
           ^^^^^^^^^^^^^^^^^^^^^^^^^^^^^^^^^^^^^^^^^^^^^^^^^^^^^^^^
  File "/usr/local/lib/python3.11/site-packages/torch/distributed/launcher/api.py", line 293, in launch_agent
    raise ChildFailedError(
torch.distributed.elastic.multiprocessing.errors.ChildFailedError: 
============================================================
submission_runner.py FAILED
------------------------------------------------------------
Failures:
  <NO_OTHER_FAILURES>
------------------------------------------------------------
Root Cause (first observed failure):
[0]:
  time      : 2026-06-04_20:59:33
  host      : b5e0bebadcf9
  rank      : 2 (local_rank: 2)
  exitcode  : 1 (pid: 40)
  error_file: <N/A>
  traceback : To enable traceback see: https://pytorch.org/docs/stable/elastic/errors.html
============================================================
