torchrun --redirects 1:0,2:0,3:0 --standalone --nnodes=1 --nproc_per_node=4 submission_runner.py --framework=pytorch --workload=imagenet_resnet --submission_path=submissions_algorithms/submissions/self_tuning/muon_torch/submission.py --data_dir=/data/imagenet/pytorch --experiment_dir=/experiment_runs --experiment_name=submissions_a100/muon_torch/study_1 --overwrite=True --save_checkpoints=False --rng_seed=496150409 --imagenet_v2_data_dir=/data/imagenet/pytorch --torch_compile=true --tuning_ruleset=self 2>&1 | tee -a /logs/imagenet_resnet_pytorch_05-20-2026-17-59-05.log
W0520 17:59:06.795000 8 site-packages/torch/distributed/run.py:803] 
W0520 17:59:06.795000 8 site-packages/torch/distributed/run.py:803] *****************************************
W0520 17:59:06.795000 8 site-packages/torch/distributed/run.py:803] Setting OMP_NUM_THREADS environment variable for each process to be 1 in default, to avoid your system being overloaded, please further tune the variable for optimal performance in your application as needed. 
W0520 17:59:06.795000 8 site-packages/torch/distributed/run.py:803] *****************************************
2026-05-20 17:59:08.301370: E external/local_xla/xla/stream_executor/cuda/cuda_fft.cc:467] Unable to register cuFFT factory: Attempting to register factory for plugin cuFFT when one has already been registered
2026-05-20 17:59:08.301373: E external/local_xla/xla/stream_executor/cuda/cuda_fft.cc:467] Unable to register cuFFT factory: Attempting to register factory for plugin cuFFT when one has already been registered
2026-05-20 17:59:08.301370: E external/local_xla/xla/stream_executor/cuda/cuda_fft.cc:467] Unable to register cuFFT factory: Attempting to register factory for plugin cuFFT when one has already been registered
2026-05-20 17:59:08.301374: E external/local_xla/xla/stream_executor/cuda/cuda_fft.cc:467] Unable to register cuFFT factory: Attempting to register factory for plugin cuFFT when one has already been registered
WARNING: All log messages before absl::InitializeLog() is called are written to STDERR
WARNING: All log messages before absl::InitializeLog() is called are written to STDERR
WARNING: All log messages before absl::InitializeLog() is called are written to STDERR
E0000 00:00:1779299948.321786      38 cuda_dnn.cc:8579] Unable to register cuDNN factory: Attempting to register factory for plugin cuDNN when one has already been registered
E0000 00:00:1779299948.321788      39 cuda_dnn.cc:8579] Unable to register cuDNN factory: Attempting to register factory for plugin cuDNN when one has already been registered
WARNING: All log messages before absl::InitializeLog() is called are written to STDERR
E0000 00:00:1779299948.321788      40 cuda_dnn.cc:8579] Unable to register cuDNN factory: Attempting to register factory for plugin cuDNN when one has already been registered
E0000 00:00:1779299948.321788      37 cuda_dnn.cc:8579] Unable to register cuDNN factory: Attempting to register factory for plugin cuDNN when one has already been registered
E0000 00:00:1779299948.328485      39 cuda_blas.cc:1407] Unable to register cuBLAS factory: Attempting to register factory for plugin cuBLAS when one has already been registered
E0000 00:00:1779299948.328485      37 cuda_blas.cc:1407] Unable to register cuBLAS factory: Attempting to register factory for plugin cuBLAS when one has already been registered
E0000 00:00:1779299948.328487      38 cuda_blas.cc:1407] Unable to register cuBLAS factory: Attempting to register factory for plugin cuBLAS when one has already been registered
E0000 00:00:1779299948.328487      40 cuda_blas.cc:1407] Unable to register cuBLAS factory: Attempting to register factory for plugin cuBLAS when one has already been registered
W0000 00:00:1779299948.345064      37 computation_placer.cc:177] computation placer already registered. Please check linkage and avoid linking the same target more than once.
W0000 00:00:1779299948.345075      38 computation_placer.cc:177] computation placer already registered. Please check linkage and avoid linking the same target more than once.
W0000 00:00:1779299948.345078      40 computation_placer.cc:177] computation placer already registered. Please check linkage and avoid linking the same target more than once.
W0000 00:00:1779299948.345078      39 computation_placer.cc:177] computation placer already registered. Please check linkage and avoid linking the same target more than once.
W0000 00:00:1779299948.345094      37 computation_placer.cc:177] computation placer already registered. Please check linkage and avoid linking the same target more than once.
W0000 00:00:1779299948.345095      38 computation_placer.cc:177] computation placer already registered. Please check linkage and avoid linking the same target more than once.
W0000 00:00:1779299948.345097      37 computation_placer.cc:177] computation placer already registered. Please check linkage and avoid linking the same target more than once.
W0000 00:00:1779299948.345097      39 computation_placer.cc:177] computation placer already registered. Please check linkage and avoid linking the same target more than once.
W0000 00:00:1779299948.345097      40 computation_placer.cc:177] computation placer already registered. Please check linkage and avoid linking the same target more than once.
W0000 00:00:1779299948.345098      38 computation_placer.cc:177] computation placer already registered. Please check linkage and avoid linking the same target more than once.
W0000 00:00:1779299948.345098      37 computation_placer.cc:177] computation placer already registered. Please check linkage and avoid linking the same target more than once.
W0000 00:00:1779299948.345099      39 computation_placer.cc:177] computation placer already registered. Please check linkage and avoid linking the same target more than once.
W0000 00:00:1779299948.345099      40 computation_placer.cc:177] computation placer already registered. Please check linkage and avoid linking the same target more than once.
W0000 00:00:1779299948.345100      38 computation_placer.cc:177] computation placer already registered. Please check linkage and avoid linking the same target more than once.
W0000 00:00:1779299948.345101      40 computation_placer.cc:177] computation placer already registered. Please check linkage and avoid linking the same target more than once.
W0000 00:00:1779299948.345101      39 computation_placer.cc:177] computation placer already registered. Please check linkage and avoid linking the same target more than once.
W0000 00:00:1779299953.851048      38 gpu_device.cc:2341] Cannot dlopen some GPU libraries. Please make sure the missing libraries mentioned above are installed properly if you would like to use GPU. Follow the guide at https://www.tensorflow.org/install/gpu for how to download and setup the required libraries for your platform.
Skipping registering GPU devices...
W0000 00:00:1779299953.935810      37 gpu_device.cc:2341] Cannot dlopen some GPU libraries. Please make sure the missing libraries mentioned above are installed properly if you would like to use GPU. Follow the guide at https://www.tensorflow.org/install/gpu for how to download and setup the required libraries for your platform.
Skipping registering GPU devices...
W0000 00:00:1779299954.035217      39 gpu_device.cc:2341] Cannot dlopen some GPU libraries. Please make sure the missing libraries mentioned above are installed properly if you would like to use GPU. Follow the guide at https://www.tensorflow.org/install/gpu for how to download and setup the required libraries for your platform.
Skipping registering GPU devices...
W0000 00:00:1779299954.117858      40 gpu_device.cc:2341] Cannot dlopen some GPU libraries. Please make sure the missing libraries mentioned above are installed properly if you would like to use GPU. Follow the guide at https://www.tensorflow.org/install/gpu for how to download and setup the required libraries for your platform.
Skipping registering GPU devices...
/usr/local/lib/python3.11/site-packages/torch/__init__.py:1617: UserWarning: Please use the new API settings to control TF32 behavior, such as torch.backends.cudnn.conv.fp32_precision = 'tf32' or torch.backends.cuda.matmul.fp32_precision = 'ieee'. Old settings, e.g, torch.backends.cuda.matmul.allow_tf32 = True, torch.backends.cudnn.allow_tf32 = True, allowTF32CuDNN() and allowTF32CuBLAS() will be deprecated after Pytorch 2.9. Please see https://pytorch.org/docs/main/notes/cuda.html#tensorfloat-32-tf32-on-ampere-and-later-devices (Triggered internally at /pytorch/aten/src/ATen/Context.cpp:80.)
  _C._set_float32_matmul_precision(precision)
/usr/local/lib/python3.11/site-packages/torch/__init__.py:1617: UserWarning: Please use the new API settings to control TF32 behavior, such as torch.backends.cudnn.conv.fp32_precision = 'tf32' or torch.backends.cuda.matmul.fp32_precision = 'ieee'. Old settings, e.g, torch.backends.cuda.matmul.allow_tf32 = True, torch.backends.cudnn.allow_tf32 = True, allowTF32CuDNN() and allowTF32CuBLAS() will be deprecated after Pytorch 2.9. Please see https://pytorch.org/docs/main/notes/cuda.html#tensorfloat-32-tf32-on-ampere-and-later-devices (Triggered internally at /pytorch/aten/src/ATen/Context.cpp:80.)
  _C._set_float32_matmul_precision(precision)
/usr/local/lib/python3.11/site-packages/torch/__init__.py:1617: UserWarning: Please use the new API settings to control TF32 behavior, such as torch.backends.cudnn.conv.fp32_precision = 'tf32' or torch.backends.cuda.matmul.fp32_precision = 'ieee'. Old settings, e.g, torch.backends.cuda.matmul.allow_tf32 = True, torch.backends.cudnn.allow_tf32 = True, allowTF32CuDNN() and allowTF32CuBLAS() will be deprecated after Pytorch 2.9. Please see https://pytorch.org/docs/main/notes/cuda.html#tensorfloat-32-tf32-on-ampere-and-later-devices (Triggered internally at /pytorch/aten/src/ATen/Context.cpp:80.)
  _C._set_float32_matmul_precision(precision)
/usr/local/lib/python3.11/site-packages/torch/__init__.py:1617: UserWarning: Please use the new API settings to control TF32 behavior, such as torch.backends.cudnn.conv.fp32_precision = 'tf32' or torch.backends.cuda.matmul.fp32_precision = 'ieee'. Old settings, e.g, torch.backends.cuda.matmul.allow_tf32 = True, torch.backends.cudnn.allow_tf32 = True, allowTF32CuDNN() and allowTF32CuBLAS() will be deprecated after Pytorch 2.9. Please see https://pytorch.org/docs/main/notes/cuda.html#tensorfloat-32-tf32-on-ampere-and-later-devices (Triggered internally at /pytorch/aten/src/ATen/Context.cpp:80.)
  _C._set_float32_matmul_precision(precision)
/usr/local/lib/python3.11/site-packages/pydantic/_internal/_generate_schema.py:2249: UnsupportedFieldAttributeWarning: The 'repr' attribute with value False was provided to the `Field()` function, which has no effect in the context it was used. 'repr' is field-specific metadata, and can only be attached to a model field using `Annotated` metadata or by assignment. This may have happened because an `Annotated` type alias using the `type` statement was used, or if the `Field()` function was attached to a single member of a union type.
  warnings.warn(
/usr/local/lib/python3.11/site-packages/pydantic/_internal/_generate_schema.py:2249: UnsupportedFieldAttributeWarning: The 'frozen' attribute with value True was provided to the `Field()` function, which has no effect in the context it was used. 'frozen' is field-specific metadata, and can only be attached to a model field using `Annotated` metadata or by assignment. This may have happened because an `Annotated` type alias using the `type` statement was used, or if the `Field()` function was attached to a single member of a union type.
  warnings.warn(
/usr/local/lib/python3.11/site-packages/pydantic/_internal/_generate_schema.py:2249: UnsupportedFieldAttributeWarning: The 'repr' attribute with value False was provided to the `Field()` function, which has no effect in the context it was used. 'repr' is field-specific metadata, and can only be attached to a model field using `Annotated` metadata or by assignment. This may have happened because an `Annotated` type alias using the `type` statement was used, or if the `Field()` function was attached to a single member of a union type.
  warnings.warn(
/usr/local/lib/python3.11/site-packages/pydantic/_internal/_generate_schema.py:2249: UnsupportedFieldAttributeWarning: The 'frozen' attribute with value True was provided to the `Field()` function, which has no effect in the context it was used. 'frozen' is field-specific metadata, and can only be attached to a model field using `Annotated` metadata or by assignment. This may have happened because an `Annotated` type alias using the `type` statement was used, or if the `Field()` function was attached to a single member of a union type.
  warnings.warn(
/usr/local/lib/python3.11/site-packages/pydantic/_internal/_generate_schema.py:2249: UnsupportedFieldAttributeWarning: The 'repr' attribute with value False was provided to the `Field()` function, which has no effect in the context it was used. 'repr' is field-specific metadata, and can only be attached to a model field using `Annotated` metadata or by assignment. This may have happened because an `Annotated` type alias using the `type` statement was used, or if the `Field()` function was attached to a single member of a union type.
  warnings.warn(
/usr/local/lib/python3.11/site-packages/pydantic/_internal/_generate_schema.py:2249: UnsupportedFieldAttributeWarning: The 'frozen' attribute with value True was provided to the `Field()` function, which has no effect in the context it was used. 'frozen' is field-specific metadata, and can only be attached to a model field using `Annotated` metadata or by assignment. This may have happened because an `Annotated` type alias using the `type` statement was used, or if the `Field()` function was attached to a single member of a union type.
  warnings.warn(
/usr/local/lib/python3.11/site-packages/pydantic/_internal/_generate_schema.py:2249: UnsupportedFieldAttributeWarning: The 'repr' attribute with value False was provided to the `Field()` function, which has no effect in the context it was used. 'repr' is field-specific metadata, and can only be attached to a model field using `Annotated` metadata or by assignment. This may have happened because an `Annotated` type alias using the `type` statement was used, or if the `Field()` function was attached to a single member of a union type.
  warnings.warn(
/usr/local/lib/python3.11/site-packages/pydantic/_internal/_generate_schema.py:2249: UnsupportedFieldAttributeWarning: The 'frozen' attribute with value True was provided to the `Field()` function, which has no effect in the context it was used. 'frozen' is field-specific metadata, and can only be attached to a model field using `Annotated` metadata or by assignment. This may have happened because an `Annotated` type alias using the `type` statement was used, or if the `Field()` function was attached to a single member of a union type.
  warnings.warn(
I0520 17:59:17.139720 139782483743936 logger_utils.py:59] Removing existing experiment directory /experiment_runs/submissions_a100/muon_torch/study_1/imagenet_resnet_pytorch because --overwrite was set.
I0520 17:59:17.174746 139914220819648 logger_utils.py:59] Removing existing experiment directory /experiment_runs/submissions_a100/muon_torch/study_1/imagenet_resnet_pytorch because --overwrite was set.
/usr/local/lib/python3.11/site-packages/torch/distributed/distributed_c10d.py:4876: UserWarning: barrier(): using the device under current context. You can specify `device_id` in `init_process_group` to mute this warning.
  warnings.warn(  # warn only once
[rank0]:[W520 17:59:17.515192586 ProcessGroupNCCL.cpp:5068] Guessing device ID based on global rank. This can cause a hang if rank to GPU mapping is heterogeneous. You can specify device_id in init_process_group()
I0520 17:59:17.939831 139914220819648 logger_utils.py:84] Creating experiment directory at /experiment_runs/submissions_a100/muon_torch/study_1/imagenet_resnet_pytorch.
I0520 17:59:17.939874 139782483743936 logger_utils.py:84] Creating experiment directory at /experiment_runs/submissions_a100/muon_torch/study_1/imagenet_resnet_pytorch.
I0520 17:59:17.939847 139733008594112 logger_utils.py:84] Creating experiment directory at /experiment_runs/submissions_a100/muon_torch/study_1/imagenet_resnet_pytorch.
I0520 17:59:17.939846 139991304451264 logger_utils.py:84] Creating experiment directory at /experiment_runs/submissions_a100/muon_torch/study_1/imagenet_resnet_pytorch.
[rank3]: Traceback (most recent call last):
[rank3]:   File "/algorithmic-efficiency/submission_runner.py", line 873, in <module>
[rank3]:     app.run(main)
[rank3]:   File "/usr/local/lib/python3.11/site-packages/absl/app.py", line 308, in run
[rank3]:     _run_main(main, args)
[rank3]:   File "/usr/local/lib/python3.11/site-packages/absl/app.py", line 254, in _run_main
[rank3]:     sys.exit(main(argv))
[rank3]:              ^^^^^^^^^^
[rank3]:   File "/algorithmic-efficiency/submission_runner.py", line 838, in main
[rank3]:     score = score_submission_on_workload(
[rank3]:             ^^^^^^^^^^^^^^^^^^^^^^^^^^^^^
[rank3]:   File "/algorithmic-efficiency/submission_runner.py", line 615, in score_submission_on_workload
[rank3]:     submission_module = importlib.import_module(submission_module_path)
[rank3]:                         ^^^^^^^^^^^^^^^^^^^^^^^^^^^^^^^^^^^^^^^^^^^^^^^
[rank3]:   File "/usr/local/lib/python3.11/importlib/__init__.py", line 126, in import_module
[rank3]:     return _bootstrap._gcd_import(name[level:], package, level)
[rank3]:            ^^^^^^^^^^^^^^^^^^^^^^^^^^^^^^^^^^^^^^^^^^^^^^^^^^^^
[rank3]:   File "<frozen importlib._bootstrap>", line 1204, in _gcd_import
[rank3]:   File "<frozen importlib._bootstrap>", line 1176, in _find_and_load
[rank3]:   File "<frozen importlib._bootstrap>", line 1147, in _find_and_load_unlocked
[rank3]:   File "<frozen importlib._bootstrap>", line 690, in _load_unlocked
[rank3]:   File "<frozen importlib._bootstrap_external>", line 940, in exec_module
[rank3]:   File "<frozen importlib._bootstrap>", line 241, in _call_with_frames_removed
[rank3]:   File "/algorithmic-efficiency/submissions_algorithms/submissions/self_tuning/muon_torch/submission.py", line 19, in <module>
[rank3]:     from submissions_algorithms.self_tuning.muon_torch.muon import MuonDataParallel, split_params_muon_adam
[rank3]: ModuleNotFoundError: No module named 'submissions_algorithms.self_tuning'
[rank2]: Traceback (most recent call last):
[rank2]:   File "/algorithmic-efficiency/submission_runner.py", line 873, in <module>
[rank2]:     app.run(main)
[rank2]:   File "/usr/local/lib/python3.11/site-packages/absl/app.py", line 308, in run
[rank2]:     _run_main(main, args)
[rank2]:   File "/usr/local/lib/python3.11/site-packages/absl/app.py", line 254, in _run_main
[rank2]:     sys.exit(main(argv))
[rank2]:              ^^^^^^^^^^
[rank2]:   File "/algorithmic-efficiency/submission_runner.py", line 838, in main
[rank2]:     score = score_submission_on_workload(
[rank2]:             ^^^^^^^^^^^^^^^^^^^^^^^^^^^^^
[rank2]:   File "/algorithmic-efficiency/submission_runner.py", line 615, in score_submission_on_workload
[rank2]:     submission_module = importlib.import_module(submission_module_path)
[rank2]:                         ^^^^^^^^^^^^^^^^^^^^^^^^^^^^^^^^^^^^^^^^^^^^^^^
[rank2]:   File "/usr/local/lib/python3.11/importlib/__init__.py", line 126, in import_module
[rank2]:     return _bootstrap._gcd_import(name[level:], package, level)
[rank2]:            ^^^^^^^^^^^^^^^^^^^^^^^^^^^^^^^^^^^^^^^^^^^^^^^^^^^^
[rank2]:   File "<frozen importlib._bootstrap>", line 1204, in _gcd_import
[rank2]:   File "<frozen importlib._bootstrap>", line 1176, in _find_and_load
[rank2]:   File "<frozen importlib._bootstrap>", line 1147, in _find_and_load_unlocked
[rank2]:   File "<frozen importlib._bootstrap>", line 690, in _load_unlocked
[rank2]:   File "<frozen importlib._bootstrap_external>", line 940, in exec_module
[rank2]:   File "<frozen importlib._bootstrap>", line 241, in _call_with_frames_removed
[rank2]:   File "/algorithmic-efficiency/submissions_algorithms/submissions/self_tuning/muon_torch/submission.py", line 19, in <module>
[rank2]:     from submissions_algorithms.self_tuning.muon_torch.muon import MuonDataParallel, split_params_muon_adam
[rank2]: ModuleNotFoundError: No module named 'submissions_algorithms.self_tuning'
[rank1]: Traceback (most recent call last):
[rank1]:   File "/algorithmic-efficiency/submission_runner.py", line 873, in <module>
[rank1]:     app.run(main)
[rank1]:   File "/usr/local/lib/python3.11/site-packages/absl/app.py", line 308, in run
[rank1]:     _run_main(main, args)
[rank1]:   File "/usr/local/lib/python3.11/site-packages/absl/app.py", line 254, in _run_main
[rank1]:     sys.exit(main(argv))
[rank1]:              ^^^^^^^^^^
[rank1]:   File "/algorithmic-efficiency/submission_runner.py", line 838, in main
[rank1]:     score = score_submission_on_workload(
[rank1]:             ^^^^^^^^^^^^^^^^^^^^^^^^^^^^^
[rank1]:   File "/algorithmic-efficiency/submission_runner.py", line 615, in score_submission_on_workload
[rank1]:     submission_module = importlib.import_module(submission_module_path)
[rank1]:                         ^^^^^^^^^^^^^^^^^^^^^^^^^^^^^^^^^^^^^^^^^^^^^^^
[rank1]:   File "/usr/local/lib/python3.11/importlib/__init__.py", line 126, in import_module
[rank1]:     return _bootstrap._gcd_import(name[level:], package, level)
[rank1]:            ^^^^^^^^^^^^^^^^^^^^^^^^^^^^^^^^^^^^^^^^^^^^^^^^^^^^
[rank1]:   File "<frozen importlib._bootstrap>", line 1204, in _gcd_import
[rank1]:   File "<frozen importlib._bootstrap>", line 1176, in _find_and_load
[rank1]:   File "<frozen importlib._bootstrap>", line 1147, in _find_and_load_unlocked
[rank1]:   File "<frozen importlib._bootstrap>", line 690, in _load_unlocked
[rank1]:   File "<frozen importlib._bootstrap_external>", line 940, in exec_module
[rank1]:   File "<frozen importlib._bootstrap>", line 241, in _call_with_frames_removed
[rank1]:   File "/algorithmic-efficiency/submissions_algorithms/submissions/self_tuning/muon_torch/submission.py", line 19, in <module>
[rank1]:     from submissions_algorithms.self_tuning.muon_torch.muon import MuonDataParallel, split_params_muon_adam
[rank1]: ModuleNotFoundError: No module named 'submissions_algorithms.self_tuning'
[rank0]: Traceback (most recent call last):
[rank0]:   File "/algorithmic-efficiency/submission_runner.py", line 873, in <module>
[rank0]:     app.run(main)
[rank0]:   File "/usr/local/lib/python3.11/site-packages/absl/app.py", line 308, in run
[rank0]:     _run_main(main, args)
[rank0]:   File "/usr/local/lib/python3.11/site-packages/absl/app.py", line 254, in _run_main
[rank0]:     sys.exit(main(argv))
[rank0]:              ^^^^^^^^^^
[rank0]:   File "/algorithmic-efficiency/submission_runner.py", line 838, in main
[rank0]:     score = score_submission_on_workload(
[rank0]:             ^^^^^^^^^^^^^^^^^^^^^^^^^^^^^
[rank0]:   File "/algorithmic-efficiency/submission_runner.py", line 615, in score_submission_on_workload
[rank0]:     submission_module = importlib.import_module(submission_module_path)
[rank0]:                         ^^^^^^^^^^^^^^^^^^^^^^^^^^^^^^^^^^^^^^^^^^^^^^^
[rank0]:   File "/usr/local/lib/python3.11/importlib/__init__.py", line 126, in import_module
[rank0]:     return _bootstrap._gcd_import(name[level:], package, level)
[rank0]:            ^^^^^^^^^^^^^^^^^^^^^^^^^^^^^^^^^^^^^^^^^^^^^^^^^^^^
[rank0]:   File "<frozen importlib._bootstrap>", line 1204, in _gcd_import
[rank0]:   File "<frozen importlib._bootstrap>", line 1176, in _find_and_load
[rank0]:   File "<frozen importlib._bootstrap>", line 1147, in _find_and_load_unlocked
[rank0]:   File "<frozen importlib._bootstrap>", line 690, in _load_unlocked
[rank0]:   File "<frozen importlib._bootstrap_external>", line 940, in exec_module
[rank0]:   File "<frozen importlib._bootstrap>", line 241, in _call_with_frames_removed
[rank0]:   File "/algorithmic-efficiency/submissions_algorithms/submissions/self_tuning/muon_torch/submission.py", line 19, in <module>
[rank0]:     from submissions_algorithms.self_tuning.muon_torch.muon import MuonDataParallel, split_params_muon_adam
[rank0]: ModuleNotFoundError: No module named 'submissions_algorithms.self_tuning'
[rank0]:[W520 17:59:18.006524567 ProcessGroupNCCL.cpp:1524] Warning: WARNING: destroy_process_group() was not called before program exit, which can leak resources. For more info, please see https://pytorch.org/docs/stable/distributed.html#shutdown (function operator())
W0520 17:59:20.080000 8 site-packages/torch/distributed/elastic/multiprocessing/api.py:908] Sending process 38 closing signal SIGTERM
W0520 17:59:20.080000 8 site-packages/torch/distributed/elastic/multiprocessing/api.py:908] Sending process 39 closing signal SIGTERM
W0520 17:59:20.080000 8 site-packages/torch/distributed/elastic/multiprocessing/api.py:908] Sending process 40 closing signal SIGTERM
E0520 17:59:20.308000 8 site-packages/torch/distributed/elastic/multiprocessing/api.py:882] failed (exitcode: 1) local_rank: 0 (pid: 37) of binary: /usr/local/bin/python3.11
Traceback (most recent call last):
  File "/usr/local/bin/torchrun", line 6, in <module>
    sys.exit(main())
             ^^^^^^
  File "/usr/local/lib/python3.11/site-packages/torch/distributed/elastic/multiprocessing/errors/__init__.py", line 357, in wrapper
    return f(*args, **kwargs)
           ^^^^^^^^^^^^^^^^^^
  File "/usr/local/lib/python3.11/site-packages/torch/distributed/run.py", line 936, in main
    run(args)
  File "/usr/local/lib/python3.11/site-packages/torch/distributed/run.py", line 927, in run
    elastic_launch(
  File "/usr/local/lib/python3.11/site-packages/torch/distributed/launcher/api.py", line 156, in __call__
    return launch_agent(self._config, self._entrypoint, list(args))
           ^^^^^^^^^^^^^^^^^^^^^^^^^^^^^^^^^^^^^^^^^^^^^^^^^^^^^^^^
  File "/usr/local/lib/python3.11/site-packages/torch/distributed/launcher/api.py", line 293, in launch_agent
    raise ChildFailedError(
torch.distributed.elastic.multiprocessing.errors.ChildFailedError: 
============================================================
submission_runner.py FAILED
------------------------------------------------------------
Failures:
  <NO_OTHER_FAILURES>
------------------------------------------------------------
Root Cause (first observed failure):
[0]:
  time      : 2026-05-20_17:59:20
  host      : ba96306fffcd
  rank      : 0 (local_rank: 0)
  exitcode  : 1 (pid: 37)
  error_file: <N/A>
  traceback : To enable traceback see: https://pytorch.org/docs/stable/elastic/errors.html
============================================================
