torchrun --redirects 1:0,2:0,3:0 --standalone --nnodes=1 --nproc_per_node=4 submission_runner.py --framework=pytorch --workload=imagenet_resnet --submission_path=submissions_algorithms/submissions/self_tuning/muon_torch/submission.py --data_dir=/data/imagenet/pytorch --experiment_dir=/experiment_runs --experiment_name=submissions_a100/muon_torch/study_2 --overwrite=True --save_checkpoints=False --rng_seed=691279410 --imagenet_v2_data_dir=/data/imagenet/pytorch --torch_compile=true --tuning_ruleset=self 2>&1 | tee -a /logs/imagenet_resnet_pytorch_05-20-2026-18-43-45.log
W0520 18:43:47.430000 9 site-packages/torch/distributed/run.py:803] 
W0520 18:43:47.430000 9 site-packages/torch/distributed/run.py:803] *****************************************
W0520 18:43:47.430000 9 site-packages/torch/distributed/run.py:803] Setting OMP_NUM_THREADS environment variable for each process to be 1 in default, to avoid your system being overloaded, please further tune the variable for optimal performance in your application as needed. 
W0520 18:43:47.430000 9 site-packages/torch/distributed/run.py:803] *****************************************
2026-05-20 18:43:49.097240: E external/local_xla/xla/stream_executor/cuda/cuda_fft.cc:467] Unable to register cuFFT factory: Attempting to register factory for plugin cuFFT when one has already been registered
2026-05-20 18:43:49.097237: E external/local_xla/xla/stream_executor/cuda/cuda_fft.cc:467] Unable to register cuFFT factory: Attempting to register factory for plugin cuFFT when one has already been registered
2026-05-20 18:43:49.097234: E external/local_xla/xla/stream_executor/cuda/cuda_fft.cc:467] Unable to register cuFFT factory: Attempting to register factory for plugin cuFFT when one has already been registered
2026-05-20 18:43:49.097234: E external/local_xla/xla/stream_executor/cuda/cuda_fft.cc:467] Unable to register cuFFT factory: Attempting to register factory for plugin cuFFT when one has already been registered
WARNING: All log messages before absl::InitializeLog() is called are written to STDERR
WARNING: All log messages before absl::InitializeLog() is called are written to STDERR
WARNING: All log messages before absl::InitializeLog() is called are written to STDERR
E0000 00:00:1779302629.117751      40 cuda_dnn.cc:8579] Unable to register cuDNN factory: Attempting to register factory for plugin cuDNN when one has already been registered
E0000 00:00:1779302629.117750      41 cuda_dnn.cc:8579] Unable to register cuDNN factory: Attempting to register factory for plugin cuDNN when one has already been registered
E0000 00:00:1779302629.117748      39 cuda_dnn.cc:8579] Unable to register cuDNN factory: Attempting to register factory for plugin cuDNN when one has already been registered
WARNING: All log messages before absl::InitializeLog() is called are written to STDERR
E0000 00:00:1779302629.117767      38 cuda_dnn.cc:8579] Unable to register cuDNN factory: Attempting to register factory for plugin cuDNN when one has already been registered
E0000 00:00:1779302629.124444      41 cuda_blas.cc:1407] Unable to register cuBLAS factory: Attempting to register factory for plugin cuBLAS when one has already been registered
E0000 00:00:1779302629.124488      40 cuda_blas.cc:1407] Unable to register cuBLAS factory: Attempting to register factory for plugin cuBLAS when one has already been registered
E0000 00:00:1779302629.124498      38 cuda_blas.cc:1407] Unable to register cuBLAS factory: Attempting to register factory for plugin cuBLAS when one has already been registered
E0000 00:00:1779302629.124509      39 cuda_blas.cc:1407] Unable to register cuBLAS factory: Attempting to register factory for plugin cuBLAS when one has already been registered
W0000 00:00:1779302629.141434      40 computation_placer.cc:177] computation placer already registered. Please check linkage and avoid linking the same target more than once.
W0000 00:00:1779302629.141435      41 computation_placer.cc:177] computation placer already registered. Please check linkage and avoid linking the same target more than once.
W0000 00:00:1779302629.141434      38 computation_placer.cc:177] computation placer already registered. Please check linkage and avoid linking the same target more than once.
W0000 00:00:1779302629.141436      39 computation_placer.cc:177] computation placer already registered. Please check linkage and avoid linking the same target more than once.
W0000 00:00:1779302629.141455      41 computation_placer.cc:177] computation placer already registered. Please check linkage and avoid linking the same target more than once.
W0000 00:00:1779302629.141455      38 computation_placer.cc:177] computation placer already registered. Please check linkage and avoid linking the same target more than once.
W0000 00:00:1779302629.141457      39 computation_placer.cc:177] computation placer already registered. Please check linkage and avoid linking the same target more than once.
W0000 00:00:1779302629.141458      41 computation_placer.cc:177] computation placer already registered. Please check linkage and avoid linking the same target more than once.
W0000 00:00:1779302629.141458      38 computation_placer.cc:177] computation placer already registered. Please check linkage and avoid linking the same target more than once.
W0000 00:00:1779302629.141459      39 computation_placer.cc:177] computation placer already registered. Please check linkage and avoid linking the same target more than once.
W0000 00:00:1779302629.141460      41 computation_placer.cc:177] computation placer already registered. Please check linkage and avoid linking the same target more than once.
W0000 00:00:1779302629.141460      38 computation_placer.cc:177] computation placer already registered. Please check linkage and avoid linking the same target more than once.
W0000 00:00:1779302629.141461      39 computation_placer.cc:177] computation placer already registered. Please check linkage and avoid linking the same target more than once.
W0000 00:00:1779302629.141461      40 computation_placer.cc:177] computation placer already registered. Please check linkage and avoid linking the same target more than once.
W0000 00:00:1779302629.141463      40 computation_placer.cc:177] computation placer already registered. Please check linkage and avoid linking the same target more than once.
W0000 00:00:1779302629.141465      40 computation_placer.cc:177] computation placer already registered. Please check linkage and avoid linking the same target more than once.
W0000 00:00:1779302634.614565      38 gpu_device.cc:2341] Cannot dlopen some GPU libraries. Please make sure the missing libraries mentioned above are installed properly if you would like to use GPU. Follow the guide at https://www.tensorflow.org/install/gpu for how to download and setup the required libraries for your platform.
Skipping registering GPU devices...
W0000 00:00:1779302634.820520      39 gpu_device.cc:2341] Cannot dlopen some GPU libraries. Please make sure the missing libraries mentioned above are installed properly if you would like to use GPU. Follow the guide at https://www.tensorflow.org/install/gpu for how to download and setup the required libraries for your platform.
Skipping registering GPU devices...
W0000 00:00:1779302635.002063      40 gpu_device.cc:2341] Cannot dlopen some GPU libraries. Please make sure the missing libraries mentioned above are installed properly if you would like to use GPU. Follow the guide at https://www.tensorflow.org/install/gpu for how to download and setup the required libraries for your platform.
Skipping registering GPU devices...
W0000 00:00:1779302635.002991      41 gpu_device.cc:2341] Cannot dlopen some GPU libraries. Please make sure the missing libraries mentioned above are installed properly if you would like to use GPU. Follow the guide at https://www.tensorflow.org/install/gpu for how to download and setup the required libraries for your platform.
Skipping registering GPU devices...
/usr/local/lib/python3.11/site-packages/torch/__init__.py:1617: UserWarning: Please use the new API settings to control TF32 behavior, such as torch.backends.cudnn.conv.fp32_precision = 'tf32' or torch.backends.cuda.matmul.fp32_precision = 'ieee'. Old settings, e.g, torch.backends.cuda.matmul.allow_tf32 = True, torch.backends.cudnn.allow_tf32 = True, allowTF32CuDNN() and allowTF32CuBLAS() will be deprecated after Pytorch 2.9. Please see https://pytorch.org/docs/main/notes/cuda.html#tensorfloat-32-tf32-on-ampere-and-later-devices (Triggered internally at /pytorch/aten/src/ATen/Context.cpp:80.)
  _C._set_float32_matmul_precision(precision)
/usr/local/lib/python3.11/site-packages/torch/__init__.py:1617: UserWarning: Please use the new API settings to control TF32 behavior, such as torch.backends.cudnn.conv.fp32_precision = 'tf32' or torch.backends.cuda.matmul.fp32_precision = 'ieee'. Old settings, e.g, torch.backends.cuda.matmul.allow_tf32 = True, torch.backends.cudnn.allow_tf32 = True, allowTF32CuDNN() and allowTF32CuBLAS() will be deprecated after Pytorch 2.9. Please see https://pytorch.org/docs/main/notes/cuda.html#tensorfloat-32-tf32-on-ampere-and-later-devices (Triggered internally at /pytorch/aten/src/ATen/Context.cpp:80.)
  _C._set_float32_matmul_precision(precision)
/usr/local/lib/python3.11/site-packages/torch/__init__.py:1617: UserWarning: Please use the new API settings to control TF32 behavior, such as torch.backends.cudnn.conv.fp32_precision = 'tf32' or torch.backends.cuda.matmul.fp32_precision = 'ieee'. Old settings, e.g, torch.backends.cuda.matmul.allow_tf32 = True, torch.backends.cudnn.allow_tf32 = True, allowTF32CuDNN() and allowTF32CuBLAS() will be deprecated after Pytorch 2.9. Please see https://pytorch.org/docs/main/notes/cuda.html#tensorfloat-32-tf32-on-ampere-and-later-devices (Triggered internally at /pytorch/aten/src/ATen/Context.cpp:80.)
  _C._set_float32_matmul_precision(precision)
/usr/local/lib/python3.11/site-packages/torch/__init__.py:1617: UserWarning: Please use the new API settings to control TF32 behavior, such as torch.backends.cudnn.conv.fp32_precision = 'tf32' or torch.backends.cuda.matmul.fp32_precision = 'ieee'. Old settings, e.g, torch.backends.cuda.matmul.allow_tf32 = True, torch.backends.cudnn.allow_tf32 = True, allowTF32CuDNN() and allowTF32CuBLAS() will be deprecated after Pytorch 2.9. Please see https://pytorch.org/docs/main/notes/cuda.html#tensorfloat-32-tf32-on-ampere-and-later-devices (Triggered internally at /pytorch/aten/src/ATen/Context.cpp:80.)
  _C._set_float32_matmul_precision(precision)
/usr/local/lib/python3.11/site-packages/pydantic/_internal/_generate_schema.py:2249: UnsupportedFieldAttributeWarning: The 'repr' attribute with value False was provided to the `Field()` function, which has no effect in the context it was used. 'repr' is field-specific metadata, and can only be attached to a model field using `Annotated` metadata or by assignment. This may have happened because an `Annotated` type alias using the `type` statement was used, or if the `Field()` function was attached to a single member of a union type.
  warnings.warn(
/usr/local/lib/python3.11/site-packages/pydantic/_internal/_generate_schema.py:2249: UnsupportedFieldAttributeWarning: The 'frozen' attribute with value True was provided to the `Field()` function, which has no effect in the context it was used. 'frozen' is field-specific metadata, and can only be attached to a model field using `Annotated` metadata or by assignment. This may have happened because an `Annotated` type alias using the `type` statement was used, or if the `Field()` function was attached to a single member of a union type.
  warnings.warn(
/usr/local/lib/python3.11/site-packages/pydantic/_internal/_generate_schema.py:2249: UnsupportedFieldAttributeWarning: The 'repr' attribute with value False was provided to the `Field()` function, which has no effect in the context it was used. 'repr' is field-specific metadata, and can only be attached to a model field using `Annotated` metadata or by assignment. This may have happened because an `Annotated` type alias using the `type` statement was used, or if the `Field()` function was attached to a single member of a union type.
  warnings.warn(
/usr/local/lib/python3.11/site-packages/pydantic/_internal/_generate_schema.py:2249: UnsupportedFieldAttributeWarning: The 'frozen' attribute with value True was provided to the `Field()` function, which has no effect in the context it was used. 'frozen' is field-specific metadata, and can only be attached to a model field using `Annotated` metadata or by assignment. This may have happened because an `Annotated` type alias using the `type` statement was used, or if the `Field()` function was attached to a single member of a union type.
  warnings.warn(
/usr/local/lib/python3.11/site-packages/pydantic/_internal/_generate_schema.py:2249: UnsupportedFieldAttributeWarning: The 'repr' attribute with value False was provided to the `Field()` function, which has no effect in the context it was used. 'repr' is field-specific metadata, and can only be attached to a model field using `Annotated` metadata or by assignment. This may have happened because an `Annotated` type alias using the `type` statement was used, or if the `Field()` function was attached to a single member of a union type.
  warnings.warn(
/usr/local/lib/python3.11/site-packages/pydantic/_internal/_generate_schema.py:2249: UnsupportedFieldAttributeWarning: The 'frozen' attribute with value True was provided to the `Field()` function, which has no effect in the context it was used. 'frozen' is field-specific metadata, and can only be attached to a model field using `Annotated` metadata or by assignment. This may have happened because an `Annotated` type alias using the `type` statement was used, or if the `Field()` function was attached to a single member of a union type.
  warnings.warn(
/usr/local/lib/python3.11/site-packages/pydantic/_internal/_generate_schema.py:2249: UnsupportedFieldAttributeWarning: The 'repr' attribute with value False was provided to the `Field()` function, which has no effect in the context it was used. 'repr' is field-specific metadata, and can only be attached to a model field using `Annotated` metadata or by assignment. This may have happened because an `Annotated` type alias using the `type` statement was used, or if the `Field()` function was attached to a single member of a union type.
  warnings.warn(
/usr/local/lib/python3.11/site-packages/pydantic/_internal/_generate_schema.py:2249: UnsupportedFieldAttributeWarning: The 'frozen' attribute with value True was provided to the `Field()` function, which has no effect in the context it was used. 'frozen' is field-specific metadata, and can only be attached to a model field using `Annotated` metadata or by assignment. This may have happened because an `Annotated` type alias using the `type` statement was used, or if the `Field()` function was attached to a single member of a union type.
  warnings.warn(
I0520 18:43:57.649691 140224910918848 logger_utils.py:59] Removing existing experiment directory /experiment_runs/submissions_a100/muon_torch/study_2/imagenet_resnet_pytorch because --overwrite was set.
/usr/local/lib/python3.11/site-packages/torch/distributed/distributed_c10d.py:4876: UserWarning: barrier(): using the device under current context. You can specify `device_id` in `init_process_group` to mute this warning.
  warnings.warn(  # warn only once
[rank0]:[W520 18:43:57.486615797 ProcessGroupNCCL.cpp:5068] Guessing device ID based on global rank. This can cause a hang if rank to GPU mapping is heterogeneous. You can specify device_id in init_process_group()
I0520 18:43:58.705947 140224910918848 logger_utils.py:84] Creating experiment directory at /experiment_runs/submissions_a100/muon_torch/study_2/imagenet_resnet_pytorch.
I0520 18:43:58.705937 139628802766016 logger_utils.py:84] Creating experiment directory at /experiment_runs/submissions_a100/muon_torch/study_2/imagenet_resnet_pytorch.
I0520 18:43:58.705937 140400193004736 logger_utils.py:84] Creating experiment directory at /experiment_runs/submissions_a100/muon_torch/study_2/imagenet_resnet_pytorch.
I0520 18:43:58.705936 139773757490368 logger_utils.py:84] Creating experiment directory at /experiment_runs/submissions_a100/muon_torch/study_2/imagenet_resnet_pytorch.
I0520 18:44:00.134565 140224910918848 submission_runner.py:741] Creating directory at /experiment_runs/submissions_a100/muon_torch/study_2/imagenet_resnet_pytorch/trial_1.
I0520 18:44:00.473155 140224910918848 submission_runner.py:242] Initializing dataset.
I0520 18:44:15.770202 140224910918848 submission_runner.py:251] Initializing model.
I0520 18:44:16.221634 140224910918848 submission_runner.py:290] Performing `torch.compile`.
I0520 18:44:16.223722 140224910918848 submission_runner.py:294] Initializing optimizer.
I0520 18:44:16.224059 139628802766016 muon.py:324] Muon params:
	_orig_mod.module.conv1.weight (ndim=4)
	_orig_mod.module.layer1.0.conv1.weight (ndim=4)
	_orig_mod.module.layer1.0.conv2.weight (ndim=4)
	_orig_mod.module.layer1.0.conv3.weight (ndim=4)
	_orig_mod.module.layer1.0.downsample.conv.weight (ndim=4)
	_orig_mod.module.layer1.1.conv1.weight (ndim=4)
	_orig_mod.module.layer1.1.conv2.weight (ndim=4)
	_orig_mod.module.layer1.1.conv3.weight (ndim=4)
	_orig_mod.module.layer1.2.conv1.weight (ndim=4)
	_orig_mod.module.layer1.2.conv2.weight (ndim=4)
	_orig_mod.module.layer1.2.conv3.weight (ndim=4)
	_orig_mod.module.layer2.0.conv1.weight (ndim=4)
	_orig_mod.module.layer2.0.conv2.weight (ndim=4)
	_orig_mod.module.layer2.0.conv3.weight (ndim=4)
	_orig_mod.module.layer2.0.downsample.conv.weight (ndim=4)
	_orig_mod.module.layer2.1.conv1.weight (ndim=4)
	_orig_mod.module.layer2.1.conv2.weight (ndim=4)
	_orig_mod.module.layer2.1.conv3.weight (ndim=4)
	_orig_mod.module.layer2.2.conv1.weight (ndim=4)
	_orig_mod.module.layer2.2.conv2.weight (ndim=4)
	_orig_mod.module.layer2.2.conv3.weight (ndim=4)
	_orig_mod.module.layer2.3.conv1.weight (ndim=4)
	_orig_mod.module.layer2.3.conv2.weight (ndim=4)
	_orig_mod.module.layer2.3.conv3.weight (ndim=4)
	_orig_mod.module.layer3.0.conv1.weight (ndim=4)
	_orig_mod.module.layer3.0.conv2.weight (ndim=4)
	_orig_mod.module.layer3.0.conv3.weight (ndim=4)
	_orig_mod.module.layer3.0.downsample.conv.weight (ndim=4)
	_orig_mod.module.layer3.1.conv1.weight (ndim=4)
	_orig_mod.module.layer3.1.conv2.weight (ndim=4)
	_orig_mod.module.layer3.1.conv3.weight (ndim=4)
	_orig_mod.module.layer3.2.conv1.weight (ndim=4)
	_orig_mod.module.layer3.2.conv2.weight (ndim=4)
	_orig_mod.module.layer3.2.conv3.weight (ndim=4)
	_orig_mod.module.layer3.3.conv1.weight (ndim=4)
	_orig_mod.module.layer3.3.conv2.weight (ndim=4)
	_orig_mod.module.layer3.3.conv3.weight (ndim=4)
	_orig_mod.module.layer3.4.conv1.weight (ndim=4)
	_orig_mod.module.layer3.4.conv2.weight (ndim=4)
	_orig_mod.module.layer3.4.conv3.weight (ndim=4)
	_orig_mod.module.layer3.5.conv1.weight (ndim=4)
	_orig_mod.module.layer3.5.conv2.weight (ndim=4)
	_orig_mod.module.layer3.5.conv3.weight (ndim=4)
	_orig_mod.module.layer4.0.conv1.weight (ndim=4)
	_orig_mod.module.layer4.0.conv2.weight (ndim=4)
	_orig_mod.module.layer4.0.conv3.weight (ndim=4)
	_orig_mod.module.layer4.0.downsample.conv.weight (ndim=4)
	_orig_mod.module.layer4.1.conv1.weight (ndim=4)
	_orig_mod.module.layer4.1.conv2.weight (ndim=4)
	_orig_mod.module.layer4.1.conv3.weight (ndim=4)
	_orig_mod.module.layer4.2.conv1.weight (ndim=4)
	_orig_mod.module.layer4.2.conv2.weight (ndim=4)
	_orig_mod.module.layer4.2.conv3.weight (ndim=4)
	_orig_mod.module.fc.weight (ndim=2)
I0520 18:44:16.224219 139628802766016 muon.py:325] Adam params:
	_orig_mod.module.bn1.weight (ndim=1)
	_orig_mod.module.bn1.bias (ndim=1)
	_orig_mod.module.layer1.0.bn1.weight (ndim=1)
	_orig_mod.module.layer1.0.bn1.bias (ndim=1)
	_orig_mod.module.layer1.0.bn2.weight (ndim=1)
	_orig_mod.module.layer1.0.bn2.bias (ndim=1)
	_orig_mod.module.layer1.0.bn3.weight (ndim=1)
	_orig_mod.module.layer1.0.bn3.bias (ndim=1)
	_orig_mod.module.layer1.0.downsample.bn.weight (ndim=1)
	_orig_mod.module.layer1.0.downsample.bn.bias (ndim=1)
	_orig_mod.module.layer1.1.bn1.weight (ndim=1)
	_orig_mod.module.layer1.1.bn1.bias (ndim=1)
	_orig_mod.module.layer1.1.bn2.weight (ndim=1)
	_orig_mod.module.layer1.1.bn2.bias (ndim=1)
	_orig_mod.module.layer1.1.bn3.weight (ndim=1)
	_orig_mod.module.layer1.1.bn3.bias (ndim=1)
	_orig_mod.module.layer1.2.bn1.weight (ndim=1)
	_orig_mod.module.layer1.2.bn1.bias (ndim=1)
	_orig_mod.module.layer1.2.bn2.weight (ndim=1)
	_orig_mod.module.layer1.2.bn2.bias (ndim=1)
	_orig_mod.module.layer1.2.bn3.weight (ndim=1)
	_orig_mod.module.layer1.2.bn3.bias (ndim=1)
	_orig_mod.module.layer2.0.bn1.weight (ndim=1)
	_orig_mod.module.layer2.0.bn1.bias (ndim=1)
	_orig_mod.module.layer2.0.bn2.weight (ndim=1)
	_orig_mod.module.layer2.0.bn2.bias (ndim=1)
	_orig_mod.module.layer2.0.bn3.weight (ndim=1)
	_orig_mod.module.layer2.0.bn3.bias (ndim=1)
	_orig_mod.module.layer2.0.downsample.bn.weight (ndim=1)
	_orig_mod.module.layer2.0.downsample.bn.bias (ndim=1)
	_orig_mod.module.layer2.1.bn1.weight (ndim=1)
	_orig_mod.module.layer2.1.bn1.bias (ndim=1)
	_orig_mod.module.layer2.1.bn2.weight (ndim=1)
	_orig_mod.module.layer2.1.bn2.bias (ndim=1)
	_orig_mod.module.layer2.1.bn3.weight (ndim=1)
	_orig_mod.module.layer2.1.bn3.bias (ndim=1)
	_orig_mod.module.layer2.2.bn1.weight (ndim=1)
	_orig_mod.module.layer2.2.bn1.bias (ndim=1)
	_orig_mod.module.layer2.2.bn2.weight (ndim=1)
	_orig_mod.module.layer2.2.bn2.bias (ndim=1)
	_orig_mod.module.layer2.2.bn3.weight (ndim=1)
	_orig_mod.module.layer2.2.bn3.bias (ndim=1)
	_orig_mod.module.layer2.3.bn1.weight (ndim=1)
	_orig_mod.module.layer2.3.bn1.bias (ndim=1)
	_orig_mod.module.layer2.3.bn2.weight (ndim=1)
	_orig_mod.module.layer2.3.bn2.bias (ndim=1)
	_orig_mod.module.layer2.3.bn3.weight (ndim=1)
	_orig_mod.module.layer2.3.bn3.bias (ndim=1)
	_orig_mod.module.layer3.0.bn1.weight (ndim=1)
	_orig_mod.module.layer3.0.bn1.bias (ndim=1)
	_orig_mod.module.layer3.0.bn2.weight (ndim=1)
	_orig_mod.module.layer3.0.bn2.bias (ndim=1)
	_orig_mod.module.layer3.0.bn3.weight (ndim=1)
	_orig_mod.module.layer3.0.bn3.bias (ndim=1)
	_orig_mod.module.layer3.0.downsample.bn.weight (ndim=1)
	_orig_mod.module.layer3.0.downsample.bn.bias (ndim=1)
	_orig_mod.module.layer3.1.bn1.weight (ndim=1)
	_orig_mod.module.layer3.1.bn1.bias (ndim=1)
	_orig_mod.module.layer3.1.bn2.weight (ndim=1)
	_orig_mod.module.layer3.1.bn2.bias (ndim=1)
	_orig_mod.module.layer3.1.bn3.weight (ndim=1)
	_orig_mod.module.layer3.1.bn3.bias (ndim=1)
	_orig_mod.module.layer3.2.bn1.weight (ndim=1)
	_orig_mod.module.layer3.2.bn1.bias (ndim=1)
	_orig_mod.module.layer3.2.bn2.weight (ndim=1)
	_orig_mod.module.layer3.2.bn2.bias (ndim=1)
	_orig_mod.module.layer3.2.bn3.weight (ndim=1)
	_orig_mod.module.layer3.2.bn3.bias (ndim=1)
	_orig_mod.module.layer3.3.bn1.weight (ndim=1)
	_orig_mod.module.layer3.3.bn1.bias (ndim=1)
	_orig_mod.module.layer3.3.bn2.weight (ndim=1)
	_orig_mod.module.layer3.3.bn2.bias (ndim=1)
	_orig_mod.module.layer3.3.bn3.weight (ndim=1)
	_orig_mod.module.layer3.3.bn3.bias (ndim=1)
	_orig_mod.module.layer3.4.bn1.weight (ndim=1)
	_orig_mod.module.layer3.4.bn1.bias (ndim=1)
	_orig_mod.module.layer3.4.bn2.weight (ndim=1)
	_orig_mod.module.layer3.4.bn2.bias (ndim=1)
	_orig_mod.module.layer3.4.bn3.weight (ndim=1)
	_orig_mod.module.layer3.4.bn3.bias (ndim=1)
	_orig_mod.module.layer3.5.bn1.weight (ndim=1)
	_orig_mod.module.layer3.5.bn1.bias (ndim=1)
	_orig_mod.module.layer3.5.bn2.weight (ndim=1)
	_orig_mod.module.layer3.5.bn2.bias (ndim=1)
	_orig_mod.module.layer3.5.bn3.weight (ndim=1)
	_orig_mod.module.layer3.5.bn3.bias (ndim=1)
	_orig_mod.module.layer4.0.bn1.weight (ndim=1)
	_orig_mod.module.layer4.0.bn1.bias (ndim=1)
	_orig_mod.module.layer4.0.bn2.weight (ndim=1)
	_orig_mod.module.layer4.0.bn2.bias (ndim=1)
	_orig_mod.module.layer4.0.bn3.weight (ndim=1)
	_orig_mod.module.layer4.0.bn3.bias (ndim=1)
	_orig_mod.module.layer4.0.downsample.bn.weight (ndim=1)
	_orig_mod.module.layer4.0.downsample.bn.bias (ndim=1)
	_orig_mod.module.layer4.1.bn1.weight (ndim=1)
	_orig_mod.module.layer4.1.bn1.bias (ndim=1)
	_orig_mod.module.layer4.1.bn2.weight (ndim=1)
	_orig_mod.module.layer4.1.bn2.bias (ndim=1)
	_orig_mod.module.layer4.1.bn3.weight (ndim=1)
	_orig_mod.module.layer4.1.bn3.bias (ndim=1)
	_orig_mod.module.layer4.2.bn1.weight (ndim=1)
	_orig_mod.module.layer4.2.bn1.bias (ndim=1)
	_orig_mod.module.layer4.2.bn2.weight (ndim=1)
	_orig_mod.module.layer4.2.bn2.bias (ndim=1)
	_orig_mod.module.layer4.2.bn3.weight (ndim=1)
	_orig_mod.module.layer4.2.bn3.bias (ndim=1)
	_orig_mod.module.fc.bias (ndim=1)
I0520 18:44:16.224311 140224910918848 muon.py:324] Muon params:
	_orig_mod.module.conv1.weight (ndim=4)
	_orig_mod.module.layer1.0.conv1.weight (ndim=4)
	_orig_mod.module.layer1.0.conv2.weight (ndim=4)
	_orig_mod.module.layer1.0.conv3.weight (ndim=4)
	_orig_mod.module.layer1.0.downsample.conv.weight (ndim=4)
	_orig_mod.module.layer1.1.conv1.weight (ndim=4)
	_orig_mod.module.layer1.1.conv2.weight (ndim=4)
	_orig_mod.module.layer1.1.conv3.weight (ndim=4)
	_orig_mod.module.layer1.2.conv1.weight (ndim=4)
	_orig_mod.module.layer1.2.conv2.weight (ndim=4)
	_orig_mod.module.layer1.2.conv3.weight (ndim=4)
	_orig_mod.module.layer2.0.conv1.weight (ndim=4)
	_orig_mod.module.layer2.0.conv2.weight (ndim=4)
	_orig_mod.module.layer2.0.conv3.weight (ndim=4)
	_orig_mod.module.layer2.0.downsample.conv.weight (ndim=4)
	_orig_mod.module.layer2.1.conv1.weight (ndim=4)
	_orig_mod.module.layer2.1.conv2.weight (ndim=4)
	_orig_mod.module.layer2.1.conv3.weight (ndim=4)
	_orig_mod.module.layer2.2.conv1.weight (ndim=4)
	_orig_mod.module.layer2.2.conv2.weight (ndim=4)
	_orig_mod.module.layer2.2.conv3.weight (ndim=4)
	_orig_mod.module.layer2.3.conv1.weight (ndim=4)
	_orig_mod.module.layer2.3.conv2.weight (ndim=4)
	_orig_mod.module.layer2.3.conv3.weight (ndim=4)
	_orig_mod.module.layer3.0.conv1.weight (ndim=4)
	_orig_mod.module.layer3.0.conv2.weight (ndim=4)
	_orig_mod.module.layer3.0.conv3.weight (ndim=4)
	_orig_mod.module.layer3.0.downsample.conv.weight (ndim=4)
	_orig_mod.module.layer3.1.conv1.weight (ndim=4)
	_orig_mod.module.layer3.1.conv2.weight (ndim=4)
	_orig_mod.module.layer3.1.conv3.weight (ndim=4)
	_orig_mod.module.layer3.2.conv1.weight (ndim=4)
	_orig_mod.module.layer3.2.conv2.weight (ndim=4)
	_orig_mod.module.layer3.2.conv3.weight (ndim=4)
	_orig_mod.module.layer3.3.conv1.weight (ndim=4)
	_orig_mod.module.layer3.3.conv2.weight (ndim=4)
	_orig_mod.module.layer3.3.conv3.weight (ndim=4)
	_orig_mod.module.layer3.4.conv1.weight (ndim=4)
	_orig_mod.module.layer3.4.conv2.weight (ndim=4)
	_orig_mod.module.layer3.4.conv3.weight (ndim=4)
	_orig_mod.module.layer3.5.conv1.weight (ndim=4)
	_orig_mod.module.layer3.5.conv2.weight (ndim=4)
	_orig_mod.module.layer3.5.conv3.weight (ndim=4)
	_orig_mod.module.layer4.0.conv1.weight (ndim=4)
	_orig_mod.module.layer4.0.conv2.weight (ndim=4)
	_orig_mod.module.layer4.0.conv3.weight (ndim=4)
	_orig_mod.module.layer4.0.downsample.conv.weight (ndim=4)
	_orig_mod.module.layer4.1.conv1.weight (ndim=4)
	_orig_mod.module.layer4.1.conv2.weight (ndim=4)
	_orig_mod.module.layer4.1.conv3.weight (ndim=4)
	_orig_mod.module.layer4.2.conv1.weight (ndim=4)
	_orig_mod.module.layer4.2.conv2.weight (ndim=4)
	_orig_mod.module.layer4.2.conv3.weight (ndim=4)
	_orig_mod.module.fc.weight (ndim=2)
I0520 18:44:16.224396 140224910918848 muon.py:325] Adam params:
	_orig_mod.module.bn1.weight (ndim=1)
	_orig_mod.module.bn1.bias (ndim=1)
	_orig_mod.module.layer1.0.bn1.weight (ndim=1)
	_orig_mod.module.layer1.0.bn1.bias (ndim=1)
	_orig_mod.module.layer1.0.bn2.weight (ndim=1)
	_orig_mod.module.layer1.0.bn2.bias (ndim=1)
	_orig_mod.module.layer1.0.bn3.weight (ndim=1)
	_orig_mod.module.layer1.0.bn3.bias (ndim=1)
	_orig_mod.module.layer1.0.downsample.bn.weight (ndim=1)
	_orig_mod.module.layer1.0.downsample.bn.bias (ndim=1)
	_orig_mod.module.layer1.1.bn1.weight (ndim=1)
	_orig_mod.module.layer1.1.bn1.bias (ndim=1)
	_orig_mod.module.layer1.1.bn2.weight (ndim=1)
	_orig_mod.module.layer1.1.bn2.bias (ndim=1)
	_orig_mod.module.layer1.1.bn3.weight (ndim=1)
	_orig_mod.module.layer1.1.bn3.bias (ndim=1)
	_orig_mod.module.layer1.2.bn1.weight (ndim=1)
	_orig_mod.module.layer1.2.bn1.bias (ndim=1)
	_orig_mod.module.layer1.2.bn2.weight (ndim=1)
	_orig_mod.module.layer1.2.bn2.bias (ndim=1)
	_orig_mod.module.layer1.2.bn3.weight (ndim=1)
	_orig_mod.module.layer1.2.bn3.bias (ndim=1)
	_orig_mod.module.layer2.0.bn1.weight (ndim=1)
	_orig_mod.module.layer2.0.bn1.bias (ndim=1)
	_orig_mod.module.layer2.0.bn2.weight (ndim=1)
	_orig_mod.module.layer2.0.bn2.bias (ndim=1)
	_orig_mod.module.layer2.0.bn3.weight (ndim=1)
	_orig_mod.module.layer2.0.bn3.bias (ndim=1)
	_orig_mod.module.layer2.0.downsample.bn.weight (ndim=1)
	_orig_mod.module.layer2.0.downsample.bn.bias (ndim=1)
	_orig_mod.module.layer2.1.bn1.weight (ndim=1)
	_orig_mod.module.layer2.1.bn1.bias (ndim=1)
	_orig_mod.module.layer2.1.bn2.weight (ndim=1)
	_orig_mod.module.layer2.1.bn2.bias (ndim=1)
	_orig_mod.module.layer2.1.bn3.weight (ndim=1)
	_orig_mod.module.layer2.1.bn3.bias (ndim=1)
	_orig_mod.module.layer2.2.bn1.weight (ndim=1)
	_orig_mod.module.layer2.2.bn1.bias (ndim=1)
	_orig_mod.module.layer2.2.bn2.weight (ndim=1)
	_orig_mod.module.layer2.2.bn2.bias (ndim=1)
	_orig_mod.module.layer2.2.bn3.weight (ndim=1)
	_orig_mod.module.layer2.2.bn3.bias (ndim=1)
	_orig_mod.module.layer2.3.bn1.weight (ndim=1)
	_orig_mod.module.layer2.3.bn1.bias (ndim=1)
	_orig_mod.module.layer2.3.bn2.weight (ndim=1)
	_orig_mod.module.layer2.3.bn2.bias (ndim=1)
	_orig_mod.module.layer2.3.bn3.weight (ndim=1)
	_orig_mod.module.layer2.3.bn3.bias (ndim=1)
	_orig_mod.module.layer3.0.bn1.weight (ndim=1)
	_orig_mod.module.layer3.0.bn1.bias (ndim=1)
	_orig_mod.module.layer3.0.bn2.weight (ndim=1)
	_orig_mod.module.layer3.0.bn2.bias (ndim=1)
	_orig_mod.module.layer3.0.bn3.weight (ndim=1)
	_orig_mod.module.layer3.0.bn3.bias (ndim=1)
	_orig_mod.module.layer3.0.downsample.bn.weight (ndim=1)
	_orig_mod.module.layer3.0.downsample.bn.bias (ndim=1)
	_orig_mod.module.layer3.1.bn1.weight (ndim=1)
	_orig_mod.module.layer3.1.bn1.bias (ndim=1)
	_orig_mod.module.layer3.1.bn2.weight (ndim=1)
	_orig_mod.module.layer3.1.bn2.bias (ndim=1)
	_orig_mod.module.layer3.1.bn3.weight (ndim=1)
	_orig_mod.module.layer3.1.bn3.bias (ndim=1)
	_orig_mod.module.layer3.2.bn1.weight (ndim=1)
	_orig_mod.module.layer3.2.bn1.bias (ndim=1)
	_orig_mod.module.layer3.2.bn2.weight (ndim=1)
	_orig_mod.module.layer3.2.bn2.bias (ndim=1)
	_orig_mod.module.layer3.2.bn3.weight (ndim=1)
	_orig_mod.module.layer3.2.bn3.bias (ndim=1)
	_orig_mod.module.layer3.3.bn1.weight (ndim=1)
	_orig_mod.module.layer3.3.bn1.bias (ndim=1)
	_orig_mod.module.layer3.3.bn2.weight (ndim=1)
	_orig_mod.module.layer3.3.bn2.bias (ndim=1)
	_orig_mod.module.layer3.3.bn3.weight (ndim=1)
	_orig_mod.module.layer3.3.bn3.bias (ndim=1)
	_orig_mod.module.layer3.4.bn1.weight (ndim=1)
	_orig_mod.module.layer3.4.bn1.bias (ndim=1)
	_orig_mod.module.layer3.4.bn2.weight (ndim=1)
	_orig_mod.module.layer3.4.bn2.bias (ndim=1)
	_orig_mod.module.layer3.4.bn3.weight (ndim=1)
	_orig_mod.module.layer3.4.bn3.bias (ndim=1)
	_orig_mod.module.layer3.5.bn1.weight (ndim=1)
	_orig_mod.module.layer3.5.bn1.bias (ndim=1)
	_orig_mod.module.layer3.5.bn2.weight (ndim=1)
	_orig_mod.module.layer3.5.bn2.bias (ndim=1)
	_orig_mod.module.layer3.5.bn3.weight (ndim=1)
	_orig_mod.module.layer3.5.bn3.bias (ndim=1)
	_orig_mod.module.layer4.0.bn1.weight (ndim=1)
	_orig_mod.module.layer4.0.bn1.bias (ndim=1)
	_orig_mod.module.layer4.0.bn2.weight (ndim=1)
	_orig_mod.module.layer4.0.bn2.bias (ndim=1)
	_orig_mod.module.layer4.0.bn3.weight (ndim=1)
	_orig_mod.module.layer4.0.bn3.bias (ndim=1)
	_orig_mod.module.layer4.0.downsample.bn.weight (ndim=1)
	_orig_mod.module.layer4.0.downsample.bn.bias (ndim=1)
	_orig_mod.module.layer4.1.bn1.weight (ndim=1)
	_orig_mod.module.layer4.1.bn1.bias (ndim=1)
	_orig_mod.module.layer4.1.bn2.weight (ndim=1)
	_orig_mod.module.layer4.1.bn2.bias (ndim=1)
	_orig_mod.module.layer4.1.bn3.weight (ndim=1)
	_orig_mod.module.layer4.1.bn3.bias (ndim=1)
	_orig_mod.module.layer4.2.bn1.weight (ndim=1)
	_orig_mod.module.layer4.2.bn1.bias (ndim=1)
	_orig_mod.module.layer4.2.bn2.weight (ndim=1)
	_orig_mod.module.layer4.2.bn2.bias (ndim=1)
	_orig_mod.module.layer4.2.bn3.weight (ndim=1)
	_orig_mod.module.layer4.2.bn3.bias (ndim=1)
	_orig_mod.module.fc.bias (ndim=1)
[rank1]: Traceback (most recent call last):
[rank1]:   File "/algorithmic-efficiency/submission_runner.py", line 873, in <module>
[rank1]:     app.run(main)
[rank1]:   File "/usr/local/lib/python3.11/site-packages/absl/app.py", line 308, in run
[rank1]:     _run_main(main, args)
[rank1]:   File "/usr/local/lib/python3.11/site-packages/absl/app.py", line 254, in _run_main
[rank1]:     sys.exit(main(argv))
[rank1]:              ^^^^^^^^^^
[rank1]:   File "/algorithmic-efficiency/submission_runner.py", line 838, in main
[rank1]:     score = score_submission_on_workload(
[rank1]:             ^^^^^^^^^^^^^^^^^^^^^^^^^^^^^
[rank1]:   File "/algorithmic-efficiency/submission_runner.py", line 747, in score_submission_on_workload
[rank1]:     score, _ = train_once(
[rank1]:                ^^^^^^^^^^^
[rank1]:   File "/algorithmic-efficiency/submission_runner.py", line 296, in train_once
[rank1]:     optimizer_state = init_optimizer_state(
[rank1]:                       ^^^^^^^^^^^^^^^^^^^^^
[rank1]:   File "/algorithmic-efficiency/submissions_algorithms/submissions/self_tuning/muon_torch/submission.py", line 73, in init_optimizer_state
[rank1]:     lr=hyperparameters.learning_rate,  # shared
[rank1]:        ^^^^^^^^^^^^^^^^^^^^^^^^^^^^^
[rank1]: AttributeError: 'NoneType' object has no attribute 'learning_rate'
I0520 18:44:16.225550 139773757490368 muon.py:324] Muon params:
	_orig_mod.module.conv1.weight (ndim=4)
	_orig_mod.module.layer1.0.conv1.weight (ndim=4)
	_orig_mod.module.layer1.0.conv2.weight (ndim=4)
	_orig_mod.module.layer1.0.conv3.weight (ndim=4)
	_orig_mod.module.layer1.0.downsample.conv.weight (ndim=4)
	_orig_mod.module.layer1.1.conv1.weight (ndim=4)
	_orig_mod.module.layer1.1.conv2.weight (ndim=4)
	_orig_mod.module.layer1.1.conv3.weight (ndim=4)
	_orig_mod.module.layer1.2.conv1.weight (ndim=4)
	_orig_mod.module.layer1.2.conv2.weight (ndim=4)
	_orig_mod.module.layer1.2.conv3.weight (ndim=4)
	_orig_mod.module.layer2.0.conv1.weight (ndim=4)
	_orig_mod.module.layer2.0.conv2.weight (ndim=4)
	_orig_mod.module.layer2.0.conv3.weight (ndim=4)
	_orig_mod.module.layer2.0.downsample.conv.weight (ndim=4)
	_orig_mod.module.layer2.1.conv1.weight (ndim=4)
	_orig_mod.module.layer2.1.conv2.weight (ndim=4)
	_orig_mod.module.layer2.1.conv3.weight (ndim=4)
	_orig_mod.module.layer2.2.conv1.weight (ndim=4)
	_orig_mod.module.layer2.2.conv2.weight (ndim=4)
	_orig_mod.module.layer2.2.conv3.weight (ndim=4)
	_orig_mod.module.layer2.3.conv1.weight (ndim=4)
	_orig_mod.module.layer2.3.conv2.weight (ndim=4)
	_orig_mod.module.layer2.3.conv3.weight (ndim=4)
	_orig_mod.module.layer3.0.conv1.weight (ndim=4)
	_orig_mod.module.layer3.0.conv2.weight (ndim=4)
	_orig_mod.module.layer3.0.conv3.weight (ndim=4)
	_orig_mod.module.layer3.0.downsample.conv.weight (ndim=4)
	_orig_mod.module.layer3.1.conv1.weight (ndim=4)
	_orig_mod.module.layer3.1.conv2.weight (ndim=4)
	_orig_mod.module.layer3.1.conv3.weight (ndim=4)
	_orig_mod.module.layer3.2.conv1.weight (ndim=4)
	_orig_mod.module.layer3.2.conv2.weight (ndim=4)
	_orig_mod.module.layer3.2.conv3.weight (ndim=4)
	_orig_mod.module.layer3.3.conv1.weight (ndim=4)
	_orig_mod.module.layer3.3.conv2.weight (ndim=4)
	_orig_mod.module.layer3.3.conv3.weight (ndim=4)
	_orig_mod.module.layer3.4.conv1.weight (ndim=4)
	_orig_mod.module.layer3.4.conv2.weight (ndim=4)
	_orig_mod.module.layer3.4.conv3.weight (ndim=4)
	_orig_mod.module.layer3.5.conv1.weight (ndim=4)
	_orig_mod.module.layer3.5.conv2.weight (ndim=4)
	_orig_mod.module.layer3.5.conv3.weight (ndim=4)
	_orig_mod.module.layer4.0.conv1.weight (ndim=4)
	_orig_mod.module.layer4.0.conv2.weight (ndim=4)
	_orig_mod.module.layer4.0.conv3.weight (ndim=4)
	_orig_mod.module.layer4.0.downsample.conv.weight (ndim=4)
	_orig_mod.module.layer4.1.conv1.weight (ndim=4)
	_orig_mod.module.layer4.1.conv2.weight (ndim=4)
	_orig_mod.module.layer4.1.conv3.weight (ndim=4)
	_orig_mod.module.layer4.2.conv1.weight (ndim=4)
	_orig_mod.module.layer4.2.conv2.weight (ndim=4)
	_orig_mod.module.layer4.2.conv3.weight (ndim=4)
	_orig_mod.module.fc.weight (ndim=2)
[rank0]: Traceback (most recent call last):
[rank0]:   File "/algorithmic-efficiency/submission_runner.py", line 873, in <module>
[rank0]:     app.run(main)
[rank0]:   File "/usr/local/lib/python3.11/site-packages/absl/app.py", line 308, in run
[rank0]:     _run_main(main, args)
[rank0]:   File "/usr/local/lib/python3.11/site-packages/absl/app.py", line 254, in _run_main
[rank0]:     sys.exit(main(argv))
[rank0]:              ^^^^^^^^^^
[rank0]:   File "/algorithmic-efficiency/submission_runner.py", line 838, in main
[rank0]:     score = score_submission_on_workload(
[rank0]:             ^^^^^^^^^^^^^^^^^^^^^^^^^^^^^
[rank0]:   File "/algorithmic-efficiency/submission_runner.py", line 747, in score_submission_on_workload
[rank0]:     score, _ = train_once(
[rank0]:                ^^^^^^^^^^^
[rank0]:   File "/algorithmic-efficiency/submission_runner.py", line 296, in train_once
[rank0]:     optimizer_state = init_optimizer_state(
[rank0]:                       ^^^^^^^^^^^^^^^^^^^^^
[rank0]:   File "/algorithmic-efficiency/submissions_algorithms/submissions/self_tuning/muon_torch/submission.py", line 73, in init_optimizer_state
[rank0]:     lr=hyperparameters.learning_rate,  # shared
[rank0]:        ^^^^^^^^^^^^^^^^^^^^^^^^^^^^^
[rank0]: AttributeError: 'NoneType' object has no attribute 'learning_rate'
I0520 18:44:16.225717 139773757490368 muon.py:325] Adam params:
	_orig_mod.module.bn1.weight (ndim=1)
	_orig_mod.module.bn1.bias (ndim=1)
	_orig_mod.module.layer1.0.bn1.weight (ndim=1)
	_orig_mod.module.layer1.0.bn1.bias (ndim=1)
	_orig_mod.module.layer1.0.bn2.weight (ndim=1)
	_orig_mod.module.layer1.0.bn2.bias (ndim=1)
	_orig_mod.module.layer1.0.bn3.weight (ndim=1)
	_orig_mod.module.layer1.0.bn3.bias (ndim=1)
	_orig_mod.module.layer1.0.downsample.bn.weight (ndim=1)
	_orig_mod.module.layer1.0.downsample.bn.bias (ndim=1)
	_orig_mod.module.layer1.1.bn1.weight (ndim=1)
	_orig_mod.module.layer1.1.bn1.bias (ndim=1)
	_orig_mod.module.layer1.1.bn2.weight (ndim=1)
	_orig_mod.module.layer1.1.bn2.bias (ndim=1)
	_orig_mod.module.layer1.1.bn3.weight (ndim=1)
	_orig_mod.module.layer1.1.bn3.bias (ndim=1)
	_orig_mod.module.layer1.2.bn1.weight (ndim=1)
	_orig_mod.module.layer1.2.bn1.bias (ndim=1)
	_orig_mod.module.layer1.2.bn2.weight (ndim=1)
	_orig_mod.module.layer1.2.bn2.bias (ndim=1)
	_orig_mod.module.layer1.2.bn3.weight (ndim=1)
	_orig_mod.module.layer1.2.bn3.bias (ndim=1)
	_orig_mod.module.layer2.0.bn1.weight (ndim=1)
	_orig_mod.module.layer2.0.bn1.bias (ndim=1)
	_orig_mod.module.layer2.0.bn2.weight (ndim=1)
	_orig_mod.module.layer2.0.bn2.bias (ndim=1)
	_orig_mod.module.layer2.0.bn3.weight (ndim=1)
	_orig_mod.module.layer2.0.bn3.bias (ndim=1)
	_orig_mod.module.layer2.0.downsample.bn.weight (ndim=1)
	_orig_mod.module.layer2.0.downsample.bn.bias (ndim=1)
	_orig_mod.module.layer2.1.bn1.weight (ndim=1)
	_orig_mod.module.layer2.1.bn1.bias (ndim=1)
	_orig_mod.module.layer2.1.bn2.weight (ndim=1)
	_orig_mod.module.layer2.1.bn2.bias (ndim=1)
	_orig_mod.module.layer2.1.bn3.weight (ndim=1)
	_orig_mod.module.layer2.1.bn3.bias (ndim=1)
	_orig_mod.module.layer2.2.bn1.weight (ndim=1)
	_orig_mod.module.layer2.2.bn1.bias (ndim=1)
	_orig_mod.module.layer2.2.bn2.weight (ndim=1)
	_orig_mod.module.layer2.2.bn2.bias (ndim=1)
	_orig_mod.module.layer2.2.bn3.weight (ndim=1)
	_orig_mod.module.layer2.2.bn3.bias (ndim=1)
	_orig_mod.module.layer2.3.bn1.weight (ndim=1)
	_orig_mod.module.layer2.3.bn1.bias (ndim=1)
	_orig_mod.module.layer2.3.bn2.weight (ndim=1)
	_orig_mod.module.layer2.3.bn2.bias (ndim=1)
	_orig_mod.module.layer2.3.bn3.weight (ndim=1)
	_orig_mod.module.layer2.3.bn3.bias (ndim=1)
	_orig_mod.module.layer3.0.bn1.weight (ndim=1)
	_orig_mod.module.layer3.0.bn1.bias (ndim=1)
	_orig_mod.module.layer3.0.bn2.weight (ndim=1)
	_orig_mod.module.layer3.0.bn2.bias (ndim=1)
	_orig_mod.module.layer3.0.bn3.weight (ndim=1)
	_orig_mod.module.layer3.0.bn3.bias (ndim=1)
	_orig_mod.module.layer3.0.downsample.bn.weight (ndim=1)
	_orig_mod.module.layer3.0.downsample.bn.bias (ndim=1)
	_orig_mod.module.layer3.1.bn1.weight (ndim=1)
	_orig_mod.module.layer3.1.bn1.bias (ndim=1)
	_orig_mod.module.layer3.1.bn2.weight (ndim=1)
	_orig_mod.module.layer3.1.bn2.bias (ndim=1)
	_orig_mod.module.layer3.1.bn3.weight (ndim=1)
	_orig_mod.module.layer3.1.bn3.bias (ndim=1)
	_orig_mod.module.layer3.2.bn1.weight (ndim=1)
	_orig_mod.module.layer3.2.bn1.bias (ndim=1)
	_orig_mod.module.layer3.2.bn2.weight (ndim=1)
	_orig_mod.module.layer3.2.bn2.bias (ndim=1)
	_orig_mod.module.layer3.2.bn3.weight (ndim=1)
	_orig_mod.module.layer3.2.bn3.bias (ndim=1)
	_orig_mod.module.layer3.3.bn1.weight (ndim=1)
	_orig_mod.module.layer3.3.bn1.bias (ndim=1)
	_orig_mod.module.layer3.3.bn2.weight (ndim=1)
	_orig_mod.module.layer3.3.bn2.bias (ndim=1)
	_orig_mod.module.layer3.3.bn3.weight (ndim=1)
	_orig_mod.module.layer3.3.bn3.bias (ndim=1)
	_orig_mod.module.layer3.4.bn1.weight (ndim=1)
	_orig_mod.module.layer3.4.bn1.bias (ndim=1)
	_orig_mod.module.layer3.4.bn2.weight (ndim=1)
	_orig_mod.module.layer3.4.bn2.bias (ndim=1)
	_orig_mod.module.layer3.4.bn3.weight (ndim=1)
	_orig_mod.module.layer3.4.bn3.bias (ndim=1)
	_orig_mod.module.layer3.5.bn1.weight (ndim=1)
	_orig_mod.module.layer3.5.bn1.bias (ndim=1)
	_orig_mod.module.layer3.5.bn2.weight (ndim=1)
	_orig_mod.module.layer3.5.bn2.bias (ndim=1)
	_orig_mod.module.layer3.5.bn3.weight (ndim=1)
	_orig_mod.module.layer3.5.bn3.bias (ndim=1)
	_orig_mod.module.layer4.0.bn1.weight (ndim=1)
	_orig_mod.module.layer4.0.bn1.bias (ndim=1)
	_orig_mod.module.layer4.0.bn2.weight (ndim=1)
	_orig_mod.module.layer4.0.bn2.bias (ndim=1)
	_orig_mod.module.layer4.0.bn3.weight (ndim=1)
	_orig_mod.module.layer4.0.bn3.bias (ndim=1)
	_orig_mod.module.layer4.0.downsample.bn.weight (ndim=1)
	_orig_mod.module.layer4.0.downsample.bn.bias (ndim=1)
	_orig_mod.module.layer4.1.bn1.weight (ndim=1)
	_orig_mod.module.layer4.1.bn1.bias (ndim=1)
	_orig_mod.module.layer4.1.bn2.weight (ndim=1)
	_orig_mod.module.layer4.1.bn2.bias (ndim=1)
	_orig_mod.module.layer4.1.bn3.weight (ndim=1)
	_orig_mod.module.layer4.1.bn3.bias (ndim=1)
	_orig_mod.module.layer4.2.bn1.weight (ndim=1)
	_orig_mod.module.layer4.2.bn1.bias (ndim=1)
	_orig_mod.module.layer4.2.bn2.weight (ndim=1)
	_orig_mod.module.layer4.2.bn2.bias (ndim=1)
	_orig_mod.module.layer4.2.bn3.weight (ndim=1)
	_orig_mod.module.layer4.2.bn3.bias (ndim=1)
	_orig_mod.module.fc.bias (ndim=1)
I0520 18:44:16.226009 140400193004736 muon.py:324] Muon params:
	_orig_mod.module.conv1.weight (ndim=4)
	_orig_mod.module.layer1.0.conv1.weight (ndim=4)
	_orig_mod.module.layer1.0.conv2.weight (ndim=4)
	_orig_mod.module.layer1.0.conv3.weight (ndim=4)
	_orig_mod.module.layer1.0.downsample.conv.weight (ndim=4)
	_orig_mod.module.layer1.1.conv1.weight (ndim=4)
	_orig_mod.module.layer1.1.conv2.weight (ndim=4)
	_orig_mod.module.layer1.1.conv3.weight (ndim=4)
	_orig_mod.module.layer1.2.conv1.weight (ndim=4)
	_orig_mod.module.layer1.2.conv2.weight (ndim=4)
	_orig_mod.module.layer1.2.conv3.weight (ndim=4)
	_orig_mod.module.layer2.0.conv1.weight (ndim=4)
	_orig_mod.module.layer2.0.conv2.weight (ndim=4)
	_orig_mod.module.layer2.0.conv3.weight (ndim=4)
	_orig_mod.module.layer2.0.downsample.conv.weight (ndim=4)
	_orig_mod.module.layer2.1.conv1.weight (ndim=4)
	_orig_mod.module.layer2.1.conv2.weight (ndim=4)
	_orig_mod.module.layer2.1.conv3.weight (ndim=4)
	_orig_mod.module.layer2.2.conv1.weight (ndim=4)
	_orig_mod.module.layer2.2.conv2.weight (ndim=4)
	_orig_mod.module.layer2.2.conv3.weight (ndim=4)
	_orig_mod.module.layer2.3.conv1.weight (ndim=4)
	_orig_mod.module.layer2.3.conv2.weight (ndim=4)
	_orig_mod.module.layer2.3.conv3.weight (ndim=4)
	_orig_mod.module.layer3.0.conv1.weight (ndim=4)
	_orig_mod.module.layer3.0.conv2.weight (ndim=4)
	_orig_mod.module.layer3.0.conv3.weight (ndim=4)
	_orig_mod.module.layer3.0.downsample.conv.weight (ndim=4)
	_orig_mod.module.layer3.1.conv1.weight (ndim=4)
	_orig_mod.module.layer3.1.conv2.weight (ndim=4)
	_orig_mod.module.layer3.1.conv3.weight (ndim=4)
	_orig_mod.module.layer3.2.conv1.weight (ndim=4)
	_orig_mod.module.layer3.2.conv2.weight (ndim=4)
	_orig_mod.module.layer3.2.conv3.weight (ndim=4)
	_orig_mod.module.layer3.3.conv1.weight (ndim=4)
	_orig_mod.module.layer3.3.conv2.weight (ndim=4)
	_orig_mod.module.layer3.3.conv3.weight (ndim=4)
	_orig_mod.module.layer3.4.conv1.weight (ndim=4)
	_orig_mod.module.layer3.4.conv2.weight (ndim=4)
	_orig_mod.module.layer3.4.conv3.weight (ndim=4)
	_orig_mod.module.layer3.5.conv1.weight (ndim=4)
	_orig_mod.module.layer3.5.conv2.weight (ndim=4)
	_orig_mod.module.layer3.5.conv3.weight (ndim=4)
	_orig_mod.module.layer4.0.conv1.weight (ndim=4)
	_orig_mod.module.layer4.0.conv2.weight (ndim=4)
	_orig_mod.module.layer4.0.conv3.weight (ndim=4)
	_orig_mod.module.layer4.0.downsample.conv.weight (ndim=4)
	_orig_mod.module.layer4.1.conv1.weight (ndim=4)
	_orig_mod.module.layer4.1.conv2.weight (ndim=4)
	_orig_mod.module.layer4.1.conv3.weight (ndim=4)
	_orig_mod.module.layer4.2.conv1.weight (ndim=4)
	_orig_mod.module.layer4.2.conv2.weight (ndim=4)
	_orig_mod.module.layer4.2.conv3.weight (ndim=4)
	_orig_mod.module.fc.weight (ndim=2)
I0520 18:44:16.226166 140400193004736 muon.py:325] Adam params:
	_orig_mod.module.bn1.weight (ndim=1)
	_orig_mod.module.bn1.bias (ndim=1)
	_orig_mod.module.layer1.0.bn1.weight (ndim=1)
	_orig_mod.module.layer1.0.bn1.bias (ndim=1)
	_orig_mod.module.layer1.0.bn2.weight (ndim=1)
	_orig_mod.module.layer1.0.bn2.bias (ndim=1)
	_orig_mod.module.layer1.0.bn3.weight (ndim=1)
	_orig_mod.module.layer1.0.bn3.bias (ndim=1)
	_orig_mod.module.layer1.0.downsample.bn.weight (ndim=1)
	_orig_mod.module.layer1.0.downsample.bn.bias (ndim=1)
	_orig_mod.module.layer1.1.bn1.weight (ndim=1)
	_orig_mod.module.layer1.1.bn1.bias (ndim=1)
	_orig_mod.module.layer1.1.bn2.weight (ndim=1)
	_orig_mod.module.layer1.1.bn2.bias (ndim=1)
	_orig_mod.module.layer1.1.bn3.weight (ndim=1)
	_orig_mod.module.layer1.1.bn3.bias (ndim=1)
	_orig_mod.module.layer1.2.bn1.weight (ndim=1)
	_orig_mod.module.layer1.2.bn1.bias (ndim=1)
	_orig_mod.module.layer1.2.bn2.weight (ndim=1)
	_orig_mod.module.layer1.2.bn2.bias (ndim=1)
	_orig_mod.module.layer1.2.bn3.weight (ndim=1)
	_orig_mod.module.layer1.2.bn3.bias (ndim=1)
	_orig_mod.module.layer2.0.bn1.weight (ndim=1)
	_orig_mod.module.layer2.0.bn1.bias (ndim=1)
	_orig_mod.module.layer2.0.bn2.weight (ndim=1)
	_orig_mod.module.layer2.0.bn2.bias (ndim=1)
	_orig_mod.module.layer2.0.bn3.weight (ndim=1)
	_orig_mod.module.layer2.0.bn3.bias (ndim=1)
	_orig_mod.module.layer2.0.downsample.bn.weight (ndim=1)
	_orig_mod.module.layer2.0.downsample.bn.bias (ndim=1)
	_orig_mod.module.layer2.1.bn1.weight (ndim=1)
	_orig_mod.module.layer2.1.bn1.bias (ndim=1)
	_orig_mod.module.layer2.1.bn2.weight (ndim=1)
	_orig_mod.module.layer2.1.bn2.bias (ndim=1)
	_orig_mod.module.layer2.1.bn3.weight (ndim=1)
	_orig_mod.module.layer2.1.bn3.bias (ndim=1)
	_orig_mod.module.layer2.2.bn1.weight (ndim=1)
	_orig_mod.module.layer2.2.bn1.bias (ndim=1)
	_orig_mod.module.layer2.2.bn2.weight (ndim=1)
	_orig_mod.module.layer2.2.bn2.bias (ndim=1)
	_orig_mod.module.layer2.2.bn3.weight (ndim=1)
	_orig_mod.module.layer2.2.bn3.bias (ndim=1)
	_orig_mod.module.layer2.3.bn1.weight (ndim=1)
	_orig_mod.module.layer2.3.bn1.bias (ndim=1)
	_orig_mod.module.layer2.3.bn2.weight (ndim=1)
	_orig_mod.module.layer2.3.bn2.bias (ndim=1)
	_orig_mod.module.layer2.3.bn3.weight (ndim=1)
	_orig_mod.module.layer2.3.bn3.bias (ndim=1)
	_orig_mod.module.layer3.0.bn1.weight (ndim=1)
	_orig_mod.module.layer3.0.bn1.bias (ndim=1)
	_orig_mod.module.layer3.0.bn2.weight (ndim=1)
	_orig_mod.module.layer3.0.bn2.bias (ndim=1)
	_orig_mod.module.layer3.0.bn3.weight (ndim=1)
	_orig_mod.module.layer3.0.bn3.bias (ndim=1)
	_orig_mod.module.layer3.0.downsample.bn.weight (ndim=1)
	_orig_mod.module.layer3.0.downsample.bn.bias (ndim=1)
	_orig_mod.module.layer3.1.bn1.weight (ndim=1)
	_orig_mod.module.layer3.1.bn1.bias (ndim=1)
	_orig_mod.module.layer3.1.bn2.weight (ndim=1)
	_orig_mod.module.layer3.1.bn2.bias (ndim=1)
	_orig_mod.module.layer3.1.bn3.weight (ndim=1)
	_orig_mod.module.layer3.1.bn3.bias (ndim=1)
	_orig_mod.module.layer3.2.bn1.weight (ndim=1)
	_orig_mod.module.layer3.2.bn1.bias (ndim=1)
	_orig_mod.module.layer3.2.bn2.weight (ndim=1)
	_orig_mod.module.layer3.2.bn2.bias (ndim=1)
	_orig_mod.module.layer3.2.bn3.weight (ndim=1)
	_orig_mod.module.layer3.2.bn3.bias (ndim=1)
	_orig_mod.module.layer3.3.bn1.weight (ndim=1)
	_orig_mod.module.layer3.3.bn1.bias (ndim=1)
	_orig_mod.module.layer3.3.bn2.weight (ndim=1)
	_orig_mod.module.layer3.3.bn2.bias (ndim=1)
	_orig_mod.module.layer3.3.bn3.weight (ndim=1)
	_orig_mod.module.layer3.3.bn3.bias (ndim=1)
	_orig_mod.module.layer3.4.bn1.weight (ndim=1)
	_orig_mod.module.layer3.4.bn1.bias (ndim=1)
	_orig_mod.module.layer3.4.bn2.weight (ndim=1)
	_orig_mod.module.layer3.4.bn2.bias (ndim=1)
	_orig_mod.module.layer3.4.bn3.weight (ndim=1)
	_orig_mod.module.layer3.4.bn3.bias (ndim=1)
	_orig_mod.module.layer3.5.bn1.weight (ndim=1)
	_orig_mod.module.layer3.5.bn1.bias (ndim=1)
	_orig_mod.module.layer3.5.bn2.weight (ndim=1)
	_orig_mod.module.layer3.5.bn2.bias (ndim=1)
	_orig_mod.module.layer3.5.bn3.weight (ndim=1)
	_orig_mod.module.layer3.5.bn3.bias (ndim=1)
	_orig_mod.module.layer4.0.bn1.weight (ndim=1)
	_orig_mod.module.layer4.0.bn1.bias (ndim=1)
	_orig_mod.module.layer4.0.bn2.weight (ndim=1)
	_orig_mod.module.layer4.0.bn2.bias (ndim=1)
	_orig_mod.module.layer4.0.bn3.weight (ndim=1)
	_orig_mod.module.layer4.0.bn3.bias (ndim=1)
	_orig_mod.module.layer4.0.downsample.bn.weight (ndim=1)
	_orig_mod.module.layer4.0.downsample.bn.bias (ndim=1)
	_orig_mod.module.layer4.1.bn1.weight (ndim=1)
	_orig_mod.module.layer4.1.bn1.bias (ndim=1)
	_orig_mod.module.layer4.1.bn2.weight (ndim=1)
	_orig_mod.module.layer4.1.bn2.bias (ndim=1)
	_orig_mod.module.layer4.1.bn3.weight (ndim=1)
	_orig_mod.module.layer4.1.bn3.bias (ndim=1)
	_orig_mod.module.layer4.2.bn1.weight (ndim=1)
	_orig_mod.module.layer4.2.bn1.bias (ndim=1)
	_orig_mod.module.layer4.2.bn2.weight (ndim=1)
	_orig_mod.module.layer4.2.bn2.bias (ndim=1)
	_orig_mod.module.layer4.2.bn3.weight (ndim=1)
	_orig_mod.module.layer4.2.bn3.bias (ndim=1)
	_orig_mod.module.fc.bias (ndim=1)
[rank2]: Traceback (most recent call last):
[rank2]:   File "/algorithmic-efficiency/submission_runner.py", line 873, in <module>
[rank2]:     app.run(main)
[rank2]:   File "/usr/local/lib/python3.11/site-packages/absl/app.py", line 308, in run
[rank2]:     _run_main(main, args)
[rank2]:   File "/usr/local/lib/python3.11/site-packages/absl/app.py", line 254, in _run_main
[rank2]:     sys.exit(main(argv))
[rank2]:              ^^^^^^^^^^
[rank2]:   File "/algorithmic-efficiency/submission_runner.py", line 838, in main
[rank2]:     score = score_submission_on_workload(
[rank2]:             ^^^^^^^^^^^^^^^^^^^^^^^^^^^^^
[rank2]:   File "/algorithmic-efficiency/submission_runner.py", line 747, in score_submission_on_workload
[rank2]:     score, _ = train_once(
[rank2]:                ^^^^^^^^^^^
[rank2]:   File "/algorithmic-efficiency/submission_runner.py", line 296, in train_once
[rank2]:     optimizer_state = init_optimizer_state(
[rank2]:                       ^^^^^^^^^^^^^^^^^^^^^
[rank2]:   File "/algorithmic-efficiency/submissions_algorithms/submissions/self_tuning/muon_torch/submission.py", line 73, in init_optimizer_state
[rank2]:     lr=hyperparameters.learning_rate,  # shared
[rank2]:        ^^^^^^^^^^^^^^^^^^^^^^^^^^^^^
[rank2]: AttributeError: 'NoneType' object has no attribute 'learning_rate'
[rank3]: Traceback (most recent call last):
[rank3]:   File "/algorithmic-efficiency/submission_runner.py", line 873, in <module>
[rank3]:     app.run(main)
[rank3]:   File "/usr/local/lib/python3.11/site-packages/absl/app.py", line 308, in run
[rank3]:     _run_main(main, args)
[rank3]:   File "/usr/local/lib/python3.11/site-packages/absl/app.py", line 254, in _run_main
[rank3]:     sys.exit(main(argv))
[rank3]:              ^^^^^^^^^^
[rank3]:   File "/algorithmic-efficiency/submission_runner.py", line 838, in main
[rank3]:     score = score_submission_on_workload(
[rank3]:             ^^^^^^^^^^^^^^^^^^^^^^^^^^^^^
[rank3]:   File "/algorithmic-efficiency/submission_runner.py", line 747, in score_submission_on_workload
[rank3]:     score, _ = train_once(
[rank3]:                ^^^^^^^^^^^
[rank3]:   File "/algorithmic-efficiency/submission_runner.py", line 296, in train_once
[rank3]:     optimizer_state = init_optimizer_state(
[rank3]:                       ^^^^^^^^^^^^^^^^^^^^^
[rank3]:   File "/algorithmic-efficiency/submissions_algorithms/submissions/self_tuning/muon_torch/submission.py", line 73, in init_optimizer_state
[rank3]:     lr=hyperparameters.learning_rate,  # shared
[rank3]:        ^^^^^^^^^^^^^^^^^^^^^^^^^^^^^
[rank3]: AttributeError: 'NoneType' object has no attribute 'learning_rate'
[rank0]:[W520 18:44:17.055094761 ProcessGroupNCCL.cpp:1524] Warning: WARNING: destroy_process_group() was not called before program exit, which can leak resources. For more info, please see https://pytorch.org/docs/stable/distributed.html#shutdown (function operator())
W0520 18:44:19.101000 9 site-packages/torch/distributed/elastic/multiprocessing/api.py:908] Sending process 39 closing signal SIGTERM
W0520 18:44:19.101000 9 site-packages/torch/distributed/elastic/multiprocessing/api.py:908] Sending process 40 closing signal SIGTERM
W0520 18:44:19.101000 9 site-packages/torch/distributed/elastic/multiprocessing/api.py:908] Sending process 41 closing signal SIGTERM
E0520 18:44:19.197000 9 site-packages/torch/distributed/elastic/multiprocessing/api.py:882] failed (exitcode: 1) local_rank: 0 (pid: 38) of binary: /usr/local/bin/python3.11
Traceback (most recent call last):
  File "/usr/local/bin/torchrun", line 6, in <module>
    sys.exit(main())
             ^^^^^^
  File "/usr/local/lib/python3.11/site-packages/torch/distributed/elastic/multiprocessing/errors/__init__.py", line 357, in wrapper
    return f(*args, **kwargs)
           ^^^^^^^^^^^^^^^^^^
  File "/usr/local/lib/python3.11/site-packages/torch/distributed/run.py", line 936, in main
    run(args)
  File "/usr/local/lib/python3.11/site-packages/torch/distributed/run.py", line 927, in run
    elastic_launch(
  File "/usr/local/lib/python3.11/site-packages/torch/distributed/launcher/api.py", line 156, in __call__
    return launch_agent(self._config, self._entrypoint, list(args))
           ^^^^^^^^^^^^^^^^^^^^^^^^^^^^^^^^^^^^^^^^^^^^^^^^^^^^^^^^
  File "/usr/local/lib/python3.11/site-packages/torch/distributed/launcher/api.py", line 293, in launch_agent
    raise ChildFailedError(
torch.distributed.elastic.multiprocessing.errors.ChildFailedError: 
============================================================
submission_runner.py FAILED
------------------------------------------------------------
Failures:
  <NO_OTHER_FAILURES>
------------------------------------------------------------
Root Cause (first observed failure):
[0]:
  time      : 2026-05-20_18:44:19
  host      : af40dc5c287b
  rank      : 0 (local_rank: 0)
  exitcode  : 1 (pid: 38)
  error_file: <N/A>
  traceback : To enable traceback see: https://pytorch.org/docs/stable/elastic/errors.html
============================================================
