python submission_runner.py --framework=jax --workload=librispeech_deepspeech --submission_path=submissions_algorithms/submissions/self_tuning/nadamw_resnet/submission.py --data_dir=/data/librispeech --experiment_dir=/experiment_runs --experiment_name=submissions_a100/nadamw_resnet/study_1 --overwrite=True --save_checkpoints=False --rng_seed=-1020479577 --librispeech_tokenizer_vocab_path=/data/librispeech/spm_model.vocab --tuning_ruleset=self 2>&1 | tee -a /logs/librispeech_deepspeech_jax_05-31-2026-06-43-51.log
2026-05-31 06:43:52.489082: E external/local_xla/xla/stream_executor/cuda/cuda_fft.cc:467] Unable to register cuFFT factory: Attempting to register factory for plugin cuFFT when one has already been registered
WARNING: All log messages before absl::InitializeLog() is called are written to STDERR
E0000 00:00:1780209832.516134       9 cuda_dnn.cc:8579] Unable to register cuDNN factory: Attempting to register factory for plugin cuDNN when one has already been registered
E0000 00:00:1780209832.524959       9 cuda_blas.cc:1407] Unable to register cuBLAS factory: Attempting to register factory for plugin cuBLAS when one has already been registered
W0000 00:00:1780209832.554346       9 computation_placer.cc:177] computation placer already registered. Please check linkage and avoid linking the same target more than once.
W0000 00:00:1780209832.554378       9 computation_placer.cc:177] computation placer already registered. Please check linkage and avoid linking the same target more than once.
W0000 00:00:1780209832.554380       9 computation_placer.cc:177] computation placer already registered. Please check linkage and avoid linking the same target more than once.
W0000 00:00:1780209832.554382       9 computation_placer.cc:177] computation placer already registered. Please check linkage and avoid linking the same target more than once.
/usr/local/lib/python3.11/site-packages/torch/__init__.py:1617: UserWarning: Please use the new API settings to control TF32 behavior, such as torch.backends.cudnn.conv.fp32_precision = 'tf32' or torch.backends.cuda.matmul.fp32_precision = 'ieee'. Old settings, e.g, torch.backends.cuda.matmul.allow_tf32 = True, torch.backends.cudnn.allow_tf32 = True, allowTF32CuDNN() and allowTF32CuBLAS() will be deprecated after Pytorch 2.9. Please see https://pytorch.org/docs/main/notes/cuda.html#tensorfloat-32-tf32-on-ampere-and-later-devices (Triggered internally at /pytorch/aten/src/ATen/Context.cpp:80.)
  _C._set_float32_matmul_precision(precision)
/usr/local/lib/python3.11/site-packages/pydantic/_internal/_generate_schema.py:2249: UnsupportedFieldAttributeWarning: The 'repr' attribute with value False was provided to the `Field()` function, which has no effect in the context it was used. 'repr' is field-specific metadata, and can only be attached to a model field using `Annotated` metadata or by assignment. This may have happened because an `Annotated` type alias using the `type` statement was used, or if the `Field()` function was attached to a single member of a union type.
  warnings.warn(
/usr/local/lib/python3.11/site-packages/pydantic/_internal/_generate_schema.py:2249: UnsupportedFieldAttributeWarning: The 'frozen' attribute with value True was provided to the `Field()` function, which has no effect in the context it was used. 'frozen' is field-specific metadata, and can only be attached to a model field using `Annotated` metadata or by assignment. This may have happened because an `Annotated` type alias using the `type` statement was used, or if the `Field()` function was attached to a single member of a union type.
  warnings.warn(
INFO:2026-05-31 06:44:01,418:jax._src.xla_bridge:830: Unable to initialize backend 'tpu': INTERNAL: Failed to open libtpu.so: libtpu.so: cannot open shared object file: No such file or directory
I0531 06:44:01.418757 140195241383104 xla_bridge.py:830] Unable to initialize backend 'tpu': INTERNAL: Failed to open libtpu.so: libtpu.so: cannot open shared object file: No such file or directory
I0531 06:44:02.199043 140195241383104 logger_utils.py:59] Removing existing experiment directory /experiment_runs/submissions_a100/nadamw_resnet/study_1/librispeech_deepspeech_jax because --overwrite was set.
I0531 06:44:02.204834 140195241383104 logger_utils.py:84] Creating experiment directory at /experiment_runs/submissions_a100/nadamw_resnet/study_1/librispeech_deepspeech_jax.
I0531 06:44:02.649648 140195241383104 submission_runner.py:741] Creating directory at /experiment_runs/submissions_a100/nadamw_resnet/study_1/librispeech_deepspeech_jax/trial_1.
I0531 06:44:02.930429 140195241383104 submission_runner.py:242] Initializing dataset.
I0531 06:44:02.930653 140195241383104 submission_runner.py:251] Initializing model.
I0531 06:44:56.544972 140195241383104 submission_runner.py:294] Initializing optimizer.
I0531 06:44:57.244288 140195241383104 submission_runner.py:299] Initializing metrics bundle.
I0531 06:44:57.244545 140195241383104 submission_runner.py:321] Initializing checkpoint and logger.
I0531 06:44:57.256897 140195241383104 checkpoints.py:1098] Found no checkpoint files in /experiment_runs/submissions_a100/nadamw_resnet/study_1/librispeech_deepspeech_jax/trial_1 with prefix checkpoint_
I0531 06:44:57.257020 140195241383104 submission_runner.py:344] Saving meta data to /experiment_runs/submissions_a100/nadamw_resnet/study_1/librispeech_deepspeech_jax/trial_1/meta_data_0.json.
I0531 06:44:57.257222 140195241383104 logger_utils.py:283] Unable to record workload.train_mean information. Continuing without it.
I0531 06:44:57.257285 140195241383104 logger_utils.py:283] Unable to record workload.train_stddev information. Continuing without it.
I0531 06:44:57.427829 140195241383104 submission_runner.py:348] Saving flags to /experiment_runs/submissions_a100/nadamw_resnet/study_1/librispeech_deepspeech_jax/trial_1/flags_0.json.
I0531 06:44:57.450896 140195241383104 submission_runner.py:359] Starting training loop.
I0531 06:44:57.658988 140195241383104 input_pipeline.py:19] Loading split = train-clean-100
I0531 06:44:57.741919 140195241383104 input_pipeline.py:19] Loading split = train-clean-360
I0531 06:44:58.212531 140195241383104 input_pipeline.py:19] Loading split = train-other-500
/usr/local/lib/python3.11/multiprocessing/popen_fork.py:66: RuntimeWarning: os.fork() was called. os.fork() is incompatible with multithreaded code, and JAX is multithreaded, so this will likely lead to a deadlock.
  self.pid = os.fork()
/usr/local/lib/python3.11/site-packages/jax/_src/interpreters/mlir.py:1268: UserWarning: Some donated buffers were not usable: float32[512], float32[512], float32[512], float32[512], float32[512], float32[512], float32[512], float32[512], float32[512], float32[512], float32[512], float32[512], float32[512], float32[512], float32[512], float32[512], float32[512], float32[512].
See an explanation at https://docs.jax.dev/en/latest/faq.html#buffer-donation.
  warnings.warn("Some donated buffers were not usable:"
2026-05-31 06:45:45.723057: E external/xla/xla/service/slow_operation_alarm.cc:73] Trying algorithm eng0{} for conv (f32[64,512,999,41]{3,2,1,0}, u8[0]{0}) custom-call(f32[64,512,500,20]{3,2,1,0}, f32[512,512,3,3]{3,2,1,0}), window={size=3x3 stride=2x2 pad=1_1x0_0}, dim_labels=bf01_oi01->bf01, custom_call_target="__cudnn$convBackwardInput", backend_config={"operation_queue_id":"0","wait_on_operation_queues":[],"cudnn_conv_backend_config":{"activation_mode":"kNone","conv_result_scale":1,"side_input_scale":0,"leakyrelu_alpha":0},"force_earliest_schedule":false,"reification_cost":[]} is taking a while...
2026-05-31 06:46:21.227957: E external/xla/xla/service/slow_operation_alarm.cc:140] The operation took 36.505288774s
Trying algorithm eng0{} for conv (f32[64,512,999,41]{3,2,1,0}, u8[0]{0}) custom-call(f32[64,512,500,20]{3,2,1,0}, f32[512,512,3,3]{3,2,1,0}), window={size=3x3 stride=2x2 pad=1_1x0_0}, dim_labels=bf01_oi01->bf01, custom_call_target="__cudnn$convBackwardInput", backend_config={"operation_queue_id":"0","wait_on_operation_queues":[],"cudnn_conv_backend_config":{"activation_mode":"kNone","conv_result_scale":1,"side_input_scale":0,"leakyrelu_alpha":0},"force_earliest_schedule":false,"reification_cost":[]} is taking a while...
2026-05-31 06:46:31.283790: E external/xla/xla/service/slow_operation_alarm.cc:73] Trying algorithm eng0{} for conv (f32[512,512,3,3]{3,2,1,0}, u8[0]{0}) custom-call(f32[64,512,999,41]{3,2,1,0}, f32[64,512,500,20]{3,2,1,0}), window={size=3x3 stride=2x2 pad=1_1x0_0}, dim_labels=bf01_oi01->bf01, custom_call_target="__cudnn$convBackwardFilter", backend_config={"operation_queue_id":"0","wait_on_operation_queues":[],"cudnn_conv_backend_config":{"activation_mode":"kNone","conv_result_scale":1,"side_input_scale":0,"leakyrelu_alpha":0},"force_earliest_schedule":false,"reification_cost":[]} is taking a while...
2026-05-31 06:46:46.955214: E external/xla/xla/service/slow_operation_alarm.cc:140] The operation took 16.671428808s
Trying algorithm eng0{} for conv (f32[512,512,3,3]{3,2,1,0}, u8[0]{0}) custom-call(f32[64,512,999,41]{3,2,1,0}, f32[64,512,500,20]{3,2,1,0}), window={size=3x3 stride=2x2 pad=1_1x0_0}, dim_labels=bf01_oi01->bf01, custom_call_target="__cudnn$convBackwardFilter", backend_config={"operation_queue_id":"0","wait_on_operation_queues":[],"cudnn_conv_backend_config":{"activation_mode":"kNone","conv_result_scale":1,"side_input_scale":0,"leakyrelu_alpha":0},"force_earliest_schedule":false,"reification_cost":[]} is taking a while...
I0531 06:47:19.258552 140195241383104 spec.py:333] Evaluating on the training split.
I0531 06:47:19.259010 140195241383104 input_pipeline.py:19] Loading split = train-clean-100
I0531 06:47:19.628101 140195241383104 input_pipeline.py:19] Loading split = train-clean-360
I0531 06:47:19.729363 140195241383104 input_pipeline.py:19] Loading split = train-other-500
/usr/local/lib/python3.11/site-packages/jax/_src/ops/scatter.py:110: FutureWarning: scatter inputs have incompatible types: cannot safely cast value from dtype=float32 to dtype=int32 with jax_numpy_dtype_promotion='standard'. In future JAX releases this will result in an error.
  warnings.warn(
2026-05-31 06:47:31.754195: E external/xla/xla/service/slow_operation_alarm.cc:73] Constant folding an instruction is taking > 1s:

  %reduce-window.10 = f32[256,500]{1,0} reduce-window(%broadcast.248, %constant.119), window={size=1x500 pad=0_0x499_0}, to_apply=%region_35.2517.clone, metadata={op_name="jit(_eval_step)/jit(cumsum)/LibriSpeechConformerWorkload.sequence_mask/reduce_window_sum" source_file="/algorithmic-efficiency/algoperf/workloads/librispeech_conformer/librispeech_jax/workload.py" source_line=251}

This isn't necessarily a bug; constant-folding is inherently a trade-off between compilation time and speed at runtime. XLA has some guards that attempt to keep constant folding from taking too long, but fundamentally you'll always be able to come up with an input program that takes a long time.

If you'd like to file a bug, run with envvar XLA_FLAGS=--xla_dump_to=/tmp/foo and attach the results.
2026-05-31 06:47:38.207325: E external/xla/xla/service/slow_operation_alarm.cc:140] The operation took 7.45341448s
Constant folding an instruction is taking > 1s:

  %reduce-window.10 = f32[256,500]{1,0} reduce-window(%broadcast.248, %constant.119), window={size=1x500 pad=0_0x499_0}, to_apply=%region_35.2517.clone, metadata={op_name="jit(_eval_step)/jit(cumsum)/LibriSpeechConformerWorkload.sequence_mask/reduce_window_sum" source_file="/algorithmic-efficiency/algoperf/workloads/librispeech_conformer/librispeech_jax/workload.py" source_line=251}

This isn't necessarily a bug; constant-folding is inherently a trade-off between compilation time and speed at runtime. XLA has some guards that attempt to keep constant folding from taking too long, but fundamentally you'll always be able to come up with an input program that takes a long time.

If you'd like to file a bug, run with envvar XLA_FLAGS=--xla_dump_to=/tmp/foo and attach the results.
2026-05-31 06:47:40.207468: E external/xla/xla/service/slow_operation_alarm.cc:73] Constant folding an instruction is taking > 2s:

  %reduce-window.11 = f32[256,500]{1,0} reduce-window(%broadcast.248, %constant.122), window={size=1x500 pad=0_0x499_0}, to_apply=%region_35.2517, metadata={op_name="jit(_eval_step)/jit(cumsum)/LibriSpeechConformerWorkload.sequence_mask/reduce_window_sum" source_file="/algorithmic-efficiency/algoperf/workloads/librispeech_conformer/librispeech_jax/workload.py" source_line=251}

This isn't necessarily a bug; constant-folding is inherently a trade-off between compilation time and speed at runtime. XLA has some guards that attempt to keep constant folding from taking too long, but fundamentally you'll always be able to come up with an input program that takes a long time.

If you'd like to file a bug, run with envvar XLA_FLAGS=--xla_dump_to=/tmp/foo and attach the results.
2026-05-31 06:47:45.391573: E external/xla/xla/service/slow_operation_alarm.cc:140] The operation took 7.184195217s
Constant folding an instruction is taking > 2s:

  %reduce-window.11 = f32[256,500]{1,0} reduce-window(%broadcast.248, %constant.122), window={size=1x500 pad=0_0x499_0}, to_apply=%region_35.2517, metadata={op_name="jit(_eval_step)/jit(cumsum)/LibriSpeechConformerWorkload.sequence_mask/reduce_window_sum" source_file="/algorithmic-efficiency/algoperf/workloads/librispeech_conformer/librispeech_jax/workload.py" source_line=251}

This isn't necessarily a bug; constant-folding is inherently a trade-off between compilation time and speed at runtime. XLA has some guards that attempt to keep constant folding from taking too long, but fundamentally you'll always be able to come up with an input program that takes a long time.

If you'd like to file a bug, run with envvar XLA_FLAGS=--xla_dump_to=/tmp/foo and attach the results.
I0531 06:49:12.824732 140195241383104 spec.py:346] Evaluating on the validation split.
I0531 06:49:12.825417 140195241383104 input_pipeline.py:19] Loading split = dev-clean
I0531 06:49:12.840892 140195241383104 input_pipeline.py:19] Loading split = dev-other
2026-05-31 06:49:44.647147: E external/xla/xla/service/slow_operation_alarm.cc:73] Constant folding an instruction is taking > 4s:

  %reduce-window.10 = f32[228,500]{1,0} reduce-window(%broadcast.245, %constant.119), window={size=1x500 pad=0_0x499_0}, to_apply=%region_35.2514.clone, metadata={op_name="jit(_eval_step)/jit(cumsum)/LibriSpeechConformerWorkload.sequence_mask/reduce_window_sum" source_file="/algorithmic-efficiency/algoperf/workloads/librispeech_conformer/librispeech_jax/workload.py" source_line=251}

This isn't necessarily a bug; constant-folding is inherently a trade-off between compilation time and speed at runtime. XLA has some guards that attempt to keep constant folding from taking too long, but fundamentally you'll always be able to come up with an input program that takes a long time.

If you'd like to file a bug, run with envvar XLA_FLAGS=--xla_dump_to=/tmp/foo and attach the results.
2026-05-31 06:49:48.569977: E external/xla/xla/service/slow_operation_alarm.cc:140] The operation took 7.923018282s
Constant folding an instruction is taking > 4s:

  %reduce-window.10 = f32[228,500]{1,0} reduce-window(%broadcast.245, %constant.119), window={size=1x500 pad=0_0x499_0}, to_apply=%region_35.2514.clone, metadata={op_name="jit(_eval_step)/jit(cumsum)/LibriSpeechConformerWorkload.sequence_mask/reduce_window_sum" source_file="/algorithmic-efficiency/algoperf/workloads/librispeech_conformer/librispeech_jax/workload.py" source_line=251}

This isn't necessarily a bug; constant-folding is inherently a trade-off between compilation time and speed at runtime. XLA has some guards that attempt to keep constant folding from taking too long, but fundamentally you'll always be able to come up with an input program that takes a long time.

If you'd like to file a bug, run with envvar XLA_FLAGS=--xla_dump_to=/tmp/foo and attach the results.
2026-05-31 06:49:56.570484: E external/xla/xla/service/slow_operation_alarm.cc:73] Constant folding an instruction is taking > 8s:

  %reduce-window.11 = f32[228,500]{1,0} reduce-window(%broadcast.245, %constant.122), window={size=1x500 pad=0_0x499_0}, to_apply=%region_35.2514, metadata={op_name="jit(_eval_step)/jit(cumsum)/LibriSpeechConformerWorkload.sequence_mask/reduce_window_sum" source_file="/algorithmic-efficiency/algoperf/workloads/librispeech_conformer/librispeech_jax/workload.py" source_line=251}

This isn't necessarily a bug; constant-folding is inherently a trade-off between compilation time and speed at runtime. XLA has some guards that attempt to keep constant folding from taking too long, but fundamentally you'll always be able to come up with an input program that takes a long time.

If you'd like to file a bug, run with envvar XLA_FLAGS=--xla_dump_to=/tmp/foo and attach the results.
2026-05-31 06:49:56.628740: E external/xla/xla/service/slow_operation_alarm.cc:140] The operation took 8.058707078s
Constant folding an instruction is taking > 8s:

  %reduce-window.11 = f32[228,500]{1,0} reduce-window(%broadcast.245, %constant.122), window={size=1x500 pad=0_0x499_0}, to_apply=%region_35.2514, metadata={op_name="jit(_eval_step)/jit(cumsum)/LibriSpeechConformerWorkload.sequence_mask/reduce_window_sum" source_file="/algorithmic-efficiency/algoperf/workloads/librispeech_conformer/librispeech_jax/workload.py" source_line=251}

This isn't necessarily a bug; constant-folding is inherently a trade-off between compilation time and speed at runtime. XLA has some guards that attempt to keep constant folding from taking too long, but fundamentally you'll always be able to come up with an input program that takes a long time.

If you'd like to file a bug, run with envvar XLA_FLAGS=--xla_dump_to=/tmp/foo and attach the results.
I0531 06:50:46.123528 140195241383104 spec.py:363] Evaluating on the test split.
I0531 06:50:46.124222 140195241383104 input_pipeline.py:19] Loading split = test-clean
I0531 06:51:37.171831 140195241383104 submission_runner.py:516] Time since start: 399.72s, 	Step: 1, 	{'train/ctc_loss': Array(8.068174, dtype=float32), 'train/wer': np.float64(3.7383649501280636), 'validation/ctc_loss': Array(7.7952633, dtype=float32), 'validation/wer': np.float64(3.466702071163038), 'validation/num_examples': 5348, 'test/ctc_loss': Array(7.828205, dtype=float32), 'test/wer': np.float64(3.5860906302683158), 'test/num_examples': 2472, 'score': 141.80748629570007, 'total_duration': 399.71857595443726, 'accumulated_submission_time': 141.80748629570007, 'accumulated_eval_time': 257.91099095344543, 'accumulated_logging_time': 0}
I0531 06:51:37.211850 140134087378688 logging_writer.py:48] [1] accumulated_eval_time=257.911, accumulated_logging_time=0, accumulated_submission_time=141.807, global_step=1, preemption_count=0, score=141.807, test/ctc_loss=7.828205108642578, test/num_examples=2472, test/wer=3.58609, total_duration=399.719, train/ctc_loss=8.068174362182617, train/wer=3.73836, validation/ctc_loss=7.795263290405273, validation/num_examples=5348, validation/wer=3.4667
I0531 07:15:53.888484 140195241383104 spec.py:333] Evaluating on the training split.
I0531 07:16:34.182183 140195241383104 spec.py:346] Evaluating on the validation split.
/usr/local/lib/python3.11/multiprocessing/popen_fork.py:66: RuntimeWarning: os.fork() was called. os.fork() is incompatible with multithreaded code, and JAX is multithreaded, so this will likely lead to a deadlock.
  self.pid = os.fork()
I0531 07:17:30.985683 140195241383104 spec.py:363] Evaluating on the test split.
I0531 07:17:58.993418 140195241383104 submission_runner.py:516] Time since start: 1981.54s, 	Step: 444, 	{'train/ctc_loss': Array(1.6876341, dtype=float32), 'train/wer': np.float64(0.944635537887994), 'validation/ctc_loss': Array(1.6940677, dtype=float32), 'validation/wer': np.float64(0.8967218654950997), 'validation/num_examples': 5348, 'test/ctc_loss': Array(1.6817404, dtype=float32), 'test/wer': np.float64(0.899579550301627), 'test/num_examples': 2472, 'score': 1598.4305255413055, 'total_duration': 1981.5400624275208, 'accumulated_submission_time': 1598.4305255413055, 'accumulated_eval_time': 383.0134937763214, 'accumulated_logging_time': 0.08846735954284668}
I0531 07:17:59.052476 140180429829888 logging_writer.py:48] [444] accumulated_eval_time=383.013, accumulated_logging_time=0.0884674, accumulated_submission_time=1598.43, global_step=444, preemption_count=0, score=1598.43, test/ctc_loss=1.681740403175354, test/num_examples=2472, test/wer=0.89958, total_duration=1981.54, train/ctc_loss=1.6876341104507446, train/wer=0.944636, validation/ctc_loss=1.6940677165985107, validation/num_examples=5348, validation/wer=0.896722
I0531 07:42:14.521759 140195241383104 spec.py:333] Evaluating on the training split.
I0531 07:42:52.707042 140195241383104 spec.py:346] Evaluating on the validation split.
/usr/local/lib/python3.11/multiprocessing/popen_fork.py:66: RuntimeWarning: os.fork() was called. os.fork() is incompatible with multithreaded code, and JAX is multithreaded, so this will likely lead to a deadlock.
  self.pid = os.fork()
I0531 07:43:48.957092 140195241383104 spec.py:363] Evaluating on the test split.
I0531 07:44:18.174416 140195241383104 submission_runner.py:516] Time since start: 3560.72s, 	Step: 892, 	{'train/ctc_loss': Array(1.5170608, dtype=float32), 'train/wer': np.float64(0.9427216791412514), 'validation/ctc_loss': Array(1.5166017, dtype=float32), 'validation/wer': np.float64(0.8967218654950997), 'validation/num_examples': 5348, 'test/ctc_loss': Array(1.5051454, dtype=float32), 'test/wer': np.float64(0.899579550301627), 'test/num_examples': 2472, 'score': 3053.8827817440033, 'total_duration': 3560.7207024097443, 'accumulated_submission_time': 3053.8827817440033, 'accumulated_eval_time': 506.6633605957031, 'accumulated_logging_time': 0.15944886207580566}
I0531 07:44:18.229790 140180429829888 logging_writer.py:48] [892] accumulated_eval_time=506.663, accumulated_logging_time=0.159449, accumulated_submission_time=3053.88, global_step=892, preemption_count=0, score=3053.88, test/ctc_loss=1.5051454305648804, test/num_examples=2472, test/wer=0.89958, total_duration=3560.72, train/ctc_loss=1.5170607566833496, train/wer=0.942722, validation/ctc_loss=1.5166016817092896, validation/num_examples=5348, validation/wer=0.896722
/usr/local/lib/python3.11/multiprocessing/popen_fork.py:66: RuntimeWarning: os.fork() was called. os.fork() is incompatible with multithreaded code, and JAX is multithreaded, so this will likely lead to a deadlock.
  self.pid = os.fork()
I0531 08:08:31.171701 140195241383104 spec.py:333] Evaluating on the training split.
I0531 08:09:13.983769 140195241383104 spec.py:346] Evaluating on the validation split.
I0531 08:09:56.836024 140195241383104 spec.py:363] Evaluating on the test split.
I0531 08:10:18.140791 140195241383104 submission_runner.py:516] Time since start: 5120.69s, 	Step: 1499, 	{'train/ctc_loss': Array(1.5028363, dtype=float32), 'train/wer': np.float64(0.8945606738670926), 'validation/ctc_loss': Array(1.478127, dtype=float32), 'validation/wer': np.float64(0.8668758750543137), 'validation/num_examples': 5348, 'test/ctc_loss': Array(1.4777752, dtype=float32), 'test/wer': np.float64(0.8611906647980013), 'test/num_examples': 2472, 'score': 4506.807252645493, 'total_duration': 5120.687335729599, 'accumulated_submission_time': 4506.807252645493, 'accumulated_eval_time': 613.6300747394562, 'accumulated_logging_time': 0.22553610801696777}
I0531 08:10:18.194532 140180429829888 logging_writer.py:48] [1499] accumulated_eval_time=613.63, accumulated_logging_time=0.225536, accumulated_submission_time=4506.81, global_step=1499, preemption_count=0, score=4506.81, test/ctc_loss=1.4777752161026, test/num_examples=2472, test/wer=0.861191, total_duration=5120.69, train/ctc_loss=1.5028363466262817, train/wer=0.894561, validation/ctc_loss=1.4781270027160645, validation/num_examples=5348, validation/wer=0.866876
I0531 08:34:31.921244 140195241383104 spec.py:333] Evaluating on the training split.
I0531 08:35:11.603890 140195241383104 spec.py:346] Evaluating on the validation split.
/usr/local/lib/python3.11/multiprocessing/popen_fork.py:66: RuntimeWarning: os.fork() was called. os.fork() is incompatible with multithreaded code, and JAX is multithreaded, so this will likely lead to a deadlock.
  self.pid = os.fork()
I0531 08:35:53.331824 140195241383104 spec.py:363] Evaluating on the test split.
I0531 08:36:13.839039 140195241383104 submission_runner.py:516] Time since start: 6676.39s, 	Step: 1939, 	{'train/ctc_loss': Array(2.5436504, dtype=float32), 'train/wer': np.float64(0.9437003215030003), 'validation/ctc_loss': Array(2.5228255, dtype=float32), 'validation/wer': np.float64(0.8967218654950997), 'validation/num_examples': 5348, 'test/ctc_loss': Array(2.515649, dtype=float32), 'test/wer': np.float64(0.899579550301627), 'test/num_examples': 2472, 'score': 5960.517413377762, 'total_duration': 6676.385581493378, 'accumulated_submission_time': 5960.517413377762, 'accumulated_eval_time': 715.5453314781189, 'accumulated_logging_time': 0.29064416885375977}
I0531 08:36:13.891152 140180429829888 logging_writer.py:48] [1939] accumulated_eval_time=715.545, accumulated_logging_time=0.290644, accumulated_submission_time=5960.52, global_step=1939, preemption_count=0, score=5960.52, test/ctc_loss=2.5156490802764893, test/num_examples=2472, test/wer=0.89958, total_duration=6676.39, train/ctc_loss=2.5436503887176514, train/wer=0.9437, validation/ctc_loss=2.5228254795074463, validation/num_examples=5348, validation/wer=0.896722
/usr/local/lib/python3.11/multiprocessing/popen_fork.py:66: RuntimeWarning: os.fork() was called. os.fork() is incompatible with multithreaded code, and JAX is multithreaded, so this will likely lead to a deadlock.
  self.pid = os.fork()
I0531 09:00:21.193354 140195241383104 spec.py:333] Evaluating on the training split.
I0531 09:01:01.492355 140195241383104 spec.py:346] Evaluating on the validation split.
I0531 09:01:43.361047 140195241383104 spec.py:363] Evaluating on the test split.
I0531 09:02:04.116922 140195241383104 submission_runner.py:516] Time since start: 8226.66s, 	Step: 2599, 	{'train/ctc_loss': Array(3.3271441, dtype=float32), 'train/wer': np.float64(0.9415512405140359), 'validation/ctc_loss': Array(3.3044386, dtype=float32), 'validation/wer': np.float64(0.8967218654950997), 'validation/num_examples': 5348, 'test/ctc_loss': Array(3.3013911, dtype=float32), 'test/wer': np.float64(0.899579550301627), 'test/num_examples': 2472, 'score': 7407.801220178604, 'total_duration': 8226.663137197495, 'accumulated_submission_time': 7407.801220178604, 'accumulated_eval_time': 818.4660892486572, 'accumulated_logging_time': 0.3536841869354248}
I0531 09:02:04.169643 140180428781312 logging_writer.py:48] [2599] accumulated_eval_time=818.466, accumulated_logging_time=0.353684, accumulated_submission_time=7407.8, global_step=2599, preemption_count=0, score=7407.8, test/ctc_loss=3.301391124725342, test/num_examples=2472, test/wer=0.89958, total_duration=8226.66, train/ctc_loss=3.327144145965576, train/wer=0.941551, validation/ctc_loss=3.304438591003418, validation/num_examples=5348, validation/wer=0.896722
I0531 09:26:11.999450 140195241383104 spec.py:333] Evaluating on the training split.
I0531 09:26:51.825485 140195241383104 spec.py:346] Evaluating on the validation split.
/usr/local/lib/python3.11/multiprocessing/popen_fork.py:66: RuntimeWarning: os.fork() was called. os.fork() is incompatible with multithreaded code, and JAX is multithreaded, so this will likely lead to a deadlock.
  self.pid = os.fork()
I0531 09:27:33.065566 140195241383104 spec.py:363] Evaluating on the test split.
I0531 09:27:53.334384 140195241383104 submission_runner.py:516] Time since start: 9775.88s, 	Step: 3074, 	{'train/ctc_loss': Array(3.3300235, dtype=float32), 'train/wer': np.float64(0.9426410101839947), 'validation/ctc_loss': Array(3.2758105, dtype=float32), 'validation/wer': np.float64(0.8967218654950997), 'validation/num_examples': 5348, 'test/ctc_loss': Array(3.277906, dtype=float32), 'test/wer': np.float64(0.899579550301627), 'test/num_examples': 2472, 'score': 8855.613818407059, 'total_duration': 9775.880900144577, 'accumulated_submission_time': 8855.613818407059, 'accumulated_eval_time': 919.7984592914581, 'accumulated_logging_time': 0.4179224967956543}
I0531 09:27:53.386120 140180428781312 logging_writer.py:48] [3074] accumulated_eval_time=919.798, accumulated_logging_time=0.417922, accumulated_submission_time=8855.61, global_step=3074, preemption_count=0, score=8855.61, test/ctc_loss=3.2779059410095215, test/num_examples=2472, test/wer=0.89958, total_duration=9775.88, train/ctc_loss=3.3300235271453857, train/wer=0.942641, validation/ctc_loss=3.275810480117798, validation/num_examples=5348, validation/wer=0.896722
/usr/local/lib/python3.11/multiprocessing/popen_fork.py:66: RuntimeWarning: os.fork() was called. os.fork() is incompatible with multithreaded code, and JAX is multithreaded, so this will likely lead to a deadlock.
  self.pid = os.fork()
I0531 09:52:01.524322 140195241383104 spec.py:333] Evaluating on the training split.
I0531 09:52:41.305732 140195241383104 spec.py:346] Evaluating on the validation split.
I0531 09:53:24.115062 140195241383104 spec.py:363] Evaluating on the test split.
I0531 09:53:44.647442 140195241383104 submission_runner.py:516] Time since start: 11327.19s, 	Step: 3795, 	{'train/ctc_loss': Array(3.4635992, dtype=float32), 'train/wer': np.float64(0.9428243251866505), 'validation/ctc_loss': Array(3.3987482, dtype=float32), 'validation/wer': np.float64(0.8967218654950997), 'validation/num_examples': 5348, 'test/ctc_loss': Array(3.3981042, dtype=float32), 'test/wer': np.float64(0.899579550301627), 'test/num_examples': 2472, 'score': 10303.732710123062, 'total_duration': 11327.194135427475, 'accumulated_submission_time': 10303.732710123062, 'accumulated_eval_time': 1022.919243812561, 'accumulated_logging_time': 0.48088788986206055}
I0531 09:53:44.701326 140180419340032 logging_writer.py:48] [3795] accumulated_eval_time=1022.92, accumulated_logging_time=0.480888, accumulated_submission_time=10303.7, global_step=3795, preemption_count=0, score=10303.7, test/ctc_loss=3.398104190826416, test/num_examples=2472, test/wer=0.89958, total_duration=11327.2, train/ctc_loss=3.46359920501709, train/wer=0.942824, validation/ctc_loss=3.3987481594085693, validation/num_examples=5348, validation/wer=0.896722
/usr/local/lib/python3.11/multiprocessing/popen_fork.py:66: RuntimeWarning: os.fork() was called. os.fork() is incompatible with multithreaded code, and JAX is multithreaded, so this will likely lead to a deadlock.
  self.pid = os.fork()
I0531 10:17:51.953147 140195241383104 spec.py:333] Evaluating on the training split.
I0531 10:18:31.923112 140195241383104 spec.py:346] Evaluating on the validation split.
I0531 10:19:13.338147 140195241383104 spec.py:363] Evaluating on the test split.
I0531 10:19:33.810508 140195241383104 submission_runner.py:516] Time since start: 12876.36s, 	Step: 4421, 	{'train/ctc_loss': Array(3.076402, dtype=float32), 'train/wer': np.float64(0.9440859096700382), 'validation/ctc_loss': Array(3.0352077, dtype=float32), 'validation/wer': np.float64(0.8967218654950997), 'validation/num_examples': 5348, 'test/ctc_loss': Array(3.0341835, dtype=float32), 'test/wer': np.float64(0.899579550301627), 'test/num_examples': 2472, 'score': 11750.96447110176, 'total_duration': 12876.35719537735, 'accumulated_submission_time': 11750.96447110176, 'accumulated_eval_time': 1124.7743725776672, 'accumulated_logging_time': 0.5477044582366943}
I0531 10:19:33.863854 140180426684160 logging_writer.py:48] [4421] accumulated_eval_time=1124.77, accumulated_logging_time=0.547704, accumulated_submission_time=11751, global_step=4421, preemption_count=0, score=11751, test/ctc_loss=3.0341835021972656, test/num_examples=2472, test/wer=0.89958, total_duration=12876.4, train/ctc_loss=3.076401948928833, train/wer=0.944086, validation/ctc_loss=3.035207748413086, validation/num_examples=5348, validation/wer=0.896722
I0531 10:43:41.538367 140195241383104 spec.py:333] Evaluating on the training split.
I0531 10:44:21.413929 140195241383104 spec.py:346] Evaluating on the validation split.
/usr/local/lib/python3.11/multiprocessing/popen_fork.py:66: RuntimeWarning: os.fork() was called. os.fork() is incompatible with multithreaded code, and JAX is multithreaded, so this will likely lead to a deadlock.
  self.pid = os.fork()
I0531 10:45:02.755920 140195241383104 spec.py:363] Evaluating on the test split.
I0531 10:45:23.518321 140195241383104 submission_runner.py:516] Time since start: 14426.06s, 	Step: 4981, 	{'train/ctc_loss': Array(2.7809532, dtype=float32), 'train/wer': np.float64(0.9427990785714666), 'validation/ctc_loss': Array(2.7508843, dtype=float32), 'validation/wer': np.float64(0.8967218654950997), 'validation/num_examples': 5348, 'test/ctc_loss': Array(2.7516801, dtype=float32), 'test/wer': np.float64(0.899579550301627), 'test/num_examples': 2472, 'score': 13198.620864629745, 'total_duration': 14426.064438581467, 'accumulated_submission_time': 13198.620864629745, 'accumulated_eval_time': 1226.7513687610626, 'accumulated_logging_time': 0.6126382350921631}
I0531 10:45:23.573120 140180426684160 logging_writer.py:48] [4981] accumulated_eval_time=1226.75, accumulated_logging_time=0.612638, accumulated_submission_time=13198.6, global_step=4981, preemption_count=0, score=13198.6, test/ctc_loss=2.7516801357269287, test/num_examples=2472, test/wer=0.89958, total_duration=14426.1, train/ctc_loss=2.7809531688690186, train/wer=0.942799, validation/ctc_loss=2.7508842945098877, validation/num_examples=5348, validation/wer=0.896722
/usr/local/lib/python3.11/multiprocessing/popen_fork.py:66: RuntimeWarning: os.fork() was called. os.fork() is incompatible with multithreaded code, and JAX is multithreaded, so this will likely lead to a deadlock.
  self.pid = os.fork()
I0531 11:09:33.745310 140195241383104 spec.py:333] Evaluating on the training split.
I0531 11:10:13.732208 140195241383104 spec.py:346] Evaluating on the validation split.
I0531 11:10:55.332346 140195241383104 spec.py:363] Evaluating on the test split.
I0531 11:11:16.500692 140195241383104 submission_runner.py:516] Time since start: 15979.05s, 	Step: 5681, 	{'train/ctc_loss': Array(2.5856497, dtype=float32), 'train/wer': np.float64(0.9423383225986367), 'validation/ctc_loss': Array(2.5447645, dtype=float32), 'validation/wer': np.float64(0.8967218654950997), 'validation/num_examples': 5348, 'test/ctc_loss': Array(2.547609, dtype=float32), 'test/wer': np.float64(0.899579550301627), 'test/num_examples': 2472, 'score': 14648.773301839828, 'total_duration': 15979.047352790833, 'accumulated_submission_time': 14648.773301839828, 'accumulated_eval_time': 1329.5044901371002, 'accumulated_logging_time': 0.6789710521697998}
I0531 11:11:16.554801 140180426684160 logging_writer.py:48] [5681] accumulated_eval_time=1329.5, accumulated_logging_time=0.678971, accumulated_submission_time=14648.8, global_step=5681, preemption_count=0, score=14648.8, test/ctc_loss=2.5476090908050537, test/num_examples=2472, test/wer=0.89958, total_duration=15979, train/ctc_loss=2.5856497287750244, train/wer=0.942338, validation/ctc_loss=2.544764518737793, validation/num_examples=5348, validation/wer=0.896722
I0531 11:35:25.271469 140195241383104 spec.py:333] Evaluating on the training split.
I0531 11:36:05.638493 140195241383104 spec.py:346] Evaluating on the validation split.
/usr/local/lib/python3.11/multiprocessing/popen_fork.py:66: RuntimeWarning: os.fork() was called. os.fork() is incompatible with multithreaded code, and JAX is multithreaded, so this will likely lead to a deadlock.
  self.pid = os.fork()
I0531 11:36:46.649316 140195241383104 spec.py:363] Evaluating on the test split.
I0531 11:37:07.091158 140195241383104 submission_runner.py:516] Time since start: 17529.64s, 	Step: 6170, 	{'train/ctc_loss': Array(2.2911315, dtype=float32), 'train/wer': np.float64(0.9431396916893625), 'validation/ctc_loss': Array(2.2803502, dtype=float32), 'validation/wer': np.float64(0.8967218654950997), 'validation/num_examples': 5348, 'test/ctc_loss': Array(2.2772934, dtype=float32), 'test/wer': np.float64(0.899579550301627), 'test/num_examples': 2472, 'score': 16097.473337888718, 'total_duration': 17529.637717723846, 'accumulated_submission_time': 16097.473337888718, 'accumulated_eval_time': 1431.3216605186462, 'accumulated_logging_time': 0.744011402130127}
I0531 11:37:07.143640 140180426684160 logging_writer.py:48] [6170] accumulated_eval_time=1431.32, accumulated_logging_time=0.744011, accumulated_submission_time=16097.5, global_step=6170, preemption_count=0, score=16097.5, test/ctc_loss=2.2772934436798096, test/num_examples=2472, test/wer=0.89958, total_duration=17529.6, train/ctc_loss=2.2911314964294434, train/wer=0.94314, validation/ctc_loss=2.2803502082824707, validation/num_examples=5348, validation/wer=0.896722
/usr/local/lib/python3.11/multiprocessing/popen_fork.py:66: RuntimeWarning: os.fork() was called. os.fork() is incompatible with multithreaded code, and JAX is multithreaded, so this will likely lead to a deadlock.
  self.pid = os.fork()
I0531 12:01:14.480341 140195241383104 spec.py:333] Evaluating on the training split.
I0531 12:01:55.593118 140195241383104 spec.py:346] Evaluating on the validation split.
I0531 12:02:37.657775 140195241383104 spec.py:363] Evaluating on the test split.
I0531 12:02:58.246103 140195241383104 submission_runner.py:516] Time since start: 19080.64s, 	Step: 6857, 	{'train/ctc_loss': Array(2.1934733, dtype=float32), 'train/wer': np.float64(0.9432716912443612), 'validation/ctc_loss': Array(2.1644158, dtype=float32), 'validation/wer': np.float64(0.8967218654950997), 'validation/num_examples': 5348, 'test/ctc_loss': Array(2.158936, dtype=float32), 'test/wer': np.float64(0.899579550301627), 'test/num_examples': 2472, 'score': 17544.7910964489, 'total_duration': 19080.643976211548, 'accumulated_submission_time': 17544.7910964489, 'accumulated_eval_time': 1534.9362728595734, 'accumulated_logging_time': 0.8076472282409668}
I0531 12:02:59.453628 140180426684160 logging_writer.py:48] [6857] accumulated_eval_time=1534.94, accumulated_logging_time=0.807647, accumulated_submission_time=17544.8, global_step=6857, preemption_count=0, score=17544.8, test/ctc_loss=2.158936023712158, test/num_examples=2472, test/wer=0.89958, total_duration=19080.6, train/ctc_loss=2.1934733390808105, train/wer=0.943272, validation/ctc_loss=2.1644158363342285, validation/num_examples=5348, validation/wer=0.896722
/usr/local/lib/python3.11/multiprocessing/popen_fork.py:66: RuntimeWarning: os.fork() was called. os.fork() is incompatible with multithreaded code, and JAX is multithreaded, so this will likely lead to a deadlock.
  self.pid = os.fork()
I0531 12:27:07.056087 140195241383104 spec.py:333] Evaluating on the training split.
I0531 12:27:49.654933 140195241383104 spec.py:346] Evaluating on the validation split.
I0531 12:28:44.239465 140195241383104 spec.py:363] Evaluating on the test split.
I0531 12:29:10.805604 140195241383104 submission_runner.py:516] Time since start: 20653.33s, 	Step: 7459, 	{'train/ctc_loss': Array(1.6610026, dtype=float32), 'train/wer': np.float64(0.944685667249717), 'validation/ctc_loss': Array(1.6414862, dtype=float32), 'validation/wer': np.float64(0.8967218654950997), 'validation/num_examples': 5348, 'test/ctc_loss': Array(1.6218936, dtype=float32), 'test/wer': np.float64(0.899579550301627), 'test/num_examples': 2472, 'score': 18991.585663557053, 'total_duration': 20653.330469608307, 'accumulated_submission_time': 18991.585663557053, 'accumulated_eval_time': 1658.6617496013641, 'accumulated_logging_time': 2.8159725666046143}
I0531 12:29:10.872335 140180426684160 logging_writer.py:48] [7459] accumulated_eval_time=1658.66, accumulated_logging_time=2.81597, accumulated_submission_time=18991.6, global_step=7459, preemption_count=0, score=18991.6, test/ctc_loss=1.6218936443328857, test/num_examples=2472, test/wer=0.89958, total_duration=20653.3, train/ctc_loss=1.6610026359558105, train/wer=0.944686, validation/ctc_loss=1.6414861679077148, validation/num_examples=5348, validation/wer=0.896722
I0531 12:53:19.535222 140195241383104 spec.py:333] Evaluating on the training split.
I0531 12:53:59.886319 140195241383104 spec.py:346] Evaluating on the validation split.
/usr/local/lib/python3.11/multiprocessing/popen_fork.py:66: RuntimeWarning: os.fork() was called. os.fork() is incompatible with multithreaded code, and JAX is multithreaded, so this will likely lead to a deadlock.
  self.pid = os.fork()
I0531 12:54:41.957881 140195241383104 spec.py:363] Evaluating on the test split.
I0531 12:55:02.711929 140195241383104 submission_runner.py:516] Time since start: 22205.26s, 	Step: 8071, 	{'train/ctc_loss': Array(1.3825014, dtype=float32), 'train/wer': np.float64(0.9432456399645285), 'validation/ctc_loss': Array(1.3854806, dtype=float32), 'validation/wer': np.float64(0.8967218654950997), 'validation/num_examples': 5348, 'test/ctc_loss': Array(1.3521407, dtype=float32), 'test/wer': np.float64(0.899579550301627), 'test/num_examples': 2472, 'score': 20440.230010986328, 'total_duration': 22205.258523225784, 'accumulated_submission_time': 20440.230010986328, 'accumulated_eval_time': 1761.8359718322754, 'accumulated_logging_time': 2.8939335346221924}
I0531 12:55:02.766719 140180426684160 logging_writer.py:48] [8071] accumulated_eval_time=1761.84, accumulated_logging_time=2.89393, accumulated_submission_time=20440.2, global_step=8071, preemption_count=0, score=20440.2, test/ctc_loss=1.3521406650543213, test/num_examples=2472, test/wer=0.89958, total_duration=22205.3, train/ctc_loss=1.3825013637542725, train/wer=0.943246, validation/ctc_loss=1.3854806423187256, validation/num_examples=5348, validation/wer=0.896722
/usr/local/lib/python3.11/multiprocessing/popen_fork.py:66: RuntimeWarning: os.fork() was called. os.fork() is incompatible with multithreaded code, and JAX is multithreaded, so this will likely lead to a deadlock.
  self.pid = os.fork()
I0531 13:19:09.964151 140195241383104 spec.py:333] Evaluating on the training split.
I0531 13:19:51.839534 140195241383104 spec.py:346] Evaluating on the validation split.
I0531 13:20:33.944857 140195241383104 spec.py:363] Evaluating on the test split.
I0531 13:20:54.889889 140195241383104 submission_runner.py:516] Time since start: 23757.44s, 	Step: 8794, 	{'train/ctc_loss': Array(0.9587414, dtype=float32), 'train/wer': np.float64(0.8962675082813845), 'validation/ctc_loss': Array(1.0178832, dtype=float32), 'validation/wer': np.float64(0.8756046927050645), 'validation/num_examples': 5348, 'test/ctc_loss': Array(0.9230388, dtype=float32), 'test/wer': np.float64(0.8629780838055776), 'test/num_examples': 2472, 'score': 21887.407292366028, 'total_duration': 23757.436416864395, 'accumulated_submission_time': 21887.407292366028, 'accumulated_eval_time': 1866.7594556808472, 'accumulated_logging_time': 2.9601829051971436}
I0531 13:20:54.942409 140180426684160 logging_writer.py:48] [8794] accumulated_eval_time=1866.76, accumulated_logging_time=2.96018, accumulated_submission_time=21887.4, global_step=8794, preemption_count=0, score=21887.4, test/ctc_loss=0.9230387806892395, test/num_examples=2472, test/wer=0.862978, total_duration=23757.4, train/ctc_loss=0.9587414264678955, train/wer=0.896268, validation/ctc_loss=1.0178831815719604, validation/num_examples=5348, validation/wer=0.875605
/usr/local/lib/python3.11/multiprocessing/popen_fork.py:66: RuntimeWarning: os.fork() was called. os.fork() is incompatible with multithreaded code, and JAX is multithreaded, so this will likely lead to a deadlock.
  self.pid = os.fork()
I0531 13:45:02.216252 140195241383104 spec.py:333] Evaluating on the training split.
I0531 13:45:51.385197 140195241383104 spec.py:346] Evaluating on the validation split.
I0531 13:46:35.513998 140195241383104 spec.py:363] Evaluating on the test split.
I0531 13:46:57.261767 140195241383104 submission_runner.py:516] Time since start: 25319.81s, 	Step: 9320, 	{'train/ctc_loss': Array(0.52343595, dtype=float32), 'train/wer': np.float64(0.5046128197522782), 'validation/ctc_loss': Array(0.63622, dtype=float32), 'validation/wer': np.float64(0.5855839327958287), 'validation/num_examples': 5348, 'test/ctc_loss': Array(0.5155509, dtype=float32), 'test/wer': np.float64(0.49373387768366744), 'test/num_examples': 2472, 'score': 23334.663644075394, 'total_duration': 25319.808293819427, 'accumulated_submission_time': 23334.663644075394, 'accumulated_eval_time': 1981.802588224411, 'accumulated_logging_time': 3.0237655639648438}
I0531 13:46:57.315845 140180426684160 logging_writer.py:48] [9320] accumulated_eval_time=1981.8, accumulated_logging_time=3.02377, accumulated_submission_time=23334.7, global_step=9320, preemption_count=0, score=23334.7, test/ctc_loss=0.5155509114265442, test/num_examples=2472, test/wer=0.493734, total_duration=25319.8, train/ctc_loss=0.5234359502792358, train/wer=0.504613, validation/ctc_loss=0.6362199783325195, validation/num_examples=5348, validation/wer=0.585584
I0531 14:11:06.594786 140195241383104 spec.py:333] Evaluating on the training split.
I0531 14:11:56.436105 140195241383104 spec.py:346] Evaluating on the validation split.
/usr/local/lib/python3.11/multiprocessing/popen_fork.py:66: RuntimeWarning: os.fork() was called. os.fork() is incompatible with multithreaded code, and JAX is multithreaded, so this will likely lead to a deadlock.
  self.pid = os.fork()
I0531 14:12:41.290167 140195241383104 spec.py:363] Evaluating on the test split.
I0531 14:13:04.203774 140195241383104 submission_runner.py:516] Time since start: 26886.75s, 	Step: 10021, 	{'train/ctc_loss': Array(0.2275082, dtype=float32), 'train/wer': np.float64(0.2749664153232796), 'validation/ctc_loss': Array(0.3204603, dtype=float32), 'validation/wer': np.float64(0.33882103027084437), 'validation/num_examples': 5348, 'test/ctc_loss': Array(0.2240132, dtype=float32), 'test/wer': np.float64(0.2607600593098125), 'test/num_examples': 2472, 'score': 24783.923677682877, 'total_duration': 26886.750322580338, 'accumulated_submission_time': 24783.923677682877, 'accumulated_eval_time': 2099.40904378891, 'accumulated_logging_time': 3.0888352394104004}
I0531 14:13:04.259147 140180426684160 logging_writer.py:48] [10021] accumulated_eval_time=2099.41, accumulated_logging_time=3.08884, accumulated_submission_time=24783.9, global_step=10021, preemption_count=0, score=24783.9, test/ctc_loss=0.22401319444179535, test/num_examples=2472, test/wer=0.26076, total_duration=26886.8, train/ctc_loss=0.22750820219516754, train/wer=0.274966, validation/ctc_loss=0.3204602897167206, validation/num_examples=5348, validation/wer=0.338821
/usr/local/lib/python3.11/multiprocessing/popen_fork.py:66: RuntimeWarning: os.fork() was called. os.fork() is incompatible with multithreaded code, and JAX is multithreaded, so this will likely lead to a deadlock.
  self.pid = os.fork()
I0531 14:37:11.972692 140195241383104 spec.py:333] Evaluating on the training split.
I0531 14:38:01.256588 140195241383104 spec.py:346] Evaluating on the validation split.
I0531 14:38:47.206968 140195241383104 spec.py:363] Evaluating on the test split.
I0531 14:39:09.671058 140195241383104 submission_runner.py:516] Time since start: 28452.22s, 	Step: 10656, 	{'train/ctc_loss': Array(0.14779086, dtype=float32), 'train/wer': np.float64(0.18748880894633177), 'validation/ctc_loss': Array(0.23751155, dtype=float32), 'validation/wer': np.float64(0.2671076135760151), 'validation/num_examples': 5348, 'test/ctc_loss': Array(0.1569382, dtype=float32), 'test/wer': np.float64(0.19570206974996446), 'test/num_examples': 2472, 'score': 26231.618113040924, 'total_duration': 28452.21761393547, 'accumulated_submission_time': 26231.618113040924, 'accumulated_eval_time': 2217.1049506664276, 'accumulated_logging_time': 3.1557512283325195}
I0531 14:39:09.724462 140180426684160 logging_writer.py:48] [10656] accumulated_eval_time=2217.1, accumulated_logging_time=3.15575, accumulated_submission_time=26231.6, global_step=10656, preemption_count=0, score=26231.6, test/ctc_loss=0.15693819522857666, test/num_examples=2472, test/wer=0.195702, total_duration=28452.2, train/ctc_loss=0.14779086410999298, train/wer=0.187489, validation/ctc_loss=0.237511545419693, validation/num_examples=5348, validation/wer=0.267108
I0531 15:03:22.157116 140195241383104 spec.py:333] Evaluating on the training split.
I0531 15:04:14.336905 140195241383104 spec.py:346] Evaluating on the validation split.
/usr/local/lib/python3.11/multiprocessing/popen_fork.py:66: RuntimeWarning: os.fork() was called. os.fork() is incompatible with multithreaded code, and JAX is multithreaded, so this will likely lead to a deadlock.
  self.pid = os.fork()
I0531 15:04:59.489708 140195241383104 spec.py:363] Evaluating on the test split.
I0531 15:05:22.589031 140195241383104 submission_runner.py:516] Time since start: 30025.14s, 	Step: 11188, 	{'train/ctc_loss': Array(0.12895551, dtype=float32), 'train/wer': np.float64(0.16739696613225527), 'validation/ctc_loss': Array(0.20575823, dtype=float32), 'validation/wer': np.float64(0.23568773234200743), 'validation/num_examples': 5348, 'test/ctc_loss': Array(0.13047978, dtype=float32), 'test/wer': np.float64(0.16539719293969493), 'test/num_examples': 2472, 'score': 27684.033319711685, 'total_duration': 30025.135576963425, 'accumulated_submission_time': 27684.033319711685, 'accumulated_eval_time': 2337.5343329906464, 'accumulated_logging_time': 3.2203011512756348}
I0531 15:05:22.642244 140180426684160 logging_writer.py:48] [11188] accumulated_eval_time=2337.53, accumulated_logging_time=3.2203, accumulated_submission_time=27684, global_step=11188, preemption_count=0, score=27684, test/ctc_loss=0.13047978281974792, test/num_examples=2472, test/wer=0.165397, total_duration=30025.1, train/ctc_loss=0.12895551323890686, train/wer=0.167397, validation/ctc_loss=0.2057582288980484, validation/num_examples=5348, validation/wer=0.235688
/usr/local/lib/python3.11/multiprocessing/popen_fork.py:66: RuntimeWarning: os.fork() was called. os.fork() is incompatible with multithreaded code, and JAX is multithreaded, so this will likely lead to a deadlock.
  self.pid = os.fork()
I0531 15:29:36.316154 140195241383104 spec.py:333] Evaluating on the training split.
I0531 15:30:26.879619 140195241383104 spec.py:346] Evaluating on the validation split.
I0531 15:31:11.438312 140195241383104 spec.py:363] Evaluating on the test split.
I0531 15:31:33.688038 140195241383104 submission_runner.py:516] Time since start: 31596.23s, 	Step: 11861, 	{'train/ctc_loss': Array(0.11073566, dtype=float32), 'train/wer': np.float64(0.14734060125536835), 'validation/ctc_loss': Array(0.18713742, dtype=float32), 'validation/wer': np.float64(0.21959156085550138), 'validation/num_examples': 5348, 'test/ctc_loss': Array(0.11505613, dtype=float32), 'test/wer': np.float64(0.152722767249609), 'test/num_examples': 2472, 'score': 29137.687092781067, 'total_duration': 31596.23453783989, 'accumulated_submission_time': 29137.687092781067, 'accumulated_eval_time': 2454.903815507889, 'accumulated_logging_time': 3.285447120666504}
I0531 15:31:33.741286 140180426684160 logging_writer.py:48] [11861] accumulated_eval_time=2454.9, accumulated_logging_time=3.28545, accumulated_submission_time=29137.7, global_step=11861, preemption_count=0, score=29137.7, test/ctc_loss=0.11505613476037979, test/num_examples=2472, test/wer=0.152723, total_duration=31596.2, train/ctc_loss=0.11073566228151321, train/wer=0.147341, validation/ctc_loss=0.1871374249458313, validation/num_examples=5348, validation/wer=0.219592
I0531 15:55:43.094499 140195241383104 spec.py:333] Evaluating on the training split.
I0531 15:56:33.510623 140195241383104 spec.py:346] Evaluating on the validation split.
/usr/local/lib/python3.11/multiprocessing/popen_fork.py:66: RuntimeWarning: os.fork() was called. os.fork() is incompatible with multithreaded code, and JAX is multithreaded, so this will likely lead to a deadlock.
  self.pid = os.fork()
I0531 15:57:18.725786 140195241383104 spec.py:363] Evaluating on the test split.
I0531 15:57:40.947170 140195241383104 submission_runner.py:516] Time since start: 33163.49s, 	Step: 12334, 	{'train/ctc_loss': Array(0.09051646, dtype=float32), 'train/wer': np.float64(0.1247911605834179), 'validation/ctc_loss': Array(0.18173374, dtype=float32), 'validation/wer': np.float64(0.21402018056293148), 'validation/num_examples': 5348, 'test/ctc_loss': Array(0.11091415, dtype=float32), 'test/wer': np.float64(0.14516685962667317), 'test/num_examples': 2472, 'score': 30587.0218834877, 'total_duration': 33163.49297308922, 'accumulated_submission_time': 30587.0218834877, 'accumulated_eval_time': 2572.75319981575, 'accumulated_logging_time': 3.3514041900634766}
I0531 15:57:41.000398 140180426684160 logging_writer.py:48] [12334] accumulated_eval_time=2572.75, accumulated_logging_time=3.3514, accumulated_submission_time=30587, global_step=12334, preemption_count=0, score=30587, test/ctc_loss=0.11091414839029312, test/num_examples=2472, test/wer=0.145167, total_duration=33163.5, train/ctc_loss=0.09051645547151566, train/wer=0.124791, validation/ctc_loss=0.18173374235630035, validation/num_examples=5348, validation/wer=0.21402
/usr/local/lib/python3.11/multiprocessing/popen_fork.py:66: RuntimeWarning: os.fork() was called. os.fork() is incompatible with multithreaded code, and JAX is multithreaded, so this will likely lead to a deadlock.
  self.pid = os.fork()
I0531 16:21:52.397743 140195241383104 spec.py:333] Evaluating on the training split.
I0531 16:22:42.149658 140195241383104 spec.py:346] Evaluating on the validation split.
I0531 16:23:26.573972 140195241383104 spec.py:363] Evaluating on the test split.
I0531 16:23:48.657001 140195241383104 submission_runner.py:516] Time since start: 34731.20s, 	Step: 13007, 	{'train/ctc_loss': Array(0.10171404, dtype=float32), 'train/wer': np.float64(0.1372832675128297), 'validation/ctc_loss': Array(0.18080802, dtype=float32), 'validation/wer': np.float64(0.21350842466084102), 'validation/num_examples': 5348, 'test/ctc_loss': Array(0.11004203, dtype=float32), 'test/wer': np.float64(0.14459813539698982), 'test/num_examples': 2472, 'score': 32038.3987698555, 'total_duration': 34731.20345926285, 'accumulated_submission_time': 32038.3987698555, 'accumulated_eval_time': 2689.009989976883, 'accumulated_logging_time': 3.416985511779785}
I0531 16:23:48.710905 140180426684160 logging_writer.py:48] [13007] accumulated_eval_time=2689.01, accumulated_logging_time=3.41699, accumulated_submission_time=32038.4, global_step=13007, preemption_count=0, score=32038.4, test/ctc_loss=0.1100420281291008, test/num_examples=2472, test/wer=0.144598, total_duration=34731.2, train/ctc_loss=0.10171403735876083, train/wer=0.137283, validation/ctc_loss=0.18080802261829376, validation/num_examples=5348, validation/wer=0.213508
/usr/local/lib/python3.11/multiprocessing/popen_fork.py:66: RuntimeWarning: os.fork() was called. os.fork() is incompatible with multithreaded code, and JAX is multithreaded, so this will likely lead to a deadlock.
  self.pid = os.fork()
I0531 16:47:57.744108 140195241383104 spec.py:333] Evaluating on the training split.
I0531 16:48:47.436954 140195241383104 spec.py:346] Evaluating on the validation split.
I0531 16:49:32.537395 140195241383104 spec.py:363] Evaluating on the test split.
I0531 16:49:55.098329 140195241383104 submission_runner.py:516] Time since start: 36297.64s, 	Step: 13507, 	{'train/ctc_loss': Array(0.13000593, dtype=float32), 'train/wer': np.float64(0.17212781306444352), 'validation/ctc_loss': Array(0.17515777, dtype=float32), 'validation/wer': np.float64(0.20750253464008112), 'validation/num_examples': 5348, 'test/ctc_loss': Array(0.10636278, dtype=float32), 'test/wer': np.float64(0.13923587837426116), 'test/num_examples': 2472, 'score': 33487.41351723671, 'total_duration': 36297.64440226555, 'accumulated_submission_time': 33487.41351723671, 'accumulated_eval_time': 2806.361380815506, 'accumulated_logging_time': 3.4829258918762207}
I0531 16:49:55.177399 140180426684160 logging_writer.py:48] [13507] accumulated_eval_time=2806.36, accumulated_logging_time=3.48293, accumulated_submission_time=33487.4, global_step=13507, preemption_count=0, score=33487.4, test/ctc_loss=0.10636278241872787, test/num_examples=2472, test/wer=0.139236, total_duration=36297.6, train/ctc_loss=0.13000592589378357, train/wer=0.172128, validation/ctc_loss=0.17515777051448822, validation/num_examples=5348, validation/wer=0.207503
I0531 17:14:07.186403 140195241383104 spec.py:333] Evaluating on the training split.
I0531 17:14:56.796757 140195241383104 spec.py:346] Evaluating on the validation split.
/usr/local/lib/python3.11/multiprocessing/popen_fork.py:66: RuntimeWarning: os.fork() was called. os.fork() is incompatible with multithreaded code, and JAX is multithreaded, so this will likely lead to a deadlock.
  self.pid = os.fork()
I0531 17:15:42.541147 140195241383104 spec.py:363] Evaluating on the test split.
I0531 17:16:05.425941 140195241383104 submission_runner.py:516] Time since start: 37867.97s, 	Step: 14097, 	{'train/ctc_loss': Array(0.13639174, dtype=float32), 'train/wer': np.float64(0.17939124111093224), 'validation/ctc_loss': Array(0.17402993, dtype=float32), 'validation/wer': np.float64(0.20678800753150195), 'validation/num_examples': 5348, 'test/ctc_loss': Array(0.10473247, dtype=float32), 'test/wer': np.float64(0.13931712469278737), 'test/num_examples': 2472, 'score': 34939.404119729996, 'total_duration': 37867.9725420475, 'accumulated_submission_time': 34939.404119729996, 'accumulated_eval_time': 2924.598444700241, 'accumulated_logging_time': 3.5733816623687744}
I0531 17:16:05.480911 140180426684160 logging_writer.py:48] [14097] accumulated_eval_time=2924.6, accumulated_logging_time=3.57338, accumulated_submission_time=34939.4, global_step=14097, preemption_count=0, score=34939.4, test/ctc_loss=0.1047324687242508, test/num_examples=2472, test/wer=0.139317, total_duration=37868, train/ctc_loss=0.136391744017601, train/wer=0.179391, validation/ctc_loss=0.17402993142604828, validation/num_examples=5348, validation/wer=0.206788
/usr/local/lib/python3.11/multiprocessing/popen_fork.py:66: RuntimeWarning: os.fork() was called. os.fork() is incompatible with multithreaded code, and JAX is multithreaded, so this will likely lead to a deadlock.
  self.pid = os.fork()
I0531 17:40:12.904770 140195241383104 spec.py:333] Evaluating on the training split.
I0531 17:41:02.339579 140195241383104 spec.py:346] Evaluating on the validation split.
I0531 17:41:46.945689 140195241383104 spec.py:363] Evaluating on the test split.
I0531 17:42:09.576358 140195241383104 submission_runner.py:516] Time since start: 39432.12s, 	Step: 14588, 	{'train/ctc_loss': Array(0.15464568, dtype=float32), 'train/wer': np.float64(0.20319272774069763), 'validation/ctc_loss': Array(0.17100845, dtype=float32), 'validation/wer': np.float64(0.2022015159561628), 'validation/num_examples': 5348, 'test/ctc_loss': Array(0.10283551, dtype=float32), 'test/wer': np.float64(0.13519387402758312), 'test/num_examples': 2472, 'score': 36386.80906701088, 'total_duration': 39432.12213873863, 'accumulated_submission_time': 36386.80906701088, 'accumulated_eval_time': 3041.266903400421, 'accumulated_logging_time': 3.641113519668579}
I0531 17:42:09.629274 140180426684160 logging_writer.py:48] [14588] accumulated_eval_time=3041.27, accumulated_logging_time=3.64111, accumulated_submission_time=36386.8, global_step=14588, preemption_count=0, score=36386.8, test/ctc_loss=0.102835513651371, test/num_examples=2472, test/wer=0.135194, total_duration=39432.1, train/ctc_loss=0.15464568138122559, train/wer=0.203193, validation/ctc_loss=0.17100845277309418, validation/num_examples=5348, validation/wer=0.202202
I0531 18:06:19.818577 140195241383104 spec.py:333] Evaluating on the training split.
I0531 18:07:08.863845 140195241383104 spec.py:346] Evaluating on the validation split.
/usr/local/lib/python3.11/multiprocessing/popen_fork.py:66: RuntimeWarning: os.fork() was called. os.fork() is incompatible with multithreaded code, and JAX is multithreaded, so this will likely lead to a deadlock.
  self.pid = os.fork()
I0531 18:07:54.533502 140195241383104 spec.py:363] Evaluating on the test split.
I0531 18:08:17.243838 140195241383104 submission_runner.py:516] Time since start: 40999.79s, 	Step: 15188, 	{'train/ctc_loss': Array(0.14077514, dtype=float32), 'train/wer': np.float64(0.18119035142979942), 'validation/ctc_loss': Array(0.1708969, dtype=float32), 'validation/wer': np.float64(0.20148698884758365), 'validation/num_examples': 5348, 'test/ctc_loss': Array(0.10353975, dtype=float32), 'test/wer': np.float64(0.13618914142952898), 'test/num_examples': 2472, 'score': 37836.979845285416, 'total_duration': 40999.79040694237, 'accumulated_submission_time': 37836.979845285416, 'accumulated_eval_time': 3158.689654111862, 'accumulated_logging_time': 3.7052860260009766}
I0531 18:08:17.301253 140180426684160 logging_writer.py:48] [15188] accumulated_eval_time=3158.69, accumulated_logging_time=3.70529, accumulated_submission_time=37837, global_step=15188, preemption_count=0, score=37837, test/ctc_loss=0.10353974997997284, test/num_examples=2472, test/wer=0.136189, total_duration=40999.8, train/ctc_loss=0.1407751441001892, train/wer=0.18119, validation/ctc_loss=0.17089690268039703, validation/num_examples=5348, validation/wer=0.201487
/usr/local/lib/python3.11/multiprocessing/popen_fork.py:66: RuntimeWarning: os.fork() was called. os.fork() is incompatible with multithreaded code, and JAX is multithreaded, so this will likely lead to a deadlock.
  self.pid = os.fork()
I0531 18:32:25.208247 140195241383104 spec.py:333] Evaluating on the training split.
I0531 18:33:14.937847 140195241383104 spec.py:346] Evaluating on the validation split.
I0531 18:33:59.755684 140195241383104 spec.py:363] Evaluating on the test split.
I0531 18:34:21.793586 140195241383104 submission_runner.py:516] Time since start: 42564.34s, 	Step: 15794, 	{'train/ctc_loss': Array(0.12792964, dtype=float32), 'train/wer': np.float64(0.1726086424014341), 'validation/ctc_loss': Array(0.16348495, dtype=float32), 'validation/wer': np.float64(0.1938782407183894), 'validation/num_examples': 5348, 'test/ctc_loss': Array(0.09864854, dtype=float32), 'test/wer': np.float64(0.13129405073832592), 'test/num_examples': 2472, 'score': 39284.867505550385, 'total_duration': 42564.3398373127, 'accumulated_submission_time': 39284.867505550385, 'accumulated_eval_time': 3275.2725059986115, 'accumulated_logging_time': 3.774240493774414}
I0531 18:34:21.847004 140180426684160 logging_writer.py:48] [15794] accumulated_eval_time=3275.27, accumulated_logging_time=3.77424, accumulated_submission_time=39284.9, global_step=15794, preemption_count=0, score=39284.9, test/ctc_loss=0.0986485406756401, test/num_examples=2472, test/wer=0.131294, total_duration=42564.3, train/ctc_loss=0.12792964279651642, train/wer=0.172609, validation/ctc_loss=0.16348494589328766, validation/num_examples=5348, validation/wer=0.193878
I0531 18:58:29.651477 140195241383104 spec.py:333] Evaluating on the training split.
I0531 18:59:19.381956 140195241383104 spec.py:346] Evaluating on the validation split.
/usr/local/lib/python3.11/multiprocessing/popen_fork.py:66: RuntimeWarning: os.fork() was called. os.fork() is incompatible with multithreaded code, and JAX is multithreaded, so this will likely lead to a deadlock.
  self.pid = os.fork()
I0531 19:00:05.259306 140195241383104 spec.py:363] Evaluating on the test split.
I0531 19:00:28.382393 140195241383104 submission_runner.py:516] Time since start: 44130.93s, 	Step: 16304, 	{'train/ctc_loss': Array(0.11710219, dtype=float32), 'train/wer': np.float64(0.16065427573981228), 'validation/ctc_loss': Array(0.166198, dtype=float32), 'validation/wer': np.float64(0.19657220103316758), 'validation/num_examples': 5348, 'test/ctc_loss': Array(0.09767289, dtype=float32), 'test/wer': np.float64(0.12999410964190686), 'test/num_examples': 2472, 'score': 40732.65390396118, 'total_duration': 44130.92866420746, 'accumulated_submission_time': 40732.65390396118, 'accumulated_eval_time': 3394.0006773471832, 'accumulated_logging_time': 3.838919162750244}
I0531 19:00:28.439597 140180426684160 logging_writer.py:48] [16304] accumulated_eval_time=3394, accumulated_logging_time=3.83892, accumulated_submission_time=40732.7, global_step=16304, preemption_count=0, score=40732.7, test/ctc_loss=0.09767288714647293, test/num_examples=2472, test/wer=0.129994, total_duration=44130.9, train/ctc_loss=0.11710219085216522, train/wer=0.160654, validation/ctc_loss=0.1661980003118515, validation/num_examples=5348, validation/wer=0.196572
/usr/local/lib/python3.11/multiprocessing/popen_fork.py:66: RuntimeWarning: os.fork() was called. os.fork() is incompatible with multithreaded code, and JAX is multithreaded, so this will likely lead to a deadlock.
  self.pid = os.fork()
I0531 19:24:36.654196 140195241383104 spec.py:333] Evaluating on the training split.
I0531 19:25:27.629820 140195241383104 spec.py:346] Evaluating on the validation split.
I0531 19:26:13.646397 140195241383104 spec.py:363] Evaluating on the test split.
I0531 19:26:35.760170 140195241383104 submission_runner.py:516] Time since start: 45698.31s, 	Step: 16952, 	{'train/ctc_loss': Array(0.1271462, dtype=float32), 'train/wer': np.float64(0.16962748537694092), 'validation/ctc_loss': Array(0.16085786, dtype=float32), 'validation/wer': np.float64(0.19058562255588277), 'validation/num_examples': 5348, 'test/ctc_loss': Array(0.09628036, dtype=float32), 'test/wer': np.float64(0.12737391586943717), 'test/num_examples': 2472, 'score': 42180.849110126495, 'total_duration': 45698.30606198311, 'accumulated_submission_time': 42180.849110126495, 'accumulated_eval_time': 3513.1036162376404, 'accumulated_logging_time': 3.907316207885742}
I0531 19:26:35.813804 140180426684160 logging_writer.py:48] [16952] accumulated_eval_time=3513.1, accumulated_logging_time=3.90732, accumulated_submission_time=42180.8, global_step=16952, preemption_count=0, score=42180.8, test/ctc_loss=0.09628035873174667, test/num_examples=2472, test/wer=0.127374, total_duration=45698.3, train/ctc_loss=0.12714619934558868, train/wer=0.169627, validation/ctc_loss=0.16085785627365112, validation/num_examples=5348, validation/wer=0.190586
I0531 19:50:45.788925 140195241383104 spec.py:333] Evaluating on the training split.
I0531 19:51:36.923515 140195241383104 spec.py:346] Evaluating on the validation split.
/usr/local/lib/python3.11/multiprocessing/popen_fork.py:66: RuntimeWarning: os.fork() was called. os.fork() is incompatible with multithreaded code, and JAX is multithreaded, so this will likely lead to a deadlock.
  self.pid = os.fork()
I0531 19:52:22.124001 140195241383104 spec.py:363] Evaluating on the test split.
I0531 19:52:44.589566 140195241383104 submission_runner.py:516] Time since start: 47267.14s, 	Step: 17460, 	{'train/ctc_loss': Array(0.11887437, dtype=float32), 'train/wer': np.float64(0.16267608658306132), 'validation/ctc_loss': Array(0.16016477, dtype=float32), 'validation/wer': np.float64(0.1877661372085164), 'validation/num_examples': 5348, 'test/ctc_loss': Array(0.09408531, dtype=float32), 'test/wer': np.float64(0.12524120000812464), 'test/num_examples': 2472, 'score': 43630.8064930439, 'total_duration': 47267.13610458374, 'accumulated_submission_time': 43630.8064930439, 'accumulated_eval_time': 3631.901715993881, 'accumulated_logging_time': 3.972334146499634}
I0531 19:52:44.645503 140180426684160 logging_writer.py:48] [17460] accumulated_eval_time=3631.9, accumulated_logging_time=3.97233, accumulated_submission_time=43630.8, global_step=17460, preemption_count=0, score=43630.8, test/ctc_loss=0.09408530592918396, test/num_examples=2472, test/wer=0.125241, total_duration=47267.1, train/ctc_loss=0.11887437105178833, train/wer=0.162676, validation/ctc_loss=0.16016477346420288, validation/num_examples=5348, validation/wer=0.187766
/usr/local/lib/python3.11/multiprocessing/popen_fork.py:66: RuntimeWarning: os.fork() was called. os.fork() is incompatible with multithreaded code, and JAX is multithreaded, so this will likely lead to a deadlock.
  self.pid = os.fork()
I0531 20:16:52.468610 140195241383104 spec.py:333] Evaluating on the training split.
I0531 20:17:42.882045 140195241383104 spec.py:346] Evaluating on the validation split.
I0531 20:18:28.110713 140195241383104 spec.py:363] Evaluating on the test split.
I0531 20:18:50.668000 140195241383104 submission_runner.py:516] Time since start: 48833.21s, 	Step: 18197, 	{'train/ctc_loss': Array(0.11905403, dtype=float32), 'train/wer': np.float64(0.1618752644311611), 'validation/ctc_loss': Array(0.15794791, dtype=float32), 'validation/wer': np.float64(0.18588326171969294), 'validation/num_examples': 5348, 'test/ctc_loss': Array(0.09315299, dtype=float32), 'test/wer': np.float64(0.12347409258017997), 'test/num_examples': 2472, 'score': 45078.609385967255, 'total_duration': 48833.21402192116, 'accumulated_submission_time': 45078.609385967255, 'accumulated_eval_time': 3750.098211288452, 'accumulated_logging_time': 4.039754629135132}
I0531 20:18:50.726477 140180426684160 logging_writer.py:48] [18197] accumulated_eval_time=3750.1, accumulated_logging_time=4.03975, accumulated_submission_time=45078.6, global_step=18197, preemption_count=0, score=45078.6, test/ctc_loss=0.09315299242734909, test/num_examples=2472, test/wer=0.123474, total_duration=48833.2, train/ctc_loss=0.11905403435230255, train/wer=0.161875, validation/ctc_loss=0.15794791281223297, validation/num_examples=5348, validation/wer=0.185883
/usr/local/lib/python3.11/multiprocessing/popen_fork.py:66: RuntimeWarning: os.fork() was called. os.fork() is incompatible with multithreaded code, and JAX is multithreaded, so this will likely lead to a deadlock.
  self.pid = os.fork()
I0531 20:42:58.149677 140195241383104 spec.py:333] Evaluating on the training split.
I0531 20:43:49.789090 140195241383104 spec.py:346] Evaluating on the validation split.
I0531 20:44:34.771366 140195241383104 spec.py:363] Evaluating on the test split.
I0531 20:44:57.457990 140195241383104 submission_runner.py:516] Time since start: 50400.00s, 	Step: 18835, 	{'train/ctc_loss': Array(0.12305619, dtype=float32), 'train/wer': np.float64(0.16255072463768117), 'validation/ctc_loss': Array(0.15679337, dtype=float32), 'validation/wer': np.float64(0.185207357698064), 'validation/num_examples': 5348, 'test/ctc_loss': Array(0.09185629, dtype=float32), 'test/wer': np.float64(0.1205695366928686), 'test/num_examples': 2472, 'score': 46526.01318979263, 'total_duration': 50400.00462961197, 'accumulated_submission_time': 46526.01318979263, 'accumulated_eval_time': 3869.4042484760284, 'accumulated_logging_time': 4.109649419784546}
I0531 20:44:57.512544 140180426684160 logging_writer.py:48] [18835] accumulated_eval_time=3869.4, accumulated_logging_time=4.10965, accumulated_submission_time=46526, global_step=18835, preemption_count=0, score=46526, test/ctc_loss=0.09185629338026047, test/num_examples=2472, test/wer=0.12057, total_duration=50400, train/ctc_loss=0.12305618822574615, train/wer=0.162551, validation/ctc_loss=0.15679337084293365, validation/num_examples=5348, validation/wer=0.185207
I0531 21:09:04.743187 140195241383104 spec.py:333] Evaluating on the training split.
I0531 21:09:55.023002 140195241383104 spec.py:346] Evaluating on the validation split.
/usr/local/lib/python3.11/multiprocessing/popen_fork.py:66: RuntimeWarning: os.fork() was called. os.fork() is incompatible with multithreaded code, and JAX is multithreaded, so this will likely lead to a deadlock.
  self.pid = os.fork()
I0531 21:10:40.411820 140195241383104 spec.py:363] Evaluating on the test split.
I0531 21:11:02.937026 140195241383104 submission_runner.py:516] Time since start: 51965.48s, 	Step: 19409, 	{'train/ctc_loss': Array(0.12230255, dtype=float32), 'train/wer': np.float64(0.1630839142428717), 'validation/ctc_loss': Array(0.15385842, dtype=float32), 'validation/wer': np.float64(0.18135470477477914), 'validation/num_examples': 5348, 'test/ctc_loss': Array(0.08940779, dtype=float32), 'test/wer': np.float64(0.11969613876871205), 'test/num_examples': 2472, 'score': 47973.22578763962, 'total_duration': 51965.4832072258, 'accumulated_submission_time': 47973.22578763962, 'accumulated_eval_time': 3987.595181465149, 'accumulated_logging_time': 4.175556898117065}
I0531 21:11:02.994258 140180426684160 logging_writer.py:48] [19409] accumulated_eval_time=3987.6, accumulated_logging_time=4.17556, accumulated_submission_time=47973.2, global_step=19409, preemption_count=0, score=47973.2, test/ctc_loss=0.0894077941775322, test/num_examples=2472, test/wer=0.119696, total_duration=51965.5, train/ctc_loss=0.12230255454778671, train/wer=0.163084, validation/ctc_loss=0.15385842323303223, validation/num_examples=5348, validation/wer=0.181355
/usr/local/lib/python3.11/multiprocessing/popen_fork.py:66: RuntimeWarning: os.fork() was called. os.fork() is incompatible with multithreaded code, and JAX is multithreaded, so this will likely lead to a deadlock.
  self.pid = os.fork()
I0531 21:35:10.794510 140195241383104 spec.py:333] Evaluating on the training split.
I0531 21:36:01.552751 140195241383104 spec.py:346] Evaluating on the validation split.
I0531 21:36:46.326541 140195241383104 spec.py:363] Evaluating on the test split.
I0531 21:37:08.469457 140195241383104 submission_runner.py:516] Time since start: 53531.02s, 	Step: 20119, 	{'train/ctc_loss': Array(0.11622734, dtype=float32), 'train/wer': np.float64(0.15464664176259815), 'validation/ctc_loss': Array(0.15114985, dtype=float32), 'validation/wer': np.float64(0.1797518466663448), 'validation/num_examples': 5348, 'test/ctc_loss': Array(0.0882072, dtype=float32), 'test/wer': np.float64(0.11788840818150427), 'test/num_examples': 2472, 'score': 49421.00614762306, 'total_duration': 53531.01585197449, 'accumulated_submission_time': 49421.00614762306, 'accumulated_eval_time': 4105.267608165741, 'accumulated_logging_time': 4.244113445281982}
I0531 21:37:08.526359 140180426684160 logging_writer.py:48] [20119] accumulated_eval_time=4105.27, accumulated_logging_time=4.24411, accumulated_submission_time=49421, global_step=20119, preemption_count=0, score=49421, test/ctc_loss=0.0882072001695633, test/num_examples=2472, test/wer=0.117888, total_duration=53531, train/ctc_loss=0.11622733622789383, train/wer=0.154647, validation/ctc_loss=0.15114985406398773, validation/num_examples=5348, validation/wer=0.179752
/usr/local/lib/python3.11/multiprocessing/popen_fork.py:66: RuntimeWarning: os.fork() was called. os.fork() is incompatible with multithreaded code, and JAX is multithreaded, so this will likely lead to a deadlock.
  self.pid = os.fork()
I0531 22:01:15.672277 140195241383104 spec.py:333] Evaluating on the training split.
I0531 22:02:04.904094 140195241383104 spec.py:346] Evaluating on the validation split.
I0531 22:02:54.482862 140195241383104 spec.py:363] Evaluating on the test split.
I0531 22:03:16.756466 140195241383104 submission_runner.py:516] Time since start: 55099.30s, 	Step: 20633, 	{'train/ctc_loss': Array(0.11091144, dtype=float32), 'train/wer': np.float64(0.14972425852444685), 'validation/ctc_loss': Array(0.14901294, dtype=float32), 'validation/wer': np.float64(0.17725100178631778), 'validation/num_examples': 5348, 'test/ctc_loss': Array(0.08578613, dtype=float32), 'test/wer': np.float64(0.11453699754229886), 'test/num_examples': 2472, 'score': 50868.13437986374, 'total_duration': 55099.30266666412, 'accumulated_submission_time': 50868.13437986374, 'accumulated_eval_time': 4226.349079847336, 'accumulated_logging_time': 4.312319040298462}
I0531 22:03:16.813271 140180426684160 logging_writer.py:48] [20633] accumulated_eval_time=4226.35, accumulated_logging_time=4.31232, accumulated_submission_time=50868.1, global_step=20633, preemption_count=0, score=50868.1, test/ctc_loss=0.0857861340045929, test/num_examples=2472, test/wer=0.114537, total_duration=55099.3, train/ctc_loss=0.11091144382953644, train/wer=0.149724, validation/ctc_loss=0.14901293814182281, validation/num_examples=5348, validation/wer=0.177251
I0531 22:27:24.584472 140195241383104 spec.py:333] Evaluating on the training split.
I0531 22:28:13.340633 140195241383104 spec.py:346] Evaluating on the validation split.
/usr/local/lib/python3.11/multiprocessing/popen_fork.py:66: RuntimeWarning: os.fork() was called. os.fork() is incompatible with multithreaded code, and JAX is multithreaded, so this will likely lead to a deadlock.
  self.pid = os.fork()
I0531 22:28:59.322488 140195241383104 spec.py:363] Evaluating on the test split.
I0531 22:29:22.408905 140195241383104 submission_runner.py:516] Time since start: 56664.96s, 	Step: 21326, 	{'train/ctc_loss': Array(0.10867736, dtype=float32), 'train/wer': np.float64(0.14792227648213227), 'validation/ctc_loss': Array(0.14572877, dtype=float32), 'validation/wer': np.float64(0.1739197605368609), 'validation/num_examples': 5348, 'test/ctc_loss': Array(0.0836205, dtype=float32), 'test/wer': np.float64(0.11149026059756667), 'test/num_examples': 2472, 'score': 52315.88617968559, 'total_duration': 56664.95550489426, 'accumulated_submission_time': 52315.88617968559, 'accumulated_eval_time': 4344.171035528183, 'accumulated_logging_time': 4.380356073379517}
I0531 22:29:22.468663 140180426684160 logging_writer.py:48] [21326] accumulated_eval_time=4344.17, accumulated_logging_time=4.38036, accumulated_submission_time=52315.9, global_step=21326, preemption_count=0, score=52315.9, test/ctc_loss=0.08362049609422684, test/num_examples=2472, test/wer=0.11149, total_duration=56665, train/ctc_loss=0.10867735743522644, train/wer=0.147922, validation/ctc_loss=0.14572876691818237, validation/num_examples=5348, validation/wer=0.17392
/usr/local/lib/python3.11/multiprocessing/popen_fork.py:66: RuntimeWarning: os.fork() was called. os.fork() is incompatible with multithreaded code, and JAX is multithreaded, so this will likely lead to a deadlock.
  self.pid = os.fork()
I0531 22:53:32.829975 140195241383104 spec.py:333] Evaluating on the training split.
I0531 22:54:21.951173 140195241383104 spec.py:346] Evaluating on the validation split.
I0531 22:55:20.470987 140195241383104 spec.py:363] Evaluating on the test split.
I0531 22:55:45.467874 140195241383104 submission_runner.py:516] Time since start: 58248.01s, 	Step: 22005, 	{'train/ctc_loss': Array(0.10564788, dtype=float32), 'train/wer': np.float64(0.14366937463732535), 'validation/ctc_loss': Array(0.14510725, dtype=float32), 'validation/wer': np.float64(0.17115820981991986), 'validation/num_examples': 5348, 'test/ctc_loss': Array(0.08238684, dtype=float32), 'test/wer': np.float64(0.10864663944914996), 'test/num_examples': 2472, 'score': 53766.227803468704, 'total_duration': 58248.01438498497, 'accumulated_submission_time': 53766.227803468704, 'accumulated_eval_time': 4476.80641245842, 'accumulated_logging_time': 4.4516026973724365}
I0531 22:55:45.523834 140180426684160 logging_writer.py:48] [22005] accumulated_eval_time=4476.81, accumulated_logging_time=4.4516, accumulated_submission_time=53766.2, global_step=22005, preemption_count=0, score=53766.2, test/ctc_loss=0.08238684386014938, test/num_examples=2472, test/wer=0.108647, total_duration=58248, train/ctc_loss=0.10564787685871124, train/wer=0.143669, validation/ctc_loss=0.14510725438594818, validation/num_examples=5348, validation/wer=0.171158
I0531 23:19:55.748580 140195241383104 spec.py:333] Evaluating on the training split.
I0531 23:20:44.364403 140195241383104 spec.py:346] Evaluating on the validation split.
/usr/local/lib/python3.11/multiprocessing/popen_fork.py:66: RuntimeWarning: os.fork() was called. os.fork() is incompatible with multithreaded code, and JAX is multithreaded, so this will likely lead to a deadlock.
  self.pid = os.fork()
I0531 23:21:29.602804 140195241383104 spec.py:363] Evaluating on the test split.
I0531 23:21:51.753386 140195241383104 submission_runner.py:516] Time since start: 59814.30s, 	Step: 22597, 	{'train/ctc_loss': Array(0.10617629, dtype=float32), 'train/wer': np.float64(0.1433581762384919), 'validation/ctc_loss': Array(0.14407165, dtype=float32), 'validation/wer': np.float64(0.17074301163520494), 'validation/num_examples': 5348, 'test/ctc_loss': Array(0.08186349, dtype=float32), 'test/wer': np.float64(0.1087481973473077), 'test/num_examples': 2472, 'score': 55216.434223890305, 'total_duration': 59814.300114393234, 'accumulated_submission_time': 55216.434223890305, 'accumulated_eval_time': 4592.808867454529, 'accumulated_logging_time': 4.518863677978516}
I0531 23:21:51.808866 140180426684160 logging_writer.py:48] [22597] accumulated_eval_time=4592.81, accumulated_logging_time=4.51886, accumulated_submission_time=55216.4, global_step=22597, preemption_count=0, score=55216.4, test/ctc_loss=0.08186348527669907, test/num_examples=2472, test/wer=0.108748, total_duration=59814.3, train/ctc_loss=0.10617629438638687, train/wer=0.143358, validation/ctc_loss=0.14407165348529816, validation/num_examples=5348, validation/wer=0.170743
/usr/local/lib/python3.11/multiprocessing/popen_fork.py:66: RuntimeWarning: os.fork() was called. os.fork() is incompatible with multithreaded code, and JAX is multithreaded, so this will likely lead to a deadlock.
  self.pid = os.fork()
I0531 23:46:02.844286 140180426684160 logging_writer.py:48] [23393] global_step=23393, preemption_count=0, score=56667.4
I0531 23:46:13.337824 140195241383104 submission_runner.py:857] Final librispeech_deepspeech score: 56667.4032099247
