torchrun --redirects 1:0,2:0,3:0 --standalone --nnodes=1 --nproc_per_node=4 submission_runner.py --framework=pytorch --workload=criteo1tb --submission_path=submissions_algorithms/submissions/self_tuning/muon_torch/submission.py --data_dir=/data/criteo1tb --experiment_dir=/experiment_runs --experiment_name=submissions_a100/muon_torch/study_2 --overwrite=True --save_checkpoints=False --rng_seed=1215879345 --torch_compile=true --tuning_ruleset=self 2>&1 | tee -a /logs/criteo1tb_pytorch_05-23-2026-04-09-08.log
W0523 04:09:26.750000 9 site-packages/torch/distributed/run.py:803] 
W0523 04:09:26.750000 9 site-packages/torch/distributed/run.py:803] *****************************************
W0523 04:09:26.750000 9 site-packages/torch/distributed/run.py:803] Setting OMP_NUM_THREADS environment variable for each process to be 1 in default, to avoid your system being overloaded, please further tune the variable for optimal performance in your application as needed. 
W0523 04:09:26.750000 9 site-packages/torch/distributed/run.py:803] *****************************************
2026-05-23 04:09:36.057127: E external/local_xla/xla/stream_executor/cuda/cuda_fft.cc:467] Unable to register cuFFT factory: Attempting to register factory for plugin cuFFT when one has already been registered
2026-05-23 04:09:36.057175: E external/local_xla/xla/stream_executor/cuda/cuda_fft.cc:467] Unable to register cuFFT factory: Attempting to register factory for plugin cuFFT when one has already been registered
2026-05-23 04:09:36.057128: E external/local_xla/xla/stream_executor/cuda/cuda_fft.cc:467] Unable to register cuFFT factory: Attempting to register factory for plugin cuFFT when one has already been registered
2026-05-23 04:09:36.057126: E external/local_xla/xla/stream_executor/cuda/cuda_fft.cc:467] Unable to register cuFFT factory: Attempting to register factory for plugin cuFFT when one has already been registered
WARNING: All log messages before absl::InitializeLog() is called are written to STDERR
WARNING: All log messages before absl::InitializeLog() is called are written to STDERR
E0000 00:00:1779509376.411426      41 cuda_dnn.cc:8579] Unable to register cuDNN factory: Attempting to register factory for plugin cuDNN when one has already been registered
WARNING: All log messages before absl::InitializeLog() is called are written to STDERR
E0000 00:00:1779509376.411433      40 cuda_dnn.cc:8579] Unable to register cuDNN factory: Attempting to register factory for plugin cuDNN when one has already been registered
E0000 00:00:1779509376.411447      39 cuda_dnn.cc:8579] Unable to register cuDNN factory: Attempting to register factory for plugin cuDNN when one has already been registered
WARNING: All log messages before absl::InitializeLog() is called are written to STDERR
E0000 00:00:1779509376.411428      38 cuda_dnn.cc:8579] Unable to register cuDNN factory: Attempting to register factory for plugin cuDNN when one has already been registered
E0000 00:00:1779509376.543838      38 cuda_blas.cc:1407] Unable to register cuBLAS factory: Attempting to register factory for plugin cuBLAS when one has already been registered
E0000 00:00:1779509376.543846      41 cuda_blas.cc:1407] Unable to register cuBLAS factory: Attempting to register factory for plugin cuBLAS when one has already been registered
E0000 00:00:1779509376.543861      39 cuda_blas.cc:1407] Unable to register cuBLAS factory: Attempting to register factory for plugin cuBLAS when one has already been registered
E0000 00:00:1779509376.543880      40 cuda_blas.cc:1407] Unable to register cuBLAS factory: Attempting to register factory for plugin cuBLAS when one has already been registered
W0000 00:00:1779509377.380372      38 computation_placer.cc:177] computation placer already registered. Please check linkage and avoid linking the same target more than once.
W0000 00:00:1779509377.380377      40 computation_placer.cc:177] computation placer already registered. Please check linkage and avoid linking the same target more than once.
W0000 00:00:1779509377.380372      39 computation_placer.cc:177] computation placer already registered. Please check linkage and avoid linking the same target more than once.
W0000 00:00:1779509377.380373      41 computation_placer.cc:177] computation placer already registered. Please check linkage and avoid linking the same target more than once.
W0000 00:00:1779509377.380412      40 computation_placer.cc:177] computation placer already registered. Please check linkage and avoid linking the same target more than once.
W0000 00:00:1779509377.380412      41 computation_placer.cc:177] computation placer already registered. Please check linkage and avoid linking the same target more than once.
W0000 00:00:1779509377.380412      39 computation_placer.cc:177] computation placer already registered. Please check linkage and avoid linking the same target more than once.
W0000 00:00:1779509377.380415      40 computation_placer.cc:177] computation placer already registered. Please check linkage and avoid linking the same target more than once.
W0000 00:00:1779509377.380414      38 computation_placer.cc:177] computation placer already registered. Please check linkage and avoid linking the same target more than once.
W0000 00:00:1779509377.380415      41 computation_placer.cc:177] computation placer already registered. Please check linkage and avoid linking the same target more than once.
W0000 00:00:1779509377.380415      39 computation_placer.cc:177] computation placer already registered. Please check linkage and avoid linking the same target more than once.
W0000 00:00:1779509377.380417      40 computation_placer.cc:177] computation placer already registered. Please check linkage and avoid linking the same target more than once.
W0000 00:00:1779509377.380417      38 computation_placer.cc:177] computation placer already registered. Please check linkage and avoid linking the same target more than once.
W0000 00:00:1779509377.380418      41 computation_placer.cc:177] computation placer already registered. Please check linkage and avoid linking the same target more than once.
W0000 00:00:1779509377.380418      39 computation_placer.cc:177] computation placer already registered. Please check linkage and avoid linking the same target more than once.
W0000 00:00:1779509377.380420      38 computation_placer.cc:177] computation placer already registered. Please check linkage and avoid linking the same target more than once.
W0000 00:00:1779509403.474268      41 gpu_device.cc:2341] Cannot dlopen some GPU libraries. Please make sure the missing libraries mentioned above are installed properly if you would like to use GPU. Follow the guide at https://www.tensorflow.org/install/gpu for how to download and setup the required libraries for your platform.
Skipping registering GPU devices...
W0000 00:00:1779509403.474299      38 gpu_device.cc:2341] Cannot dlopen some GPU libraries. Please make sure the missing libraries mentioned above are installed properly if you would like to use GPU. Follow the guide at https://www.tensorflow.org/install/gpu for how to download and setup the required libraries for your platform.
Skipping registering GPU devices...
W0000 00:00:1779509403.609086      39 gpu_device.cc:2341] Cannot dlopen some GPU libraries. Please make sure the missing libraries mentioned above are installed properly if you would like to use GPU. Follow the guide at https://www.tensorflow.org/install/gpu for how to download and setup the required libraries for your platform.
Skipping registering GPU devices...
W0000 00:00:1779509403.610039      40 gpu_device.cc:2341] Cannot dlopen some GPU libraries. Please make sure the missing libraries mentioned above are installed properly if you would like to use GPU. Follow the guide at https://www.tensorflow.org/install/gpu for how to download and setup the required libraries for your platform.
Skipping registering GPU devices...
/usr/local/lib/python3.11/site-packages/torch/__init__.py:1617: UserWarning: Please use the new API settings to control TF32 behavior, such as torch.backends.cudnn.conv.fp32_precision = 'tf32' or torch.backends.cuda.matmul.fp32_precision = 'ieee'. Old settings, e.g, torch.backends.cuda.matmul.allow_tf32 = True, torch.backends.cudnn.allow_tf32 = True, allowTF32CuDNN() and allowTF32CuBLAS() will be deprecated after Pytorch 2.9. Please see https://pytorch.org/docs/main/notes/cuda.html#tensorfloat-32-tf32-on-ampere-and-later-devices (Triggered internally at /pytorch/aten/src/ATen/Context.cpp:80.)
  _C._set_float32_matmul_precision(precision)
/usr/local/lib/python3.11/site-packages/torch/__init__.py:1617: UserWarning: Please use the new API settings to control TF32 behavior, such as torch.backends.cudnn.conv.fp32_precision = 'tf32' or torch.backends.cuda.matmul.fp32_precision = 'ieee'. Old settings, e.g, torch.backends.cuda.matmul.allow_tf32 = True, torch.backends.cudnn.allow_tf32 = True, allowTF32CuDNN() and allowTF32CuBLAS() will be deprecated after Pytorch 2.9. Please see https://pytorch.org/docs/main/notes/cuda.html#tensorfloat-32-tf32-on-ampere-and-later-devices (Triggered internally at /pytorch/aten/src/ATen/Context.cpp:80.)
  _C._set_float32_matmul_precision(precision)
/usr/local/lib/python3.11/site-packages/torch/__init__.py:1617: UserWarning: Please use the new API settings to control TF32 behavior, such as torch.backends.cudnn.conv.fp32_precision = 'tf32' or torch.backends.cuda.matmul.fp32_precision = 'ieee'. Old settings, e.g, torch.backends.cuda.matmul.allow_tf32 = True, torch.backends.cudnn.allow_tf32 = True, allowTF32CuDNN() and allowTF32CuBLAS() will be deprecated after Pytorch 2.9. Please see https://pytorch.org/docs/main/notes/cuda.html#tensorfloat-32-tf32-on-ampere-and-later-devices (Triggered internally at /pytorch/aten/src/ATen/Context.cpp:80.)
  _C._set_float32_matmul_precision(precision)
/usr/local/lib/python3.11/site-packages/torch/__init__.py:1617: UserWarning: Please use the new API settings to control TF32 behavior, such as torch.backends.cudnn.conv.fp32_precision = 'tf32' or torch.backends.cuda.matmul.fp32_precision = 'ieee'. Old settings, e.g, torch.backends.cuda.matmul.allow_tf32 = True, torch.backends.cudnn.allow_tf32 = True, allowTF32CuDNN() and allowTF32CuBLAS() will be deprecated after Pytorch 2.9. Please see https://pytorch.org/docs/main/notes/cuda.html#tensorfloat-32-tf32-on-ampere-and-later-devices (Triggered internally at /pytorch/aten/src/ATen/Context.cpp:80.)
  _C._set_float32_matmul_precision(precision)
/usr/local/lib/python3.11/site-packages/pydantic/_internal/_generate_schema.py:2249: UnsupportedFieldAttributeWarning: The 'repr' attribute with value False was provided to the `Field()` function, which has no effect in the context it was used. 'repr' is field-specific metadata, and can only be attached to a model field using `Annotated` metadata or by assignment. This may have happened because an `Annotated` type alias using the `type` statement was used, or if the `Field()` function was attached to a single member of a union type.
  warnings.warn(
/usr/local/lib/python3.11/site-packages/pydantic/_internal/_generate_schema.py:2249: UnsupportedFieldAttributeWarning: The 'repr' attribute with value False was provided to the `Field()` function, which has no effect in the context it was used. 'repr' is field-specific metadata, and can only be attached to a model field using `Annotated` metadata or by assignment. This may have happened because an `Annotated` type alias using the `type` statement was used, or if the `Field()` function was attached to a single member of a union type.
  warnings.warn(
/usr/local/lib/python3.11/site-packages/pydantic/_internal/_generate_schema.py:2249: UnsupportedFieldAttributeWarning: The 'repr' attribute with value False was provided to the `Field()` function, which has no effect in the context it was used. 'repr' is field-specific metadata, and can only be attached to a model field using `Annotated` metadata or by assignment. This may have happened because an `Annotated` type alias using the `type` statement was used, or if the `Field()` function was attached to a single member of a union type.
  warnings.warn(
/usr/local/lib/python3.11/site-packages/pydantic/_internal/_generate_schema.py:2249: UnsupportedFieldAttributeWarning: The 'repr' attribute with value False was provided to the `Field()` function, which has no effect in the context it was used. 'repr' is field-specific metadata, and can only be attached to a model field using `Annotated` metadata or by assignment. This may have happened because an `Annotated` type alias using the `type` statement was used, or if the `Field()` function was attached to a single member of a union type.
  warnings.warn(
/usr/local/lib/python3.11/site-packages/pydantic/_internal/_generate_schema.py:2249: UnsupportedFieldAttributeWarning: The 'frozen' attribute with value True was provided to the `Field()` function, which has no effect in the context it was used. 'frozen' is field-specific metadata, and can only be attached to a model field using `Annotated` metadata or by assignment. This may have happened because an `Annotated` type alias using the `type` statement was used, or if the `Field()` function was attached to a single member of a union type.
  warnings.warn(
/usr/local/lib/python3.11/site-packages/pydantic/_internal/_generate_schema.py:2249: UnsupportedFieldAttributeWarning: The 'frozen' attribute with value True was provided to the `Field()` function, which has no effect in the context it was used. 'frozen' is field-specific metadata, and can only be attached to a model field using `Annotated` metadata or by assignment. This may have happened because an `Annotated` type alias using the `type` statement was used, or if the `Field()` function was attached to a single member of a union type.
  warnings.warn(
/usr/local/lib/python3.11/site-packages/pydantic/_internal/_generate_schema.py:2249: UnsupportedFieldAttributeWarning: The 'frozen' attribute with value True was provided to the `Field()` function, which has no effect in the context it was used. 'frozen' is field-specific metadata, and can only be attached to a model field using `Annotated` metadata or by assignment. This may have happened because an `Annotated` type alias using the `type` statement was used, or if the `Field()` function was attached to a single member of a union type.
  warnings.warn(
/usr/local/lib/python3.11/site-packages/pydantic/_internal/_generate_schema.py:2249: UnsupportedFieldAttributeWarning: The 'frozen' attribute with value True was provided to the `Field()` function, which has no effect in the context it was used. 'frozen' is field-specific metadata, and can only be attached to a model field using `Annotated` metadata or by assignment. This may have happened because an `Annotated` type alias using the `type` statement was used, or if the `Field()` function was attached to a single member of a union type.
  warnings.warn(
I0523 04:10:10.732605 140323662275776 logger_utils.py:59] Removing existing experiment directory /experiment_runs/submissions_a100/muon_torch/study_2/criteo1tb_pytorch because --overwrite was set.
I0523 04:10:10.732605 140276368823488 logger_utils.py:59] Removing existing experiment directory /experiment_runs/submissions_a100/muon_torch/study_2/criteo1tb_pytorch because --overwrite was set.
I0523 04:10:10.732605 139837653591232 logger_utils.py:59] Removing existing experiment directory /experiment_runs/submissions_a100/muon_torch/study_2/criteo1tb_pytorch because --overwrite was set.
I0523 04:10:10.732616 140240347337920 logger_utils.py:59] Removing existing experiment directory /experiment_runs/submissions_a100/muon_torch/study_2/criteo1tb_pytorch because --overwrite was set.
/usr/local/lib/python3.11/site-packages/torch/distributed/distributed_c10d.py:4876: UserWarning: barrier(): using the device under current context. You can specify `device_id` in `init_process_group` to mute this warning.
  warnings.warn(  # warn only once
[rank0]:[W523 04:10:10.205925555 ProcessGroupNCCL.cpp:5068] Guessing device ID based on global rank. This can cause a hang if rank to GPU mapping is heterogeneous. You can specify device_id in init_process_group()
I0523 04:10:12.397338 139837653591232 logger_utils.py:84] Creating experiment directory at /experiment_runs/submissions_a100/muon_torch/study_2/criteo1tb_pytorch.
I0523 04:10:12.397336 140276368823488 logger_utils.py:84] Creating experiment directory at /experiment_runs/submissions_a100/muon_torch/study_2/criteo1tb_pytorch.
I0523 04:10:12.397337 140323662275776 logger_utils.py:84] Creating experiment directory at /experiment_runs/submissions_a100/muon_torch/study_2/criteo1tb_pytorch.
I0523 04:10:12.397365 140240347337920 logger_utils.py:84] Creating experiment directory at /experiment_runs/submissions_a100/muon_torch/study_2/criteo1tb_pytorch.
I0523 04:10:22.414192 139837653591232 submission_runner.py:741] Creating directory at /experiment_runs/submissions_a100/muon_torch/study_2/criteo1tb_pytorch/trial_1.
I0523 04:10:22.784987 139837653591232 submission_runner.py:242] Initializing dataset.
I0523 04:10:22.785171 139837653591232 submission_runner.py:251] Initializing model.
W0523 04:10:28.039016 139837653591232 submission_runner.py:273] These workloads cannot be fully compiled under current PyTorch version. Proceeding without `torch.compile`.
W0523 04:10:28.038983 140323662275776 submission_runner.py:273] These workloads cannot be fully compiled under current PyTorch version. Proceeding without `torch.compile`.
W0523 04:10:28.038982 140276368823488 submission_runner.py:273] These workloads cannot be fully compiled under current PyTorch version. Proceeding without `torch.compile`.
W0523 04:10:28.039059 140240347337920 submission_runner.py:273] These workloads cannot be fully compiled under current PyTorch version. Proceeding without `torch.compile`.
I0523 04:10:28.039183 139837653591232 submission_runner.py:294] Initializing optimizer.
I0523 04:10:28.039305 140276368823488 muon.py:324] Muon params:
	module.bot_mlp.0.weight (ndim=2)
	module.bot_mlp.2.weight (ndim=2)
	module.bot_mlp.4.weight (ndim=2)
	module.top_mlp.0.weight (ndim=2)
	module.top_mlp.2.weight (ndim=2)
	module.top_mlp.4.weight (ndim=2)
	module.top_mlp.6.weight (ndim=2)
	module.top_mlp.9.weight (ndim=2)
I0523 04:10:28.039306 140323662275776 muon.py:324] Muon params:
	module.bot_mlp.0.weight (ndim=2)
	module.bot_mlp.2.weight (ndim=2)
	module.bot_mlp.4.weight (ndim=2)
	module.top_mlp.0.weight (ndim=2)
	module.top_mlp.2.weight (ndim=2)
	module.top_mlp.4.weight (ndim=2)
	module.top_mlp.6.weight (ndim=2)
	module.top_mlp.9.weight (ndim=2)
I0523 04:10:28.039365 139837653591232 muon.py:324] Muon params:
	module.bot_mlp.0.weight (ndim=2)
	module.bot_mlp.2.weight (ndim=2)
	module.bot_mlp.4.weight (ndim=2)
	module.top_mlp.0.weight (ndim=2)
	module.top_mlp.2.weight (ndim=2)
	module.top_mlp.4.weight (ndim=2)
	module.top_mlp.6.weight (ndim=2)
	module.top_mlp.9.weight (ndim=2)
I0523 04:10:28.039368 140240347337920 muon.py:324] Muon params:
	module.bot_mlp.0.weight (ndim=2)
	module.bot_mlp.2.weight (ndim=2)
	module.bot_mlp.4.weight (ndim=2)
	module.top_mlp.0.weight (ndim=2)
	module.top_mlp.2.weight (ndim=2)
	module.top_mlp.4.weight (ndim=2)
	module.top_mlp.6.weight (ndim=2)
	module.top_mlp.9.weight (ndim=2)
I0523 04:10:28.039387 140323662275776 muon.py:325] Adam params:
	module.embedding_chunk_0 (ndim=2)
	module.embedding_chunk_1 (ndim=2)
	module.embedding_chunk_2 (ndim=2)
	module.embedding_chunk_3 (ndim=2)
	module.bot_mlp.0.bias (ndim=1)
	module.bot_mlp.2.bias (ndim=1)
	module.bot_mlp.4.bias (ndim=1)
	module.top_mlp.0.bias (ndim=1)
	module.top_mlp.2.bias (ndim=1)
	module.top_mlp.4.bias (ndim=1)
	module.top_mlp.6.bias (ndim=1)
	module.top_mlp.9.bias (ndim=1)
I0523 04:10:28.039391 140276368823488 muon.py:325] Adam params:
	module.embedding_chunk_0 (ndim=2)
	module.embedding_chunk_1 (ndim=2)
	module.embedding_chunk_2 (ndim=2)
	module.embedding_chunk_3 (ndim=2)
	module.bot_mlp.0.bias (ndim=1)
	module.bot_mlp.2.bias (ndim=1)
	module.bot_mlp.4.bias (ndim=1)
	module.top_mlp.0.bias (ndim=1)
	module.top_mlp.2.bias (ndim=1)
	module.top_mlp.4.bias (ndim=1)
	module.top_mlp.6.bias (ndim=1)
	module.top_mlp.9.bias (ndim=1)
I0523 04:10:28.039446 139837653591232 muon.py:325] Adam params:
	module.embedding_chunk_0 (ndim=2)
	module.embedding_chunk_1 (ndim=2)
	module.embedding_chunk_2 (ndim=2)
	module.embedding_chunk_3 (ndim=2)
	module.bot_mlp.0.bias (ndim=1)
	module.bot_mlp.2.bias (ndim=1)
	module.bot_mlp.4.bias (ndim=1)
	module.top_mlp.0.bias (ndim=1)
	module.top_mlp.2.bias (ndim=1)
	module.top_mlp.4.bias (ndim=1)
	module.top_mlp.6.bias (ndim=1)
	module.top_mlp.9.bias (ndim=1)
I0523 04:10:28.039453 140240347337920 muon.py:325] Adam params:
	module.embedding_chunk_0 (ndim=2)
	module.embedding_chunk_1 (ndim=2)
	module.embedding_chunk_2 (ndim=2)
	module.embedding_chunk_3 (ndim=2)
	module.bot_mlp.0.bias (ndim=1)
	module.bot_mlp.2.bias (ndim=1)
	module.bot_mlp.4.bias (ndim=1)
	module.top_mlp.0.bias (ndim=1)
	module.top_mlp.2.bias (ndim=1)
	module.top_mlp.4.bias (ndim=1)
	module.top_mlp.6.bias (ndim=1)
	module.top_mlp.9.bias (ndim=1)
I0523 04:10:28.083983 139837653591232 submission_runner.py:299] Initializing metrics bundle.
I0523 04:10:28.084187 139837653591232 submission_runner.py:321] Initializing checkpoint and logger.
I0523 04:10:28.087136 139837653591232 submission_runner.py:344] Saving meta data to /experiment_runs/submissions_a100/muon_torch/study_2/criteo1tb_pytorch/trial_1/meta_data_0.json.
I0523 04:10:28.087195 140240347337920 logger_utils.py:283] Unable to record workload.train_mean information. Continuing without it.
I0523 04:10:28.087217 140276368823488 logger_utils.py:283] Unable to record workload.train_mean information. Continuing without it.
I0523 04:10:28.087233 140323662275776 logger_utils.py:283] Unable to record workload.train_mean information. Continuing without it.
I0523 04:10:28.087330 140240347337920 logger_utils.py:283] Unable to record workload.train_stddev information. Continuing without it.
I0523 04:10:28.087350 140276368823488 logger_utils.py:283] Unable to record workload.train_stddev information. Continuing without it.
I0523 04:10:28.087368 140323662275776 logger_utils.py:283] Unable to record workload.train_stddev information. Continuing without it.
I0523 04:10:28.087365 139837653591232 logger_utils.py:283] Unable to record workload.train_mean information. Continuing without it.
I0523 04:10:28.087417 139837653591232 logger_utils.py:283] Unable to record workload.train_stddev information. Continuing without it.
I0523 04:10:28.611404 139837653591232 submission_runner.py:348] Saving flags to /experiment_runs/submissions_a100/muon_torch/study_2/criteo1tb_pytorch/trial_1/flags_0.json.
I0523 04:10:28.685508 139837653591232 submission_runner.py:359] Starting training loop.
I0523 04:11:05.994426 139837653591232 spec.py:333] Evaluating on the training split.
I0523 04:15:27.214886 139837653591232 spec.py:346] Evaluating on the validation split.
I0523 04:19:55.767980 139837653591232 spec.py:363] Evaluating on the test split.
I0523 04:24:48.582949 139837653591232 submission_runner.py:516] Time since start: 859.90s, 	Step: 1, 	{'train/loss': 0.6043812114068919, 'validation/loss': 0.6012838687646813, 'validation/num_examples': 83274637, 'test/loss': 0.603990022735917, 'test/num_examples': 95000000, 'score': 36.88804602622986, 'total_duration': 859.8976256847382, 'accumulated_submission_time': 36.88804602622986, 'accumulated_eval_time': 822.588604927063, 'accumulated_logging_time': 0}
I0523 04:24:48.739732 139796395456256 logging_writer.py:48] [1] accumulated_eval_time=822.589, accumulated_logging_time=0, accumulated_submission_time=36.888, global_step=1, preemption_count=0, score=36.888, test/loss=0.60399, test/num_examples=95000000, total_duration=859.898, train/loss=0.604381, validation/loss=0.601284, validation/num_examples=83274637
I0523 04:30:45.505738 139837653591232 spec.py:333] Evaluating on the training split.
I0523 04:35:05.549440 139837653591232 spec.py:346] Evaluating on the validation split.
I0523 04:39:06.107924 139837653591232 spec.py:363] Evaluating on the test split.
I0523 04:43:30.679691 139837653591232 submission_runner.py:516] Time since start: 1981.99s, 	Step: 384, 	{'train/loss': 0.1293274903008152, 'validation/loss': 0.12758588731468878, 'validation/num_examples': 83274637, 'test/loss': 0.13018507239042584, 'test/num_examples': 95000000, 'score': 392.43705701828003, 'total_duration': 1981.994356393814, 'accumulated_submission_time': 392.43705701828003, 'accumulated_eval_time': 1587.762639760971, 'accumulated_logging_time': 0.41654205322265625}
I0523 04:43:30.718320 139796387063552 logging_writer.py:48] [384] accumulated_eval_time=1587.76, accumulated_logging_time=0.416542, accumulated_submission_time=392.437, global_step=384, preemption_count=0, score=392.437, test/loss=0.130185, test/num_examples=95000000, total_duration=1981.99, train/loss=0.129327, validation/loss=0.127586, validation/num_examples=83274637
I0523 04:49:27.362475 139837653591232 spec.py:333] Evaluating on the training split.
I0523 04:53:55.887991 139837653591232 spec.py:346] Evaluating on the validation split.
I0523 04:57:58.749363 139837653591232 spec.py:363] Evaluating on the test split.
I0523 05:02:21.779351 139837653591232 submission_runner.py:516] Time since start: 3113.09s, 	Step: 764, 	{'train/loss': 0.12891063423958846, 'validation/loss': 0.12720840550812565, 'validation/num_examples': 83274637, 'test/loss': 0.12970729833647077, 'test/num_examples': 95000000, 'score': 748.0918927192688, 'total_duration': 3113.0940415859222, 'accumulated_submission_time': 748.0918927192688, 'accumulated_eval_time': 2362.1795864105225, 'accumulated_logging_time': 0.4629170894622803}
I0523 05:02:21.817934 139796395456256 logging_writer.py:48] [764] accumulated_eval_time=2362.18, accumulated_logging_time=0.462917, accumulated_submission_time=748.092, global_step=764, preemption_count=0, score=748.092, test/loss=0.129707, test/num_examples=95000000, total_duration=3113.09, train/loss=0.128911, validation/loss=0.127208, validation/num_examples=83274637
I0523 05:08:18.803008 139837653591232 spec.py:333] Evaluating on the training split.
I0523 05:12:34.826199 139837653591232 spec.py:346] Evaluating on the validation split.
I0523 05:16:22.365201 139837653591232 spec.py:363] Evaluating on the test split.
I0523 05:20:30.219152 139837653591232 submission_runner.py:516] Time since start: 4201.53s, 	Step: 1140, 	{'train/loss': 0.1261606723586467, 'validation/loss': 0.12607677603510142, 'validation/num_examples': 83274637, 'test/loss': 0.1285150259458843, 'test/num_examples': 95000000, 'score': 1104.0907456874847, 'total_duration': 4201.533807039261, 'accumulated_submission_time': 1104.0907456874847, 'accumulated_eval_time': 3093.595748901367, 'accumulated_logging_time': 0.508796215057373}
I0523 05:20:30.267505 139796387063552 logging_writer.py:48] [1140] accumulated_eval_time=3093.6, accumulated_logging_time=0.508796, accumulated_submission_time=1104.09, global_step=1140, preemption_count=0, score=1104.09, test/loss=0.128515, test/num_examples=95000000, total_duration=4201.53, train/loss=0.126161, validation/loss=0.126077, validation/num_examples=83274637
I0523 05:26:27.566706 139837653591232 spec.py:333] Evaluating on the training split.
I0523 05:30:37.935015 139837653591232 spec.py:346] Evaluating on the validation split.
I0523 05:34:26.284566 139837653591232 spec.py:363] Evaluating on the test split.
I0523 05:38:34.856672 139837653591232 submission_runner.py:516] Time since start: 5286.17s, 	Step: 1518, 	{'train/loss': 0.12461077449332095, 'validation/loss': 0.1256927835952493, 'validation/num_examples': 83274637, 'test/loss': 0.12810487733073989, 'test/num_examples': 95000000, 'score': 1460.3944354057312, 'total_duration': 5286.171348571777, 'accumulated_submission_time': 1460.3944354057312, 'accumulated_eval_time': 3820.885768175125, 'accumulated_logging_time': 0.5646860599517822}
I0523 05:38:34.895938 139796395456256 logging_writer.py:48] [1518] accumulated_eval_time=3820.89, accumulated_logging_time=0.564686, accumulated_submission_time=1460.39, global_step=1518, preemption_count=0, score=1460.39, test/loss=0.128105, test/num_examples=95000000, total_duration=5286.17, train/loss=0.124611, validation/loss=0.125693, validation/num_examples=83274637
I0523 05:44:31.533272 139837653591232 spec.py:333] Evaluating on the training split.
I0523 05:48:34.866621 139837653591232 spec.py:346] Evaluating on the validation split.
I0523 05:52:22.831867 139837653591232 spec.py:363] Evaluating on the test split.
I0523 05:56:30.368049 139837653591232 submission_runner.py:516] Time since start: 6361.68s, 	Step: 1925, 	{'train/loss': 0.12529323092831646, 'validation/loss': 0.12537822063274592, 'validation/num_examples': 83274637, 'test/loss': 0.1279033598748458, 'test/num_examples': 95000000, 'score': 1816.004512310028, 'total_duration': 6361.68270611763, 'accumulated_submission_time': 1816.004512310028, 'accumulated_eval_time': 4539.72057890892, 'accumulated_logging_time': 0.6112830638885498}
I0523 05:56:30.410002 139796387063552 logging_writer.py:48] [1925] accumulated_eval_time=4539.72, accumulated_logging_time=0.611283, accumulated_submission_time=1816, global_step=1925, preemption_count=0, score=1816, test/loss=0.127903, test/num_examples=95000000, total_duration=6361.68, train/loss=0.125293, validation/loss=0.125378, validation/num_examples=83274637
I0523 06:02:27.038262 139837653591232 spec.py:333] Evaluating on the training split.
I0523 06:06:35.915161 139837653591232 spec.py:346] Evaluating on the validation split.
I0523 06:10:22.893053 139837653591232 spec.py:363] Evaluating on the test split.
I0523 06:14:29.771535 139837653591232 submission_runner.py:516] Time since start: 7441.09s, 	Step: 2337, 	{'train/loss': 0.12517104606442234, 'validation/loss': 0.12519232960187088, 'validation/num_examples': 83274637, 'test/loss': 0.1274054807989823, 'test/num_examples': 95000000, 'score': 2171.6095774173737, 'total_duration': 7441.086208581924, 'accumulated_submission_time': 2171.6095774173737, 'accumulated_eval_time': 5262.453977584839, 'accumulated_logging_time': 0.6605844497680664}
I0523 06:14:29.808737 139796395456256 logging_writer.py:48] [2337] accumulated_eval_time=5262.45, accumulated_logging_time=0.660584, accumulated_submission_time=2171.61, global_step=2337, preemption_count=0, score=2171.61, test/loss=0.127405, test/num_examples=95000000, total_duration=7441.09, train/loss=0.125171, validation/loss=0.125192, validation/num_examples=83274637
I0523 06:20:26.737716 139837653591232 spec.py:333] Evaluating on the training split.
I0523 06:24:33.792921 139837653591232 spec.py:346] Evaluating on the validation split.
I0523 06:28:20.024573 139837653591232 spec.py:363] Evaluating on the test split.
I0523 06:32:25.334312 139837653591232 submission_runner.py:516] Time since start: 8516.65s, 	Step: 2751, 	{'train/loss': 0.1232170799586606, 'validation/loss': 0.1251141128994819, 'validation/num_examples': 83274637, 'test/loss': 0.1273019508972168, 'test/num_examples': 95000000, 'score': 2527.525986433029, 'total_duration': 8516.648912668228, 'accumulated_submission_time': 2527.525986433029, 'accumulated_eval_time': 5981.050565958023, 'accumulated_logging_time': 0.7049100399017334}
I0523 06:32:25.371551 139796387063552 logging_writer.py:48] [2751] accumulated_eval_time=5981.05, accumulated_logging_time=0.70491, accumulated_submission_time=2527.53, global_step=2751, preemption_count=0, score=2527.53, test/loss=0.127302, test/num_examples=95000000, total_duration=8516.65, train/loss=0.123217, validation/loss=0.125114, validation/num_examples=83274637
I0523 06:38:21.950666 139837653591232 spec.py:333] Evaluating on the training split.
I0523 06:42:19.224512 139837653591232 spec.py:346] Evaluating on the validation split.
I0523 06:46:02.585552 139837653591232 spec.py:363] Evaluating on the test split.
I0523 06:50:05.242505 139837653591232 submission_runner.py:516] Time since start: 9576.56s, 	Step: 3173, 	{'train/loss': 0.12365149907634386, 'validation/loss': 0.12499342533668678, 'validation/num_examples': 83274637, 'test/loss': 0.1273165127489592, 'test/num_examples': 95000000, 'score': 2883.0969758033752, 'total_duration': 9576.557166814804, 'accumulated_submission_time': 2883.0969758033752, 'accumulated_eval_time': 6684.342551469803, 'accumulated_logging_time': 0.7492563724517822}
I0523 06:50:05.289914 139796395456256 logging_writer.py:48] [3173] accumulated_eval_time=6684.34, accumulated_logging_time=0.749256, accumulated_submission_time=2883.1, global_step=3173, preemption_count=0, score=2883.1, test/loss=0.127317, test/num_examples=95000000, total_duration=9576.56, train/loss=0.123651, validation/loss=0.124993, validation/num_examples=83274637
I0523 06:56:02.321074 139837653591232 spec.py:333] Evaluating on the training split.
I0523 06:59:45.652263 139837653591232 spec.py:346] Evaluating on the validation split.
I0523 07:03:23.184466 139837653591232 spec.py:363] Evaluating on the test split.
I0523 07:07:21.235058 139837653591232 submission_runner.py:516] Time since start: 10612.55s, 	Step: 3602, 	{'train/loss': 0.12196245109825482, 'validation/loss': 0.12456666858357848, 'validation/num_examples': 83274637, 'test/loss': 0.12695883010446649, 'test/num_examples': 95000000, 'score': 3239.148842573166, 'total_duration': 10612.549690961838, 'accumulated_submission_time': 3239.148842573166, 'accumulated_eval_time': 7363.25652885437, 'accumulated_logging_time': 0.8038632869720459}
I0523 07:07:21.279121 139796387063552 logging_writer.py:48] [3602] accumulated_eval_time=7363.26, accumulated_logging_time=0.803863, accumulated_submission_time=3239.15, global_step=3602, preemption_count=0, score=3239.15, test/loss=0.126959, test/num_examples=95000000, total_duration=10612.5, train/loss=0.121962, validation/loss=0.124567, validation/num_examples=83274637
I0523 07:13:18.050817 139837653591232 spec.py:333] Evaluating on the training split.
I0523 07:16:51.583007 139837653591232 spec.py:346] Evaluating on the validation split.
I0523 07:20:17.318648 139837653591232 spec.py:363] Evaluating on the test split.
I0523 07:24:02.973538 139837653591232 submission_runner.py:516] Time since start: 11614.29s, 	Step: 4023, 	{'train/loss': 0.1228982883223543, 'validation/loss': 0.12455655201675182, 'validation/num_examples': 83274637, 'test/loss': 0.12689040615330746, 'test/num_examples': 95000000, 'score': 3594.988776922226, 'total_duration': 11614.288229703903, 'accumulated_submission_time': 3594.988776922226, 'accumulated_eval_time': 8008.179325580597, 'accumulated_logging_time': 0.8573060035705566}
I0523 07:24:03.013736 139796395456256 logging_writer.py:48] [4023] accumulated_eval_time=8008.18, accumulated_logging_time=0.857306, accumulated_submission_time=3594.99, global_step=4023, preemption_count=0, score=3594.99, test/loss=0.12689, test/num_examples=95000000, total_duration=11614.3, train/loss=0.122898, validation/loss=0.124557, validation/num_examples=83274637
I0523 07:29:59.720258 139837653591232 spec.py:333] Evaluating on the training split.
I0523 07:33:13.817713 139837653591232 spec.py:346] Evaluating on the validation split.
I0523 07:36:20.225140 139837653591232 spec.py:363] Evaluating on the test split.
I0523 07:39:47.292242 139837653591232 submission_runner.py:516] Time since start: 12558.61s, 	Step: 4443, 	{'train/loss': 0.1263230124590345, 'validation/loss': 0.12433975021045177, 'validation/num_examples': 83274637, 'test/loss': 0.12650674621421412, 'test/num_examples': 95000000, 'score': 3950.785427093506, 'total_duration': 12558.606947660446, 'accumulated_submission_time': 3950.785427093506, 'accumulated_eval_time': 8595.751389980316, 'accumulated_logging_time': 0.904672384262085}
I0523 07:39:47.331011 139796387063552 logging_writer.py:48] [4443] accumulated_eval_time=8595.75, accumulated_logging_time=0.904672, accumulated_submission_time=3950.79, global_step=4443, preemption_count=0, score=3950.79, test/loss=0.126507, test/num_examples=95000000, total_duration=12558.6, train/loss=0.126323, validation/loss=0.12434, validation/num_examples=83274637
I0523 07:45:44.363982 139837653591232 spec.py:333] Evaluating on the training split.
I0523 07:48:11.194469 139837653591232 spec.py:346] Evaluating on the validation split.
I0523 07:50:32.509568 139837653591232 spec.py:363] Evaluating on the test split.
I0523 07:53:18.090365 139837653591232 submission_runner.py:516] Time since start: 13369.41s, 	Step: 4863, 	{'train/loss': 0.12296610111716974, 'validation/loss': 0.12432577268170178, 'validation/num_examples': 83274637, 'test/loss': 0.12672485301995529, 'test/num_examples': 95000000, 'score': 4306.886323690414, 'total_duration': 13369.405037879944, 'accumulated_submission_time': 4306.886323690414, 'accumulated_eval_time': 9049.477859020233, 'accumulated_logging_time': 0.9506666660308838}
I0523 07:53:18.137196 139796395456256 logging_writer.py:48] [4863] accumulated_eval_time=9049.48, accumulated_logging_time=0.950667, accumulated_submission_time=4306.89, global_step=4863, preemption_count=0, score=4306.89, test/loss=0.126725, test/num_examples=95000000, total_duration=13369.4, train/loss=0.122966, validation/loss=0.124326, validation/num_examples=83274637
I0523 07:59:14.834775 139837653591232 spec.py:333] Evaluating on the training split.
I0523 08:00:54.137591 139837653591232 spec.py:346] Evaluating on the validation split.
I0523 08:02:28.306551 139837653591232 spec.py:363] Evaluating on the test split.
I0523 08:04:35.884268 139837653591232 submission_runner.py:516] Time since start: 14047.20s, 	Step: 5281, 	{'train/loss': 0.12305088057771792, 'validation/loss': 0.12416152641561172, 'validation/num_examples': 83274637, 'test/loss': 0.1265133914907355, 'test/num_examples': 95000000, 'score': 4662.660878419876, 'total_duration': 14047.198952913284, 'accumulated_submission_time': 4662.660878419876, 'accumulated_eval_time': 9370.527411699295, 'accumulated_logging_time': 1.0046076774597168}
I0523 08:04:35.923794 139796387063552 logging_writer.py:48] [5281] accumulated_eval_time=9370.53, accumulated_logging_time=1.00461, accumulated_submission_time=4662.66, global_step=5281, preemption_count=0, score=4662.66, test/loss=0.126513, test/num_examples=95000000, total_duration=14047.2, train/loss=0.123051, validation/loss=0.124162, validation/num_examples=83274637
I0523 08:10:32.836258 139837653591232 spec.py:333] Evaluating on the training split.
I0523 08:11:31.556922 139837653591232 spec.py:346] Evaluating on the validation split.
I0523 08:12:30.595122 139837653591232 spec.py:363] Evaluating on the test split.
I0523 08:13:51.913753 139837653591232 submission_runner.py:516] Time since start: 14603.23s, 	Step: 5691, 	{'train/loss': 0.1209668533443399, 'validation/loss': 0.12403360945660982, 'validation/num_examples': 83274637, 'test/loss': 0.12635363762126722, 'test/num_examples': 95000000, 'score': 5018.6494772434235, 'total_duration': 14603.228452682495, 'accumulated_submission_time': 5018.6494772434235, 'accumulated_eval_time': 9569.60499215126, 'accumulated_logging_time': 1.051347017288208}
I0523 08:13:51.956728 139796395456256 logging_writer.py:48] [5691] accumulated_eval_time=9569.6, accumulated_logging_time=1.05135, accumulated_submission_time=5018.65, global_step=5691, preemption_count=0, score=5018.65, test/loss=0.126354, test/num_examples=95000000, total_duration=14603.2, train/loss=0.120967, validation/loss=0.124034, validation/num_examples=83274637
I0523 08:19:49.063868 139837653591232 spec.py:333] Evaluating on the training split.
I0523 08:20:48.084513 139837653591232 spec.py:346] Evaluating on the validation split.
I0523 08:21:47.510825 139837653591232 spec.py:363] Evaluating on the test split.
I0523 08:22:55.766666 139837653591232 submission_runner.py:516] Time since start: 15147.08s, 	Step: 6107, 	{'train/loss': 0.12176959986406184, 'validation/loss': 0.12396117910391882, 'validation/num_examples': 83274637, 'test/loss': 0.12624194273858322, 'test/num_examples': 95000000, 'score': 5374.818031787872, 'total_duration': 15147.081361532211, 'accumulated_submission_time': 5374.818031787872, 'accumulated_eval_time': 9756.307829618454, 'accumulated_logging_time': 1.1020381450653076}
I0523 08:22:55.808202 139796387063552 logging_writer.py:48] [6107] accumulated_eval_time=9756.31, accumulated_logging_time=1.10204, accumulated_submission_time=5374.82, global_step=6107, preemption_count=0, score=5374.82, test/loss=0.126242, test/num_examples=95000000, total_duration=15147.1, train/loss=0.12177, validation/loss=0.123961, validation/num_examples=83274637
I0523 08:28:52.907966 139837653591232 spec.py:333] Evaluating on the training split.
I0523 08:29:51.665807 139837653591232 spec.py:346] Evaluating on the validation split.
I0523 08:30:50.567144 139837653591232 spec.py:363] Evaluating on the test split.
I0523 08:31:58.041446 139837653591232 submission_runner.py:516] Time since start: 15689.36s, 	Step: 6527, 	{'train/loss': 0.12336150407622573, 'validation/loss': 0.12375370449008548, 'validation/num_examples': 83274637, 'test/loss': 0.12607661799107603, 'test/num_examples': 95000000, 'score': 5730.996265172958, 'total_duration': 15689.356122970581, 'accumulated_submission_time': 5730.996265172958, 'accumulated_eval_time': 9941.441372871399, 'accumulated_logging_time': 1.1509578227996826}
I0523 08:31:58.087864 139796395456256 logging_writer.py:48] [6527] accumulated_eval_time=9941.44, accumulated_logging_time=1.15096, accumulated_submission_time=5731, global_step=6527, preemption_count=0, score=5731, test/loss=0.126077, test/num_examples=95000000, total_duration=15689.4, train/loss=0.123362, validation/loss=0.123754, validation/num_examples=83274637
I0523 08:37:55.031152 139837653591232 spec.py:333] Evaluating on the training split.
I0523 08:38:53.769397 139837653591232 spec.py:346] Evaluating on the validation split.
I0523 08:39:52.631165 139837653591232 spec.py:363] Evaluating on the test split.
I0523 08:40:59.958333 139837653591232 submission_runner.py:516] Time since start: 16231.27s, 	Step: 6941, 	{'train/loss': 0.12112811140107042, 'validation/loss': 0.1236454748378366, 'validation/num_examples': 83274637, 'test/loss': 0.12588296321925113, 'test/num_examples': 95000000, 'score': 6087.019835233688, 'total_duration': 16231.273014068604, 'accumulated_submission_time': 6087.019835233688, 'accumulated_eval_time': 10126.368610620499, 'accumulated_logging_time': 1.2047321796417236}
I0523 08:40:59.999212 139796387063552 logging_writer.py:48] [6941] accumulated_eval_time=10126.4, accumulated_logging_time=1.20473, accumulated_submission_time=6087.02, global_step=6941, preemption_count=0, score=6087.02, test/loss=0.125883, test/num_examples=95000000, total_duration=16231.3, train/loss=0.121128, validation/loss=0.123645, validation/num_examples=83274637
I0523 08:41:00.404227 139796395456256 logging_writer.py:48] [6941] global_step=6941, preemption_count=0, score=6087.02
I0523 08:41:00.630448 139837653591232 submission_runner.py:857] Final criteo1tb score: 6087.019835233688
