torchrun --redirects 1:0,2:0,3:0 --standalone --nnodes=1 --nproc_per_node=4 submission_runner.py --framework=pytorch --workload=librispeech_deepspeech --submission_path=submissions_algorithms/submissions/self_tuning/muon_torch/submission.py --data_dir=/data/librispeech --experiment_dir=/experiment_runs --experiment_name=submissions_a100/muon_torch/study_0 --overwrite=True --save_checkpoints=False --rng_seed=-655675460 --librispeech_tokenizer_vocab_path=/data/librispeech/spm_model.vocab --torch_compile=true --tuning_ruleset=self 2>&1 | tee -a /logs/librispeech_deepspeech_pytorch_05-23-2026-12-17-24.log
W0523 12:17:26.547000 9 site-packages/torch/distributed/run.py:803] 
W0523 12:17:26.547000 9 site-packages/torch/distributed/run.py:803] *****************************************
W0523 12:17:26.547000 9 site-packages/torch/distributed/run.py:803] Setting OMP_NUM_THREADS environment variable for each process to be 1 in default, to avoid your system being overloaded, please further tune the variable for optimal performance in your application as needed. 
W0523 12:17:26.547000 9 site-packages/torch/distributed/run.py:803] *****************************************
2026-05-23 12:17:28.230581: E external/local_xla/xla/stream_executor/cuda/cuda_fft.cc:467] Unable to register cuFFT factory: Attempting to register factory for plugin cuFFT when one has already been registered
2026-05-23 12:17:28.230581: E external/local_xla/xla/stream_executor/cuda/cuda_fft.cc:467] Unable to register cuFFT factory: Attempting to register factory for plugin cuFFT when one has already been registered
2026-05-23 12:17:28.230581: E external/local_xla/xla/stream_executor/cuda/cuda_fft.cc:467] Unable to register cuFFT factory: Attempting to register factory for plugin cuFFT when one has already been registered
2026-05-23 12:17:28.230581: E external/local_xla/xla/stream_executor/cuda/cuda_fft.cc:467] Unable to register cuFFT factory: Attempting to register factory for plugin cuFFT when one has already been registered
WARNING: All log messages before absl::InitializeLog() is called are written to STDERR
WARNING: All log messages before absl::InitializeLog() is called are written to STDERR
WARNING: All log messages before absl::InitializeLog() is called are written to STDERR
E0000 00:00:1779538648.254583      41 cuda_dnn.cc:8579] Unable to register cuDNN factory: Attempting to register factory for plugin cuDNN when one has already been registered
E0000 00:00:1779538648.254582      38 cuda_dnn.cc:8579] Unable to register cuDNN factory: Attempting to register factory for plugin cuDNN when one has already been registered
E0000 00:00:1779538648.254581      39 cuda_dnn.cc:8579] Unable to register cuDNN factory: Attempting to register factory for plugin cuDNN when one has already been registered
WARNING: All log messages before absl::InitializeLog() is called are written to STDERR
E0000 00:00:1779538648.254580      40 cuda_dnn.cc:8579] Unable to register cuDNN factory: Attempting to register factory for plugin cuDNN when one has already been registered
E0000 00:00:1779538648.262366      38 cuda_blas.cc:1407] Unable to register cuBLAS factory: Attempting to register factory for plugin cuBLAS when one has already been registered
E0000 00:00:1779538648.262366      41 cuda_blas.cc:1407] Unable to register cuBLAS factory: Attempting to register factory for plugin cuBLAS when one has already been registered
E0000 00:00:1779538648.262368      40 cuda_blas.cc:1407] Unable to register cuBLAS factory: Attempting to register factory for plugin cuBLAS when one has already been registered
E0000 00:00:1779538648.262397      39 cuda_blas.cc:1407] Unable to register cuBLAS factory: Attempting to register factory for plugin cuBLAS when one has already been registered
W0000 00:00:1779538648.286053      40 computation_placer.cc:177] computation placer already registered. Please check linkage and avoid linking the same target more than once.
W0000 00:00:1779538648.286053      39 computation_placer.cc:177] computation placer already registered. Please check linkage and avoid linking the same target more than once.
W0000 00:00:1779538648.286053      38 computation_placer.cc:177] computation placer already registered. Please check linkage and avoid linking the same target more than once.
W0000 00:00:1779538648.286054      41 computation_placer.cc:177] computation placer already registered. Please check linkage and avoid linking the same target more than once.
W0000 00:00:1779538648.286083      38 computation_placer.cc:177] computation placer already registered. Please check linkage and avoid linking the same target more than once.
W0000 00:00:1779538648.286083      39 computation_placer.cc:177] computation placer already registered. Please check linkage and avoid linking the same target more than once.
W0000 00:00:1779538648.286084      41 computation_placer.cc:177] computation placer already registered. Please check linkage and avoid linking the same target more than once.
W0000 00:00:1779538648.286086      38 computation_placer.cc:177] computation placer already registered. Please check linkage and avoid linking the same target more than once.
W0000 00:00:1779538648.286086      39 computation_placer.cc:177] computation placer already registered. Please check linkage and avoid linking the same target more than once.
W0000 00:00:1779538648.286087      40 computation_placer.cc:177] computation placer already registered. Please check linkage and avoid linking the same target more than once.
W0000 00:00:1779538648.286087      41 computation_placer.cc:177] computation placer already registered. Please check linkage and avoid linking the same target more than once.
W0000 00:00:1779538648.286088      38 computation_placer.cc:177] computation placer already registered. Please check linkage and avoid linking the same target more than once.
W0000 00:00:1779538648.286088      39 computation_placer.cc:177] computation placer already registered. Please check linkage and avoid linking the same target more than once.
W0000 00:00:1779538648.286090      40 computation_placer.cc:177] computation placer already registered. Please check linkage and avoid linking the same target more than once.
W0000 00:00:1779538648.286090      41 computation_placer.cc:177] computation placer already registered. Please check linkage and avoid linking the same target more than once.
W0000 00:00:1779538648.286092      40 computation_placer.cc:177] computation placer already registered. Please check linkage and avoid linking the same target more than once.
W0000 00:00:1779538654.286506      38 gpu_device.cc:2341] Cannot dlopen some GPU libraries. Please make sure the missing libraries mentioned above are installed properly if you would like to use GPU. Follow the guide at https://www.tensorflow.org/install/gpu for how to download and setup the required libraries for your platform.
Skipping registering GPU devices...
W0000 00:00:1779538654.366837      40 gpu_device.cc:2341] Cannot dlopen some GPU libraries. Please make sure the missing libraries mentioned above are installed properly if you would like to use GPU. Follow the guide at https://www.tensorflow.org/install/gpu for how to download and setup the required libraries for your platform.
Skipping registering GPU devices...
W0000 00:00:1779538654.429496      41 gpu_device.cc:2341] Cannot dlopen some GPU libraries. Please make sure the missing libraries mentioned above are installed properly if you would like to use GPU. Follow the guide at https://www.tensorflow.org/install/gpu for how to download and setup the required libraries for your platform.
Skipping registering GPU devices...
W0000 00:00:1779538654.529504      39 gpu_device.cc:2341] Cannot dlopen some GPU libraries. Please make sure the missing libraries mentioned above are installed properly if you would like to use GPU. Follow the guide at https://www.tensorflow.org/install/gpu for how to download and setup the required libraries for your platform.
Skipping registering GPU devices...
/usr/local/lib/python3.11/site-packages/torch/__init__.py:1617: UserWarning: Please use the new API settings to control TF32 behavior, such as torch.backends.cudnn.conv.fp32_precision = 'tf32' or torch.backends.cuda.matmul.fp32_precision = 'ieee'. Old settings, e.g, torch.backends.cuda.matmul.allow_tf32 = True, torch.backends.cudnn.allow_tf32 = True, allowTF32CuDNN() and allowTF32CuBLAS() will be deprecated after Pytorch 2.9. Please see https://pytorch.org/docs/main/notes/cuda.html#tensorfloat-32-tf32-on-ampere-and-later-devices (Triggered internally at /pytorch/aten/src/ATen/Context.cpp:80.)
  _C._set_float32_matmul_precision(precision)
/usr/local/lib/python3.11/site-packages/torch/__init__.py:1617: UserWarning: Please use the new API settings to control TF32 behavior, such as torch.backends.cudnn.conv.fp32_precision = 'tf32' or torch.backends.cuda.matmul.fp32_precision = 'ieee'. Old settings, e.g, torch.backends.cuda.matmul.allow_tf32 = True, torch.backends.cudnn.allow_tf32 = True, allowTF32CuDNN() and allowTF32CuBLAS() will be deprecated after Pytorch 2.9. Please see https://pytorch.org/docs/main/notes/cuda.html#tensorfloat-32-tf32-on-ampere-and-later-devices (Triggered internally at /pytorch/aten/src/ATen/Context.cpp:80.)
  _C._set_float32_matmul_precision(precision)
/usr/local/lib/python3.11/site-packages/torch/__init__.py:1617: UserWarning: Please use the new API settings to control TF32 behavior, such as torch.backends.cudnn.conv.fp32_precision = 'tf32' or torch.backends.cuda.matmul.fp32_precision = 'ieee'. Old settings, e.g, torch.backends.cuda.matmul.allow_tf32 = True, torch.backends.cudnn.allow_tf32 = True, allowTF32CuDNN() and allowTF32CuBLAS() will be deprecated after Pytorch 2.9. Please see https://pytorch.org/docs/main/notes/cuda.html#tensorfloat-32-tf32-on-ampere-and-later-devices (Triggered internally at /pytorch/aten/src/ATen/Context.cpp:80.)
  _C._set_float32_matmul_precision(precision)
/usr/local/lib/python3.11/site-packages/torch/__init__.py:1617: UserWarning: Please use the new API settings to control TF32 behavior, such as torch.backends.cudnn.conv.fp32_precision = 'tf32' or torch.backends.cuda.matmul.fp32_precision = 'ieee'. Old settings, e.g, torch.backends.cuda.matmul.allow_tf32 = True, torch.backends.cudnn.allow_tf32 = True, allowTF32CuDNN() and allowTF32CuBLAS() will be deprecated after Pytorch 2.9. Please see https://pytorch.org/docs/main/notes/cuda.html#tensorfloat-32-tf32-on-ampere-and-later-devices (Triggered internally at /pytorch/aten/src/ATen/Context.cpp:80.)
  _C._set_float32_matmul_precision(precision)
/usr/local/lib/python3.11/site-packages/pydantic/_internal/_generate_schema.py:2249: UnsupportedFieldAttributeWarning: The 'repr' attribute with value False was provided to the `Field()` function, which has no effect in the context it was used. 'repr' is field-specific metadata, and can only be attached to a model field using `Annotated` metadata or by assignment. This may have happened because an `Annotated` type alias using the `type` statement was used, or if the `Field()` function was attached to a single member of a union type.
  warnings.warn(
/usr/local/lib/python3.11/site-packages/pydantic/_internal/_generate_schema.py:2249: UnsupportedFieldAttributeWarning: The 'frozen' attribute with value True was provided to the `Field()` function, which has no effect in the context it was used. 'frozen' is field-specific metadata, and can only be attached to a model field using `Annotated` metadata or by assignment. This may have happened because an `Annotated` type alias using the `type` statement was used, or if the `Field()` function was attached to a single member of a union type.
  warnings.warn(
/usr/local/lib/python3.11/site-packages/pydantic/_internal/_generate_schema.py:2249: UnsupportedFieldAttributeWarning: The 'repr' attribute with value False was provided to the `Field()` function, which has no effect in the context it was used. 'repr' is field-specific metadata, and can only be attached to a model field using `Annotated` metadata or by assignment. This may have happened because an `Annotated` type alias using the `type` statement was used, or if the `Field()` function was attached to a single member of a union type.
  warnings.warn(
/usr/local/lib/python3.11/site-packages/pydantic/_internal/_generate_schema.py:2249: UnsupportedFieldAttributeWarning: The 'frozen' attribute with value True was provided to the `Field()` function, which has no effect in the context it was used. 'frozen' is field-specific metadata, and can only be attached to a model field using `Annotated` metadata or by assignment. This may have happened because an `Annotated` type alias using the `type` statement was used, or if the `Field()` function was attached to a single member of a union type.
  warnings.warn(
/usr/local/lib/python3.11/site-packages/pydantic/_internal/_generate_schema.py:2249: UnsupportedFieldAttributeWarning: The 'repr' attribute with value False was provided to the `Field()` function, which has no effect in the context it was used. 'repr' is field-specific metadata, and can only be attached to a model field using `Annotated` metadata or by assignment. This may have happened because an `Annotated` type alias using the `type` statement was used, or if the `Field()` function was attached to a single member of a union type.
  warnings.warn(
/usr/local/lib/python3.11/site-packages/pydantic/_internal/_generate_schema.py:2249: UnsupportedFieldAttributeWarning: The 'frozen' attribute with value True was provided to the `Field()` function, which has no effect in the context it was used. 'frozen' is field-specific metadata, and can only be attached to a model field using `Annotated` metadata or by assignment. This may have happened because an `Annotated` type alias using the `type` statement was used, or if the `Field()` function was attached to a single member of a union type.
  warnings.warn(
/usr/local/lib/python3.11/site-packages/pydantic/_internal/_generate_schema.py:2249: UnsupportedFieldAttributeWarning: The 'repr' attribute with value False was provided to the `Field()` function, which has no effect in the context it was used. 'repr' is field-specific metadata, and can only be attached to a model field using `Annotated` metadata or by assignment. This may have happened because an `Annotated` type alias using the `type` statement was used, or if the `Field()` function was attached to a single member of a union type.
  warnings.warn(
/usr/local/lib/python3.11/site-packages/pydantic/_internal/_generate_schema.py:2249: UnsupportedFieldAttributeWarning: The 'frozen' attribute with value True was provided to the `Field()` function, which has no effect in the context it was used. 'frozen' is field-specific metadata, and can only be attached to a model field using `Annotated` metadata or by assignment. This may have happened because an `Annotated` type alias using the `type` statement was used, or if the `Field()` function was attached to a single member of a union type.
  warnings.warn(
I0523 12:17:36.430046 139818506818752 logger_utils.py:59] Removing existing experiment directory /experiment_runs/submissions_a100/muon_torch/study_0/librispeech_deepspeech_pytorch because --overwrite was set.
I0523 12:17:36.430050 140160529790144 logger_utils.py:59] Removing existing experiment directory /experiment_runs/submissions_a100/muon_torch/study_0/librispeech_deepspeech_pytorch because --overwrite was set.
I0523 12:17:36.430057 139895445292224 logger_utils.py:59] Removing existing experiment directory /experiment_runs/submissions_a100/muon_torch/study_0/librispeech_deepspeech_pytorch because --overwrite was set.
I0523 12:17:36.435544 139860926047424 logger_utils.py:59] Removing existing experiment directory /experiment_runs/submissions_a100/muon_torch/study_0/librispeech_deepspeech_pytorch because --overwrite was set.
/usr/local/lib/python3.11/site-packages/torch/distributed/distributed_c10d.py:4876: UserWarning: barrier(): using the device under current context. You can specify `device_id` in `init_process_group` to mute this warning.
  warnings.warn(  # warn only once
[rank0]:[W523 12:17:36.789600330 ProcessGroupNCCL.cpp:5068] Guessing device ID based on global rank. This can cause a hang if rank to GPU mapping is heterogeneous. You can specify device_id in init_process_group()
I0523 12:17:37.172573 140160529790144 logger_utils.py:84] Creating experiment directory at /experiment_runs/submissions_a100/muon_torch/study_0/librispeech_deepspeech_pytorch.
I0523 12:17:37.172572 139818506818752 logger_utils.py:84] Creating experiment directory at /experiment_runs/submissions_a100/muon_torch/study_0/librispeech_deepspeech_pytorch.
I0523 12:17:37.172572 139895445292224 logger_utils.py:84] Creating experiment directory at /experiment_runs/submissions_a100/muon_torch/study_0/librispeech_deepspeech_pytorch.
I0523 12:17:37.172609 139860926047424 logger_utils.py:84] Creating experiment directory at /experiment_runs/submissions_a100/muon_torch/study_0/librispeech_deepspeech_pytorch.
I0523 12:17:39.903136 139860926047424 submission_runner.py:741] Creating directory at /experiment_runs/submissions_a100/muon_torch/study_0/librispeech_deepspeech_pytorch/trial_1.
I0523 12:17:40.281500 139860926047424 submission_runner.py:242] Initializing dataset.
I0523 12:17:40.281720 139860926047424 input_pipeline.py:19] Loading split = train-clean-100
I0523 12:17:40.307228 139860926047424 input_pipeline.py:19] Loading split = train-clean-360
I0523 12:17:40.401095 139860926047424 input_pipeline.py:19] Loading split = train-other-500
I0523 12:17:40.978259 139860926047424 submission_runner.py:251] Initializing model.
W0523 12:17:45.056489 139895445292224 submission_runner.py:273] These workloads cannot be fully compiled under current PyTorch version. Proceeding without `torch.compile`.
W0523 12:17:45.057255 139818506818752 submission_runner.py:273] These workloads cannot be fully compiled under current PyTorch version. Proceeding without `torch.compile`.
W0523 12:17:45.057482 140160529790144 submission_runner.py:273] These workloads cannot be fully compiled under current PyTorch version. Proceeding without `torch.compile`.
W0523 12:17:45.058154 139860926047424 submission_runner.py:273] These workloads cannot be fully compiled under current PyTorch version. Proceeding without `torch.compile`.
I0523 12:17:45.059010 139895445292224 muon.py:324] Muon params:
	module.subsample.conv1.kernel (ndim=4)
	module.subsample.conv2.kernel (ndim=4)
	module.subsample.lin.weight (ndim=2)
	module.lstms.0.lstm.weight_ih_l0 (ndim=2)
	module.lstms.0.lstm.weight_hh_l0 (ndim=2)
	module.lstms.0.lstm.weight_ih_l0_reverse (ndim=2)
	module.lstms.0.lstm.weight_hh_l0_reverse (ndim=2)
	module.lstms.1.lstm.weight_ih_l0 (ndim=2)
	module.lstms.1.lstm.weight_hh_l0 (ndim=2)
	module.lstms.1.lstm.weight_ih_l0_reverse (ndim=2)
	module.lstms.1.lstm.weight_hh_l0_reverse (ndim=2)
	module.lstms.2.lstm.weight_ih_l0 (ndim=2)
	module.lstms.2.lstm.weight_hh_l0 (ndim=2)
	module.lstms.2.lstm.weight_ih_l0_reverse (ndim=2)
	module.lstms.2.lstm.weight_hh_l0_reverse (ndim=2)
	module.lstms.3.lstm.weight_ih_l0 (ndim=2)
	module.lstms.3.lstm.weight_hh_l0 (ndim=2)
	module.lstms.3.lstm.weight_ih_l0_reverse (ndim=2)
	module.lstms.3.lstm.weight_hh_l0_reverse (ndim=2)
	module.lstms.4.lstm.weight_ih_l0 (ndim=2)
	module.lstms.4.lstm.weight_hh_l0 (ndim=2)
	module.lstms.4.lstm.weight_ih_l0_reverse (ndim=2)
	module.lstms.4.lstm.weight_hh_l0_reverse (ndim=2)
	module.lstms.5.lstm.weight_ih_l0 (ndim=2)
	module.lstms.5.lstm.weight_hh_l0 (ndim=2)
	module.lstms.5.lstm.weight_ih_l0_reverse (ndim=2)
	module.lstms.5.lstm.weight_hh_l0_reverse (ndim=2)
	module.ffns.0.lin.weight (ndim=2)
	module.ffns.1.lin.weight (ndim=2)
	module.ffns.2.lin.weight (ndim=2)
	module.lin.weight (ndim=2)
I0523 12:17:45.059154 139895445292224 muon.py:325] Adam params:
	module.subsample.conv1.bias (ndim=1)
	module.subsample.conv2.bias (ndim=1)
	module.subsample.lin.bias (ndim=1)
	module.lstms.0.bn_normalization_layer.weight (ndim=1)
	module.lstms.0.bn_normalization_layer.bias (ndim=1)
	module.lstms.0.lstm.bias_ih_l0 (ndim=1)
	module.lstms.0.lstm.bias_hh_l0 (ndim=1)
	module.lstms.0.lstm.bias_ih_l0_reverse (ndim=1)
	module.lstms.0.lstm.bias_hh_l0_reverse (ndim=1)
	module.lstms.1.bn_normalization_layer.weight (ndim=1)
	module.lstms.1.bn_normalization_layer.bias (ndim=1)
	module.lstms.1.lstm.bias_ih_l0 (ndim=1)
	module.lstms.1.lstm.bias_hh_l0 (ndim=1)
	module.lstms.1.lstm.bias_ih_l0_reverse (ndim=1)
	module.lstms.1.lstm.bias_hh_l0_reverse (ndim=1)
	module.lstms.2.bn_normalization_layer.weight (ndim=1)
	module.lstms.2.bn_normalization_layer.bias (ndim=1)
	module.lstms.2.lstm.bias_ih_l0 (ndim=1)
	module.lstms.2.lstm.bias_hh_l0 (ndim=1)
	module.lstms.2.lstm.bias_ih_l0_reverse (ndim=1)
	module.lstms.2.lstm.bias_hh_l0_reverse (ndim=1)
	module.lstms.3.bn_normalization_layer.weight (ndim=1)
	module.lstms.3.bn_normalization_layer.bias (ndim=1)
	module.lstms.3.lstm.bias_ih_l0 (ndim=1)
	module.lstms.3.lstm.bias_hh_l0 (ndim=1)
	module.lstms.3.lstm.bias_ih_l0_reverse (ndim=1)
	module.lstms.3.lstm.bias_hh_l0_reverse (ndim=1)
	module.lstms.4.bn_normalization_layer.weight (ndim=1)
	module.lstms.4.bn_normalization_layer.bias (ndim=1)
	module.lstms.4.lstm.bias_ih_l0 (ndim=1)
	module.lstms.4.lstm.bias_hh_l0 (ndim=1)
	module.lstms.4.lstm.bias_ih_l0_reverse (ndim=1)
	module.lstms.4.lstm.bias_hh_l0_reverse (ndim=1)
	module.lstms.5.bn_normalization_layer.weight (ndim=1)
	module.lstms.5.bn_normalization_layer.bias (ndim=1)
	module.lstms.5.lstm.bias_ih_l0 (ndim=1)
	module.lstms.5.lstm.bias_hh_l0 (ndim=1)
	module.lstms.5.lstm.bias_ih_l0_reverse (ndim=1)
	module.lstms.5.lstm.bias_hh_l0_reverse (ndim=1)
	module.ffns.0.bn_normalization_layer.weight (ndim=1)
	module.ffns.0.bn_normalization_layer.bias (ndim=1)
	module.ffns.0.lin.bias (ndim=1)
	module.ffns.1.bn_normalization_layer.weight (ndim=1)
	module.ffns.1.bn_normalization_layer.bias (ndim=1)
	module.ffns.1.lin.bias (ndim=1)
	module.ffns.2.bn_normalization_layer.weight (ndim=1)
	module.ffns.2.bn_normalization_layer.bias (ndim=1)
	module.ffns.2.lin.bias (ndim=1)
	module.ln.scale (ndim=1)
	module.ln.bias (ndim=1)
	module.lin.bias (ndim=1)
I0523 12:17:45.059743 139818506818752 muon.py:324] Muon params:
	module.subsample.conv1.kernel (ndim=4)
	module.subsample.conv2.kernel (ndim=4)
	module.subsample.lin.weight (ndim=2)
	module.lstms.0.lstm.weight_ih_l0 (ndim=2)
	module.lstms.0.lstm.weight_hh_l0 (ndim=2)
	module.lstms.0.lstm.weight_ih_l0_reverse (ndim=2)
	module.lstms.0.lstm.weight_hh_l0_reverse (ndim=2)
	module.lstms.1.lstm.weight_ih_l0 (ndim=2)
	module.lstms.1.lstm.weight_hh_l0 (ndim=2)
	module.lstms.1.lstm.weight_ih_l0_reverse (ndim=2)
	module.lstms.1.lstm.weight_hh_l0_reverse (ndim=2)
	module.lstms.2.lstm.weight_ih_l0 (ndim=2)
	module.lstms.2.lstm.weight_hh_l0 (ndim=2)
	module.lstms.2.lstm.weight_ih_l0_reverse (ndim=2)
	module.lstms.2.lstm.weight_hh_l0_reverse (ndim=2)
	module.lstms.3.lstm.weight_ih_l0 (ndim=2)
	module.lstms.3.lstm.weight_hh_l0 (ndim=2)
	module.lstms.3.lstm.weight_ih_l0_reverse (ndim=2)
	module.lstms.3.lstm.weight_hh_l0_reverse (ndim=2)
	module.lstms.4.lstm.weight_ih_l0 (ndim=2)
	module.lstms.4.lstm.weight_hh_l0 (ndim=2)
	module.lstms.4.lstm.weight_ih_l0_reverse (ndim=2)
	module.lstms.4.lstm.weight_hh_l0_reverse (ndim=2)
	module.lstms.5.lstm.weight_ih_l0 (ndim=2)
	module.lstms.5.lstm.weight_hh_l0 (ndim=2)
	module.lstms.5.lstm.weight_ih_l0_reverse (ndim=2)
	module.lstms.5.lstm.weight_hh_l0_reverse (ndim=2)
	module.ffns.0.lin.weight (ndim=2)
	module.ffns.1.lin.weight (ndim=2)
	module.ffns.2.lin.weight (ndim=2)
	module.lin.weight (ndim=2)
I0523 12:17:45.059886 139818506818752 muon.py:325] Adam params:
	module.subsample.conv1.bias (ndim=1)
	module.subsample.conv2.bias (ndim=1)
	module.subsample.lin.bias (ndim=1)
	module.lstms.0.bn_normalization_layer.weight (ndim=1)
	module.lstms.0.bn_normalization_layer.bias (ndim=1)
	module.lstms.0.lstm.bias_ih_l0 (ndim=1)
	module.lstms.0.lstm.bias_hh_l0 (ndim=1)
	module.lstms.0.lstm.bias_ih_l0_reverse (ndim=1)
	module.lstms.0.lstm.bias_hh_l0_reverse (ndim=1)
	module.lstms.1.bn_normalization_layer.weight (ndim=1)
	module.lstms.1.bn_normalization_layer.bias (ndim=1)
	module.lstms.1.lstm.bias_ih_l0 (ndim=1)
	module.lstms.1.lstm.bias_hh_l0 (ndim=1)
	module.lstms.1.lstm.bias_ih_l0_reverse (ndim=1)
	module.lstms.1.lstm.bias_hh_l0_reverse (ndim=1)
	module.lstms.2.bn_normalization_layer.weight (ndim=1)
	module.lstms.2.bn_normalization_layer.bias (ndim=1)
	module.lstms.2.lstm.bias_ih_l0 (ndim=1)
	module.lstms.2.lstm.bias_hh_l0 (ndim=1)
	module.lstms.2.lstm.bias_ih_l0_reverse (ndim=1)
	module.lstms.2.lstm.bias_hh_l0_reverse (ndim=1)
	module.lstms.3.bn_normalization_layer.weight (ndim=1)
	module.lstms.3.bn_normalization_layer.bias (ndim=1)
	module.lstms.3.lstm.bias_ih_l0 (ndim=1)
	module.lstms.3.lstm.bias_hh_l0 (ndim=1)
	module.lstms.3.lstm.bias_ih_l0_reverse (ndim=1)
	module.lstms.3.lstm.bias_hh_l0_reverse (ndim=1)
	module.lstms.4.bn_normalization_layer.weight (ndim=1)
	module.lstms.4.bn_normalization_layer.bias (ndim=1)
	module.lstms.4.lstm.bias_ih_l0 (ndim=1)
	module.lstms.4.lstm.bias_hh_l0 (ndim=1)
	module.lstms.4.lstm.bias_ih_l0_reverse (ndim=1)
	module.lstms.4.lstm.bias_hh_l0_reverse (ndim=1)
	module.lstms.5.bn_normalization_layer.weight (ndim=1)
	module.lstms.5.bn_normalization_layer.bias (ndim=1)
	module.lstms.5.lstm.bias_ih_l0 (ndim=1)
	module.lstms.5.lstm.bias_hh_l0 (ndim=1)
	module.lstms.5.lstm.bias_ih_l0_reverse (ndim=1)
	module.lstms.5.lstm.bias_hh_l0_reverse (ndim=1)
	module.ffns.0.bn_normalization_layer.weight (ndim=1)
	module.ffns.0.bn_normalization_layer.bias (ndim=1)
	module.ffns.0.lin.bias (ndim=1)
	module.ffns.1.bn_normalization_layer.weight (ndim=1)
	module.ffns.1.bn_normalization_layer.bias (ndim=1)
	module.ffns.1.lin.bias (ndim=1)
	module.ffns.2.bn_normalization_layer.weight (ndim=1)
	module.ffns.2.bn_normalization_layer.bias (ndim=1)
	module.ffns.2.lin.bias (ndim=1)
	module.ln.scale (ndim=1)
	module.ln.bias (ndim=1)
	module.lin.bias (ndim=1)
I0523 12:17:45.059957 140160529790144 muon.py:324] Muon params:
	module.subsample.conv1.kernel (ndim=4)
	module.subsample.conv2.kernel (ndim=4)
	module.subsample.lin.weight (ndim=2)
	module.lstms.0.lstm.weight_ih_l0 (ndim=2)
	module.lstms.0.lstm.weight_hh_l0 (ndim=2)
	module.lstms.0.lstm.weight_ih_l0_reverse (ndim=2)
	module.lstms.0.lstm.weight_hh_l0_reverse (ndim=2)
	module.lstms.1.lstm.weight_ih_l0 (ndim=2)
	module.lstms.1.lstm.weight_hh_l0 (ndim=2)
	module.lstms.1.lstm.weight_ih_l0_reverse (ndim=2)
	module.lstms.1.lstm.weight_hh_l0_reverse (ndim=2)
	module.lstms.2.lstm.weight_ih_l0 (ndim=2)
	module.lstms.2.lstm.weight_hh_l0 (ndim=2)
	module.lstms.2.lstm.weight_ih_l0_reverse (ndim=2)
	module.lstms.2.lstm.weight_hh_l0_reverse (ndim=2)
	module.lstms.3.lstm.weight_ih_l0 (ndim=2)
	module.lstms.3.lstm.weight_hh_l0 (ndim=2)
	module.lstms.3.lstm.weight_ih_l0_reverse (ndim=2)
	module.lstms.3.lstm.weight_hh_l0_reverse (ndim=2)
	module.lstms.4.lstm.weight_ih_l0 (ndim=2)
	module.lstms.4.lstm.weight_hh_l0 (ndim=2)
	module.lstms.4.lstm.weight_ih_l0_reverse (ndim=2)
	module.lstms.4.lstm.weight_hh_l0_reverse (ndim=2)
	module.lstms.5.lstm.weight_ih_l0 (ndim=2)
	module.lstms.5.lstm.weight_hh_l0 (ndim=2)
	module.lstms.5.lstm.weight_ih_l0_reverse (ndim=2)
	module.lstms.5.lstm.weight_hh_l0_reverse (ndim=2)
	module.ffns.0.lin.weight (ndim=2)
	module.ffns.1.lin.weight (ndim=2)
	module.ffns.2.lin.weight (ndim=2)
	module.lin.weight (ndim=2)
I0523 12:17:45.060098 140160529790144 muon.py:325] Adam params:
	module.subsample.conv1.bias (ndim=1)
	module.subsample.conv2.bias (ndim=1)
	module.subsample.lin.bias (ndim=1)
	module.lstms.0.bn_normalization_layer.weight (ndim=1)
	module.lstms.0.bn_normalization_layer.bias (ndim=1)
	module.lstms.0.lstm.bias_ih_l0 (ndim=1)
	module.lstms.0.lstm.bias_hh_l0 (ndim=1)
	module.lstms.0.lstm.bias_ih_l0_reverse (ndim=1)
	module.lstms.0.lstm.bias_hh_l0_reverse (ndim=1)
	module.lstms.1.bn_normalization_layer.weight (ndim=1)
	module.lstms.1.bn_normalization_layer.bias (ndim=1)
	module.lstms.1.lstm.bias_ih_l0 (ndim=1)
	module.lstms.1.lstm.bias_hh_l0 (ndim=1)
	module.lstms.1.lstm.bias_ih_l0_reverse (ndim=1)
	module.lstms.1.lstm.bias_hh_l0_reverse (ndim=1)
	module.lstms.2.bn_normalization_layer.weight (ndim=1)
	module.lstms.2.bn_normalization_layer.bias (ndim=1)
	module.lstms.2.lstm.bias_ih_l0 (ndim=1)
	module.lstms.2.lstm.bias_hh_l0 (ndim=1)
	module.lstms.2.lstm.bias_ih_l0_reverse (ndim=1)
	module.lstms.2.lstm.bias_hh_l0_reverse (ndim=1)
	module.lstms.3.bn_normalization_layer.weight (ndim=1)
	module.lstms.3.bn_normalization_layer.bias (ndim=1)
	module.lstms.3.lstm.bias_ih_l0 (ndim=1)
	module.lstms.3.lstm.bias_hh_l0 (ndim=1)
	module.lstms.3.lstm.bias_ih_l0_reverse (ndim=1)
	module.lstms.3.lstm.bias_hh_l0_reverse (ndim=1)
	module.lstms.4.bn_normalization_layer.weight (ndim=1)
	module.lstms.4.bn_normalization_layer.bias (ndim=1)
	module.lstms.4.lstm.bias_ih_l0 (ndim=1)
	module.lstms.4.lstm.bias_hh_l0 (ndim=1)
	module.lstms.4.lstm.bias_ih_l0_reverse (ndim=1)
	module.lstms.4.lstm.bias_hh_l0_reverse (ndim=1)
	module.lstms.5.bn_normalization_layer.weight (ndim=1)
	module.lstms.5.bn_normalization_layer.bias (ndim=1)
	module.lstms.5.lstm.bias_ih_l0 (ndim=1)
	module.lstms.5.lstm.bias_hh_l0 (ndim=1)
	module.lstms.5.lstm.bias_ih_l0_reverse (ndim=1)
	module.lstms.5.lstm.bias_hh_l0_reverse (ndim=1)
	module.ffns.0.bn_normalization_layer.weight (ndim=1)
	module.ffns.0.bn_normalization_layer.bias (ndim=1)
	module.ffns.0.lin.bias (ndim=1)
	module.ffns.1.bn_normalization_layer.weight (ndim=1)
	module.ffns.1.bn_normalization_layer.bias (ndim=1)
	module.ffns.1.lin.bias (ndim=1)
	module.ffns.2.bn_normalization_layer.weight (ndim=1)
	module.ffns.2.bn_normalization_layer.bias (ndim=1)
	module.ffns.2.lin.bias (ndim=1)
	module.ln.scale (ndim=1)
	module.ln.bias (ndim=1)
	module.lin.bias (ndim=1)
I0523 12:17:45.060248 139860926047424 submission_runner.py:294] Initializing optimizer.
I0523 12:17:45.060679 139860926047424 muon.py:324] Muon params:
	module.subsample.conv1.kernel (ndim=4)
	module.subsample.conv2.kernel (ndim=4)
	module.subsample.lin.weight (ndim=2)
	module.lstms.0.lstm.weight_ih_l0 (ndim=2)
	module.lstms.0.lstm.weight_hh_l0 (ndim=2)
	module.lstms.0.lstm.weight_ih_l0_reverse (ndim=2)
	module.lstms.0.lstm.weight_hh_l0_reverse (ndim=2)
	module.lstms.1.lstm.weight_ih_l0 (ndim=2)
	module.lstms.1.lstm.weight_hh_l0 (ndim=2)
	module.lstms.1.lstm.weight_ih_l0_reverse (ndim=2)
	module.lstms.1.lstm.weight_hh_l0_reverse (ndim=2)
	module.lstms.2.lstm.weight_ih_l0 (ndim=2)
	module.lstms.2.lstm.weight_hh_l0 (ndim=2)
	module.lstms.2.lstm.weight_ih_l0_reverse (ndim=2)
	module.lstms.2.lstm.weight_hh_l0_reverse (ndim=2)
	module.lstms.3.lstm.weight_ih_l0 (ndim=2)
	module.lstms.3.lstm.weight_hh_l0 (ndim=2)
	module.lstms.3.lstm.weight_ih_l0_reverse (ndim=2)
	module.lstms.3.lstm.weight_hh_l0_reverse (ndim=2)
	module.lstms.4.lstm.weight_ih_l0 (ndim=2)
	module.lstms.4.lstm.weight_hh_l0 (ndim=2)
	module.lstms.4.lstm.weight_ih_l0_reverse (ndim=2)
	module.lstms.4.lstm.weight_hh_l0_reverse (ndim=2)
	module.lstms.5.lstm.weight_ih_l0 (ndim=2)
	module.lstms.5.lstm.weight_hh_l0 (ndim=2)
	module.lstms.5.lstm.weight_ih_l0_reverse (ndim=2)
	module.lstms.5.lstm.weight_hh_l0_reverse (ndim=2)
	module.ffns.0.lin.weight (ndim=2)
	module.ffns.1.lin.weight (ndim=2)
	module.ffns.2.lin.weight (ndim=2)
	module.lin.weight (ndim=2)
I0523 12:17:45.060749 139860926047424 muon.py:325] Adam params:
	module.subsample.conv1.bias (ndim=1)
	module.subsample.conv2.bias (ndim=1)
	module.subsample.lin.bias (ndim=1)
	module.lstms.0.bn_normalization_layer.weight (ndim=1)
	module.lstms.0.bn_normalization_layer.bias (ndim=1)
	module.lstms.0.lstm.bias_ih_l0 (ndim=1)
	module.lstms.0.lstm.bias_hh_l0 (ndim=1)
	module.lstms.0.lstm.bias_ih_l0_reverse (ndim=1)
	module.lstms.0.lstm.bias_hh_l0_reverse (ndim=1)
	module.lstms.1.bn_normalization_layer.weight (ndim=1)
	module.lstms.1.bn_normalization_layer.bias (ndim=1)
	module.lstms.1.lstm.bias_ih_l0 (ndim=1)
	module.lstms.1.lstm.bias_hh_l0 (ndim=1)
	module.lstms.1.lstm.bias_ih_l0_reverse (ndim=1)
	module.lstms.1.lstm.bias_hh_l0_reverse (ndim=1)
	module.lstms.2.bn_normalization_layer.weight (ndim=1)
	module.lstms.2.bn_normalization_layer.bias (ndim=1)
	module.lstms.2.lstm.bias_ih_l0 (ndim=1)
	module.lstms.2.lstm.bias_hh_l0 (ndim=1)
	module.lstms.2.lstm.bias_ih_l0_reverse (ndim=1)
	module.lstms.2.lstm.bias_hh_l0_reverse (ndim=1)
	module.lstms.3.bn_normalization_layer.weight (ndim=1)
	module.lstms.3.bn_normalization_layer.bias (ndim=1)
	module.lstms.3.lstm.bias_ih_l0 (ndim=1)
	module.lstms.3.lstm.bias_hh_l0 (ndim=1)
	module.lstms.3.lstm.bias_ih_l0_reverse (ndim=1)
	module.lstms.3.lstm.bias_hh_l0_reverse (ndim=1)
	module.lstms.4.bn_normalization_layer.weight (ndim=1)
	module.lstms.4.bn_normalization_layer.bias (ndim=1)
	module.lstms.4.lstm.bias_ih_l0 (ndim=1)
	module.lstms.4.lstm.bias_hh_l0 (ndim=1)
	module.lstms.4.lstm.bias_ih_l0_reverse (ndim=1)
	module.lstms.4.lstm.bias_hh_l0_reverse (ndim=1)
	module.lstms.5.bn_normalization_layer.weight (ndim=1)
	module.lstms.5.bn_normalization_layer.bias (ndim=1)
	module.lstms.5.lstm.bias_ih_l0 (ndim=1)
	module.lstms.5.lstm.bias_hh_l0 (ndim=1)
	module.lstms.5.lstm.bias_ih_l0_reverse (ndim=1)
	module.lstms.5.lstm.bias_hh_l0_reverse (ndim=1)
	module.ffns.0.bn_normalization_layer.weight (ndim=1)
	module.ffns.0.bn_normalization_layer.bias (ndim=1)
	module.ffns.0.lin.bias (ndim=1)
	module.ffns.1.bn_normalization_layer.weight (ndim=1)
	module.ffns.1.bn_normalization_layer.bias (ndim=1)
	module.ffns.1.lin.bias (ndim=1)
	module.ffns.2.bn_normalization_layer.weight (ndim=1)
	module.ffns.2.bn_normalization_layer.bias (ndim=1)
	module.ffns.2.lin.bias (ndim=1)
	module.ln.scale (ndim=1)
	module.ln.bias (ndim=1)
	module.lin.bias (ndim=1)
I0523 12:17:45.061823 139860926047424 submission_runner.py:299] Initializing metrics bundle.
I0523 12:17:45.061988 139860926047424 submission_runner.py:321] Initializing checkpoint and logger.
I0523 12:17:45.063907 139860926047424 submission_runner.py:344] Saving meta data to /experiment_runs/submissions_a100/muon_torch/study_0/librispeech_deepspeech_pytorch/trial_1/meta_data_0.json.
I0523 12:17:45.064014 139895445292224 logger_utils.py:283] Unable to record workload.train_mean information. Continuing without it.
I0523 12:17:45.064036 139818506818752 logger_utils.py:283] Unable to record workload.train_mean information. Continuing without it.
I0523 12:17:45.064057 140160529790144 logger_utils.py:283] Unable to record workload.train_mean information. Continuing without it.
I0523 12:17:45.064120 139895445292224 logger_utils.py:283] Unable to record workload.train_stddev information. Continuing without it.
I0523 12:17:45.064120 139860926047424 logger_utils.py:283] Unable to record workload.train_mean information. Continuing without it.
I0523 12:17:45.064136 139818506818752 logger_utils.py:283] Unable to record workload.train_stddev information. Continuing without it.
I0523 12:17:45.064161 140160529790144 logger_utils.py:283] Unable to record workload.train_stddev information. Continuing without it.
I0523 12:17:45.064172 139860926047424 logger_utils.py:283] Unable to record workload.train_stddev information. Continuing without it.
I0523 12:17:45.295670 139860926047424 submission_runner.py:348] Saving flags to /experiment_runs/submissions_a100/muon_torch/study_0/librispeech_deepspeech_pytorch/trial_1/flags_0.json.
I0523 12:17:45.316368 139860926047424 submission_runner.py:359] Starting training loop.
/usr/local/lib/python3.11/multiprocessing/popen_fork.py:66: RuntimeWarning: os.fork() was called. os.fork() is incompatible with multithreaded code, and JAX is multithreaded, so this will likely lead to a deadlock.
  self.pid = os.fork()
/usr/local/lib/python3.11/multiprocessing/popen_fork.py:66: RuntimeWarning: os.fork() was called. os.fork() is incompatible with multithreaded code, and JAX is multithreaded, so this will likely lead to a deadlock.
  self.pid = os.fork()
/usr/local/lib/python3.11/multiprocessing/popen_fork.py:66: RuntimeWarning: os.fork() was called. os.fork() is incompatible with multithreaded code, and JAX is multithreaded, so this will likely lead to a deadlock.
  self.pid = os.fork()
/usr/local/lib/python3.11/multiprocessing/popen_fork.py:66: RuntimeWarning: os.fork() was called. os.fork() is incompatible with multithreaded code, and JAX is multithreaded, so this will likely lead to a deadlock.
  self.pid = os.fork()
I0523 12:18:23.109326 139860926047424 spec.py:333] Evaluating on the training split.
I0523 12:18:23.110556 139860926047424 input_pipeline.py:19] Loading split = train-clean-100
I0523 12:18:23.136234 139860926047424 input_pipeline.py:19] Loading split = train-clean-360
I0523 12:18:23.224783 139860926047424 input_pipeline.py:19] Loading split = train-other-500
/usr/local/lib/python3.11/multiprocessing/popen_fork.py:66: RuntimeWarning: os.fork() was called. os.fork() is incompatible with multithreaded code, and JAX is multithreaded, so this will likely lead to a deadlock.
  self.pid = os.fork()
/usr/local/lib/python3.11/multiprocessing/popen_fork.py:66: RuntimeWarning: os.fork() was called. os.fork() is incompatible with multithreaded code, and JAX is multithreaded, so this will likely lead to a deadlock.
  self.pid = os.fork()
/usr/local/lib/python3.11/multiprocessing/popen_fork.py:66: RuntimeWarning: os.fork() was called. os.fork() is incompatible with multithreaded code, and JAX is multithreaded, so this will likely lead to a deadlock.
  self.pid = os.fork()
/usr/local/lib/python3.11/multiprocessing/popen_fork.py:66: RuntimeWarning: os.fork() was called. os.fork() is incompatible with multithreaded code, and JAX is multithreaded, so this will likely lead to a deadlock.
  self.pid = os.fork()
I0523 12:18:58.830089 139860926047424 spec.py:346] Evaluating on the validation split.
I0523 12:18:58.831173 139860926047424 input_pipeline.py:19] Loading split = dev-clean
I0523 12:18:58.855678 139860926047424 input_pipeline.py:19] Loading split = dev-other
/usr/local/lib/python3.11/multiprocessing/popen_fork.py:66: RuntimeWarning: os.fork() was called. os.fork() is incompatible with multithreaded code, and JAX is multithreaded, so this will likely lead to a deadlock.
  self.pid = os.fork()
/usr/local/lib/python3.11/multiprocessing/popen_fork.py:66: RuntimeWarning: os.fork() was called. os.fork() is incompatible with multithreaded code, and JAX is multithreaded, so this will likely lead to a deadlock.
  self.pid = os.fork()
/usr/local/lib/python3.11/multiprocessing/popen_fork.py:66: RuntimeWarning: os.fork() was called. os.fork() is incompatible with multithreaded code, and JAX is multithreaded, so this will likely lead to a deadlock.
  self.pid = os.fork()
/usr/local/lib/python3.11/multiprocessing/popen_fork.py:66: RuntimeWarning: os.fork() was called. os.fork() is incompatible with multithreaded code, and JAX is multithreaded, so this will likely lead to a deadlock.
  self.pid = os.fork()
I0523 12:19:25.392742 139860926047424 spec.py:363] Evaluating on the test split.
I0523 12:19:25.393936 139860926047424 input_pipeline.py:19] Loading split = test-clean
/usr/local/lib/python3.11/multiprocessing/popen_fork.py:66: RuntimeWarning: os.fork() was called. os.fork() is incompatible with multithreaded code, and JAX is multithreaded, so this will likely lead to a deadlock.
  self.pid = os.fork()
/usr/local/lib/python3.11/multiprocessing/popen_fork.py:66: RuntimeWarning: os.fork() was called. os.fork() is incompatible with multithreaded code, and JAX is multithreaded, so this will likely lead to a deadlock.
  self.pid = os.fork()
/usr/local/lib/python3.11/multiprocessing/popen_fork.py:66: RuntimeWarning: os.fork() was called. os.fork() is incompatible with multithreaded code, and JAX is multithreaded, so this will likely lead to a deadlock.
  self.pid = os.fork()
/usr/local/lib/python3.11/multiprocessing/popen_fork.py:66: RuntimeWarning: os.fork() was called. os.fork() is incompatible with multithreaded code, and JAX is multithreaded, so this will likely lead to a deadlock.
  self.pid = os.fork()
I0523 12:19:37.897398 139860926047424 submission_runner.py:516] Time since start: 112.58s, 	Step: 1, 	{'train/ctc_loss': 32.16911888772652, 'train/wer': 4.473515750449936, 'validation/ctc_loss': 31.24438353928069, 'validation/wer': 4.148631294356202, 'validation/num_examples': 5348, 'test/ctc_loss': 31.28999290276792, 'test/wer': 4.276379664046473, 'test/num_examples': 2472, 'score': 37.15535092353821, 'total_duration': 112.5808699131012, 'accumulated_submission_time': 37.15535092353821, 'accumulated_eval_time': 74.78789806365967, 'accumulated_logging_time': 0}
I0523 12:19:37.941139 139842826532608 logging_writer.py:48] [1] accumulated_eval_time=74.7879, accumulated_logging_time=0, accumulated_submission_time=37.1554, global_step=1, preemption_count=0, score=37.1554, test/ctc_loss=31.29, test/num_examples=2472, test/wer=4.27638, total_duration=112.581, train/ctc_loss=32.1691, train/wer=4.47352, validation/ctc_loss=31.2444, validation/num_examples=5348, validation/wer=4.14863
/usr/local/lib/python3.11/multiprocessing/popen_fork.py:66: RuntimeWarning: os.fork() was called. os.fork() is incompatible with multithreaded code, and JAX is multithreaded, so this will likely lead to a deadlock.
  self.pid = os.fork()
I0523 12:43:45.747342 139860926047424 spec.py:333] Evaluating on the training split.
I0523 12:44:00.222778 139860926047424 spec.py:346] Evaluating on the validation split.
I0523 12:44:20.448312 139860926047424 spec.py:363] Evaluating on the test split.
I0523 12:44:30.759444 139860926047424 submission_runner.py:516] Time since start: 1605.43s, 	Step: 1059, 	{'train/ctc_loss': 6.309704130530152, 'train/wer': 0.9372460691230831, 'validation/ctc_loss': 6.2087657913903955, 'validation/wer': 0.8942886110172356, 'validation/num_examples': 5348, 'test/ctc_loss': 6.039291244596425, 'test/wer': 0.8963296975605793, 'test/num_examples': 2472, 'score': 1482.7921550273895, 'total_duration': 1605.4286587238312, 'accumulated_submission_time': 1482.7921550273895, 'accumulated_eval_time': 119.78562927246094, 'accumulated_logging_time': 0.09359407424926758}
I0523 12:44:30.812687 139842826532608 logging_writer.py:48] [1059] accumulated_eval_time=119.786, accumulated_logging_time=0.0935941, accumulated_submission_time=1482.79, global_step=1059, preemption_count=0, score=1482.79, test/ctc_loss=6.03929, test/num_examples=2472, test/wer=0.89633, total_duration=1605.43, train/ctc_loss=6.3097, train/wer=0.937246, validation/ctc_loss=6.20877, validation/num_examples=5348, validation/wer=0.894289
/usr/local/lib/python3.11/multiprocessing/popen_fork.py:66: RuntimeWarning: os.fork() was called. os.fork() is incompatible with multithreaded code, and JAX is multithreaded, so this will likely lead to a deadlock.
  self.pid = os.fork()
I0523 13:08:38.657670 139860926047424 spec.py:333] Evaluating on the training split.
I0523 13:08:56.405560 139860926047424 spec.py:346] Evaluating on the validation split.
I0523 13:09:16.137837 139860926047424 spec.py:363] Evaluating on the test split.
I0523 13:09:26.883776 139860926047424 submission_runner.py:516] Time since start: 3101.57s, 	Step: 2500, 	{'train/ctc_loss': 0.8229355258495596, 'train/wer': 0.25147374206550205, 'validation/ctc_loss': 1.0655937233147479, 'validation/wer': 0.29191329116979675, 'validation/num_examples': 5348, 'test/ctc_loss': 0.6962577726788826, 'test/wer': 0.21392155667946297, 'test/num_examples': 2472, 'score': 2928.1187422275543, 'total_duration': 3101.5672023296356, 'accumulated_submission_time': 2928.1187422275543, 'accumulated_eval_time': 168.01173210144043, 'accumulated_logging_time': 0.15908169746398926}
I0523 13:09:26.937589 139842826532608 logging_writer.py:48] [2500] accumulated_eval_time=168.012, accumulated_logging_time=0.159082, accumulated_submission_time=2928.12, global_step=2500, preemption_count=0, score=2928.12, test/ctc_loss=0.696258, test/num_examples=2472, test/wer=0.213922, total_duration=3101.57, train/ctc_loss=0.822936, train/wer=0.251474, validation/ctc_loss=1.06559, validation/num_examples=5348, validation/wer=0.291913
/usr/local/lib/python3.11/multiprocessing/popen_fork.py:66: RuntimeWarning: os.fork() was called. os.fork() is incompatible with multithreaded code, and JAX is multithreaded, so this will likely lead to a deadlock.
  self.pid = os.fork()
I0523 13:33:35.052369 139860926047424 spec.py:333] Evaluating on the training split.
I0523 13:33:52.429995 139860926047424 spec.py:346] Evaluating on the validation split.
I0523 13:34:12.403371 139860926047424 spec.py:363] Evaluating on the test split.
I0523 13:34:22.860184 139860926047424 submission_runner.py:516] Time since start: 4597.53s, 	Step: 4037, 	{'train/ctc_loss': 0.7119448229170182, 'train/wer': 0.22373398282160986, 'validation/ctc_loss': 0.9742950384267631, 'validation/wer': 0.26848838893448557, 'validation/num_examples': 5348, 'test/ctc_loss': 0.6142408381185883, 'test/wer': 0.19283813702191618, 'test/num_examples': 2472, 'score': 4373.614457130432, 'total_duration': 4597.529871702194, 'accumulated_submission_time': 4373.614457130432, 'accumulated_eval_time': 215.8056824207306, 'accumulated_logging_time': 0.22391271591186523}
I0523 13:34:22.910670 139842826532608 logging_writer.py:48] [4037] accumulated_eval_time=215.806, accumulated_logging_time=0.223913, accumulated_submission_time=4373.61, global_step=4037, preemption_count=0, score=4373.61, test/ctc_loss=0.614241, test/num_examples=2472, test/wer=0.192838, total_duration=4597.53, train/ctc_loss=0.711945, train/wer=0.223734, validation/ctc_loss=0.974295, validation/num_examples=5348, validation/wer=0.268488
/usr/local/lib/python3.11/multiprocessing/popen_fork.py:66: RuntimeWarning: os.fork() was called. os.fork() is incompatible with multithreaded code, and JAX is multithreaded, so this will likely lead to a deadlock.
  self.pid = os.fork()
I0523 13:58:30.861765 139860926047424 spec.py:333] Evaluating on the training split.
I0523 13:58:48.172766 139860926047424 spec.py:346] Evaluating on the validation split.
I0523 13:59:08.123632 139860926047424 spec.py:363] Evaluating on the test split.
I0523 13:59:18.699676 139860926047424 submission_runner.py:516] Time since start: 6093.38s, 	Step: 5920, 	{'train/ctc_loss': 0.5847480005399386, 'train/wer': 0.18745352458751388, 'validation/ctc_loss': 0.8334928562010248, 'validation/wer': 0.23473181093998938, 'validation/num_examples': 5348, 'test/ctc_loss': 0.5147318980256791, 'test/wer': 0.16375195498953954, 'test/num_examples': 2472, 'score': 5818.676626443863, 'total_duration': 6093.383072853088, 'accumulated_submission_time': 5818.676626443863, 'accumulated_eval_time': 263.6436138153076, 'accumulated_logging_time': 0.2853572368621826}
I0523 13:59:18.751512 139842826532608 logging_writer.py:48] [5920] accumulated_eval_time=263.644, accumulated_logging_time=0.285357, accumulated_submission_time=5818.68, global_step=5920, preemption_count=0, score=5818.68, test/ctc_loss=0.514732, test/num_examples=2472, test/wer=0.163752, total_duration=6093.38, train/ctc_loss=0.584748, train/wer=0.187454, validation/ctc_loss=0.833493, validation/num_examples=5348, validation/wer=0.234732
/usr/local/lib/python3.11/multiprocessing/popen_fork.py:66: RuntimeWarning: os.fork() was called. os.fork() is incompatible with multithreaded code, and JAX is multithreaded, so this will likely lead to a deadlock.
  self.pid = os.fork()
I0523 14:23:27.037927 139860926047424 spec.py:333] Evaluating on the training split.
I0523 14:23:44.254652 139860926047424 spec.py:346] Evaluating on the validation split.
I0523 14:24:04.902670 139860926047424 spec.py:363] Evaluating on the test split.
I0523 14:24:15.559803 139860926047424 submission_runner.py:516] Time since start: 7590.24s, 	Step: 7795, 	{'train/ctc_loss': 0.5271712491141632, 'train/wer': 0.1688310288713345, 'validation/ctc_loss': 0.7754434068590517, 'validation/wer': 0.21661758316033408, 'validation/num_examples': 5348, 'test/ctc_loss': 0.4596303592167237, 'test/wer': 0.14738082180651188, 'test/num_examples': 2472, 'score': 7264.053392410278, 'total_duration': 7590.243129730225, 'accumulated_submission_time': 7264.053392410278, 'accumulated_eval_time': 312.16538286209106, 'accumulated_logging_time': 0.3478703498840332}
I0523 14:24:15.679669 139842826532608 logging_writer.py:48] [7795] accumulated_eval_time=312.165, accumulated_logging_time=0.34787, accumulated_submission_time=7264.05, global_step=7795, preemption_count=0, score=7264.05, test/ctc_loss=0.45963, test/num_examples=2472, test/wer=0.147381, total_duration=7590.24, train/ctc_loss=0.527171, train/wer=0.168831, validation/ctc_loss=0.775443, validation/num_examples=5348, validation/wer=0.216618
/usr/local/lib/python3.11/multiprocessing/popen_fork.py:66: RuntimeWarning: os.fork() was called. os.fork() is incompatible with multithreaded code, and JAX is multithreaded, so this will likely lead to a deadlock.
  self.pid = os.fork()
I0523 14:48:25.424647 139860926047424 spec.py:333] Evaluating on the training split.
I0523 14:48:42.057969 139860926047424 spec.py:346] Evaluating on the validation split.
I0523 14:49:02.094417 139860926047424 spec.py:363] Evaluating on the test split.
I0523 14:49:12.592873 139860926047424 submission_runner.py:516] Time since start: 9087.28s, 	Step: 9584, 	{'train/ctc_loss': 0.5021069204940438, 'train/wer': 0.16394370143656173, 'validation/ctc_loss': 0.7532696301424051, 'validation/wer': 0.21299666875875053, 'validation/num_examples': 5348, 'test/ctc_loss': 0.44224435850700045, 'test/wer': 0.14138890581520525, 'test/num_examples': 2472, 'score': 8709.360258817673, 'total_duration': 9087.276316404343, 'accumulated_submission_time': 8709.360258817673, 'accumulated_eval_time': 359.3334836959839, 'accumulated_logging_time': 0.4789142608642578}
I0523 14:49:13.633857 139842826532608 logging_writer.py:48] [9584] accumulated_eval_time=359.333, accumulated_logging_time=0.478914, accumulated_submission_time=8709.36, global_step=9584, preemption_count=0, score=8709.36, test/ctc_loss=0.442244, test/num_examples=2472, test/wer=0.141389, total_duration=9087.28, train/ctc_loss=0.502107, train/wer=0.163944, validation/ctc_loss=0.75327, validation/num_examples=5348, validation/wer=0.212997
/usr/local/lib/python3.11/multiprocessing/popen_fork.py:66: RuntimeWarning: os.fork() was called. os.fork() is incompatible with multithreaded code, and JAX is multithreaded, so this will likely lead to a deadlock.
  self.pid = os.fork()
I0523 15:13:21.960047 139860926047424 spec.py:333] Evaluating on the training split.
I0523 15:13:40.171787 139860926047424 spec.py:346] Evaluating on the validation split.
I0523 15:13:59.944412 139860926047424 spec.py:363] Evaluating on the test split.
I0523 15:14:10.703749 139860926047424 submission_runner.py:516] Time since start: 10585.39s, 	Step: 11323, 	{'train/ctc_loss': 0.48827363074950225, 'train/wer': 0.1601286762724833, 'validation/ctc_loss': 0.7446346945951376, 'validation/wer': 0.21088205474822574, 'validation/num_examples': 5348, 'test/ctc_loss': 0.43494227450158074, 'test/wer': 0.13978429102431297, 'test/num_examples': 2472, 'score': 10154.385799646378, 'total_duration': 10585.387162923813, 'accumulated_submission_time': 10154.385799646378, 'accumulated_eval_time': 408.0770480632782, 'accumulated_logging_time': 2.0604231357574463}
I0523 15:14:11.151106 139842826532608 logging_writer.py:48] [11323] accumulated_eval_time=408.077, accumulated_logging_time=2.06042, accumulated_submission_time=10154.4, global_step=11323, preemption_count=0, score=10154.4, test/ctc_loss=0.434942, test/num_examples=2472, test/wer=0.139784, total_duration=10585.4, train/ctc_loss=0.488274, train/wer=0.160129, validation/ctc_loss=0.744635, validation/num_examples=5348, validation/wer=0.210882
/usr/local/lib/python3.11/multiprocessing/popen_fork.py:66: RuntimeWarning: os.fork() was called. os.fork() is incompatible with multithreaded code, and JAX is multithreaded, so this will likely lead to a deadlock.
  self.pid = os.fork()
I0523 15:38:21.897027 139860926047424 spec.py:333] Evaluating on the training split.
I0523 15:38:39.512149 139860926047424 spec.py:346] Evaluating on the validation split.
I0523 15:38:59.206890 139860926047424 spec.py:363] Evaluating on the test split.
I0523 15:39:09.733955 139860926047424 submission_runner.py:516] Time since start: 12084.42s, 	Step: 13227, 	{'train/ctc_loss': 0.4608375269969291, 'train/wer': 0.15160414264314426, 'validation/ctc_loss': 0.7164463857965391, 'validation/wer': 0.20153526770627142, 'validation/num_examples': 5348, 'test/ctc_loss': 0.41885781945609396, 'test/wer': 0.13338614344037536, 'test/num_examples': 2472, 'score': 11600.60501742363, 'total_duration': 12084.417389631271, 'accumulated_submission_time': 11600.60501742363, 'accumulated_eval_time': 455.91388988494873, 'accumulated_logging_time': 2.795377492904663}
I0523 15:39:10.124747 139842826532608 logging_writer.py:48] [13227] accumulated_eval_time=455.914, accumulated_logging_time=2.79538, accumulated_submission_time=11600.6, global_step=13227, preemption_count=0, score=11600.6, test/ctc_loss=0.418858, test/num_examples=2472, test/wer=0.133386, total_duration=12084.4, train/ctc_loss=0.460838, train/wer=0.151604, validation/ctc_loss=0.716446, validation/num_examples=5348, validation/wer=0.201535
/usr/local/lib/python3.11/multiprocessing/popen_fork.py:66: RuntimeWarning: os.fork() was called. os.fork() is incompatible with multithreaded code, and JAX is multithreaded, so this will likely lead to a deadlock.
  self.pid = os.fork()
I0523 16:03:19.381319 139860926047424 spec.py:333] Evaluating on the training split.
I0523 16:03:37.756549 139860926047424 spec.py:346] Evaluating on the validation split.
I0523 16:03:57.490024 139860926047424 spec.py:363] Evaluating on the test split.
I0523 16:04:08.013780 139860926047424 submission_runner.py:516] Time since start: 13582.70s, 	Step: 15128, 	{'train/ctc_loss': 0.42609709297911114, 'train/wer': 0.14069252405944543, 'validation/ctc_loss': 0.6811322317033354, 'validation/wer': 0.19316371360981027, 'validation/num_examples': 5348, 'test/ctc_loss': 0.3886952636057165, 'test/wer': 0.12507870737107224, 'test/num_examples': 2472, 'score': 13045.895425319672, 'total_duration': 13582.697202682495, 'accumulated_submission_time': 13045.895425319672, 'accumulated_eval_time': 504.54631090164185, 'accumulated_logging_time': 3.521888494491577}
I0523 16:04:09.127873 139842826532608 logging_writer.py:48] [15128] accumulated_eval_time=504.546, accumulated_logging_time=3.52189, accumulated_submission_time=13045.9, global_step=15128, preemption_count=0, score=13045.9, test/ctc_loss=0.388695, test/num_examples=2472, test/wer=0.125079, total_duration=13582.7, train/ctc_loss=0.426097, train/wer=0.140693, validation/ctc_loss=0.681132, validation/num_examples=5348, validation/wer=0.193164
/usr/local/lib/python3.11/multiprocessing/popen_fork.py:66: RuntimeWarning: os.fork() was called. os.fork() is incompatible with multithreaded code, and JAX is multithreaded, so this will likely lead to a deadlock.
  self.pid = os.fork()
I0523 16:28:16.154557 139860926047424 spec.py:333] Evaluating on the training split.
I0523 16:28:32.000938 139860926047424 spec.py:346] Evaluating on the validation split.
I0523 16:28:51.782435 139860926047424 spec.py:363] Evaluating on the test split.
I0523 16:29:03.102303 139860926047424 submission_runner.py:516] Time since start: 15077.77s, 	Step: 16904, 	{'train/ctc_loss': 0.39885223505045053, 'train/wer': 0.13171536032589368, 'validation/ctc_loss': 0.6481831561903506, 'validation/wer': 0.18324723603534013, 'validation/num_examples': 5348, 'test/ctc_loss': 0.3681732994870637, 'test/wer': 0.11760404606666261, 'test/num_examples': 2472, 'score': 14489.578454732895, 'total_duration': 15077.767765283585, 'accumulated_submission_time': 14489.578454732895, 'accumulated_eval_time': 551.4761075973511, 'accumulated_logging_time': 5.097963094711304}
I0523 16:29:03.569164 139842826532608 logging_writer.py:48] [16904] accumulated_eval_time=551.476, accumulated_logging_time=5.09796, accumulated_submission_time=14489.6, global_step=16904, preemption_count=0, score=14489.6, test/ctc_loss=0.368173, test/num_examples=2472, test/wer=0.117604, total_duration=15077.8, train/ctc_loss=0.398852, train/wer=0.131715, validation/ctc_loss=0.648183, validation/num_examples=5348, validation/wer=0.183247
/usr/local/lib/python3.11/multiprocessing/popen_fork.py:66: RuntimeWarning: os.fork() was called. os.fork() is incompatible with multithreaded code, and JAX is multithreaded, so this will likely lead to a deadlock.
  self.pid = os.fork()
I0523 16:53:11.066131 139860926047424 spec.py:333] Evaluating on the training split.
I0523 16:53:28.637825 139860926047424 spec.py:346] Evaluating on the validation split.
I0523 16:53:49.266085 139860926047424 spec.py:363] Evaluating on the test split.
I0523 16:53:59.966805 139860926047424 submission_runner.py:516] Time since start: 16574.65s, 	Step: 18638, 	{'train/ctc_loss': 0.3814350238754092, 'train/wer': 0.12609520319858608, 'validation/ctc_loss': 0.6335203949888236, 'validation/wer': 0.18056293149229952, 'validation/num_examples': 5348, 'test/ctc_loss': 0.35417811733821536, 'test/wer': 0.11293238275140657, 'test/num_examples': 2472, 'score': 15934.038829803467, 'total_duration': 16574.650187015533, 'accumulated_submission_time': 15934.038829803467, 'accumulated_eval_time': 600.376663684845, 'accumulated_logging_time': 5.797142505645752}
I0523 16:54:00.361333 139842826532608 logging_writer.py:48] [18638] accumulated_eval_time=600.377, accumulated_logging_time=5.79714, accumulated_submission_time=15934, global_step=18638, preemption_count=0, score=15934, test/ctc_loss=0.354178, test/num_examples=2472, test/wer=0.112932, total_duration=16574.7, train/ctc_loss=0.381435, train/wer=0.126095, validation/ctc_loss=0.63352, validation/num_examples=5348, validation/wer=0.180563
/usr/local/lib/python3.11/multiprocessing/popen_fork.py:66: RuntimeWarning: os.fork() was called. os.fork() is incompatible with multithreaded code, and JAX is multithreaded, so this will likely lead to a deadlock.
  self.pid = os.fork()
I0523 17:18:08.108510 139860926047424 spec.py:333] Evaluating on the training split.
I0523 17:18:24.304037 139860926047424 spec.py:346] Evaluating on the validation split.
I0523 17:18:44.162874 139860926047424 spec.py:363] Evaluating on the test split.
I0523 17:18:54.722393 139860926047424 submission_runner.py:516] Time since start: 18069.41s, 	Step: 20481, 	{'train/ctc_loss': 0.36073718489521817, 'train/wer': 0.12181138256943022, 'validation/ctc_loss': 0.6106821849256581, 'validation/wer': 0.1745377299280645, 'validation/num_examples': 5348, 'test/ctc_loss': 0.34350247899058006, 'test/wer': 0.11199805008835537, 'test/num_examples': 2472, 'score': 17378.620255231857, 'total_duration': 18069.405861854553, 'accumulated_submission_time': 17378.620255231857, 'accumulated_eval_time': 646.9904923439026, 'accumulated_logging_time': 6.497781276702881}
I0523 17:18:55.151649 139842826532608 logging_writer.py:48] [20481] accumulated_eval_time=646.99, accumulated_logging_time=6.49778, accumulated_submission_time=17378.6, global_step=20481, preemption_count=0, score=17378.6, test/ctc_loss=0.343502, test/num_examples=2472, test/wer=0.111998, total_duration=18069.4, train/ctc_loss=0.360737, train/wer=0.121811, validation/ctc_loss=0.610682, validation/num_examples=5348, validation/wer=0.174538
/usr/local/lib/python3.11/multiprocessing/popen_fork.py:66: RuntimeWarning: os.fork() was called. os.fork() is incompatible with multithreaded code, and JAX is multithreaded, so this will likely lead to a deadlock.
  self.pid = os.fork()
I0523 17:43:04.248244 139860926047424 spec.py:333] Evaluating on the training split.
I0523 17:43:21.580971 139860926047424 spec.py:346] Evaluating on the validation split.
I0523 17:43:42.542121 139860926047424 spec.py:363] Evaluating on the test split.
I0523 17:43:53.027369 139860926047424 submission_runner.py:516] Time since start: 19567.71s, 	Step: 22375, 	{'train/ctc_loss': 0.33118066218405157, 'train/wer': 0.1111045252233514, 'validation/ctc_loss': 0.5820015234139542, 'validation/wer': 0.16560614107082508, 'validation/num_examples': 5348, 'test/ctc_loss': 0.3243353401832376, 'test/wer': 0.10306095505047427, 'test/num_examples': 2472, 'score': 18822.78756570816, 'total_duration': 19567.710834503174, 'accumulated_submission_time': 18822.78756570816, 'accumulated_eval_time': 695.7696001529694, 'accumulated_logging_time': 7.189540863037109}
I0523 17:43:53.962768 139842826532608 logging_writer.py:48] [22375] accumulated_eval_time=695.77, accumulated_logging_time=7.18954, accumulated_submission_time=18822.8, global_step=22375, preemption_count=0, score=18822.8, test/ctc_loss=0.324335, test/num_examples=2472, test/wer=0.103061, total_duration=19567.7, train/ctc_loss=0.331181, train/wer=0.111105, validation/ctc_loss=0.582002, validation/num_examples=5348, validation/wer=0.165606
/usr/local/lib/python3.11/multiprocessing/popen_fork.py:66: RuntimeWarning: os.fork() was called. os.fork() is incompatible with multithreaded code, and JAX is multithreaded, so this will likely lead to a deadlock.
  self.pid = os.fork()
I0523 18:08:01.299186 139860926047424 spec.py:333] Evaluating on the training split.
I0523 18:08:18.532105 139860926047424 spec.py:346] Evaluating on the validation split.
I0523 18:08:38.363396 139860926047424 spec.py:363] Evaluating on the test split.
I0523 18:08:48.807716 139860926047424 submission_runner.py:516] Time since start: 21063.47s, 	Step: 24233, 	{'train/ctc_loss': 0.3076122376235953, 'train/wer': 0.10356607860676142, 'validation/ctc_loss': 0.5555960249177466, 'validation/wer': 0.15846086998503356, 'validation/num_examples': 5348, 'test/ctc_loss': 0.3098438306503645, 'test/wer': 0.09775963276664026, 'test/num_examples': 2472, 'score': 20266.788549423218, 'total_duration': 21063.47067308426, 'accumulated_submission_time': 20266.788549423218, 'accumulated_eval_time': 743.257622718811, 'accumulated_logging_time': 8.581446886062622}
I0523 18:08:49.192483 139842826532608 logging_writer.py:48] [24233] accumulated_eval_time=743.258, accumulated_logging_time=8.58145, accumulated_submission_time=20266.8, global_step=24233, preemption_count=0, score=20266.8, test/ctc_loss=0.309844, test/num_examples=2472, test/wer=0.0977596, total_duration=21063.5, train/ctc_loss=0.307612, train/wer=0.103566, validation/ctc_loss=0.555596, validation/num_examples=5348, validation/wer=0.158461
/usr/local/lib/python3.11/multiprocessing/popen_fork.py:66: RuntimeWarning: os.fork() was called. os.fork() is incompatible with multithreaded code, and JAX is multithreaded, so this will likely lead to a deadlock.
  self.pid = os.fork()
I0523 18:32:56.915272 139860926047424 spec.py:333] Evaluating on the training split.
I0523 18:33:13.470003 139860926047424 spec.py:346] Evaluating on the validation split.
I0523 18:33:34.384920 139860926047424 spec.py:363] Evaluating on the test split.
I0523 18:33:44.913941 139860926047424 submission_runner.py:516] Time since start: 22559.58s, 	Step: 25948, 	{'train/ctc_loss': 0.35608975846185, 'train/wer': 0.12070674957700639, 'validation/ctc_loss': 0.6199808180128592, 'validation/wer': 0.17789793849273403, 'validation/num_examples': 5348, 'test/ctc_loss': 0.3421041276856571, 'test/wer': 0.10990595738630593, 'test/num_examples': 2472, 'score': 21711.447968006134, 'total_duration': 22559.579228639603, 'accumulated_submission_time': 21711.447968006134, 'accumulated_eval_time': 791.2380337715149, 'accumulated_logging_time': 9.246414184570312}
I0523 18:33:45.350462 139842826532608 logging_writer.py:48] [25948] accumulated_eval_time=791.238, accumulated_logging_time=9.24641, accumulated_submission_time=21711.4, global_step=25948, preemption_count=0, score=21711.4, test/ctc_loss=0.342104, test/num_examples=2472, test/wer=0.109906, total_duration=22559.6, train/ctc_loss=0.35609, train/wer=0.120707, validation/ctc_loss=0.619981, validation/num_examples=5348, validation/wer=0.177898
/usr/local/lib/python3.11/multiprocessing/popen_fork.py:66: RuntimeWarning: os.fork() was called. os.fork() is incompatible with multithreaded code, and JAX is multithreaded, so this will likely lead to a deadlock.
  self.pid = os.fork()
I0523 18:57:52.813062 139860926047424 spec.py:333] Evaluating on the training split.
I0523 18:58:08.017497 139860926047424 spec.py:346] Evaluating on the validation split.
I0523 18:58:28.377218 139860926047424 spec.py:363] Evaluating on the test split.
I0523 18:58:39.103793 139860926047424 submission_runner.py:516] Time since start: 24053.79s, 	Step: 27742, 	{'train/ctc_loss': 0.2753453445061249, 'train/wer': 0.09327413218954425, 'validation/ctc_loss': 0.5161146057018535, 'validation/wer': 0.14854439241056341, 'validation/num_examples': 5348, 'test/ctc_loss': 0.2896965126782373, 'test/wer': 0.09172709361607052, 'test/num_examples': 2472, 'score': 23155.835919380188, 'total_duration': 24053.787239551544, 'accumulated_submission_time': 23155.835919380188, 'accumulated_eval_time': 837.5289657115936, 'accumulated_logging_time': 9.925100564956665}
I0523 18:58:39.539028 139842826532608 logging_writer.py:48] [27742] accumulated_eval_time=837.529, accumulated_logging_time=9.9251, accumulated_submission_time=23155.8, global_step=27742, preemption_count=0, score=23155.8, test/ctc_loss=0.289697, test/num_examples=2472, test/wer=0.0917271, total_duration=24053.8, train/ctc_loss=0.275345, train/wer=0.0932741, validation/ctc_loss=0.516115, validation/num_examples=5348, validation/wer=0.148544
/usr/local/lib/python3.11/multiprocessing/popen_fork.py:66: RuntimeWarning: os.fork() was called. os.fork() is incompatible with multithreaded code, and JAX is multithreaded, so this will likely lead to a deadlock.
  self.pid = os.fork()
I0523 19:22:49.823414 139860926047424 spec.py:333] Evaluating on the training split.
I0523 19:23:07.027987 139860926047424 spec.py:346] Evaluating on the validation split.
I0523 19:23:26.929701 139860926047424 spec.py:363] Evaluating on the test split.
I0523 19:23:37.436500 139860926047424 submission_runner.py:516] Time since start: 25552.12s, 	Step: 29632, 	{'train/ctc_loss': 0.2586179259609219, 'train/wer': 0.08730372557683395, 'validation/ctc_loss': 0.5029106055825547, 'validation/wer': 0.1424322889006904, 'validation/num_examples': 5348, 'test/ctc_loss': 0.27795906187495967, 'test/wer': 0.0879491398046026, 'test/num_examples': 2472, 'score': 24601.299715280533, 'total_duration': 25552.11997437477, 'accumulated_submission_time': 24601.299715280533, 'accumulated_eval_time': 885.1419701576233, 'accumulated_logging_time': 10.575518608093262}
I0523 19:23:38.432057 139842826532608 logging_writer.py:48] [29632] accumulated_eval_time=885.142, accumulated_logging_time=10.5755, accumulated_submission_time=24601.3, global_step=29632, preemption_count=0, score=24601.3, test/ctc_loss=0.277959, test/num_examples=2472, test/wer=0.0879491, total_duration=25552.1, train/ctc_loss=0.258618, train/wer=0.0873037, validation/ctc_loss=0.502911, validation/num_examples=5348, validation/wer=0.142432
/usr/local/lib/python3.11/multiprocessing/popen_fork.py:66: RuntimeWarning: os.fork() was called. os.fork() is incompatible with multithreaded code, and JAX is multithreaded, so this will likely lead to a deadlock.
  self.pid = os.fork()
I0523 19:47:45.630299 139860926047424 spec.py:333] Evaluating on the training split.
I0523 19:48:02.104002 139860926047424 spec.py:346] Evaluating on the validation split.
I0523 19:48:22.084888 139860926047424 spec.py:363] Evaluating on the test split.
I0523 19:48:32.473018 139860926047424 submission_runner.py:516] Time since start: 27047.16s, 	Step: 31488, 	{'train/ctc_loss': 0.24721425437856445, 'train/wer': 0.08398443814594088, 'validation/ctc_loss': 0.49076906111864577, 'validation/wer': 0.13938106503162265, 'validation/num_examples': 5348, 'test/ctc_loss': 0.2736477958255371, 'test/wer': 0.08561330814697458, 'test/num_examples': 2472, 'score': 26045.082265377045, 'total_duration': 27047.156411886215, 'accumulated_submission_time': 26045.082265377045, 'accumulated_eval_time': 931.9845333099365, 'accumulated_logging_time': 12.075968265533447}
I0523 19:48:32.984179 139842826532608 logging_writer.py:48] [31488] accumulated_eval_time=931.985, accumulated_logging_time=12.076, accumulated_submission_time=26045.1, global_step=31488, preemption_count=0, score=26045.1, test/ctc_loss=0.273648, test/num_examples=2472, test/wer=0.0856133, total_duration=27047.2, train/ctc_loss=0.247214, train/wer=0.0839844, validation/ctc_loss=0.490769, validation/num_examples=5348, validation/wer=0.139381
/usr/local/lib/python3.11/multiprocessing/popen_fork.py:66: RuntimeWarning: os.fork() was called. os.fork() is incompatible with multithreaded code, and JAX is multithreaded, so this will likely lead to a deadlock.
  self.pid = os.fork()
I0523 20:12:40.253165 139860926047424 spec.py:333] Evaluating on the training split.
I0523 20:12:54.876019 139860926047424 spec.py:346] Evaluating on the validation split.
I0523 20:13:14.471724 139860926047424 spec.py:363] Evaluating on the test split.
I0523 20:13:25.008222 139860926047424 submission_runner.py:516] Time since start: 28539.69s, 	Step: 33256, 	{'train/ctc_loss': 0.2385058201582695, 'train/wer': 0.08167817999590478, 'validation/ctc_loss': 0.4778831256592827, 'validation/wer': 0.1366002027712065, 'validation/num_examples': 5348, 'test/ctc_loss': 0.2672179203093748, 'test/wer': 0.08467897548392339, 'test/num_examples': 2472, 'score': 27489.25124168396, 'total_duration': 28539.69166612625, 'accumulated_submission_time': 27489.25124168396, 'accumulated_eval_time': 976.7394800186157, 'accumulated_logging_time': 12.901170015335083}
I0523 20:13:25.370849 139842826532608 logging_writer.py:48] [33256] accumulated_eval_time=976.739, accumulated_logging_time=12.9012, accumulated_submission_time=27489.3, global_step=33256, preemption_count=0, score=27489.3, test/ctc_loss=0.267218, test/num_examples=2472, test/wer=0.084679, total_duration=28539.7, train/ctc_loss=0.238506, train/wer=0.0816782, validation/ctc_loss=0.477883, validation/num_examples=5348, validation/wer=0.1366
/usr/local/lib/python3.11/multiprocessing/popen_fork.py:66: RuntimeWarning: os.fork() was called. os.fork() is incompatible with multithreaded code, and JAX is multithreaded, so this will likely lead to a deadlock.
  self.pid = os.fork()
I0523 20:37:33.437798 139860926047424 spec.py:333] Evaluating on the training split.
I0523 20:37:49.955124 139860926047424 spec.py:346] Evaluating on the validation split.
I0523 20:38:10.616228 139860926047424 spec.py:363] Evaluating on the test split.
I0523 20:38:21.205745 139860926047424 submission_runner.py:516] Time since start: 30035.87s, 	Step: 34997, 	{'train/ctc_loss': 0.23323733253467419, 'train/wer': 0.07904861462857389, 'validation/ctc_loss': 0.474903010881304, 'validation/wer': 0.1342635060107179, 'validation/num_examples': 5348, 'test/ctc_loss': 0.2644740688915414, 'test/wer': 0.08276968699855788, 'test/num_examples': 2472, 'score': 28934.327749490738, 'total_duration': 30035.868158340454, 'accumulated_submission_time': 28934.327749490738, 'accumulated_eval_time': 1024.4865045547485, 'accumulated_logging_time': 13.458785057067871}
I0523 20:38:22.301297 139842826532608 logging_writer.py:48] [34997] accumulated_eval_time=1024.49, accumulated_logging_time=13.4588, accumulated_submission_time=28934.3, global_step=34997, preemption_count=0, score=28934.3, test/ctc_loss=0.264474, test/num_examples=2472, test/wer=0.0827697, total_duration=30035.9, train/ctc_loss=0.233237, train/wer=0.0790486, validation/ctc_loss=0.474903, validation/num_examples=5348, validation/wer=0.134264
/usr/local/lib/python3.11/multiprocessing/popen_fork.py:66: RuntimeWarning: os.fork() was called. os.fork() is incompatible with multithreaded code, and JAX is multithreaded, so this will likely lead to a deadlock.
  self.pid = os.fork()
I0523 21:02:32.951380 139860926047424 spec.py:333] Evaluating on the training split.
I0523 21:02:51.521313 139860926047424 spec.py:346] Evaluating on the validation split.
I0523 21:03:11.710217 139860926047424 spec.py:363] Evaluating on the test split.
I0523 21:03:22.261209 139860926047424 submission_runner.py:516] Time since start: 31536.94s, 	Step: 36907, 	{'train/ctc_loss': 0.23105142493166403, 'train/wer': 0.07889773792716966, 'validation/ctc_loss': 0.47257521316807316, 'validation/wer': 0.13460145802153237, 'validation/num_examples': 5348, 'test/ctc_loss': 0.26311271594135105, 'test/wer': 0.08301342595413645, 'test/num_examples': 2472, 'score': 30379.969565868378, 'total_duration': 31536.944655656815, 'accumulated_submission_time': 30379.969565868378, 'accumulated_eval_time': 1073.796214580536, 'accumulated_logging_time': 14.968364715576172}
I0523 21:03:22.561857 139842826532608 logging_writer.py:48] [36907] accumulated_eval_time=1073.8, accumulated_logging_time=14.9684, accumulated_submission_time=30380, global_step=36907, preemption_count=0, score=30380, test/ctc_loss=0.263113, test/num_examples=2472, test/wer=0.0830134, total_duration=31536.9, train/ctc_loss=0.231051, train/wer=0.0788977, validation/ctc_loss=0.472575, validation/num_examples=5348, validation/wer=0.134601
/usr/local/lib/python3.11/multiprocessing/popen_fork.py:66: RuntimeWarning: os.fork() was called. os.fork() is incompatible with multithreaded code, and JAX is multithreaded, so this will likely lead to a deadlock.
  self.pid = os.fork()
I0523 21:22:48.908274 139860926047424 spec.py:333] Evaluating on the training split.
I0523 21:23:05.613026 139860926047424 spec.py:346] Evaluating on the validation split.
I0523 21:23:25.693673 139860926047424 spec.py:363] Evaluating on the test split.
I0523 21:23:36.018580 139860926047424 submission_runner.py:516] Time since start: 32750.70s, 	Step: 38401, 	{'train/ctc_loss': 0.23079342498228325, 'train/wer': 0.07874147277214386, 'validation/ctc_loss': 0.47282833063341373, 'validation/wer': 0.13447593298894414, 'validation/num_examples': 5348, 'test/ctc_loss': 0.2628666819230273, 'test/wer': 0.08283062173745252, 'test/num_examples': 2472, 'score': 31543.41003370285, 'total_duration': 32750.702052354813, 'accumulated_submission_time': 31543.41003370285, 'accumulated_eval_time': 1120.9065721035004, 'accumulated_logging_time': 15.564057350158691}
I0523 21:23:36.179203 139842826532608 logging_writer.py:48] [38401] accumulated_eval_time=1120.91, accumulated_logging_time=15.5641, accumulated_submission_time=31543.4, global_step=38401, preemption_count=0, score=31543.4, test/ctc_loss=0.262867, test/num_examples=2472, test/wer=0.0828306, total_duration=32750.7, train/ctc_loss=0.230793, train/wer=0.0787415, validation/ctc_loss=0.472828, validation/num_examples=5348, validation/wer=0.134476
I0523 21:23:36.937657 139842818139904 logging_writer.py:48] [38401] global_step=38401, preemption_count=0, score=31543.4
I0523 21:23:37.233335 139860926047424 submission_runner.py:857] Final librispeech_deepspeech score: 31543.41003370285
