torchrun --redirects 1:0,2:0,3:0 --standalone --nnodes=1 --nproc_per_node=4 submission_runner.py --framework=pytorch --workload=imagenet_vit --submission_path=submissions_algorithms/submissions/self_tuning/muon_torch_jax_hps_lr_fix/submission.py --data_dir=/data/imagenet/pytorch --experiment_dir=/experiment_runs --experiment_name=submissions_a100/muon_torch_jax_hps_lr_fix/study_1 --overwrite=True --save_checkpoints=False --rng_seed=233961469 --imagenet_v2_data_dir=/data/imagenet/pytorch --torch_compile=true --tuning_ruleset=self 2>&1 | tee -a /logs/imagenet_vit_pytorch_06-04-2026-20-57-39.log
W0604 20:57:41.590000 9 site-packages/torch/distributed/run.py:803] 
W0604 20:57:41.590000 9 site-packages/torch/distributed/run.py:803] *****************************************
W0604 20:57:41.590000 9 site-packages/torch/distributed/run.py:803] Setting OMP_NUM_THREADS environment variable for each process to be 1 in default, to avoid your system being overloaded, please further tune the variable for optimal performance in your application as needed. 
W0604 20:57:41.590000 9 site-packages/torch/distributed/run.py:803] *****************************************
2026-06-04 20:57:42.717161: E external/local_xla/xla/stream_executor/cuda/cuda_fft.cc:467] Unable to register cuFFT factory: Attempting to register factory for plugin cuFFT when one has already been registered
2026-06-04 20:57:42.717159: E external/local_xla/xla/stream_executor/cuda/cuda_fft.cc:467] Unable to register cuFFT factory: Attempting to register factory for plugin cuFFT when one has already been registered
2026-06-04 20:57:42.717158: E external/local_xla/xla/stream_executor/cuda/cuda_fft.cc:467] Unable to register cuFFT factory: Attempting to register factory for plugin cuFFT when one has already been registered
2026-06-04 20:57:42.717167: E external/local_xla/xla/stream_executor/cuda/cuda_fft.cc:467] Unable to register cuFFT factory: Attempting to register factory for plugin cuFFT when one has already been registered
WARNING: All log messages before absl::InitializeLog() is called are written to STDERR
WARNING: All log messages before absl::InitializeLog() is called are written to STDERR
WARNING: All log messages before absl::InitializeLog() is called are written to STDERR
E0000 00:00:1780606662.738463      39 cuda_dnn.cc:8579] Unable to register cuDNN factory: Attempting to register factory for plugin cuDNN when one has already been registered
E0000 00:00:1780606662.738464      40 cuda_dnn.cc:8579] Unable to register cuDNN factory: Attempting to register factory for plugin cuDNN when one has already been registered
E0000 00:00:1780606662.738463      41 cuda_dnn.cc:8579] Unable to register cuDNN factory: Attempting to register factory for plugin cuDNN when one has already been registered
WARNING: All log messages before absl::InitializeLog() is called are written to STDERR
E0000 00:00:1780606662.738475      38 cuda_dnn.cc:8579] Unable to register cuDNN factory: Attempting to register factory for plugin cuDNN when one has already been registered
E0000 00:00:1780606662.745457      38 cuda_blas.cc:1407] Unable to register cuBLAS factory: Attempting to register factory for plugin cuBLAS when one has already been registered
E0000 00:00:1780606662.745457      39 cuda_blas.cc:1407] Unable to register cuBLAS factory: Attempting to register factory for plugin cuBLAS when one has already been registered
E0000 00:00:1780606662.745456      40 cuda_blas.cc:1407] Unable to register cuBLAS factory: Attempting to register factory for plugin cuBLAS when one has already been registered
E0000 00:00:1780606662.745457      41 cuda_blas.cc:1407] Unable to register cuBLAS factory: Attempting to register factory for plugin cuBLAS when one has already been registered
W0000 00:00:1780606662.763054      41 computation_placer.cc:177] computation placer already registered. Please check linkage and avoid linking the same target more than once.
W0000 00:00:1780606662.763053      38 computation_placer.cc:177] computation placer already registered. Please check linkage and avoid linking the same target more than once.
W0000 00:00:1780606662.763055      39 computation_placer.cc:177] computation placer already registered. Please check linkage and avoid linking the same target more than once.
W0000 00:00:1780606662.763082      39 computation_placer.cc:177] computation placer already registered. Please check linkage and avoid linking the same target more than once.
W0000 00:00:1780606662.763082      38 computation_placer.cc:177] computation placer already registered. Please check linkage and avoid linking the same target more than once.
W0000 00:00:1780606662.763084      39 computation_placer.cc:177] computation placer already registered. Please check linkage and avoid linking the same target more than once.
W0000 00:00:1780606662.763084      38 computation_placer.cc:177] computation placer already registered. Please check linkage and avoid linking the same target more than once.
W0000 00:00:1780606662.763065      40 computation_placer.cc:177] computation placer already registered. Please check linkage and avoid linking the same target more than once.
W0000 00:00:1780606662.763086      39 computation_placer.cc:177] computation placer already registered. Please check linkage and avoid linking the same target more than once.
W0000 00:00:1780606662.763086      38 computation_placer.cc:177] computation placer already registered. Please check linkage and avoid linking the same target more than once.
W0000 00:00:1780606662.763086      41 computation_placer.cc:177] computation placer already registered. Please check linkage and avoid linking the same target more than once.
W0000 00:00:1780606662.763089      41 computation_placer.cc:177] computation placer already registered. Please check linkage and avoid linking the same target more than once.
W0000 00:00:1780606662.763089      40 computation_placer.cc:177] computation placer already registered. Please check linkage and avoid linking the same target more than once.
W0000 00:00:1780606662.763091      41 computation_placer.cc:177] computation placer already registered. Please check linkage and avoid linking the same target more than once.
W0000 00:00:1780606662.763092      40 computation_placer.cc:177] computation placer already registered. Please check linkage and avoid linking the same target more than once.
W0000 00:00:1780606662.763094      40 computation_placer.cc:177] computation placer already registered. Please check linkage and avoid linking the same target more than once.
W0000 00:00:1780606668.997289      40 gpu_device.cc:2341] Cannot dlopen some GPU libraries. Please make sure the missing libraries mentioned above are installed properly if you would like to use GPU. Follow the guide at https://www.tensorflow.org/install/gpu for how to download and setup the required libraries for your platform.
Skipping registering GPU devices...
W0000 00:00:1780606669.019199      41 gpu_device.cc:2341] Cannot dlopen some GPU libraries. Please make sure the missing libraries mentioned above are installed properly if you would like to use GPU. Follow the guide at https://www.tensorflow.org/install/gpu for how to download and setup the required libraries for your platform.
Skipping registering GPU devices...
W0000 00:00:1780606669.105664      38 gpu_device.cc:2341] Cannot dlopen some GPU libraries. Please make sure the missing libraries mentioned above are installed properly if you would like to use GPU. Follow the guide at https://www.tensorflow.org/install/gpu for how to download and setup the required libraries for your platform.
Skipping registering GPU devices...
W0000 00:00:1780606669.182088      39 gpu_device.cc:2341] Cannot dlopen some GPU libraries. Please make sure the missing libraries mentioned above are installed properly if you would like to use GPU. Follow the guide at https://www.tensorflow.org/install/gpu for how to download and setup the required libraries for your platform.
Skipping registering GPU devices...
/usr/local/lib/python3.11/site-packages/torch/__init__.py:1617: UserWarning: Please use the new API settings to control TF32 behavior, such as torch.backends.cudnn.conv.fp32_precision = 'tf32' or torch.backends.cuda.matmul.fp32_precision = 'ieee'. Old settings, e.g, torch.backends.cuda.matmul.allow_tf32 = True, torch.backends.cudnn.allow_tf32 = True, allowTF32CuDNN() and allowTF32CuBLAS() will be deprecated after Pytorch 2.9. Please see https://pytorch.org/docs/main/notes/cuda.html#tensorfloat-32-tf32-on-ampere-and-later-devices (Triggered internally at /pytorch/aten/src/ATen/Context.cpp:80.)
  _C._set_float32_matmul_precision(precision)
/usr/local/lib/python3.11/site-packages/torch/__init__.py:1617: UserWarning: Please use the new API settings to control TF32 behavior, such as torch.backends.cudnn.conv.fp32_precision = 'tf32' or torch.backends.cuda.matmul.fp32_precision = 'ieee'. Old settings, e.g, torch.backends.cuda.matmul.allow_tf32 = True, torch.backends.cudnn.allow_tf32 = True, allowTF32CuDNN() and allowTF32CuBLAS() will be deprecated after Pytorch 2.9. Please see https://pytorch.org/docs/main/notes/cuda.html#tensorfloat-32-tf32-on-ampere-and-later-devices (Triggered internally at /pytorch/aten/src/ATen/Context.cpp:80.)
  _C._set_float32_matmul_precision(precision)
/usr/local/lib/python3.11/site-packages/torch/__init__.py:1617: UserWarning: Please use the new API settings to control TF32 behavior, such as torch.backends.cudnn.conv.fp32_precision = 'tf32' or torch.backends.cuda.matmul.fp32_precision = 'ieee'. Old settings, e.g, torch.backends.cuda.matmul.allow_tf32 = True, torch.backends.cudnn.allow_tf32 = True, allowTF32CuDNN() and allowTF32CuBLAS() will be deprecated after Pytorch 2.9. Please see https://pytorch.org/docs/main/notes/cuda.html#tensorfloat-32-tf32-on-ampere-and-later-devices (Triggered internally at /pytorch/aten/src/ATen/Context.cpp:80.)
  _C._set_float32_matmul_precision(precision)
/usr/local/lib/python3.11/site-packages/torch/__init__.py:1617: UserWarning: Please use the new API settings to control TF32 behavior, such as torch.backends.cudnn.conv.fp32_precision = 'tf32' or torch.backends.cuda.matmul.fp32_precision = 'ieee'. Old settings, e.g, torch.backends.cuda.matmul.allow_tf32 = True, torch.backends.cudnn.allow_tf32 = True, allowTF32CuDNN() and allowTF32CuBLAS() will be deprecated after Pytorch 2.9. Please see https://pytorch.org/docs/main/notes/cuda.html#tensorfloat-32-tf32-on-ampere-and-later-devices (Triggered internally at /pytorch/aten/src/ATen/Context.cpp:80.)
  _C._set_float32_matmul_precision(precision)
/usr/local/lib/python3.11/site-packages/pydantic/_internal/_generate_schema.py:2249: UnsupportedFieldAttributeWarning: The 'repr' attribute with value False was provided to the `Field()` function, which has no effect in the context it was used. 'repr' is field-specific metadata, and can only be attached to a model field using `Annotated` metadata or by assignment. This may have happened because an `Annotated` type alias using the `type` statement was used, or if the `Field()` function was attached to a single member of a union type.
  warnings.warn(
/usr/local/lib/python3.11/site-packages/pydantic/_internal/_generate_schema.py:2249: UnsupportedFieldAttributeWarning: The 'frozen' attribute with value True was provided to the `Field()` function, which has no effect in the context it was used. 'frozen' is field-specific metadata, and can only be attached to a model field using `Annotated` metadata or by assignment. This may have happened because an `Annotated` type alias using the `type` statement was used, or if the `Field()` function was attached to a single member of a union type.
  warnings.warn(
/usr/local/lib/python3.11/site-packages/pydantic/_internal/_generate_schema.py:2249: UnsupportedFieldAttributeWarning: The 'repr' attribute with value False was provided to the `Field()` function, which has no effect in the context it was used. 'repr' is field-specific metadata, and can only be attached to a model field using `Annotated` metadata or by assignment. This may have happened because an `Annotated` type alias using the `type` statement was used, or if the `Field()` function was attached to a single member of a union type.
  warnings.warn(
/usr/local/lib/python3.11/site-packages/pydantic/_internal/_generate_schema.py:2249: UnsupportedFieldAttributeWarning: The 'frozen' attribute with value True was provided to the `Field()` function, which has no effect in the context it was used. 'frozen' is field-specific metadata, and can only be attached to a model field using `Annotated` metadata or by assignment. This may have happened because an `Annotated` type alias using the `type` statement was used, or if the `Field()` function was attached to a single member of a union type.
  warnings.warn(
/usr/local/lib/python3.11/site-packages/pydantic/_internal/_generate_schema.py:2249: UnsupportedFieldAttributeWarning: The 'repr' attribute with value False was provided to the `Field()` function, which has no effect in the context it was used. 'repr' is field-specific metadata, and can only be attached to a model field using `Annotated` metadata or by assignment. This may have happened because an `Annotated` type alias using the `type` statement was used, or if the `Field()` function was attached to a single member of a union type.
  warnings.warn(
/usr/local/lib/python3.11/site-packages/pydantic/_internal/_generate_schema.py:2249: UnsupportedFieldAttributeWarning: The 'frozen' attribute with value True was provided to the `Field()` function, which has no effect in the context it was used. 'frozen' is field-specific metadata, and can only be attached to a model field using `Annotated` metadata or by assignment. This may have happened because an `Annotated` type alias using the `type` statement was used, or if the `Field()` function was attached to a single member of a union type.
  warnings.warn(
/usr/local/lib/python3.11/site-packages/pydantic/_internal/_generate_schema.py:2249: UnsupportedFieldAttributeWarning: The 'repr' attribute with value False was provided to the `Field()` function, which has no effect in the context it was used. 'repr' is field-specific metadata, and can only be attached to a model field using `Annotated` metadata or by assignment. This may have happened because an `Annotated` type alias using the `type` statement was used, or if the `Field()` function was attached to a single member of a union type.
  warnings.warn(
/usr/local/lib/python3.11/site-packages/pydantic/_internal/_generate_schema.py:2249: UnsupportedFieldAttributeWarning: The 'frozen' attribute with value True was provided to the `Field()` function, which has no effect in the context it was used. 'frozen' is field-specific metadata, and can only be attached to a model field using `Annotated` metadata or by assignment. This may have happened because an `Annotated` type alias using the `type` statement was used, or if the `Field()` function was attached to a single member of a union type.
  warnings.warn(
/usr/local/lib/python3.11/site-packages/torch/distributed/distributed_c10d.py:4876: UserWarning: barrier(): using the device under current context. You can specify `device_id` in `init_process_group` to mute this warning.
  warnings.warn(  # warn only once
[rank0]:[W604 20:57:53.538546527 ProcessGroupNCCL.cpp:5068] Guessing device ID based on global rank. This can cause a hang if rank to GPU mapping is heterogeneous. You can specify device_id in init_process_group()
I0604 20:57:55.173353 139952113714368 logger_utils.py:84] Creating experiment directory at /experiment_runs/submissions_a100/muon_torch_jax_hps_lr_fix/study_1/imagenet_vit_pytorch.
I0604 20:57:55.173353 140225304929472 logger_utils.py:84] Creating experiment directory at /experiment_runs/submissions_a100/muon_torch_jax_hps_lr_fix/study_1/imagenet_vit_pytorch.
I0604 20:57:55.173355 140205120193728 logger_utils.py:84] Creating experiment directory at /experiment_runs/submissions_a100/muon_torch_jax_hps_lr_fix/study_1/imagenet_vit_pytorch.
I0604 20:57:55.175723 140412023813312 logger_utils.py:84] Creating experiment directory at /experiment_runs/submissions_a100/muon_torch_jax_hps_lr_fix/study_1/imagenet_vit_pytorch.
I0604 20:57:56.719856 139952113714368 submission_runner.py:741] Creating directory at /experiment_runs/submissions_a100/muon_torch_jax_hps_lr_fix/study_1/imagenet_vit_pytorch/trial_1.
I0604 20:57:57.076388 139952113714368 submission_runner.py:242] Initializing dataset.
I0604 20:58:27.222151 139952113714368 submission_runner.py:251] Initializing model.
I0604 20:58:27.868134 139952113714368 submission_runner.py:290] Performing `torch.compile`.
I0604 20:58:27.871747 139952113714368 submission_runner.py:294] Initializing optimizer.
I0604 20:58:27.872463 139952113714368 muon.py:324] Muon params:
	_orig_mod.module.pre_logits.weight (ndim=2)
	_orig_mod.module.conv_patch_extract.weight (ndim=4)
	_orig_mod.module.encoder.net.0.self_attention1.query.weight (ndim=2)
	_orig_mod.module.encoder.net.0.self_attention1.key.weight (ndim=2)
	_orig_mod.module.encoder.net.0.self_attention1.value.weight (ndim=2)
	_orig_mod.module.encoder.net.0.self_attention1.out.weight (ndim=2)
	_orig_mod.module.encoder.net.0.mlp3.linear1.weight (ndim=2)
	_orig_mod.module.encoder.net.0.mlp3.linear2.weight (ndim=2)
	_orig_mod.module.encoder.net.1.self_attention1.query.weight (ndim=2)
	_orig_mod.module.encoder.net.1.self_attention1.key.weight (ndim=2)
	_orig_mod.module.encoder.net.1.self_attention1.value.weight (ndim=2)
	_orig_mod.module.encoder.net.1.self_attention1.out.weight (ndim=2)
	_orig_mod.module.encoder.net.1.mlp3.linear1.weight (ndim=2)
	_orig_mod.module.encoder.net.1.mlp3.linear2.weight (ndim=2)
	_orig_mod.module.encoder.net.2.self_attention1.query.weight (ndim=2)
	_orig_mod.module.encoder.net.2.self_attention1.key.weight (ndim=2)
	_orig_mod.module.encoder.net.2.self_attention1.value.weight (ndim=2)
	_orig_mod.module.encoder.net.2.self_attention1.out.weight (ndim=2)
	_orig_mod.module.encoder.net.2.mlp3.linear1.weight (ndim=2)
	_orig_mod.module.encoder.net.2.mlp3.linear2.weight (ndim=2)
	_orig_mod.module.encoder.net.3.self_attention1.query.weight (ndim=2)
	_orig_mod.module.encoder.net.3.self_attention1.key.weight (ndim=2)
	_orig_mod.module.encoder.net.3.self_attention1.value.weight (ndim=2)
	_orig_mod.module.encoder.net.3.self_attention1.out.weight (ndim=2)
	_orig_mod.module.encoder.net.3.mlp3.linear1.weight (ndim=2)
	_orig_mod.module.encoder.net.3.mlp3.linear2.weight (ndim=2)
	_orig_mod.module.encoder.net.4.self_attention1.query.weight (ndim=2)
	_orig_mod.module.encoder.net.4.self_attention1.key.weight (ndim=2)
	_orig_mod.module.encoder.net.4.self_attention1.value.weight (ndim=2)
	_orig_mod.module.encoder.net.4.self_attention1.out.weight (ndim=2)
	_orig_mod.module.encoder.net.4.mlp3.linear1.weight (ndim=2)
	_orig_mod.module.encoder.net.4.mlp3.linear2.weight (ndim=2)
	_orig_mod.module.encoder.net.5.self_attention1.query.weight (ndim=2)
	_orig_mod.module.encoder.net.5.self_attention1.key.weight (ndim=2)
	_orig_mod.module.encoder.net.5.self_attention1.value.weight (ndim=2)
	_orig_mod.module.encoder.net.5.self_attention1.out.weight (ndim=2)
	_orig_mod.module.encoder.net.5.mlp3.linear1.weight (ndim=2)
	_orig_mod.module.encoder.net.5.mlp3.linear2.weight (ndim=2)
	_orig_mod.module.encoder.net.6.self_attention1.query.weight (ndim=2)
	_orig_mod.module.encoder.net.6.self_attention1.key.weight (ndim=2)
	_orig_mod.module.encoder.net.6.self_attention1.value.weight (ndim=2)
	_orig_mod.module.encoder.net.6.self_attention1.out.weight (ndim=2)
	_orig_mod.module.encoder.net.6.mlp3.linear1.weight (ndim=2)
	_orig_mod.module.encoder.net.6.mlp3.linear2.weight (ndim=2)
	_orig_mod.module.encoder.net.7.self_attention1.query.weight (ndim=2)
	_orig_mod.module.encoder.net.7.self_attention1.key.weight (ndim=2)
	_orig_mod.module.encoder.net.7.self_attention1.value.weight (ndim=2)
	_orig_mod.module.encoder.net.7.self_attention1.out.weight (ndim=2)
	_orig_mod.module.encoder.net.7.mlp3.linear1.weight (ndim=2)
	_orig_mod.module.encoder.net.7.mlp3.linear2.weight (ndim=2)
	_orig_mod.module.encoder.net.8.self_attention1.query.weight (ndim=2)
	_orig_mod.module.encoder.net.8.self_attention1.key.weight (ndim=2)
	_orig_mod.module.encoder.net.8.self_attention1.value.weight (ndim=2)
	_orig_mod.module.encoder.net.8.self_attention1.out.weight (ndim=2)
	_orig_mod.module.encoder.net.8.mlp3.linear1.weight (ndim=2)
	_orig_mod.module.encoder.net.8.mlp3.linear2.weight (ndim=2)
	_orig_mod.module.encoder.net.9.self_attention1.query.weight (ndim=2)
	_orig_mod.module.encoder.net.9.self_attention1.key.weight (ndim=2)
	_orig_mod.module.encoder.net.9.self_attention1.value.weight (ndim=2)
	_orig_mod.module.encoder.net.9.self_attention1.out.weight (ndim=2)
	_orig_mod.module.encoder.net.9.mlp3.linear1.weight (ndim=2)
	_orig_mod.module.encoder.net.9.mlp3.linear2.weight (ndim=2)
	_orig_mod.module.encoder.net.10.self_attention1.query.weight (ndim=2)
	_orig_mod.module.encoder.net.10.self_attention1.key.weight (ndim=2)
	_orig_mod.module.encoder.net.10.self_attention1.value.weight (ndim=2)
	_orig_mod.module.encoder.net.10.self_attention1.out.weight (ndim=2)
	_orig_mod.module.encoder.net.10.mlp3.linear1.weight (ndim=2)
	_orig_mod.module.encoder.net.10.mlp3.linear2.weight (ndim=2)
	_orig_mod.module.encoder.net.11.self_attention1.query.weight (ndim=2)
	_orig_mod.module.encoder.net.11.self_attention1.key.weight (ndim=2)
	_orig_mod.module.encoder.net.11.self_attention1.value.weight (ndim=2)
	_orig_mod.module.encoder.net.11.self_attention1.out.weight (ndim=2)
	_orig_mod.module.encoder.net.11.mlp3.linear1.weight (ndim=2)
	_orig_mod.module.encoder.net.11.mlp3.linear2.weight (ndim=2)
	_orig_mod.module.head.weight (ndim=2)
I0604 20:58:27.872559 139952113714368 muon.py:325] Adam params:
	_orig_mod.module.pre_logits.bias (ndim=1)
	_orig_mod.module.conv_patch_extract.bias (ndim=1)
	_orig_mod.module.encoder.net.0.layer_norm0.weight (ndim=1)
	_orig_mod.module.encoder.net.0.layer_norm0.bias (ndim=1)
	_orig_mod.module.encoder.net.0.self_attention1.query.bias (ndim=1)
	_orig_mod.module.encoder.net.0.self_attention1.key.bias (ndim=1)
	_orig_mod.module.encoder.net.0.self_attention1.value.bias (ndim=1)
	_orig_mod.module.encoder.net.0.self_attention1.out.bias (ndim=1)
	_orig_mod.module.encoder.net.0.layer_norm2.weight (ndim=1)
	_orig_mod.module.encoder.net.0.layer_norm2.bias (ndim=1)
	_orig_mod.module.encoder.net.0.mlp3.linear1.bias (ndim=1)
	_orig_mod.module.encoder.net.0.mlp3.linear2.bias (ndim=1)
	_orig_mod.module.encoder.net.1.layer_norm0.weight (ndim=1)
	_orig_mod.module.encoder.net.1.layer_norm0.bias (ndim=1)
	_orig_mod.module.encoder.net.1.self_attention1.query.bias (ndim=1)
	_orig_mod.module.encoder.net.1.self_attention1.key.bias (ndim=1)
	_orig_mod.module.encoder.net.1.self_attention1.value.bias (ndim=1)
	_orig_mod.module.encoder.net.1.self_attention1.out.bias (ndim=1)
	_orig_mod.module.encoder.net.1.layer_norm2.weight (ndim=1)
	_orig_mod.module.encoder.net.1.layer_norm2.bias (ndim=1)
	_orig_mod.module.encoder.net.1.mlp3.linear1.bias (ndim=1)
	_orig_mod.module.encoder.net.1.mlp3.linear2.bias (ndim=1)
	_orig_mod.module.encoder.net.2.layer_norm0.weight (ndim=1)
	_orig_mod.module.encoder.net.2.layer_norm0.bias (ndim=1)
	_orig_mod.module.encoder.net.2.self_attention1.query.bias (ndim=1)
	_orig_mod.module.encoder.net.2.self_attention1.key.bias (ndim=1)
	_orig_mod.module.encoder.net.2.self_attention1.value.bias (ndim=1)
	_orig_mod.module.encoder.net.2.self_attention1.out.bias (ndim=1)
	_orig_mod.module.encoder.net.2.layer_norm2.weight (ndim=1)
	_orig_mod.module.encoder.net.2.layer_norm2.bias (ndim=1)
	_orig_mod.module.encoder.net.2.mlp3.linear1.bias (ndim=1)
	_orig_mod.module.encoder.net.2.mlp3.linear2.bias (ndim=1)
	_orig_mod.module.encoder.net.3.layer_norm0.weight (ndim=1)
	_orig_mod.module.encoder.net.3.layer_norm0.bias (ndim=1)
	_orig_mod.module.encoder.net.3.self_attention1.query.bias (ndim=1)
	_orig_mod.module.encoder.net.3.self_attention1.key.bias (ndim=1)
	_orig_mod.module.encoder.net.3.self_attention1.value.bias (ndim=1)
	_orig_mod.module.encoder.net.3.self_attention1.out.bias (ndim=1)
	_orig_mod.module.encoder.net.3.layer_norm2.weight (ndim=1)
	_orig_mod.module.encoder.net.3.layer_norm2.bias (ndim=1)
	_orig_mod.module.encoder.net.3.mlp3.linear1.bias (ndim=1)
	_orig_mod.module.encoder.net.3.mlp3.linear2.bias (ndim=1)
	_orig_mod.module.encoder.net.4.layer_norm0.weight (ndim=1)
	_orig_mod.module.encoder.net.4.layer_norm0.bias (ndim=1)
	_orig_mod.module.encoder.net.4.self_attention1.query.bias (ndim=1)
	_orig_mod.module.encoder.net.4.self_attention1.key.bias (ndim=1)
	_orig_mod.module.encoder.net.4.self_attention1.value.bias (ndim=1)
	_orig_mod.module.encoder.net.4.self_attention1.out.bias (ndim=1)
	_orig_mod.module.encoder.net.4.layer_norm2.weight (ndim=1)
	_orig_mod.module.encoder.net.4.layer_norm2.bias (ndim=1)
	_orig_mod.module.encoder.net.4.mlp3.linear1.bias (ndim=1)
	_orig_mod.module.encoder.net.4.mlp3.linear2.bias (ndim=1)
	_orig_mod.module.encoder.net.5.layer_norm0.weight (ndim=1)
	_orig_mod.module.encoder.net.5.layer_norm0.bias (ndim=1)
	_orig_mod.module.encoder.net.5.self_attention1.query.bias (ndim=1)
	_orig_mod.module.encoder.net.5.self_attention1.key.bias (ndim=1)
	_orig_mod.module.encoder.net.5.self_attention1.value.bias (ndim=1)
	_orig_mod.module.encoder.net.5.self_attention1.out.bias (ndim=1)
	_orig_mod.module.encoder.net.5.layer_norm2.weight (ndim=1)
	_orig_mod.module.encoder.net.5.layer_norm2.bias (ndim=1)
	_orig_mod.module.encoder.net.5.mlp3.linear1.bias (ndim=1)
	_orig_mod.module.encoder.net.5.mlp3.linear2.bias (ndim=1)
	_orig_mod.module.encoder.net.6.layer_norm0.weight (ndim=1)
	_orig_mod.module.encoder.net.6.layer_norm0.bias (ndim=1)
	_orig_mod.module.encoder.net.6.self_attention1.query.bias (ndim=1)
	_orig_mod.module.encoder.net.6.self_attention1.key.bias (ndim=1)
	_orig_mod.module.encoder.net.6.self_attention1.value.bias (ndim=1)
	_orig_mod.module.encoder.net.6.self_attention1.out.bias (ndim=1)
	_orig_mod.module.encoder.net.6.layer_norm2.weight (ndim=1)
	_orig_mod.module.encoder.net.6.layer_norm2.bias (ndim=1)
	_orig_mod.module.encoder.net.6.mlp3.linear1.bias (ndim=1)
	_orig_mod.module.encoder.net.6.mlp3.linear2.bias (ndim=1)
	_orig_mod.module.encoder.net.7.layer_norm0.weight (ndim=1)
	_orig_mod.module.encoder.net.7.layer_norm0.bias (ndim=1)
	_orig_mod.module.encoder.net.7.self_attention1.query.bias (ndim=1)
	_orig_mod.module.encoder.net.7.self_attention1.key.bias (ndim=1)
	_orig_mod.module.encoder.net.7.self_attention1.value.bias (ndim=1)
	_orig_mod.module.encoder.net.7.self_attention1.out.bias (ndim=1)
	_orig_mod.module.encoder.net.7.layer_norm2.weight (ndim=1)
	_orig_mod.module.encoder.net.7.layer_norm2.bias (ndim=1)
	_orig_mod.module.encoder.net.7.mlp3.linear1.bias (ndim=1)
	_orig_mod.module.encoder.net.7.mlp3.linear2.bias (ndim=1)
	_orig_mod.module.encoder.net.8.layer_norm0.weight (ndim=1)
	_orig_mod.module.encoder.net.8.layer_norm0.bias (ndim=1)
	_orig_mod.module.encoder.net.8.self_attention1.query.bias (ndim=1)
	_orig_mod.module.encoder.net.8.self_attention1.key.bias (ndim=1)
	_orig_mod.module.encoder.net.8.self_attention1.value.bias (ndim=1)
	_orig_mod.module.encoder.net.8.self_attention1.out.bias (ndim=1)
	_orig_mod.module.encoder.net.8.layer_norm2.weight (ndim=1)
	_orig_mod.module.encoder.net.8.layer_norm2.bias (ndim=1)
	_orig_mod.module.encoder.net.8.mlp3.linear1.bias (ndim=1)
	_orig_mod.module.encoder.net.8.mlp3.linear2.bias (ndim=1)
	_orig_mod.module.encoder.net.9.layer_norm0.weight (ndim=1)
	_orig_mod.module.encoder.net.9.layer_norm0.bias (ndim=1)
	_orig_mod.module.encoder.net.9.self_attention1.query.bias (ndim=1)
	_orig_mod.module.encoder.net.9.self_attention1.key.bias (ndim=1)
	_orig_mod.module.encoder.net.9.self_attention1.value.bias (ndim=1)
	_orig_mod.module.encoder.net.9.self_attention1.out.bias (ndim=1)
	_orig_mod.module.encoder.net.9.layer_norm2.weight (ndim=1)
	_orig_mod.module.encoder.net.9.layer_norm2.bias (ndim=1)
	_orig_mod.module.encoder.net.9.mlp3.linear1.bias (ndim=1)
	_orig_mod.module.encoder.net.9.mlp3.linear2.bias (ndim=1)
	_orig_mod.module.encoder.net.10.layer_norm0.weight (ndim=1)
	_orig_mod.module.encoder.net.10.layer_norm0.bias (ndim=1)
	_orig_mod.module.encoder.net.10.self_attention1.query.bias (ndim=1)
	_orig_mod.module.encoder.net.10.self_attention1.key.bias (ndim=1)
	_orig_mod.module.encoder.net.10.self_attention1.value.bias (ndim=1)
	_orig_mod.module.encoder.net.10.self_attention1.out.bias (ndim=1)
	_orig_mod.module.encoder.net.10.layer_norm2.weight (ndim=1)
	_orig_mod.module.encoder.net.10.layer_norm2.bias (ndim=1)
	_orig_mod.module.encoder.net.10.mlp3.linear1.bias (ndim=1)
	_orig_mod.module.encoder.net.10.mlp3.linear2.bias (ndim=1)
	_orig_mod.module.encoder.net.11.layer_norm0.weight (ndim=1)
	_orig_mod.module.encoder.net.11.layer_norm0.bias (ndim=1)
	_orig_mod.module.encoder.net.11.self_attention1.query.bias (ndim=1)
	_orig_mod.module.encoder.net.11.self_attention1.key.bias (ndim=1)
	_orig_mod.module.encoder.net.11.self_attention1.value.bias (ndim=1)
	_orig_mod.module.encoder.net.11.self_attention1.out.bias (ndim=1)
	_orig_mod.module.encoder.net.11.layer_norm2.weight (ndim=1)
	_orig_mod.module.encoder.net.11.layer_norm2.bias (ndim=1)
	_orig_mod.module.encoder.net.11.mlp3.linear1.bias (ndim=1)
	_orig_mod.module.encoder.net.11.mlp3.linear2.bias (ndim=1)
	_orig_mod.module.encoder.encoder_norm.weight (ndim=1)
	_orig_mod.module.encoder.encoder_norm.bias (ndim=1)
	_orig_mod.module.head.bias (ndim=1)
I0604 20:58:27.873011 140205120193728 muon.py:324] Muon params:
	_orig_mod.module.pre_logits.weight (ndim=2)
	_orig_mod.module.conv_patch_extract.weight (ndim=4)
	_orig_mod.module.encoder.net.0.self_attention1.query.weight (ndim=2)
	_orig_mod.module.encoder.net.0.self_attention1.key.weight (ndim=2)
	_orig_mod.module.encoder.net.0.self_attention1.value.weight (ndim=2)
	_orig_mod.module.encoder.net.0.self_attention1.out.weight (ndim=2)
	_orig_mod.module.encoder.net.0.mlp3.linear1.weight (ndim=2)
	_orig_mod.module.encoder.net.0.mlp3.linear2.weight (ndim=2)
	_orig_mod.module.encoder.net.1.self_attention1.query.weight (ndim=2)
	_orig_mod.module.encoder.net.1.self_attention1.key.weight (ndim=2)
	_orig_mod.module.encoder.net.1.self_attention1.value.weight (ndim=2)
	_orig_mod.module.encoder.net.1.self_attention1.out.weight (ndim=2)
	_orig_mod.module.encoder.net.1.mlp3.linear1.weight (ndim=2)
	_orig_mod.module.encoder.net.1.mlp3.linear2.weight (ndim=2)
	_orig_mod.module.encoder.net.2.self_attention1.query.weight (ndim=2)
	_orig_mod.module.encoder.net.2.self_attention1.key.weight (ndim=2)
	_orig_mod.module.encoder.net.2.self_attention1.value.weight (ndim=2)
	_orig_mod.module.encoder.net.2.self_attention1.out.weight (ndim=2)
	_orig_mod.module.encoder.net.2.mlp3.linear1.weight (ndim=2)
	_orig_mod.module.encoder.net.2.mlp3.linear2.weight (ndim=2)
	_orig_mod.module.encoder.net.3.self_attention1.query.weight (ndim=2)
	_orig_mod.module.encoder.net.3.self_attention1.key.weight (ndim=2)
	_orig_mod.module.encoder.net.3.self_attention1.value.weight (ndim=2)
	_orig_mod.module.encoder.net.3.self_attention1.out.weight (ndim=2)
	_orig_mod.module.encoder.net.3.mlp3.linear1.weight (ndim=2)
	_orig_mod.module.encoder.net.3.mlp3.linear2.weight (ndim=2)
	_orig_mod.module.encoder.net.4.self_attention1.query.weight (ndim=2)
	_orig_mod.module.encoder.net.4.self_attention1.key.weight (ndim=2)
	_orig_mod.module.encoder.net.4.self_attention1.value.weight (ndim=2)
	_orig_mod.module.encoder.net.4.self_attention1.out.weight (ndim=2)
	_orig_mod.module.encoder.net.4.mlp3.linear1.weight (ndim=2)
	_orig_mod.module.encoder.net.4.mlp3.linear2.weight (ndim=2)
	_orig_mod.module.encoder.net.5.self_attention1.query.weight (ndim=2)
	_orig_mod.module.encoder.net.5.self_attention1.key.weight (ndim=2)
	_orig_mod.module.encoder.net.5.self_attention1.value.weight (ndim=2)
	_orig_mod.module.encoder.net.5.self_attention1.out.weight (ndim=2)
	_orig_mod.module.encoder.net.5.mlp3.linear1.weight (ndim=2)
	_orig_mod.module.encoder.net.5.mlp3.linear2.weight (ndim=2)
	_orig_mod.module.encoder.net.6.self_attention1.query.weight (ndim=2)
	_orig_mod.module.encoder.net.6.self_attention1.key.weight (ndim=2)
	_orig_mod.module.encoder.net.6.self_attention1.value.weight (ndim=2)
	_orig_mod.module.encoder.net.6.self_attention1.out.weight (ndim=2)
	_orig_mod.module.encoder.net.6.mlp3.linear1.weight (ndim=2)
	_orig_mod.module.encoder.net.6.mlp3.linear2.weight (ndim=2)
	_orig_mod.module.encoder.net.7.self_attention1.query.weight (ndim=2)
	_orig_mod.module.encoder.net.7.self_attention1.key.weight (ndim=2)
	_orig_mod.module.encoder.net.7.self_attention1.value.weight (ndim=2)
	_orig_mod.module.encoder.net.7.self_attention1.out.weight (ndim=2)
	_orig_mod.module.encoder.net.7.mlp3.linear1.weight (ndim=2)
	_orig_mod.module.encoder.net.7.mlp3.linear2.weight (ndim=2)
	_orig_mod.module.encoder.net.8.self_attention1.query.weight (ndim=2)
	_orig_mod.module.encoder.net.8.self_attention1.key.weight (ndim=2)
	_orig_mod.module.encoder.net.8.self_attention1.value.weight (ndim=2)
	_orig_mod.module.encoder.net.8.self_attention1.out.weight (ndim=2)
	_orig_mod.module.encoder.net.8.mlp3.linear1.weight (ndim=2)
	_orig_mod.module.encoder.net.8.mlp3.linear2.weight (ndim=2)
	_orig_mod.module.encoder.net.9.self_attention1.query.weight (ndim=2)
	_orig_mod.module.encoder.net.9.self_attention1.key.weight (ndim=2)
	_orig_mod.module.encoder.net.9.self_attention1.value.weight (ndim=2)
	_orig_mod.module.encoder.net.9.self_attention1.out.weight (ndim=2)
	_orig_mod.module.encoder.net.9.mlp3.linear1.weight (ndim=2)
	_orig_mod.module.encoder.net.9.mlp3.linear2.weight (ndim=2)
	_orig_mod.module.encoder.net.10.self_attention1.query.weight (ndim=2)
	_orig_mod.module.encoder.net.10.self_attention1.key.weight (ndim=2)
	_orig_mod.module.encoder.net.10.self_attention1.value.weight (ndim=2)
	_orig_mod.module.encoder.net.10.self_attention1.out.weight (ndim=2)
	_orig_mod.module.encoder.net.10.mlp3.linear1.weight (ndim=2)
	_orig_mod.module.encoder.net.10.mlp3.linear2.weight (ndim=2)
	_orig_mod.module.encoder.net.11.self_attention1.query.weight (ndim=2)
	_orig_mod.module.encoder.net.11.self_attention1.key.weight (ndim=2)
	_orig_mod.module.encoder.net.11.self_attention1.value.weight (ndim=2)
	_orig_mod.module.encoder.net.11.self_attention1.out.weight (ndim=2)
	_orig_mod.module.encoder.net.11.mlp3.linear1.weight (ndim=2)
	_orig_mod.module.encoder.net.11.mlp3.linear2.weight (ndim=2)
	_orig_mod.module.head.weight (ndim=2)
I0604 20:58:27.873189 140205120193728 muon.py:325] Adam params:
	_orig_mod.module.pre_logits.bias (ndim=1)
	_orig_mod.module.conv_patch_extract.bias (ndim=1)
	_orig_mod.module.encoder.net.0.layer_norm0.weight (ndim=1)
	_orig_mod.module.encoder.net.0.layer_norm0.bias (ndim=1)
	_orig_mod.module.encoder.net.0.self_attention1.query.bias (ndim=1)
	_orig_mod.module.encoder.net.0.self_attention1.key.bias (ndim=1)
	_orig_mod.module.encoder.net.0.self_attention1.value.bias (ndim=1)
	_orig_mod.module.encoder.net.0.self_attention1.out.bias (ndim=1)
	_orig_mod.module.encoder.net.0.layer_norm2.weight (ndim=1)
	_orig_mod.module.encoder.net.0.layer_norm2.bias (ndim=1)
	_orig_mod.module.encoder.net.0.mlp3.linear1.bias (ndim=1)
	_orig_mod.module.encoder.net.0.mlp3.linear2.bias (ndim=1)
	_orig_mod.module.encoder.net.1.layer_norm0.weight (ndim=1)
	_orig_mod.module.encoder.net.1.layer_norm0.bias (ndim=1)
	_orig_mod.module.encoder.net.1.self_attention1.query.bias (ndim=1)
	_orig_mod.module.encoder.net.1.self_attention1.key.bias (ndim=1)
	_orig_mod.module.encoder.net.1.self_attention1.value.bias (ndim=1)
	_orig_mod.module.encoder.net.1.self_attention1.out.bias (ndim=1)
	_orig_mod.module.encoder.net.1.layer_norm2.weight (ndim=1)
	_orig_mod.module.encoder.net.1.layer_norm2.bias (ndim=1)
	_orig_mod.module.encoder.net.1.mlp3.linear1.bias (ndim=1)
	_orig_mod.module.encoder.net.1.mlp3.linear2.bias (ndim=1)
	_orig_mod.module.encoder.net.2.layer_norm0.weight (ndim=1)
	_orig_mod.module.encoder.net.2.layer_norm0.bias (ndim=1)
	_orig_mod.module.encoder.net.2.self_attention1.query.bias (ndim=1)
	_orig_mod.module.encoder.net.2.self_attention1.key.bias (ndim=1)
	_orig_mod.module.encoder.net.2.self_attention1.value.bias (ndim=1)
	_orig_mod.module.encoder.net.2.self_attention1.out.bias (ndim=1)
	_orig_mod.module.encoder.net.2.layer_norm2.weight (ndim=1)
	_orig_mod.module.encoder.net.2.layer_norm2.bias (ndim=1)
	_orig_mod.module.encoder.net.2.mlp3.linear1.bias (ndim=1)
	_orig_mod.module.encoder.net.2.mlp3.linear2.bias (ndim=1)
	_orig_mod.module.encoder.net.3.layer_norm0.weight (ndim=1)
	_orig_mod.module.encoder.net.3.layer_norm0.bias (ndim=1)
	_orig_mod.module.encoder.net.3.self_attention1.query.bias (ndim=1)
	_orig_mod.module.encoder.net.3.self_attention1.key.bias (ndim=1)
	_orig_mod.module.encoder.net.3.self_attention1.value.bias (ndim=1)
	_orig_mod.module.encoder.net.3.self_attention1.out.bias (ndim=1)
	_orig_mod.module.encoder.net.3.layer_norm2.weight (ndim=1)
	_orig_mod.module.encoder.net.3.layer_norm2.bias (ndim=1)
	_orig_mod.module.encoder.net.3.mlp3.linear1.bias (ndim=1)
	_orig_mod.module.encoder.net.3.mlp3.linear2.bias (ndim=1)
	_orig_mod.module.encoder.net.4.layer_norm0.weight (ndim=1)
	_orig_mod.module.encoder.net.4.layer_norm0.bias (ndim=1)
	_orig_mod.module.encoder.net.4.self_attention1.query.bias (ndim=1)
	_orig_mod.module.encoder.net.4.self_attention1.key.bias (ndim=1)
	_orig_mod.module.encoder.net.4.self_attention1.value.bias (ndim=1)
	_orig_mod.module.encoder.net.4.self_attention1.out.bias (ndim=1)
	_orig_mod.module.encoder.net.4.layer_norm2.weight (ndim=1)
	_orig_mod.module.encoder.net.4.layer_norm2.bias (ndim=1)
	_orig_mod.module.encoder.net.4.mlp3.linear1.bias (ndim=1)
	_orig_mod.module.encoder.net.4.mlp3.linear2.bias (ndim=1)
	_orig_mod.module.encoder.net.5.layer_norm0.weight (ndim=1)
	_orig_mod.module.encoder.net.5.layer_norm0.bias (ndim=1)
	_orig_mod.module.encoder.net.5.self_attention1.query.bias (ndim=1)
	_orig_mod.module.encoder.net.5.self_attention1.key.bias (ndim=1)
	_orig_mod.module.encoder.net.5.self_attention1.value.bias (ndim=1)
	_orig_mod.module.encoder.net.5.self_attention1.out.bias (ndim=1)
	_orig_mod.module.encoder.net.5.layer_norm2.weight (ndim=1)
	_orig_mod.module.encoder.net.5.layer_norm2.bias (ndim=1)
	_orig_mod.module.encoder.net.5.mlp3.linear1.bias (ndim=1)
	_orig_mod.module.encoder.net.5.mlp3.linear2.bias (ndim=1)
	_orig_mod.module.encoder.net.6.layer_norm0.weight (ndim=1)
	_orig_mod.module.encoder.net.6.layer_norm0.bias (ndim=1)
	_orig_mod.module.encoder.net.6.self_attention1.query.bias (ndim=1)
	_orig_mod.module.encoder.net.6.self_attention1.key.bias (ndim=1)
	_orig_mod.module.encoder.net.6.self_attention1.value.bias (ndim=1)
	_orig_mod.module.encoder.net.6.self_attention1.out.bias (ndim=1)
	_orig_mod.module.encoder.net.6.layer_norm2.weight (ndim=1)
	_orig_mod.module.encoder.net.6.layer_norm2.bias (ndim=1)
	_orig_mod.module.encoder.net.6.mlp3.linear1.bias (ndim=1)
	_orig_mod.module.encoder.net.6.mlp3.linear2.bias (ndim=1)
	_orig_mod.module.encoder.net.7.layer_norm0.weight (ndim=1)
	_orig_mod.module.encoder.net.7.layer_norm0.bias (ndim=1)
	_orig_mod.module.encoder.net.7.self_attention1.query.bias (ndim=1)
	_orig_mod.module.encoder.net.7.self_attention1.key.bias (ndim=1)
	_orig_mod.module.encoder.net.7.self_attention1.value.bias (ndim=1)
	_orig_mod.module.encoder.net.7.self_attention1.out.bias (ndim=1)
	_orig_mod.module.encoder.net.7.layer_norm2.weight (ndim=1)
	_orig_mod.module.encoder.net.7.layer_norm2.bias (ndim=1)
	_orig_mod.module.encoder.net.7.mlp3.linear1.bias (ndim=1)
	_orig_mod.module.encoder.net.7.mlp3.linear2.bias (ndim=1)
	_orig_mod.module.encoder.net.8.layer_norm0.weight (ndim=1)
	_orig_mod.module.encoder.net.8.layer_norm0.bias (ndim=1)
	_orig_mod.module.encoder.net.8.self_attention1.query.bias (ndim=1)
	_orig_mod.module.encoder.net.8.self_attention1.key.bias (ndim=1)
	_orig_mod.module.encoder.net.8.self_attention1.value.bias (ndim=1)
	_orig_mod.module.encoder.net.8.self_attention1.out.bias (ndim=1)
	_orig_mod.module.encoder.net.8.layer_norm2.weight (ndim=1)
	_orig_mod.module.encoder.net.8.layer_norm2.bias (ndim=1)
	_orig_mod.module.encoder.net.8.mlp3.linear1.bias (ndim=1)
	_orig_mod.module.encoder.net.8.mlp3.linear2.bias (ndim=1)
	_orig_mod.module.encoder.net.9.layer_norm0.weight (ndim=1)
	_orig_mod.module.encoder.net.9.layer_norm0.bias (ndim=1)
	_orig_mod.module.encoder.net.9.self_attention1.query.bias (ndim=1)
	_orig_mod.module.encoder.net.9.self_attention1.key.bias (ndim=1)
	_orig_mod.module.encoder.net.9.self_attention1.value.bias (ndim=1)
	_orig_mod.module.encoder.net.9.self_attention1.out.bias (ndim=1)
	_orig_mod.module.encoder.net.9.layer_norm2.weight (ndim=1)
	_orig_mod.module.encoder.net.9.layer_norm2.bias (ndim=1)
	_orig_mod.module.encoder.net.9.mlp3.linear1.bias (ndim=1)
	_orig_mod.module.encoder.net.9.mlp3.linear2.bias (ndim=1)
	_orig_mod.module.encoder.net.10.layer_norm0.weight (ndim=1)
	_orig_mod.module.encoder.net.10.layer_norm0.bias (ndim=1)
	_orig_mod.module.encoder.net.10.self_attention1.query.bias (ndim=1)
	_orig_mod.module.encoder.net.10.self_attention1.key.bias (ndim=1)
	_orig_mod.module.encoder.net.10.self_attention1.value.bias (ndim=1)
	_orig_mod.module.encoder.net.10.self_attention1.out.bias (ndim=1)
	_orig_mod.module.encoder.net.10.layer_norm2.weight (ndim=1)
	_orig_mod.module.encoder.net.10.layer_norm2.bias (ndim=1)
	_orig_mod.module.encoder.net.10.mlp3.linear1.bias (ndim=1)
	_orig_mod.module.encoder.net.10.mlp3.linear2.bias (ndim=1)
	_orig_mod.module.encoder.net.11.layer_norm0.weight (ndim=1)
	_orig_mod.module.encoder.net.11.layer_norm0.bias (ndim=1)
	_orig_mod.module.encoder.net.11.self_attention1.query.bias (ndim=1)
	_orig_mod.module.encoder.net.11.self_attention1.key.bias (ndim=1)
	_orig_mod.module.encoder.net.11.self_attention1.value.bias (ndim=1)
	_orig_mod.module.encoder.net.11.self_attention1.out.bias (ndim=1)
	_orig_mod.module.encoder.net.11.layer_norm2.weight (ndim=1)
	_orig_mod.module.encoder.net.11.layer_norm2.bias (ndim=1)
	_orig_mod.module.encoder.net.11.mlp3.linear1.bias (ndim=1)
	_orig_mod.module.encoder.net.11.mlp3.linear2.bias (ndim=1)
	_orig_mod.module.encoder.encoder_norm.weight (ndim=1)
	_orig_mod.module.encoder.encoder_norm.bias (ndim=1)
	_orig_mod.module.head.bias (ndim=1)
I0604 20:58:27.873364 140225304929472 muon.py:324] Muon params:
	_orig_mod.module.pre_logits.weight (ndim=2)
	_orig_mod.module.conv_patch_extract.weight (ndim=4)
	_orig_mod.module.encoder.net.0.self_attention1.query.weight (ndim=2)
	_orig_mod.module.encoder.net.0.self_attention1.key.weight (ndim=2)
	_orig_mod.module.encoder.net.0.self_attention1.value.weight (ndim=2)
	_orig_mod.module.encoder.net.0.self_attention1.out.weight (ndim=2)
	_orig_mod.module.encoder.net.0.mlp3.linear1.weight (ndim=2)
	_orig_mod.module.encoder.net.0.mlp3.linear2.weight (ndim=2)
	_orig_mod.module.encoder.net.1.self_attention1.query.weight (ndim=2)
	_orig_mod.module.encoder.net.1.self_attention1.key.weight (ndim=2)
	_orig_mod.module.encoder.net.1.self_attention1.value.weight (ndim=2)
	_orig_mod.module.encoder.net.1.self_attention1.out.weight (ndim=2)
	_orig_mod.module.encoder.net.1.mlp3.linear1.weight (ndim=2)
	_orig_mod.module.encoder.net.1.mlp3.linear2.weight (ndim=2)
	_orig_mod.module.encoder.net.2.self_attention1.query.weight (ndim=2)
	_orig_mod.module.encoder.net.2.self_attention1.key.weight (ndim=2)
	_orig_mod.module.encoder.net.2.self_attention1.value.weight (ndim=2)
	_orig_mod.module.encoder.net.2.self_attention1.out.weight (ndim=2)
	_orig_mod.module.encoder.net.2.mlp3.linear1.weight (ndim=2)
	_orig_mod.module.encoder.net.2.mlp3.linear2.weight (ndim=2)
	_orig_mod.module.encoder.net.3.self_attention1.query.weight (ndim=2)
	_orig_mod.module.encoder.net.3.self_attention1.key.weight (ndim=2)
	_orig_mod.module.encoder.net.3.self_attention1.value.weight (ndim=2)
	_orig_mod.module.encoder.net.3.self_attention1.out.weight (ndim=2)
	_orig_mod.module.encoder.net.3.mlp3.linear1.weight (ndim=2)
	_orig_mod.module.encoder.net.3.mlp3.linear2.weight (ndim=2)
	_orig_mod.module.encoder.net.4.self_attention1.query.weight (ndim=2)
	_orig_mod.module.encoder.net.4.self_attention1.key.weight (ndim=2)
	_orig_mod.module.encoder.net.4.self_attention1.value.weight (ndim=2)
	_orig_mod.module.encoder.net.4.self_attention1.out.weight (ndim=2)
	_orig_mod.module.encoder.net.4.mlp3.linear1.weight (ndim=2)
	_orig_mod.module.encoder.net.4.mlp3.linear2.weight (ndim=2)
	_orig_mod.module.encoder.net.5.self_attention1.query.weight (ndim=2)
	_orig_mod.module.encoder.net.5.self_attention1.key.weight (ndim=2)
	_orig_mod.module.encoder.net.5.self_attention1.value.weight (ndim=2)
	_orig_mod.module.encoder.net.5.self_attention1.out.weight (ndim=2)
	_orig_mod.module.encoder.net.5.mlp3.linear1.weight (ndim=2)
	_orig_mod.module.encoder.net.5.mlp3.linear2.weight (ndim=2)
	_orig_mod.module.encoder.net.6.self_attention1.query.weight (ndim=2)
	_orig_mod.module.encoder.net.6.self_attention1.key.weight (ndim=2)
	_orig_mod.module.encoder.net.6.self_attention1.value.weight (ndim=2)
	_orig_mod.module.encoder.net.6.self_attention1.out.weight (ndim=2)
	_orig_mod.module.encoder.net.6.mlp3.linear1.weight (ndim=2)
	_orig_mod.module.encoder.net.6.mlp3.linear2.weight (ndim=2)
	_orig_mod.module.encoder.net.7.self_attention1.query.weight (ndim=2)
	_orig_mod.module.encoder.net.7.self_attention1.key.weight (ndim=2)
	_orig_mod.module.encoder.net.7.self_attention1.value.weight (ndim=2)
	_orig_mod.module.encoder.net.7.self_attention1.out.weight (ndim=2)
	_orig_mod.module.encoder.net.7.mlp3.linear1.weight (ndim=2)
	_orig_mod.module.encoder.net.7.mlp3.linear2.weight (ndim=2)
	_orig_mod.module.encoder.net.8.self_attention1.query.weight (ndim=2)
	_orig_mod.module.encoder.net.8.self_attention1.key.weight (ndim=2)
	_orig_mod.module.encoder.net.8.self_attention1.value.weight (ndim=2)
	_orig_mod.module.encoder.net.8.self_attention1.out.weight (ndim=2)
	_orig_mod.module.encoder.net.8.mlp3.linear1.weight (ndim=2)
	_orig_mod.module.encoder.net.8.mlp3.linear2.weight (ndim=2)
	_orig_mod.module.encoder.net.9.self_attention1.query.weight (ndim=2)
	_orig_mod.module.encoder.net.9.self_attention1.key.weight (ndim=2)
	_orig_mod.module.encoder.net.9.self_attention1.value.weight (ndim=2)
	_orig_mod.module.encoder.net.9.self_attention1.out.weight (ndim=2)
	_orig_mod.module.encoder.net.9.mlp3.linear1.weight (ndim=2)
	_orig_mod.module.encoder.net.9.mlp3.linear2.weight (ndim=2)
	_orig_mod.module.encoder.net.10.self_attention1.query.weight (ndim=2)
	_orig_mod.module.encoder.net.10.self_attention1.key.weight (ndim=2)
	_orig_mod.module.encoder.net.10.self_attention1.value.weight (ndim=2)
	_orig_mod.module.encoder.net.10.self_attention1.out.weight (ndim=2)
	_orig_mod.module.encoder.net.10.mlp3.linear1.weight (ndim=2)
	_orig_mod.module.encoder.net.10.mlp3.linear2.weight (ndim=2)
	_orig_mod.module.encoder.net.11.self_attention1.query.weight (ndim=2)
	_orig_mod.module.encoder.net.11.self_attention1.key.weight (ndim=2)
	_orig_mod.module.encoder.net.11.self_attention1.value.weight (ndim=2)
	_orig_mod.module.encoder.net.11.self_attention1.out.weight (ndim=2)
	_orig_mod.module.encoder.net.11.mlp3.linear1.weight (ndim=2)
	_orig_mod.module.encoder.net.11.mlp3.linear2.weight (ndim=2)
	_orig_mod.module.head.weight (ndim=2)
I0604 20:58:27.873531 140225304929472 muon.py:325] Adam params:
	_orig_mod.module.pre_logits.bias (ndim=1)
	_orig_mod.module.conv_patch_extract.bias (ndim=1)
	_orig_mod.module.encoder.net.0.layer_norm0.weight (ndim=1)
	_orig_mod.module.encoder.net.0.layer_norm0.bias (ndim=1)
	_orig_mod.module.encoder.net.0.self_attention1.query.bias (ndim=1)
	_orig_mod.module.encoder.net.0.self_attention1.key.bias (ndim=1)
	_orig_mod.module.encoder.net.0.self_attention1.value.bias (ndim=1)
	_orig_mod.module.encoder.net.0.self_attention1.out.bias (ndim=1)
	_orig_mod.module.encoder.net.0.layer_norm2.weight (ndim=1)
	_orig_mod.module.encoder.net.0.layer_norm2.bias (ndim=1)
	_orig_mod.module.encoder.net.0.mlp3.linear1.bias (ndim=1)
	_orig_mod.module.encoder.net.0.mlp3.linear2.bias (ndim=1)
	_orig_mod.module.encoder.net.1.layer_norm0.weight (ndim=1)
	_orig_mod.module.encoder.net.1.layer_norm0.bias (ndim=1)
	_orig_mod.module.encoder.net.1.self_attention1.query.bias (ndim=1)
	_orig_mod.module.encoder.net.1.self_attention1.key.bias (ndim=1)
	_orig_mod.module.encoder.net.1.self_attention1.value.bias (ndim=1)
	_orig_mod.module.encoder.net.1.self_attention1.out.bias (ndim=1)
	_orig_mod.module.encoder.net.1.layer_norm2.weight (ndim=1)
	_orig_mod.module.encoder.net.1.layer_norm2.bias (ndim=1)
	_orig_mod.module.encoder.net.1.mlp3.linear1.bias (ndim=1)
	_orig_mod.module.encoder.net.1.mlp3.linear2.bias (ndim=1)
	_orig_mod.module.encoder.net.2.layer_norm0.weight (ndim=1)
	_orig_mod.module.encoder.net.2.layer_norm0.bias (ndim=1)
	_orig_mod.module.encoder.net.2.self_attention1.query.bias (ndim=1)
	_orig_mod.module.encoder.net.2.self_attention1.key.bias (ndim=1)
	_orig_mod.module.encoder.net.2.self_attention1.value.bias (ndim=1)
	_orig_mod.module.encoder.net.2.self_attention1.out.bias (ndim=1)
	_orig_mod.module.encoder.net.2.layer_norm2.weight (ndim=1)
	_orig_mod.module.encoder.net.2.layer_norm2.bias (ndim=1)
	_orig_mod.module.encoder.net.2.mlp3.linear1.bias (ndim=1)
	_orig_mod.module.encoder.net.2.mlp3.linear2.bias (ndim=1)
	_orig_mod.module.encoder.net.3.layer_norm0.weight (ndim=1)
	_orig_mod.module.encoder.net.3.layer_norm0.bias (ndim=1)
	_orig_mod.module.encoder.net.3.self_attention1.query.bias (ndim=1)
	_orig_mod.module.encoder.net.3.self_attention1.key.bias (ndim=1)
	_orig_mod.module.encoder.net.3.self_attention1.value.bias (ndim=1)
	_orig_mod.module.encoder.net.3.self_attention1.out.bias (ndim=1)
	_orig_mod.module.encoder.net.3.layer_norm2.weight (ndim=1)
	_orig_mod.module.encoder.net.3.layer_norm2.bias (ndim=1)
	_orig_mod.module.encoder.net.3.mlp3.linear1.bias (ndim=1)
	_orig_mod.module.encoder.net.3.mlp3.linear2.bias (ndim=1)
	_orig_mod.module.encoder.net.4.layer_norm0.weight (ndim=1)
	_orig_mod.module.encoder.net.4.layer_norm0.bias (ndim=1)
	_orig_mod.module.encoder.net.4.self_attention1.query.bias (ndim=1)
	_orig_mod.module.encoder.net.4.self_attention1.key.bias (ndim=1)
	_orig_mod.module.encoder.net.4.self_attention1.value.bias (ndim=1)
	_orig_mod.module.encoder.net.4.self_attention1.out.bias (ndim=1)
	_orig_mod.module.encoder.net.4.layer_norm2.weight (ndim=1)
	_orig_mod.module.encoder.net.4.layer_norm2.bias (ndim=1)
	_orig_mod.module.encoder.net.4.mlp3.linear1.bias (ndim=1)
	_orig_mod.module.encoder.net.4.mlp3.linear2.bias (ndim=1)
	_orig_mod.module.encoder.net.5.layer_norm0.weight (ndim=1)
	_orig_mod.module.encoder.net.5.layer_norm0.bias (ndim=1)
	_orig_mod.module.encoder.net.5.self_attention1.query.bias (ndim=1)
	_orig_mod.module.encoder.net.5.self_attention1.key.bias (ndim=1)
	_orig_mod.module.encoder.net.5.self_attention1.value.bias (ndim=1)
	_orig_mod.module.encoder.net.5.self_attention1.out.bias (ndim=1)
	_orig_mod.module.encoder.net.5.layer_norm2.weight (ndim=1)
	_orig_mod.module.encoder.net.5.layer_norm2.bias (ndim=1)
	_orig_mod.module.encoder.net.5.mlp3.linear1.bias (ndim=1)
	_orig_mod.module.encoder.net.5.mlp3.linear2.bias (ndim=1)
	_orig_mod.module.encoder.net.6.layer_norm0.weight (ndim=1)
	_orig_mod.module.encoder.net.6.layer_norm0.bias (ndim=1)
	_orig_mod.module.encoder.net.6.self_attention1.query.bias (ndim=1)
	_orig_mod.module.encoder.net.6.self_attention1.key.bias (ndim=1)
	_orig_mod.module.encoder.net.6.self_attention1.value.bias (ndim=1)
	_orig_mod.module.encoder.net.6.self_attention1.out.bias (ndim=1)
	_orig_mod.module.encoder.net.6.layer_norm2.weight (ndim=1)
	_orig_mod.module.encoder.net.6.layer_norm2.bias (ndim=1)
	_orig_mod.module.encoder.net.6.mlp3.linear1.bias (ndim=1)
	_orig_mod.module.encoder.net.6.mlp3.linear2.bias (ndim=1)
	_orig_mod.module.encoder.net.7.layer_norm0.weight (ndim=1)
	_orig_mod.module.encoder.net.7.layer_norm0.bias (ndim=1)
	_orig_mod.module.encoder.net.7.self_attention1.query.bias (ndim=1)
	_orig_mod.module.encoder.net.7.self_attention1.key.bias (ndim=1)
	_orig_mod.module.encoder.net.7.self_attention1.value.bias (ndim=1)
	_orig_mod.module.encoder.net.7.self_attention1.out.bias (ndim=1)
	_orig_mod.module.encoder.net.7.layer_norm2.weight (ndim=1)
	_orig_mod.module.encoder.net.7.layer_norm2.bias (ndim=1)
	_orig_mod.module.encoder.net.7.mlp3.linear1.bias (ndim=1)
	_orig_mod.module.encoder.net.7.mlp3.linear2.bias (ndim=1)
	_orig_mod.module.encoder.net.8.layer_norm0.weight (ndim=1)
	_orig_mod.module.encoder.net.8.layer_norm0.bias (ndim=1)
	_orig_mod.module.encoder.net.8.self_attention1.query.bias (ndim=1)
	_orig_mod.module.encoder.net.8.self_attention1.key.bias (ndim=1)
	_orig_mod.module.encoder.net.8.self_attention1.value.bias (ndim=1)
	_orig_mod.module.encoder.net.8.self_attention1.out.bias (ndim=1)
	_orig_mod.module.encoder.net.8.layer_norm2.weight (ndim=1)
	_orig_mod.module.encoder.net.8.layer_norm2.bias (ndim=1)
	_orig_mod.module.encoder.net.8.mlp3.linear1.bias (ndim=1)
	_orig_mod.module.encoder.net.8.mlp3.linear2.bias (ndim=1)
	_orig_mod.module.encoder.net.9.layer_norm0.weight (ndim=1)
	_orig_mod.module.encoder.net.9.layer_norm0.bias (ndim=1)
	_orig_mod.module.encoder.net.9.self_attention1.query.bias (ndim=1)
	_orig_mod.module.encoder.net.9.self_attention1.key.bias (ndim=1)
	_orig_mod.module.encoder.net.9.self_attention1.value.bias (ndim=1)
	_orig_mod.module.encoder.net.9.self_attention1.out.bias (ndim=1)
	_orig_mod.module.encoder.net.9.layer_norm2.weight (ndim=1)
	_orig_mod.module.encoder.net.9.layer_norm2.bias (ndim=1)
	_orig_mod.module.encoder.net.9.mlp3.linear1.bias (ndim=1)
	_orig_mod.module.encoder.net.9.mlp3.linear2.bias (ndim=1)
	_orig_mod.module.encoder.net.10.layer_norm0.weight (ndim=1)
	_orig_mod.module.encoder.net.10.layer_norm0.bias (ndim=1)
	_orig_mod.module.encoder.net.10.self_attention1.query.bias (ndim=1)
	_orig_mod.module.encoder.net.10.self_attention1.key.bias (ndim=1)
	_orig_mod.module.encoder.net.10.self_attention1.value.bias (ndim=1)
	_orig_mod.module.encoder.net.10.self_attention1.out.bias (ndim=1)
	_orig_mod.module.encoder.net.10.layer_norm2.weight (ndim=1)
	_orig_mod.module.encoder.net.10.layer_norm2.bias (ndim=1)
	_orig_mod.module.encoder.net.10.mlp3.linear1.bias (ndim=1)
	_orig_mod.module.encoder.net.10.mlp3.linear2.bias (ndim=1)
	_orig_mod.module.encoder.net.11.layer_norm0.weight (ndim=1)
	_orig_mod.module.encoder.net.11.layer_norm0.bias (ndim=1)
	_orig_mod.module.encoder.net.11.self_attention1.query.bias (ndim=1)
	_orig_mod.module.encoder.net.11.self_attention1.key.bias (ndim=1)
	_orig_mod.module.encoder.net.11.self_attention1.value.bias (ndim=1)
	_orig_mod.module.encoder.net.11.self_attention1.out.bias (ndim=1)
	_orig_mod.module.encoder.net.11.layer_norm2.weight (ndim=1)
	_orig_mod.module.encoder.net.11.layer_norm2.bias (ndim=1)
	_orig_mod.module.encoder.net.11.mlp3.linear1.bias (ndim=1)
	_orig_mod.module.encoder.net.11.mlp3.linear2.bias (ndim=1)
	_orig_mod.module.encoder.encoder_norm.weight (ndim=1)
	_orig_mod.module.encoder.encoder_norm.bias (ndim=1)
	_orig_mod.module.head.bias (ndim=1)
I0604 20:58:27.874149 139952113714368 submission_runner.py:299] Initializing metrics bundle.
I0604 20:58:27.874318 139952113714368 submission_runner.py:321] Initializing checkpoint and logger.
I0604 20:58:27.875694 140412023813312 muon.py:324] Muon params:
	_orig_mod.module.pre_logits.weight (ndim=2)
	_orig_mod.module.conv_patch_extract.weight (ndim=4)
	_orig_mod.module.encoder.net.0.self_attention1.query.weight (ndim=2)
	_orig_mod.module.encoder.net.0.self_attention1.key.weight (ndim=2)
	_orig_mod.module.encoder.net.0.self_attention1.value.weight (ndim=2)
	_orig_mod.module.encoder.net.0.self_attention1.out.weight (ndim=2)
	_orig_mod.module.encoder.net.0.mlp3.linear1.weight (ndim=2)
	_orig_mod.module.encoder.net.0.mlp3.linear2.weight (ndim=2)
	_orig_mod.module.encoder.net.1.self_attention1.query.weight (ndim=2)
	_orig_mod.module.encoder.net.1.self_attention1.key.weight (ndim=2)
	_orig_mod.module.encoder.net.1.self_attention1.value.weight (ndim=2)
	_orig_mod.module.encoder.net.1.self_attention1.out.weight (ndim=2)
	_orig_mod.module.encoder.net.1.mlp3.linear1.weight (ndim=2)
	_orig_mod.module.encoder.net.1.mlp3.linear2.weight (ndim=2)
	_orig_mod.module.encoder.net.2.self_attention1.query.weight (ndim=2)
	_orig_mod.module.encoder.net.2.self_attention1.key.weight (ndim=2)
	_orig_mod.module.encoder.net.2.self_attention1.value.weight (ndim=2)
	_orig_mod.module.encoder.net.2.self_attention1.out.weight (ndim=2)
	_orig_mod.module.encoder.net.2.mlp3.linear1.weight (ndim=2)
	_orig_mod.module.encoder.net.2.mlp3.linear2.weight (ndim=2)
	_orig_mod.module.encoder.net.3.self_attention1.query.weight (ndim=2)
	_orig_mod.module.encoder.net.3.self_attention1.key.weight (ndim=2)
	_orig_mod.module.encoder.net.3.self_attention1.value.weight (ndim=2)
	_orig_mod.module.encoder.net.3.self_attention1.out.weight (ndim=2)
	_orig_mod.module.encoder.net.3.mlp3.linear1.weight (ndim=2)
	_orig_mod.module.encoder.net.3.mlp3.linear2.weight (ndim=2)
	_orig_mod.module.encoder.net.4.self_attention1.query.weight (ndim=2)
	_orig_mod.module.encoder.net.4.self_attention1.key.weight (ndim=2)
	_orig_mod.module.encoder.net.4.self_attention1.value.weight (ndim=2)
	_orig_mod.module.encoder.net.4.self_attention1.out.weight (ndim=2)
	_orig_mod.module.encoder.net.4.mlp3.linear1.weight (ndim=2)
	_orig_mod.module.encoder.net.4.mlp3.linear2.weight (ndim=2)
	_orig_mod.module.encoder.net.5.self_attention1.query.weight (ndim=2)
	_orig_mod.module.encoder.net.5.self_attention1.key.weight (ndim=2)
	_orig_mod.module.encoder.net.5.self_attention1.value.weight (ndim=2)
	_orig_mod.module.encoder.net.5.self_attention1.out.weight (ndim=2)
	_orig_mod.module.encoder.net.5.mlp3.linear1.weight (ndim=2)
	_orig_mod.module.encoder.net.5.mlp3.linear2.weight (ndim=2)
	_orig_mod.module.encoder.net.6.self_attention1.query.weight (ndim=2)
	_orig_mod.module.encoder.net.6.self_attention1.key.weight (ndim=2)
	_orig_mod.module.encoder.net.6.self_attention1.value.weight (ndim=2)
	_orig_mod.module.encoder.net.6.self_attention1.out.weight (ndim=2)
	_orig_mod.module.encoder.net.6.mlp3.linear1.weight (ndim=2)
	_orig_mod.module.encoder.net.6.mlp3.linear2.weight (ndim=2)
	_orig_mod.module.encoder.net.7.self_attention1.query.weight (ndim=2)
	_orig_mod.module.encoder.net.7.self_attention1.key.weight (ndim=2)
	_orig_mod.module.encoder.net.7.self_attention1.value.weight (ndim=2)
	_orig_mod.module.encoder.net.7.self_attention1.out.weight (ndim=2)
	_orig_mod.module.encoder.net.7.mlp3.linear1.weight (ndim=2)
	_orig_mod.module.encoder.net.7.mlp3.linear2.weight (ndim=2)
	_orig_mod.module.encoder.net.8.self_attention1.query.weight (ndim=2)
	_orig_mod.module.encoder.net.8.self_attention1.key.weight (ndim=2)
	_orig_mod.module.encoder.net.8.self_attention1.value.weight (ndim=2)
	_orig_mod.module.encoder.net.8.self_attention1.out.weight (ndim=2)
	_orig_mod.module.encoder.net.8.mlp3.linear1.weight (ndim=2)
	_orig_mod.module.encoder.net.8.mlp3.linear2.weight (ndim=2)
	_orig_mod.module.encoder.net.9.self_attention1.query.weight (ndim=2)
	_orig_mod.module.encoder.net.9.self_attention1.key.weight (ndim=2)
	_orig_mod.module.encoder.net.9.self_attention1.value.weight (ndim=2)
	_orig_mod.module.encoder.net.9.self_attention1.out.weight (ndim=2)
	_orig_mod.module.encoder.net.9.mlp3.linear1.weight (ndim=2)
	_orig_mod.module.encoder.net.9.mlp3.linear2.weight (ndim=2)
	_orig_mod.module.encoder.net.10.self_attention1.query.weight (ndim=2)
	_orig_mod.module.encoder.net.10.self_attention1.key.weight (ndim=2)
	_orig_mod.module.encoder.net.10.self_attention1.value.weight (ndim=2)
	_orig_mod.module.encoder.net.10.self_attention1.out.weight (ndim=2)
	_orig_mod.module.encoder.net.10.mlp3.linear1.weight (ndim=2)
	_orig_mod.module.encoder.net.10.mlp3.linear2.weight (ndim=2)
	_orig_mod.module.encoder.net.11.self_attention1.query.weight (ndim=2)
	_orig_mod.module.encoder.net.11.self_attention1.key.weight (ndim=2)
	_orig_mod.module.encoder.net.11.self_attention1.value.weight (ndim=2)
	_orig_mod.module.encoder.net.11.self_attention1.out.weight (ndim=2)
	_orig_mod.module.encoder.net.11.mlp3.linear1.weight (ndim=2)
	_orig_mod.module.encoder.net.11.mlp3.linear2.weight (ndim=2)
	_orig_mod.module.head.weight (ndim=2)
I0604 20:58:27.875859 140412023813312 muon.py:325] Adam params:
	_orig_mod.module.pre_logits.bias (ndim=1)
	_orig_mod.module.conv_patch_extract.bias (ndim=1)
	_orig_mod.module.encoder.net.0.layer_norm0.weight (ndim=1)
	_orig_mod.module.encoder.net.0.layer_norm0.bias (ndim=1)
	_orig_mod.module.encoder.net.0.self_attention1.query.bias (ndim=1)
	_orig_mod.module.encoder.net.0.self_attention1.key.bias (ndim=1)
	_orig_mod.module.encoder.net.0.self_attention1.value.bias (ndim=1)
	_orig_mod.module.encoder.net.0.self_attention1.out.bias (ndim=1)
	_orig_mod.module.encoder.net.0.layer_norm2.weight (ndim=1)
	_orig_mod.module.encoder.net.0.layer_norm2.bias (ndim=1)
	_orig_mod.module.encoder.net.0.mlp3.linear1.bias (ndim=1)
	_orig_mod.module.encoder.net.0.mlp3.linear2.bias (ndim=1)
	_orig_mod.module.encoder.net.1.layer_norm0.weight (ndim=1)
	_orig_mod.module.encoder.net.1.layer_norm0.bias (ndim=1)
	_orig_mod.module.encoder.net.1.self_attention1.query.bias (ndim=1)
	_orig_mod.module.encoder.net.1.self_attention1.key.bias (ndim=1)
	_orig_mod.module.encoder.net.1.self_attention1.value.bias (ndim=1)
	_orig_mod.module.encoder.net.1.self_attention1.out.bias (ndim=1)
	_orig_mod.module.encoder.net.1.layer_norm2.weight (ndim=1)
	_orig_mod.module.encoder.net.1.layer_norm2.bias (ndim=1)
	_orig_mod.module.encoder.net.1.mlp3.linear1.bias (ndim=1)
	_orig_mod.module.encoder.net.1.mlp3.linear2.bias (ndim=1)
	_orig_mod.module.encoder.net.2.layer_norm0.weight (ndim=1)
	_orig_mod.module.encoder.net.2.layer_norm0.bias (ndim=1)
	_orig_mod.module.encoder.net.2.self_attention1.query.bias (ndim=1)
	_orig_mod.module.encoder.net.2.self_attention1.key.bias (ndim=1)
	_orig_mod.module.encoder.net.2.self_attention1.value.bias (ndim=1)
	_orig_mod.module.encoder.net.2.self_attention1.out.bias (ndim=1)
	_orig_mod.module.encoder.net.2.layer_norm2.weight (ndim=1)
	_orig_mod.module.encoder.net.2.layer_norm2.bias (ndim=1)
	_orig_mod.module.encoder.net.2.mlp3.linear1.bias (ndim=1)
	_orig_mod.module.encoder.net.2.mlp3.linear2.bias (ndim=1)
	_orig_mod.module.encoder.net.3.layer_norm0.weight (ndim=1)
	_orig_mod.module.encoder.net.3.layer_norm0.bias (ndim=1)
	_orig_mod.module.encoder.net.3.self_attention1.query.bias (ndim=1)
	_orig_mod.module.encoder.net.3.self_attention1.key.bias (ndim=1)
	_orig_mod.module.encoder.net.3.self_attention1.value.bias (ndim=1)
	_orig_mod.module.encoder.net.3.self_attention1.out.bias (ndim=1)
	_orig_mod.module.encoder.net.3.layer_norm2.weight (ndim=1)
	_orig_mod.module.encoder.net.3.layer_norm2.bias (ndim=1)
	_orig_mod.module.encoder.net.3.mlp3.linear1.bias (ndim=1)
	_orig_mod.module.encoder.net.3.mlp3.linear2.bias (ndim=1)
	_orig_mod.module.encoder.net.4.layer_norm0.weight (ndim=1)
	_orig_mod.module.encoder.net.4.layer_norm0.bias (ndim=1)
	_orig_mod.module.encoder.net.4.self_attention1.query.bias (ndim=1)
	_orig_mod.module.encoder.net.4.self_attention1.key.bias (ndim=1)
	_orig_mod.module.encoder.net.4.self_attention1.value.bias (ndim=1)
	_orig_mod.module.encoder.net.4.self_attention1.out.bias (ndim=1)
	_orig_mod.module.encoder.net.4.layer_norm2.weight (ndim=1)
	_orig_mod.module.encoder.net.4.layer_norm2.bias (ndim=1)
	_orig_mod.module.encoder.net.4.mlp3.linear1.bias (ndim=1)
	_orig_mod.module.encoder.net.4.mlp3.linear2.bias (ndim=1)
	_orig_mod.module.encoder.net.5.layer_norm0.weight (ndim=1)
	_orig_mod.module.encoder.net.5.layer_norm0.bias (ndim=1)
	_orig_mod.module.encoder.net.5.self_attention1.query.bias (ndim=1)
	_orig_mod.module.encoder.net.5.self_attention1.key.bias (ndim=1)
	_orig_mod.module.encoder.net.5.self_attention1.value.bias (ndim=1)
	_orig_mod.module.encoder.net.5.self_attention1.out.bias (ndim=1)
	_orig_mod.module.encoder.net.5.layer_norm2.weight (ndim=1)
	_orig_mod.module.encoder.net.5.layer_norm2.bias (ndim=1)
	_orig_mod.module.encoder.net.5.mlp3.linear1.bias (ndim=1)
	_orig_mod.module.encoder.net.5.mlp3.linear2.bias (ndim=1)
	_orig_mod.module.encoder.net.6.layer_norm0.weight (ndim=1)
	_orig_mod.module.encoder.net.6.layer_norm0.bias (ndim=1)
	_orig_mod.module.encoder.net.6.self_attention1.query.bias (ndim=1)
	_orig_mod.module.encoder.net.6.self_attention1.key.bias (ndim=1)
	_orig_mod.module.encoder.net.6.self_attention1.value.bias (ndim=1)
	_orig_mod.module.encoder.net.6.self_attention1.out.bias (ndim=1)
	_orig_mod.module.encoder.net.6.layer_norm2.weight (ndim=1)
	_orig_mod.module.encoder.net.6.layer_norm2.bias (ndim=1)
	_orig_mod.module.encoder.net.6.mlp3.linear1.bias (ndim=1)
	_orig_mod.module.encoder.net.6.mlp3.linear2.bias (ndim=1)
	_orig_mod.module.encoder.net.7.layer_norm0.weight (ndim=1)
	_orig_mod.module.encoder.net.7.layer_norm0.bias (ndim=1)
	_orig_mod.module.encoder.net.7.self_attention1.query.bias (ndim=1)
	_orig_mod.module.encoder.net.7.self_attention1.key.bias (ndim=1)
	_orig_mod.module.encoder.net.7.self_attention1.value.bias (ndim=1)
	_orig_mod.module.encoder.net.7.self_attention1.out.bias (ndim=1)
	_orig_mod.module.encoder.net.7.layer_norm2.weight (ndim=1)
	_orig_mod.module.encoder.net.7.layer_norm2.bias (ndim=1)
	_orig_mod.module.encoder.net.7.mlp3.linear1.bias (ndim=1)
	_orig_mod.module.encoder.net.7.mlp3.linear2.bias (ndim=1)
	_orig_mod.module.encoder.net.8.layer_norm0.weight (ndim=1)
	_orig_mod.module.encoder.net.8.layer_norm0.bias (ndim=1)
	_orig_mod.module.encoder.net.8.self_attention1.query.bias (ndim=1)
	_orig_mod.module.encoder.net.8.self_attention1.key.bias (ndim=1)
	_orig_mod.module.encoder.net.8.self_attention1.value.bias (ndim=1)
	_orig_mod.module.encoder.net.8.self_attention1.out.bias (ndim=1)
	_orig_mod.module.encoder.net.8.layer_norm2.weight (ndim=1)
	_orig_mod.module.encoder.net.8.layer_norm2.bias (ndim=1)
	_orig_mod.module.encoder.net.8.mlp3.linear1.bias (ndim=1)
	_orig_mod.module.encoder.net.8.mlp3.linear2.bias (ndim=1)
	_orig_mod.module.encoder.net.9.layer_norm0.weight (ndim=1)
	_orig_mod.module.encoder.net.9.layer_norm0.bias (ndim=1)
	_orig_mod.module.encoder.net.9.self_attention1.query.bias (ndim=1)
	_orig_mod.module.encoder.net.9.self_attention1.key.bias (ndim=1)
	_orig_mod.module.encoder.net.9.self_attention1.value.bias (ndim=1)
	_orig_mod.module.encoder.net.9.self_attention1.out.bias (ndim=1)
	_orig_mod.module.encoder.net.9.layer_norm2.weight (ndim=1)
	_orig_mod.module.encoder.net.9.layer_norm2.bias (ndim=1)
	_orig_mod.module.encoder.net.9.mlp3.linear1.bias (ndim=1)
	_orig_mod.module.encoder.net.9.mlp3.linear2.bias (ndim=1)
	_orig_mod.module.encoder.net.10.layer_norm0.weight (ndim=1)
	_orig_mod.module.encoder.net.10.layer_norm0.bias (ndim=1)
	_orig_mod.module.encoder.net.10.self_attention1.query.bias (ndim=1)
	_orig_mod.module.encoder.net.10.self_attention1.key.bias (ndim=1)
	_orig_mod.module.encoder.net.10.self_attention1.value.bias (ndim=1)
	_orig_mod.module.encoder.net.10.self_attention1.out.bias (ndim=1)
	_orig_mod.module.encoder.net.10.layer_norm2.weight (ndim=1)
	_orig_mod.module.encoder.net.10.layer_norm2.bias (ndim=1)
	_orig_mod.module.encoder.net.10.mlp3.linear1.bias (ndim=1)
	_orig_mod.module.encoder.net.10.mlp3.linear2.bias (ndim=1)
	_orig_mod.module.encoder.net.11.layer_norm0.weight (ndim=1)
	_orig_mod.module.encoder.net.11.layer_norm0.bias (ndim=1)
	_orig_mod.module.encoder.net.11.self_attention1.query.bias (ndim=1)
	_orig_mod.module.encoder.net.11.self_attention1.key.bias (ndim=1)
	_orig_mod.module.encoder.net.11.self_attention1.value.bias (ndim=1)
	_orig_mod.module.encoder.net.11.self_attention1.out.bias (ndim=1)
	_orig_mod.module.encoder.net.11.layer_norm2.weight (ndim=1)
	_orig_mod.module.encoder.net.11.layer_norm2.bias (ndim=1)
	_orig_mod.module.encoder.net.11.mlp3.linear1.bias (ndim=1)
	_orig_mod.module.encoder.net.11.mlp3.linear2.bias (ndim=1)
	_orig_mod.module.encoder.encoder_norm.weight (ndim=1)
	_orig_mod.module.encoder.encoder_norm.bias (ndim=1)
	_orig_mod.module.head.bias (ndim=1)
I0604 20:58:27.877089 139952113714368 submission_runner.py:344] Saving meta data to /experiment_runs/submissions_a100/muon_torch_jax_hps_lr_fix/study_1/imagenet_vit_pytorch/trial_1/meta_data_0.json.
[rank0]: Traceback (most recent call last):
[rank0]:   File "/algorithmic-efficiency/submission_runner.py", line 873, in <module>
[rank0]:     app.run(main)
[rank0]:   File "/usr/local/lib/python3.11/site-packages/absl/app.py", line 308, in run
[rank0]:     _run_main(main, args)
[rank0]:   File "/usr/local/lib/python3.11/site-packages/absl/app.py", line 254, in _run_main
[rank0]:     sys.exit(main(argv))
[rank0]:              ^^^^^^^^^^
[rank0]:   File "/algorithmic-efficiency/submission_runner.py", line 838, in main
[rank0]:     score = score_submission_on_workload(
[rank0]:             ^^^^^^^^^^^^^^^^^^^^^^^^^^^^^
[rank0]:   File "/algorithmic-efficiency/submission_runner.py", line 747, in score_submission_on_workload
[rank0]:     score, _ = train_once(
[rank0]:                ^^^^^^^^^^^
[rank0]:   File "/algorithmic-efficiency/submission_runner.py", line 345, in train_once
[rank0]:     meta_data = logger_utils.get_meta_data(workload, rng_seed)
[rank0]:                 ^^^^^^^^^^^^^^^^^^^^^^^^^^^^^^^^^^^^^^^^^^^^^^
[rank0]:   File "/algorithmic-efficiency/algoperf/logger_utils.py", line 297, in get_meta_data
[rank0]:     utilization_measurements = _get_utilization()
[rank0]:                                ^^^^^^^^^^^^^^^^^^
[rank0]:   File "/algorithmic-efficiency/algoperf/logger_utils.py", line 162, in _get_utilization
[rank0]:     gpus = GPUtil.getGPUs()
[rank0]:            ^^^^^^^^^^^^^^^^
[rank0]:   File "/usr/local/lib/python3.11/site-packages/GPUtil/GPUtil.py", line 102, in getGPUs
[rank0]:     deviceIds = int(vals[i])
[rank0]:                 ^^^^^^^^^^^^
[rank0]: ValueError: invalid literal for int() with base 10: 'Failed to initialize NVML: Unknown Error'
[rank1]: Traceback (most recent call last):
[rank1]:   File "/algorithmic-efficiency/submission_runner.py", line 873, in <module>
[rank1]:     app.run(main)
[rank1]:   File "/usr/local/lib/python3.11/site-packages/absl/app.py", line 308, in run
[rank1]:     _run_main(main, args)
[rank1]:   File "/usr/local/lib/python3.11/site-packages/absl/app.py", line 254, in _run_main
[rank1]:     sys.exit(main(argv))
[rank1]:              ^^^^^^^^^^
[rank1]:   File "/algorithmic-efficiency/submission_runner.py", line 838, in main
[rank1]:     score = score_submission_on_workload(
[rank1]:             ^^^^^^^^^^^^^^^^^^^^^^^^^^^^^
[rank1]:   File "/algorithmic-efficiency/submission_runner.py", line 747, in score_submission_on_workload
[rank1]:     score, _ = train_once(
[rank1]:                ^^^^^^^^^^^
[rank1]:   File "/algorithmic-efficiency/submission_runner.py", line 345, in train_once
[rank1]:     meta_data = logger_utils.get_meta_data(workload, rng_seed)
[rank1]:                 ^^^^^^^^^^^^^^^^^^^^^^^^^^^^^^^^^^^^^^^^^^^^^^
[rank1]:   File "/algorithmic-efficiency/algoperf/logger_utils.py", line 297, in get_meta_data
[rank1]:     utilization_measurements = _get_utilization()
[rank1]:                                ^^^^^^^^^^^^^^^^^^
[rank1]:   File "/algorithmic-efficiency/algoperf/logger_utils.py", line 162, in _get_utilization
[rank1]:     gpus = GPUtil.getGPUs()
[rank1]:            ^^^^^^^^^^^^^^^^
[rank1]:   File "/usr/local/lib/python3.11/site-packages/GPUtil/GPUtil.py", line 102, in getGPUs
[rank1]:     deviceIds = int(vals[i])
[rank1]:                 ^^^^^^^^^^^^
[rank1]: ValueError: invalid literal for int() with base 10: 'Failed to initialize NVML: Unknown Error'
[rank3]: Traceback (most recent call last):
[rank3]:   File "/algorithmic-efficiency/submission_runner.py", line 873, in <module>
[rank3]:     app.run(main)
[rank3]:   File "/usr/local/lib/python3.11/site-packages/absl/app.py", line 308, in run
[rank3]:     _run_main(main, args)
[rank3]:   File "/usr/local/lib/python3.11/site-packages/absl/app.py", line 254, in _run_main
[rank3]:     sys.exit(main(argv))
[rank3]:              ^^^^^^^^^^
[rank3]:   File "/algorithmic-efficiency/submission_runner.py", line 838, in main
[rank3]:     score = score_submission_on_workload(
[rank3]:             ^^^^^^^^^^^^^^^^^^^^^^^^^^^^^
[rank3]:   File "/algorithmic-efficiency/submission_runner.py", line 747, in score_submission_on_workload
[rank3]:     score, _ = train_once(
[rank3]:                ^^^^^^^^^^^
[rank3]:   File "/algorithmic-efficiency/submission_runner.py", line 345, in train_once
[rank3]:     meta_data = logger_utils.get_meta_data(workload, rng_seed)
[rank3]:                 ^^^^^^^^^^^^^^^^^^^^^^^^^^^^^^^^^^^^^^^^^^^^^^
[rank3]:   File "/algorithmic-efficiency/algoperf/logger_utils.py", line 297, in get_meta_data
[rank3]:     utilization_measurements = _get_utilization()
[rank3]:                                ^^^^^^^^^^^^^^^^^^
[rank3]:   File "/algorithmic-efficiency/algoperf/logger_utils.py", line 162, in _get_utilization
[rank3]:     gpus = GPUtil.getGPUs()
[rank3]:            ^^^^^^^^^^^^^^^^
[rank3]:   File "/usr/local/lib/python3.11/site-packages/GPUtil/GPUtil.py", line 102, in getGPUs
[rank3]:     deviceIds = int(vals[i])
[rank3]:                 ^^^^^^^^^^^^
[rank3]: ValueError: invalid literal for int() with base 10: 'Failed to initialize NVML: Unknown Error'
[rank2]: Traceback (most recent call last):
[rank2]:   File "/algorithmic-efficiency/submission_runner.py", line 873, in <module>
[rank2]:     app.run(main)
[rank2]:   File "/usr/local/lib/python3.11/site-packages/absl/app.py", line 308, in run
[rank2]:     _run_main(main, args)
[rank2]:   File "/usr/local/lib/python3.11/site-packages/absl/app.py", line 254, in _run_main
[rank2]:     sys.exit(main(argv))
[rank2]:              ^^^^^^^^^^
[rank2]:   File "/algorithmic-efficiency/submission_runner.py", line 838, in main
[rank2]:     score = score_submission_on_workload(
[rank2]:             ^^^^^^^^^^^^^^^^^^^^^^^^^^^^^
[rank2]:   File "/algorithmic-efficiency/submission_runner.py", line 747, in score_submission_on_workload
[rank2]:     score, _ = train_once(
[rank2]:                ^^^^^^^^^^^
[rank2]:   File "/algorithmic-efficiency/submission_runner.py", line 345, in train_once
[rank2]:     meta_data = logger_utils.get_meta_data(workload, rng_seed)
[rank2]:                 ^^^^^^^^^^^^^^^^^^^^^^^^^^^^^^^^^^^^^^^^^^^^^^
[rank2]:   File "/algorithmic-efficiency/algoperf/logger_utils.py", line 297, in get_meta_data
[rank2]:     utilization_measurements = _get_utilization()
[rank2]:                                ^^^^^^^^^^^^^^^^^^
[rank2]:   File "/algorithmic-efficiency/algoperf/logger_utils.py", line 162, in _get_utilization
[rank2]:     gpus = GPUtil.getGPUs()
[rank2]:            ^^^^^^^^^^^^^^^^
[rank2]:   File "/usr/local/lib/python3.11/site-packages/GPUtil/GPUtil.py", line 102, in getGPUs
[rank2]:     deviceIds = int(vals[i])
[rank2]:                 ^^^^^^^^^^^^
[rank2]: ValueError: invalid literal for int() with base 10: 'Failed to initialize NVML: Unknown Error'
[rank0]:[W604 20:58:28.765908427 ProcessGroupNCCL.cpp:1524] Warning: WARNING: destroy_process_group() was not called before program exit, which can leak resources. For more info, please see https://pytorch.org/docs/stable/distributed.html#shutdown (function operator())
W0604 20:58:30.671000 9 site-packages/torch/distributed/elastic/multiprocessing/api.py:908] Sending process 38 closing signal SIGTERM
W0604 20:58:30.672000 9 site-packages/torch/distributed/elastic/multiprocessing/api.py:908] Sending process 39 closing signal SIGTERM
W0604 20:58:30.672000 9 site-packages/torch/distributed/elastic/multiprocessing/api.py:908] Sending process 41 closing signal SIGTERM
E0604 20:58:30.987000 9 site-packages/torch/distributed/elastic/multiprocessing/api.py:882] failed (exitcode: 1) local_rank: 2 (pid: 40) of binary: /usr/local/bin/python3.11
Traceback (most recent call last):
  File "/usr/local/bin/torchrun", line 6, in <module>
    sys.exit(main())
             ^^^^^^
  File "/usr/local/lib/python3.11/site-packages/torch/distributed/elastic/multiprocessing/errors/__init__.py", line 357, in wrapper
    return f(*args, **kwargs)
           ^^^^^^^^^^^^^^^^^^
  File "/usr/local/lib/python3.11/site-packages/torch/distributed/run.py", line 936, in main
    run(args)
  File "/usr/local/lib/python3.11/site-packages/torch/distributed/run.py", line 927, in run
    elastic_launch(
  File "/usr/local/lib/python3.11/site-packages/torch/distributed/launcher/api.py", line 156, in __call__
    return launch_agent(self._config, self._entrypoint, list(args))
           ^^^^^^^^^^^^^^^^^^^^^^^^^^^^^^^^^^^^^^^^^^^^^^^^^^^^^^^^
  File "/usr/local/lib/python3.11/site-packages/torch/distributed/launcher/api.py", line 293, in launch_agent
    raise ChildFailedError(
torch.distributed.elastic.multiprocessing.errors.ChildFailedError: 
============================================================
submission_runner.py FAILED
------------------------------------------------------------
Failures:
  <NO_OTHER_FAILURES>
------------------------------------------------------------
Root Cause (first observed failure):
[0]:
  time      : 2026-06-04_20:58:30
  host      : c2dbb7f47e2b
  rank      : 2 (local_rank: 2)
  exitcode  : 1 (pid: 40)
  error_file: <N/A>
  traceback : To enable traceback see: https://pytorch.org/docs/stable/elastic/errors.html
============================================================
