torchrun --redirects 1:0,2:0,3:0 --standalone --nnodes=1 --nproc_per_node=4 submission_runner.py --framework=pytorch --workload=fastmri --submission_path=submissions_algorithms/submissions/self_tuning/muon_torch_jax_hps_achandr/submission.py --data_dir=/data/fastmri --experiment_dir=/experiment_runs --experiment_name=submissions_a100/muon_torch_jax_hps_achandr/study_1 --overwrite=True --save_checkpoints=False --rng_seed=1664605443 --torch_compile=true --tuning_ruleset=self 2>&1 | tee -a /logs/fastmri_pytorch_06-01-2026-20-23-05.log
W0601 20:23:08.877000 9 site-packages/torch/distributed/run.py:803] 
W0601 20:23:08.877000 9 site-packages/torch/distributed/run.py:803] *****************************************
W0601 20:23:08.877000 9 site-packages/torch/distributed/run.py:803] Setting OMP_NUM_THREADS environment variable for each process to be 1 in default, to avoid your system being overloaded, please further tune the variable for optimal performance in your application as needed. 
W0601 20:23:08.877000 9 site-packages/torch/distributed/run.py:803] *****************************************
2026-06-01 20:23:10.095576: E external/local_xla/xla/stream_executor/cuda/cuda_fft.cc:467] Unable to register cuFFT factory: Attempting to register factory for plugin cuFFT when one has already been registered
2026-06-01 20:23:10.095580: E external/local_xla/xla/stream_executor/cuda/cuda_fft.cc:467] Unable to register cuFFT factory: Attempting to register factory for plugin cuFFT when one has already been registered
2026-06-01 20:23:10.095578: E external/local_xla/xla/stream_executor/cuda/cuda_fft.cc:467] Unable to register cuFFT factory: Attempting to register factory for plugin cuFFT when one has already been registered
2026-06-01 20:23:10.095577: E external/local_xla/xla/stream_executor/cuda/cuda_fft.cc:467] Unable to register cuFFT factory: Attempting to register factory for plugin cuFFT when one has already been registered
WARNING: All log messages before absl::InitializeLog() is called are written to STDERR
WARNING: All log messages before absl::InitializeLog() is called are written to STDERR
WARNING: All log messages before absl::InitializeLog() is called are written to STDERR
WARNING: All log messages before absl::InitializeLog() is called are written to STDERR
E0000 00:00:1780345390.117812      38 cuda_dnn.cc:8579] Unable to register cuDNN factory: Attempting to register factory for plugin cuDNN when one has already been registered
E0000 00:00:1780345390.117812      39 cuda_dnn.cc:8579] Unable to register cuDNN factory: Attempting to register factory for plugin cuDNN when one has already been registered
E0000 00:00:1780345390.117812      41 cuda_dnn.cc:8579] Unable to register cuDNN factory: Attempting to register factory for plugin cuDNN when one has already been registered
E0000 00:00:1780345390.117813      40 cuda_dnn.cc:8579] Unable to register cuDNN factory: Attempting to register factory for plugin cuDNN when one has already been registered
E0000 00:00:1780345390.125200      40 cuda_blas.cc:1407] Unable to register cuBLAS factory: Attempting to register factory for plugin cuBLAS when one has already been registered
E0000 00:00:1780345390.125200      41 cuda_blas.cc:1407] Unable to register cuBLAS factory: Attempting to register factory for plugin cuBLAS when one has already been registered
E0000 00:00:1780345390.125210      39 cuda_blas.cc:1407] Unable to register cuBLAS factory: Attempting to register factory for plugin cuBLAS when one has already been registered
E0000 00:00:1780345390.125355      38 cuda_blas.cc:1407] Unable to register cuBLAS factory: Attempting to register factory for plugin cuBLAS when one has already been registered
W0000 00:00:1780345390.143277      41 computation_placer.cc:177] computation placer already registered. Please check linkage and avoid linking the same target more than once.
W0000 00:00:1780345390.143281      40 computation_placer.cc:177] computation placer already registered. Please check linkage and avoid linking the same target more than once.
W0000 00:00:1780345390.143282      39 computation_placer.cc:177] computation placer already registered. Please check linkage and avoid linking the same target more than once.
W0000 00:00:1780345390.143282      38 computation_placer.cc:177] computation placer already registered. Please check linkage and avoid linking the same target more than once.
W0000 00:00:1780345390.143306      40 computation_placer.cc:177] computation placer already registered. Please check linkage and avoid linking the same target more than once.
W0000 00:00:1780345390.143307      38 computation_placer.cc:177] computation placer already registered. Please check linkage and avoid linking the same target more than once.
W0000 00:00:1780345390.143307      39 computation_placer.cc:177] computation placer already registered. Please check linkage and avoid linking the same target more than once.
W0000 00:00:1780345390.143309      40 computation_placer.cc:177] computation placer already registered. Please check linkage and avoid linking the same target more than once.
W0000 00:00:1780345390.143309      38 computation_placer.cc:177] computation placer already registered. Please check linkage and avoid linking the same target more than once.
W0000 00:00:1780345390.143310      39 computation_placer.cc:177] computation placer already registered. Please check linkage and avoid linking the same target more than once.
W0000 00:00:1780345390.143311      40 computation_placer.cc:177] computation placer already registered. Please check linkage and avoid linking the same target more than once.
W0000 00:00:1780345390.143311      38 computation_placer.cc:177] computation placer already registered. Please check linkage and avoid linking the same target more than once.
W0000 00:00:1780345390.143312      39 computation_placer.cc:177] computation placer already registered. Please check linkage and avoid linking the same target more than once.
W0000 00:00:1780345390.143312      41 computation_placer.cc:177] computation placer already registered. Please check linkage and avoid linking the same target more than once.
W0000 00:00:1780345390.143314      41 computation_placer.cc:177] computation placer already registered. Please check linkage and avoid linking the same target more than once.
W0000 00:00:1780345390.143317      41 computation_placer.cc:177] computation placer already registered. Please check linkage and avoid linking the same target more than once.
W0000 00:00:1780345396.451667      38 gpu_device.cc:2341] Cannot dlopen some GPU libraries. Please make sure the missing libraries mentioned above are installed properly if you would like to use GPU. Follow the guide at https://www.tensorflow.org/install/gpu for how to download and setup the required libraries for your platform.
Skipping registering GPU devices...
W0000 00:00:1780345396.629384      41 gpu_device.cc:2341] Cannot dlopen some GPU libraries. Please make sure the missing libraries mentioned above are installed properly if you would like to use GPU. Follow the guide at https://www.tensorflow.org/install/gpu for how to download and setup the required libraries for your platform.
Skipping registering GPU devices...
W0000 00:00:1780345396.721713      40 gpu_device.cc:2341] Cannot dlopen some GPU libraries. Please make sure the missing libraries mentioned above are installed properly if you would like to use GPU. Follow the guide at https://www.tensorflow.org/install/gpu for how to download and setup the required libraries for your platform.
Skipping registering GPU devices...
W0000 00:00:1780345396.778738      39 gpu_device.cc:2341] Cannot dlopen some GPU libraries. Please make sure the missing libraries mentioned above are installed properly if you would like to use GPU. Follow the guide at https://www.tensorflow.org/install/gpu for how to download and setup the required libraries for your platform.
Skipping registering GPU devices...
/usr/local/lib/python3.11/site-packages/torch/__init__.py:1617: UserWarning: Please use the new API settings to control TF32 behavior, such as torch.backends.cudnn.conv.fp32_precision = 'tf32' or torch.backends.cuda.matmul.fp32_precision = 'ieee'. Old settings, e.g, torch.backends.cuda.matmul.allow_tf32 = True, torch.backends.cudnn.allow_tf32 = True, allowTF32CuDNN() and allowTF32CuBLAS() will be deprecated after Pytorch 2.9. Please see https://pytorch.org/docs/main/notes/cuda.html#tensorfloat-32-tf32-on-ampere-and-later-devices (Triggered internally at /pytorch/aten/src/ATen/Context.cpp:80.)
  _C._set_float32_matmul_precision(precision)
/usr/local/lib/python3.11/site-packages/torch/__init__.py:1617: UserWarning: Please use the new API settings to control TF32 behavior, such as torch.backends.cudnn.conv.fp32_precision = 'tf32' or torch.backends.cuda.matmul.fp32_precision = 'ieee'. Old settings, e.g, torch.backends.cuda.matmul.allow_tf32 = True, torch.backends.cudnn.allow_tf32 = True, allowTF32CuDNN() and allowTF32CuBLAS() will be deprecated after Pytorch 2.9. Please see https://pytorch.org/docs/main/notes/cuda.html#tensorfloat-32-tf32-on-ampere-and-later-devices (Triggered internally at /pytorch/aten/src/ATen/Context.cpp:80.)
  _C._set_float32_matmul_precision(precision)
/usr/local/lib/python3.11/site-packages/torch/__init__.py:1617: UserWarning: Please use the new API settings to control TF32 behavior, such as torch.backends.cudnn.conv.fp32_precision = 'tf32' or torch.backends.cuda.matmul.fp32_precision = 'ieee'. Old settings, e.g, torch.backends.cuda.matmul.allow_tf32 = True, torch.backends.cudnn.allow_tf32 = True, allowTF32CuDNN() and allowTF32CuBLAS() will be deprecated after Pytorch 2.9. Please see https://pytorch.org/docs/main/notes/cuda.html#tensorfloat-32-tf32-on-ampere-and-later-devices (Triggered internally at /pytorch/aten/src/ATen/Context.cpp:80.)
  _C._set_float32_matmul_precision(precision)
/usr/local/lib/python3.11/site-packages/torch/__init__.py:1617: UserWarning: Please use the new API settings to control TF32 behavior, such as torch.backends.cudnn.conv.fp32_precision = 'tf32' or torch.backends.cuda.matmul.fp32_precision = 'ieee'. Old settings, e.g, torch.backends.cuda.matmul.allow_tf32 = True, torch.backends.cudnn.allow_tf32 = True, allowTF32CuDNN() and allowTF32CuBLAS() will be deprecated after Pytorch 2.9. Please see https://pytorch.org/docs/main/notes/cuda.html#tensorfloat-32-tf32-on-ampere-and-later-devices (Triggered internally at /pytorch/aten/src/ATen/Context.cpp:80.)
  _C._set_float32_matmul_precision(precision)
/usr/local/lib/python3.11/site-packages/pydantic/_internal/_generate_schema.py:2249: UnsupportedFieldAttributeWarning: The 'repr' attribute with value False was provided to the `Field()` function, which has no effect in the context it was used. 'repr' is field-specific metadata, and can only be attached to a model field using `Annotated` metadata or by assignment. This may have happened because an `Annotated` type alias using the `type` statement was used, or if the `Field()` function was attached to a single member of a union type.
  warnings.warn(
/usr/local/lib/python3.11/site-packages/pydantic/_internal/_generate_schema.py:2249: UnsupportedFieldAttributeWarning: The 'frozen' attribute with value True was provided to the `Field()` function, which has no effect in the context it was used. 'frozen' is field-specific metadata, and can only be attached to a model field using `Annotated` metadata or by assignment. This may have happened because an `Annotated` type alias using the `type` statement was used, or if the `Field()` function was attached to a single member of a union type.
  warnings.warn(
/usr/local/lib/python3.11/site-packages/pydantic/_internal/_generate_schema.py:2249: UnsupportedFieldAttributeWarning: The 'repr' attribute with value False was provided to the `Field()` function, which has no effect in the context it was used. 'repr' is field-specific metadata, and can only be attached to a model field using `Annotated` metadata or by assignment. This may have happened because an `Annotated` type alias using the `type` statement was used, or if the `Field()` function was attached to a single member of a union type.
  warnings.warn(
/usr/local/lib/python3.11/site-packages/pydantic/_internal/_generate_schema.py:2249: UnsupportedFieldAttributeWarning: The 'frozen' attribute with value True was provided to the `Field()` function, which has no effect in the context it was used. 'frozen' is field-specific metadata, and can only be attached to a model field using `Annotated` metadata or by assignment. This may have happened because an `Annotated` type alias using the `type` statement was used, or if the `Field()` function was attached to a single member of a union type.
  warnings.warn(
/usr/local/lib/python3.11/site-packages/pydantic/_internal/_generate_schema.py:2249: UnsupportedFieldAttributeWarning: The 'repr' attribute with value False was provided to the `Field()` function, which has no effect in the context it was used. 'repr' is field-specific metadata, and can only be attached to a model field using `Annotated` metadata or by assignment. This may have happened because an `Annotated` type alias using the `type` statement was used, or if the `Field()` function was attached to a single member of a union type.
  warnings.warn(
/usr/local/lib/python3.11/site-packages/pydantic/_internal/_generate_schema.py:2249: UnsupportedFieldAttributeWarning: The 'frozen' attribute with value True was provided to the `Field()` function, which has no effect in the context it was used. 'frozen' is field-specific metadata, and can only be attached to a model field using `Annotated` metadata or by assignment. This may have happened because an `Annotated` type alias using the `type` statement was used, or if the `Field()` function was attached to a single member of a union type.
  warnings.warn(
/usr/local/lib/python3.11/site-packages/pydantic/_internal/_generate_schema.py:2249: UnsupportedFieldAttributeWarning: The 'repr' attribute with value False was provided to the `Field()` function, which has no effect in the context it was used. 'repr' is field-specific metadata, and can only be attached to a model field using `Annotated` metadata or by assignment. This may have happened because an `Annotated` type alias using the `type` statement was used, or if the `Field()` function was attached to a single member of a union type.
  warnings.warn(
/usr/local/lib/python3.11/site-packages/pydantic/_internal/_generate_schema.py:2249: UnsupportedFieldAttributeWarning: The 'frozen' attribute with value True was provided to the `Field()` function, which has no effect in the context it was used. 'frozen' is field-specific metadata, and can only be attached to a model field using `Annotated` metadata or by assignment. This may have happened because an `Annotated` type alias using the `type` statement was used, or if the `Field()` function was attached to a single member of a union type.
  warnings.warn(
I0601 20:23:20.264344 140707831641280 logger_utils.py:59] Removing existing experiment directory /experiment_runs/submissions_a100/muon_torch_jax_hps_achandr/study_1/fastmri_pytorch because --overwrite was set.
I0601 20:23:20.264347 140598670435520 logger_utils.py:59] Removing existing experiment directory /experiment_runs/submissions_a100/muon_torch_jax_hps_achandr/study_1/fastmri_pytorch because --overwrite was set.
I0601 20:23:20.264353 140347441349824 logger_utils.py:59] Removing existing experiment directory /experiment_runs/submissions_a100/muon_torch_jax_hps_achandr/study_1/fastmri_pytorch because --overwrite was set.
/usr/local/lib/python3.11/site-packages/torch/distributed/distributed_c10d.py:4876: UserWarning: barrier(): using the device under current context. You can specify `device_id` in `init_process_group` to mute this warning.
  warnings.warn(  # warn only once
[rank0]:[W601 20:23:20.764168401 ProcessGroupNCCL.cpp:5068] Guessing device ID based on global rank. This can cause a hang if rank to GPU mapping is heterogeneous. You can specify device_id in init_process_group()
I0601 20:23:21.539259 140347441349824 logger_utils.py:84] Creating experiment directory at /experiment_runs/submissions_a100/muon_torch_jax_hps_achandr/study_1/fastmri_pytorch.
I0601 20:23:21.539258 140707831641280 logger_utils.py:84] Creating experiment directory at /experiment_runs/submissions_a100/muon_torch_jax_hps_achandr/study_1/fastmri_pytorch.
I0601 20:23:21.539261 140598670435520 logger_utils.py:84] Creating experiment directory at /experiment_runs/submissions_a100/muon_torch_jax_hps_achandr/study_1/fastmri_pytorch.
I0601 20:23:21.539264 140687437542592 logger_utils.py:84] Creating experiment directory at /experiment_runs/submissions_a100/muon_torch_jax_hps_achandr/study_1/fastmri_pytorch.
I0601 20:23:22.975670 140707831641280 submission_runner.py:741] Creating directory at /experiment_runs/submissions_a100/muon_torch_jax_hps_achandr/study_1/fastmri_pytorch/trial_1.
I0601 20:23:23.320703 140707831641280 submission_runner.py:242] Initializing dataset.
I0601 20:23:23.320887 140707831641280 submission_runner.py:251] Initializing model.
I0601 20:23:23.474458 140707831641280 submission_runner.py:290] Performing `torch.compile`.
I0601 20:23:23.478030 140707831641280 submission_runner.py:294] Initializing optimizer.
I0601 20:23:23.478406 140707831641280 muon.py:324] Muon params:
	_orig_mod.module.down_sample_layers.0.conv_layers.0.weight (ndim=4)
	_orig_mod.module.down_sample_layers.0.conv_layers.4.weight (ndim=4)
	_orig_mod.module.down_sample_layers.1.conv_layers.0.weight (ndim=4)
	_orig_mod.module.down_sample_layers.1.conv_layers.4.weight (ndim=4)
	_orig_mod.module.down_sample_layers.2.conv_layers.0.weight (ndim=4)
	_orig_mod.module.down_sample_layers.2.conv_layers.4.weight (ndim=4)
	_orig_mod.module.down_sample_layers.3.conv_layers.0.weight (ndim=4)
	_orig_mod.module.down_sample_layers.3.conv_layers.4.weight (ndim=4)
	_orig_mod.module.conv.conv_layers.0.weight (ndim=4)
	_orig_mod.module.conv.conv_layers.4.weight (ndim=4)
	_orig_mod.module.up_conv.0.conv_layers.0.weight (ndim=4)
	_orig_mod.module.up_conv.0.conv_layers.4.weight (ndim=4)
	_orig_mod.module.up_conv.1.conv_layers.0.weight (ndim=4)
	_orig_mod.module.up_conv.1.conv_layers.4.weight (ndim=4)
	_orig_mod.module.up_conv.2.conv_layers.0.weight (ndim=4)
	_orig_mod.module.up_conv.2.conv_layers.4.weight (ndim=4)
	_orig_mod.module.up_conv.3.0.conv_layers.0.weight (ndim=4)
	_orig_mod.module.up_conv.3.0.conv_layers.4.weight (ndim=4)
	_orig_mod.module.up_conv.3.1.weight (ndim=4)
	_orig_mod.module.up_transpose_conv.0.layers.0.weight (ndim=4)
	_orig_mod.module.up_transpose_conv.1.layers.0.weight (ndim=4)
	_orig_mod.module.up_transpose_conv.2.layers.0.weight (ndim=4)
	_orig_mod.module.up_transpose_conv.3.layers.0.weight (ndim=4)
I0601 20:23:23.478493 140707831641280 muon.py:325] Adam params:
	_orig_mod.module.up_conv.3.1.bias (ndim=1)
I0601 20:23:23.479310 140707831641280 submission_runner.py:299] Initializing metrics bundle.
I0601 20:23:23.479467 140707831641280 submission_runner.py:321] Initializing checkpoint and logger.
I0601 20:23:23.480517 140707831641280 submission_runner.py:344] Saving meta data to /experiment_runs/submissions_a100/muon_torch_jax_hps_achandr/study_1/fastmri_pytorch/trial_1/meta_data_0.json.
I0601 20:23:23.480700 140707831641280 logger_utils.py:283] Unable to record workload.train_mean information. Continuing without it.
I0601 20:23:23.480756 140707831641280 logger_utils.py:283] Unable to record workload.train_stddev information. Continuing without it.
I0601 20:23:23.487203 140347441349824 muon.py:324] Muon params:
	_orig_mod.module.down_sample_layers.0.conv_layers.0.weight (ndim=4)
	_orig_mod.module.down_sample_layers.0.conv_layers.4.weight (ndim=4)
	_orig_mod.module.down_sample_layers.1.conv_layers.0.weight (ndim=4)
	_orig_mod.module.down_sample_layers.1.conv_layers.4.weight (ndim=4)
	_orig_mod.module.down_sample_layers.2.conv_layers.0.weight (ndim=4)
	_orig_mod.module.down_sample_layers.2.conv_layers.4.weight (ndim=4)
	_orig_mod.module.down_sample_layers.3.conv_layers.0.weight (ndim=4)
	_orig_mod.module.down_sample_layers.3.conv_layers.4.weight (ndim=4)
	_orig_mod.module.conv.conv_layers.0.weight (ndim=4)
	_orig_mod.module.conv.conv_layers.4.weight (ndim=4)
	_orig_mod.module.up_conv.0.conv_layers.0.weight (ndim=4)
	_orig_mod.module.up_conv.0.conv_layers.4.weight (ndim=4)
	_orig_mod.module.up_conv.1.conv_layers.0.weight (ndim=4)
	_orig_mod.module.up_conv.1.conv_layers.4.weight (ndim=4)
	_orig_mod.module.up_conv.2.conv_layers.0.weight (ndim=4)
	_orig_mod.module.up_conv.2.conv_layers.4.weight (ndim=4)
	_orig_mod.module.up_conv.3.0.conv_layers.0.weight (ndim=4)
	_orig_mod.module.up_conv.3.0.conv_layers.4.weight (ndim=4)
	_orig_mod.module.up_conv.3.1.weight (ndim=4)
	_orig_mod.module.up_transpose_conv.0.layers.0.weight (ndim=4)
	_orig_mod.module.up_transpose_conv.1.layers.0.weight (ndim=4)
	_orig_mod.module.up_transpose_conv.2.layers.0.weight (ndim=4)
	_orig_mod.module.up_transpose_conv.3.layers.0.weight (ndim=4)
I0601 20:23:23.487360 140347441349824 muon.py:325] Adam params:
	_orig_mod.module.up_conv.3.1.bias (ndim=1)
I0601 20:23:23.488940 140347441349824 logger_utils.py:283] Unable to record workload.train_mean information. Continuing without it.
I0601 20:23:23.489047 140347441349824 logger_utils.py:283] Unable to record workload.train_stddev information. Continuing without it.
I0601 20:23:23.490063 140598670435520 muon.py:324] Muon params:
	_orig_mod.module.down_sample_layers.0.conv_layers.0.weight (ndim=4)
	_orig_mod.module.down_sample_layers.0.conv_layers.4.weight (ndim=4)
	_orig_mod.module.down_sample_layers.1.conv_layers.0.weight (ndim=4)
	_orig_mod.module.down_sample_layers.1.conv_layers.4.weight (ndim=4)
	_orig_mod.module.down_sample_layers.2.conv_layers.0.weight (ndim=4)
	_orig_mod.module.down_sample_layers.2.conv_layers.4.weight (ndim=4)
	_orig_mod.module.down_sample_layers.3.conv_layers.0.weight (ndim=4)
	_orig_mod.module.down_sample_layers.3.conv_layers.4.weight (ndim=4)
	_orig_mod.module.conv.conv_layers.0.weight (ndim=4)
	_orig_mod.module.conv.conv_layers.4.weight (ndim=4)
	_orig_mod.module.up_conv.0.conv_layers.0.weight (ndim=4)
	_orig_mod.module.up_conv.0.conv_layers.4.weight (ndim=4)
	_orig_mod.module.up_conv.1.conv_layers.0.weight (ndim=4)
	_orig_mod.module.up_conv.1.conv_layers.4.weight (ndim=4)
	_orig_mod.module.up_conv.2.conv_layers.0.weight (ndim=4)
	_orig_mod.module.up_conv.2.conv_layers.4.weight (ndim=4)
	_orig_mod.module.up_conv.3.0.conv_layers.0.weight (ndim=4)
	_orig_mod.module.up_conv.3.0.conv_layers.4.weight (ndim=4)
	_orig_mod.module.up_conv.3.1.weight (ndim=4)
	_orig_mod.module.up_transpose_conv.0.layers.0.weight (ndim=4)
	_orig_mod.module.up_transpose_conv.1.layers.0.weight (ndim=4)
	_orig_mod.module.up_transpose_conv.2.layers.0.weight (ndim=4)
	_orig_mod.module.up_transpose_conv.3.layers.0.weight (ndim=4)
I0601 20:23:23.490229 140598670435520 muon.py:325] Adam params:
	_orig_mod.module.up_conv.3.1.bias (ndim=1)
I0601 20:23:23.490446 140687437542592 muon.py:324] Muon params:
	_orig_mod.module.down_sample_layers.0.conv_layers.0.weight (ndim=4)
	_orig_mod.module.down_sample_layers.0.conv_layers.4.weight (ndim=4)
	_orig_mod.module.down_sample_layers.1.conv_layers.0.weight (ndim=4)
	_orig_mod.module.down_sample_layers.1.conv_layers.4.weight (ndim=4)
	_orig_mod.module.down_sample_layers.2.conv_layers.0.weight (ndim=4)
	_orig_mod.module.down_sample_layers.2.conv_layers.4.weight (ndim=4)
	_orig_mod.module.down_sample_layers.3.conv_layers.0.weight (ndim=4)
	_orig_mod.module.down_sample_layers.3.conv_layers.4.weight (ndim=4)
	_orig_mod.module.conv.conv_layers.0.weight (ndim=4)
	_orig_mod.module.conv.conv_layers.4.weight (ndim=4)
	_orig_mod.module.up_conv.0.conv_layers.0.weight (ndim=4)
	_orig_mod.module.up_conv.0.conv_layers.4.weight (ndim=4)
	_orig_mod.module.up_conv.1.conv_layers.0.weight (ndim=4)
	_orig_mod.module.up_conv.1.conv_layers.4.weight (ndim=4)
	_orig_mod.module.up_conv.2.conv_layers.0.weight (ndim=4)
	_orig_mod.module.up_conv.2.conv_layers.4.weight (ndim=4)
	_orig_mod.module.up_conv.3.0.conv_layers.0.weight (ndim=4)
	_orig_mod.module.up_conv.3.0.conv_layers.4.weight (ndim=4)
	_orig_mod.module.up_conv.3.1.weight (ndim=4)
	_orig_mod.module.up_transpose_conv.0.layers.0.weight (ndim=4)
	_orig_mod.module.up_transpose_conv.1.layers.0.weight (ndim=4)
	_orig_mod.module.up_transpose_conv.2.layers.0.weight (ndim=4)
	_orig_mod.module.up_transpose_conv.3.layers.0.weight (ndim=4)
I0601 20:23:23.490601 140687437542592 muon.py:325] Adam params:
	_orig_mod.module.up_conv.3.1.bias (ndim=1)
I0601 20:23:23.491558 140598670435520 logger_utils.py:283] Unable to record workload.train_mean information. Continuing without it.
I0601 20:23:23.491669 140598670435520 logger_utils.py:283] Unable to record workload.train_stddev information. Continuing without it.
I0601 20:23:23.491827 140687437542592 logger_utils.py:283] Unable to record workload.train_mean information. Continuing without it.
I0601 20:23:23.491943 140687437542592 logger_utils.py:283] Unable to record workload.train_stddev information. Continuing without it.
I0601 20:23:23.791335 140707831641280 submission_runner.py:348] Saving flags to /experiment_runs/submissions_a100/muon_torch_jax_hps_achandr/study_1/fastmri_pytorch/trial_1/flags_0.json.
I0601 20:23:23.830211 140707831641280 submission_runner.py:359] Starting training loop.
[rank1]:W0601 20:23:23.850000 39 site-packages/torch/_logging/_internal.py:1199] [0/0] Profiler function <class 'torch.autograd.profiler.record_function'> will be ignored
[rank2]:W0601 20:23:23.850000 40 site-packages/torch/_logging/_internal.py:1199] [0/0] Profiler function <class 'torch.autograd.profiler.record_function'> will be ignored
[rank3]:W0601 20:23:23.850000 41 site-packages/torch/_logging/_internal.py:1199] [0/0] Profiler function <class 'torch.autograd.profiler.record_function'> will be ignored
WARNING:tensorflow:AutoGraph could not transform <function array at 0x7ff905d00220> and will run it as-is.
Please report this to the TensorFlow team. When filing the bug, set the verbosity to 10 (on Linux, `export AUTOGRAPH_VERBOSITY=10`) and attach the full output.
Cause: (<gast.gast.NamedExpr object at 0x7ff6f0134550>, (leaf_jax_array := getattr(leaf, '__jax_array__', None)))
To silence this warning, decorate the function with @tf.autograph.experimental.do_not_convert
W0601 20:23:25.179187 140707831641280 ag_logging.py:142] AutoGraph could not transform <function array at 0x7ff905d00220> and will run it as-is.
Please report this to the TensorFlow team. When filing the bug, set the verbosity to 10 (on Linux, `export AUTOGRAPH_VERBOSITY=10`) and attach the full output.
Cause: (<gast.gast.NamedExpr object at 0x7ff6f0134550>, (leaf_jax_array := getattr(leaf, '__jax_array__', None)))
To silence this warning, decorate the function with @tf.autograph.experimental.do_not_convert
WARNING:tensorflow:AutoGraph could not transform <function standard_insert_pvary at 0x7ff906b88f40> and will run it as-is.
Please report this to the TensorFlow team. When filing the bug, set the verbosity to 10 (on Linux, `export AUTOGRAPH_VERBOSITY=10`) and attach the full output.
Cause: (<gast.gast.NamedExpr object at 0x7ff6f0137010>, (aval := get_aval(a)))
To silence this warning, decorate the function with @tf.autograph.experimental.do_not_convert
W0601 20:23:25.250795 140707831641280 ag_logging.py:142] AutoGraph could not transform <function standard_insert_pvary at 0x7ff906b88f40> and will run it as-is.
Please report this to the TensorFlow team. When filing the bug, set the verbosity to 10 (on Linux, `export AUTOGRAPH_VERBOSITY=10`) and attach the full output.
Cause: (<gast.gast.NamedExpr object at 0x7ff6f0137010>, (aval := get_aval(a)))
To silence this warning, decorate the function with @tf.autograph.experimental.do_not_convert
[rank0]:W0601 20:23:41.983000 38 site-packages/torch/_logging/_internal.py:1199] [0/0] Profiler function <class 'torch.autograd.profiler.record_function'> will be ignored
I0601 20:25:20.629719 140707831641280 submission.py:197] 
=== DIAGNOSTICS [Step 0] ===
  • Muon LR:      0.003883970586  |  Grad Norm: 4.554374 (from 23 gradients)
  • NAdamW LR:    0.000135749518  |  Grad Norm: 0.172295 (from 1 gradients)
  • Muon Params:  23 total tensors
  • NAdamW Params:1 total tensors
========================================

I0601 20:25:36.889403 140707831641280 spec.py:333] Evaluating on the training split.
[rank3]:W0601 20:26:10.268000 41 site-packages/torch/_dynamo/convert_frame.py:1358] [5/8] torch._dynamo hit config.recompile_limit (8)
[rank3]:W0601 20:26:10.268000 41 site-packages/torch/_dynamo/convert_frame.py:1358] [5/8]    function: 'forward' (/algorithmic-efficiency/algoperf/workloads/fastmri/fastmri_pytorch/models.py:139)
[rank3]:W0601 20:26:10.268000 41 site-packages/torch/_dynamo/convert_frame.py:1358] [5/8]    last reason: 5/7: GLOBAL_STATE changed: grad_mode autocast 
[rank3]:W0601 20:26:10.268000 41 site-packages/torch/_dynamo/convert_frame.py:1358] [5/8] To log all recompilation reasons, use TORCH_LOGS="recompiles".
[rank3]:W0601 20:26:10.268000 41 site-packages/torch/_dynamo/convert_frame.py:1358] [5/8] To diagnose recompilation issues, see https://pytorch.org/docs/main/torch.compiler_troubleshooting.html
[rank0]:W0601 20:26:10.273000 38 site-packages/torch/_dynamo/convert_frame.py:1358] [5/8] torch._dynamo hit config.recompile_limit (8)
[rank0]:W0601 20:26:10.273000 38 site-packages/torch/_dynamo/convert_frame.py:1358] [5/8]    function: 'forward' (/algorithmic-efficiency/algoperf/workloads/fastmri/fastmri_pytorch/models.py:139)
[rank0]:W0601 20:26:10.273000 38 site-packages/torch/_dynamo/convert_frame.py:1358] [5/8]    last reason: 5/7: GLOBAL_STATE changed: grad_mode autocast 
[rank0]:W0601 20:26:10.273000 38 site-packages/torch/_dynamo/convert_frame.py:1358] [5/8] To log all recompilation reasons, use TORCH_LOGS="recompiles".
[rank0]:W0601 20:26:10.273000 38 site-packages/torch/_dynamo/convert_frame.py:1358] [5/8] To diagnose recompilation issues, see https://pytorch.org/docs/main/torch.compiler_troubleshooting.html
[rank1]:W0601 20:26:10.317000 39 site-packages/torch/_dynamo/convert_frame.py:1358] [5/8] torch._dynamo hit config.recompile_limit (8)
[rank1]:W0601 20:26:10.317000 39 site-packages/torch/_dynamo/convert_frame.py:1358] [5/8]    function: 'forward' (/algorithmic-efficiency/algoperf/workloads/fastmri/fastmri_pytorch/models.py:139)
[rank1]:W0601 20:26:10.317000 39 site-packages/torch/_dynamo/convert_frame.py:1358] [5/8]    last reason: 5/7: GLOBAL_STATE changed: grad_mode autocast 
[rank1]:W0601 20:26:10.317000 39 site-packages/torch/_dynamo/convert_frame.py:1358] [5/8] To log all recompilation reasons, use TORCH_LOGS="recompiles".
[rank1]:W0601 20:26:10.317000 39 site-packages/torch/_dynamo/convert_frame.py:1358] [5/8] To diagnose recompilation issues, see https://pytorch.org/docs/main/torch.compiler_troubleshooting.html
[rank2]:W0601 20:26:10.320000 40 site-packages/torch/_dynamo/convert_frame.py:1358] [5/8] torch._dynamo hit config.recompile_limit (8)
[rank2]:W0601 20:26:10.320000 40 site-packages/torch/_dynamo/convert_frame.py:1358] [5/8]    function: 'forward' (/algorithmic-efficiency/algoperf/workloads/fastmri/fastmri_pytorch/models.py:139)
[rank2]:W0601 20:26:10.320000 40 site-packages/torch/_dynamo/convert_frame.py:1358] [5/8]    last reason: 5/7: GLOBAL_STATE changed: grad_mode autocast 
[rank2]:W0601 20:26:10.320000 40 site-packages/torch/_dynamo/convert_frame.py:1358] [5/8] To log all recompilation reasons, use TORCH_LOGS="recompiles".
[rank2]:W0601 20:26:10.320000 40 site-packages/torch/_dynamo/convert_frame.py:1358] [5/8] To diagnose recompilation issues, see https://pytorch.org/docs/main/torch.compiler_troubleshooting.html
I0601 20:26:31.928358 140707831641280 spec.py:346] Evaluating on the validation split.
I0601 20:26:50.916138 140707831641280 spec.py:363] Evaluating on the test split.
I0601 20:27:09.353974 140707831641280 submission_runner.py:516] Time since start: 225.52s, 	Step: 1, 	{'train/ssim': 0.19558884416307723, 'train/loss': 0.9791514532906669, 'validation/ssim': 0.18854566927229882, 'validation/loss': 0.9800150908307541, 'validation/num_examples': 3554, 'test/ssim': 0.21307366229208846, 'test/loss': 0.9770626439891091, 'test/num_examples': 3581, 'score': 132.42631721496582, 'total_duration': 225.52477955818176, 'accumulated_submission_time': 132.42631721496582, 'accumulated_eval_time': 92.46394848823547, 'accumulated_logging_time': 0}
I0601 20:27:09.381465 140634073134848 logging_writer.py:48] [1] accumulated_eval_time=92.4639, accumulated_logging_time=0, accumulated_submission_time=132.426, global_step=1, preemption_count=0, score=132.426, test/loss=0.977063, test/num_examples=3581, test/ssim=0.213074, total_duration=225.525, train/loss=0.979151, train/ssim=0.195589, validation/loss=0.980015, validation/num_examples=3554, validation/ssim=0.188546
I0601 20:27:10.190744 140707831641280 submission.py:197] 
=== DIAGNOSTICS [Step 1] ===
  • Muon LR:      0.003883970557  |  Grad Norm: 4.723052 (from 23 gradients)
  • NAdamW LR:    0.000135749517  |  Grad Norm: 0.289289 (from 1 gradients)
  • Muon Params:  23 total tensors
  • NAdamW Params:1 total tensors
========================================

I0601 20:27:10.325883 140707831641280 submission.py:197] 
=== DIAGNOSTICS [Step 2] ===
  • Muon LR:      0.003883970469  |  Grad Norm: 4.659663 (from 23 gradients)
  • NAdamW LR:    0.000135749514  |  Grad Norm: 0.395909 (from 1 gradients)
  • Muon Params:  23 total tensors
  • NAdamW Params:1 total tensors
========================================

I0601 20:27:10.448855 140707831641280 submission.py:197] 
=== DIAGNOSTICS [Step 3] ===
  • Muon LR:      0.003883970323  |  Grad Norm: 3.656538 (from 23 gradients)
  • NAdamW LR:    0.000135749509  |  Grad Norm: 0.339721 (from 1 gradients)
  • Muon Params:  23 total tensors
  • NAdamW Params:1 total tensors
========================================

I0601 20:27:10.557044 140707831641280 submission.py:197] 
=== DIAGNOSTICS [Step 4] ===
  • Muon LR:      0.003883970118  |  Grad Norm: 2.635976 (from 23 gradients)
  • NAdamW LR:    0.000135749502  |  Grad Norm: 0.212404 (from 1 gradients)
  • Muon Params:  23 total tensors
  • NAdamW Params:1 total tensors
========================================

I0601 20:27:10.701681 140707831641280 submission.py:197] 
=== DIAGNOSTICS [Step 5] ===
  • Muon LR:      0.003883969854  |  Grad Norm: 3.046053 (from 23 gradients)
  • NAdamW LR:    0.000135749492  |  Grad Norm: 0.333240 (from 1 gradients)
  • Muon Params:  23 total tensors
  • NAdamW Params:1 total tensors
========================================

I0601 20:29:00.130172 140707831641280 spec.py:333] Evaluating on the training split.
I0601 20:29:03.813494 140707831641280 spec.py:346] Evaluating on the validation split.
I0601 20:29:07.337731 140707831641280 spec.py:363] Evaluating on the test split.
I0601 20:29:10.770123 140707831641280 submission_runner.py:516] Time since start: 346.94s, 	Step: 671, 	{'train/ssim': 0.7433102471487862, 'train/loss': 0.2698033537183489, 'validation/ssim': 0.7158196255539533, 'validation/loss': 0.2917266141583427, 'validation/num_examples': 3554, 'test/ssim': 0.7331786359431723, 'test/loss': 0.29329016887086357, 'test/num_examples': 3581, 'score': 239.0881712436676, 'total_duration': 346.9388747215271, 'accumulated_submission_time': 239.0881712436676, 'accumulated_eval_time': 103.10308003425598, 'accumulated_logging_time': 0.06171822547912598}
I0601 20:29:10.798904 140634064742144 logging_writer.py:48] [671] accumulated_eval_time=103.103, accumulated_logging_time=0.0617182, accumulated_submission_time=239.088, global_step=671, preemption_count=0, score=239.088, test/loss=0.29329, test/num_examples=3581, test/ssim=0.733179, total_duration=346.939, train/loss=0.269803, train/ssim=0.74331, validation/loss=0.291727, validation/num_examples=3554, validation/ssim=0.71582
I0601 20:31:01.429383 140707831641280 spec.py:333] Evaluating on the training split.
I0601 20:31:04.854886 140707831641280 spec.py:346] Evaluating on the validation split.
I0601 20:31:08.420714 140707831641280 spec.py:363] Evaluating on the test split.
I0601 20:31:11.848175 140707831641280 submission_runner.py:516] Time since start: 468.02s, 	Step: 1720, 	{'train/ssim': 0.7496600151062012, 'train/loss': 0.2656576803752354, 'validation/ssim': 0.72158056118546, 'validation/loss': 0.28811423967712435, 'validation/num_examples': 3554, 'test/ssim': 0.738986128503735, 'test/loss': 0.28951526120933396, 'test/num_examples': 3581, 'score': 345.65267300605774, 'total_duration': 468.01680755615234, 'accumulated_submission_time': 345.65267300605774, 'accumulated_eval_time': 113.52038216590881, 'accumulated_logging_time': 0.09847116470336914}
I0601 20:31:11.902713 140634073134848 logging_writer.py:48] [1720] accumulated_eval_time=113.52, accumulated_logging_time=0.0984712, accumulated_submission_time=345.653, global_step=1720, preemption_count=0, score=345.653, test/loss=0.289515, test/num_examples=3581, test/ssim=0.738986, total_duration=468.017, train/loss=0.265658, train/ssim=0.74966, validation/loss=0.288114, validation/num_examples=3554, validation/ssim=0.721581
I0601 20:33:02.486304 140707831641280 spec.py:333] Evaluating on the training split.
I0601 20:33:05.922638 140707831641280 spec.py:346] Evaluating on the validation split.
I0601 20:33:09.555126 140707831641280 spec.py:363] Evaluating on the test split.
I0601 20:33:13.055207 140707831641280 submission_runner.py:516] Time since start: 589.22s, 	Step: 3046, 	{'train/ssim': 0.7527366365705218, 'train/loss': 0.2642186028616769, 'validation/ssim': 0.7250951145496272, 'validation/loss': 0.28679068355528103, 'validation/num_examples': 3554, 'test/ssim': 0.7421592748621195, 'test/loss': 0.2881703402069953, 'test/num_examples': 3581, 'score': 452.07782888412476, 'total_duration': 589.2240145206451, 'accumulated_submission_time': 452.07782888412476, 'accumulated_eval_time': 124.08911728858948, 'accumulated_logging_time': 0.16121339797973633}
I0601 20:33:13.085868 140634064742144 logging_writer.py:48] [3046] accumulated_eval_time=124.089, accumulated_logging_time=0.161213, accumulated_submission_time=452.078, global_step=3046, preemption_count=0, score=452.078, test/loss=0.28817, test/num_examples=3581, test/ssim=0.742159, total_duration=589.224, train/loss=0.264219, train/ssim=0.752737, validation/loss=0.286791, validation/num_examples=3554, validation/ssim=0.725095
I0601 20:33:13.698242 140634073134848 logging_writer.py:48] [3046] global_step=3046, preemption_count=0, score=452.078
I0601 20:33:13.861781 140707831641280 submission_runner.py:857] Final fastmri score: 452.07782888412476
