torchrun --redirects 1:0,2:0,3:0 --standalone --nnodes=1 --nproc_per_node=4 submission_runner.py --framework=pytorch --workload=criteo1tb --submission_path=submissions_algorithms/submissions/self_tuning/muon_torch_jax_hps_lr_fix/submission.py --data_dir=/data/criteo1tb --experiment_dir=/experiment_runs --experiment_name=submissions_a100/muon_torch_jax_hps_lr_fix/study_2 --overwrite=True --save_checkpoints=False --rng_seed=-1823298294 --torch_compile=true --tuning_ruleset=self 2>&1 | tee -a /logs/criteo1tb_pytorch_06-07-2026-03-50-44.log
W0607 03:51:03.986000 9 site-packages/torch/distributed/run.py:803] 
W0607 03:51:03.986000 9 site-packages/torch/distributed/run.py:803] *****************************************
W0607 03:51:03.986000 9 site-packages/torch/distributed/run.py:803] Setting OMP_NUM_THREADS environment variable for each process to be 1 in default, to avoid your system being overloaded, please further tune the variable for optimal performance in your application as needed. 
W0607 03:51:03.986000 9 site-packages/torch/distributed/run.py:803] *****************************************
2026-06-07 03:51:14.653756: E external/local_xla/xla/stream_executor/cuda/cuda_fft.cc:467] Unable to register cuFFT factory: Attempting to register factory for plugin cuFFT when one has already been registered
2026-06-07 03:51:14.653756: E external/local_xla/xla/stream_executor/cuda/cuda_fft.cc:467] Unable to register cuFFT factory: Attempting to register factory for plugin cuFFT when one has already been registered
2026-06-07 03:51:14.653756: E external/local_xla/xla/stream_executor/cuda/cuda_fft.cc:467] Unable to register cuFFT factory: Attempting to register factory for plugin cuFFT when one has already been registered
2026-06-07 03:51:14.653757: E external/local_xla/xla/stream_executor/cuda/cuda_fft.cc:467] Unable to register cuFFT factory: Attempting to register factory for plugin cuFFT when one has already been registered
WARNING: All log messages before absl::InitializeLog() is called are written to STDERR
WARNING: All log messages before absl::InitializeLog() is called are written to STDERR
WARNING: All log messages before absl::InitializeLog() is called are written to STDERR
E0000 00:00:1780804275.179845      41 cuda_dnn.cc:8579] Unable to register cuDNN factory: Attempting to register factory for plugin cuDNN when one has already been registered
E0000 00:00:1780804275.179856      39 cuda_dnn.cc:8579] Unable to register cuDNN factory: Attempting to register factory for plugin cuDNN when one has already been registered
WARNING: All log messages before absl::InitializeLog() is called are written to STDERR
E0000 00:00:1780804275.179854      40 cuda_dnn.cc:8579] Unable to register cuDNN factory: Attempting to register factory for plugin cuDNN when one has already been registered
E0000 00:00:1780804275.179866      38 cuda_dnn.cc:8579] Unable to register cuDNN factory: Attempting to register factory for plugin cuDNN when one has already been registered
E0000 00:00:1780804275.373946      38 cuda_blas.cc:1407] Unable to register cuBLAS factory: Attempting to register factory for plugin cuBLAS when one has already been registered
E0000 00:00:1780804275.373960      41 cuda_blas.cc:1407] Unable to register cuBLAS factory: Attempting to register factory for plugin cuBLAS when one has already been registered
E0000 00:00:1780804275.373963      39 cuda_blas.cc:1407] Unable to register cuBLAS factory: Attempting to register factory for plugin cuBLAS when one has already been registered
E0000 00:00:1780804275.373979      40 cuda_blas.cc:1407] Unable to register cuBLAS factory: Attempting to register factory for plugin cuBLAS when one has already been registered
W0000 00:00:1780804276.661005      41 computation_placer.cc:177] computation placer already registered. Please check linkage and avoid linking the same target more than once.
W0000 00:00:1780804276.661005      38 computation_placer.cc:177] computation placer already registered. Please check linkage and avoid linking the same target more than once.
W0000 00:00:1780804276.661005      40 computation_placer.cc:177] computation placer already registered. Please check linkage and avoid linking the same target more than once.
W0000 00:00:1780804276.661008      39 computation_placer.cc:177] computation placer already registered. Please check linkage and avoid linking the same target more than once.
W0000 00:00:1780804276.661043      40 computation_placer.cc:177] computation placer already registered. Please check linkage and avoid linking the same target more than once.
W0000 00:00:1780804276.661044      39 computation_placer.cc:177] computation placer already registered. Please check linkage and avoid linking the same target more than once.
W0000 00:00:1780804276.661044      38 computation_placer.cc:177] computation placer already registered. Please check linkage and avoid linking the same target more than once.
W0000 00:00:1780804276.661046      41 computation_placer.cc:177] computation placer already registered. Please check linkage and avoid linking the same target more than once.
W0000 00:00:1780804276.661046      40 computation_placer.cc:177] computation placer already registered. Please check linkage and avoid linking the same target more than once.
W0000 00:00:1780804276.661047      39 computation_placer.cc:177] computation placer already registered. Please check linkage and avoid linking the same target more than once.
W0000 00:00:1780804276.661048      38 computation_placer.cc:177] computation placer already registered. Please check linkage and avoid linking the same target more than once.
W0000 00:00:1780804276.661049      41 computation_placer.cc:177] computation placer already registered. Please check linkage and avoid linking the same target more than once.
W0000 00:00:1780804276.661049      40 computation_placer.cc:177] computation placer already registered. Please check linkage and avoid linking the same target more than once.
W0000 00:00:1780804276.661049      39 computation_placer.cc:177] computation placer already registered. Please check linkage and avoid linking the same target more than once.
W0000 00:00:1780804276.661050      38 computation_placer.cc:177] computation placer already registered. Please check linkage and avoid linking the same target more than once.
W0000 00:00:1780804276.661051      41 computation_placer.cc:177] computation placer already registered. Please check linkage and avoid linking the same target more than once.
W0000 00:00:1780804301.399206      38 gpu_device.cc:2341] Cannot dlopen some GPU libraries. Please make sure the missing libraries mentioned above are installed properly if you would like to use GPU. Follow the guide at https://www.tensorflow.org/install/gpu for how to download and setup the required libraries for your platform.
Skipping registering GPU devices...
W0000 00:00:1780804301.399206      40 gpu_device.cc:2341] Cannot dlopen some GPU libraries. Please make sure the missing libraries mentioned above are installed properly if you would like to use GPU. Follow the guide at https://www.tensorflow.org/install/gpu for how to download and setup the required libraries for your platform.
Skipping registering GPU devices...
W0000 00:00:1780804301.399204      41 gpu_device.cc:2341] Cannot dlopen some GPU libraries. Please make sure the missing libraries mentioned above are installed properly if you would like to use GPU. Follow the guide at https://www.tensorflow.org/install/gpu for how to download and setup the required libraries for your platform.
Skipping registering GPU devices...
W0000 00:00:1780804301.452599      39 gpu_device.cc:2341] Cannot dlopen some GPU libraries. Please make sure the missing libraries mentioned above are installed properly if you would like to use GPU. Follow the guide at https://www.tensorflow.org/install/gpu for how to download and setup the required libraries for your platform.
Skipping registering GPU devices...
/usr/local/lib/python3.11/site-packages/torch/__init__.py:1617: UserWarning: Please use the new API settings to control TF32 behavior, such as torch.backends.cudnn.conv.fp32_precision = 'tf32' or torch.backends.cuda.matmul.fp32_precision = 'ieee'. Old settings, e.g, torch.backends.cuda.matmul.allow_tf32 = True, torch.backends.cudnn.allow_tf32 = True, allowTF32CuDNN() and allowTF32CuBLAS() will be deprecated after Pytorch 2.9. Please see https://pytorch.org/docs/main/notes/cuda.html#tensorfloat-32-tf32-on-ampere-and-later-devices (Triggered internally at /pytorch/aten/src/ATen/Context.cpp:80.)
  _C._set_float32_matmul_precision(precision)
/usr/local/lib/python3.11/site-packages/torch/__init__.py:1617: UserWarning: Please use the new API settings to control TF32 behavior, such as torch.backends.cudnn.conv.fp32_precision = 'tf32' or torch.backends.cuda.matmul.fp32_precision = 'ieee'. Old settings, e.g, torch.backends.cuda.matmul.allow_tf32 = True, torch.backends.cudnn.allow_tf32 = True, allowTF32CuDNN() and allowTF32CuBLAS() will be deprecated after Pytorch 2.9. Please see https://pytorch.org/docs/main/notes/cuda.html#tensorfloat-32-tf32-on-ampere-and-later-devices (Triggered internally at /pytorch/aten/src/ATen/Context.cpp:80.)
  _C._set_float32_matmul_precision(precision)
/usr/local/lib/python3.11/site-packages/torch/__init__.py:1617: UserWarning: Please use the new API settings to control TF32 behavior, such as torch.backends.cudnn.conv.fp32_precision = 'tf32' or torch.backends.cuda.matmul.fp32_precision = 'ieee'. Old settings, e.g, torch.backends.cuda.matmul.allow_tf32 = True, torch.backends.cudnn.allow_tf32 = True, allowTF32CuDNN() and allowTF32CuBLAS() will be deprecated after Pytorch 2.9. Please see https://pytorch.org/docs/main/notes/cuda.html#tensorfloat-32-tf32-on-ampere-and-later-devices (Triggered internally at /pytorch/aten/src/ATen/Context.cpp:80.)
  _C._set_float32_matmul_precision(precision)
/usr/local/lib/python3.11/site-packages/torch/__init__.py:1617: UserWarning: Please use the new API settings to control TF32 behavior, such as torch.backends.cudnn.conv.fp32_precision = 'tf32' or torch.backends.cuda.matmul.fp32_precision = 'ieee'. Old settings, e.g, torch.backends.cuda.matmul.allow_tf32 = True, torch.backends.cudnn.allow_tf32 = True, allowTF32CuDNN() and allowTF32CuBLAS() will be deprecated after Pytorch 2.9. Please see https://pytorch.org/docs/main/notes/cuda.html#tensorfloat-32-tf32-on-ampere-and-later-devices (Triggered internally at /pytorch/aten/src/ATen/Context.cpp:80.)
  _C._set_float32_matmul_precision(precision)
/usr/local/lib/python3.11/site-packages/pydantic/_internal/_generate_schema.py:2249: UnsupportedFieldAttributeWarning: The 'repr' attribute with value False was provided to the `Field()` function, which has no effect in the context it was used. 'repr' is field-specific metadata, and can only be attached to a model field using `Annotated` metadata or by assignment. This may have happened because an `Annotated` type alias using the `type` statement was used, or if the `Field()` function was attached to a single member of a union type.
  warnings.warn(
/usr/local/lib/python3.11/site-packages/pydantic/_internal/_generate_schema.py:2249: UnsupportedFieldAttributeWarning: The 'repr' attribute with value False was provided to the `Field()` function, which has no effect in the context it was used. 'repr' is field-specific metadata, and can only be attached to a model field using `Annotated` metadata or by assignment. This may have happened because an `Annotated` type alias using the `type` statement was used, or if the `Field()` function was attached to a single member of a union type.
  warnings.warn(
/usr/local/lib/python3.11/site-packages/pydantic/_internal/_generate_schema.py:2249: UnsupportedFieldAttributeWarning: The 'repr' attribute with value False was provided to the `Field()` function, which has no effect in the context it was used. 'repr' is field-specific metadata, and can only be attached to a model field using `Annotated` metadata or by assignment. This may have happened because an `Annotated` type alias using the `type` statement was used, or if the `Field()` function was attached to a single member of a union type.
  warnings.warn(
/usr/local/lib/python3.11/site-packages/pydantic/_internal/_generate_schema.py:2249: UnsupportedFieldAttributeWarning: The 'repr' attribute with value False was provided to the `Field()` function, which has no effect in the context it was used. 'repr' is field-specific metadata, and can only be attached to a model field using `Annotated` metadata or by assignment. This may have happened because an `Annotated` type alias using the `type` statement was used, or if the `Field()` function was attached to a single member of a union type.
  warnings.warn(
/usr/local/lib/python3.11/site-packages/pydantic/_internal/_generate_schema.py:2249: UnsupportedFieldAttributeWarning: The 'frozen' attribute with value True was provided to the `Field()` function, which has no effect in the context it was used. 'frozen' is field-specific metadata, and can only be attached to a model field using `Annotated` metadata or by assignment. This may have happened because an `Annotated` type alias using the `type` statement was used, or if the `Field()` function was attached to a single member of a union type.
  warnings.warn(
/usr/local/lib/python3.11/site-packages/pydantic/_internal/_generate_schema.py:2249: UnsupportedFieldAttributeWarning: The 'frozen' attribute with value True was provided to the `Field()` function, which has no effect in the context it was used. 'frozen' is field-specific metadata, and can only be attached to a model field using `Annotated` metadata or by assignment. This may have happened because an `Annotated` type alias using the `type` statement was used, or if the `Field()` function was attached to a single member of a union type.
  warnings.warn(
/usr/local/lib/python3.11/site-packages/pydantic/_internal/_generate_schema.py:2249: UnsupportedFieldAttributeWarning: The 'frozen' attribute with value True was provided to the `Field()` function, which has no effect in the context it was used. 'frozen' is field-specific metadata, and can only be attached to a model field using `Annotated` metadata or by assignment. This may have happened because an `Annotated` type alias using the `type` statement was used, or if the `Field()` function was attached to a single member of a union type.
  warnings.warn(
/usr/local/lib/python3.11/site-packages/pydantic/_internal/_generate_schema.py:2249: UnsupportedFieldAttributeWarning: The 'frozen' attribute with value True was provided to the `Field()` function, which has no effect in the context it was used. 'frozen' is field-specific metadata, and can only be attached to a model field using `Annotated` metadata or by assignment. This may have happened because an `Annotated` type alias using the `type` statement was used, or if the `Field()` function was attached to a single member of a union type.
  warnings.warn(
/usr/local/lib/python3.11/site-packages/torch/distributed/distributed_c10d.py:4876: UserWarning: barrier(): using the device under current context. You can specify `device_id` in `init_process_group` to mute this warning.
  warnings.warn(  # warn only once
[rank0]:[W607 03:51:48.883071442 ProcessGroupNCCL.cpp:5068] Guessing device ID based on global rank. This can cause a hang if rank to GPU mapping is heterogeneous. You can specify device_id in init_process_group()
I0607 03:51:50.585245 140707610604736 logger_utils.py:84] Creating experiment directory at /experiment_runs/submissions_a100/muon_torch_jax_hps_lr_fix/study_2/criteo1tb_pytorch.
I0607 03:51:50.585232 140511686112448 logger_utils.py:84] Creating experiment directory at /experiment_runs/submissions_a100/muon_torch_jax_hps_lr_fix/study_2/criteo1tb_pytorch.
I0607 03:51:50.585231 140321294329024 logger_utils.py:84] Creating experiment directory at /experiment_runs/submissions_a100/muon_torch_jax_hps_lr_fix/study_2/criteo1tb_pytorch.
I0607 03:51:50.585227 139814497563840 logger_utils.py:84] Creating experiment directory at /experiment_runs/submissions_a100/muon_torch_jax_hps_lr_fix/study_2/criteo1tb_pytorch.
I0607 03:52:00.332358 140707610604736 submission_runner.py:741] Creating directory at /experiment_runs/submissions_a100/muon_torch_jax_hps_lr_fix/study_2/criteo1tb_pytorch/trial_1.
I0607 03:52:00.681568 140707610604736 submission_runner.py:242] Initializing dataset.
I0607 03:52:00.681756 140707610604736 submission_runner.py:251] Initializing model.
W0607 03:52:06.006520 140707610604736 submission_runner.py:273] These workloads cannot be fully compiled under current PyTorch version. Proceeding without `torch.compile`.
W0607 03:52:06.006515 140511686112448 submission_runner.py:273] These workloads cannot be fully compiled under current PyTorch version. Proceeding without `torch.compile`.
W0607 03:52:06.006520 139814497563840 submission_runner.py:273] These workloads cannot be fully compiled under current PyTorch version. Proceeding without `torch.compile`.
W0607 03:52:06.006548 140321294329024 submission_runner.py:273] These workloads cannot be fully compiled under current PyTorch version. Proceeding without `torch.compile`.
I0607 03:52:06.006695 140707610604736 submission_runner.py:294] Initializing optimizer.
I0607 03:52:06.006808 139814497563840 muon.py:324] Muon params:
	module.bot_mlp.0.weight (ndim=2)
	module.bot_mlp.2.weight (ndim=2)
	module.bot_mlp.4.weight (ndim=2)
	module.top_mlp.0.weight (ndim=2)
	module.top_mlp.2.weight (ndim=2)
	module.top_mlp.4.weight (ndim=2)
	module.top_mlp.6.weight (ndim=2)
	module.top_mlp.9.weight (ndim=2)
I0607 03:52:06.006808 140511686112448 muon.py:324] Muon params:
	module.bot_mlp.0.weight (ndim=2)
	module.bot_mlp.2.weight (ndim=2)
	module.bot_mlp.4.weight (ndim=2)
	module.top_mlp.0.weight (ndim=2)
	module.top_mlp.2.weight (ndim=2)
	module.top_mlp.4.weight (ndim=2)
	module.top_mlp.6.weight (ndim=2)
	module.top_mlp.9.weight (ndim=2)
I0607 03:52:06.006848 140321294329024 muon.py:324] Muon params:
	module.bot_mlp.0.weight (ndim=2)
	module.bot_mlp.2.weight (ndim=2)
	module.bot_mlp.4.weight (ndim=2)
	module.top_mlp.0.weight (ndim=2)
	module.top_mlp.2.weight (ndim=2)
	module.top_mlp.4.weight (ndim=2)
	module.top_mlp.6.weight (ndim=2)
	module.top_mlp.9.weight (ndim=2)
I0607 03:52:06.006869 140707610604736 muon.py:324] Muon params:
	module.bot_mlp.0.weight (ndim=2)
	module.bot_mlp.2.weight (ndim=2)
	module.bot_mlp.4.weight (ndim=2)
	module.top_mlp.0.weight (ndim=2)
	module.top_mlp.2.weight (ndim=2)
	module.top_mlp.4.weight (ndim=2)
	module.top_mlp.6.weight (ndim=2)
	module.top_mlp.9.weight (ndim=2)
I0607 03:52:06.006881 140511686112448 muon.py:325] Adam params:
	module.embedding_chunk_0 (ndim=2)
	module.embedding_chunk_1 (ndim=2)
	module.embedding_chunk_2 (ndim=2)
	module.embedding_chunk_3 (ndim=2)
	module.bot_mlp.0.bias (ndim=1)
	module.bot_mlp.2.bias (ndim=1)
	module.bot_mlp.4.bias (ndim=1)
	module.top_mlp.0.bias (ndim=1)
	module.top_mlp.2.bias (ndim=1)
	module.top_mlp.4.bias (ndim=1)
	module.top_mlp.6.bias (ndim=1)
	module.top_mlp.9.bias (ndim=1)
I0607 03:52:06.006884 139814497563840 muon.py:325] Adam params:
	module.embedding_chunk_0 (ndim=2)
	module.embedding_chunk_1 (ndim=2)
	module.embedding_chunk_2 (ndim=2)
	module.embedding_chunk_3 (ndim=2)
	module.bot_mlp.0.bias (ndim=1)
	module.bot_mlp.2.bias (ndim=1)
	module.bot_mlp.4.bias (ndim=1)
	module.top_mlp.0.bias (ndim=1)
	module.top_mlp.2.bias (ndim=1)
	module.top_mlp.4.bias (ndim=1)
	module.top_mlp.6.bias (ndim=1)
	module.top_mlp.9.bias (ndim=1)
I0607 03:52:06.006930 140321294329024 muon.py:325] Adam params:
	module.embedding_chunk_0 (ndim=2)
	module.embedding_chunk_1 (ndim=2)
	module.embedding_chunk_2 (ndim=2)
	module.embedding_chunk_3 (ndim=2)
	module.bot_mlp.0.bias (ndim=1)
	module.bot_mlp.2.bias (ndim=1)
	module.bot_mlp.4.bias (ndim=1)
	module.top_mlp.0.bias (ndim=1)
	module.top_mlp.2.bias (ndim=1)
	module.top_mlp.4.bias (ndim=1)
	module.top_mlp.6.bias (ndim=1)
	module.top_mlp.9.bias (ndim=1)
I0607 03:52:06.006928 140707610604736 muon.py:325] Adam params:
	module.embedding_chunk_0 (ndim=2)
	module.embedding_chunk_1 (ndim=2)
	module.embedding_chunk_2 (ndim=2)
	module.embedding_chunk_3 (ndim=2)
	module.bot_mlp.0.bias (ndim=1)
	module.bot_mlp.2.bias (ndim=1)
	module.bot_mlp.4.bias (ndim=1)
	module.top_mlp.0.bias (ndim=1)
	module.top_mlp.2.bias (ndim=1)
	module.top_mlp.4.bias (ndim=1)
	module.top_mlp.6.bias (ndim=1)
	module.top_mlp.9.bias (ndim=1)
I0607 03:52:06.036107 140707610604736 submission_runner.py:299] Initializing metrics bundle.
I0607 03:52:06.036298 140707610604736 submission_runner.py:321] Initializing checkpoint and logger.
I0607 03:52:06.039780 140707610604736 submission_runner.py:344] Saving meta data to /experiment_runs/submissions_a100/muon_torch_jax_hps_lr_fix/study_2/criteo1tb_pytorch/trial_1/meta_data_0.json.
I0607 03:52:06.039848 140511686112448 logger_utils.py:283] Unable to record workload.train_mean information. Continuing without it.
I0607 03:52:06.039889 140321294329024 logger_utils.py:283] Unable to record workload.train_mean information. Continuing without it.
I0607 03:52:06.039901 139814497563840 logger_utils.py:283] Unable to record workload.train_mean information. Continuing without it.
I0607 03:52:06.039978 140707610604736 logger_utils.py:283] Unable to record workload.train_mean information. Continuing without it.
I0607 03:52:06.039986 140511686112448 logger_utils.py:283] Unable to record workload.train_stddev information. Continuing without it.
I0607 03:52:06.040035 140707610604736 logger_utils.py:283] Unable to record workload.train_stddev information. Continuing without it.
I0607 03:52:06.040031 139814497563840 logger_utils.py:283] Unable to record workload.train_stddev information. Continuing without it.
I0607 03:52:06.040031 140321294329024 logger_utils.py:283] Unable to record workload.train_stddev information. Continuing without it.
I0607 03:52:06.452266 140707610604736 submission_runner.py:348] Saving flags to /experiment_runs/submissions_a100/muon_torch_jax_hps_lr_fix/study_2/criteo1tb_pytorch/trial_1/flags_0.json.
I0607 03:52:06.558130 140707610604736 submission_runner.py:359] Starting training loop.
I0607 03:52:49.781715 140707610604736 spec.py:333] Evaluating on the training split.
I0607 04:02:41.025908 140707610604736 spec.py:346] Evaluating on the validation split.
I0607 04:12:29.691473 140707610604736 spec.py:363] Evaluating on the test split.
I0607 04:23:34.475367 140707610604736 submission_runner.py:516] Time since start: 1887.92s, 	Step: 1, 	{'train/loss': 0.7916158088066084, 'validation/loss': 0.7903259590939389, 'validation/num_examples': 83274637, 'test/loss': 0.7916236312127364, 'test/num_examples': 95000000, 'score': 42.820340394973755, 'total_duration': 1887.9173493385315, 'accumulated_submission_time': 42.820340394973755, 'accumulated_eval_time': 1844.6937367916107, 'accumulated_logging_time': 0}
I0607 04:23:34.646096 140666394769152 logging_writer.py:48] [1] accumulated_eval_time=1844.69, accumulated_logging_time=0, accumulated_submission_time=42.8203, global_step=1, preemption_count=0, score=42.8203, test/loss=0.791624, test/num_examples=95000000, total_duration=1887.92, train/loss=0.791616, validation/loss=0.790326, validation/num_examples=83274637
I0607 04:29:31.745938 140707610604736 spec.py:333] Evaluating on the training split.
I0607 04:38:55.803574 140707610604736 spec.py:346] Evaluating on the validation split.
I0607 04:42:54.742331 140707610604736 spec.py:363] Evaluating on the test split.
I0607 04:47:14.436613 140707610604736 submission_runner.py:516] Time since start: 3307.88s, 	Step: 217, 	{'train/loss': 0.1331533990344522, 'validation/loss': 0.1324755077701914, 'validation/num_examples': 83274637, 'test/loss': 0.13529678832076222, 'test/num_examples': 95000000, 'score': 398.852418422699, 'total_duration': 3307.878647327423, 'accumulated_submission_time': 398.852418422699, 'accumulated_eval_time': 2907.3844754695892, 'accumulated_logging_time': 0.38818979263305664}
I0607 04:47:14.476941 140666386376448 logging_writer.py:48] [217] accumulated_eval_time=2907.38, accumulated_logging_time=0.38819, accumulated_submission_time=398.852, global_step=217, preemption_count=0, score=398.852, test/loss=0.135297, test/num_examples=95000000, total_duration=3307.88, train/loss=0.133153, validation/loss=0.132476, validation/num_examples=83274637
I0607 04:53:11.839517 140707610604736 spec.py:333] Evaluating on the training split.
I0607 05:01:57.098441 140707610604736 spec.py:346] Evaluating on the validation split.
I0607 05:05:41.521638 140707610604736 spec.py:363] Evaluating on the test split.
I0607 05:09:44.491416 140707610604736 submission_runner.py:516] Time since start: 4657.93s, 	Step: 417, 	{'train/loss': 0.12758493756176584, 'validation/loss': 0.12854102634774403, 'validation/num_examples': 83274637, 'test/loss': 0.1319135938780132, 'test/num_examples': 95000000, 'score': 755.3618729114532, 'total_duration': 4657.9334235191345, 'accumulated_submission_time': 755.3618729114532, 'accumulated_eval_time': 3900.036399126053, 'accumulated_logging_time': 0.4356541633605957}
I0607 05:09:44.530934 140666394769152 logging_writer.py:48] [417] accumulated_eval_time=3900.04, accumulated_logging_time=0.435654, accumulated_submission_time=755.362, global_step=417, preemption_count=0, score=755.362, test/loss=0.131914, test/num_examples=95000000, total_duration=4657.93, train/loss=0.127585, validation/loss=0.128541, validation/num_examples=83274637
I0607 05:15:42.083171 140707610604736 spec.py:333] Evaluating on the training split.
I0607 05:25:27.029887 140707610604736 spec.py:346] Evaluating on the validation split.
I0607 05:29:09.521314 140707610604736 spec.py:363] Evaluating on the test split.
I0607 05:33:12.698056 140707610604736 submission_runner.py:516] Time since start: 6066.14s, 	Step: 620, 	{'train/loss': 0.12847677474581665, 'validation/loss': 0.12790082944275824, 'validation/num_examples': 83274637, 'test/loss': 0.1303133678587261, 'test/num_examples': 95000000, 'score': 1112.0561666488647, 'total_duration': 6066.140091180801, 'accumulated_submission_time': 1112.0561666488647, 'accumulated_eval_time': 4950.651356935501, 'accumulated_logging_time': 0.48233938217163086}
I0607 05:33:12.737497 140666386376448 logging_writer.py:48] [620] accumulated_eval_time=4950.65, accumulated_logging_time=0.482339, accumulated_submission_time=1112.06, global_step=620, preemption_count=0, score=1112.06, test/loss=0.130313, test/num_examples=95000000, total_duration=6066.14, train/loss=0.128477, validation/loss=0.127901, validation/num_examples=83274637
I0607 05:39:09.207553 140707610604736 spec.py:333] Evaluating on the training split.
I0607 05:47:44.221686 140707610604736 spec.py:346] Evaluating on the validation split.
I0607 05:51:27.579131 140707610604736 spec.py:363] Evaluating on the test split.
I0607 05:55:29.746577 140707610604736 submission_runner.py:516] Time since start: 7403.19s, 	Step: 832, 	{'train/loss': 0.12545827906813306, 'validation/loss': 0.1273503777886474, 'validation/num_examples': 83274637, 'test/loss': 0.12995591221040426, 'test/num_examples': 95000000, 'score': 1467.6536736488342, 'total_duration': 7403.188597202301, 'accumulated_submission_time': 1467.6536736488342, 'accumulated_eval_time': 5931.190431594849, 'accumulated_logging_time': 0.5289692878723145}
I0607 05:55:29.789268 140666394769152 logging_writer.py:48] [832] accumulated_eval_time=5931.19, accumulated_logging_time=0.528969, accumulated_submission_time=1467.65, global_step=832, preemption_count=0, score=1467.65, test/loss=0.129956, test/num_examples=95000000, total_duration=7403.19, train/loss=0.125458, validation/loss=0.12735, validation/num_examples=83274637
I0607 06:01:27.521986 140707610604736 spec.py:333] Evaluating on the training split.
I0607 06:09:50.203805 140707610604736 spec.py:346] Evaluating on the validation split.
I0607 06:13:32.718822 140707610604736 spec.py:363] Evaluating on the test split.
I0607 06:17:34.323343 140707610604736 submission_runner.py:516] Time since start: 8727.77s, 	Step: 1064, 	{'train/loss': 0.1266990046436636, 'validation/loss': 0.12701736529998164, 'validation/num_examples': 83274637, 'test/loss': 0.12978770573923212, 'test/num_examples': 95000000, 'score': 1824.5140340328217, 'total_duration': 8727.765356063843, 'accumulated_submission_time': 1824.5140340328217, 'accumulated_eval_time': 6897.991851091385, 'accumulated_logging_time': 0.580211877822876}
I0607 06:17:34.363691 140666386376448 logging_writer.py:48] [1064] accumulated_eval_time=6897.99, accumulated_logging_time=0.580212, accumulated_submission_time=1824.51, global_step=1064, preemption_count=0, score=1824.51, test/loss=0.129788, test/num_examples=95000000, total_duration=8727.77, train/loss=0.126699, validation/loss=0.127017, validation/num_examples=83274637
I0607 06:23:32.696428 140707610604736 spec.py:333] Evaluating on the training split.
I0607 06:31:43.090748 140707610604736 spec.py:346] Evaluating on the validation split.
I0607 06:35:24.865859 140707610604736 spec.py:363] Evaluating on the test split.
I0607 06:39:25.432216 140707610604736 submission_runner.py:516] Time since start: 10038.87s, 	Step: 1287, 	{'train/loss': 0.12670051407387042, 'validation/loss': 0.12690282918223741, 'validation/num_examples': 83274637, 'test/loss': 0.12934647422838713, 'test/num_examples': 95000000, 'score': 2181.9847695827484, 'total_duration': 10038.874255657196, 'accumulated_submission_time': 2181.9847695827484, 'accumulated_eval_time': 7850.727700710297, 'accumulated_logging_time': 0.6272070407867432}
I0607 06:39:25.481107 140666394769152 logging_writer.py:48] [1287] accumulated_eval_time=7850.73, accumulated_logging_time=0.627207, accumulated_submission_time=2181.98, global_step=1287, preemption_count=0, score=2181.98, test/loss=0.129346, test/num_examples=95000000, total_duration=10038.9, train/loss=0.126701, validation/loss=0.126903, validation/num_examples=83274637
I0607 06:45:23.676184 140707610604736 spec.py:333] Evaluating on the training split.
I0607 06:54:25.065627 140707610604736 spec.py:346] Evaluating on the validation split.
I0607 06:58:06.487928 140707610604736 spec.py:363] Evaluating on the test split.
I0607 07:02:04.455792 140707610604736 submission_runner.py:516] Time since start: 11397.90s, 	Step: 1500, 	{'train/loss': 0.12445943512351564, 'validation/loss': 0.12665357023116647, 'validation/num_examples': 83274637, 'test/loss': 0.12929218829522385, 'test/num_examples': 95000000, 'score': 2539.336269378662, 'total_duration': 11397.897825479507, 'accumulated_submission_time': 2539.336269378662, 'accumulated_eval_time': 8851.507353305817, 'accumulated_logging_time': 0.6831023693084717}
I0607 07:02:04.500639 140666386376448 logging_writer.py:48] [1500] accumulated_eval_time=8851.51, accumulated_logging_time=0.683102, accumulated_submission_time=2539.34, global_step=1500, preemption_count=0, score=2539.34, test/loss=0.129292, test/num_examples=95000000, total_duration=11397.9, train/loss=0.124459, validation/loss=0.126654, validation/num_examples=83274637
I0607 07:08:02.084303 140707610604736 spec.py:333] Evaluating on the training split.
I0607 07:15:30.686900 140707610604736 spec.py:346] Evaluating on the validation split.
I0607 07:19:08.555098 140707610604736 spec.py:363] Evaluating on the test split.
I0607 07:23:00.769004 140707610604736 submission_runner.py:516] Time since start: 12654.21s, 	Step: 1731, 	{'train/loss': 0.12489745519342924, 'validation/loss': 0.1263228644059703, 'validation/num_examples': 83274637, 'test/loss': 0.12895739046341745, 'test/num_examples': 95000000, 'score': 2896.0923619270325, 'total_duration': 12654.211023569107, 'accumulated_submission_time': 2896.0923619270325, 'accumulated_eval_time': 9750.19208741188, 'accumulated_logging_time': 0.735023021697998}
I0607 07:23:00.809633 140666394769152 logging_writer.py:48] [1731] accumulated_eval_time=9750.19, accumulated_logging_time=0.735023, accumulated_submission_time=2896.09, global_step=1731, preemption_count=0, score=2896.09, test/loss=0.128957, test/num_examples=95000000, total_duration=12654.2, train/loss=0.124897, validation/loss=0.126323, validation/num_examples=83274637
I0607 07:28:58.604058 140707610604736 spec.py:333] Evaluating on the training split.
I0607 07:36:51.034921 140707610604736 spec.py:346] Evaluating on the validation split.
I0607 07:40:24.172512 140707610604736 spec.py:363] Evaluating on the test split.
I0607 07:44:06.707601 140707610604736 submission_runner.py:516] Time since start: 13920.15s, 	Step: 1963, 	{'train/loss': 0.12566674466038016, 'validation/loss': 0.12648013308645764, 'validation/num_examples': 83274637, 'test/loss': 0.12888472617171437, 'test/num_examples': 95000000, 'score': 3253.07741856575, 'total_duration': 13920.149636268616, 'accumulated_submission_time': 3253.07741856575, 'accumulated_eval_time': 10658.2956969738, 'accumulated_logging_time': 0.7827701568603516}
I0607 07:44:06.743748 140666386376448 logging_writer.py:48] [1963] accumulated_eval_time=10658.3, accumulated_logging_time=0.78277, accumulated_submission_time=3253.08, global_step=1963, preemption_count=0, score=3253.08, test/loss=0.128885, test/num_examples=95000000, total_duration=13920.1, train/loss=0.125667, validation/loss=0.12648, validation/num_examples=83274637
I0607 07:50:04.606589 140707610604736 spec.py:333] Evaluating on the training split.
I0607 07:57:24.538527 140707610604736 spec.py:346] Evaluating on the validation split.
I0607 08:00:46.979963 140707610604736 spec.py:363] Evaluating on the test split.
I0607 08:04:08.895011 140707610604736 submission_runner.py:516] Time since start: 15122.34s, 	Step: 2172, 	{'train/loss': 0.12445459261403945, 'validation/loss': 0.12575066203537158, 'validation/num_examples': 83274637, 'test/loss': 0.1283113461891576, 'test/num_examples': 95000000, 'score': 3610.1273980140686, 'total_duration': 15122.337030649185, 'accumulated_submission_time': 3610.1273980140686, 'accumulated_eval_time': 11502.584175825119, 'accumulated_logging_time': 0.8279743194580078}
I0607 08:04:08.939932 140666394769152 logging_writer.py:48] [2172] accumulated_eval_time=11502.6, accumulated_logging_time=0.827974, accumulated_submission_time=3610.13, global_step=2172, preemption_count=0, score=3610.13, test/loss=0.128311, test/num_examples=95000000, total_duration=15122.3, train/loss=0.124455, validation/loss=0.125751, validation/num_examples=83274637
I0607 08:10:05.545974 140707610604736 spec.py:333] Evaluating on the training split.
I0607 08:16:19.826683 140707610604736 spec.py:346] Evaluating on the validation split.
I0607 08:19:19.799940 140707610604736 spec.py:363] Evaluating on the test split.
I0607 08:22:00.009666 140707610604736 submission_runner.py:516] Time since start: 16193.45s, 	Step: 2397, 	{'train/loss': 0.12453798950964391, 'validation/loss': 0.1258224793870167, 'validation/num_examples': 83274637, 'test/loss': 0.12812343115491365, 'test/num_examples': 95000000, 'score': 3965.919914960861, 'total_duration': 16193.45171713829, 'accumulated_submission_time': 3965.919914960861, 'accumulated_eval_time': 12217.047963619232, 'accumulated_logging_time': 0.8797950744628906}
I0607 08:22:00.054104 140666386376448 logging_writer.py:48] [2397] accumulated_eval_time=12217, accumulated_logging_time=0.879795, accumulated_submission_time=3965.92, global_step=2397, preemption_count=0, score=3965.92, test/loss=0.128123, test/num_examples=95000000, total_duration=16193.5, train/loss=0.124538, validation/loss=0.125822, validation/num_examples=83274637
I0607 08:27:57.217559 140707610604736 spec.py:333] Evaluating on the training split.
I0607 08:33:21.137713 140707610604736 spec.py:346] Evaluating on the validation split.
I0607 08:35:36.752813 140707610604736 spec.py:363] Evaluating on the test split.
I0607 08:37:36.122032 140707610604736 submission_runner.py:516] Time since start: 17129.56s, 	Step: 2602, 	{'train/loss': 0.12572141589855945, 'validation/loss': 0.12590794379330741, 'validation/num_examples': 83274637, 'test/loss': 0.12833515440834448, 'test/num_examples': 95000000, 'score': 4322.278205633163, 'total_duration': 17129.563989639282, 'accumulated_submission_time': 4322.278205633163, 'accumulated_eval_time': 12795.952397346497, 'accumulated_logging_time': 0.9311034679412842}
I0607 08:37:36.166432 140666394769152 logging_writer.py:48] [2602] accumulated_eval_time=12796, accumulated_logging_time=0.931103, accumulated_submission_time=4322.28, global_step=2602, preemption_count=0, score=4322.28, test/loss=0.128335, test/num_examples=95000000, total_duration=17129.6, train/loss=0.125721, validation/loss=0.125908, validation/num_examples=83274637
I0607 08:43:34.341357 140707610604736 spec.py:333] Evaluating on the training split.
I0607 08:47:04.121134 140707610604736 spec.py:346] Evaluating on the validation split.
I0607 08:48:34.463623 140707610604736 spec.py:363] Evaluating on the test split.
I0607 08:49:49.794663 140707610604736 submission_runner.py:516] Time since start: 17863.24s, 	Step: 2818, 	{'train/loss': 0.1265390722232041, 'validation/loss': 0.12592769900109738, 'validation/num_examples': 83274637, 'test/loss': 0.1284016183319092, 'test/num_examples': 95000000, 'score': 4679.6270225048065, 'total_duration': 17863.23667407036, 'accumulated_submission_time': 4679.6270225048065, 'accumulated_eval_time': 13171.40574836731, 'accumulated_logging_time': 0.9827425479888916}
I0607 08:49:49.835746 140666386376448 logging_writer.py:48] [2818] accumulated_eval_time=13171.4, accumulated_logging_time=0.982743, accumulated_submission_time=4679.63, global_step=2818, preemption_count=0, score=4679.63, test/loss=0.128402, test/num_examples=95000000, total_duration=17863.2, train/loss=0.126539, validation/loss=0.125928, validation/num_examples=83274637
I0607 08:55:47.479135 140707610604736 spec.py:333] Evaluating on the training split.
I0607 08:57:12.688841 140707610604736 spec.py:346] Evaluating on the validation split.
I0607 08:58:11.398893 140707610604736 spec.py:363] Evaluating on the test split.
I0607 08:59:18.833455 140707610604736 submission_runner.py:516] Time since start: 18432.28s, 	Step: 3056, 	{'train/loss': 0.12426232747178793, 'validation/loss': 0.12577445097582482, 'validation/num_examples': 83274637, 'test/loss': 0.1282616964919241, 'test/num_examples': 95000000, 'score': 5036.438334465027, 'total_duration': 18432.275497436523, 'accumulated_submission_time': 5036.438334465027, 'accumulated_eval_time': 13382.760168075562, 'accumulated_logging_time': 1.031066656112671}
I0607 08:59:18.875922 140666394769152 logging_writer.py:48] [3056] accumulated_eval_time=13382.8, accumulated_logging_time=1.03107, accumulated_submission_time=5036.44, global_step=3056, preemption_count=0, score=5036.44, test/loss=0.128262, test/num_examples=95000000, total_duration=18432.3, train/loss=0.124262, validation/loss=0.125774, validation/num_examples=83274637
I0607 09:05:15.451466 140707610604736 spec.py:333] Evaluating on the training split.
I0607 09:06:14.340350 140707610604736 spec.py:346] Evaluating on the validation split.
I0607 09:07:13.445700 140707610604736 spec.py:363] Evaluating on the test split.
I0607 09:08:20.865274 140707610604736 submission_runner.py:516] Time since start: 18974.31s, 	Step: 3273, 	{'train/loss': 0.12320633782262574, 'validation/loss': 0.125723142162265, 'validation/num_examples': 83274637, 'test/loss': 0.12881953597797594, 'test/num_examples': 95000000, 'score': 5392.181756019592, 'total_duration': 18974.30731153488, 'accumulated_submission_time': 5392.181756019592, 'accumulated_eval_time': 13568.174026489258, 'accumulated_logging_time': 1.0806658267974854}
I0607 09:08:20.910214 140666386376448 logging_writer.py:48] [3273] accumulated_eval_time=13568.2, accumulated_logging_time=1.08067, accumulated_submission_time=5392.18, global_step=3273, preemption_count=0, score=5392.18, test/loss=0.12882, test/num_examples=95000000, total_duration=18974.3, train/loss=0.123206, validation/loss=0.125723, validation/num_examples=83274637
I0607 09:14:18.536603 140707610604736 spec.py:333] Evaluating on the training split.
I0607 09:15:17.264698 140707610604736 spec.py:346] Evaluating on the validation split.
I0607 09:16:16.082263 140707610604736 spec.py:363] Evaluating on the test split.
I0607 09:17:23.498287 140707610604736 submission_runner.py:516] Time since start: 19516.94s, 	Step: 3491, 	{'train/loss': 0.12322855877030231, 'validation/loss': 0.12579910922835133, 'validation/num_examples': 83274637, 'test/loss': 0.12855563313727128, 'test/num_examples': 95000000, 'score': 5748.9756295681, 'total_duration': 19516.940325975418, 'accumulated_submission_time': 5748.9756295681, 'accumulated_eval_time': 13753.135751008987, 'accumulated_logging_time': 1.1327879428863525}
I0607 09:17:23.541036 140666394769152 logging_writer.py:48] [3491] accumulated_eval_time=13753.1, accumulated_logging_time=1.13279, accumulated_submission_time=5748.98, global_step=3491, preemption_count=0, score=5748.98, test/loss=0.128556, test/num_examples=95000000, total_duration=19516.9, train/loss=0.123229, validation/loss=0.125799, validation/num_examples=83274637
I0607 09:23:20.169348 140707610604736 spec.py:333] Evaluating on the training split.
I0607 09:24:19.096523 140707610604736 spec.py:346] Evaluating on the validation split.
I0607 09:25:17.996584 140707610604736 spec.py:363] Evaluating on the test split.
I0607 09:26:25.431471 140707610604736 submission_runner.py:516] Time since start: 20058.87s, 	Step: 3720, 	{'train/loss': 0.12444532652058113, 'validation/loss': 0.12520766620385904, 'validation/num_examples': 83274637, 'test/loss': 0.1274530879535876, 'test/num_examples': 95000000, 'score': 6104.77071595192, 'total_duration': 20058.873511075974, 'accumulated_submission_time': 6104.77071595192, 'accumulated_eval_time': 13938.397948265076, 'accumulated_logging_time': 1.1839139461517334}
I0607 09:26:25.471845 140666386376448 logging_writer.py:48] [3720] accumulated_eval_time=13938.4, accumulated_logging_time=1.18391, accumulated_submission_time=6104.77, global_step=3720, preemption_count=0, score=6104.77, test/loss=0.127453, test/num_examples=95000000, total_duration=20058.9, train/loss=0.124445, validation/loss=0.125208, validation/num_examples=83274637
I0607 09:32:22.119258 140707610604736 spec.py:333] Evaluating on the training split.
I0607 09:33:20.974353 140707610604736 spec.py:346] Evaluating on the validation split.
I0607 09:34:19.898722 140707610604736 spec.py:363] Evaluating on the test split.
I0607 09:35:27.221192 140707610604736 submission_runner.py:516] Time since start: 20600.66s, 	Step: 3934, 	{'train/loss': 0.12371933242310144, 'validation/loss': 0.12541518770466037, 'validation/num_examples': 83274637, 'test/loss': 0.1276743460927863, 'test/num_examples': 95000000, 'score': 6460.588871479034, 'total_duration': 20600.6632335186, 'accumulated_submission_time': 6460.588871479034, 'accumulated_eval_time': 14123.499983549118, 'accumulated_logging_time': 1.2314491271972656}
I0607 09:35:27.261048 140666394769152 logging_writer.py:48] [3934] accumulated_eval_time=14123.5, accumulated_logging_time=1.23145, accumulated_submission_time=6460.59, global_step=3934, preemption_count=0, score=6460.59, test/loss=0.127674, test/num_examples=95000000, total_duration=20600.7, train/loss=0.123719, validation/loss=0.125415, validation/num_examples=83274637
I0607 09:41:23.981777 140707610604736 spec.py:333] Evaluating on the training split.
I0607 09:42:22.533771 140707610604736 spec.py:346] Evaluating on the validation split.
I0607 09:43:21.094857 140707610604736 spec.py:363] Evaluating on the test split.
I0607 09:44:28.257064 140707610604736 submission_runner.py:516] Time since start: 21141.70s, 	Step: 4159, 	{'train/loss': 0.12386338657217832, 'validation/loss': 0.1253700055690728, 'validation/num_examples': 83274637, 'test/loss': 0.12772182918139005, 'test/num_examples': 95000000, 'score': 6816.48525428772, 'total_duration': 21141.69908761978, 'accumulated_submission_time': 6816.48525428772, 'accumulated_eval_time': 14307.775332689285, 'accumulated_logging_time': 1.278294563293457}
I0607 09:44:28.301260 140666386376448 logging_writer.py:48] [4159] accumulated_eval_time=14307.8, accumulated_logging_time=1.27829, accumulated_submission_time=6816.49, global_step=4159, preemption_count=0, score=6816.49, test/loss=0.127722, test/num_examples=95000000, total_duration=21141.7, train/loss=0.123863, validation/loss=0.12537, validation/num_examples=83274637
I0607 09:50:24.679949 140707610604736 spec.py:333] Evaluating on the training split.
I0607 09:51:23.390811 140707610604736 spec.py:346] Evaluating on the validation split.
I0607 09:52:22.158804 140707610604736 spec.py:363] Evaluating on the test split.
I0607 09:53:29.312655 140707610604736 submission_runner.py:516] Time since start: 21682.75s, 	Step: 4382, 	{'train/loss': 0.12270320241491396, 'validation/loss': 0.12538420739869374, 'validation/num_examples': 83274637, 'test/loss': 0.12763677586236252, 'test/num_examples': 95000000, 'score': 7172.033695936203, 'total_duration': 21682.7546749115, 'accumulated_submission_time': 7172.033695936203, 'accumulated_eval_time': 14492.408093690872, 'accumulated_logging_time': 1.3296072483062744}
I0607 09:53:29.355072 140666394769152 logging_writer.py:48] [4382] accumulated_eval_time=14492.4, accumulated_logging_time=1.32961, accumulated_submission_time=7172.03, global_step=4382, preemption_count=0, score=7172.03, test/loss=0.127637, test/num_examples=95000000, total_duration=21682.8, train/loss=0.122703, validation/loss=0.125384, validation/num_examples=83274637
I0607 09:59:26.596820 140707610604736 spec.py:333] Evaluating on the training split.
I0607 10:00:25.379494 140707610604736 spec.py:346] Evaluating on the validation split.
I0607 10:01:24.186251 140707610604736 spec.py:363] Evaluating on the test split.
I0607 10:02:31.485176 140707610604736 submission_runner.py:516] Time since start: 22224.93s, 	Step: 4620, 	{'train/loss': 0.1229788183188643, 'validation/loss': 0.1253861670720312, 'validation/num_examples': 83274637, 'test/loss': 0.12777347619901958, 'test/num_examples': 95000000, 'score': 7528.438306570053, 'total_duration': 22224.92719101906, 'accumulated_submission_time': 7528.438306570053, 'accumulated_eval_time': 14677.296503543854, 'accumulated_logging_time': 1.379173994064331}
I0607 10:02:31.527800 140666386376448 logging_writer.py:48] [4620] accumulated_eval_time=14677.3, accumulated_logging_time=1.37917, accumulated_submission_time=7528.44, global_step=4620, preemption_count=0, score=7528.44, test/loss=0.127773, test/num_examples=95000000, total_duration=22224.9, train/loss=0.122979, validation/loss=0.125386, validation/num_examples=83274637
I0607 10:08:28.819695 140707610604736 spec.py:333] Evaluating on the training split.
I0607 10:09:27.848028 140707610604736 spec.py:346] Evaluating on the validation split.
I0607 10:10:26.759046 140707610604736 spec.py:363] Evaluating on the test split.
I0607 10:11:34.136551 140707610604736 submission_runner.py:516] Time since start: 22767.58s, 	Step: 4861, 	{'train/loss': 0.1246900531180612, 'validation/loss': 0.1252780275323259, 'validation/num_examples': 83274637, 'test/loss': 0.12764772162620142, 'test/num_examples': 95000000, 'score': 7884.897531986237, 'total_duration': 22767.578592300415, 'accumulated_submission_time': 7884.897531986237, 'accumulated_eval_time': 14862.613451719284, 'accumulated_logging_time': 1.4293742179870605}
I0607 10:11:34.178922 140666394769152 logging_writer.py:48] [4861] accumulated_eval_time=14862.6, accumulated_logging_time=1.42937, accumulated_submission_time=7884.9, global_step=4861, preemption_count=0, score=7884.9, test/loss=0.127648, test/num_examples=95000000, total_duration=22767.6, train/loss=0.12469, validation/loss=0.125278, validation/num_examples=83274637
I0607 10:17:32.273018 140707610604736 spec.py:333] Evaluating on the training split.
I0607 10:18:31.002032 140707610604736 spec.py:346] Evaluating on the validation split.
I0607 10:19:29.888739 140707610604736 spec.py:363] Evaluating on the test split.
I0607 10:20:37.255713 140707610604736 submission_runner.py:516] Time since start: 23310.70s, 	Step: 5090, 	{'train/loss': 0.12383859461976299, 'validation/loss': 0.125281450136417, 'validation/num_examples': 83274637, 'test/loss': 0.12759985536579332, 'test/num_examples': 95000000, 'score': 8242.154722929, 'total_duration': 23310.697759866714, 'accumulated_submission_time': 8242.154722929, 'accumulated_eval_time': 15047.59625506401, 'accumulated_logging_time': 1.4790165424346924}
I0607 10:20:37.298627 140666386376448 logging_writer.py:48] [5090] accumulated_eval_time=15047.6, accumulated_logging_time=1.47902, accumulated_submission_time=8242.15, global_step=5090, preemption_count=0, score=8242.15, test/loss=0.1276, test/num_examples=95000000, total_duration=23310.7, train/loss=0.123839, validation/loss=0.125281, validation/num_examples=83274637
I0607 10:26:34.889146 140707610604736 spec.py:333] Evaluating on the training split.
I0607 10:27:33.695679 140707610604736 spec.py:346] Evaluating on the validation split.
I0607 10:28:32.453166 140707610604736 spec.py:363] Evaluating on the test split.
I0607 10:29:39.529252 140707610604736 submission_runner.py:516] Time since start: 23852.97s, 	Step: 5318, 	{'train/loss': 0.1255704280835128, 'validation/loss': 0.1250412876016167, 'validation/num_examples': 83274637, 'test/loss': 0.12733769933584113, 'test/num_examples': 95000000, 'score': 8598.91395330429, 'total_duration': 23852.971301794052, 'accumulated_submission_time': 8598.91395330429, 'accumulated_eval_time': 15232.236454486847, 'accumulated_logging_time': 1.5295262336730957}
I0607 10:29:39.570361 140666394769152 logging_writer.py:48] [5318] accumulated_eval_time=15232.2, accumulated_logging_time=1.52953, accumulated_submission_time=8598.91, global_step=5318, preemption_count=0, score=8598.91, test/loss=0.127338, test/num_examples=95000000, total_duration=23853, train/loss=0.12557, validation/loss=0.125041, validation/num_examples=83274637
I0607 10:35:36.530404 140707610604736 spec.py:333] Evaluating on the training split.
I0607 10:36:34.997399 140707610604736 spec.py:346] Evaluating on the validation split.
I0607 10:37:33.595347 140707610604736 spec.py:363] Evaluating on the test split.
I0607 10:38:40.794291 140707610604736 submission_runner.py:516] Time since start: 24394.24s, 	Step: 5554, 	{'train/loss': 0.12420580200737365, 'validation/loss': 0.12512385334976506, 'validation/num_examples': 83274637, 'test/loss': 0.12765528297697368, 'test/num_examples': 95000000, 'score': 8955.031329870224, 'total_duration': 24394.236330986023, 'accumulated_submission_time': 8955.031329870224, 'accumulated_eval_time': 15416.500381946564, 'accumulated_logging_time': 1.5789320468902588}
I0607 10:38:40.836593 140666386376448 logging_writer.py:48] [5554] accumulated_eval_time=15416.5, accumulated_logging_time=1.57893, accumulated_submission_time=8955.03, global_step=5554, preemption_count=0, score=8955.03, test/loss=0.127655, test/num_examples=95000000, total_duration=24394.2, train/loss=0.124206, validation/loss=0.125124, validation/num_examples=83274637
I0607 10:44:37.438344 140707610604736 spec.py:333] Evaluating on the training split.
I0607 10:45:36.159723 140707610604736 spec.py:346] Evaluating on the validation split.
I0607 10:46:34.969218 140707610604736 spec.py:363] Evaluating on the test split.
I0607 10:47:42.131976 140707610604736 submission_runner.py:516] Time since start: 24935.57s, 	Step: 5770, 	{'train/loss': 0.12303336857250625, 'validation/loss': 0.12505689780189408, 'validation/num_examples': 83274637, 'test/loss': 0.1275111454968904, 'test/num_examples': 95000000, 'score': 9310.808327674866, 'total_duration': 24935.574026823044, 'accumulated_submission_time': 9310.808327674866, 'accumulated_eval_time': 15601.19406414032, 'accumulated_logging_time': 1.6294176578521729}
I0607 10:47:42.175454 140666394769152 logging_writer.py:48] [5770] accumulated_eval_time=15601.2, accumulated_logging_time=1.62942, accumulated_submission_time=9310.81, global_step=5770, preemption_count=0, score=9310.81, test/loss=0.127511, test/num_examples=95000000, total_duration=24935.6, train/loss=0.123033, validation/loss=0.125057, validation/num_examples=83274637
I0607 10:53:39.340122 140707610604736 spec.py:333] Evaluating on the training split.
I0607 10:54:38.209586 140707610604736 spec.py:346] Evaluating on the validation split.
I0607 10:55:37.096614 140707610604736 spec.py:363] Evaluating on the test split.
I0607 10:56:44.616017 140707610604736 submission_runner.py:516] Time since start: 25478.06s, 	Step: 6021, 	{'train/loss': 0.1231992325261631, 'validation/loss': 0.12493693990905225, 'validation/num_examples': 83274637, 'test/loss': 0.12724742066843134, 'test/num_examples': 95000000, 'score': 9667.129908561707, 'total_duration': 25478.058067798615, 'accumulated_submission_time': 9667.129908561707, 'accumulated_eval_time': 15786.470044612885, 'accumulated_logging_time': 1.6812067031860352}
I0607 10:56:44.659368 140666386376448 logging_writer.py:48] [6021] accumulated_eval_time=15786.5, accumulated_logging_time=1.68121, accumulated_submission_time=9667.13, global_step=6021, preemption_count=0, score=9667.13, test/loss=0.127247, test/num_examples=95000000, total_duration=25478.1, train/loss=0.123199, validation/loss=0.124937, validation/num_examples=83274637
I0607 11:02:41.913381 140707610604736 spec.py:333] Evaluating on the training split.
I0607 11:03:40.552587 140707610604736 spec.py:346] Evaluating on the validation split.
I0607 11:04:39.377858 140707610604736 spec.py:363] Evaluating on the test split.
I0607 11:05:46.409163 140707610604736 submission_runner.py:516] Time since start: 26019.85s, 	Step: 6257, 	{'train/loss': 0.12341831481997044, 'validation/loss': 0.12491062176605847, 'validation/num_examples': 83274637, 'test/loss': 0.12725901179857757, 'test/num_examples': 95000000, 'score': 10023.551574468613, 'total_duration': 26019.85109782219, 'accumulated_submission_time': 10023.551574468613, 'accumulated_eval_time': 15970.965790987015, 'accumulated_logging_time': 1.7318956851959229}
I0607 11:05:46.449786 140666394769152 logging_writer.py:48] [6257] accumulated_eval_time=15971, accumulated_logging_time=1.7319, accumulated_submission_time=10023.6, global_step=6257, preemption_count=0, score=10023.6, test/loss=0.127259, test/num_examples=95000000, total_duration=26019.9, train/loss=0.123418, validation/loss=0.124911, validation/num_examples=83274637
I0607 11:11:43.882560 140707610604736 spec.py:333] Evaluating on the training split.
I0607 11:12:42.550043 140707610604736 spec.py:346] Evaluating on the validation split.
I0607 11:13:41.356068 140707610604736 spec.py:363] Evaluating on the test split.
I0607 11:14:48.633615 140707610604736 submission_runner.py:516] Time since start: 26562.08s, 	Step: 6504, 	{'train/loss': 0.1257071921588333, 'validation/loss': 0.12490254763099494, 'validation/num_examples': 83274637, 'test/loss': 0.12720718397441663, 'test/num_examples': 95000000, 'score': 10380.147483825684, 'total_duration': 26562.07563495636, 'accumulated_submission_time': 10380.147483825684, 'accumulated_eval_time': 16155.716867685318, 'accumulated_logging_time': 1.7803466320037842}
I0607 11:14:48.672420 140666386376448 logging_writer.py:48] [6504] accumulated_eval_time=16155.7, accumulated_logging_time=1.78035, accumulated_submission_time=10380.1, global_step=6504, preemption_count=0, score=10380.1, test/loss=0.127207, test/num_examples=95000000, total_duration=26562.1, train/loss=0.125707, validation/loss=0.124903, validation/num_examples=83274637
I0607 11:20:45.084713 140707610604736 spec.py:333] Evaluating on the training split.
I0607 11:21:43.931602 140707610604736 spec.py:346] Evaluating on the validation split.
I0607 11:22:42.770779 140707610604736 spec.py:363] Evaluating on the test split.
I0607 11:23:50.093511 140707610604736 submission_runner.py:516] Time since start: 27103.54s, 	Step: 6730, 	{'train/loss': 0.12194026506958651, 'validation/loss': 0.12471356793326585, 'validation/num_examples': 83274637, 'test/loss': 0.127003414251709, 'test/num_examples': 95000000, 'score': 10735.73107790947, 'total_duration': 27103.535540819168, 'accumulated_submission_time': 10735.73107790947, 'accumulated_eval_time': 16340.725719690323, 'accumulated_logging_time': 1.8263039588928223}
I0607 11:23:50.134299 140666394769152 logging_writer.py:48] [6730] accumulated_eval_time=16340.7, accumulated_logging_time=1.8263, accumulated_submission_time=10735.7, global_step=6730, preemption_count=0, score=10735.7, test/loss=0.127003, test/num_examples=95000000, total_duration=27103.5, train/loss=0.12194, validation/loss=0.124714, validation/num_examples=83274637
I0607 11:29:46.927903 140707610604736 spec.py:333] Evaluating on the training split.
I0607 11:30:45.493525 140707610604736 spec.py:346] Evaluating on the validation split.
I0607 11:31:44.115690 140707610604736 spec.py:363] Evaluating on the test split.
I0607 11:32:51.118860 140707610604736 submission_runner.py:516] Time since start: 27644.56s, 	Step: 6956, 	{'train/loss': 0.12255560984285727, 'validation/loss': 0.12479199642215702, 'validation/num_examples': 83274637, 'test/loss': 0.1271246451152601, 'test/num_examples': 95000000, 'score': 11091.69432258606, 'total_duration': 27644.560883045197, 'accumulated_submission_time': 11091.69432258606, 'accumulated_eval_time': 16524.91673207283, 'accumulated_logging_time': 1.8741707801818848}
I0607 11:32:51.161382 140666386376448 logging_writer.py:48] [6956] accumulated_eval_time=16524.9, accumulated_logging_time=1.87417, accumulated_submission_time=11091.7, global_step=6956, preemption_count=0, score=11091.7, test/loss=0.127125, test/num_examples=95000000, total_duration=27644.6, train/loss=0.122556, validation/loss=0.124792, validation/num_examples=83274637
I0607 11:38:48.308980 140707610604736 spec.py:333] Evaluating on the training split.
I0607 11:39:46.774169 140707610604736 spec.py:346] Evaluating on the validation split.
I0607 11:40:45.639829 140707610604736 spec.py:363] Evaluating on the test split.
I0607 11:41:52.905566 140707610604736 submission_runner.py:516] Time since start: 28186.35s, 	Step: 7183, 	{'train/loss': 0.12364787394179062, 'validation/loss': 0.12476276115849279, 'validation/num_examples': 83274637, 'test/loss': 0.12705372194952713, 'test/num_examples': 95000000, 'score': 11448.010532617569, 'total_duration': 28186.34758734703, 'accumulated_submission_time': 11448.010532617569, 'accumulated_eval_time': 16709.513377666473, 'accumulated_logging_time': 1.925485610961914}
I0607 11:41:52.947556 140666394769152 logging_writer.py:48] [7183] accumulated_eval_time=16709.5, accumulated_logging_time=1.92549, accumulated_submission_time=11448, global_step=7183, preemption_count=0, score=11448, test/loss=0.127054, test/num_examples=95000000, total_duration=28186.3, train/loss=0.123648, validation/loss=0.124763, validation/num_examples=83274637
I0607 11:47:50.906935 140707610604736 spec.py:333] Evaluating on the training split.
I0607 11:48:49.728554 140707610604736 spec.py:346] Evaluating on the validation split.
I0607 11:49:48.562031 140707610604736 spec.py:363] Evaluating on the test split.
I0607 11:50:55.965806 140707610604736 submission_runner.py:516] Time since start: 28729.41s, 	Step: 7409, 	{'train/loss': 0.12323561312233912, 'validation/loss': 0.12476321518251096, 'validation/num_examples': 83274637, 'test/loss': 0.1270860077723453, 'test/num_examples': 95000000, 'score': 11805.143964290619, 'total_duration': 28729.40784549713, 'accumulated_submission_time': 11805.143964290619, 'accumulated_eval_time': 16894.57232427597, 'accumulated_logging_time': 1.9745652675628662}
I0607 11:50:56.006650 140666386376448 logging_writer.py:48] [7409] accumulated_eval_time=16894.6, accumulated_logging_time=1.97457, accumulated_submission_time=11805.1, global_step=7409, preemption_count=0, score=11805.1, test/loss=0.127086, test/num_examples=95000000, total_duration=28729.4, train/loss=0.123236, validation/loss=0.124763, validation/num_examples=83274637
I0607 11:56:52.454943 140707610604736 spec.py:333] Evaluating on the training split.
I0607 11:57:51.042006 140707610604736 spec.py:346] Evaluating on the validation split.
I0607 11:58:49.680830 140707610604736 spec.py:363] Evaluating on the test split.
I0607 11:59:56.825265 140707610604736 submission_runner.py:516] Time since start: 29270.27s, 	Step: 7634, 	{'train/loss': 0.12362813244432873, 'validation/loss': 0.12476559385806743, 'validation/num_examples': 83274637, 'test/loss': 0.12706987625732422, 'test/num_examples': 95000000, 'score': 12160.767703056335, 'total_duration': 29270.26730108261, 'accumulated_submission_time': 12160.767703056335, 'accumulated_eval_time': 17078.942720651627, 'accumulated_logging_time': 2.0227901935577393}
I0607 11:59:56.865992 140666394769152 logging_writer.py:48] [7634] accumulated_eval_time=17078.9, accumulated_logging_time=2.02279, accumulated_submission_time=12160.8, global_step=7634, preemption_count=0, score=12160.8, test/loss=0.12707, test/num_examples=95000000, total_duration=29270.3, train/loss=0.123628, validation/loss=0.124766, validation/num_examples=83274637
I0607 12:05:54.402122 140707610604736 spec.py:333] Evaluating on the training split.
I0607 12:06:53.079290 140707610604736 spec.py:346] Evaluating on the validation split.
I0607 12:07:51.884433 140707610604736 spec.py:363] Evaluating on the test split.
I0607 12:08:59.362175 140707610604736 submission_runner.py:516] Time since start: 29812.80s, 	Step: 7874, 	{'train/loss': 0.12457444855128713, 'validation/loss': 0.12469923762087433, 'validation/num_examples': 83274637, 'test/loss': 0.12699018534497714, 'test/num_examples': 95000000, 'score': 12517.472985506058, 'total_duration': 29812.804220199585, 'accumulated_submission_time': 12517.472985506058, 'accumulated_eval_time': 17263.902822971344, 'accumulated_logging_time': 2.070655107498169}
I0607 12:08:59.402420 140666386376448 logging_writer.py:48] [7874] accumulated_eval_time=17263.9, accumulated_logging_time=2.07066, accumulated_submission_time=12517.5, global_step=7874, preemption_count=0, score=12517.5, test/loss=0.12699, test/num_examples=95000000, total_duration=29812.8, train/loss=0.124574, validation/loss=0.124699, validation/num_examples=83274637
I0607 12:14:57.166509 140707610604736 spec.py:333] Evaluating on the training split.
I0607 12:15:55.998524 140707610604736 spec.py:346] Evaluating on the validation split.
I0607 12:16:54.708205 140707610604736 spec.py:363] Evaluating on the test split.
I0607 12:18:02.059125 140707610604736 submission_runner.py:516] Time since start: 30355.50s, 	Step: 8095, 	{'train/loss': 0.12349207686070157, 'validation/loss': 0.12468727299490985, 'validation/num_examples': 83274637, 'test/loss': 0.12696648729472912, 'test/num_examples': 95000000, 'score': 12874.409625768661, 'total_duration': 30355.50116944313, 'accumulated_submission_time': 12874.409625768661, 'accumulated_eval_time': 17448.795528173447, 'accumulated_logging_time': 2.118090867996216}
I0607 12:18:02.101798 140666394769152 logging_writer.py:48] [8095] accumulated_eval_time=17448.8, accumulated_logging_time=2.11809, accumulated_submission_time=12874.4, global_step=8095, preemption_count=0, score=12874.4, test/loss=0.126966, test/num_examples=95000000, total_duration=30355.5, train/loss=0.123492, validation/loss=0.124687, validation/num_examples=83274637
I0607 12:23:58.590751 140707610604736 spec.py:333] Evaluating on the training split.
I0607 12:24:57.211383 140707610604736 spec.py:346] Evaluating on the validation split.
I0607 12:25:56.234467 140707610604736 spec.py:363] Evaluating on the test split.
I0607 12:27:03.563459 140707610604736 submission_runner.py:516] Time since start: 30897.01s, 	Step: 8319, 	{'train/loss': 0.12343371591926319, 'validation/loss': 0.12470698286791153, 'validation/num_examples': 83274637, 'test/loss': 0.12701377600226152, 'test/num_examples': 95000000, 'score': 13230.069323062897, 'total_duration': 30897.005484819412, 'accumulated_submission_time': 13230.069323062897, 'accumulated_eval_time': 17633.768320798874, 'accumulated_logging_time': 2.1680526733398438}
I0607 12:27:03.603389 140666386376448 logging_writer.py:48] [8319] accumulated_eval_time=17633.8, accumulated_logging_time=2.16805, accumulated_submission_time=13230.1, global_step=8319, preemption_count=0, score=13230.1, test/loss=0.127014, test/num_examples=95000000, total_duration=30897, train/loss=0.123434, validation/loss=0.124707, validation/num_examples=83274637
I0607 12:33:01.248051 140666394769152 logging_writer.py:48] [8547] global_step=8547, preemption_count=0, score=13587.2
I0607 12:33:02.039091 140707610604736 submission_runner.py:857] Final criteo1tb score: 13587.221976518631
