torchrun --redirects 1:0,2:0,3:0 --standalone --nnodes=1 --nproc_per_node=4 submission_runner.py --framework=pytorch --workload=criteo1tb --submission_path=submissions_algorithms/submissions/self_tuning/muon_torch_jax_hps/submission.py --data_dir=/data/criteo1tb --experiment_dir=/experiment_runs --experiment_name=submissions_a100/muon_torch_jax_hps/study_0 --overwrite=True --save_checkpoints=False --rng_seed=-1724701795 --torch_compile=true --tuning_ruleset=self 2>&1 | tee -a /logs/criteo1tb_pytorch_05-24-2026-09-01-11.log
W0524 09:01:33.235000 9 site-packages/torch/distributed/run.py:803] 
W0524 09:01:33.235000 9 site-packages/torch/distributed/run.py:803] *****************************************
W0524 09:01:33.235000 9 site-packages/torch/distributed/run.py:803] Setting OMP_NUM_THREADS environment variable for each process to be 1 in default, to avoid your system being overloaded, please further tune the variable for optimal performance in your application as needed. 
W0524 09:01:33.235000 9 site-packages/torch/distributed/run.py:803] *****************************************
2026-05-24 09:01:44.546951: E external/local_xla/xla/stream_executor/cuda/cuda_fft.cc:467] Unable to register cuFFT factory: Attempting to register factory for plugin cuFFT when one has already been registered
2026-05-24 09:01:44.546966: E external/local_xla/xla/stream_executor/cuda/cuda_fft.cc:467] Unable to register cuFFT factory: Attempting to register factory for plugin cuFFT when one has already been registered
2026-05-24 09:01:44.546951: E external/local_xla/xla/stream_executor/cuda/cuda_fft.cc:467] Unable to register cuFFT factory: Attempting to register factory for plugin cuFFT when one has already been registered
2026-05-24 09:01:44.546951: E external/local_xla/xla/stream_executor/cuda/cuda_fft.cc:467] Unable to register cuFFT factory: Attempting to register factory for plugin cuFFT when one has already been registered
WARNING: All log messages before absl::InitializeLog() is called are written to STDERR
WARNING: All log messages before absl::InitializeLog() is called are written to STDERR
E0000 00:00:1779613305.301431      41 cuda_dnn.cc:8579] Unable to register cuDNN factory: Attempting to register factory for plugin cuDNN when one has already been registered
E0000 00:00:1779613305.301431      39 cuda_dnn.cc:8579] Unable to register cuDNN factory: Attempting to register factory for plugin cuDNN when one has already been registered
WARNING: All log messages before absl::InitializeLog() is called are written to STDERR
WARNING: All log messages before absl::InitializeLog() is called are written to STDERR
E0000 00:00:1779613305.301454      38 cuda_dnn.cc:8579] Unable to register cuDNN factory: Attempting to register factory for plugin cuDNN when one has already been registered
E0000 00:00:1779613305.301426      40 cuda_dnn.cc:8579] Unable to register cuDNN factory: Attempting to register factory for plugin cuDNN when one has already been registered
E0000 00:00:1779613305.448465      38 cuda_blas.cc:1407] Unable to register cuBLAS factory: Attempting to register factory for plugin cuBLAS when one has already been registered
E0000 00:00:1779613305.448464      39 cuda_blas.cc:1407] Unable to register cuBLAS factory: Attempting to register factory for plugin cuBLAS when one has already been registered
E0000 00:00:1779613305.448462      40 cuda_blas.cc:1407] Unable to register cuBLAS factory: Attempting to register factory for plugin cuBLAS when one has already been registered
E0000 00:00:1779613305.448474      41 cuda_blas.cc:1407] Unable to register cuBLAS factory: Attempting to register factory for plugin cuBLAS when one has already been registered
W0000 00:00:1779613307.087755      41 computation_placer.cc:177] computation placer already registered. Please check linkage and avoid linking the same target more than once.
W0000 00:00:1779613307.087756      40 computation_placer.cc:177] computation placer already registered. Please check linkage and avoid linking the same target more than once.
W0000 00:00:1779613307.087767      38 computation_placer.cc:177] computation placer already registered. Please check linkage and avoid linking the same target more than once.
W0000 00:00:1779613307.087799      38 computation_placer.cc:177] computation placer already registered. Please check linkage and avoid linking the same target more than once.
W0000 00:00:1779613307.087799      40 computation_placer.cc:177] computation placer already registered. Please check linkage and avoid linking the same target more than once.
W0000 00:00:1779613307.087801      38 computation_placer.cc:177] computation placer already registered. Please check linkage and avoid linking the same target more than once.
W0000 00:00:1779613307.087802      40 computation_placer.cc:177] computation placer already registered. Please check linkage and avoid linking the same target more than once.
W0000 00:00:1779613307.087801      41 computation_placer.cc:177] computation placer already registered. Please check linkage and avoid linking the same target more than once.
W0000 00:00:1779613307.087804      38 computation_placer.cc:177] computation placer already registered. Please check linkage and avoid linking the same target more than once.
W0000 00:00:1779613307.087804      40 computation_placer.cc:177] computation placer already registered. Please check linkage and avoid linking the same target more than once.
W0000 00:00:1779613307.087804      41 computation_placer.cc:177] computation placer already registered. Please check linkage and avoid linking the same target more than once.
W0000 00:00:1779613307.087807      41 computation_placer.cc:177] computation placer already registered. Please check linkage and avoid linking the same target more than once.
W0000 00:00:1779613307.087779      39 computation_placer.cc:177] computation placer already registered. Please check linkage and avoid linking the same target more than once.
W0000 00:00:1779613307.087815      39 computation_placer.cc:177] computation placer already registered. Please check linkage and avoid linking the same target more than once.
W0000 00:00:1779613307.087820      39 computation_placer.cc:177] computation placer already registered. Please check linkage and avoid linking the same target more than once.
W0000 00:00:1779613307.087824      39 computation_placer.cc:177] computation placer already registered. Please check linkage and avoid linking the same target more than once.
W0000 00:00:1779613334.579562      41 gpu_device.cc:2341] Cannot dlopen some GPU libraries. Please make sure the missing libraries mentioned above are installed properly if you would like to use GPU. Follow the guide at https://www.tensorflow.org/install/gpu for how to download and setup the required libraries for your platform.
Skipping registering GPU devices...
W0000 00:00:1779613334.579568      40 gpu_device.cc:2341] Cannot dlopen some GPU libraries. Please make sure the missing libraries mentioned above are installed properly if you would like to use GPU. Follow the guide at https://www.tensorflow.org/install/gpu for how to download and setup the required libraries for your platform.
Skipping registering GPU devices...
W0000 00:00:1779613334.579591      38 gpu_device.cc:2341] Cannot dlopen some GPU libraries. Please make sure the missing libraries mentioned above are installed properly if you would like to use GPU. Follow the guide at https://www.tensorflow.org/install/gpu for how to download and setup the required libraries for your platform.
Skipping registering GPU devices...
W0000 00:00:1779613334.597137      39 gpu_device.cc:2341] Cannot dlopen some GPU libraries. Please make sure the missing libraries mentioned above are installed properly if you would like to use GPU. Follow the guide at https://www.tensorflow.org/install/gpu for how to download and setup the required libraries for your platform.
Skipping registering GPU devices...
/usr/local/lib/python3.11/site-packages/torch/__init__.py:1617: UserWarning: Please use the new API settings to control TF32 behavior, such as torch.backends.cudnn.conv.fp32_precision = 'tf32' or torch.backends.cuda.matmul.fp32_precision = 'ieee'. Old settings, e.g, torch.backends.cuda.matmul.allow_tf32 = True, torch.backends.cudnn.allow_tf32 = True, allowTF32CuDNN() and allowTF32CuBLAS() will be deprecated after Pytorch 2.9. Please see https://pytorch.org/docs/main/notes/cuda.html#tensorfloat-32-tf32-on-ampere-and-later-devices (Triggered internally at /pytorch/aten/src/ATen/Context.cpp:80.)
  _C._set_float32_matmul_precision(precision)
/usr/local/lib/python3.11/site-packages/torch/__init__.py:1617: UserWarning: Please use the new API settings to control TF32 behavior, such as torch.backends.cudnn.conv.fp32_precision = 'tf32' or torch.backends.cuda.matmul.fp32_precision = 'ieee'. Old settings, e.g, torch.backends.cuda.matmul.allow_tf32 = True, torch.backends.cudnn.allow_tf32 = True, allowTF32CuDNN() and allowTF32CuBLAS() will be deprecated after Pytorch 2.9. Please see https://pytorch.org/docs/main/notes/cuda.html#tensorfloat-32-tf32-on-ampere-and-later-devices (Triggered internally at /pytorch/aten/src/ATen/Context.cpp:80.)
  _C._set_float32_matmul_precision(precision)
/usr/local/lib/python3.11/site-packages/torch/__init__.py:1617: UserWarning: Please use the new API settings to control TF32 behavior, such as torch.backends.cudnn.conv.fp32_precision = 'tf32' or torch.backends.cuda.matmul.fp32_precision = 'ieee'. Old settings, e.g, torch.backends.cuda.matmul.allow_tf32 = True, torch.backends.cudnn.allow_tf32 = True, allowTF32CuDNN() and allowTF32CuBLAS() will be deprecated after Pytorch 2.9. Please see https://pytorch.org/docs/main/notes/cuda.html#tensorfloat-32-tf32-on-ampere-and-later-devices (Triggered internally at /pytorch/aten/src/ATen/Context.cpp:80.)
  _C._set_float32_matmul_precision(precision)
/usr/local/lib/python3.11/site-packages/torch/__init__.py:1617: UserWarning: Please use the new API settings to control TF32 behavior, such as torch.backends.cudnn.conv.fp32_precision = 'tf32' or torch.backends.cuda.matmul.fp32_precision = 'ieee'. Old settings, e.g, torch.backends.cuda.matmul.allow_tf32 = True, torch.backends.cudnn.allow_tf32 = True, allowTF32CuDNN() and allowTF32CuBLAS() will be deprecated after Pytorch 2.9. Please see https://pytorch.org/docs/main/notes/cuda.html#tensorfloat-32-tf32-on-ampere-and-later-devices (Triggered internally at /pytorch/aten/src/ATen/Context.cpp:80.)
  _C._set_float32_matmul_precision(precision)
/usr/local/lib/python3.11/site-packages/pydantic/_internal/_generate_schema.py:2249: UnsupportedFieldAttributeWarning: The 'repr' attribute with value False was provided to the `Field()` function, which has no effect in the context it was used. 'repr' is field-specific metadata, and can only be attached to a model field using `Annotated` metadata or by assignment. This may have happened because an `Annotated` type alias using the `type` statement was used, or if the `Field()` function was attached to a single member of a union type.
  warnings.warn(
/usr/local/lib/python3.11/site-packages/pydantic/_internal/_generate_schema.py:2249: UnsupportedFieldAttributeWarning: The 'repr' attribute with value False was provided to the `Field()` function, which has no effect in the context it was used. 'repr' is field-specific metadata, and can only be attached to a model field using `Annotated` metadata or by assignment. This may have happened because an `Annotated` type alias using the `type` statement was used, or if the `Field()` function was attached to a single member of a union type.
  warnings.warn(
/usr/local/lib/python3.11/site-packages/pydantic/_internal/_generate_schema.py:2249: UnsupportedFieldAttributeWarning: The 'repr' attribute with value False was provided to the `Field()` function, which has no effect in the context it was used. 'repr' is field-specific metadata, and can only be attached to a model field using `Annotated` metadata or by assignment. This may have happened because an `Annotated` type alias using the `type` statement was used, or if the `Field()` function was attached to a single member of a union type.
  warnings.warn(
/usr/local/lib/python3.11/site-packages/pydantic/_internal/_generate_schema.py:2249: UnsupportedFieldAttributeWarning: The 'frozen' attribute with value True was provided to the `Field()` function, which has no effect in the context it was used. 'frozen' is field-specific metadata, and can only be attached to a model field using `Annotated` metadata or by assignment. This may have happened because an `Annotated` type alias using the `type` statement was used, or if the `Field()` function was attached to a single member of a union type.
  warnings.warn(
/usr/local/lib/python3.11/site-packages/pydantic/_internal/_generate_schema.py:2249: UnsupportedFieldAttributeWarning: The 'frozen' attribute with value True was provided to the `Field()` function, which has no effect in the context it was used. 'frozen' is field-specific metadata, and can only be attached to a model field using `Annotated` metadata or by assignment. This may have happened because an `Annotated` type alias using the `type` statement was used, or if the `Field()` function was attached to a single member of a union type.
  warnings.warn(
/usr/local/lib/python3.11/site-packages/pydantic/_internal/_generate_schema.py:2249: UnsupportedFieldAttributeWarning: The 'frozen' attribute with value True was provided to the `Field()` function, which has no effect in the context it was used. 'frozen' is field-specific metadata, and can only be attached to a model field using `Annotated` metadata or by assignment. This may have happened because an `Annotated` type alias using the `type` statement was used, or if the `Field()` function was attached to a single member of a union type.
  warnings.warn(
/usr/local/lib/python3.11/site-packages/pydantic/_internal/_generate_schema.py:2249: UnsupportedFieldAttributeWarning: The 'repr' attribute with value False was provided to the `Field()` function, which has no effect in the context it was used. 'repr' is field-specific metadata, and can only be attached to a model field using `Annotated` metadata or by assignment. This may have happened because an `Annotated` type alias using the `type` statement was used, or if the `Field()` function was attached to a single member of a union type.
  warnings.warn(
/usr/local/lib/python3.11/site-packages/pydantic/_internal/_generate_schema.py:2249: UnsupportedFieldAttributeWarning: The 'frozen' attribute with value True was provided to the `Field()` function, which has no effect in the context it was used. 'frozen' is field-specific metadata, and can only be attached to a model field using `Annotated` metadata or by assignment. This may have happened because an `Annotated` type alias using the `type` statement was used, or if the `Field()` function was attached to a single member of a union type.
  warnings.warn(
/usr/local/lib/python3.11/site-packages/torch/distributed/distributed_c10d.py:4876: UserWarning: barrier(): using the device under current context. You can specify `device_id` in `init_process_group` to mute this warning.
  warnings.warn(  # warn only once
[rank0]:[W524 09:02:22.242664336 ProcessGroupNCCL.cpp:5068] Guessing device ID based on global rank. This can cause a hang if rank to GPU mapping is heterogeneous. You can specify device_id in init_process_group()
I0524 09:02:25.136010 140326376506560 logger_utils.py:84] Creating experiment directory at /experiment_runs/submissions_a100/muon_torch_jax_hps/study_0/criteo1tb_pytorch.
I0524 09:02:25.136011 140708951925952 logger_utils.py:84] Creating experiment directory at /experiment_runs/submissions_a100/muon_torch_jax_hps/study_0/criteo1tb_pytorch.
I0524 09:02:25.136011 140368074618048 logger_utils.py:84] Creating experiment directory at /experiment_runs/submissions_a100/muon_torch_jax_hps/study_0/criteo1tb_pytorch.
I0524 09:02:25.136040 139836842919104 logger_utils.py:84] Creating experiment directory at /experiment_runs/submissions_a100/muon_torch_jax_hps/study_0/criteo1tb_pytorch.
I0524 09:02:36.471307 140326376506560 submission_runner.py:741] Creating directory at /experiment_runs/submissions_a100/muon_torch_jax_hps/study_0/criteo1tb_pytorch/trial_1.
I0524 09:02:36.837666 140326376506560 submission_runner.py:242] Initializing dataset.
I0524 09:02:36.837869 140326376506560 submission_runner.py:251] Initializing model.
W0524 09:02:42.179740 140326376506560 submission_runner.py:273] These workloads cannot be fully compiled under current PyTorch version. Proceeding without `torch.compile`.
W0524 09:02:42.179731 139836842919104 submission_runner.py:273] These workloads cannot be fully compiled under current PyTorch version. Proceeding without `torch.compile`.
W0524 09:02:42.179735 140708951925952 submission_runner.py:273] These workloads cannot be fully compiled under current PyTorch version. Proceeding without `torch.compile`.
W0524 09:02:42.179732 140368074618048 submission_runner.py:273] These workloads cannot be fully compiled under current PyTorch version. Proceeding without `torch.compile`.
I0524 09:02:42.179934 140326376506560 submission_runner.py:294] Initializing optimizer.
I0524 09:02:42.180062 140708951925952 muon.py:324] Muon params:
	module.bot_mlp.0.weight (ndim=2)
	module.bot_mlp.2.weight (ndim=2)
	module.bot_mlp.4.weight (ndim=2)
	module.top_mlp.0.weight (ndim=2)
	module.top_mlp.2.weight (ndim=2)
	module.top_mlp.4.weight (ndim=2)
	module.top_mlp.6.weight (ndim=2)
	module.top_mlp.9.weight (ndim=2)
I0524 09:02:42.180064 139836842919104 muon.py:324] Muon params:
	module.bot_mlp.0.weight (ndim=2)
	module.bot_mlp.2.weight (ndim=2)
	module.bot_mlp.4.weight (ndim=2)
	module.top_mlp.0.weight (ndim=2)
	module.top_mlp.2.weight (ndim=2)
	module.top_mlp.4.weight (ndim=2)
	module.top_mlp.6.weight (ndim=2)
	module.top_mlp.9.weight (ndim=2)
I0524 09:02:42.180068 140368074618048 muon.py:324] Muon params:
	module.bot_mlp.0.weight (ndim=2)
	module.bot_mlp.2.weight (ndim=2)
	module.bot_mlp.4.weight (ndim=2)
	module.top_mlp.0.weight (ndim=2)
	module.top_mlp.2.weight (ndim=2)
	module.top_mlp.4.weight (ndim=2)
	module.top_mlp.6.weight (ndim=2)
	module.top_mlp.9.weight (ndim=2)
I0524 09:02:42.180115 140326376506560 muon.py:324] Muon params:
	module.bot_mlp.0.weight (ndim=2)
	module.bot_mlp.2.weight (ndim=2)
	module.bot_mlp.4.weight (ndim=2)
	module.top_mlp.0.weight (ndim=2)
	module.top_mlp.2.weight (ndim=2)
	module.top_mlp.4.weight (ndim=2)
	module.top_mlp.6.weight (ndim=2)
	module.top_mlp.9.weight (ndim=2)
I0524 09:02:42.180135 139836842919104 muon.py:325] Adam params:
	module.embedding_chunk_0 (ndim=2)
	module.embedding_chunk_1 (ndim=2)
	module.embedding_chunk_2 (ndim=2)
	module.embedding_chunk_3 (ndim=2)
	module.bot_mlp.0.bias (ndim=1)
	module.bot_mlp.2.bias (ndim=1)
	module.bot_mlp.4.bias (ndim=1)
	module.top_mlp.0.bias (ndim=1)
	module.top_mlp.2.bias (ndim=1)
	module.top_mlp.4.bias (ndim=1)
	module.top_mlp.6.bias (ndim=1)
	module.top_mlp.9.bias (ndim=1)
I0524 09:02:42.180139 140368074618048 muon.py:325] Adam params:
	module.embedding_chunk_0 (ndim=2)
	module.embedding_chunk_1 (ndim=2)
	module.embedding_chunk_2 (ndim=2)
	module.embedding_chunk_3 (ndim=2)
	module.bot_mlp.0.bias (ndim=1)
	module.bot_mlp.2.bias (ndim=1)
	module.bot_mlp.4.bias (ndim=1)
	module.top_mlp.0.bias (ndim=1)
	module.top_mlp.2.bias (ndim=1)
	module.top_mlp.4.bias (ndim=1)
	module.top_mlp.6.bias (ndim=1)
	module.top_mlp.9.bias (ndim=1)
I0524 09:02:42.180142 140708951925952 muon.py:325] Adam params:
	module.embedding_chunk_0 (ndim=2)
	module.embedding_chunk_1 (ndim=2)
	module.embedding_chunk_2 (ndim=2)
	module.embedding_chunk_3 (ndim=2)
	module.bot_mlp.0.bias (ndim=1)
	module.bot_mlp.2.bias (ndim=1)
	module.bot_mlp.4.bias (ndim=1)
	module.top_mlp.0.bias (ndim=1)
	module.top_mlp.2.bias (ndim=1)
	module.top_mlp.4.bias (ndim=1)
	module.top_mlp.6.bias (ndim=1)
	module.top_mlp.9.bias (ndim=1)
I0524 09:02:42.180179 140326376506560 muon.py:325] Adam params:
	module.embedding_chunk_0 (ndim=2)
	module.embedding_chunk_1 (ndim=2)
	module.embedding_chunk_2 (ndim=2)
	module.embedding_chunk_3 (ndim=2)
	module.bot_mlp.0.bias (ndim=1)
	module.bot_mlp.2.bias (ndim=1)
	module.bot_mlp.4.bias (ndim=1)
	module.top_mlp.0.bias (ndim=1)
	module.top_mlp.2.bias (ndim=1)
	module.top_mlp.4.bias (ndim=1)
	module.top_mlp.6.bias (ndim=1)
	module.top_mlp.9.bias (ndim=1)
I0524 09:02:42.235478 140326376506560 submission_runner.py:299] Initializing metrics bundle.
I0524 09:02:42.235688 140326376506560 submission_runner.py:321] Initializing checkpoint and logger.
I0524 09:02:42.237525 140326376506560 submission_runner.py:344] Saving meta data to /experiment_runs/submissions_a100/muon_torch_jax_hps/study_0/criteo1tb_pytorch/trial_1/meta_data_0.json.
I0524 09:02:42.237606 140368074618048 logger_utils.py:283] Unable to record workload.train_mean information. Continuing without it.
I0524 09:02:42.237621 140708951925952 logger_utils.py:283] Unable to record workload.train_mean information. Continuing without it.
I0524 09:02:42.237634 139836842919104 logger_utils.py:283] Unable to record workload.train_mean information. Continuing without it.
I0524 09:02:42.237765 140326376506560 logger_utils.py:283] Unable to record workload.train_mean information. Continuing without it.
I0524 09:02:42.237781 140368074618048 logger_utils.py:283] Unable to record workload.train_stddev information. Continuing without it.
I0524 09:02:42.237793 139836842919104 logger_utils.py:283] Unable to record workload.train_stddev information. Continuing without it.
I0524 09:02:42.237784 140708951925952 logger_utils.py:283] Unable to record workload.train_stddev information. Continuing without it.
I0524 09:02:42.237836 140326376506560 logger_utils.py:283] Unable to record workload.train_stddev information. Continuing without it.
I0524 09:02:42.805418 140326376506560 submission_runner.py:348] Saving flags to /experiment_runs/submissions_a100/muon_torch_jax_hps/study_0/criteo1tb_pytorch/trial_1/flags_0.json.
I0524 09:02:42.943397 140326376506560 submission_runner.py:359] Starting training loop.
I0524 09:03:28.431875 140326376506560 spec.py:333] Evaluating on the training split.
I0524 09:14:16.869075 140326376506560 spec.py:346] Evaluating on the validation split.
I0524 09:25:08.325841 140326376506560 spec.py:363] Evaluating on the test split.
I0524 09:37:26.213783 140326376506560 submission_runner.py:516] Time since start: 2083.27s, 	Step: 1, 	{'train/loss': 0.2725992032515294, 'validation/loss': 0.2746304781954123, 'validation/num_examples': 83274637, 'test/loss': 0.2745307742540861, 'test/num_examples': 95000000, 'score': 45.0601065158844, 'total_duration': 2083.270789861679, 'accumulated_submission_time': 45.0601065158844, 'accumulated_eval_time': 2037.7818720340729, 'accumulated_logging_time': 0}
I0524 09:37:26.518263 140285149312768 logging_writer.py:48] [1] accumulated_eval_time=2037.78, accumulated_logging_time=0, accumulated_submission_time=45.0601, global_step=1, preemption_count=0, score=45.0601, test/loss=0.274531, test/num_examples=95000000, total_duration=2083.27, train/loss=0.272599, validation/loss=0.27463, validation/num_examples=83274637
I0524 09:43:24.872242 140326376506560 spec.py:333] Evaluating on the training split.
I0524 09:54:08.519530 140326376506560 spec.py:346] Evaluating on the validation split.
I0524 09:58:11.221525 140326376506560 spec.py:363] Evaluating on the test split.
I0524 10:02:43.942085 140326376506560 submission_runner.py:516] Time since start: 3601.00s, 	Step: 204, 	{'train/loss': 0.27172810537804715, 'validation/loss': 0.2746304781954123, 'validation/num_examples': 83274637, 'test/loss': 0.2745307742540861, 'test/num_examples': 95000000, 'score': 402.28683495521545, 'total_duration': 3600.999185562134, 'accumulated_submission_time': 402.28683495521545, 'accumulated_eval_time': 3196.8517591953278, 'accumulated_logging_time': 0.4828455448150635}
I0524 10:02:43.970253 140285140920064 logging_writer.py:48] [204] accumulated_eval_time=3196.85, accumulated_logging_time=0.482846, accumulated_submission_time=402.287, global_step=204, preemption_count=0, score=402.287, test/loss=0.274531, test/num_examples=95000000, total_duration=3601, train/loss=0.271728, validation/loss=0.27463, validation/num_examples=83274637
I0524 10:08:41.010558 140326376506560 spec.py:333] Evaluating on the training split.
I0524 10:19:15.986678 140326376506560 spec.py:346] Evaluating on the validation split.
I0524 10:23:04.025714 140326376506560 spec.py:363] Evaluating on the test split.
I0524 10:27:17.731315 140326376506560 submission_runner.py:516] Time since start: 5074.79s, 	Step: 392, 	{'train/loss': 0.27241609192770483, 'validation/loss': 0.2746304781954123, 'validation/num_examples': 83274637, 'test/loss': 0.2745307742547286, 'test/num_examples': 95000000, 'score': 758.4178853034973, 'total_duration': 5074.788440465927, 'accumulated_submission_time': 758.4178853034973, 'accumulated_eval_time': 4313.572587490082, 'accumulated_logging_time': 0.5184426307678223}
I0524 10:27:17.764688 140285149312768 logging_writer.py:48] [392] accumulated_eval_time=4313.57, accumulated_logging_time=0.518443, accumulated_submission_time=758.418, global_step=392, preemption_count=0, score=758.418, test/loss=0.274531, test/num_examples=95000000, total_duration=5074.79, train/loss=0.272416, validation/loss=0.27463, validation/num_examples=83274637
I0524 10:33:14.480478 140326376506560 spec.py:333] Evaluating on the training split.
I0524 10:43:05.286604 140326376506560 spec.py:346] Evaluating on the validation split.
I0524 10:46:54.266089 140326376506560 spec.py:363] Evaluating on the test split.
I0524 10:51:07.366083 140326376506560 submission_runner.py:516] Time since start: 6504.42s, 	Step: 602, 	{'train/loss': 0.27197698485703536, 'validation/loss': 0.2746304781954123, 'validation/num_examples': 83274637, 'test/loss': 0.2745307742547286, 'test/num_examples': 95000000, 'score': 1114.2086517810822, 'total_duration': 6504.423200845718, 'accumulated_submission_time': 1114.2086517810822, 'accumulated_eval_time': 5386.458238601685, 'accumulated_logging_time': 0.5592494010925293}
I0524 10:51:07.391038 140285140920064 logging_writer.py:48] [602] accumulated_eval_time=5386.46, accumulated_logging_time=0.559249, accumulated_submission_time=1114.21, global_step=602, preemption_count=0, score=1114.21, test/loss=0.274531, test/num_examples=95000000, total_duration=6504.42, train/loss=0.271977, validation/loss=0.27463, validation/num_examples=83274637
I0524 10:57:05.591491 140326376506560 spec.py:333] Evaluating on the training split.
I0524 11:06:25.940232 140326376506560 spec.py:346] Evaluating on the validation split.
I0524 11:10:13.920760 140326376506560 spec.py:363] Evaluating on the test split.
I0524 11:14:27.834356 140326376506560 submission_runner.py:516] Time since start: 7904.89s, 	Step: 806, 	{'train/loss': 0.27323714833682433, 'validation/loss': 0.2746304781954123, 'validation/num_examples': 83274637, 'test/loss': 0.2745307742547286, 'test/num_examples': 95000000, 'score': 1471.4919481277466, 'total_duration': 7904.8914704322815, 'accumulated_submission_time': 1471.4919481277466, 'accumulated_eval_time': 6428.701151371002, 'accumulated_logging_time': 0.5915699005126953}
I0524 11:14:27.857732 140285149312768 logging_writer.py:48] [806] accumulated_eval_time=6428.7, accumulated_logging_time=0.59157, accumulated_submission_time=1471.49, global_step=806, preemption_count=0, score=1471.49, test/loss=0.274531, test/num_examples=95000000, total_duration=7904.89, train/loss=0.273237, validation/loss=0.27463, validation/num_examples=83274637
I0524 11:20:24.671715 140326376506560 spec.py:333] Evaluating on the training split.
I0524 11:30:44.578233 140326376506560 spec.py:346] Evaluating on the validation split.
I0524 11:34:33.830625 140326376506560 spec.py:363] Evaluating on the test split.
I0524 11:38:47.863149 140326376506560 submission_runner.py:516] Time since start: 9364.92s, 	Step: 1009, 	{'train/loss': 0.2730627299086529, 'validation/loss': 0.2746304781954123, 'validation/num_examples': 83274637, 'test/loss': 0.2745307742547286, 'test/num_examples': 95000000, 'score': 1827.3855628967285, 'total_duration': 9364.920273542404, 'accumulated_submission_time': 1827.3855628967285, 'accumulated_eval_time': 7531.89267373085, 'accumulated_logging_time': 0.6218447685241699}
I0524 11:38:47.886222 140285140920064 logging_writer.py:48] [1009] accumulated_eval_time=7531.89, accumulated_logging_time=0.621845, accumulated_submission_time=1827.39, global_step=1009, preemption_count=0, score=1827.39, test/loss=0.274531, test/num_examples=95000000, total_duration=9364.92, train/loss=0.273063, validation/loss=0.27463, validation/num_examples=83274637
I0524 11:44:44.885243 140326376506560 spec.py:333] Evaluating on the training split.
I0524 11:54:33.111366 140326376506560 spec.py:346] Evaluating on the validation split.
I0524 11:58:19.775141 140326376506560 spec.py:363] Evaluating on the test split.
I0524 12:02:33.237095 140326376506560 submission_runner.py:516] Time since start: 10790.29s, 	Step: 1208, 	{'train/loss': 0.27213009478593586, 'validation/loss': 0.2746304781968782, 'validation/num_examples': 83274637, 'test/loss': 0.2745307742553711, 'test/num_examples': 95000000, 'score': 2183.467311859131, 'total_duration': 10790.294198989868, 'accumulated_submission_time': 2183.467311859131, 'accumulated_eval_time': 8600.244569540024, 'accumulated_logging_time': 0.6519536972045898}
I0524 12:02:33.262718 140285149312768 logging_writer.py:48] [1208] accumulated_eval_time=8600.24, accumulated_logging_time=0.651954, accumulated_submission_time=2183.47, global_step=1208, preemption_count=0, score=2183.47, test/loss=0.274531, test/num_examples=95000000, total_duration=10790.3, train/loss=0.27213, validation/loss=0.27463, validation/num_examples=83274637
I0524 12:08:31.177052 140326376506560 spec.py:333] Evaluating on the training split.
I0524 12:18:48.525755 140326376506560 spec.py:346] Evaluating on the validation split.
I0524 12:22:36.241841 140326376506560 spec.py:363] Evaluating on the test split.
I0524 12:26:48.512691 140326376506560 submission_runner.py:516] Time since start: 12245.57s, 	Step: 1415, 	{'train/loss': 0.27240788824482504, 'validation/loss': 0.2746304781968782, 'validation/num_examples': 83274637, 'test/loss': 0.2745307742553711, 'test/num_examples': 95000000, 'score': 2540.46786236763, 'total_duration': 12245.569826364517, 'accumulated_submission_time': 2540.46786236763, 'accumulated_eval_time': 9697.580302715302, 'accumulated_logging_time': 0.6845464706420898}
I0524 12:26:48.540989 140285140920064 logging_writer.py:48] [1415] accumulated_eval_time=9697.58, accumulated_logging_time=0.684546, accumulated_submission_time=2540.47, global_step=1415, preemption_count=0, score=2540.47, test/loss=0.274531, test/num_examples=95000000, total_duration=12245.6, train/loss=0.272408, validation/loss=0.27463, validation/num_examples=83274637
I0524 12:32:45.245595 140326376506560 spec.py:333] Evaluating on the training split.
I0524 12:43:05.437087 140326376506560 spec.py:346] Evaluating on the validation split.
I0524 12:46:49.134842 140326376506560 spec.py:363] Evaluating on the test split.
I0524 12:50:58.836231 140326376506560 submission_runner.py:516] Time since start: 13695.89s, 	Step: 1629, 	{'train/loss': 0.2726151499352703, 'validation/loss': 0.2746304781968782, 'validation/num_examples': 83274637, 'test/loss': 0.2745307742553711, 'test/num_examples': 95000000, 'score': 2896.2513740062714, 'total_duration': 13695.893337488174, 'accumulated_submission_time': 2896.2513740062714, 'accumulated_eval_time': 10791.170994281769, 'accumulated_logging_time': 0.7206411361694336}
I0524 12:50:58.861425 140285149312768 logging_writer.py:48] [1629] accumulated_eval_time=10791.2, accumulated_logging_time=0.720641, accumulated_submission_time=2896.25, global_step=1629, preemption_count=0, score=2896.25, test/loss=0.274531, test/num_examples=95000000, total_duration=13695.9, train/loss=0.272615, validation/loss=0.27463, validation/num_examples=83274637
I0524 12:56:55.779863 140326376506560 spec.py:333] Evaluating on the training split.
I0524 13:07:06.835077 140326376506560 spec.py:346] Evaluating on the validation split.
I0524 13:10:45.774539 140326376506560 spec.py:363] Evaluating on the test split.
I0524 13:14:51.232362 140326376506560 submission_runner.py:516] Time since start: 15128.29s, 	Step: 1841, 	{'train/loss': 0.2729934871038442, 'validation/loss': 0.2746304781968782, 'validation/num_examples': 83274637, 'test/loss': 0.2745307742553711, 'test/num_examples': 95000000, 'score': 3252.2479207515717, 'total_duration': 15128.289497375488, 'accumulated_submission_time': 3252.2479207515717, 'accumulated_eval_time': 11866.623581409454, 'accumulated_logging_time': 0.7528743743896484}
I0524 13:14:51.256880 140285140920064 logging_writer.py:48] [1841] accumulated_eval_time=11866.6, accumulated_logging_time=0.752874, accumulated_submission_time=3252.25, global_step=1841, preemption_count=0, score=3252.25, test/loss=0.274531, test/num_examples=95000000, total_duration=15128.3, train/loss=0.272993, validation/loss=0.27463, validation/num_examples=83274637
I0524 13:20:47.971727 140326376506560 spec.py:333] Evaluating on the training split.
I0524 13:30:16.065029 140326376506560 spec.py:346] Evaluating on the validation split.
I0524 13:33:43.603585 140326376506560 spec.py:363] Evaluating on the test split.
I0524 13:37:38.848866 140326376506560 submission_runner.py:516] Time since start: 16495.91s, 	Step: 2046, 	{'train/loss': 0.271834342373114, 'validation/loss': 0.2746304781968782, 'validation/num_examples': 83274637, 'test/loss': 0.2745307742560136, 'test/num_examples': 95000000, 'score': 3608.0470147132874, 'total_duration': 16495.906005382538, 'accumulated_submission_time': 3608.0470147132874, 'accumulated_eval_time': 12877.500821352005, 'accumulated_logging_time': 0.7843661308288574}
I0524 13:37:38.872310 140285149312768 logging_writer.py:48] [2046] accumulated_eval_time=12877.5, accumulated_logging_time=0.784366, accumulated_submission_time=3608.05, global_step=2046, preemption_count=0, score=3608.05, test/loss=0.274531, test/num_examples=95000000, total_duration=16495.9, train/loss=0.271834, validation/loss=0.27463, validation/num_examples=83274637
I0524 13:43:37.006631 140326376506560 spec.py:333] Evaluating on the training split.
I0524 13:51:30.439057 140326376506560 spec.py:346] Evaluating on the validation split.
I0524 13:54:36.334295 140326376506560 spec.py:363] Evaluating on the test split.
I0524 13:58:11.066045 140326376506560 submission_runner.py:516] Time since start: 17728.12s, 	Step: 2234, 	{'train/loss': 0.2723851372131841, 'validation/loss': 0.2746304781968782, 'validation/num_examples': 83274637, 'test/loss': 0.2745307742560136, 'test/num_examples': 95000000, 'score': 3965.2717232704163, 'total_duration': 17728.123176813126, 'accumulated_submission_time': 3965.2717232704163, 'accumulated_eval_time': 13751.560331344604, 'accumulated_logging_time': 0.8148937225341797}
I0524 13:58:11.090099 140285140920064 logging_writer.py:48] [2234] accumulated_eval_time=13751.6, accumulated_logging_time=0.814894, accumulated_submission_time=3965.27, global_step=2234, preemption_count=0, score=3965.27, test/loss=0.274531, test/num_examples=95000000, total_duration=17728.1, train/loss=0.272385, validation/loss=0.27463, validation/num_examples=83274637
I0524 14:04:07.596897 140326376506560 spec.py:333] Evaluating on the training split.
I0524 14:09:37.361891 140326376506560 spec.py:346] Evaluating on the validation split.
I0524 14:12:43.610925 140326376506560 spec.py:363] Evaluating on the test split.
I0524 14:16:22.016282 140326376506560 submission_runner.py:516] Time since start: 18819.07s, 	Step: 2456, 	{'train/loss': 0.27253055224972356, 'validation/loss': 0.2746304781968782, 'validation/num_examples': 83274637, 'test/loss': 0.2745307742560136, 'test/num_examples': 95000000, 'score': 4320.8560671806335, 'total_duration': 18819.07342195511, 'accumulated_submission_time': 4320.8560671806335, 'accumulated_eval_time': 14485.979813098907, 'accumulated_logging_time': 0.8459467887878418}
I0524 14:16:22.040529 140285149312768 logging_writer.py:48] [2456] accumulated_eval_time=14486, accumulated_logging_time=0.845947, accumulated_submission_time=4320.86, global_step=2456, preemption_count=0, score=4320.86, test/loss=0.274531, test/num_examples=95000000, total_duration=18819.1, train/loss=0.272531, validation/loss=0.27463, validation/num_examples=83274637
I0524 14:22:19.589281 140326376506560 spec.py:333] Evaluating on the training split.
I0524 14:26:03.627564 140326376506560 spec.py:346] Evaluating on the validation split.
I0524 14:29:10.763751 140326376506560 spec.py:363] Evaluating on the test split.
I0524 14:32:51.716989 140326376506560 submission_runner.py:516] Time since start: 19808.77s, 	Step: 2679, 	{'train/loss': 0.27184433217402076, 'validation/loss': 0.2746304781968782, 'validation/num_examples': 83274637, 'test/loss': 0.2745307742560136, 'test/num_examples': 95000000, 'score': 4677.49698805809, 'total_duration': 19808.774117708206, 'accumulated_submission_time': 4677.49698805809, 'accumulated_eval_time': 15118.107568979263, 'accumulated_logging_time': 0.8772828578948975}
I0524 14:32:51.741955 140285140920064 logging_writer.py:48] [2679] accumulated_eval_time=15118.1, accumulated_logging_time=0.877283, accumulated_submission_time=4677.5, global_step=2679, preemption_count=0, score=4677.5, test/loss=0.274531, test/num_examples=95000000, total_duration=19808.8, train/loss=0.271844, validation/loss=0.27463, validation/num_examples=83274637
I0524 14:38:49.482067 140326376506560 spec.py:333] Evaluating on the training split.
I0524 14:40:33.778470 140326376506560 spec.py:346] Evaluating on the validation split.
I0524 14:43:40.481853 140326376506560 spec.py:363] Evaluating on the test split.
I0524 14:47:20.023696 140326376506560 submission_runner.py:516] Time since start: 20677.08s, 	Step: 2893, 	{'train/loss': 0.27243960490763575, 'validation/loss': 0.2746304781961452, 'validation/num_examples': 83274637, 'test/loss': 0.2745307742560136, 'test/num_examples': 95000000, 'score': 5034.329147100449, 'total_duration': 20677.080827474594, 'accumulated_submission_time': 5034.329147100449, 'accumulated_eval_time': 15628.649263858795, 'accumulated_logging_time': 0.9092938899993896}
I0524 14:47:20.049606 140285149312768 logging_writer.py:48] [2893] accumulated_eval_time=15628.6, accumulated_logging_time=0.909294, accumulated_submission_time=5034.33, global_step=2893, preemption_count=0, score=5034.33, test/loss=0.274531, test/num_examples=95000000, total_duration=20677.1, train/loss=0.27244, validation/loss=0.27463, validation/num_examples=83274637
I0524 14:53:16.719551 140326376506560 spec.py:333] Evaluating on the training split.
I0524 14:54:15.987397 140326376506560 spec.py:346] Evaluating on the validation split.
I0524 14:57:22.638571 140326376506560 spec.py:363] Evaluating on the test split.
I0524 15:01:03.381155 140326376506560 submission_runner.py:516] Time since start: 21500.44s, 	Step: 3102, 	{'train/loss': 0.2723673357181771, 'validation/loss': 0.2746304781961452, 'validation/num_examples': 83274637, 'test/loss': 0.2745307742560136, 'test/num_examples': 95000000, 'score': 5390.0867240428925, 'total_duration': 21500.438264369965, 'accumulated_submission_time': 5390.0867240428925, 'accumulated_eval_time': 16095.310913085938, 'accumulated_logging_time': 0.9425230026245117}
I0524 15:01:03.406622 140285140920064 logging_writer.py:48] [3102] accumulated_eval_time=16095.3, accumulated_logging_time=0.942523, accumulated_submission_time=5390.09, global_step=3102, preemption_count=0, score=5390.09, test/loss=0.274531, test/num_examples=95000000, total_duration=21500.4, train/loss=0.272367, validation/loss=0.27463, validation/num_examples=83274637
I0524 15:07:00.073597 140326376506560 spec.py:333] Evaluating on the training split.
I0524 15:07:59.309575 140326376506560 spec.py:346] Evaluating on the validation split.
I0524 15:11:05.384976 140326376506560 spec.py:363] Evaluating on the test split.
I0524 15:14:44.960080 140326376506560 submission_runner.py:516] Time since start: 22322.02s, 	Step: 3327, 	{'train/loss': 0.2728362379662697, 'validation/loss': 0.2746304781961452, 'validation/num_examples': 83274637, 'test/loss': 0.2745307742560136, 'test/num_examples': 95000000, 'score': 5745.839811086655, 'total_duration': 22322.017109155655, 'accumulated_submission_time': 5745.839811086655, 'accumulated_eval_time': 16560.197348594666, 'accumulated_logging_time': 0.9751811027526855}
I0524 15:14:44.985492 140285149312768 logging_writer.py:48] [3327] accumulated_eval_time=16560.2, accumulated_logging_time=0.975181, accumulated_submission_time=5745.84, global_step=3327, preemption_count=0, score=5745.84, test/loss=0.274531, test/num_examples=95000000, total_duration=22322, train/loss=0.272836, validation/loss=0.27463, validation/num_examples=83274637
I0524 15:20:42.617748 140326376506560 spec.py:333] Evaluating on the training split.
I0524 15:21:41.852926 140326376506560 spec.py:346] Evaluating on the validation split.
I0524 15:24:48.884198 140326376506560 spec.py:363] Evaluating on the test split.
I0524 15:28:28.962312 140326376506560 submission_runner.py:516] Time since start: 23146.02s, 	Step: 3541, 	{'train/loss': 0.27220323172031646, 'validation/loss': 0.2746304781961452, 'validation/num_examples': 83274637, 'test/loss': 0.2745307742560136, 'test/num_examples': 95000000, 'score': 6102.570296764374, 'total_duration': 23146.019438505173, 'accumulated_submission_time': 6102.570296764374, 'accumulated_eval_time': 17026.541965723038, 'accumulated_logging_time': 1.007798671722412}
I0524 15:28:28.986806 140285140920064 logging_writer.py:48] [3541] accumulated_eval_time=17026.5, accumulated_logging_time=1.0078, accumulated_submission_time=6102.57, global_step=3541, preemption_count=0, score=6102.57, test/loss=0.274531, test/num_examples=95000000, total_duration=23146, train/loss=0.272203, validation/loss=0.27463, validation/num_examples=83274637
I0524 15:34:25.918712 140326376506560 spec.py:333] Evaluating on the training split.
I0524 15:35:25.161859 140326376506560 spec.py:346] Evaluating on the validation split.
I0524 15:38:31.595201 140326376506560 spec.py:363] Evaluating on the test split.
I0524 15:42:12.154036 140326376506560 submission_runner.py:516] Time since start: 23969.21s, 	Step: 3739, 	{'train/loss': 0.27223861014047945, 'validation/loss': 0.2746304781961452, 'validation/num_examples': 83274637, 'test/loss': 0.2745307742560136, 'test/num_examples': 95000000, 'score': 6458.614013195038, 'total_duration': 23969.21116733551, 'accumulated_submission_time': 6458.614013195038, 'accumulated_eval_time': 17492.777352809906, 'accumulated_logging_time': 1.0394721031188965}
I0524 15:42:12.180762 140285149312768 logging_writer.py:48] [3739] accumulated_eval_time=17492.8, accumulated_logging_time=1.03947, accumulated_submission_time=6458.61, global_step=3739, preemption_count=0, score=6458.61, test/loss=0.274531, test/num_examples=95000000, total_duration=23969.2, train/loss=0.272239, validation/loss=0.27463, validation/num_examples=83274637
I0524 15:48:09.584851 140326376506560 spec.py:333] Evaluating on the training split.
I0524 15:49:08.822730 140326376506560 spec.py:346] Evaluating on the validation split.
I0524 15:52:15.594238 140326376506560 spec.py:363] Evaluating on the test split.
I0524 15:55:56.412915 140326376506560 submission_runner.py:516] Time since start: 24793.47s, 	Step: 3927, 	{'train/loss': 0.27178821899326633, 'validation/loss': 0.2746304781961452, 'validation/num_examples': 83274637, 'test/loss': 0.2745307742560136, 'test/num_examples': 95000000, 'score': 6815.145437479019, 'total_duration': 24793.470046043396, 'accumulated_submission_time': 6815.145437479019, 'accumulated_eval_time': 17959.605474472046, 'accumulated_logging_time': 1.0735514163970947}
I0524 15:55:56.439899 140285140920064 logging_writer.py:48] [3927] accumulated_eval_time=17959.6, accumulated_logging_time=1.07355, accumulated_submission_time=6815.15, global_step=3927, preemption_count=0, score=6815.15, test/loss=0.274531, test/num_examples=95000000, total_duration=24793.5, train/loss=0.271788, validation/loss=0.27463, validation/num_examples=83274637
I0524 16:01:54.614024 140326376506560 spec.py:333] Evaluating on the training split.
I0524 16:02:53.887518 140326376506560 spec.py:346] Evaluating on the validation split.
I0524 16:06:00.893512 140326376506560 spec.py:363] Evaluating on the test split.
I0524 16:09:41.204131 140326376506560 submission_runner.py:516] Time since start: 25618.26s, 	Step: 4151, 	{'train/loss': 0.2723729383554394, 'validation/loss': 0.2746304781961452, 'validation/num_examples': 83274637, 'test/loss': 0.2745307742560136, 'test/num_examples': 95000000, 'score': 7172.443696498871, 'total_duration': 25618.26126933098, 'accumulated_submission_time': 7172.443696498871, 'accumulated_eval_time': 18426.195674180984, 'accumulated_logging_time': 1.1076323986053467}
I0524 16:09:41.230087 140285149312768 logging_writer.py:48] [4151] accumulated_eval_time=18426.2, accumulated_logging_time=1.10763, accumulated_submission_time=7172.44, global_step=4151, preemption_count=0, score=7172.44, test/loss=0.274531, test/num_examples=95000000, total_duration=25618.3, train/loss=0.272373, validation/loss=0.27463, validation/num_examples=83274637
I0524 16:15:38.044574 140326376506560 spec.py:333] Evaluating on the training split.
I0524 16:16:37.182705 140326376506560 spec.py:346] Evaluating on the validation split.
I0524 16:19:43.268093 140326376506560 spec.py:363] Evaluating on the test split.
I0524 16:23:23.909455 140326376506560 submission_runner.py:516] Time since start: 26440.97s, 	Step: 4362, 	{'train/loss': 0.27320109624815064, 'validation/loss': 0.2746304781961452, 'validation/num_examples': 83274637, 'test/loss': 0.2745307742560136, 'test/num_examples': 95000000, 'score': 7528.396049261093, 'total_duration': 26440.966583251953, 'accumulated_submission_time': 7528.396049261093, 'accumulated_eval_time': 18892.06063270569, 'accumulated_logging_time': 1.1408143043518066}
I0524 16:23:23.937587 140285140920064 logging_writer.py:48] [4362] accumulated_eval_time=18892.1, accumulated_logging_time=1.14081, accumulated_submission_time=7528.4, global_step=4362, preemption_count=0, score=7528.4, test/loss=0.274531, test/num_examples=95000000, total_duration=26441, train/loss=0.273201, validation/loss=0.27463, validation/num_examples=83274637
I0524 16:29:21.827970 140326376506560 spec.py:333] Evaluating on the training split.
I0524 16:30:21.092726 140326376506560 spec.py:346] Evaluating on the validation split.
I0524 16:33:27.813643 140326376506560 spec.py:363] Evaluating on the test split.
I0524 16:37:09.067882 140326376506560 submission_runner.py:516] Time since start: 27266.12s, 	Step: 4550, 	{'train/loss': 0.27185165702112307, 'validation/loss': 0.2746304781961452, 'validation/num_examples': 83274637, 'test/loss': 0.2745307742560136, 'test/num_examples': 95000000, 'score': 7885.430836677551, 'total_duration': 27266.124970197678, 'accumulated_submission_time': 7885.430836677551, 'accumulated_eval_time': 19359.30055499077, 'accumulated_logging_time': 1.1761832237243652}
I0524 16:37:09.092780 140285149312768 logging_writer.py:48] [4550] accumulated_eval_time=19359.3, accumulated_logging_time=1.17618, accumulated_submission_time=7885.43, global_step=4550, preemption_count=0, score=7885.43, test/loss=0.274531, test/num_examples=95000000, total_duration=27266.1, train/loss=0.271852, validation/loss=0.27463, validation/num_examples=83274637
I0524 16:43:06.499037 140326376506560 spec.py:333] Evaluating on the training split.
I0524 16:44:05.793414 140326376506560 spec.py:346] Evaluating on the validation split.
I0524 16:47:10.923909 140326376506560 spec.py:363] Evaluating on the test split.
I0524 16:50:50.373316 140326376506560 submission_runner.py:516] Time since start: 28087.43s, 	Step: 4739, 	{'train/loss': 0.27197840547886465, 'validation/loss': 0.2746304781961452, 'validation/num_examples': 83274637, 'test/loss': 0.2745307742560136, 'test/num_examples': 95000000, 'score': 8241.979199171066, 'total_duration': 28087.43044066429, 'accumulated_submission_time': 8241.979199171066, 'accumulated_eval_time': 19823.174894094467, 'accumulated_logging_time': 1.2081429958343506}
I0524 16:50:50.398731 140285140920064 logging_writer.py:48] [4739] accumulated_eval_time=19823.2, accumulated_logging_time=1.20814, accumulated_submission_time=8241.98, global_step=4739, preemption_count=0, score=8241.98, test/loss=0.274531, test/num_examples=95000000, total_duration=28087.4, train/loss=0.271978, validation/loss=0.27463, validation/num_examples=83274637
I0524 16:56:48.023510 140326376506560 spec.py:333] Evaluating on the training split.
I0524 16:57:47.029831 140326376506560 spec.py:346] Evaluating on the validation split.
I0524 17:00:53.040956 140326376506560 spec.py:363] Evaluating on the test split.
I0524 17:04:33.086258 140326376506560 submission_runner.py:516] Time since start: 28910.14s, 	Step: 4952, 	{'train/loss': 0.2727192949328499, 'validation/loss': 0.2746304781961452, 'validation/num_examples': 83274637, 'test/loss': 0.2745307742560136, 'test/num_examples': 95000000, 'score': 8598.738156557083, 'total_duration': 28910.143368959427, 'accumulated_submission_time': 8598.738156557083, 'accumulated_eval_time': 20288.23766374588, 'accumulated_logging_time': 1.2407076358795166}
I0524 17:04:33.111931 140285149312768 logging_writer.py:48] [4952] accumulated_eval_time=20288.2, accumulated_logging_time=1.24071, accumulated_submission_time=8598.74, global_step=4952, preemption_count=0, score=8598.74, test/loss=0.274531, test/num_examples=95000000, total_duration=28910.1, train/loss=0.272719, validation/loss=0.27463, validation/num_examples=83274637
I0524 17:10:30.222845 140326376506560 spec.py:333] Evaluating on the training split.
I0524 17:11:29.341575 140326376506560 spec.py:346] Evaluating on the validation split.
I0524 17:14:35.193795 140326376506560 spec.py:363] Evaluating on the test split.
I0524 17:18:15.199795 140326376506560 submission_runner.py:516] Time since start: 29732.26s, 	Step: 5145, 	{'train/loss': 0.2715729803972631, 'validation/loss': 0.2746304781961452, 'validation/num_examples': 83274637, 'test/loss': 0.2745307742560136, 'test/num_examples': 95000000, 'score': 8954.987263679504, 'total_duration': 29732.256935596466, 'accumulated_submission_time': 8954.987263679504, 'accumulated_eval_time': 20753.2146756649, 'accumulated_logging_time': 1.2735998630523682}
I0524 17:18:15.225019 140285140920064 logging_writer.py:48] [5145] accumulated_eval_time=20753.2, accumulated_logging_time=1.2736, accumulated_submission_time=8954.99, global_step=5145, preemption_count=0, score=8954.99, test/loss=0.274531, test/num_examples=95000000, total_duration=29732.3, train/loss=0.271573, validation/loss=0.27463, validation/num_examples=83274637
I0524 17:24:13.627442 140326376506560 spec.py:333] Evaluating on the training split.
I0524 17:25:12.691756 140326376506560 spec.py:346] Evaluating on the validation split.
I0524 17:28:18.410041 140326376506560 spec.py:363] Evaluating on the test split.
I0524 17:31:59.480135 140326376506560 submission_runner.py:516] Time since start: 30556.54s, 	Step: 5368, 	{'train/loss': 0.2717850804284945, 'validation/loss': 0.2746304781961452, 'validation/num_examples': 83274637, 'test/loss': 0.2745307742560136, 'test/num_examples': 95000000, 'score': 9312.520790815353, 'total_duration': 30556.537257671356, 'accumulated_submission_time': 9312.520790815353, 'accumulated_eval_time': 21219.067453861237, 'accumulated_logging_time': 1.3058950901031494}
I0524 17:31:59.507804 140285149312768 logging_writer.py:48] [5368] accumulated_eval_time=21219.1, accumulated_logging_time=1.3059, accumulated_submission_time=9312.52, global_step=5368, preemption_count=0, score=9312.52, test/loss=0.274531, test/num_examples=95000000, total_duration=30556.5, train/loss=0.271785, validation/loss=0.27463, validation/num_examples=83274637
I0524 17:37:56.726065 140326376506560 spec.py:333] Evaluating on the training split.
I0524 17:38:55.871093 140326376506560 spec.py:346] Evaluating on the validation split.
I0524 17:42:01.658002 140326376506560 spec.py:363] Evaluating on the test split.
I0524 17:45:43.749716 140326376506560 submission_runner.py:516] Time since start: 31380.81s, 	Step: 5560, 	{'train/loss': 0.2723258747725641, 'validation/loss': 0.2746304781961452, 'validation/num_examples': 83274637, 'test/loss': 0.2745307742560136, 'test/num_examples': 95000000, 'score': 9668.877612352371, 'total_duration': 31380.806841373444, 'accumulated_submission_time': 9668.877612352371, 'accumulated_eval_time': 21686.091161966324, 'accumulated_logging_time': 1.340707540512085}
I0524 17:45:43.776340 140285140920064 logging_writer.py:48] [5560] accumulated_eval_time=21686.1, accumulated_logging_time=1.34071, accumulated_submission_time=9668.88, global_step=5560, preemption_count=0, score=9668.88, test/loss=0.274531, test/num_examples=95000000, total_duration=31380.8, train/loss=0.272326, validation/loss=0.27463, validation/num_examples=83274637
I0524 17:51:40.457027 140326376506560 spec.py:333] Evaluating on the training split.
I0524 17:52:39.748491 140326376506560 spec.py:346] Evaluating on the validation split.
I0524 17:55:45.184102 140326376506560 spec.py:363] Evaluating on the test split.
I0524 17:59:24.843054 140326376506560 submission_runner.py:516] Time since start: 32201.90s, 	Step: 5755, 	{'train/loss': 0.27185330663140944, 'validation/loss': 0.2746304781961452, 'validation/num_examples': 83274637, 'test/loss': 0.2745307742560136, 'test/num_examples': 95000000, 'score': 10024.699223279953, 'total_duration': 32201.900172472, 'accumulated_submission_time': 10024.699223279953, 'accumulated_eval_time': 22150.477232694626, 'accumulated_logging_time': 1.374584436416626}
I0524 17:59:24.869902 140285149312768 logging_writer.py:48] [5755] accumulated_eval_time=22150.5, accumulated_logging_time=1.37458, accumulated_submission_time=10024.7, global_step=5755, preemption_count=0, score=10024.7, test/loss=0.274531, test/num_examples=95000000, total_duration=32201.9, train/loss=0.271853, validation/loss=0.27463, validation/num_examples=83274637
I0524 18:05:22.312344 140326376506560 spec.py:333] Evaluating on the training split.
I0524 18:06:21.513024 140326376506560 spec.py:346] Evaluating on the validation split.
I0524 18:09:27.461467 140326376506560 spec.py:363] Evaluating on the test split.
I0524 18:13:06.390690 140326376506560 submission_runner.py:516] Time since start: 33023.45s, 	Step: 5941, 	{'train/loss': 0.27251220550574984, 'validation/loss': 0.2746304781961452, 'validation/num_examples': 83274637, 'test/loss': 0.2745307742560136, 'test/num_examples': 95000000, 'score': 10381.285345554352, 'total_duration': 33023.44781565666, 'accumulated_submission_time': 10381.285345554352, 'accumulated_eval_time': 22614.555622816086, 'accumulated_logging_time': 1.4086484909057617}
I0524 18:13:06.418578 140285140920064 logging_writer.py:48] [5941] accumulated_eval_time=22614.6, accumulated_logging_time=1.40865, accumulated_submission_time=10381.3, global_step=5941, preemption_count=0, score=10381.3, test/loss=0.274531, test/num_examples=95000000, total_duration=33023.4, train/loss=0.272512, validation/loss=0.27463, validation/num_examples=83274637
I0524 18:19:03.232820 140326376506560 spec.py:333] Evaluating on the training split.
I0524 18:20:02.398080 140326376506560 spec.py:346] Evaluating on the validation split.
I0524 18:23:07.763060 140326376506560 spec.py:363] Evaluating on the test split.
I0524 18:26:50.123096 140326376506560 submission_runner.py:516] Time since start: 33847.18s, 	Step: 6151, 	{'train/loss': 0.2714893201957144, 'validation/loss': 0.2746304781961452, 'validation/num_examples': 83274637, 'test/loss': 0.2745307742560136, 'test/num_examples': 95000000, 'score': 10737.235660552979, 'total_duration': 33847.18023133278, 'accumulated_submission_time': 10737.235660552979, 'accumulated_eval_time': 23081.445949316025, 'accumulated_logging_time': 1.443713903427124}
I0524 18:26:50.156600 140285149312768 logging_writer.py:48] [6151] accumulated_eval_time=23081.4, accumulated_logging_time=1.44371, accumulated_submission_time=10737.2, global_step=6151, preemption_count=0, score=10737.2, test/loss=0.274531, test/num_examples=95000000, total_duration=33847.2, train/loss=0.271489, validation/loss=0.27463, validation/num_examples=83274637
I0524 18:32:48.447435 140326376506560 spec.py:333] Evaluating on the training split.
I0524 18:33:47.690341 140326376506560 spec.py:346] Evaluating on the validation split.
I0524 18:36:52.936738 140326376506560 spec.py:363] Evaluating on the test split.
I0524 18:40:33.080370 140326376506560 submission_runner.py:516] Time since start: 34670.14s, 	Step: 6333, 	{'train/loss': 0.2721416216300401, 'validation/loss': 0.2746304781961452, 'validation/num_examples': 83274637, 'test/loss': 0.2745307742560136, 'test/num_examples': 95000000, 'score': 11094.675449848175, 'total_duration': 34670.137472867966, 'accumulated_submission_time': 11094.675449848175, 'accumulated_eval_time': 23546.078899621964, 'accumulated_logging_time': 1.4843242168426514}
I0524 18:40:33.112661 140285140920064 logging_writer.py:48] [6333] accumulated_eval_time=23546.1, accumulated_logging_time=1.48432, accumulated_submission_time=11094.7, global_step=6333, preemption_count=0, score=11094.7, test/loss=0.274531, test/num_examples=95000000, total_duration=34670.1, train/loss=0.272142, validation/loss=0.27463, validation/num_examples=83274637
I0524 18:46:31.423712 140326376506560 spec.py:333] Evaluating on the training split.
I0524 18:47:30.507904 140326376506560 spec.py:346] Evaluating on the validation split.
I0524 18:50:36.256473 140326376506560 spec.py:363] Evaluating on the test split.
I0524 18:54:16.427215 140326376506560 submission_runner.py:516] Time since start: 35493.48s, 	Step: 6527, 	{'train/loss': 0.2723024831698174, 'validation/loss': 0.2746304781961452, 'validation/num_examples': 83274637, 'test/loss': 0.2745307742560136, 'test/num_examples': 95000000, 'score': 11452.125340223312, 'total_duration': 35493.48434638977, 'accumulated_submission_time': 11452.125340223312, 'accumulated_eval_time': 24011.082458257675, 'accumulated_logging_time': 1.5240771770477295}
I0524 18:54:16.453429 140285149312768 logging_writer.py:48] [6527] accumulated_eval_time=24011.1, accumulated_logging_time=1.52408, accumulated_submission_time=11452.1, global_step=6527, preemption_count=0, score=11452.1, test/loss=0.274531, test/num_examples=95000000, total_duration=35493.5, train/loss=0.272302, validation/loss=0.27463, validation/num_examples=83274637
I0524 19:00:13.790545 140326376506560 spec.py:333] Evaluating on the training split.
I0524 19:01:12.999562 140326376506560 spec.py:346] Evaluating on the validation split.
I0524 19:04:19.321130 140326376506560 spec.py:363] Evaluating on the test split.
I0524 19:08:00.473483 140326376506560 submission_runner.py:516] Time since start: 36317.53s, 	Step: 6707, 	{'train/loss': 0.2728794330583357, 'validation/loss': 0.2746304781961452, 'validation/num_examples': 83274637, 'test/loss': 0.2745307742560136, 'test/num_examples': 95000000, 'score': 11808.611844539642, 'total_duration': 36317.53061437607, 'accumulated_submission_time': 11808.611844539642, 'accumulated_eval_time': 24477.765484809875, 'accumulated_logging_time': 1.5574333667755127}
I0524 19:08:00.499408 140285140920064 logging_writer.py:48] [6707] accumulated_eval_time=24477.8, accumulated_logging_time=1.55743, accumulated_submission_time=11808.6, global_step=6707, preemption_count=0, score=11808.6, test/loss=0.274531, test/num_examples=95000000, total_duration=36317.5, train/loss=0.272879, validation/loss=0.27463, validation/num_examples=83274637
I0524 19:13:57.568695 140326376506560 spec.py:333] Evaluating on the training split.
I0524 19:14:56.781826 140326376506560 spec.py:346] Evaluating on the validation split.
I0524 19:18:03.442668 140326376506560 spec.py:363] Evaluating on the test split.
I0524 19:21:43.796706 140326376506560 submission_runner.py:516] Time since start: 37140.85s, 	Step: 6902, 	{'train/loss': 0.2720829242403972, 'validation/loss': 0.2746304781961452, 'validation/num_examples': 83274637, 'test/loss': 0.2745307742560136, 'test/num_examples': 95000000, 'score': 12164.819947481155, 'total_duration': 37140.85383272171, 'accumulated_submission_time': 12164.819947481155, 'accumulated_eval_time': 24943.993546009064, 'accumulated_logging_time': 1.5905933380126953}
I0524 19:21:43.823296 140285149312768 logging_writer.py:48] [6902] accumulated_eval_time=24944, accumulated_logging_time=1.59059, accumulated_submission_time=12164.8, global_step=6902, preemption_count=0, score=12164.8, test/loss=0.274531, test/num_examples=95000000, total_duration=37140.9, train/loss=0.272083, validation/loss=0.27463, validation/num_examples=83274637
I0524 19:27:40.440473 140326376506560 spec.py:333] Evaluating on the training split.
I0524 19:28:39.731403 140326376506560 spec.py:346] Evaluating on the validation split.
I0524 19:31:44.976918 140326376506560 spec.py:363] Evaluating on the test split.
I0524 19:35:26.236964 140326376506560 submission_runner.py:516] Time since start: 37963.29s, 	Step: 7114, 	{'train/loss': 0.27238903661664726, 'validation/loss': 0.2746304781961452, 'validation/num_examples': 83274637, 'test/loss': 0.2745307742560136, 'test/num_examples': 95000000, 'score': 12520.565804719925, 'total_duration': 37963.29409742355, 'accumulated_submission_time': 12520.565804719925, 'accumulated_eval_time': 25409.790093421936, 'accumulated_logging_time': 1.624375820159912}
I0524 19:35:26.263499 140285140920064 logging_writer.py:48] [7114] accumulated_eval_time=25409.8, accumulated_logging_time=1.62438, accumulated_submission_time=12520.6, global_step=7114, preemption_count=0, score=12520.6, test/loss=0.274531, test/num_examples=95000000, total_duration=37963.3, train/loss=0.272389, validation/loss=0.27463, validation/num_examples=83274637
I0524 19:41:23.429645 140326376506560 spec.py:333] Evaluating on the training split.
I0524 19:42:22.582233 140326376506560 spec.py:346] Evaluating on the validation split.
I0524 19:45:28.268794 140326376506560 spec.py:363] Evaluating on the test split.
I0524 19:49:09.425681 140326376506560 submission_runner.py:516] Time since start: 38786.48s, 	Step: 7310, 	{'train/loss': 0.2721210834530836, 'validation/loss': 0.2746304781961452, 'validation/num_examples': 83274637, 'test/loss': 0.2745307742560136, 'test/num_examples': 95000000, 'score': 12876.877861738205, 'total_duration': 38786.48279929161, 'accumulated_submission_time': 12876.877861738205, 'accumulated_eval_time': 25875.786151885986, 'accumulated_logging_time': 1.659067153930664}
I0524 19:49:09.471157 140285149312768 logging_writer.py:48] [7310] accumulated_eval_time=25875.8, accumulated_logging_time=1.65907, accumulated_submission_time=12876.9, global_step=7310, preemption_count=0, score=12876.9, test/loss=0.274531, test/num_examples=95000000, total_duration=38786.5, train/loss=0.272121, validation/loss=0.27463, validation/num_examples=83274637
I0524 19:55:06.549661 140326376506560 spec.py:333] Evaluating on the training split.
I0524 19:56:05.756857 140326376506560 spec.py:346] Evaluating on the validation split.
I0524 19:59:12.161887 140326376506560 spec.py:363] Evaluating on the test split.
I0524 20:02:54.632233 140326376506560 submission_runner.py:516] Time since start: 39611.69s, 	Step: 7531, 	{'train/loss': 0.27168408904855657, 'validation/loss': 0.2746304781961452, 'validation/num_examples': 83274637, 'test/loss': 0.2745307742560136, 'test/num_examples': 95000000, 'score': 13233.088404893875, 'total_duration': 39611.68936729431, 'accumulated_submission_time': 13233.088404893875, 'accumulated_eval_time': 26343.86877632141, 'accumulated_logging_time': 1.711937665939331}
I0524 20:02:54.666606 140285140920064 logging_writer.py:48] [7531] accumulated_eval_time=26343.9, accumulated_logging_time=1.71194, accumulated_submission_time=13233.1, global_step=7531, preemption_count=0, score=13233.1, test/loss=0.274531, test/num_examples=95000000, total_duration=39611.7, train/loss=0.271684, validation/loss=0.27463, validation/num_examples=83274637
I0524 20:08:51.389862 140285149312768 logging_writer.py:48] [7738] global_step=7738, preemption_count=0, score=13589.3
I0524 20:08:58.687250 140326376506560 submission_runner.py:857] Final criteo1tb score: 13589.29023361206
