torchrun --redirects 1:0,2:0,3:0 --standalone --nnodes=1 --nproc_per_node=4 submission_runner.py --framework=pytorch --workload=fastmri --submission_path=submissions_algorithms/submissions/self_tuning/muon_torch_jax_hps_achandr/submission.py --data_dir=/data/fastmri --experiment_dir=/experiment_runs --experiment_name=submissions_a100/muon_torch_jax_hps_achandr/study_0 --overwrite=True --save_checkpoints=False --rng_seed=731380109 --torch_compile=true --tuning_ruleset=self 2>&1 | tee -a /logs/fastmri_pytorch_06-01-2026-22-33-29.log
W0601 22:33:31.440000 9 site-packages/torch/distributed/run.py:803] 
W0601 22:33:31.440000 9 site-packages/torch/distributed/run.py:803] *****************************************
W0601 22:33:31.440000 9 site-packages/torch/distributed/run.py:803] Setting OMP_NUM_THREADS environment variable for each process to be 1 in default, to avoid your system being overloaded, please further tune the variable for optimal performance in your application as needed. 
W0601 22:33:31.440000 9 site-packages/torch/distributed/run.py:803] *****************************************
2026-06-01 22:33:33.117586: E external/local_xla/xla/stream_executor/cuda/cuda_fft.cc:467] Unable to register cuFFT factory: Attempting to register factory for plugin cuFFT when one has already been registered
2026-06-01 22:33:33.117582: E external/local_xla/xla/stream_executor/cuda/cuda_fft.cc:467] Unable to register cuFFT factory: Attempting to register factory for plugin cuFFT when one has already been registered
2026-06-01 22:33:33.117582: E external/local_xla/xla/stream_executor/cuda/cuda_fft.cc:467] Unable to register cuFFT factory: Attempting to register factory for plugin cuFFT when one has already been registered
2026-06-01 22:33:33.117582: E external/local_xla/xla/stream_executor/cuda/cuda_fft.cc:467] Unable to register cuFFT factory: Attempting to register factory for plugin cuFFT when one has already been registered
WARNING: All log messages before absl::InitializeLog() is called are written to STDERR
WARNING: All log messages before absl::InitializeLog() is called are written to STDERR
E0000 00:00:1780353213.138128      38 cuda_dnn.cc:8579] Unable to register cuDNN factory: Attempting to register factory for plugin cuDNN when one has already been registered
E0000 00:00:1780353213.138131      41 cuda_dnn.cc:8579] Unable to register cuDNN factory: Attempting to register factory for plugin cuDNN when one has already been registered
WARNING: All log messages before absl::InitializeLog() is called are written to STDERR
E0000 00:00:1780353213.138131      39 cuda_dnn.cc:8579] Unable to register cuDNN factory: Attempting to register factory for plugin cuDNN when one has already been registered
WARNING: All log messages before absl::InitializeLog() is called are written to STDERR
E0000 00:00:1780353213.138130      40 cuda_dnn.cc:8579] Unable to register cuDNN factory: Attempting to register factory for plugin cuDNN when one has already been registered
E0000 00:00:1780353213.144881      38 cuda_blas.cc:1407] Unable to register cuBLAS factory: Attempting to register factory for plugin cuBLAS when one has already been registered
E0000 00:00:1780353213.144884      41 cuda_blas.cc:1407] Unable to register cuBLAS factory: Attempting to register factory for plugin cuBLAS when one has already been registered
E0000 00:00:1780353213.144886      40 cuda_blas.cc:1407] Unable to register cuBLAS factory: Attempting to register factory for plugin cuBLAS when one has already been registered
E0000 00:00:1780353213.144898      39 cuda_blas.cc:1407] Unable to register cuBLAS factory: Attempting to register factory for plugin cuBLAS when one has already been registered
W0000 00:00:1780353213.161758      38 computation_placer.cc:177] computation placer already registered. Please check linkage and avoid linking the same target more than once.
W0000 00:00:1780353213.161759      40 computation_placer.cc:177] computation placer already registered. Please check linkage and avoid linking the same target more than once.
W0000 00:00:1780353213.161760      39 computation_placer.cc:177] computation placer already registered. Please check linkage and avoid linking the same target more than once.
W0000 00:00:1780353213.161761      41 computation_placer.cc:177] computation placer already registered. Please check linkage and avoid linking the same target more than once.
W0000 00:00:1780353213.161779      40 computation_placer.cc:177] computation placer already registered. Please check linkage and avoid linking the same target more than once.
W0000 00:00:1780353213.161780      39 computation_placer.cc:177] computation placer already registered. Please check linkage and avoid linking the same target more than once.
W0000 00:00:1780353213.161781      40 computation_placer.cc:177] computation placer already registered. Please check linkage and avoid linking the same target more than once.
W0000 00:00:1780353213.161782      41 computation_placer.cc:177] computation placer already registered. Please check linkage and avoid linking the same target more than once.
W0000 00:00:1780353213.161783      39 computation_placer.cc:177] computation placer already registered. Please check linkage and avoid linking the same target more than once.
W0000 00:00:1780353213.161783      40 computation_placer.cc:177] computation placer already registered. Please check linkage and avoid linking the same target more than once.
W0000 00:00:1780353213.161783      38 computation_placer.cc:177] computation placer already registered. Please check linkage and avoid linking the same target more than once.
W0000 00:00:1780353213.161784      41 computation_placer.cc:177] computation placer already registered. Please check linkage and avoid linking the same target more than once.
W0000 00:00:1780353213.161785      39 computation_placer.cc:177] computation placer already registered. Please check linkage and avoid linking the same target more than once.
W0000 00:00:1780353213.161786      38 computation_placer.cc:177] computation placer already registered. Please check linkage and avoid linking the same target more than once.
W0000 00:00:1780353213.161787      41 computation_placer.cc:177] computation placer already registered. Please check linkage and avoid linking the same target more than once.
W0000 00:00:1780353213.161788      38 computation_placer.cc:177] computation placer already registered. Please check linkage and avoid linking the same target more than once.
W0000 00:00:1780353218.737514      38 gpu_device.cc:2341] Cannot dlopen some GPU libraries. Please make sure the missing libraries mentioned above are installed properly if you would like to use GPU. Follow the guide at https://www.tensorflow.org/install/gpu for how to download and setup the required libraries for your platform.
Skipping registering GPU devices...
W0000 00:00:1780353218.810930      41 gpu_device.cc:2341] Cannot dlopen some GPU libraries. Please make sure the missing libraries mentioned above are installed properly if you would like to use GPU. Follow the guide at https://www.tensorflow.org/install/gpu for how to download and setup the required libraries for your platform.
Skipping registering GPU devices...
W0000 00:00:1780353218.898838      40 gpu_device.cc:2341] Cannot dlopen some GPU libraries. Please make sure the missing libraries mentioned above are installed properly if you would like to use GPU. Follow the guide at https://www.tensorflow.org/install/gpu for how to download and setup the required libraries for your platform.
Skipping registering GPU devices...
W0000 00:00:1780353218.987110      39 gpu_device.cc:2341] Cannot dlopen some GPU libraries. Please make sure the missing libraries mentioned above are installed properly if you would like to use GPU. Follow the guide at https://www.tensorflow.org/install/gpu for how to download and setup the required libraries for your platform.
Skipping registering GPU devices...
/usr/local/lib/python3.11/site-packages/torch/__init__.py:1617: UserWarning: Please use the new API settings to control TF32 behavior, such as torch.backends.cudnn.conv.fp32_precision = 'tf32' or torch.backends.cuda.matmul.fp32_precision = 'ieee'. Old settings, e.g, torch.backends.cuda.matmul.allow_tf32 = True, torch.backends.cudnn.allow_tf32 = True, allowTF32CuDNN() and allowTF32CuBLAS() will be deprecated after Pytorch 2.9. Please see https://pytorch.org/docs/main/notes/cuda.html#tensorfloat-32-tf32-on-ampere-and-later-devices (Triggered internally at /pytorch/aten/src/ATen/Context.cpp:80.)
  _C._set_float32_matmul_precision(precision)
/usr/local/lib/python3.11/site-packages/torch/__init__.py:1617: UserWarning: Please use the new API settings to control TF32 behavior, such as torch.backends.cudnn.conv.fp32_precision = 'tf32' or torch.backends.cuda.matmul.fp32_precision = 'ieee'. Old settings, e.g, torch.backends.cuda.matmul.allow_tf32 = True, torch.backends.cudnn.allow_tf32 = True, allowTF32CuDNN() and allowTF32CuBLAS() will be deprecated after Pytorch 2.9. Please see https://pytorch.org/docs/main/notes/cuda.html#tensorfloat-32-tf32-on-ampere-and-later-devices (Triggered internally at /pytorch/aten/src/ATen/Context.cpp:80.)
  _C._set_float32_matmul_precision(precision)
/usr/local/lib/python3.11/site-packages/torch/__init__.py:1617: UserWarning: Please use the new API settings to control TF32 behavior, such as torch.backends.cudnn.conv.fp32_precision = 'tf32' or torch.backends.cuda.matmul.fp32_precision = 'ieee'. Old settings, e.g, torch.backends.cuda.matmul.allow_tf32 = True, torch.backends.cudnn.allow_tf32 = True, allowTF32CuDNN() and allowTF32CuBLAS() will be deprecated after Pytorch 2.9. Please see https://pytorch.org/docs/main/notes/cuda.html#tensorfloat-32-tf32-on-ampere-and-later-devices (Triggered internally at /pytorch/aten/src/ATen/Context.cpp:80.)
  _C._set_float32_matmul_precision(precision)
/usr/local/lib/python3.11/site-packages/torch/__init__.py:1617: UserWarning: Please use the new API settings to control TF32 behavior, such as torch.backends.cudnn.conv.fp32_precision = 'tf32' or torch.backends.cuda.matmul.fp32_precision = 'ieee'. Old settings, e.g, torch.backends.cuda.matmul.allow_tf32 = True, torch.backends.cudnn.allow_tf32 = True, allowTF32CuDNN() and allowTF32CuBLAS() will be deprecated after Pytorch 2.9. Please see https://pytorch.org/docs/main/notes/cuda.html#tensorfloat-32-tf32-on-ampere-and-later-devices (Triggered internally at /pytorch/aten/src/ATen/Context.cpp:80.)
  _C._set_float32_matmul_precision(precision)
/usr/local/lib/python3.11/site-packages/pydantic/_internal/_generate_schema.py:2249: UnsupportedFieldAttributeWarning: The 'repr' attribute with value False was provided to the `Field()` function, which has no effect in the context it was used. 'repr' is field-specific metadata, and can only be attached to a model field using `Annotated` metadata or by assignment. This may have happened because an `Annotated` type alias using the `type` statement was used, or if the `Field()` function was attached to a single member of a union type.
  warnings.warn(
/usr/local/lib/python3.11/site-packages/pydantic/_internal/_generate_schema.py:2249: UnsupportedFieldAttributeWarning: The 'frozen' attribute with value True was provided to the `Field()` function, which has no effect in the context it was used. 'frozen' is field-specific metadata, and can only be attached to a model field using `Annotated` metadata or by assignment. This may have happened because an `Annotated` type alias using the `type` statement was used, or if the `Field()` function was attached to a single member of a union type.
  warnings.warn(
/usr/local/lib/python3.11/site-packages/pydantic/_internal/_generate_schema.py:2249: UnsupportedFieldAttributeWarning: The 'repr' attribute with value False was provided to the `Field()` function, which has no effect in the context it was used. 'repr' is field-specific metadata, and can only be attached to a model field using `Annotated` metadata or by assignment. This may have happened because an `Annotated` type alias using the `type` statement was used, or if the `Field()` function was attached to a single member of a union type.
  warnings.warn(
/usr/local/lib/python3.11/site-packages/pydantic/_internal/_generate_schema.py:2249: UnsupportedFieldAttributeWarning: The 'frozen' attribute with value True was provided to the `Field()` function, which has no effect in the context it was used. 'frozen' is field-specific metadata, and can only be attached to a model field using `Annotated` metadata or by assignment. This may have happened because an `Annotated` type alias using the `type` statement was used, or if the `Field()` function was attached to a single member of a union type.
  warnings.warn(
/usr/local/lib/python3.11/site-packages/pydantic/_internal/_generate_schema.py:2249: UnsupportedFieldAttributeWarning: The 'repr' attribute with value False was provided to the `Field()` function, which has no effect in the context it was used. 'repr' is field-specific metadata, and can only be attached to a model field using `Annotated` metadata or by assignment. This may have happened because an `Annotated` type alias using the `type` statement was used, or if the `Field()` function was attached to a single member of a union type.
  warnings.warn(
/usr/local/lib/python3.11/site-packages/pydantic/_internal/_generate_schema.py:2249: UnsupportedFieldAttributeWarning: The 'frozen' attribute with value True was provided to the `Field()` function, which has no effect in the context it was used. 'frozen' is field-specific metadata, and can only be attached to a model field using `Annotated` metadata or by assignment. This may have happened because an `Annotated` type alias using the `type` statement was used, or if the `Field()` function was attached to a single member of a union type.
  warnings.warn(
/usr/local/lib/python3.11/site-packages/pydantic/_internal/_generate_schema.py:2249: UnsupportedFieldAttributeWarning: The 'repr' attribute with value False was provided to the `Field()` function, which has no effect in the context it was used. 'repr' is field-specific metadata, and can only be attached to a model field using `Annotated` metadata or by assignment. This may have happened because an `Annotated` type alias using the `type` statement was used, or if the `Field()` function was attached to a single member of a union type.
  warnings.warn(
/usr/local/lib/python3.11/site-packages/pydantic/_internal/_generate_schema.py:2249: UnsupportedFieldAttributeWarning: The 'frozen' attribute with value True was provided to the `Field()` function, which has no effect in the context it was used. 'frozen' is field-specific metadata, and can only be attached to a model field using `Annotated` metadata or by assignment. This may have happened because an `Annotated` type alias using the `type` statement was used, or if the `Field()` function was attached to a single member of a union type.
  warnings.warn(
I0601 22:33:42.096864 140599015560384 logger_utils.py:59] Removing existing experiment directory /experiment_runs/submissions_a100/muon_torch_jax_hps_achandr/study_0/fastmri_pytorch because --overwrite was set.
I0601 22:33:42.096865 140391205291200 logger_utils.py:59] Removing existing experiment directory /experiment_runs/submissions_a100/muon_torch_jax_hps_achandr/study_0/fastmri_pytorch because --overwrite was set.
I0601 22:33:42.096869 140351408039104 logger_utils.py:59] Removing existing experiment directory /experiment_runs/submissions_a100/muon_torch_jax_hps_achandr/study_0/fastmri_pytorch because --overwrite was set.
I0601 22:33:42.096868 140066014336192 logger_utils.py:59] Removing existing experiment directory /experiment_runs/submissions_a100/muon_torch_jax_hps_achandr/study_0/fastmri_pytorch because --overwrite was set.
/usr/local/lib/python3.11/site-packages/torch/distributed/distributed_c10d.py:4876: UserWarning: barrier(): using the device under current context. You can specify `device_id` in `init_process_group` to mute this warning.
  warnings.warn(  # warn only once
[rank0]:[W601 22:33:42.446848980 ProcessGroupNCCL.cpp:5068] Guessing device ID based on global rank. This can cause a hang if rank to GPU mapping is heterogeneous. You can specify device_id in init_process_group()
I0601 22:33:43.154150 140391205291200 logger_utils.py:84] Creating experiment directory at /experiment_runs/submissions_a100/muon_torch_jax_hps_achandr/study_0/fastmri_pytorch.
I0601 22:33:43.154153 140351408039104 logger_utils.py:84] Creating experiment directory at /experiment_runs/submissions_a100/muon_torch_jax_hps_achandr/study_0/fastmri_pytorch.
I0601 22:33:43.154149 140599015560384 logger_utils.py:84] Creating experiment directory at /experiment_runs/submissions_a100/muon_torch_jax_hps_achandr/study_0/fastmri_pytorch.
I0601 22:33:43.154172 140066014336192 logger_utils.py:84] Creating experiment directory at /experiment_runs/submissions_a100/muon_torch_jax_hps_achandr/study_0/fastmri_pytorch.
I0601 22:33:44.579129 140066014336192 submission_runner.py:741] Creating directory at /experiment_runs/submissions_a100/muon_torch_jax_hps_achandr/study_0/fastmri_pytorch/trial_1.
I0601 22:33:44.912543 140066014336192 submission_runner.py:242] Initializing dataset.
I0601 22:33:44.912714 140066014336192 submission_runner.py:251] Initializing model.
I0601 22:33:45.065158 140066014336192 submission_runner.py:290] Performing `torch.compile`.
I0601 22:33:45.068605 140351408039104 muon.py:324] Muon params:
	_orig_mod.module.down_sample_layers.0.conv_layers.0.weight (ndim=4)
	_orig_mod.module.down_sample_layers.0.conv_layers.4.weight (ndim=4)
	_orig_mod.module.down_sample_layers.1.conv_layers.0.weight (ndim=4)
	_orig_mod.module.down_sample_layers.1.conv_layers.4.weight (ndim=4)
	_orig_mod.module.down_sample_layers.2.conv_layers.0.weight (ndim=4)
	_orig_mod.module.down_sample_layers.2.conv_layers.4.weight (ndim=4)
	_orig_mod.module.down_sample_layers.3.conv_layers.0.weight (ndim=4)
	_orig_mod.module.down_sample_layers.3.conv_layers.4.weight (ndim=4)
	_orig_mod.module.conv.conv_layers.0.weight (ndim=4)
	_orig_mod.module.conv.conv_layers.4.weight (ndim=4)
	_orig_mod.module.up_conv.0.conv_layers.0.weight (ndim=4)
	_orig_mod.module.up_conv.0.conv_layers.4.weight (ndim=4)
	_orig_mod.module.up_conv.1.conv_layers.0.weight (ndim=4)
	_orig_mod.module.up_conv.1.conv_layers.4.weight (ndim=4)
	_orig_mod.module.up_conv.2.conv_layers.0.weight (ndim=4)
	_orig_mod.module.up_conv.2.conv_layers.4.weight (ndim=4)
	_orig_mod.module.up_conv.3.0.conv_layers.0.weight (ndim=4)
	_orig_mod.module.up_conv.3.0.conv_layers.4.weight (ndim=4)
	_orig_mod.module.up_conv.3.1.weight (ndim=4)
	_orig_mod.module.up_transpose_conv.0.layers.0.weight (ndim=4)
	_orig_mod.module.up_transpose_conv.1.layers.0.weight (ndim=4)
	_orig_mod.module.up_transpose_conv.2.layers.0.weight (ndim=4)
	_orig_mod.module.up_transpose_conv.3.layers.0.weight (ndim=4)
I0601 22:33:45.068637 140066014336192 submission_runner.py:294] Initializing optimizer.
I0601 22:33:45.068616 140391205291200 muon.py:324] Muon params:
	_orig_mod.module.down_sample_layers.0.conv_layers.0.weight (ndim=4)
	_orig_mod.module.down_sample_layers.0.conv_layers.4.weight (ndim=4)
	_orig_mod.module.down_sample_layers.1.conv_layers.0.weight (ndim=4)
	_orig_mod.module.down_sample_layers.1.conv_layers.4.weight (ndim=4)
	_orig_mod.module.down_sample_layers.2.conv_layers.0.weight (ndim=4)
	_orig_mod.module.down_sample_layers.2.conv_layers.4.weight (ndim=4)
	_orig_mod.module.down_sample_layers.3.conv_layers.0.weight (ndim=4)
	_orig_mod.module.down_sample_layers.3.conv_layers.4.weight (ndim=4)
	_orig_mod.module.conv.conv_layers.0.weight (ndim=4)
	_orig_mod.module.conv.conv_layers.4.weight (ndim=4)
	_orig_mod.module.up_conv.0.conv_layers.0.weight (ndim=4)
	_orig_mod.module.up_conv.0.conv_layers.4.weight (ndim=4)
	_orig_mod.module.up_conv.1.conv_layers.0.weight (ndim=4)
	_orig_mod.module.up_conv.1.conv_layers.4.weight (ndim=4)
	_orig_mod.module.up_conv.2.conv_layers.0.weight (ndim=4)
	_orig_mod.module.up_conv.2.conv_layers.4.weight (ndim=4)
	_orig_mod.module.up_conv.3.0.conv_layers.0.weight (ndim=4)
	_orig_mod.module.up_conv.3.0.conv_layers.4.weight (ndim=4)
	_orig_mod.module.up_conv.3.1.weight (ndim=4)
	_orig_mod.module.up_transpose_conv.0.layers.0.weight (ndim=4)
	_orig_mod.module.up_transpose_conv.1.layers.0.weight (ndim=4)
	_orig_mod.module.up_transpose_conv.2.layers.0.weight (ndim=4)
	_orig_mod.module.up_transpose_conv.3.layers.0.weight (ndim=4)
I0601 22:33:45.068755 140351408039104 muon.py:325] Adam params:
	_orig_mod.module.up_conv.3.1.bias (ndim=1)
I0601 22:33:45.068761 140391205291200 muon.py:325] Adam params:
	_orig_mod.module.up_conv.3.1.bias (ndim=1)
I0601 22:33:45.069018 140066014336192 muon.py:324] Muon params:
	_orig_mod.module.down_sample_layers.0.conv_layers.0.weight (ndim=4)
	_orig_mod.module.down_sample_layers.0.conv_layers.4.weight (ndim=4)
	_orig_mod.module.down_sample_layers.1.conv_layers.0.weight (ndim=4)
	_orig_mod.module.down_sample_layers.1.conv_layers.4.weight (ndim=4)
	_orig_mod.module.down_sample_layers.2.conv_layers.0.weight (ndim=4)
	_orig_mod.module.down_sample_layers.2.conv_layers.4.weight (ndim=4)
	_orig_mod.module.down_sample_layers.3.conv_layers.0.weight (ndim=4)
	_orig_mod.module.down_sample_layers.3.conv_layers.4.weight (ndim=4)
	_orig_mod.module.conv.conv_layers.0.weight (ndim=4)
	_orig_mod.module.conv.conv_layers.4.weight (ndim=4)
	_orig_mod.module.up_conv.0.conv_layers.0.weight (ndim=4)
	_orig_mod.module.up_conv.0.conv_layers.4.weight (ndim=4)
	_orig_mod.module.up_conv.1.conv_layers.0.weight (ndim=4)
	_orig_mod.module.up_conv.1.conv_layers.4.weight (ndim=4)
	_orig_mod.module.up_conv.2.conv_layers.0.weight (ndim=4)
	_orig_mod.module.up_conv.2.conv_layers.4.weight (ndim=4)
	_orig_mod.module.up_conv.3.0.conv_layers.0.weight (ndim=4)
	_orig_mod.module.up_conv.3.0.conv_layers.4.weight (ndim=4)
	_orig_mod.module.up_conv.3.1.weight (ndim=4)
	_orig_mod.module.up_transpose_conv.0.layers.0.weight (ndim=4)
	_orig_mod.module.up_transpose_conv.1.layers.0.weight (ndim=4)
	_orig_mod.module.up_transpose_conv.2.layers.0.weight (ndim=4)
	_orig_mod.module.up_transpose_conv.3.layers.0.weight (ndim=4)
I0601 22:33:45.068975 140599015560384 muon.py:324] Muon params:
	_orig_mod.module.down_sample_layers.0.conv_layers.0.weight (ndim=4)
	_orig_mod.module.down_sample_layers.0.conv_layers.4.weight (ndim=4)
	_orig_mod.module.down_sample_layers.1.conv_layers.0.weight (ndim=4)
	_orig_mod.module.down_sample_layers.1.conv_layers.4.weight (ndim=4)
	_orig_mod.module.down_sample_layers.2.conv_layers.0.weight (ndim=4)
	_orig_mod.module.down_sample_layers.2.conv_layers.4.weight (ndim=4)
	_orig_mod.module.down_sample_layers.3.conv_layers.0.weight (ndim=4)
	_orig_mod.module.down_sample_layers.3.conv_layers.4.weight (ndim=4)
	_orig_mod.module.conv.conv_layers.0.weight (ndim=4)
	_orig_mod.module.conv.conv_layers.4.weight (ndim=4)
	_orig_mod.module.up_conv.0.conv_layers.0.weight (ndim=4)
	_orig_mod.module.up_conv.0.conv_layers.4.weight (ndim=4)
	_orig_mod.module.up_conv.1.conv_layers.0.weight (ndim=4)
	_orig_mod.module.up_conv.1.conv_layers.4.weight (ndim=4)
	_orig_mod.module.up_conv.2.conv_layers.0.weight (ndim=4)
	_orig_mod.module.up_conv.2.conv_layers.4.weight (ndim=4)
	_orig_mod.module.up_conv.3.0.conv_layers.0.weight (ndim=4)
	_orig_mod.module.up_conv.3.0.conv_layers.4.weight (ndim=4)
	_orig_mod.module.up_conv.3.1.weight (ndim=4)
	_orig_mod.module.up_transpose_conv.0.layers.0.weight (ndim=4)
	_orig_mod.module.up_transpose_conv.1.layers.0.weight (ndim=4)
	_orig_mod.module.up_transpose_conv.2.layers.0.weight (ndim=4)
	_orig_mod.module.up_transpose_conv.3.layers.0.weight (ndim=4)
I0601 22:33:45.069106 140066014336192 muon.py:325] Adam params:
	_orig_mod.module.up_conv.3.1.bias (ndim=1)
I0601 22:33:45.069123 140599015560384 muon.py:325] Adam params:
	_orig_mod.module.up_conv.3.1.bias (ndim=1)
I0601 22:33:45.069850 140066014336192 submission_runner.py:299] Initializing metrics bundle.
I0601 22:33:45.069998 140066014336192 submission_runner.py:321] Initializing checkpoint and logger.
I0601 22:33:45.071601 140066014336192 submission_runner.py:344] Saving meta data to /experiment_runs/submissions_a100/muon_torch_jax_hps_achandr/study_0/fastmri_pytorch/trial_1/meta_data_0.json.
I0601 22:33:45.071660 140391205291200 logger_utils.py:283] Unable to record workload.train_mean information. Continuing without it.
I0601 22:33:45.071669 140351408039104 logger_utils.py:283] Unable to record workload.train_mean information. Continuing without it.
I0601 22:33:45.071690 140599015560384 logger_utils.py:283] Unable to record workload.train_mean information. Continuing without it.
I0601 22:33:45.071769 140391205291200 logger_utils.py:283] Unable to record workload.train_stddev information. Continuing without it.
I0601 22:33:45.071770 140351408039104 logger_utils.py:283] Unable to record workload.train_stddev information. Continuing without it.
I0601 22:33:45.071779 140066014336192 logger_utils.py:283] Unable to record workload.train_mean information. Continuing without it.
I0601 22:33:45.071794 140599015560384 logger_utils.py:283] Unable to record workload.train_stddev information. Continuing without it.
I0601 22:33:45.071830 140066014336192 logger_utils.py:283] Unable to record workload.train_stddev information. Continuing without it.
I0601 22:33:45.363467 140066014336192 submission_runner.py:348] Saving flags to /experiment_runs/submissions_a100/muon_torch_jax_hps_achandr/study_0/fastmri_pytorch/trial_1/flags_0.json.
I0601 22:33:45.395563 140066014336192 submission_runner.py:359] Starting training loop.
[rank2]:W0601 22:33:45.414000 40 site-packages/torch/_logging/_internal.py:1199] [0/0] Profiler function <class 'torch.autograd.profiler.record_function'> will be ignored
[rank3]:W0601 22:33:45.415000 41 site-packages/torch/_logging/_internal.py:1199] [0/0] Profiler function <class 'torch.autograd.profiler.record_function'> will be ignored
[rank1]:W0601 22:33:45.415000 39 site-packages/torch/_logging/_internal.py:1199] [0/0] Profiler function <class 'torch.autograd.profiler.record_function'> will be ignored
WARNING:tensorflow:AutoGraph could not transform <function array at 0x7f6396a38220> and will run it as-is.
Please report this to the TensorFlow team. When filing the bug, set the verbosity to 10 (on Linux, `export AUTOGRAPH_VERBOSITY=10`) and attach the full output.
Cause: (<gast.gast.NamedExpr object at 0x7f61804a2950>, (leaf_jax_array := getattr(leaf, '__jax_array__', None)))
To silence this warning, decorate the function with @tf.autograph.experimental.do_not_convert
W0601 22:33:46.890316 140066014336192 ag_logging.py:142] AutoGraph could not transform <function array at 0x7f6396a38220> and will run it as-is.
Please report this to the TensorFlow team. When filing the bug, set the verbosity to 10 (on Linux, `export AUTOGRAPH_VERBOSITY=10`) and attach the full output.
Cause: (<gast.gast.NamedExpr object at 0x7f61804a2950>, (leaf_jax_array := getattr(leaf, '__jax_array__', None)))
To silence this warning, decorate the function with @tf.autograph.experimental.do_not_convert
WARNING:tensorflow:AutoGraph could not transform <function standard_insert_pvary at 0x7f63976ccea0> and will run it as-is.
Please report this to the TensorFlow team. When filing the bug, set the verbosity to 10 (on Linux, `export AUTOGRAPH_VERBOSITY=10`) and attach the full output.
Cause: (<gast.gast.NamedExpr object at 0x7f61804a0c40>, (aval := get_aval(a)))
To silence this warning, decorate the function with @tf.autograph.experimental.do_not_convert
W0601 22:33:46.960850 140066014336192 ag_logging.py:142] AutoGraph could not transform <function standard_insert_pvary at 0x7f63976ccea0> and will run it as-is.
Please report this to the TensorFlow team. When filing the bug, set the verbosity to 10 (on Linux, `export AUTOGRAPH_VERBOSITY=10`) and attach the full output.
Cause: (<gast.gast.NamedExpr object at 0x7f61804a0c40>, (aval := get_aval(a)))
To silence this warning, decorate the function with @tf.autograph.experimental.do_not_convert
[rank0]:W0601 22:36:18.519000 38 site-packages/torch/_logging/_internal.py:1199] [0/0] Profiler function <class 'torch.autograd.profiler.record_function'> will be ignored
I0601 22:37:51.729854 140066014336192 submission.py:197] 
=== DIAGNOSTICS [Step 0] ===
  • Muon LR:      0.003883970586  |  Grad Norm: 4.638458 (from 23 gradients)
  • NAdamW LR:    0.000135749518  |  Grad Norm: 0.134702 (from 1 gradients)
  • Muon Params:  23 total tensors
  • NAdamW Params:1 total tensors
========================================

I0601 22:38:05.229304 140066014336192 spec.py:333] Evaluating on the training split.
[rank0]:W0601 22:40:12.553000 38 site-packages/torch/_dynamo/convert_frame.py:1358] [5/8] torch._dynamo hit config.recompile_limit (8)
[rank0]:W0601 22:40:12.553000 38 site-packages/torch/_dynamo/convert_frame.py:1358] [5/8]    function: 'forward' (/algorithmic-efficiency/algoperf/workloads/fastmri/fastmri_pytorch/models.py:139)
[rank0]:W0601 22:40:12.553000 38 site-packages/torch/_dynamo/convert_frame.py:1358] [5/8]    last reason: 5/7: GLOBAL_STATE changed: grad_mode autocast 
[rank0]:W0601 22:40:12.553000 38 site-packages/torch/_dynamo/convert_frame.py:1358] [5/8] To log all recompilation reasons, use TORCH_LOGS="recompiles".
[rank0]:W0601 22:40:12.553000 38 site-packages/torch/_dynamo/convert_frame.py:1358] [5/8] To diagnose recompilation issues, see https://pytorch.org/docs/main/torch.compiler_troubleshooting.html
[rank1]:W0601 22:40:12.557000 39 site-packages/torch/_dynamo/convert_frame.py:1358] [5/8] torch._dynamo hit config.recompile_limit (8)
[rank1]:W0601 22:40:12.557000 39 site-packages/torch/_dynamo/convert_frame.py:1358] [5/8]    function: 'forward' (/algorithmic-efficiency/algoperf/workloads/fastmri/fastmri_pytorch/models.py:139)
[rank1]:W0601 22:40:12.557000 39 site-packages/torch/_dynamo/convert_frame.py:1358] [5/8]    last reason: 5/7: GLOBAL_STATE changed: grad_mode autocast 
[rank1]:W0601 22:40:12.557000 39 site-packages/torch/_dynamo/convert_frame.py:1358] [5/8] To log all recompilation reasons, use TORCH_LOGS="recompiles".
[rank1]:W0601 22:40:12.557000 39 site-packages/torch/_dynamo/convert_frame.py:1358] [5/8] To diagnose recompilation issues, see https://pytorch.org/docs/main/torch.compiler_troubleshooting.html
[rank2]:W0601 22:40:12.579000 40 site-packages/torch/_dynamo/convert_frame.py:1358] [5/8] torch._dynamo hit config.recompile_limit (8)
[rank2]:W0601 22:40:12.579000 40 site-packages/torch/_dynamo/convert_frame.py:1358] [5/8]    function: 'forward' (/algorithmic-efficiency/algoperf/workloads/fastmri/fastmri_pytorch/models.py:139)
[rank2]:W0601 22:40:12.579000 40 site-packages/torch/_dynamo/convert_frame.py:1358] [5/8]    last reason: 5/7: GLOBAL_STATE changed: grad_mode autocast 
[rank2]:W0601 22:40:12.579000 40 site-packages/torch/_dynamo/convert_frame.py:1358] [5/8] To log all recompilation reasons, use TORCH_LOGS="recompiles".
[rank2]:W0601 22:40:12.579000 40 site-packages/torch/_dynamo/convert_frame.py:1358] [5/8] To diagnose recompilation issues, see https://pytorch.org/docs/main/torch.compiler_troubleshooting.html
[rank3]:W0601 22:40:12.580000 41 site-packages/torch/_dynamo/convert_frame.py:1358] [5/8] torch._dynamo hit config.recompile_limit (8)
[rank3]:W0601 22:40:12.580000 41 site-packages/torch/_dynamo/convert_frame.py:1358] [5/8]    function: 'forward' (/algorithmic-efficiency/algoperf/workloads/fastmri/fastmri_pytorch/models.py:139)
[rank3]:W0601 22:40:12.580000 41 site-packages/torch/_dynamo/convert_frame.py:1358] [5/8]    last reason: 5/7: GLOBAL_STATE changed: grad_mode autocast 
[rank3]:W0601 22:40:12.580000 41 site-packages/torch/_dynamo/convert_frame.py:1358] [5/8] To log all recompilation reasons, use TORCH_LOGS="recompiles".
[rank3]:W0601 22:40:12.580000 41 site-packages/torch/_dynamo/convert_frame.py:1358] [5/8] To diagnose recompilation issues, see https://pytorch.org/docs/main/torch.compiler_troubleshooting.html
I0601 22:42:12.315903 140066014336192 spec.py:346] Evaluating on the validation split.
2026-06-01 22:42:13.104675: W tensorflow/core/framework/op_kernel.cc:1844] UNKNOWN: KeyError: np.int64(309)
Traceback (most recent call last):

  File "/usr/local/lib/python3.11/site-packages/tensorflow/python/ops/script_ops.py", line 269, in __call__
    ret = func(*args)
          ^^^^^^^^^^^

  File "/usr/local/lib/python3.11/site-packages/tensorflow/python/autograph/impl/api.py", line 643, in wrapper
    return func(*args, **kwargs)
           ^^^^^^^^^^^^^^^^^^^^^

  File "/usr/local/lib/python3.11/site-packages/tensorflow/python/data/ops/from_generator_op.py", line 290, in finalize_py_func
    generator_state.iterator_completed(iterator_id)

  File "/usr/local/lib/python3.11/site-packages/tensorflow/python/data/ops/dataset_ops.py", line 872, in iterator_completed
    del self._iterators[self._normalize_id(iterator_id)]
        ~~~~~~~~~~~~~~~^^^^^^^^^^^^^^^^^^^^^^^^^^^^^^^^^

KeyError: np.int64(309)


2026-06-01 22:42:13.104746: W tensorflow/core/kernels/data/generator_dataset_op.cc:109] Error occurred when finalizing GeneratorDataset iterator: UNKNOWN: KeyError: np.int64(309)
Traceback (most recent call last):

  File "/usr/local/lib/python3.11/site-packages/tensorflow/python/ops/script_ops.py", line 269, in __call__
    ret = func(*args)
          ^^^^^^^^^^^

  File "/usr/local/lib/python3.11/site-packages/tensorflow/python/autograph/impl/api.py", line 643, in wrapper
    return func(*args, **kwargs)
           ^^^^^^^^^^^^^^^^^^^^^

  File "/usr/local/lib/python3.11/site-packages/tensorflow/python/data/ops/from_generator_op.py", line 290, in finalize_py_func
    generator_state.iterator_completed(iterator_id)

  File "/usr/local/lib/python3.11/site-packages/tensorflow/python/data/ops/dataset_ops.py", line 872, in iterator_completed
    del self._iterators[self._normalize_id(iterator_id)]
        ~~~~~~~~~~~~~~~^^^^^^^^^^^^^^^^^^^^^^^^^^^^^^^^^

KeyError: np.int64(309)


	 [[{{node PyFunc}}]]
I0601 22:44:50.073853 140066014336192 spec.py:363] Evaluating on the test split.
I0601 22:47:37.465652 140066014336192 submission_runner.py:516] Time since start: 832.07s, 	Step: 1, 	{'train/ssim': 0.24982414926801408, 'train/loss': 0.9594267436436245, 'validation/ssim': 0.24038237752576322, 'validation/loss': 0.9675988845095315, 'validation/num_examples': 3554, 'test/ssim': 0.26354934449503453, 'test/loss': 0.9652091769058923, 'test/num_examples': 3581, 'score': 259.26683020591736, 'total_duration': 832.070060968399, 'accumulated_submission_time': 259.26683020591736, 'accumulated_eval_time': 572.2364602088928, 'accumulated_logging_time': 0}
I0601 22:47:37.538624 139994156185344 logging_writer.py:48] [1] accumulated_eval_time=572.236, accumulated_logging_time=0, accumulated_submission_time=259.267, global_step=1, preemption_count=0, score=259.267, test/loss=0.965209, test/num_examples=3581, test/ssim=0.263549, total_duration=832.07, train/loss=0.959427, train/ssim=0.249824, validation/loss=0.967599, validation/num_examples=3554, validation/ssim=0.240382
I0601 22:47:38.276486 140066014336192 submission.py:197] 
=== DIAGNOSTICS [Step 1] ===
  • Muon LR:      0.003883970557  |  Grad Norm: 2.864069 (from 23 gradients)
  • NAdamW LR:    0.000135749517  |  Grad Norm: 0.401043 (from 1 gradients)
  • Muon Params:  23 total tensors
  • NAdamW Params:1 total tensors
========================================

I0601 22:47:38.371701 140066014336192 submission.py:197] 
=== DIAGNOSTICS [Step 2] ===
  • Muon LR:      0.003883970469  |  Grad Norm: 3.607622 (from 23 gradients)
  • NAdamW LR:    0.000135749514  |  Grad Norm: 0.284184 (from 1 gradients)
  • Muon Params:  23 total tensors
  • NAdamW Params:1 total tensors
========================================

I0601 22:47:38.452868 140066014336192 submission.py:197] 
=== DIAGNOSTICS [Step 3] ===
  • Muon LR:      0.003883970323  |  Grad Norm: 2.607778 (from 23 gradients)
  • NAdamW LR:    0.000135749509  |  Grad Norm: 0.394748 (from 1 gradients)
  • Muon Params:  23 total tensors
  • NAdamW Params:1 total tensors
========================================

I0601 22:47:38.529000 140066014336192 submission.py:197] 
=== DIAGNOSTICS [Step 4] ===
  • Muon LR:      0.003883970118  |  Grad Norm: 2.485145 (from 23 gradients)
  • NAdamW LR:    0.000135749502  |  Grad Norm: 0.371918 (from 1 gradients)
  • Muon Params:  23 total tensors
  • NAdamW Params:1 total tensors
========================================

I0601 22:47:38.607687 140066014336192 submission.py:197] 
=== DIAGNOSTICS [Step 5] ===
  • Muon LR:      0.003883969854  |  Grad Norm: 2.085658 (from 23 gradients)
  • NAdamW LR:    0.000135749492  |  Grad Norm: 0.422040 (from 1 gradients)
  • Muon Params:  23 total tensors
  • NAdamW Params:1 total tensors
========================================

I0601 22:49:28.035335 140066014336192 spec.py:333] Evaluating on the training split.
I0601 22:49:29.986806 140066014336192 spec.py:346] Evaluating on the validation split.
I0601 22:49:31.989072 140066014336192 spec.py:363] Evaluating on the test split.
I0601 22:49:33.979955 140066014336192 submission_runner.py:516] Time since start: 948.58s, 	Step: 281, 	{'train/ssim': 0.7336649894714355, 'train/loss': 0.28020518166678293, 'validation/ssim': 0.7082054468776379, 'validation/loss': 0.3002000249498804, 'validation/num_examples': 3554, 'test/ssim': 0.7249154200336847, 'test/loss': 0.30231280461332377, 'test/num_examples': 3581, 'score': 368.44902992248535, 'total_duration': 948.5844984054565, 'accumulated_submission_time': 368.44902992248535, 'accumulated_eval_time': 578.1811616420746, 'accumulated_logging_time': 0.11188769340515137}
I0601 22:49:34.001474 139994147792640 logging_writer.py:48] [281] accumulated_eval_time=578.181, accumulated_logging_time=0.111888, accumulated_submission_time=368.449, global_step=281, preemption_count=0, score=368.449, test/loss=0.302313, test/num_examples=3581, test/ssim=0.724915, total_duration=948.584, train/loss=0.280205, train/ssim=0.733665, validation/loss=0.3002, validation/num_examples=3554, validation/ssim=0.708205
I0601 22:51:25.487860 140066014336192 spec.py:333] Evaluating on the training split.
I0601 22:51:27.451940 140066014336192 spec.py:346] Evaluating on the validation split.
I0601 22:51:29.448494 140066014336192 spec.py:363] Evaluating on the test split.
I0601 22:51:31.443077 140066014336192 submission_runner.py:516] Time since start: 1066.05s, 	Step: 380, 	{'train/ssim': 0.7340362412588937, 'train/loss': 0.2775233132498605, 'validation/ssim': 0.7094604973049733, 'validation/loss': 0.29693610385085467, 'validation/num_examples': 3554, 'test/ssim': 0.726929767675754, 'test/loss': 0.2984849577741029, 'test/num_examples': 3581, 'score': 478.8531551361084, 'total_duration': 1066.0476236343384, 'accumulated_submission_time': 478.8531551361084, 'accumulated_eval_time': 584.1364667415619, 'accumulated_logging_time': 0.14110112190246582}
I0601 22:51:31.465253 139994156185344 logging_writer.py:48] [380] accumulated_eval_time=584.136, accumulated_logging_time=0.141101, accumulated_submission_time=478.853, global_step=380, preemption_count=0, score=478.853, test/loss=0.298485, test/num_examples=3581, test/ssim=0.72693, total_duration=1066.05, train/loss=0.277523, train/ssim=0.734036, validation/loss=0.296936, validation/num_examples=3554, validation/ssim=0.70946
I0601 22:53:23.269564 140066014336192 spec.py:333] Evaluating on the training split.
I0601 22:53:25.219043 140066014336192 spec.py:346] Evaluating on the validation split.
I0601 22:53:27.239112 140066014336192 spec.py:363] Evaluating on the test split.
I0601 22:53:29.233952 140066014336192 submission_runner.py:516] Time since start: 1183.84s, 	Step: 480, 	{'train/ssim': 0.7389978000095913, 'train/loss': 0.2743518352508545, 'validation/ssim': 0.7147779405687253, 'validation/loss': 0.29414816766759283, 'validation/num_examples': 3554, 'test/ssim': 0.7316942936679698, 'test/loss': 0.295811444079866, 'test/num_examples': 3581, 'score': 589.5636804103851, 'total_duration': 1183.8385000228882, 'accumulated_submission_time': 589.5636804103851, 'accumulated_eval_time': 590.1010601520538, 'accumulated_logging_time': 0.1711137294769287}
I0601 22:53:29.255046 139994147792640 logging_writer.py:48] [480] accumulated_eval_time=590.101, accumulated_logging_time=0.171114, accumulated_submission_time=589.564, global_step=480, preemption_count=0, score=589.564, test/loss=0.295811, test/num_examples=3581, test/ssim=0.731694, total_duration=1183.84, train/loss=0.274352, train/ssim=0.738998, validation/loss=0.294148, validation/num_examples=3554, validation/ssim=0.714778
I0601 22:55:19.792388 140066014336192 spec.py:333] Evaluating on the training split.
I0601 22:55:21.742234 140066014336192 spec.py:346] Evaluating on the validation split.
I0601 22:55:23.737064 140066014336192 spec.py:363] Evaluating on the test split.
I0601 22:55:25.721840 140066014336192 submission_runner.py:516] Time since start: 1300.33s, 	Step: 576, 	{'train/ssim': 0.7434449877057757, 'train/loss': 0.27225078855242046, 'validation/ssim': 0.7175411123470034, 'validation/loss': 0.2926293299583216, 'validation/num_examples': 3554, 'test/ssim': 0.734850191330983, 'test/loss': 0.2940977555152192, 'test/num_examples': 3581, 'score': 699.0159945487976, 'total_duration': 1300.3263940811157, 'accumulated_submission_time': 699.0159945487976, 'accumulated_eval_time': 596.0306437015533, 'accumulated_logging_time': 0.1999509334564209}
I0601 22:55:25.742505 139994156185344 logging_writer.py:48] [576] accumulated_eval_time=596.031, accumulated_logging_time=0.199951, accumulated_submission_time=699.016, global_step=576, preemption_count=0, score=699.016, test/loss=0.294098, test/num_examples=3581, test/ssim=0.73485, total_duration=1300.33, train/loss=0.272251, train/ssim=0.743445, validation/loss=0.292629, validation/num_examples=3554, validation/ssim=0.717541
I0601 22:57:16.436338 140066014336192 spec.py:333] Evaluating on the training split.
I0601 22:57:18.393658 140066014336192 spec.py:346] Evaluating on the validation split.
I0601 22:57:20.389183 140066014336192 spec.py:363] Evaluating on the test split.
I0601 22:57:22.376481 140066014336192 submission_runner.py:516] Time since start: 1416.98s, 	Step: 672, 	{'train/ssim': 0.7386296817234584, 'train/loss': 0.2723883220127651, 'validation/ssim': 0.7146506494662704, 'validation/loss': 0.2922495174890968, 'validation/num_examples': 3554, 'test/ssim': 0.7319295031503071, 'test/loss': 0.29367202635218864, 'test/num_examples': 3581, 'score': 808.6223633289337, 'total_duration': 1416.9810118675232, 'accumulated_submission_time': 808.6223633289337, 'accumulated_eval_time': 601.9709105491638, 'accumulated_logging_time': 0.2282414436340332}
I0601 22:57:22.395951 139994147792640 logging_writer.py:48] [672] accumulated_eval_time=601.971, accumulated_logging_time=0.228241, accumulated_submission_time=808.622, global_step=672, preemption_count=0, score=808.622, test/loss=0.293672, test/num_examples=3581, test/ssim=0.73193, total_duration=1416.98, train/loss=0.272388, train/ssim=0.73863, validation/loss=0.29225, validation/num_examples=3554, validation/ssim=0.714651
I0601 22:59:13.924171 140066014336192 spec.py:333] Evaluating on the training split.
I0601 22:59:15.874216 140066014336192 spec.py:346] Evaluating on the validation split.
I0601 22:59:17.870221 140066014336192 spec.py:363] Evaluating on the test split.
I0601 22:59:19.856096 140066014336192 submission_runner.py:516] Time since start: 1534.46s, 	Step: 774, 	{'train/ssim': 0.7448680060250419, 'train/loss': 0.2703319617680141, 'validation/ssim': 0.7187482826348832, 'validation/loss': 0.2906477997392902, 'validation/num_examples': 3554, 'test/ssim': 0.7359581984344457, 'test/loss': 0.29215615237102066, 'test/num_examples': 3581, 'score': 919.0602061748505, 'total_duration': 1534.4606375694275, 'accumulated_submission_time': 919.0602061748505, 'accumulated_eval_time': 607.902951002121, 'accumulated_logging_time': 0.25607943534851074}
I0601 22:59:19.876837 139994156185344 logging_writer.py:48] [774] accumulated_eval_time=607.903, accumulated_logging_time=0.256079, accumulated_submission_time=919.06, global_step=774, preemption_count=0, score=919.06, test/loss=0.292156, test/num_examples=3581, test/ssim=0.735958, total_duration=1534.46, train/loss=0.270332, train/ssim=0.744868, validation/loss=0.290648, validation/num_examples=3554, validation/ssim=0.718748
I0601 23:01:10.914837 140066014336192 spec.py:333] Evaluating on the training split.
I0601 23:01:12.849138 140066014336192 spec.py:346] Evaluating on the validation split.
I0601 23:01:14.851436 140066014336192 spec.py:363] Evaluating on the test split.
I0601 23:01:16.842720 140066014336192 submission_runner.py:516] Time since start: 1651.45s, 	Step: 871, 	{'train/ssim': 0.7464440209524972, 'train/loss': 0.27026755469185965, 'validation/ssim': 0.7205414865952097, 'validation/loss': 0.29092062036174027, 'validation/num_examples': 3554, 'test/ssim': 0.7376112097703156, 'test/loss': 0.2924780484785151, 'test/num_examples': 3581, 'score': 1029.009239912033, 'total_duration': 1651.4472589492798, 'accumulated_submission_time': 1029.009239912033, 'accumulated_eval_time': 613.8309259414673, 'accumulated_logging_time': 0.2845137119293213}
I0601 23:01:16.861732 139994147792640 logging_writer.py:48] [871] accumulated_eval_time=613.831, accumulated_logging_time=0.284514, accumulated_submission_time=1029.01, global_step=871, preemption_count=0, score=1029.01, test/loss=0.292478, test/num_examples=3581, test/ssim=0.737611, total_duration=1651.45, train/loss=0.270268, train/ssim=0.746444, validation/loss=0.290921, validation/num_examples=3554, validation/ssim=0.720541
I0601 23:03:08.806564 140066014336192 spec.py:333] Evaluating on the training split.
I0601 23:03:10.781648 140066014336192 spec.py:346] Evaluating on the validation split.
I0601 23:03:12.751298 140066014336192 spec.py:363] Evaluating on the test split.
I0601 23:03:14.719135 140066014336192 submission_runner.py:516] Time since start: 1769.32s, 	Step: 1058, 	{'train/ssim': 0.7450199127197266, 'train/loss': 0.26899627276829313, 'validation/ssim': 0.7189232477929798, 'validation/loss': 0.2894432741936902, 'validation/num_examples': 3554, 'test/ssim': 0.7362612436950223, 'test/loss': 0.2908971339622312, 'test/num_examples': 3581, 'score': 1139.8307242393494, 'total_duration': 1769.3236818313599, 'accumulated_submission_time': 1139.8307242393494, 'accumulated_eval_time': 619.7440650463104, 'accumulated_logging_time': 0.3131523132324219}
I0601 23:03:14.739030 139994156185344 logging_writer.py:48] [1058] accumulated_eval_time=619.744, accumulated_logging_time=0.313152, accumulated_submission_time=1139.83, global_step=1058, preemption_count=0, score=1139.83, test/loss=0.290897, test/num_examples=3581, test/ssim=0.736261, total_duration=1769.32, train/loss=0.268996, train/ssim=0.74502, validation/loss=0.289443, validation/num_examples=3554, validation/ssim=0.718923
I0601 23:05:05.237413 140066014336192 spec.py:333] Evaluating on the training split.
I0601 23:05:07.140805 140066014336192 spec.py:346] Evaluating on the validation split.
I0601 23:05:09.099683 140066014336192 spec.py:363] Evaluating on the test split.
I0601 23:05:11.063203 140066014336192 submission_runner.py:516] Time since start: 1885.67s, 	Step: 3695, 	{'train/ssim': 0.7503479548863002, 'train/loss': 0.2648967845099313, 'validation/ssim': 0.7236385828467924, 'validation/loss': 0.28634988745075973, 'validation/num_examples': 3554, 'test/ssim': 0.7409002564533301, 'test/loss': 0.2876850928184341, 'test/num_examples': 3581, 'score': 1248.6410102844238, 'total_duration': 1885.6677505970001, 'accumulated_submission_time': 1248.6410102844238, 'accumulated_eval_time': 625.5699377059937, 'accumulated_logging_time': 0.3407893180847168}
I0601 23:05:11.083593 139994147792640 logging_writer.py:48] [3695] accumulated_eval_time=625.57, accumulated_logging_time=0.340789, accumulated_submission_time=1248.64, global_step=3695, preemption_count=0, score=1248.64, test/loss=0.287685, test/num_examples=3581, test/ssim=0.7409, total_duration=1885.67, train/loss=0.264897, train/ssim=0.750348, validation/loss=0.28635, validation/num_examples=3554, validation/ssim=0.723639
I0601 23:07:01.613460 140066014336192 spec.py:333] Evaluating on the training split.
I0601 23:07:03.522718 140066014336192 spec.py:346] Evaluating on the validation split.
I0601 23:07:05.491063 140066014336192 spec.py:363] Evaluating on the test split.
I0601 23:07:07.458917 140066014336192 submission_runner.py:516] Time since start: 2002.06s, 	Step: 6334, 	{'train/ssim': 0.7523923601422992, 'train/loss': 0.26392906052725656, 'validation/ssim': 0.7251363313124296, 'validation/loss': 0.2856740871036596, 'validation/num_examples': 3554, 'test/ssim': 0.7424610929427883, 'test/loss': 0.287043448168284, 'test/num_examples': 3581, 'score': 1357.4687869548798, 'total_duration': 2002.0634434223175, 'accumulated_submission_time': 1357.4687869548798, 'accumulated_eval_time': 631.4154708385468, 'accumulated_logging_time': 0.3690340518951416}
I0601 23:07:07.480047 139994156185344 logging_writer.py:48] [6334] accumulated_eval_time=631.415, accumulated_logging_time=0.369034, accumulated_submission_time=1357.47, global_step=6334, preemption_count=0, score=1357.47, test/loss=0.287043, test/num_examples=3581, test/ssim=0.742461, total_duration=2002.06, train/loss=0.263929, train/ssim=0.752392, validation/loss=0.285674, validation/num_examples=3554, validation/ssim=0.725136
I0601 23:07:08.015365 139994147792640 logging_writer.py:48] [6334] global_step=6334, preemption_count=0, score=1357.47
I0601 23:07:08.144719 140066014336192 submission_runner.py:857] Final fastmri score: 1357.4687869548798
