torchrun --redirects 1:0,2:0,3:0 --standalone --nnodes=1 --nproc_per_node=4 submission_runner.py --framework=pytorch --workload=wmt --submission_path=submissions_algorithms/submissions/self_tuning/muon_torch/submission.py --data_dir=/data/wmt --experiment_dir=/experiment_runs --experiment_name=submissions_a100/muon_torch/study_1 --overwrite=True --save_checkpoints=False --rng_seed=518889399 --torch_compile=true --tuning_ruleset=self 2>&1 | tee -a /logs/wmt_pytorch_05-20-2026-18-51-15.log
W0520 18:51:17.008000 9 site-packages/torch/distributed/run.py:803] 
W0520 18:51:17.008000 9 site-packages/torch/distributed/run.py:803] *****************************************
W0520 18:51:17.008000 9 site-packages/torch/distributed/run.py:803] Setting OMP_NUM_THREADS environment variable for each process to be 1 in default, to avoid your system being overloaded, please further tune the variable for optimal performance in your application as needed. 
W0520 18:51:17.008000 9 site-packages/torch/distributed/run.py:803] *****************************************
2026-05-20 18:51:18.378455: E external/local_xla/xla/stream_executor/cuda/cuda_fft.cc:467] Unable to register cuFFT factory: Attempting to register factory for plugin cuFFT when one has already been registered
2026-05-20 18:51:18.378456: E external/local_xla/xla/stream_executor/cuda/cuda_fft.cc:467] Unable to register cuFFT factory: Attempting to register factory for plugin cuFFT when one has already been registered
2026-05-20 18:51:18.378457: E external/local_xla/xla/stream_executor/cuda/cuda_fft.cc:467] Unable to register cuFFT factory: Attempting to register factory for plugin cuFFT when one has already been registered
2026-05-20 18:51:18.378456: E external/local_xla/xla/stream_executor/cuda/cuda_fft.cc:467] Unable to register cuFFT factory: Attempting to register factory for plugin cuFFT when one has already been registered
WARNING: All log messages before absl::InitializeLog() is called are written to STDERR
WARNING: All log messages before absl::InitializeLog() is called are written to STDERR
WARNING: All log messages before absl::InitializeLog() is called are written to STDERR
E0000 00:00:1779303078.398894      40 cuda_dnn.cc:8579] Unable to register cuDNN factory: Attempting to register factory for plugin cuDNN when one has already been registered
E0000 00:00:1779303078.398892      38 cuda_dnn.cc:8579] Unable to register cuDNN factory: Attempting to register factory for plugin cuDNN when one has already been registered
WARNING: All log messages before absl::InitializeLog() is called are written to STDERR
E0000 00:00:1779303078.398888      41 cuda_dnn.cc:8579] Unable to register cuDNN factory: Attempting to register factory for plugin cuDNN when one has already been registered
E0000 00:00:1779303078.398894      39 cuda_dnn.cc:8579] Unable to register cuDNN factory: Attempting to register factory for plugin cuDNN when one has already been registered
E0000 00:00:1779303078.405595      40 cuda_blas.cc:1407] Unable to register cuBLAS factory: Attempting to register factory for plugin cuBLAS when one has already been registered
E0000 00:00:1779303078.405604      39 cuda_blas.cc:1407] Unable to register cuBLAS factory: Attempting to register factory for plugin cuBLAS when one has already been registered
E0000 00:00:1779303078.405616      41 cuda_blas.cc:1407] Unable to register cuBLAS factory: Attempting to register factory for plugin cuBLAS when one has already been registered
E0000 00:00:1779303078.405625      38 cuda_blas.cc:1407] Unable to register cuBLAS factory: Attempting to register factory for plugin cuBLAS when one has already been registered
W0000 00:00:1779303078.422190      39 computation_placer.cc:177] computation placer already registered. Please check linkage and avoid linking the same target more than once.
W0000 00:00:1779303078.422197      40 computation_placer.cc:177] computation placer already registered. Please check linkage and avoid linking the same target more than once.
W0000 00:00:1779303078.422200      38 computation_placer.cc:177] computation placer already registered. Please check linkage and avoid linking the same target more than once.
W0000 00:00:1779303078.422202      41 computation_placer.cc:177] computation placer already registered. Please check linkage and avoid linking the same target more than once.
W0000 00:00:1779303078.422217      39 computation_placer.cc:177] computation placer already registered. Please check linkage and avoid linking the same target more than once.
W0000 00:00:1779303078.422218      40 computation_placer.cc:177] computation placer already registered. Please check linkage and avoid linking the same target more than once.
W0000 00:00:1779303078.422219      39 computation_placer.cc:177] computation placer already registered. Please check linkage and avoid linking the same target more than once.
W0000 00:00:1779303078.422219      38 computation_placer.cc:177] computation placer already registered. Please check linkage and avoid linking the same target more than once.
W0000 00:00:1779303078.422220      41 computation_placer.cc:177] computation placer already registered. Please check linkage and avoid linking the same target more than once.
W0000 00:00:1779303078.422221      40 computation_placer.cc:177] computation placer already registered. Please check linkage and avoid linking the same target more than once.
W0000 00:00:1779303078.422221      39 computation_placer.cc:177] computation placer already registered. Please check linkage and avoid linking the same target more than once.
W0000 00:00:1779303078.422221      38 computation_placer.cc:177] computation placer already registered. Please check linkage and avoid linking the same target more than once.
W0000 00:00:1779303078.422222      41 computation_placer.cc:177] computation placer already registered. Please check linkage and avoid linking the same target more than once.
W0000 00:00:1779303078.422223      40 computation_placer.cc:177] computation placer already registered. Please check linkage and avoid linking the same target more than once.
W0000 00:00:1779303078.422224      38 computation_placer.cc:177] computation placer already registered. Please check linkage and avoid linking the same target more than once.
W0000 00:00:1779303078.422224      41 computation_placer.cc:177] computation placer already registered. Please check linkage and avoid linking the same target more than once.
W0000 00:00:1779303083.908498      39 gpu_device.cc:2341] Cannot dlopen some GPU libraries. Please make sure the missing libraries mentioned above are installed properly if you would like to use GPU. Follow the guide at https://www.tensorflow.org/install/gpu for how to download and setup the required libraries for your platform.
Skipping registering GPU devices...
W0000 00:00:1779303084.003925      41 gpu_device.cc:2341] Cannot dlopen some GPU libraries. Please make sure the missing libraries mentioned above are installed properly if you would like to use GPU. Follow the guide at https://www.tensorflow.org/install/gpu for how to download and setup the required libraries for your platform.
Skipping registering GPU devices...
W0000 00:00:1779303084.116139      40 gpu_device.cc:2341] Cannot dlopen some GPU libraries. Please make sure the missing libraries mentioned above are installed properly if you would like to use GPU. Follow the guide at https://www.tensorflow.org/install/gpu for how to download and setup the required libraries for your platform.
Skipping registering GPU devices...
W0000 00:00:1779303084.211861      38 gpu_device.cc:2341] Cannot dlopen some GPU libraries. Please make sure the missing libraries mentioned above are installed properly if you would like to use GPU. Follow the guide at https://www.tensorflow.org/install/gpu for how to download and setup the required libraries for your platform.
Skipping registering GPU devices...
/usr/local/lib/python3.11/site-packages/torch/__init__.py:1617: UserWarning: Please use the new API settings to control TF32 behavior, such as torch.backends.cudnn.conv.fp32_precision = 'tf32' or torch.backends.cuda.matmul.fp32_precision = 'ieee'. Old settings, e.g, torch.backends.cuda.matmul.allow_tf32 = True, torch.backends.cudnn.allow_tf32 = True, allowTF32CuDNN() and allowTF32CuBLAS() will be deprecated after Pytorch 2.9. Please see https://pytorch.org/docs/main/notes/cuda.html#tensorfloat-32-tf32-on-ampere-and-later-devices (Triggered internally at /pytorch/aten/src/ATen/Context.cpp:80.)
  _C._set_float32_matmul_precision(precision)
/usr/local/lib/python3.11/site-packages/torch/__init__.py:1617: UserWarning: Please use the new API settings to control TF32 behavior, such as torch.backends.cudnn.conv.fp32_precision = 'tf32' or torch.backends.cuda.matmul.fp32_precision = 'ieee'. Old settings, e.g, torch.backends.cuda.matmul.allow_tf32 = True, torch.backends.cudnn.allow_tf32 = True, allowTF32CuDNN() and allowTF32CuBLAS() will be deprecated after Pytorch 2.9. Please see https://pytorch.org/docs/main/notes/cuda.html#tensorfloat-32-tf32-on-ampere-and-later-devices (Triggered internally at /pytorch/aten/src/ATen/Context.cpp:80.)
  _C._set_float32_matmul_precision(precision)
/usr/local/lib/python3.11/site-packages/torch/__init__.py:1617: UserWarning: Please use the new API settings to control TF32 behavior, such as torch.backends.cudnn.conv.fp32_precision = 'tf32' or torch.backends.cuda.matmul.fp32_precision = 'ieee'. Old settings, e.g, torch.backends.cuda.matmul.allow_tf32 = True, torch.backends.cudnn.allow_tf32 = True, allowTF32CuDNN() and allowTF32CuBLAS() will be deprecated after Pytorch 2.9. Please see https://pytorch.org/docs/main/notes/cuda.html#tensorfloat-32-tf32-on-ampere-and-later-devices (Triggered internally at /pytorch/aten/src/ATen/Context.cpp:80.)
  _C._set_float32_matmul_precision(precision)
/usr/local/lib/python3.11/site-packages/torch/__init__.py:1617: UserWarning: Please use the new API settings to control TF32 behavior, such as torch.backends.cudnn.conv.fp32_precision = 'tf32' or torch.backends.cuda.matmul.fp32_precision = 'ieee'. Old settings, e.g, torch.backends.cuda.matmul.allow_tf32 = True, torch.backends.cudnn.allow_tf32 = True, allowTF32CuDNN() and allowTF32CuBLAS() will be deprecated after Pytorch 2.9. Please see https://pytorch.org/docs/main/notes/cuda.html#tensorfloat-32-tf32-on-ampere-and-later-devices (Triggered internally at /pytorch/aten/src/ATen/Context.cpp:80.)
  _C._set_float32_matmul_precision(precision)
/usr/local/lib/python3.11/site-packages/pydantic/_internal/_generate_schema.py:2249: UnsupportedFieldAttributeWarning: The 'repr' attribute with value False was provided to the `Field()` function, which has no effect in the context it was used. 'repr' is field-specific metadata, and can only be attached to a model field using `Annotated` metadata or by assignment. This may have happened because an `Annotated` type alias using the `type` statement was used, or if the `Field()` function was attached to a single member of a union type.
  warnings.warn(
/usr/local/lib/python3.11/site-packages/pydantic/_internal/_generate_schema.py:2249: UnsupportedFieldAttributeWarning: The 'frozen' attribute with value True was provided to the `Field()` function, which has no effect in the context it was used. 'frozen' is field-specific metadata, and can only be attached to a model field using `Annotated` metadata or by assignment. This may have happened because an `Annotated` type alias using the `type` statement was used, or if the `Field()` function was attached to a single member of a union type.
  warnings.warn(
/usr/local/lib/python3.11/site-packages/pydantic/_internal/_generate_schema.py:2249: UnsupportedFieldAttributeWarning: The 'repr' attribute with value False was provided to the `Field()` function, which has no effect in the context it was used. 'repr' is field-specific metadata, and can only be attached to a model field using `Annotated` metadata or by assignment. This may have happened because an `Annotated` type alias using the `type` statement was used, or if the `Field()` function was attached to a single member of a union type.
  warnings.warn(
/usr/local/lib/python3.11/site-packages/pydantic/_internal/_generate_schema.py:2249: UnsupportedFieldAttributeWarning: The 'frozen' attribute with value True was provided to the `Field()` function, which has no effect in the context it was used. 'frozen' is field-specific metadata, and can only be attached to a model field using `Annotated` metadata or by assignment. This may have happened because an `Annotated` type alias using the `type` statement was used, or if the `Field()` function was attached to a single member of a union type.
  warnings.warn(
/usr/local/lib/python3.11/site-packages/pydantic/_internal/_generate_schema.py:2249: UnsupportedFieldAttributeWarning: The 'repr' attribute with value False was provided to the `Field()` function, which has no effect in the context it was used. 'repr' is field-specific metadata, and can only be attached to a model field using `Annotated` metadata or by assignment. This may have happened because an `Annotated` type alias using the `type` statement was used, or if the `Field()` function was attached to a single member of a union type.
  warnings.warn(
/usr/local/lib/python3.11/site-packages/pydantic/_internal/_generate_schema.py:2249: UnsupportedFieldAttributeWarning: The 'frozen' attribute with value True was provided to the `Field()` function, which has no effect in the context it was used. 'frozen' is field-specific metadata, and can only be attached to a model field using `Annotated` metadata or by assignment. This may have happened because an `Annotated` type alias using the `type` statement was used, or if the `Field()` function was attached to a single member of a union type.
  warnings.warn(
/usr/local/lib/python3.11/site-packages/pydantic/_internal/_generate_schema.py:2249: UnsupportedFieldAttributeWarning: The 'repr' attribute with value False was provided to the `Field()` function, which has no effect in the context it was used. 'repr' is field-specific metadata, and can only be attached to a model field using `Annotated` metadata or by assignment. This may have happened because an `Annotated` type alias using the `type` statement was used, or if the `Field()` function was attached to a single member of a union type.
  warnings.warn(
/usr/local/lib/python3.11/site-packages/pydantic/_internal/_generate_schema.py:2249: UnsupportedFieldAttributeWarning: The 'frozen' attribute with value True was provided to the `Field()` function, which has no effect in the context it was used. 'frozen' is field-specific metadata, and can only be attached to a model field using `Annotated` metadata or by assignment. This may have happened because an `Annotated` type alias using the `type` statement was used, or if the `Field()` function was attached to a single member of a union type.
  warnings.warn(
I0520 18:51:26.557402 140080531981504 logger_utils.py:59] Removing existing experiment directory /experiment_runs/submissions_a100/muon_torch/study_1/wmt_pytorch because --overwrite was set.
I0520 18:51:26.578158 139974057768128 logger_utils.py:59] Removing existing experiment directory /experiment_runs/submissions_a100/muon_torch/study_1/wmt_pytorch because --overwrite was set.
I0520 18:51:26.683364 140054633735360 logger_utils.py:59] Removing existing experiment directory /experiment_runs/submissions_a100/muon_torch/study_1/wmt_pytorch because --overwrite was set.
I0520 18:51:26.698396 140274973856960 logger_utils.py:59] Removing existing experiment directory /experiment_runs/submissions_a100/muon_torch/study_1/wmt_pytorch because --overwrite was set.
/usr/local/lib/python3.11/site-packages/torch/distributed/distributed_c10d.py:4876: UserWarning: barrier(): using the device under current context. You can specify `device_id` in `init_process_group` to mute this warning.
  warnings.warn(  # warn only once
[rank0]:[W520 18:51:26.534867375 ProcessGroupNCCL.cpp:5068] Guessing device ID based on global rank. This can cause a hang if rank to GPU mapping is heterogeneous. You can specify device_id in init_process_group()
I0520 18:51:27.435421 140054633735360 logger_utils.py:84] Creating experiment directory at /experiment_runs/submissions_a100/muon_torch/study_1/wmt_pytorch.
I0520 18:51:27.435424 140274973856960 logger_utils.py:84] Creating experiment directory at /experiment_runs/submissions_a100/muon_torch/study_1/wmt_pytorch.
I0520 18:51:27.435421 140080531981504 logger_utils.py:84] Creating experiment directory at /experiment_runs/submissions_a100/muon_torch/study_1/wmt_pytorch.
I0520 18:51:27.435449 139974057768128 logger_utils.py:84] Creating experiment directory at /experiment_runs/submissions_a100/muon_torch/study_1/wmt_pytorch.
I0520 18:51:29.986573 140274973856960 submission_runner.py:741] Creating directory at /experiment_runs/submissions_a100/muon_torch/study_1/wmt_pytorch/trial_1.
I0520 18:51:30.323928 140274973856960 submission_runner.py:242] Initializing dataset.
I0520 18:51:30.324105 140274973856960 submission_runner.py:251] Initializing model.
I0520 18:51:32.087139 140274973856960 submission_runner.py:290] Performing `torch.compile`.
I0520 18:51:32.090628 140274973856960 submission_runner.py:294] Initializing optimizer.
I0520 18:51:32.091267 140274973856960 muon.py:324] Muon params:
	_orig_mod.module.encoder.encoder.layers.0.self_attn.in_proj.weight (ndim=2)
	_orig_mod.module.encoder.encoder.layers.0.self_attn.out_proj.weight (ndim=2)
	_orig_mod.module.encoder.encoder.layers.0.linear1.weight (ndim=2)
	_orig_mod.module.encoder.encoder.layers.0.linear2.weight (ndim=2)
	_orig_mod.module.encoder.encoder.layers.1.self_attn.in_proj.weight (ndim=2)
	_orig_mod.module.encoder.encoder.layers.1.self_attn.out_proj.weight (ndim=2)
	_orig_mod.module.encoder.encoder.layers.1.linear1.weight (ndim=2)
	_orig_mod.module.encoder.encoder.layers.1.linear2.weight (ndim=2)
	_orig_mod.module.encoder.encoder.layers.2.self_attn.in_proj.weight (ndim=2)
	_orig_mod.module.encoder.encoder.layers.2.self_attn.out_proj.weight (ndim=2)
	_orig_mod.module.encoder.encoder.layers.2.linear1.weight (ndim=2)
	_orig_mod.module.encoder.encoder.layers.2.linear2.weight (ndim=2)
	_orig_mod.module.encoder.encoder.layers.3.self_attn.in_proj.weight (ndim=2)
	_orig_mod.module.encoder.encoder.layers.3.self_attn.out_proj.weight (ndim=2)
	_orig_mod.module.encoder.encoder.layers.3.linear1.weight (ndim=2)
	_orig_mod.module.encoder.encoder.layers.3.linear2.weight (ndim=2)
	_orig_mod.module.encoder.encoder.layers.4.self_attn.in_proj.weight (ndim=2)
	_orig_mod.module.encoder.encoder.layers.4.self_attn.out_proj.weight (ndim=2)
	_orig_mod.module.encoder.encoder.layers.4.linear1.weight (ndim=2)
	_orig_mod.module.encoder.encoder.layers.4.linear2.weight (ndim=2)
	_orig_mod.module.encoder.encoder.layers.5.self_attn.in_proj.weight (ndim=2)
	_orig_mod.module.encoder.encoder.layers.5.self_attn.out_proj.weight (ndim=2)
	_orig_mod.module.encoder.encoder.layers.5.linear1.weight (ndim=2)
	_orig_mod.module.encoder.encoder.layers.5.linear2.weight (ndim=2)
	_orig_mod.module.decoder.decoder.layers.0.self_attn.in_proj.weight (ndim=2)
	_orig_mod.module.decoder.decoder.layers.0.self_attn.out_proj.weight (ndim=2)
	_orig_mod.module.decoder.decoder.layers.0.multihead_attn.q_proj.weight (ndim=2)
	_orig_mod.module.decoder.decoder.layers.0.multihead_attn.kv_proj.weight (ndim=2)
	_orig_mod.module.decoder.decoder.layers.0.multihead_attn.out_proj.weight (ndim=2)
	_orig_mod.module.decoder.decoder.layers.0.linear1.weight (ndim=2)
	_orig_mod.module.decoder.decoder.layers.0.linear2.weight (ndim=2)
	_orig_mod.module.decoder.decoder.layers.1.self_attn.in_proj.weight (ndim=2)
	_orig_mod.module.decoder.decoder.layers.1.self_attn.out_proj.weight (ndim=2)
	_orig_mod.module.decoder.decoder.layers.1.multihead_attn.q_proj.weight (ndim=2)
	_orig_mod.module.decoder.decoder.layers.1.multihead_attn.kv_proj.weight (ndim=2)
	_orig_mod.module.decoder.decoder.layers.1.multihead_attn.out_proj.weight (ndim=2)
	_orig_mod.module.decoder.decoder.layers.1.linear1.weight (ndim=2)
	_orig_mod.module.decoder.decoder.layers.1.linear2.weight (ndim=2)
	_orig_mod.module.decoder.decoder.layers.2.self_attn.in_proj.weight (ndim=2)
	_orig_mod.module.decoder.decoder.layers.2.self_attn.out_proj.weight (ndim=2)
	_orig_mod.module.decoder.decoder.layers.2.multihead_attn.q_proj.weight (ndim=2)
	_orig_mod.module.decoder.decoder.layers.2.multihead_attn.kv_proj.weight (ndim=2)
	_orig_mod.module.decoder.decoder.layers.2.multihead_attn.out_proj.weight (ndim=2)
	_orig_mod.module.decoder.decoder.layers.2.linear1.weight (ndim=2)
	_orig_mod.module.decoder.decoder.layers.2.linear2.weight (ndim=2)
	_orig_mod.module.decoder.decoder.layers.3.self_attn.in_proj.weight (ndim=2)
	_orig_mod.module.decoder.decoder.layers.3.self_attn.out_proj.weight (ndim=2)
	_orig_mod.module.decoder.decoder.layers.3.multihead_attn.q_proj.weight (ndim=2)
	_orig_mod.module.decoder.decoder.layers.3.multihead_attn.kv_proj.weight (ndim=2)
	_orig_mod.module.decoder.decoder.layers.3.multihead_attn.out_proj.weight (ndim=2)
	_orig_mod.module.decoder.decoder.layers.3.linear1.weight (ndim=2)
	_orig_mod.module.decoder.decoder.layers.3.linear2.weight (ndim=2)
	_orig_mod.module.decoder.decoder.layers.4.self_attn.in_proj.weight (ndim=2)
	_orig_mod.module.decoder.decoder.layers.4.self_attn.out_proj.weight (ndim=2)
	_orig_mod.module.decoder.decoder.layers.4.multihead_attn.q_proj.weight (ndim=2)
	_orig_mod.module.decoder.decoder.layers.4.multihead_attn.kv_proj.weight (ndim=2)
	_orig_mod.module.decoder.decoder.layers.4.multihead_attn.out_proj.weight (ndim=2)
	_orig_mod.module.decoder.decoder.layers.4.linear1.weight (ndim=2)
	_orig_mod.module.decoder.decoder.layers.4.linear2.weight (ndim=2)
	_orig_mod.module.decoder.decoder.layers.5.self_attn.in_proj.weight (ndim=2)
	_orig_mod.module.decoder.decoder.layers.5.self_attn.out_proj.weight (ndim=2)
	_orig_mod.module.decoder.decoder.layers.5.multihead_attn.q_proj.weight (ndim=2)
	_orig_mod.module.decoder.decoder.layers.5.multihead_attn.kv_proj.weight (ndim=2)
	_orig_mod.module.decoder.decoder.layers.5.multihead_attn.out_proj.weight (ndim=2)
	_orig_mod.module.decoder.decoder.layers.5.linear1.weight (ndim=2)
	_orig_mod.module.decoder.decoder.layers.5.linear2.weight (ndim=2)
I0520 18:51:32.091362 140274973856960 muon.py:325] Adam params:
	_orig_mod.module.shared_embedding.weight (ndim=2)
	_orig_mod.module.encoder.encoder.layers.0.linear1.bias (ndim=1)
	_orig_mod.module.encoder.encoder.layers.0.linear2.bias (ndim=1)
	_orig_mod.module.encoder.encoder.layers.0.norm1.weight (ndim=1)
	_orig_mod.module.encoder.encoder.layers.0.norm1.bias (ndim=1)
	_orig_mod.module.encoder.encoder.layers.0.norm2.weight (ndim=1)
	_orig_mod.module.encoder.encoder.layers.0.norm2.bias (ndim=1)
	_orig_mod.module.encoder.encoder.layers.1.linear1.bias (ndim=1)
	_orig_mod.module.encoder.encoder.layers.1.linear2.bias (ndim=1)
	_orig_mod.module.encoder.encoder.layers.1.norm1.weight (ndim=1)
	_orig_mod.module.encoder.encoder.layers.1.norm1.bias (ndim=1)
	_orig_mod.module.encoder.encoder.layers.1.norm2.weight (ndim=1)
	_orig_mod.module.encoder.encoder.layers.1.norm2.bias (ndim=1)
	_orig_mod.module.encoder.encoder.layers.2.linear1.bias (ndim=1)
	_orig_mod.module.encoder.encoder.layers.2.linear2.bias (ndim=1)
	_orig_mod.module.encoder.encoder.layers.2.norm1.weight (ndim=1)
	_orig_mod.module.encoder.encoder.layers.2.norm1.bias (ndim=1)
	_orig_mod.module.encoder.encoder.layers.2.norm2.weight (ndim=1)
	_orig_mod.module.encoder.encoder.layers.2.norm2.bias (ndim=1)
	_orig_mod.module.encoder.encoder.layers.3.linear1.bias (ndim=1)
	_orig_mod.module.encoder.encoder.layers.3.linear2.bias (ndim=1)
	_orig_mod.module.encoder.encoder.layers.3.norm1.weight (ndim=1)
	_orig_mod.module.encoder.encoder.layers.3.norm1.bias (ndim=1)
	_orig_mod.module.encoder.encoder.layers.3.norm2.weight (ndim=1)
	_orig_mod.module.encoder.encoder.layers.3.norm2.bias (ndim=1)
	_orig_mod.module.encoder.encoder.layers.4.linear1.bias (ndim=1)
	_orig_mod.module.encoder.encoder.layers.4.linear2.bias (ndim=1)
	_orig_mod.module.encoder.encoder.layers.4.norm1.weight (ndim=1)
	_orig_mod.module.encoder.encoder.layers.4.norm1.bias (ndim=1)
	_orig_mod.module.encoder.encoder.layers.4.norm2.weight (ndim=1)
	_orig_mod.module.encoder.encoder.layers.4.norm2.bias (ndim=1)
	_orig_mod.module.encoder.encoder.layers.5.linear1.bias (ndim=1)
	_orig_mod.module.encoder.encoder.layers.5.linear2.bias (ndim=1)
	_orig_mod.module.encoder.encoder.layers.5.norm1.weight (ndim=1)
	_orig_mod.module.encoder.encoder.layers.5.norm1.bias (ndim=1)
	_orig_mod.module.encoder.encoder.layers.5.norm2.weight (ndim=1)
	_orig_mod.module.encoder.encoder.layers.5.norm2.bias (ndim=1)
	_orig_mod.module.encoder.encoder.norm.weight (ndim=1)
	_orig_mod.module.encoder.encoder.norm.bias (ndim=1)
	_orig_mod.module.decoder.decoder.layers.0.linear1.bias (ndim=1)
	_orig_mod.module.decoder.decoder.layers.0.linear2.bias (ndim=1)
	_orig_mod.module.decoder.decoder.layers.0.norm1.weight (ndim=1)
	_orig_mod.module.decoder.decoder.layers.0.norm1.bias (ndim=1)
	_orig_mod.module.decoder.decoder.layers.0.norm2.weight (ndim=1)
	_orig_mod.module.decoder.decoder.layers.0.norm2.bias (ndim=1)
	_orig_mod.module.decoder.decoder.layers.0.norm3.weight (ndim=1)
	_orig_mod.module.decoder.decoder.layers.0.norm3.bias (ndim=1)
	_orig_mod.module.decoder.decoder.layers.1.linear1.bias (ndim=1)
	_orig_mod.module.decoder.decoder.layers.1.linear2.bias (ndim=1)
	_orig_mod.module.decoder.decoder.layers.1.norm1.weight (ndim=1)
	_orig_mod.module.decoder.decoder.layers.1.norm1.bias (ndim=1)
	_orig_mod.module.decoder.decoder.layers.1.norm2.weight (ndim=1)
	_orig_mod.module.decoder.decoder.layers.1.norm2.bias (ndim=1)
	_orig_mod.module.decoder.decoder.layers.1.norm3.weight (ndim=1)
	_orig_mod.module.decoder.decoder.layers.1.norm3.bias (ndim=1)
	_orig_mod.module.decoder.decoder.layers.2.linear1.bias (ndim=1)
	_orig_mod.module.decoder.decoder.layers.2.linear2.bias (ndim=1)
	_orig_mod.module.decoder.decoder.layers.2.norm1.weight (ndim=1)
	_orig_mod.module.decoder.decoder.layers.2.norm1.bias (ndim=1)
	_orig_mod.module.decoder.decoder.layers.2.norm2.weight (ndim=1)
	_orig_mod.module.decoder.decoder.layers.2.norm2.bias (ndim=1)
	_orig_mod.module.decoder.decoder.layers.2.norm3.weight (ndim=1)
	_orig_mod.module.decoder.decoder.layers.2.norm3.bias (ndim=1)
	_orig_mod.module.decoder.decoder.layers.3.linear1.bias (ndim=1)
	_orig_mod.module.decoder.decoder.layers.3.linear2.bias (ndim=1)
	_orig_mod.module.decoder.decoder.layers.3.norm1.weight (ndim=1)
	_orig_mod.module.decoder.decoder.layers.3.norm1.bias (ndim=1)
	_orig_mod.module.decoder.decoder.layers.3.norm2.weight (ndim=1)
	_orig_mod.module.decoder.decoder.layers.3.norm2.bias (ndim=1)
	_orig_mod.module.decoder.decoder.layers.3.norm3.weight (ndim=1)
	_orig_mod.module.decoder.decoder.layers.3.norm3.bias (ndim=1)
	_orig_mod.module.decoder.decoder.layers.4.linear1.bias (ndim=1)
	_orig_mod.module.decoder.decoder.layers.4.linear2.bias (ndim=1)
	_orig_mod.module.decoder.decoder.layers.4.norm1.weight (ndim=1)
	_orig_mod.module.decoder.decoder.layers.4.norm1.bias (ndim=1)
	_orig_mod.module.decoder.decoder.layers.4.norm2.weight (ndim=1)
	_orig_mod.module.decoder.decoder.layers.4.norm2.bias (ndim=1)
	_orig_mod.module.decoder.decoder.layers.4.norm3.weight (ndim=1)
	_orig_mod.module.decoder.decoder.layers.4.norm3.bias (ndim=1)
	_orig_mod.module.decoder.decoder.layers.5.linear1.bias (ndim=1)
	_orig_mod.module.decoder.decoder.layers.5.linear2.bias (ndim=1)
	_orig_mod.module.decoder.decoder.layers.5.norm1.weight (ndim=1)
	_orig_mod.module.decoder.decoder.layers.5.norm1.bias (ndim=1)
	_orig_mod.module.decoder.decoder.layers.5.norm2.weight (ndim=1)
	_orig_mod.module.decoder.decoder.layers.5.norm2.bias (ndim=1)
	_orig_mod.module.decoder.decoder.layers.5.norm3.weight (ndim=1)
	_orig_mod.module.decoder.decoder.layers.5.norm3.bias (ndim=1)
	_orig_mod.module.decoder.decoder.norm.weight (ndim=1)
	_orig_mod.module.decoder.decoder.norm.bias (ndim=1)
I0520 18:51:32.091457 140054633735360 muon.py:324] Muon params:
	_orig_mod.module.encoder.encoder.layers.0.self_attn.in_proj.weight (ndim=2)
	_orig_mod.module.encoder.encoder.layers.0.self_attn.out_proj.weight (ndim=2)
	_orig_mod.module.encoder.encoder.layers.0.linear1.weight (ndim=2)
	_orig_mod.module.encoder.encoder.layers.0.linear2.weight (ndim=2)
	_orig_mod.module.encoder.encoder.layers.1.self_attn.in_proj.weight (ndim=2)
	_orig_mod.module.encoder.encoder.layers.1.self_attn.out_proj.weight (ndim=2)
	_orig_mod.module.encoder.encoder.layers.1.linear1.weight (ndim=2)
	_orig_mod.module.encoder.encoder.layers.1.linear2.weight (ndim=2)
	_orig_mod.module.encoder.encoder.layers.2.self_attn.in_proj.weight (ndim=2)
	_orig_mod.module.encoder.encoder.layers.2.self_attn.out_proj.weight (ndim=2)
	_orig_mod.module.encoder.encoder.layers.2.linear1.weight (ndim=2)
	_orig_mod.module.encoder.encoder.layers.2.linear2.weight (ndim=2)
	_orig_mod.module.encoder.encoder.layers.3.self_attn.in_proj.weight (ndim=2)
	_orig_mod.module.encoder.encoder.layers.3.self_attn.out_proj.weight (ndim=2)
	_orig_mod.module.encoder.encoder.layers.3.linear1.weight (ndim=2)
	_orig_mod.module.encoder.encoder.layers.3.linear2.weight (ndim=2)
	_orig_mod.module.encoder.encoder.layers.4.self_attn.in_proj.weight (ndim=2)
	_orig_mod.module.encoder.encoder.layers.4.self_attn.out_proj.weight (ndim=2)
	_orig_mod.module.encoder.encoder.layers.4.linear1.weight (ndim=2)
	_orig_mod.module.encoder.encoder.layers.4.linear2.weight (ndim=2)
	_orig_mod.module.encoder.encoder.layers.5.self_attn.in_proj.weight (ndim=2)
	_orig_mod.module.encoder.encoder.layers.5.self_attn.out_proj.weight (ndim=2)
	_orig_mod.module.encoder.encoder.layers.5.linear1.weight (ndim=2)
	_orig_mod.module.encoder.encoder.layers.5.linear2.weight (ndim=2)
	_orig_mod.module.decoder.decoder.layers.0.self_attn.in_proj.weight (ndim=2)
	_orig_mod.module.decoder.decoder.layers.0.self_attn.out_proj.weight (ndim=2)
	_orig_mod.module.decoder.decoder.layers.0.multihead_attn.q_proj.weight (ndim=2)
	_orig_mod.module.decoder.decoder.layers.0.multihead_attn.kv_proj.weight (ndim=2)
	_orig_mod.module.decoder.decoder.layers.0.multihead_attn.out_proj.weight (ndim=2)
	_orig_mod.module.decoder.decoder.layers.0.linear1.weight (ndim=2)
	_orig_mod.module.decoder.decoder.layers.0.linear2.weight (ndim=2)
	_orig_mod.module.decoder.decoder.layers.1.self_attn.in_proj.weight (ndim=2)
	_orig_mod.module.decoder.decoder.layers.1.self_attn.out_proj.weight (ndim=2)
	_orig_mod.module.decoder.decoder.layers.1.multihead_attn.q_proj.weight (ndim=2)
	_orig_mod.module.decoder.decoder.layers.1.multihead_attn.kv_proj.weight (ndim=2)
	_orig_mod.module.decoder.decoder.layers.1.multihead_attn.out_proj.weight (ndim=2)
	_orig_mod.module.decoder.decoder.layers.1.linear1.weight (ndim=2)
	_orig_mod.module.decoder.decoder.layers.1.linear2.weight (ndim=2)
	_orig_mod.module.decoder.decoder.layers.2.self_attn.in_proj.weight (ndim=2)
	_orig_mod.module.decoder.decoder.layers.2.self_attn.out_proj.weight (ndim=2)
	_orig_mod.module.decoder.decoder.layers.2.multihead_attn.q_proj.weight (ndim=2)
	_orig_mod.module.decoder.decoder.layers.2.multihead_attn.kv_proj.weight (ndim=2)
	_orig_mod.module.decoder.decoder.layers.2.multihead_attn.out_proj.weight (ndim=2)
	_orig_mod.module.decoder.decoder.layers.2.linear1.weight (ndim=2)
	_orig_mod.module.decoder.decoder.layers.2.linear2.weight (ndim=2)
	_orig_mod.module.decoder.decoder.layers.3.self_attn.in_proj.weight (ndim=2)
	_orig_mod.module.decoder.decoder.layers.3.self_attn.out_proj.weight (ndim=2)
	_orig_mod.module.decoder.decoder.layers.3.multihead_attn.q_proj.weight (ndim=2)
	_orig_mod.module.decoder.decoder.layers.3.multihead_attn.kv_proj.weight (ndim=2)
	_orig_mod.module.decoder.decoder.layers.3.multihead_attn.out_proj.weight (ndim=2)
	_orig_mod.module.decoder.decoder.layers.3.linear1.weight (ndim=2)
	_orig_mod.module.decoder.decoder.layers.3.linear2.weight (ndim=2)
	_orig_mod.module.decoder.decoder.layers.4.self_attn.in_proj.weight (ndim=2)
	_orig_mod.module.decoder.decoder.layers.4.self_attn.out_proj.weight (ndim=2)
	_orig_mod.module.decoder.decoder.layers.4.multihead_attn.q_proj.weight (ndim=2)
	_orig_mod.module.decoder.decoder.layers.4.multihead_attn.kv_proj.weight (ndim=2)
	_orig_mod.module.decoder.decoder.layers.4.multihead_attn.out_proj.weight (ndim=2)
	_orig_mod.module.decoder.decoder.layers.4.linear1.weight (ndim=2)
	_orig_mod.module.decoder.decoder.layers.4.linear2.weight (ndim=2)
	_orig_mod.module.decoder.decoder.layers.5.self_attn.in_proj.weight (ndim=2)
	_orig_mod.module.decoder.decoder.layers.5.self_attn.out_proj.weight (ndim=2)
	_orig_mod.module.decoder.decoder.layers.5.multihead_attn.q_proj.weight (ndim=2)
	_orig_mod.module.decoder.decoder.layers.5.multihead_attn.kv_proj.weight (ndim=2)
	_orig_mod.module.decoder.decoder.layers.5.multihead_attn.out_proj.weight (ndim=2)
	_orig_mod.module.decoder.decoder.layers.5.linear1.weight (ndim=2)
	_orig_mod.module.decoder.decoder.layers.5.linear2.weight (ndim=2)
I0520 18:51:32.091639 140054633735360 muon.py:325] Adam params:
	_orig_mod.module.shared_embedding.weight (ndim=2)
	_orig_mod.module.encoder.encoder.layers.0.linear1.bias (ndim=1)
	_orig_mod.module.encoder.encoder.layers.0.linear2.bias (ndim=1)
	_orig_mod.module.encoder.encoder.layers.0.norm1.weight (ndim=1)
	_orig_mod.module.encoder.encoder.layers.0.norm1.bias (ndim=1)
	_orig_mod.module.encoder.encoder.layers.0.norm2.weight (ndim=1)
	_orig_mod.module.encoder.encoder.layers.0.norm2.bias (ndim=1)
	_orig_mod.module.encoder.encoder.layers.1.linear1.bias (ndim=1)
	_orig_mod.module.encoder.encoder.layers.1.linear2.bias (ndim=1)
	_orig_mod.module.encoder.encoder.layers.1.norm1.weight (ndim=1)
	_orig_mod.module.encoder.encoder.layers.1.norm1.bias (ndim=1)
	_orig_mod.module.encoder.encoder.layers.1.norm2.weight (ndim=1)
	_orig_mod.module.encoder.encoder.layers.1.norm2.bias (ndim=1)
	_orig_mod.module.encoder.encoder.layers.2.linear1.bias (ndim=1)
	_orig_mod.module.encoder.encoder.layers.2.linear2.bias (ndim=1)
	_orig_mod.module.encoder.encoder.layers.2.norm1.weight (ndim=1)
	_orig_mod.module.encoder.encoder.layers.2.norm1.bias (ndim=1)
	_orig_mod.module.encoder.encoder.layers.2.norm2.weight (ndim=1)
	_orig_mod.module.encoder.encoder.layers.2.norm2.bias (ndim=1)
	_orig_mod.module.encoder.encoder.layers.3.linear1.bias (ndim=1)
	_orig_mod.module.encoder.encoder.layers.3.linear2.bias (ndim=1)
	_orig_mod.module.encoder.encoder.layers.3.norm1.weight (ndim=1)
	_orig_mod.module.encoder.encoder.layers.3.norm1.bias (ndim=1)
	_orig_mod.module.encoder.encoder.layers.3.norm2.weight (ndim=1)
	_orig_mod.module.encoder.encoder.layers.3.norm2.bias (ndim=1)
	_orig_mod.module.encoder.encoder.layers.4.linear1.bias (ndim=1)
	_orig_mod.module.encoder.encoder.layers.4.linear2.bias (ndim=1)
	_orig_mod.module.encoder.encoder.layers.4.norm1.weight (ndim=1)
	_orig_mod.module.encoder.encoder.layers.4.norm1.bias (ndim=1)
	_orig_mod.module.encoder.encoder.layers.4.norm2.weight (ndim=1)
	_orig_mod.module.encoder.encoder.layers.4.norm2.bias (ndim=1)
	_orig_mod.module.encoder.encoder.layers.5.linear1.bias (ndim=1)
	_orig_mod.module.encoder.encoder.layers.5.linear2.bias (ndim=1)
	_orig_mod.module.encoder.encoder.layers.5.norm1.weight (ndim=1)
	_orig_mod.module.encoder.encoder.layers.5.norm1.bias (ndim=1)
	_orig_mod.module.encoder.encoder.layers.5.norm2.weight (ndim=1)
	_orig_mod.module.encoder.encoder.layers.5.norm2.bias (ndim=1)
	_orig_mod.module.encoder.encoder.norm.weight (ndim=1)
	_orig_mod.module.encoder.encoder.norm.bias (ndim=1)
	_orig_mod.module.decoder.decoder.layers.0.linear1.bias (ndim=1)
	_orig_mod.module.decoder.decoder.layers.0.linear2.bias (ndim=1)
	_orig_mod.module.decoder.decoder.layers.0.norm1.weight (ndim=1)
	_orig_mod.module.decoder.decoder.layers.0.norm1.bias (ndim=1)
	_orig_mod.module.decoder.decoder.layers.0.norm2.weight (ndim=1)
	_orig_mod.module.decoder.decoder.layers.0.norm2.bias (ndim=1)
	_orig_mod.module.decoder.decoder.layers.0.norm3.weight (ndim=1)
	_orig_mod.module.decoder.decoder.layers.0.norm3.bias (ndim=1)
	_orig_mod.module.decoder.decoder.layers.1.linear1.bias (ndim=1)
	_orig_mod.module.decoder.decoder.layers.1.linear2.bias (ndim=1)
	_orig_mod.module.decoder.decoder.layers.1.norm1.weight (ndim=1)
	_orig_mod.module.decoder.decoder.layers.1.norm1.bias (ndim=1)
	_orig_mod.module.decoder.decoder.layers.1.norm2.weight (ndim=1)
	_orig_mod.module.decoder.decoder.layers.1.norm2.bias (ndim=1)
	_orig_mod.module.decoder.decoder.layers.1.norm3.weight (ndim=1)
	_orig_mod.module.decoder.decoder.layers.1.norm3.bias (ndim=1)
	_orig_mod.module.decoder.decoder.layers.2.linear1.bias (ndim=1)
	_orig_mod.module.decoder.decoder.layers.2.linear2.bias (ndim=1)
	_orig_mod.module.decoder.decoder.layers.2.norm1.weight (ndim=1)
	_orig_mod.module.decoder.decoder.layers.2.norm1.bias (ndim=1)
	_orig_mod.module.decoder.decoder.layers.2.norm2.weight (ndim=1)
	_orig_mod.module.decoder.decoder.layers.2.norm2.bias (ndim=1)
	_orig_mod.module.decoder.decoder.layers.2.norm3.weight (ndim=1)
	_orig_mod.module.decoder.decoder.layers.2.norm3.bias (ndim=1)
	_orig_mod.module.decoder.decoder.layers.3.linear1.bias (ndim=1)
	_orig_mod.module.decoder.decoder.layers.3.linear2.bias (ndim=1)
	_orig_mod.module.decoder.decoder.layers.3.norm1.weight (ndim=1)
	_orig_mod.module.decoder.decoder.layers.3.norm1.bias (ndim=1)
	_orig_mod.module.decoder.decoder.layers.3.norm2.weight (ndim=1)
	_orig_mod.module.decoder.decoder.layers.3.norm2.bias (ndim=1)
	_orig_mod.module.decoder.decoder.layers.3.norm3.weight (ndim=1)
	_orig_mod.module.decoder.decoder.layers.3.norm3.bias (ndim=1)
	_orig_mod.module.decoder.decoder.layers.4.linear1.bias (ndim=1)
	_orig_mod.module.decoder.decoder.layers.4.linear2.bias (ndim=1)
	_orig_mod.module.decoder.decoder.layers.4.norm1.weight (ndim=1)
	_orig_mod.module.decoder.decoder.layers.4.norm1.bias (ndim=1)
	_orig_mod.module.decoder.decoder.layers.4.norm2.weight (ndim=1)
	_orig_mod.module.decoder.decoder.layers.4.norm2.bias (ndim=1)
	_orig_mod.module.decoder.decoder.layers.4.norm3.weight (ndim=1)
	_orig_mod.module.decoder.decoder.layers.4.norm3.bias (ndim=1)
	_orig_mod.module.decoder.decoder.layers.5.linear1.bias (ndim=1)
	_orig_mod.module.decoder.decoder.layers.5.linear2.bias (ndim=1)
	_orig_mod.module.decoder.decoder.layers.5.norm1.weight (ndim=1)
	_orig_mod.module.decoder.decoder.layers.5.norm1.bias (ndim=1)
	_orig_mod.module.decoder.decoder.layers.5.norm2.weight (ndim=1)
	_orig_mod.module.decoder.decoder.layers.5.norm2.bias (ndim=1)
	_orig_mod.module.decoder.decoder.layers.5.norm3.weight (ndim=1)
	_orig_mod.module.decoder.decoder.layers.5.norm3.bias (ndim=1)
	_orig_mod.module.decoder.decoder.norm.weight (ndim=1)
	_orig_mod.module.decoder.decoder.norm.bias (ndim=1)
I0520 18:51:32.091634 139974057768128 muon.py:324] Muon params:
	_orig_mod.module.encoder.encoder.layers.0.self_attn.in_proj.weight (ndim=2)
	_orig_mod.module.encoder.encoder.layers.0.self_attn.out_proj.weight (ndim=2)
	_orig_mod.module.encoder.encoder.layers.0.linear1.weight (ndim=2)
	_orig_mod.module.encoder.encoder.layers.0.linear2.weight (ndim=2)
	_orig_mod.module.encoder.encoder.layers.1.self_attn.in_proj.weight (ndim=2)
	_orig_mod.module.encoder.encoder.layers.1.self_attn.out_proj.weight (ndim=2)
	_orig_mod.module.encoder.encoder.layers.1.linear1.weight (ndim=2)
	_orig_mod.module.encoder.encoder.layers.1.linear2.weight (ndim=2)
	_orig_mod.module.encoder.encoder.layers.2.self_attn.in_proj.weight (ndim=2)
	_orig_mod.module.encoder.encoder.layers.2.self_attn.out_proj.weight (ndim=2)
	_orig_mod.module.encoder.encoder.layers.2.linear1.weight (ndim=2)
	_orig_mod.module.encoder.encoder.layers.2.linear2.weight (ndim=2)
	_orig_mod.module.encoder.encoder.layers.3.self_attn.in_proj.weight (ndim=2)
	_orig_mod.module.encoder.encoder.layers.3.self_attn.out_proj.weight (ndim=2)
	_orig_mod.module.encoder.encoder.layers.3.linear1.weight (ndim=2)
	_orig_mod.module.encoder.encoder.layers.3.linear2.weight (ndim=2)
	_orig_mod.module.encoder.encoder.layers.4.self_attn.in_proj.weight (ndim=2)
	_orig_mod.module.encoder.encoder.layers.4.self_attn.out_proj.weight (ndim=2)
	_orig_mod.module.encoder.encoder.layers.4.linear1.weight (ndim=2)
	_orig_mod.module.encoder.encoder.layers.4.linear2.weight (ndim=2)
	_orig_mod.module.encoder.encoder.layers.5.self_attn.in_proj.weight (ndim=2)
	_orig_mod.module.encoder.encoder.layers.5.self_attn.out_proj.weight (ndim=2)
	_orig_mod.module.encoder.encoder.layers.5.linear1.weight (ndim=2)
	_orig_mod.module.encoder.encoder.layers.5.linear2.weight (ndim=2)
	_orig_mod.module.decoder.decoder.layers.0.self_attn.in_proj.weight (ndim=2)
	_orig_mod.module.decoder.decoder.layers.0.self_attn.out_proj.weight (ndim=2)
	_orig_mod.module.decoder.decoder.layers.0.multihead_attn.q_proj.weight (ndim=2)
	_orig_mod.module.decoder.decoder.layers.0.multihead_attn.kv_proj.weight (ndim=2)
	_orig_mod.module.decoder.decoder.layers.0.multihead_attn.out_proj.weight (ndim=2)
	_orig_mod.module.decoder.decoder.layers.0.linear1.weight (ndim=2)
	_orig_mod.module.decoder.decoder.layers.0.linear2.weight (ndim=2)
	_orig_mod.module.decoder.decoder.layers.1.self_attn.in_proj.weight (ndim=2)
	_orig_mod.module.decoder.decoder.layers.1.self_attn.out_proj.weight (ndim=2)
	_orig_mod.module.decoder.decoder.layers.1.multihead_attn.q_proj.weight (ndim=2)
	_orig_mod.module.decoder.decoder.layers.1.multihead_attn.kv_proj.weight (ndim=2)
	_orig_mod.module.decoder.decoder.layers.1.multihead_attn.out_proj.weight (ndim=2)
	_orig_mod.module.decoder.decoder.layers.1.linear1.weight (ndim=2)
	_orig_mod.module.decoder.decoder.layers.1.linear2.weight (ndim=2)
	_orig_mod.module.decoder.decoder.layers.2.self_attn.in_proj.weight (ndim=2)
	_orig_mod.module.decoder.decoder.layers.2.self_attn.out_proj.weight (ndim=2)
	_orig_mod.module.decoder.decoder.layers.2.multihead_attn.q_proj.weight (ndim=2)
	_orig_mod.module.decoder.decoder.layers.2.multihead_attn.kv_proj.weight (ndim=2)
	_orig_mod.module.decoder.decoder.layers.2.multihead_attn.out_proj.weight (ndim=2)
	_orig_mod.module.decoder.decoder.layers.2.linear1.weight (ndim=2)
	_orig_mod.module.decoder.decoder.layers.2.linear2.weight (ndim=2)
	_orig_mod.module.decoder.decoder.layers.3.self_attn.in_proj.weight (ndim=2)
	_orig_mod.module.decoder.decoder.layers.3.self_attn.out_proj.weight (ndim=2)
	_orig_mod.module.decoder.decoder.layers.3.multihead_attn.q_proj.weight (ndim=2)
	_orig_mod.module.decoder.decoder.layers.3.multihead_attn.kv_proj.weight (ndim=2)
	_orig_mod.module.decoder.decoder.layers.3.multihead_attn.out_proj.weight (ndim=2)
	_orig_mod.module.decoder.decoder.layers.3.linear1.weight (ndim=2)
	_orig_mod.module.decoder.decoder.layers.3.linear2.weight (ndim=2)
	_orig_mod.module.decoder.decoder.layers.4.self_attn.in_proj.weight (ndim=2)
	_orig_mod.module.decoder.decoder.layers.4.self_attn.out_proj.weight (ndim=2)
	_orig_mod.module.decoder.decoder.layers.4.multihead_attn.q_proj.weight (ndim=2)
	_orig_mod.module.decoder.decoder.layers.4.multihead_attn.kv_proj.weight (ndim=2)
	_orig_mod.module.decoder.decoder.layers.4.multihead_attn.out_proj.weight (ndim=2)
	_orig_mod.module.decoder.decoder.layers.4.linear1.weight (ndim=2)
	_orig_mod.module.decoder.decoder.layers.4.linear2.weight (ndim=2)
	_orig_mod.module.decoder.decoder.layers.5.self_attn.in_proj.weight (ndim=2)
	_orig_mod.module.decoder.decoder.layers.5.self_attn.out_proj.weight (ndim=2)
	_orig_mod.module.decoder.decoder.layers.5.multihead_attn.q_proj.weight (ndim=2)
	_orig_mod.module.decoder.decoder.layers.5.multihead_attn.kv_proj.weight (ndim=2)
	_orig_mod.module.decoder.decoder.layers.5.multihead_attn.out_proj.weight (ndim=2)
	_orig_mod.module.decoder.decoder.layers.5.linear1.weight (ndim=2)
	_orig_mod.module.decoder.decoder.layers.5.linear2.weight (ndim=2)
I0520 18:51:32.091801 139974057768128 muon.py:325] Adam params:
	_orig_mod.module.shared_embedding.weight (ndim=2)
	_orig_mod.module.encoder.encoder.layers.0.linear1.bias (ndim=1)
	_orig_mod.module.encoder.encoder.layers.0.linear2.bias (ndim=1)
	_orig_mod.module.encoder.encoder.layers.0.norm1.weight (ndim=1)
	_orig_mod.module.encoder.encoder.layers.0.norm1.bias (ndim=1)
	_orig_mod.module.encoder.encoder.layers.0.norm2.weight (ndim=1)
	_orig_mod.module.encoder.encoder.layers.0.norm2.bias (ndim=1)
	_orig_mod.module.encoder.encoder.layers.1.linear1.bias (ndim=1)
	_orig_mod.module.encoder.encoder.layers.1.linear2.bias (ndim=1)
	_orig_mod.module.encoder.encoder.layers.1.norm1.weight (ndim=1)
	_orig_mod.module.encoder.encoder.layers.1.norm1.bias (ndim=1)
	_orig_mod.module.encoder.encoder.layers.1.norm2.weight (ndim=1)
	_orig_mod.module.encoder.encoder.layers.1.norm2.bias (ndim=1)
	_orig_mod.module.encoder.encoder.layers.2.linear1.bias (ndim=1)
	_orig_mod.module.encoder.encoder.layers.2.linear2.bias (ndim=1)
	_orig_mod.module.encoder.encoder.layers.2.norm1.weight (ndim=1)
	_orig_mod.module.encoder.encoder.layers.2.norm1.bias (ndim=1)
	_orig_mod.module.encoder.encoder.layers.2.norm2.weight (ndim=1)
	_orig_mod.module.encoder.encoder.layers.2.norm2.bias (ndim=1)
	_orig_mod.module.encoder.encoder.layers.3.linear1.bias (ndim=1)
	_orig_mod.module.encoder.encoder.layers.3.linear2.bias (ndim=1)
	_orig_mod.module.encoder.encoder.layers.3.norm1.weight (ndim=1)
	_orig_mod.module.encoder.encoder.layers.3.norm1.bias (ndim=1)
	_orig_mod.module.encoder.encoder.layers.3.norm2.weight (ndim=1)
	_orig_mod.module.encoder.encoder.layers.3.norm2.bias (ndim=1)
	_orig_mod.module.encoder.encoder.layers.4.linear1.bias (ndim=1)
	_orig_mod.module.encoder.encoder.layers.4.linear2.bias (ndim=1)
	_orig_mod.module.encoder.encoder.layers.4.norm1.weight (ndim=1)
	_orig_mod.module.encoder.encoder.layers.4.norm1.bias (ndim=1)
	_orig_mod.module.encoder.encoder.layers.4.norm2.weight (ndim=1)
	_orig_mod.module.encoder.encoder.layers.4.norm2.bias (ndim=1)
	_orig_mod.module.encoder.encoder.layers.5.linear1.bias (ndim=1)
	_orig_mod.module.encoder.encoder.layers.5.linear2.bias (ndim=1)
	_orig_mod.module.encoder.encoder.layers.5.norm1.weight (ndim=1)
	_orig_mod.module.encoder.encoder.layers.5.norm1.bias (ndim=1)
	_orig_mod.module.encoder.encoder.layers.5.norm2.weight (ndim=1)
	_orig_mod.module.encoder.encoder.layers.5.norm2.bias (ndim=1)
	_orig_mod.module.encoder.encoder.norm.weight (ndim=1)
	_orig_mod.module.encoder.encoder.norm.bias (ndim=1)
	_orig_mod.module.decoder.decoder.layers.0.linear1.bias (ndim=1)
	_orig_mod.module.decoder.decoder.layers.0.linear2.bias (ndim=1)
	_orig_mod.module.decoder.decoder.layers.0.norm1.weight (ndim=1)
	_orig_mod.module.decoder.decoder.layers.0.norm1.bias (ndim=1)
	_orig_mod.module.decoder.decoder.layers.0.norm2.weight (ndim=1)
	_orig_mod.module.decoder.decoder.layers.0.norm2.bias (ndim=1)
	_orig_mod.module.decoder.decoder.layers.0.norm3.weight (ndim=1)
	_orig_mod.module.decoder.decoder.layers.0.norm3.bias (ndim=1)
	_orig_mod.module.decoder.decoder.layers.1.linear1.bias (ndim=1)
	_orig_mod.module.decoder.decoder.layers.1.linear2.bias (ndim=1)
	_orig_mod.module.decoder.decoder.layers.1.norm1.weight (ndim=1)
	_orig_mod.module.decoder.decoder.layers.1.norm1.bias (ndim=1)
	_orig_mod.module.decoder.decoder.layers.1.norm2.weight (ndim=1)
	_orig_mod.module.decoder.decoder.layers.1.norm2.bias (ndim=1)
	_orig_mod.module.decoder.decoder.layers.1.norm3.weight (ndim=1)
	_orig_mod.module.decoder.decoder.layers.1.norm3.bias (ndim=1)
	_orig_mod.module.decoder.decoder.layers.2.linear1.bias (ndim=1)
	_orig_mod.module.decoder.decoder.layers.2.linear2.bias (ndim=1)
	_orig_mod.module.decoder.decoder.layers.2.norm1.weight (ndim=1)
	_orig_mod.module.decoder.decoder.layers.2.norm1.bias (ndim=1)
	_orig_mod.module.decoder.decoder.layers.2.norm2.weight (ndim=1)
	_orig_mod.module.decoder.decoder.layers.2.norm2.bias (ndim=1)
	_orig_mod.module.decoder.decoder.layers.2.norm3.weight (ndim=1)
	_orig_mod.module.decoder.decoder.layers.2.norm3.bias (ndim=1)
	_orig_mod.module.decoder.decoder.layers.3.linear1.bias (ndim=1)
	_orig_mod.module.decoder.decoder.layers.3.linear2.bias (ndim=1)
	_orig_mod.module.decoder.decoder.layers.3.norm1.weight (ndim=1)
	_orig_mod.module.decoder.decoder.layers.3.norm1.bias (ndim=1)
	_orig_mod.module.decoder.decoder.layers.3.norm2.weight (ndim=1)
	_orig_mod.module.decoder.decoder.layers.3.norm2.bias (ndim=1)
	_orig_mod.module.decoder.decoder.layers.3.norm3.weight (ndim=1)
	_orig_mod.module.decoder.decoder.layers.3.norm3.bias (ndim=1)
	_orig_mod.module.decoder.decoder.layers.4.linear1.bias (ndim=1)
	_orig_mod.module.decoder.decoder.layers.4.linear2.bias (ndim=1)
	_orig_mod.module.decoder.decoder.layers.4.norm1.weight (ndim=1)
	_orig_mod.module.decoder.decoder.layers.4.norm1.bias (ndim=1)
	_orig_mod.module.decoder.decoder.layers.4.norm2.weight (ndim=1)
	_orig_mod.module.decoder.decoder.layers.4.norm2.bias (ndim=1)
	_orig_mod.module.decoder.decoder.layers.4.norm3.weight (ndim=1)
	_orig_mod.module.decoder.decoder.layers.4.norm3.bias (ndim=1)
	_orig_mod.module.decoder.decoder.layers.5.linear1.bias (ndim=1)
	_orig_mod.module.decoder.decoder.layers.5.linear2.bias (ndim=1)
	_orig_mod.module.decoder.decoder.layers.5.norm1.weight (ndim=1)
	_orig_mod.module.decoder.decoder.layers.5.norm1.bias (ndim=1)
	_orig_mod.module.decoder.decoder.layers.5.norm2.weight (ndim=1)
	_orig_mod.module.decoder.decoder.layers.5.norm2.bias (ndim=1)
	_orig_mod.module.decoder.decoder.layers.5.norm3.weight (ndim=1)
	_orig_mod.module.decoder.decoder.layers.5.norm3.bias (ndim=1)
	_orig_mod.module.decoder.decoder.norm.weight (ndim=1)
	_orig_mod.module.decoder.decoder.norm.bias (ndim=1)
I0520 18:51:32.091745 140080531981504 muon.py:324] Muon params:
	_orig_mod.module.encoder.encoder.layers.0.self_attn.in_proj.weight (ndim=2)
	_orig_mod.module.encoder.encoder.layers.0.self_attn.out_proj.weight (ndim=2)
	_orig_mod.module.encoder.encoder.layers.0.linear1.weight (ndim=2)
	_orig_mod.module.encoder.encoder.layers.0.linear2.weight (ndim=2)
	_orig_mod.module.encoder.encoder.layers.1.self_attn.in_proj.weight (ndim=2)
	_orig_mod.module.encoder.encoder.layers.1.self_attn.out_proj.weight (ndim=2)
	_orig_mod.module.encoder.encoder.layers.1.linear1.weight (ndim=2)
	_orig_mod.module.encoder.encoder.layers.1.linear2.weight (ndim=2)
	_orig_mod.module.encoder.encoder.layers.2.self_attn.in_proj.weight (ndim=2)
	_orig_mod.module.encoder.encoder.layers.2.self_attn.out_proj.weight (ndim=2)
	_orig_mod.module.encoder.encoder.layers.2.linear1.weight (ndim=2)
	_orig_mod.module.encoder.encoder.layers.2.linear2.weight (ndim=2)
	_orig_mod.module.encoder.encoder.layers.3.self_attn.in_proj.weight (ndim=2)
	_orig_mod.module.encoder.encoder.layers.3.self_attn.out_proj.weight (ndim=2)
	_orig_mod.module.encoder.encoder.layers.3.linear1.weight (ndim=2)
	_orig_mod.module.encoder.encoder.layers.3.linear2.weight (ndim=2)
	_orig_mod.module.encoder.encoder.layers.4.self_attn.in_proj.weight (ndim=2)
	_orig_mod.module.encoder.encoder.layers.4.self_attn.out_proj.weight (ndim=2)
	_orig_mod.module.encoder.encoder.layers.4.linear1.weight (ndim=2)
	_orig_mod.module.encoder.encoder.layers.4.linear2.weight (ndim=2)
	_orig_mod.module.encoder.encoder.layers.5.self_attn.in_proj.weight (ndim=2)
	_orig_mod.module.encoder.encoder.layers.5.self_attn.out_proj.weight (ndim=2)
	_orig_mod.module.encoder.encoder.layers.5.linear1.weight (ndim=2)
	_orig_mod.module.encoder.encoder.layers.5.linear2.weight (ndim=2)
	_orig_mod.module.decoder.decoder.layers.0.self_attn.in_proj.weight (ndim=2)
	_orig_mod.module.decoder.decoder.layers.0.self_attn.out_proj.weight (ndim=2)
	_orig_mod.module.decoder.decoder.layers.0.multihead_attn.q_proj.weight (ndim=2)
	_orig_mod.module.decoder.decoder.layers.0.multihead_attn.kv_proj.weight (ndim=2)
	_orig_mod.module.decoder.decoder.layers.0.multihead_attn.out_proj.weight (ndim=2)
	_orig_mod.module.decoder.decoder.layers.0.linear1.weight (ndim=2)
	_orig_mod.module.decoder.decoder.layers.0.linear2.weight (ndim=2)
	_orig_mod.module.decoder.decoder.layers.1.self_attn.in_proj.weight (ndim=2)
	_orig_mod.module.decoder.decoder.layers.1.self_attn.out_proj.weight (ndim=2)
	_orig_mod.module.decoder.decoder.layers.1.multihead_attn.q_proj.weight (ndim=2)
	_orig_mod.module.decoder.decoder.layers.1.multihead_attn.kv_proj.weight (ndim=2)
	_orig_mod.module.decoder.decoder.layers.1.multihead_attn.out_proj.weight (ndim=2)
	_orig_mod.module.decoder.decoder.layers.1.linear1.weight (ndim=2)
	_orig_mod.module.decoder.decoder.layers.1.linear2.weight (ndim=2)
	_orig_mod.module.decoder.decoder.layers.2.self_attn.in_proj.weight (ndim=2)
	_orig_mod.module.decoder.decoder.layers.2.self_attn.out_proj.weight (ndim=2)
	_orig_mod.module.decoder.decoder.layers.2.multihead_attn.q_proj.weight (ndim=2)
	_orig_mod.module.decoder.decoder.layers.2.multihead_attn.kv_proj.weight (ndim=2)
	_orig_mod.module.decoder.decoder.layers.2.multihead_attn.out_proj.weight (ndim=2)
	_orig_mod.module.decoder.decoder.layers.2.linear1.weight (ndim=2)
	_orig_mod.module.decoder.decoder.layers.2.linear2.weight (ndim=2)
	_orig_mod.module.decoder.decoder.layers.3.self_attn.in_proj.weight (ndim=2)
	_orig_mod.module.decoder.decoder.layers.3.self_attn.out_proj.weight (ndim=2)
	_orig_mod.module.decoder.decoder.layers.3.multihead_attn.q_proj.weight (ndim=2)
	_orig_mod.module.decoder.decoder.layers.3.multihead_attn.kv_proj.weight (ndim=2)
	_orig_mod.module.decoder.decoder.layers.3.multihead_attn.out_proj.weight (ndim=2)
	_orig_mod.module.decoder.decoder.layers.3.linear1.weight (ndim=2)
	_orig_mod.module.decoder.decoder.layers.3.linear2.weight (ndim=2)
	_orig_mod.module.decoder.decoder.layers.4.self_attn.in_proj.weight (ndim=2)
	_orig_mod.module.decoder.decoder.layers.4.self_attn.out_proj.weight (ndim=2)
	_orig_mod.module.decoder.decoder.layers.4.multihead_attn.q_proj.weight (ndim=2)
	_orig_mod.module.decoder.decoder.layers.4.multihead_attn.kv_proj.weight (ndim=2)
	_orig_mod.module.decoder.decoder.layers.4.multihead_attn.out_proj.weight (ndim=2)
	_orig_mod.module.decoder.decoder.layers.4.linear1.weight (ndim=2)
	_orig_mod.module.decoder.decoder.layers.4.linear2.weight (ndim=2)
	_orig_mod.module.decoder.decoder.layers.5.self_attn.in_proj.weight (ndim=2)
	_orig_mod.module.decoder.decoder.layers.5.self_attn.out_proj.weight (ndim=2)
	_orig_mod.module.decoder.decoder.layers.5.multihead_attn.q_proj.weight (ndim=2)
	_orig_mod.module.decoder.decoder.layers.5.multihead_attn.kv_proj.weight (ndim=2)
	_orig_mod.module.decoder.decoder.layers.5.multihead_attn.out_proj.weight (ndim=2)
	_orig_mod.module.decoder.decoder.layers.5.linear1.weight (ndim=2)
	_orig_mod.module.decoder.decoder.layers.5.linear2.weight (ndim=2)
I0520 18:51:32.091897 140080531981504 muon.py:325] Adam params:
	_orig_mod.module.shared_embedding.weight (ndim=2)
	_orig_mod.module.encoder.encoder.layers.0.linear1.bias (ndim=1)
	_orig_mod.module.encoder.encoder.layers.0.linear2.bias (ndim=1)
	_orig_mod.module.encoder.encoder.layers.0.norm1.weight (ndim=1)
	_orig_mod.module.encoder.encoder.layers.0.norm1.bias (ndim=1)
	_orig_mod.module.encoder.encoder.layers.0.norm2.weight (ndim=1)
	_orig_mod.module.encoder.encoder.layers.0.norm2.bias (ndim=1)
	_orig_mod.module.encoder.encoder.layers.1.linear1.bias (ndim=1)
	_orig_mod.module.encoder.encoder.layers.1.linear2.bias (ndim=1)
	_orig_mod.module.encoder.encoder.layers.1.norm1.weight (ndim=1)
	_orig_mod.module.encoder.encoder.layers.1.norm1.bias (ndim=1)
	_orig_mod.module.encoder.encoder.layers.1.norm2.weight (ndim=1)
	_orig_mod.module.encoder.encoder.layers.1.norm2.bias (ndim=1)
	_orig_mod.module.encoder.encoder.layers.2.linear1.bias (ndim=1)
	_orig_mod.module.encoder.encoder.layers.2.linear2.bias (ndim=1)
	_orig_mod.module.encoder.encoder.layers.2.norm1.weight (ndim=1)
	_orig_mod.module.encoder.encoder.layers.2.norm1.bias (ndim=1)
	_orig_mod.module.encoder.encoder.layers.2.norm2.weight (ndim=1)
	_orig_mod.module.encoder.encoder.layers.2.norm2.bias (ndim=1)
	_orig_mod.module.encoder.encoder.layers.3.linear1.bias (ndim=1)
	_orig_mod.module.encoder.encoder.layers.3.linear2.bias (ndim=1)
	_orig_mod.module.encoder.encoder.layers.3.norm1.weight (ndim=1)
	_orig_mod.module.encoder.encoder.layers.3.norm1.bias (ndim=1)
	_orig_mod.module.encoder.encoder.layers.3.norm2.weight (ndim=1)
	_orig_mod.module.encoder.encoder.layers.3.norm2.bias (ndim=1)
	_orig_mod.module.encoder.encoder.layers.4.linear1.bias (ndim=1)
	_orig_mod.module.encoder.encoder.layers.4.linear2.bias (ndim=1)
	_orig_mod.module.encoder.encoder.layers.4.norm1.weight (ndim=1)
	_orig_mod.module.encoder.encoder.layers.4.norm1.bias (ndim=1)
	_orig_mod.module.encoder.encoder.layers.4.norm2.weight (ndim=1)
	_orig_mod.module.encoder.encoder.layers.4.norm2.bias (ndim=1)
	_orig_mod.module.encoder.encoder.layers.5.linear1.bias (ndim=1)
	_orig_mod.module.encoder.encoder.layers.5.linear2.bias (ndim=1)
	_orig_mod.module.encoder.encoder.layers.5.norm1.weight (ndim=1)
	_orig_mod.module.encoder.encoder.layers.5.norm1.bias (ndim=1)
	_orig_mod.module.encoder.encoder.layers.5.norm2.weight (ndim=1)
	_orig_mod.module.encoder.encoder.layers.5.norm2.bias (ndim=1)
	_orig_mod.module.encoder.encoder.norm.weight (ndim=1)
	_orig_mod.module.encoder.encoder.norm.bias (ndim=1)
	_orig_mod.module.decoder.decoder.layers.0.linear1.bias (ndim=1)
	_orig_mod.module.decoder.decoder.layers.0.linear2.bias (ndim=1)
	_orig_mod.module.decoder.decoder.layers.0.norm1.weight (ndim=1)
	_orig_mod.module.decoder.decoder.layers.0.norm1.bias (ndim=1)
	_orig_mod.module.decoder.decoder.layers.0.norm2.weight (ndim=1)
	_orig_mod.module.decoder.decoder.layers.0.norm2.bias (ndim=1)
	_orig_mod.module.decoder.decoder.layers.0.norm3.weight (ndim=1)
	_orig_mod.module.decoder.decoder.layers.0.norm3.bias (ndim=1)
	_orig_mod.module.decoder.decoder.layers.1.linear1.bias (ndim=1)
	_orig_mod.module.decoder.decoder.layers.1.linear2.bias (ndim=1)
	_orig_mod.module.decoder.decoder.layers.1.norm1.weight (ndim=1)
	_orig_mod.module.decoder.decoder.layers.1.norm1.bias (ndim=1)
	_orig_mod.module.decoder.decoder.layers.1.norm2.weight (ndim=1)
	_orig_mod.module.decoder.decoder.layers.1.norm2.bias (ndim=1)
	_orig_mod.module.decoder.decoder.layers.1.norm3.weight (ndim=1)
	_orig_mod.module.decoder.decoder.layers.1.norm3.bias (ndim=1)
	_orig_mod.module.decoder.decoder.layers.2.linear1.bias (ndim=1)
	_orig_mod.module.decoder.decoder.layers.2.linear2.bias (ndim=1)
	_orig_mod.module.decoder.decoder.layers.2.norm1.weight (ndim=1)
	_orig_mod.module.decoder.decoder.layers.2.norm1.bias (ndim=1)
	_orig_mod.module.decoder.decoder.layers.2.norm2.weight (ndim=1)
	_orig_mod.module.decoder.decoder.layers.2.norm2.bias (ndim=1)
	_orig_mod.module.decoder.decoder.layers.2.norm3.weight (ndim=1)
	_orig_mod.module.decoder.decoder.layers.2.norm3.bias (ndim=1)
	_orig_mod.module.decoder.decoder.layers.3.linear1.bias (ndim=1)
	_orig_mod.module.decoder.decoder.layers.3.linear2.bias (ndim=1)
	_orig_mod.module.decoder.decoder.layers.3.norm1.weight (ndim=1)
	_orig_mod.module.decoder.decoder.layers.3.norm1.bias (ndim=1)
	_orig_mod.module.decoder.decoder.layers.3.norm2.weight (ndim=1)
	_orig_mod.module.decoder.decoder.layers.3.norm2.bias (ndim=1)
	_orig_mod.module.decoder.decoder.layers.3.norm3.weight (ndim=1)
	_orig_mod.module.decoder.decoder.layers.3.norm3.bias (ndim=1)
	_orig_mod.module.decoder.decoder.layers.4.linear1.bias (ndim=1)
	_orig_mod.module.decoder.decoder.layers.4.linear2.bias (ndim=1)
	_orig_mod.module.decoder.decoder.layers.4.norm1.weight (ndim=1)
	_orig_mod.module.decoder.decoder.layers.4.norm1.bias (ndim=1)
	_orig_mod.module.decoder.decoder.layers.4.norm2.weight (ndim=1)
	_orig_mod.module.decoder.decoder.layers.4.norm2.bias (ndim=1)
	_orig_mod.module.decoder.decoder.layers.4.norm3.weight (ndim=1)
	_orig_mod.module.decoder.decoder.layers.4.norm3.bias (ndim=1)
	_orig_mod.module.decoder.decoder.layers.5.linear1.bias (ndim=1)
	_orig_mod.module.decoder.decoder.layers.5.linear2.bias (ndim=1)
	_orig_mod.module.decoder.decoder.layers.5.norm1.weight (ndim=1)
	_orig_mod.module.decoder.decoder.layers.5.norm1.bias (ndim=1)
	_orig_mod.module.decoder.decoder.layers.5.norm2.weight (ndim=1)
	_orig_mod.module.decoder.decoder.layers.5.norm2.bias (ndim=1)
	_orig_mod.module.decoder.decoder.layers.5.norm3.weight (ndim=1)
	_orig_mod.module.decoder.decoder.layers.5.norm3.bias (ndim=1)
	_orig_mod.module.decoder.decoder.norm.weight (ndim=1)
	_orig_mod.module.decoder.decoder.norm.bias (ndim=1)
[rank0]: Traceback (most recent call last):
[rank0]:   File "/algorithmic-efficiency/submission_runner.py", line 873, in <module>
[rank0]:     app.run(main)
[rank0]:   File "/usr/local/lib/python3.11/site-packages/absl/app.py", line 308, in run
[rank0]:     _run_main(main, args)
[rank0]:   File "/usr/local/lib/python3.11/site-packages/absl/app.py", line 254, in _run_main
[rank0]:     sys.exit(main(argv))
[rank0]:              ^^^^^^^^^^
[rank0]:   File "/algorithmic-efficiency/submission_runner.py", line 838, in main
[rank0]:     score = score_submission_on_workload(
[rank0]:             ^^^^^^^^^^^^^^^^^^^^^^^^^^^^^
[rank0]:   File "/algorithmic-efficiency/submission_runner.py", line 747, in score_submission_on_workload
[rank0]:     score, _ = train_once(
[rank0]:                ^^^^^^^^^^^
[rank0]:   File "/algorithmic-efficiency/submission_runner.py", line 296, in train_once
[rank0]:     optimizer_state = init_optimizer_state(
[rank0]:                       ^^^^^^^^^^^^^^^^^^^^^
[rank0]:   File "/algorithmic-efficiency/submissions_algorithms/submissions/self_tuning/muon_torch/submission.py", line 73, in init_optimizer_state
[rank0]:     lr=hyperparameters.learning_rate,  # shared
[rank0]:        ^^^^^^^^^^^^^^^^^^^^^^^^^^^^^
[rank0]: AttributeError: 'NoneType' object has no attribute 'learning_rate'
[rank2]: Traceback (most recent call last):
[rank2]:   File "/algorithmic-efficiency/submission_runner.py", line 873, in <module>
[rank2]:     app.run(main)
[rank2]:   File "/usr/local/lib/python3.11/site-packages/absl/app.py", line 308, in run
[rank2]:     _run_main(main, args)
[rank2]:   File "/usr/local/lib/python3.11/site-packages/absl/app.py", line 254, in _run_main
[rank2]:     sys.exit(main(argv))
[rank2]:              ^^^^^^^^^^
[rank2]:   File "/algorithmic-efficiency/submission_runner.py", line 838, in main
[rank2]:     score = score_submission_on_workload(
[rank2]:             ^^^^^^^^^^^^^^^^^^^^^^^^^^^^^
[rank2]:   File "/algorithmic-efficiency/submission_runner.py", line 747, in score_submission_on_workload
[rank2]:     score, _ = train_once(
[rank2]:                ^^^^^^^^^^^
[rank2]:   File "/algorithmic-efficiency/submission_runner.py", line 296, in train_once
[rank2]:     optimizer_state = init_optimizer_state(
[rank2]:                       ^^^^^^^^^^^^^^^^^^^^^
[rank2]:   File "/algorithmic-efficiency/submissions_algorithms/submissions/self_tuning/muon_torch/submission.py", line 73, in init_optimizer_state
[rank2]:     lr=hyperparameters.learning_rate,  # shared
[rank2]:        ^^^^^^^^^^^^^^^^^^^^^^^^^^^^^
[rank2]: AttributeError: 'NoneType' object has no attribute 'learning_rate'
[rank3]: Traceback (most recent call last):
[rank3]:   File "/algorithmic-efficiency/submission_runner.py", line 873, in <module>
[rank3]:     app.run(main)
[rank3]:   File "/usr/local/lib/python3.11/site-packages/absl/app.py", line 308, in run
[rank3]:     _run_main(main, args)
[rank3]:   File "/usr/local/lib/python3.11/site-packages/absl/app.py", line 254, in _run_main
[rank3]:     sys.exit(main(argv))
[rank3]:              ^^^^^^^^^^
[rank3]:   File "/algorithmic-efficiency/submission_runner.py", line 838, in main
[rank3]:     score = score_submission_on_workload(
[rank3]:             ^^^^^^^^^^^^^^^^^^^^^^^^^^^^^
[rank3]:   File "/algorithmic-efficiency/submission_runner.py", line 747, in score_submission_on_workload
[rank3]:     score, _ = train_once(
[rank3]:                ^^^^^^^^^^^
[rank3]:   File "/algorithmic-efficiency/submission_runner.py", line 296, in train_once
[rank3]:     optimizer_state = init_optimizer_state(
[rank3]:                       ^^^^^^^^^^^^^^^^^^^^^
[rank3]:   File "/algorithmic-efficiency/submissions_algorithms/submissions/self_tuning/muon_torch/submission.py", line 73, in init_optimizer_state
[rank3]:     lr=hyperparameters.learning_rate,  # shared
[rank3]:        ^^^^^^^^^^^^^^^^^^^^^^^^^^^^^
[rank3]: AttributeError: 'NoneType' object has no attribute 'learning_rate'
[rank1]: Traceback (most recent call last):
[rank1]:   File "/algorithmic-efficiency/submission_runner.py", line 873, in <module>
[rank1]:     app.run(main)
[rank1]:   File "/usr/local/lib/python3.11/site-packages/absl/app.py", line 308, in run
[rank1]:     _run_main(main, args)
[rank1]:   File "/usr/local/lib/python3.11/site-packages/absl/app.py", line 254, in _run_main
[rank1]:     sys.exit(main(argv))
[rank1]:              ^^^^^^^^^^
[rank1]:   File "/algorithmic-efficiency/submission_runner.py", line 838, in main
[rank1]:     score = score_submission_on_workload(
[rank1]:             ^^^^^^^^^^^^^^^^^^^^^^^^^^^^^
[rank1]:   File "/algorithmic-efficiency/submission_runner.py", line 747, in score_submission_on_workload
[rank1]:     score, _ = train_once(
[rank1]:                ^^^^^^^^^^^
[rank1]:   File "/algorithmic-efficiency/submission_runner.py", line 296, in train_once
[rank1]:     optimizer_state = init_optimizer_state(
[rank1]:                       ^^^^^^^^^^^^^^^^^^^^^
[rank1]:   File "/algorithmic-efficiency/submissions_algorithms/submissions/self_tuning/muon_torch/submission.py", line 73, in init_optimizer_state
[rank1]:     lr=hyperparameters.learning_rate,  # shared
[rank1]:        ^^^^^^^^^^^^^^^^^^^^^^^^^^^^^
[rank1]: AttributeError: 'NoneType' object has no attribute 'learning_rate'
[rank0]:[W520 18:51:32.775612365 ProcessGroupNCCL.cpp:1524] Warning: WARNING: destroy_process_group() was not called before program exit, which can leak resources. For more info, please see https://pytorch.org/docs/stable/distributed.html#shutdown (function operator())
W0520 18:51:34.768000 9 site-packages/torch/distributed/elastic/multiprocessing/api.py:908] Sending process 38 closing signal SIGTERM
W0520 18:51:34.769000 9 site-packages/torch/distributed/elastic/multiprocessing/api.py:908] Sending process 40 closing signal SIGTERM
W0520 18:51:34.769000 9 site-packages/torch/distributed/elastic/multiprocessing/api.py:908] Sending process 41 closing signal SIGTERM
E0520 18:51:34.933000 9 site-packages/torch/distributed/elastic/multiprocessing/api.py:882] failed (exitcode: 1) local_rank: 1 (pid: 39) of binary: /usr/local/bin/python3.11
Traceback (most recent call last):
  File "/usr/local/bin/torchrun", line 6, in <module>
    sys.exit(main())
             ^^^^^^
  File "/usr/local/lib/python3.11/site-packages/torch/distributed/elastic/multiprocessing/errors/__init__.py", line 357, in wrapper
    return f(*args, **kwargs)
           ^^^^^^^^^^^^^^^^^^
  File "/usr/local/lib/python3.11/site-packages/torch/distributed/run.py", line 936, in main
    run(args)
  File "/usr/local/lib/python3.11/site-packages/torch/distributed/run.py", line 927, in run
    elastic_launch(
  File "/usr/local/lib/python3.11/site-packages/torch/distributed/launcher/api.py", line 156, in __call__
    return launch_agent(self._config, self._entrypoint, list(args))
           ^^^^^^^^^^^^^^^^^^^^^^^^^^^^^^^^^^^^^^^^^^^^^^^^^^^^^^^^
  File "/usr/local/lib/python3.11/site-packages/torch/distributed/launcher/api.py", line 293, in launch_agent
    raise ChildFailedError(
torch.distributed.elastic.multiprocessing.errors.ChildFailedError: 
============================================================
submission_runner.py FAILED
------------------------------------------------------------
Failures:
  <NO_OTHER_FAILURES>
------------------------------------------------------------
Root Cause (first observed failure):
[0]:
  time      : 2026-05-20_18:51:34
  host      : fc6d0d5403bd
  rank      : 1 (local_rank: 1)
  exitcode  : 1 (pid: 39)
  error_file: <N/A>
  traceback : To enable traceback see: https://pytorch.org/docs/stable/elastic/errors.html
============================================================
