torchrun --redirects 1:0,2:0,3:0 --standalone --nnodes=1 --nproc_per_node=4 submission_runner.py --framework=pytorch --workload=librispeech_conformer --submission_path=submissions_algorithms/submissions/self_tuning/muon_torch/submission.py --data_dir=/data/librispeech --experiment_dir=/experiment_runs --experiment_name=submissions_a100/muon_torch/study_2 --overwrite=True --save_checkpoints=False --rng_seed=1100014799 --librispeech_tokenizer_vocab_path=/data/librispeech/spm_model.vocab --torch_compile=true --tuning_ruleset=self 2>&1 | tee -a /logs/librispeech_conformer_pytorch_05-21-2026-18-39-18.log
W0521 18:39:20.806000 9 site-packages/torch/distributed/run.py:803] 
W0521 18:39:20.806000 9 site-packages/torch/distributed/run.py:803] *****************************************
W0521 18:39:20.806000 9 site-packages/torch/distributed/run.py:803] Setting OMP_NUM_THREADS environment variable for each process to be 1 in default, to avoid your system being overloaded, please further tune the variable for optimal performance in your application as needed. 
W0521 18:39:20.806000 9 site-packages/torch/distributed/run.py:803] *****************************************
2026-05-21 18:39:22.511027: E external/local_xla/xla/stream_executor/cuda/cuda_fft.cc:467] Unable to register cuFFT factory: Attempting to register factory for plugin cuFFT when one has already been registered
2026-05-21 18:39:22.511028: E external/local_xla/xla/stream_executor/cuda/cuda_fft.cc:467] Unable to register cuFFT factory: Attempting to register factory for plugin cuFFT when one has already been registered
2026-05-21 18:39:22.511025: E external/local_xla/xla/stream_executor/cuda/cuda_fft.cc:467] Unable to register cuFFT factory: Attempting to register factory for plugin cuFFT when one has already been registered
2026-05-21 18:39:22.511130: E external/local_xla/xla/stream_executor/cuda/cuda_fft.cc:467] Unable to register cuFFT factory: Attempting to register factory for plugin cuFFT when one has already been registered
WARNING: All log messages before absl::InitializeLog() is called are written to STDERR
WARNING: All log messages before absl::InitializeLog() is called are written to STDERR
WARNING: All log messages before absl::InitializeLog() is called are written to STDERR
E0000 00:00:1779388762.531746      40 cuda_dnn.cc:8579] Unable to register cuDNN factory: Attempting to register factory for plugin cuDNN when one has already been registered
E0000 00:00:1779388762.531747      41 cuda_dnn.cc:8579] Unable to register cuDNN factory: Attempting to register factory for plugin cuDNN when one has already been registered
E0000 00:00:1779388762.531747      39 cuda_dnn.cc:8579] Unable to register cuDNN factory: Attempting to register factory for plugin cuDNN when one has already been registered
WARNING: All log messages before absl::InitializeLog() is called are written to STDERR
E0000 00:00:1779388762.531842      38 cuda_dnn.cc:8579] Unable to register cuDNN factory: Attempting to register factory for plugin cuDNN when one has already been registered
E0000 00:00:1779388762.538547      40 cuda_blas.cc:1407] Unable to register cuBLAS factory: Attempting to register factory for plugin cuBLAS when one has already been registered
E0000 00:00:1779388762.538547      41 cuda_blas.cc:1407] Unable to register cuBLAS factory: Attempting to register factory for plugin cuBLAS when one has already been registered
E0000 00:00:1779388762.538547      38 cuda_blas.cc:1407] Unable to register cuBLAS factory: Attempting to register factory for plugin cuBLAS when one has already been registered
E0000 00:00:1779388762.538547      39 cuda_blas.cc:1407] Unable to register cuBLAS factory: Attempting to register factory for plugin cuBLAS when one has already been registered
W0000 00:00:1779388762.555603      39 computation_placer.cc:177] computation placer already registered. Please check linkage and avoid linking the same target more than once.
W0000 00:00:1779388762.555604      41 computation_placer.cc:177] computation placer already registered. Please check linkage and avoid linking the same target more than once.
W0000 00:00:1779388762.555600      40 computation_placer.cc:177] computation placer already registered. Please check linkage and avoid linking the same target more than once.
W0000 00:00:1779388762.555606      38 computation_placer.cc:177] computation placer already registered. Please check linkage and avoid linking the same target more than once.
W0000 00:00:1779388762.555625      41 computation_placer.cc:177] computation placer already registered. Please check linkage and avoid linking the same target more than once.
W0000 00:00:1779388762.555625      40 computation_placer.cc:177] computation placer already registered. Please check linkage and avoid linking the same target more than once.
W0000 00:00:1779388762.555626      38 computation_placer.cc:177] computation placer already registered. Please check linkage and avoid linking the same target more than once.
W0000 00:00:1779388762.555627      41 computation_placer.cc:177] computation placer already registered. Please check linkage and avoid linking the same target more than once.
W0000 00:00:1779388762.555628      40 computation_placer.cc:177] computation placer already registered. Please check linkage and avoid linking the same target more than once.
W0000 00:00:1779388762.555628      38 computation_placer.cc:177] computation placer already registered. Please check linkage and avoid linking the same target more than once.
W0000 00:00:1779388762.555629      41 computation_placer.cc:177] computation placer already registered. Please check linkage and avoid linking the same target more than once.
W0000 00:00:1779388762.555629      39 computation_placer.cc:177] computation placer already registered. Please check linkage and avoid linking the same target more than once.
W0000 00:00:1779388762.555630      40 computation_placer.cc:177] computation placer already registered. Please check linkage and avoid linking the same target more than once.
W0000 00:00:1779388762.555630      38 computation_placer.cc:177] computation placer already registered. Please check linkage and avoid linking the same target more than once.
W0000 00:00:1779388762.555631      39 computation_placer.cc:177] computation placer already registered. Please check linkage and avoid linking the same target more than once.
W0000 00:00:1779388762.555633      39 computation_placer.cc:177] computation placer already registered. Please check linkage and avoid linking the same target more than once.
W0000 00:00:1779388768.489921      40 gpu_device.cc:2341] Cannot dlopen some GPU libraries. Please make sure the missing libraries mentioned above are installed properly if you would like to use GPU. Follow the guide at https://www.tensorflow.org/install/gpu for how to download and setup the required libraries for your platform.
Skipping registering GPU devices...
W0000 00:00:1779388768.511072      39 gpu_device.cc:2341] Cannot dlopen some GPU libraries. Please make sure the missing libraries mentioned above are installed properly if you would like to use GPU. Follow the guide at https://www.tensorflow.org/install/gpu for how to download and setup the required libraries for your platform.
Skipping registering GPU devices...
W0000 00:00:1779388768.615561      41 gpu_device.cc:2341] Cannot dlopen some GPU libraries. Please make sure the missing libraries mentioned above are installed properly if you would like to use GPU. Follow the guide at https://www.tensorflow.org/install/gpu for how to download and setup the required libraries for your platform.
Skipping registering GPU devices...
W0000 00:00:1779388768.682255      38 gpu_device.cc:2341] Cannot dlopen some GPU libraries. Please make sure the missing libraries mentioned above are installed properly if you would like to use GPU. Follow the guide at https://www.tensorflow.org/install/gpu for how to download and setup the required libraries for your platform.
Skipping registering GPU devices...
/usr/local/lib/python3.11/site-packages/torch/__init__.py:1617: UserWarning: Please use the new API settings to control TF32 behavior, such as torch.backends.cudnn.conv.fp32_precision = 'tf32' or torch.backends.cuda.matmul.fp32_precision = 'ieee'. Old settings, e.g, torch.backends.cuda.matmul.allow_tf32 = True, torch.backends.cudnn.allow_tf32 = True, allowTF32CuDNN() and allowTF32CuBLAS() will be deprecated after Pytorch 2.9. Please see https://pytorch.org/docs/main/notes/cuda.html#tensorfloat-32-tf32-on-ampere-and-later-devices (Triggered internally at /pytorch/aten/src/ATen/Context.cpp:80.)
  _C._set_float32_matmul_precision(precision)
/usr/local/lib/python3.11/site-packages/torch/__init__.py:1617: UserWarning: Please use the new API settings to control TF32 behavior, such as torch.backends.cudnn.conv.fp32_precision = 'tf32' or torch.backends.cuda.matmul.fp32_precision = 'ieee'. Old settings, e.g, torch.backends.cuda.matmul.allow_tf32 = True, torch.backends.cudnn.allow_tf32 = True, allowTF32CuDNN() and allowTF32CuBLAS() will be deprecated after Pytorch 2.9. Please see https://pytorch.org/docs/main/notes/cuda.html#tensorfloat-32-tf32-on-ampere-and-later-devices (Triggered internally at /pytorch/aten/src/ATen/Context.cpp:80.)
  _C._set_float32_matmul_precision(precision)
/usr/local/lib/python3.11/site-packages/torch/__init__.py:1617: UserWarning: Please use the new API settings to control TF32 behavior, such as torch.backends.cudnn.conv.fp32_precision = 'tf32' or torch.backends.cuda.matmul.fp32_precision = 'ieee'. Old settings, e.g, torch.backends.cuda.matmul.allow_tf32 = True, torch.backends.cudnn.allow_tf32 = True, allowTF32CuDNN() and allowTF32CuBLAS() will be deprecated after Pytorch 2.9. Please see https://pytorch.org/docs/main/notes/cuda.html#tensorfloat-32-tf32-on-ampere-and-later-devices (Triggered internally at /pytorch/aten/src/ATen/Context.cpp:80.)
  _C._set_float32_matmul_precision(precision)
/usr/local/lib/python3.11/site-packages/torch/__init__.py:1617: UserWarning: Please use the new API settings to control TF32 behavior, such as torch.backends.cudnn.conv.fp32_precision = 'tf32' or torch.backends.cuda.matmul.fp32_precision = 'ieee'. Old settings, e.g, torch.backends.cuda.matmul.allow_tf32 = True, torch.backends.cudnn.allow_tf32 = True, allowTF32CuDNN() and allowTF32CuBLAS() will be deprecated after Pytorch 2.9. Please see https://pytorch.org/docs/main/notes/cuda.html#tensorfloat-32-tf32-on-ampere-and-later-devices (Triggered internally at /pytorch/aten/src/ATen/Context.cpp:80.)
  _C._set_float32_matmul_precision(precision)
/usr/local/lib/python3.11/site-packages/pydantic/_internal/_generate_schema.py:2249: UnsupportedFieldAttributeWarning: The 'repr' attribute with value False was provided to the `Field()` function, which has no effect in the context it was used. 'repr' is field-specific metadata, and can only be attached to a model field using `Annotated` metadata or by assignment. This may have happened because an `Annotated` type alias using the `type` statement was used, or if the `Field()` function was attached to a single member of a union type.
  warnings.warn(
/usr/local/lib/python3.11/site-packages/pydantic/_internal/_generate_schema.py:2249: UnsupportedFieldAttributeWarning: The 'frozen' attribute with value True was provided to the `Field()` function, which has no effect in the context it was used. 'frozen' is field-specific metadata, and can only be attached to a model field using `Annotated` metadata or by assignment. This may have happened because an `Annotated` type alias using the `type` statement was used, or if the `Field()` function was attached to a single member of a union type.
  warnings.warn(
/usr/local/lib/python3.11/site-packages/pydantic/_internal/_generate_schema.py:2249: UnsupportedFieldAttributeWarning: The 'repr' attribute with value False was provided to the `Field()` function, which has no effect in the context it was used. 'repr' is field-specific metadata, and can only be attached to a model field using `Annotated` metadata or by assignment. This may have happened because an `Annotated` type alias using the `type` statement was used, or if the `Field()` function was attached to a single member of a union type.
  warnings.warn(
/usr/local/lib/python3.11/site-packages/pydantic/_internal/_generate_schema.py:2249: UnsupportedFieldAttributeWarning: The 'frozen' attribute with value True was provided to the `Field()` function, which has no effect in the context it was used. 'frozen' is field-specific metadata, and can only be attached to a model field using `Annotated` metadata or by assignment. This may have happened because an `Annotated` type alias using the `type` statement was used, or if the `Field()` function was attached to a single member of a union type.
  warnings.warn(
/usr/local/lib/python3.11/site-packages/pydantic/_internal/_generate_schema.py:2249: UnsupportedFieldAttributeWarning: The 'repr' attribute with value False was provided to the `Field()` function, which has no effect in the context it was used. 'repr' is field-specific metadata, and can only be attached to a model field using `Annotated` metadata or by assignment. This may have happened because an `Annotated` type alias using the `type` statement was used, or if the `Field()` function was attached to a single member of a union type.
  warnings.warn(
/usr/local/lib/python3.11/site-packages/pydantic/_internal/_generate_schema.py:2249: UnsupportedFieldAttributeWarning: The 'frozen' attribute with value True was provided to the `Field()` function, which has no effect in the context it was used. 'frozen' is field-specific metadata, and can only be attached to a model field using `Annotated` metadata or by assignment. This may have happened because an `Annotated` type alias using the `type` statement was used, or if the `Field()` function was attached to a single member of a union type.
  warnings.warn(
/usr/local/lib/python3.11/site-packages/pydantic/_internal/_generate_schema.py:2249: UnsupportedFieldAttributeWarning: The 'repr' attribute with value False was provided to the `Field()` function, which has no effect in the context it was used. 'repr' is field-specific metadata, and can only be attached to a model field using `Annotated` metadata or by assignment. This may have happened because an `Annotated` type alias using the `type` statement was used, or if the `Field()` function was attached to a single member of a union type.
  warnings.warn(
/usr/local/lib/python3.11/site-packages/pydantic/_internal/_generate_schema.py:2249: UnsupportedFieldAttributeWarning: The 'frozen' attribute with value True was provided to the `Field()` function, which has no effect in the context it was used. 'frozen' is field-specific metadata, and can only be attached to a model field using `Annotated` metadata or by assignment. This may have happened because an `Annotated` type alias using the `type` statement was used, or if the `Field()` function was attached to a single member of a union type.
  warnings.warn(
I0521 18:39:30.696177 139815632229568 logger_utils.py:59] Removing existing experiment directory /experiment_runs/submissions_a100/muon_torch/study_2/librispeech_conformer_pytorch because --overwrite was set.
I0521 18:39:30.696186 139934446245056 logger_utils.py:59] Removing existing experiment directory /experiment_runs/submissions_a100/muon_torch/study_2/librispeech_conformer_pytorch because --overwrite was set.
I0521 18:39:30.696181 140157473354944 logger_utils.py:59] Removing existing experiment directory /experiment_runs/submissions_a100/muon_torch/study_2/librispeech_conformer_pytorch because --overwrite was set.
I0521 18:39:30.696190 140522902865088 logger_utils.py:59] Removing existing experiment directory /experiment_runs/submissions_a100/muon_torch/study_2/librispeech_conformer_pytorch because --overwrite was set.
/usr/local/lib/python3.11/site-packages/torch/distributed/distributed_c10d.py:4876: UserWarning: barrier(): using the device under current context. You can specify `device_id` in `init_process_group` to mute this warning.
  warnings.warn(  # warn only once
[rank0]:[W521 18:39:30.054910897 ProcessGroupNCCL.cpp:5068] Guessing device ID based on global rank. This can cause a hang if rank to GPU mapping is heterogeneous. You can specify device_id in init_process_group()
I0521 18:39:31.723418 139934446245056 logger_utils.py:84] Creating experiment directory at /experiment_runs/submissions_a100/muon_torch/study_2/librispeech_conformer_pytorch.
I0521 18:39:31.723419 140522902865088 logger_utils.py:84] Creating experiment directory at /experiment_runs/submissions_a100/muon_torch/study_2/librispeech_conformer_pytorch.
I0521 18:39:31.723420 140157473354944 logger_utils.py:84] Creating experiment directory at /experiment_runs/submissions_a100/muon_torch/study_2/librispeech_conformer_pytorch.
I0521 18:39:31.723444 139815632229568 logger_utils.py:84] Creating experiment directory at /experiment_runs/submissions_a100/muon_torch/study_2/librispeech_conformer_pytorch.
I0521 18:39:34.388315 140157473354944 submission_runner.py:741] Creating directory at /experiment_runs/submissions_a100/muon_torch/study_2/librispeech_conformer_pytorch/trial_1.
I0521 18:39:34.727523 140157473354944 submission_runner.py:242] Initializing dataset.
I0521 18:39:34.727742 140157473354944 input_pipeline.py:19] Loading split = train-clean-100
I0521 18:39:34.753503 140157473354944 input_pipeline.py:19] Loading split = train-clean-360
I0521 18:39:34.864503 140157473354944 input_pipeline.py:19] Loading split = train-other-500
I0521 18:39:35.468574 140157473354944 submission_runner.py:251] Initializing model.
W0521 18:39:35.939759 139815632229568 submission_runner.py:273] These workloads cannot be fully compiled under current PyTorch version. Proceeding without `torch.compile`.
W0521 18:39:35.939850 140522902865088 submission_runner.py:273] These workloads cannot be fully compiled under current PyTorch version. Proceeding without `torch.compile`.
W0521 18:39:35.939894 140157473354944 submission_runner.py:273] These workloads cannot be fully compiled under current PyTorch version. Proceeding without `torch.compile`.
I0521 18:39:35.940035 140157473354944 submission_runner.py:294] Initializing optimizer.
W0521 18:39:35.940157 139934446245056 submission_runner.py:273] These workloads cannot be fully compiled under current PyTorch version. Proceeding without `torch.compile`.
I0521 18:39:35.940357 139815632229568 muon.py:324] Muon params:
	module.subsample.conv1.kernel (ndim=4)
	module.subsample.conv2.kernel (ndim=4)
	module.subsample.linear.weight (ndim=2)
	module.conformers.0.ff1.linear1.weight (ndim=2)
	module.conformers.0.ff1.linear2.weight (ndim=2)
	module.conformers.0.mhsa.self_attention.in_proj.weight (ndim=2)
	module.conformers.0.mhsa.self_attention.out_proj.weight (ndim=2)
	module.conformers.0.conv.lin1.weight (ndim=2)
	module.conformers.0.conv.lin2.weight (ndim=2)
	module.conformers.0.conv.conv1.weight (ndim=3)
	module.conformers.0.conv.lin3.weight (ndim=2)
	module.conformers.0.ff2.linear1.weight (ndim=2)
	module.conformers.0.ff2.linear2.weight (ndim=2)
	module.conformers.1.ff1.linear1.weight (ndim=2)
	module.conformers.1.ff1.linear2.weight (ndim=2)
	module.conformers.1.mhsa.self_attention.in_proj.weight (ndim=2)
	module.conformers.1.mhsa.self_attention.out_proj.weight (ndim=2)
	module.conformers.1.conv.lin1.weight (ndim=2)
	module.conformers.1.conv.lin2.weight (ndim=2)
	module.conformers.1.conv.conv1.weight (ndim=3)
	module.conformers.1.conv.lin3.weight (ndim=2)
	module.conformers.1.ff2.linear1.weight (ndim=2)
	module.conformers.1.ff2.linear2.weight (ndim=2)
	module.conformers.2.ff1.linear1.weight (ndim=2)
	module.conformers.2.ff1.linear2.weight (ndim=2)
	module.conformers.2.mhsa.self_attention.in_proj.weight (ndim=2)
	module.conformers.2.mhsa.self_attention.out_proj.weight (ndim=2)
	module.conformers.2.conv.lin1.weight (ndim=2)
	module.conformers.2.conv.lin2.weight (ndim=2)
	module.conformers.2.conv.conv1.weight (ndim=3)
	module.conformers.2.conv.lin3.weight (ndim=2)
	module.conformers.2.ff2.linear1.weight (ndim=2)
	module.conformers.2.ff2.linear2.weight (ndim=2)
	module.conformers.3.ff1.linear1.weight (ndim=2)
	module.conformers.3.ff1.linear2.weight (ndim=2)
	module.conformers.3.mhsa.self_attention.in_proj.weight (ndim=2)
	module.conformers.3.mhsa.self_attention.out_proj.weight (ndim=2)
	module.conformers.3.conv.lin1.weight (ndim=2)
	module.conformers.3.conv.lin2.weight (ndim=2)
	module.conformers.3.conv.conv1.weight (ndim=3)
	module.conformers.3.conv.lin3.weight (ndim=2)
	module.conformers.3.ff2.linear1.weight (ndim=2)
	module.conformers.3.ff2.linear2.weight (ndim=2)
	module.lin.weight (ndim=2)
I0521 18:39:35.940436 140522902865088 muon.py:324] Muon params:
	module.subsample.conv1.kernel (ndim=4)
	module.subsample.conv2.kernel (ndim=4)
	module.subsample.linear.weight (ndim=2)
	module.conformers.0.ff1.linear1.weight (ndim=2)
	module.conformers.0.ff1.linear2.weight (ndim=2)
	module.conformers.0.mhsa.self_attention.in_proj.weight (ndim=2)
	module.conformers.0.mhsa.self_attention.out_proj.weight (ndim=2)
	module.conformers.0.conv.lin1.weight (ndim=2)
	module.conformers.0.conv.lin2.weight (ndim=2)
	module.conformers.0.conv.conv1.weight (ndim=3)
	module.conformers.0.conv.lin3.weight (ndim=2)
	module.conformers.0.ff2.linear1.weight (ndim=2)
	module.conformers.0.ff2.linear2.weight (ndim=2)
	module.conformers.1.ff1.linear1.weight (ndim=2)
	module.conformers.1.ff1.linear2.weight (ndim=2)
	module.conformers.1.mhsa.self_attention.in_proj.weight (ndim=2)
	module.conformers.1.mhsa.self_attention.out_proj.weight (ndim=2)
	module.conformers.1.conv.lin1.weight (ndim=2)
	module.conformers.1.conv.lin2.weight (ndim=2)
	module.conformers.1.conv.conv1.weight (ndim=3)
	module.conformers.1.conv.lin3.weight (ndim=2)
	module.conformers.1.ff2.linear1.weight (ndim=2)
	module.conformers.1.ff2.linear2.weight (ndim=2)
	module.conformers.2.ff1.linear1.weight (ndim=2)
	module.conformers.2.ff1.linear2.weight (ndim=2)
	module.conformers.2.mhsa.self_attention.in_proj.weight (ndim=2)
	module.conformers.2.mhsa.self_attention.out_proj.weight (ndim=2)
	module.conformers.2.conv.lin1.weight (ndim=2)
	module.conformers.2.conv.lin2.weight (ndim=2)
	module.conformers.2.conv.conv1.weight (ndim=3)
	module.conformers.2.conv.lin3.weight (ndim=2)
	module.conformers.2.ff2.linear1.weight (ndim=2)
	module.conformers.2.ff2.linear2.weight (ndim=2)
	module.conformers.3.ff1.linear1.weight (ndim=2)
	module.conformers.3.ff1.linear2.weight (ndim=2)
	module.conformers.3.mhsa.self_attention.in_proj.weight (ndim=2)
	module.conformers.3.mhsa.self_attention.out_proj.weight (ndim=2)
	module.conformers.3.conv.lin1.weight (ndim=2)
	module.conformers.3.conv.lin2.weight (ndim=2)
	module.conformers.3.conv.conv1.weight (ndim=3)
	module.conformers.3.conv.lin3.weight (ndim=2)
	module.conformers.3.ff2.linear1.weight (ndim=2)
	module.conformers.3.ff2.linear2.weight (ndim=2)
	module.lin.weight (ndim=2)
I0521 18:39:35.940447 139815632229568 muon.py:325] Adam params:
	module.subsample.conv1.bias (ndim=1)
	module.subsample.conv2.bias (ndim=1)
	module.subsample.linear.bias (ndim=1)
	module.conformers.0.ff1.ln.scale (ndim=1)
	module.conformers.0.ff1.ln.bias (ndim=1)
	module.conformers.0.ff1.linear1.bias (ndim=1)
	module.conformers.0.ff1.linear2.bias (ndim=1)
	module.conformers.0.mhsa.ln.scale (ndim=1)
	module.conformers.0.mhsa.ln.bias (ndim=1)
	module.conformers.0.mhsa.self_attention.in_proj.bias (ndim=1)
	module.conformers.0.mhsa.self_attention.out_proj.bias (ndim=1)
	module.conformers.0.mhsa.self_attention.qs.scale (ndim=1)
	module.conformers.0.conv.ln.scale (ndim=1)
	module.conformers.0.conv.ln.bias (ndim=1)
	module.conformers.0.conv.lin1.bias (ndim=1)
	module.conformers.0.conv.lin2.bias (ndim=1)
	module.conformers.0.conv.bn.scale (ndim=1)
	module.conformers.0.conv.bn.bias (ndim=1)
	module.conformers.0.conv.lin3.bias (ndim=1)
	module.conformers.0.ff2.ln.scale (ndim=1)
	module.conformers.0.ff2.ln.bias (ndim=1)
	module.conformers.0.ff2.linear1.bias (ndim=1)
	module.conformers.0.ff2.linear2.bias (ndim=1)
	module.conformers.0.ln.scale (ndim=1)
	module.conformers.0.ln.bias (ndim=1)
	module.conformers.1.ff1.ln.scale (ndim=1)
	module.conformers.1.ff1.ln.bias (ndim=1)
	module.conformers.1.ff1.linear1.bias (ndim=1)
	module.conformers.1.ff1.linear2.bias (ndim=1)
	module.conformers.1.mhsa.ln.scale (ndim=1)
	module.conformers.1.mhsa.ln.bias (ndim=1)
	module.conformers.1.mhsa.self_attention.in_proj.bias (ndim=1)
	module.conformers.1.mhsa.self_attention.out_proj.bias (ndim=1)
	module.conformers.1.mhsa.self_attention.qs.scale (ndim=1)
	module.conformers.1.conv.ln.scale (ndim=1)
	module.conformers.1.conv.ln.bias (ndim=1)
	module.conformers.1.conv.lin1.bias (ndim=1)
	module.conformers.1.conv.lin2.bias (ndim=1)
	module.conformers.1.conv.bn.scale (ndim=1)
	module.conformers.1.conv.bn.bias (ndim=1)
	module.conformers.1.conv.lin3.bias (ndim=1)
	module.conformers.1.ff2.ln.scale (ndim=1)
	module.conformers.1.ff2.ln.bias (ndim=1)
	module.conformers.1.ff2.linear1.bias (ndim=1)
	module.conformers.1.ff2.linear2.bias (ndim=1)
	module.conformers.1.ln.scale (ndim=1)
	module.conformers.1.ln.bias (ndim=1)
	module.conformers.2.ff1.ln.scale (ndim=1)
	module.conformers.2.ff1.ln.bias (ndim=1)
	module.conformers.2.ff1.linear1.bias (ndim=1)
	module.conformers.2.ff1.linear2.bias (ndim=1)
	module.conformers.2.mhsa.ln.scale (ndim=1)
	module.conformers.2.mhsa.ln.bias (ndim=1)
	module.conformers.2.mhsa.self_attention.in_proj.bias (ndim=1)
	module.conformers.2.mhsa.self_attention.out_proj.bias (ndim=1)
	module.conformers.2.mhsa.self_attention.qs.scale (ndim=1)
	module.conformers.2.conv.ln.scale (ndim=1)
	module.conformers.2.conv.ln.bias (ndim=1)
	module.conformers.2.conv.lin1.bias (ndim=1)
	module.conformers.2.conv.lin2.bias (ndim=1)
	module.conformers.2.conv.bn.scale (ndim=1)
	module.conformers.2.conv.bn.bias (ndim=1)
	module.conformers.2.conv.lin3.bias (ndim=1)
	module.conformers.2.ff2.ln.scale (ndim=1)
	module.conformers.2.ff2.ln.bias (ndim=1)
	module.conformers.2.ff2.linear1.bias (ndim=1)
	module.conformers.2.ff2.linear2.bias (ndim=1)
	module.conformers.2.ln.scale (ndim=1)
	module.conformers.2.ln.bias (ndim=1)
	module.conformers.3.ff1.ln.scale (ndim=1)
	module.conformers.3.ff1.ln.bias (ndim=1)
	module.conformers.3.ff1.linear1.bias (ndim=1)
	module.conformers.3.ff1.linear2.bias (ndim=1)
	module.conformers.3.mhsa.ln.scale (ndim=1)
	module.conformers.3.mhsa.ln.bias (ndim=1)
	module.conformers.3.mhsa.self_attention.in_proj.bias (ndim=1)
	module.conformers.3.mhsa.self_attention.out_proj.bias (ndim=1)
	module.conformers.3.mhsa.self_attention.qs.scale (ndim=1)
	module.conformers.3.conv.ln.scale (ndim=1)
	module.conformers.3.conv.ln.bias (ndim=1)
	module.conformers.3.conv.lin1.bias (ndim=1)
	module.conformers.3.conv.lin2.bias (ndim=1)
	module.conformers.3.conv.bn.scale (ndim=1)
	module.conformers.3.conv.bn.bias (ndim=1)
	module.conformers.3.conv.lin3.bias (ndim=1)
	module.conformers.3.ff2.ln.scale (ndim=1)
	module.conformers.3.ff2.ln.bias (ndim=1)
	module.conformers.3.ff2.linear1.bias (ndim=1)
	module.conformers.3.ff2.linear2.bias (ndim=1)
	module.conformers.3.ln.scale (ndim=1)
	module.conformers.3.ln.bias (ndim=1)
	module.ln.scale (ndim=1)
	module.ln.bias (ndim=1)
	module.lin.bias (ndim=1)
I0521 18:39:35.940505 140157473354944 muon.py:324] Muon params:
	module.subsample.conv1.kernel (ndim=4)
	module.subsample.conv2.kernel (ndim=4)
	module.subsample.linear.weight (ndim=2)
	module.conformers.0.ff1.linear1.weight (ndim=2)
	module.conformers.0.ff1.linear2.weight (ndim=2)
	module.conformers.0.mhsa.self_attention.in_proj.weight (ndim=2)
	module.conformers.0.mhsa.self_attention.out_proj.weight (ndim=2)
	module.conformers.0.conv.lin1.weight (ndim=2)
	module.conformers.0.conv.lin2.weight (ndim=2)
	module.conformers.0.conv.conv1.weight (ndim=3)
	module.conformers.0.conv.lin3.weight (ndim=2)
	module.conformers.0.ff2.linear1.weight (ndim=2)
	module.conformers.0.ff2.linear2.weight (ndim=2)
	module.conformers.1.ff1.linear1.weight (ndim=2)
	module.conformers.1.ff1.linear2.weight (ndim=2)
	module.conformers.1.mhsa.self_attention.in_proj.weight (ndim=2)
	module.conformers.1.mhsa.self_attention.out_proj.weight (ndim=2)
	module.conformers.1.conv.lin1.weight (ndim=2)
	module.conformers.1.conv.lin2.weight (ndim=2)
	module.conformers.1.conv.conv1.weight (ndim=3)
	module.conformers.1.conv.lin3.weight (ndim=2)
	module.conformers.1.ff2.linear1.weight (ndim=2)
	module.conformers.1.ff2.linear2.weight (ndim=2)
	module.conformers.2.ff1.linear1.weight (ndim=2)
	module.conformers.2.ff1.linear2.weight (ndim=2)
	module.conformers.2.mhsa.self_attention.in_proj.weight (ndim=2)
	module.conformers.2.mhsa.self_attention.out_proj.weight (ndim=2)
	module.conformers.2.conv.lin1.weight (ndim=2)
	module.conformers.2.conv.lin2.weight (ndim=2)
	module.conformers.2.conv.conv1.weight (ndim=3)
	module.conformers.2.conv.lin3.weight (ndim=2)
	module.conformers.2.ff2.linear1.weight (ndim=2)
	module.conformers.2.ff2.linear2.weight (ndim=2)
	module.conformers.3.ff1.linear1.weight (ndim=2)
	module.conformers.3.ff1.linear2.weight (ndim=2)
	module.conformers.3.mhsa.self_attention.in_proj.weight (ndim=2)
	module.conformers.3.mhsa.self_attention.out_proj.weight (ndim=2)
	module.conformers.3.conv.lin1.weight (ndim=2)
	module.conformers.3.conv.lin2.weight (ndim=2)
	module.conformers.3.conv.conv1.weight (ndim=3)
	module.conformers.3.conv.lin3.weight (ndim=2)
	module.conformers.3.ff2.linear1.weight (ndim=2)
	module.conformers.3.ff2.linear2.weight (ndim=2)
	module.lin.weight (ndim=2)
I0521 18:39:35.940522 140522902865088 muon.py:325] Adam params:
	module.subsample.conv1.bias (ndim=1)
	module.subsample.conv2.bias (ndim=1)
	module.subsample.linear.bias (ndim=1)
	module.conformers.0.ff1.ln.scale (ndim=1)
	module.conformers.0.ff1.ln.bias (ndim=1)
	module.conformers.0.ff1.linear1.bias (ndim=1)
	module.conformers.0.ff1.linear2.bias (ndim=1)
	module.conformers.0.mhsa.ln.scale (ndim=1)
	module.conformers.0.mhsa.ln.bias (ndim=1)
	module.conformers.0.mhsa.self_attention.in_proj.bias (ndim=1)
	module.conformers.0.mhsa.self_attention.out_proj.bias (ndim=1)
	module.conformers.0.mhsa.self_attention.qs.scale (ndim=1)
	module.conformers.0.conv.ln.scale (ndim=1)
	module.conformers.0.conv.ln.bias (ndim=1)
	module.conformers.0.conv.lin1.bias (ndim=1)
	module.conformers.0.conv.lin2.bias (ndim=1)
	module.conformers.0.conv.bn.scale (ndim=1)
	module.conformers.0.conv.bn.bias (ndim=1)
	module.conformers.0.conv.lin3.bias (ndim=1)
	module.conformers.0.ff2.ln.scale (ndim=1)
	module.conformers.0.ff2.ln.bias (ndim=1)
	module.conformers.0.ff2.linear1.bias (ndim=1)
	module.conformers.0.ff2.linear2.bias (ndim=1)
	module.conformers.0.ln.scale (ndim=1)
	module.conformers.0.ln.bias (ndim=1)
	module.conformers.1.ff1.ln.scale (ndim=1)
	module.conformers.1.ff1.ln.bias (ndim=1)
	module.conformers.1.ff1.linear1.bias (ndim=1)
	module.conformers.1.ff1.linear2.bias (ndim=1)
	module.conformers.1.mhsa.ln.scale (ndim=1)
	module.conformers.1.mhsa.ln.bias (ndim=1)
	module.conformers.1.mhsa.self_attention.in_proj.bias (ndim=1)
	module.conformers.1.mhsa.self_attention.out_proj.bias (ndim=1)
	module.conformers.1.mhsa.self_attention.qs.scale (ndim=1)
	module.conformers.1.conv.ln.scale (ndim=1)
	module.conformers.1.conv.ln.bias (ndim=1)
	module.conformers.1.conv.lin1.bias (ndim=1)
	module.conformers.1.conv.lin2.bias (ndim=1)
	module.conformers.1.conv.bn.scale (ndim=1)
	module.conformers.1.conv.bn.bias (ndim=1)
	module.conformers.1.conv.lin3.bias (ndim=1)
	module.conformers.1.ff2.ln.scale (ndim=1)
	module.conformers.1.ff2.ln.bias (ndim=1)
	module.conformers.1.ff2.linear1.bias (ndim=1)
	module.conformers.1.ff2.linear2.bias (ndim=1)
	module.conformers.1.ln.scale (ndim=1)
	module.conformers.1.ln.bias (ndim=1)
	module.conformers.2.ff1.ln.scale (ndim=1)
	module.conformers.2.ff1.ln.bias (ndim=1)
	module.conformers.2.ff1.linear1.bias (ndim=1)
	module.conformers.2.ff1.linear2.bias (ndim=1)
	module.conformers.2.mhsa.ln.scale (ndim=1)
	module.conformers.2.mhsa.ln.bias (ndim=1)
	module.conformers.2.mhsa.self_attention.in_proj.bias (ndim=1)
	module.conformers.2.mhsa.self_attention.out_proj.bias (ndim=1)
	module.conformers.2.mhsa.self_attention.qs.scale (ndim=1)
	module.conformers.2.conv.ln.scale (ndim=1)
	module.conformers.2.conv.ln.bias (ndim=1)
	module.conformers.2.conv.lin1.bias (ndim=1)
	module.conformers.2.conv.lin2.bias (ndim=1)
	module.conformers.2.conv.bn.scale (ndim=1)
	module.conformers.2.conv.bn.bias (ndim=1)
	module.conformers.2.conv.lin3.bias (ndim=1)
	module.conformers.2.ff2.ln.scale (ndim=1)
	module.conformers.2.ff2.ln.bias (ndim=1)
	module.conformers.2.ff2.linear1.bias (ndim=1)
	module.conformers.2.ff2.linear2.bias (ndim=1)
	module.conformers.2.ln.scale (ndim=1)
	module.conformers.2.ln.bias (ndim=1)
	module.conformers.3.ff1.ln.scale (ndim=1)
	module.conformers.3.ff1.ln.bias (ndim=1)
	module.conformers.3.ff1.linear1.bias (ndim=1)
	module.conformers.3.ff1.linear2.bias (ndim=1)
	module.conformers.3.mhsa.ln.scale (ndim=1)
	module.conformers.3.mhsa.ln.bias (ndim=1)
	module.conformers.3.mhsa.self_attention.in_proj.bias (ndim=1)
	module.conformers.3.mhsa.self_attention.out_proj.bias (ndim=1)
	module.conformers.3.mhsa.self_attention.qs.scale (ndim=1)
	module.conformers.3.conv.ln.scale (ndim=1)
	module.conformers.3.conv.ln.bias (ndim=1)
	module.conformers.3.conv.lin1.bias (ndim=1)
	module.conformers.3.conv.lin2.bias (ndim=1)
	module.conformers.3.conv.bn.scale (ndim=1)
	module.conformers.3.conv.bn.bias (ndim=1)
	module.conformers.3.conv.lin3.bias (ndim=1)
	module.conformers.3.ff2.ln.scale (ndim=1)
	module.conformers.3.ff2.ln.bias (ndim=1)
	module.conformers.3.ff2.linear1.bias (ndim=1)
	module.conformers.3.ff2.linear2.bias (ndim=1)
	module.conformers.3.ln.scale (ndim=1)
	module.conformers.3.ln.bias (ndim=1)
	module.ln.scale (ndim=1)
	module.ln.bias (ndim=1)
	module.lin.bias (ndim=1)
I0521 18:39:35.940578 140157473354944 muon.py:325] Adam params:
	module.subsample.conv1.bias (ndim=1)
	module.subsample.conv2.bias (ndim=1)
	module.subsample.linear.bias (ndim=1)
	module.conformers.0.ff1.ln.scale (ndim=1)
	module.conformers.0.ff1.ln.bias (ndim=1)
	module.conformers.0.ff1.linear1.bias (ndim=1)
	module.conformers.0.ff1.linear2.bias (ndim=1)
	module.conformers.0.mhsa.ln.scale (ndim=1)
	module.conformers.0.mhsa.ln.bias (ndim=1)
	module.conformers.0.mhsa.self_attention.in_proj.bias (ndim=1)
	module.conformers.0.mhsa.self_attention.out_proj.bias (ndim=1)
	module.conformers.0.mhsa.self_attention.qs.scale (ndim=1)
	module.conformers.0.conv.ln.scale (ndim=1)
	module.conformers.0.conv.ln.bias (ndim=1)
	module.conformers.0.conv.lin1.bias (ndim=1)
	module.conformers.0.conv.lin2.bias (ndim=1)
	module.conformers.0.conv.bn.scale (ndim=1)
	module.conformers.0.conv.bn.bias (ndim=1)
	module.conformers.0.conv.lin3.bias (ndim=1)
	module.conformers.0.ff2.ln.scale (ndim=1)
	module.conformers.0.ff2.ln.bias (ndim=1)
	module.conformers.0.ff2.linear1.bias (ndim=1)
	module.conformers.0.ff2.linear2.bias (ndim=1)
	module.conformers.0.ln.scale (ndim=1)
	module.conformers.0.ln.bias (ndim=1)
	module.conformers.1.ff1.ln.scale (ndim=1)
	module.conformers.1.ff1.ln.bias (ndim=1)
	module.conformers.1.ff1.linear1.bias (ndim=1)
	module.conformers.1.ff1.linear2.bias (ndim=1)
	module.conformers.1.mhsa.ln.scale (ndim=1)
	module.conformers.1.mhsa.ln.bias (ndim=1)
	module.conformers.1.mhsa.self_attention.in_proj.bias (ndim=1)
	module.conformers.1.mhsa.self_attention.out_proj.bias (ndim=1)
	module.conformers.1.mhsa.self_attention.qs.scale (ndim=1)
	module.conformers.1.conv.ln.scale (ndim=1)
	module.conformers.1.conv.ln.bias (ndim=1)
	module.conformers.1.conv.lin1.bias (ndim=1)
	module.conformers.1.conv.lin2.bias (ndim=1)
	module.conformers.1.conv.bn.scale (ndim=1)
	module.conformers.1.conv.bn.bias (ndim=1)
	module.conformers.1.conv.lin3.bias (ndim=1)
	module.conformers.1.ff2.ln.scale (ndim=1)
	module.conformers.1.ff2.ln.bias (ndim=1)
	module.conformers.1.ff2.linear1.bias (ndim=1)
	module.conformers.1.ff2.linear2.bias (ndim=1)
	module.conformers.1.ln.scale (ndim=1)
	module.conformers.1.ln.bias (ndim=1)
	module.conformers.2.ff1.ln.scale (ndim=1)
	module.conformers.2.ff1.ln.bias (ndim=1)
	module.conformers.2.ff1.linear1.bias (ndim=1)
	module.conformers.2.ff1.linear2.bias (ndim=1)
	module.conformers.2.mhsa.ln.scale (ndim=1)
	module.conformers.2.mhsa.ln.bias (ndim=1)
	module.conformers.2.mhsa.self_attention.in_proj.bias (ndim=1)
	module.conformers.2.mhsa.self_attention.out_proj.bias (ndim=1)
	module.conformers.2.mhsa.self_attention.qs.scale (ndim=1)
	module.conformers.2.conv.ln.scale (ndim=1)
	module.conformers.2.conv.ln.bias (ndim=1)
	module.conformers.2.conv.lin1.bias (ndim=1)
	module.conformers.2.conv.lin2.bias (ndim=1)
	module.conformers.2.conv.bn.scale (ndim=1)
	module.conformers.2.conv.bn.bias (ndim=1)
	module.conformers.2.conv.lin3.bias (ndim=1)
	module.conformers.2.ff2.ln.scale (ndim=1)
	module.conformers.2.ff2.ln.bias (ndim=1)
	module.conformers.2.ff2.linear1.bias (ndim=1)
	module.conformers.2.ff2.linear2.bias (ndim=1)
	module.conformers.2.ln.scale (ndim=1)
	module.conformers.2.ln.bias (ndim=1)
	module.conformers.3.ff1.ln.scale (ndim=1)
	module.conformers.3.ff1.ln.bias (ndim=1)
	module.conformers.3.ff1.linear1.bias (ndim=1)
	module.conformers.3.ff1.linear2.bias (ndim=1)
	module.conformers.3.mhsa.ln.scale (ndim=1)
	module.conformers.3.mhsa.ln.bias (ndim=1)
	module.conformers.3.mhsa.self_attention.in_proj.bias (ndim=1)
	module.conformers.3.mhsa.self_attention.out_proj.bias (ndim=1)
	module.conformers.3.mhsa.self_attention.qs.scale (ndim=1)
	module.conformers.3.conv.ln.scale (ndim=1)
	module.conformers.3.conv.ln.bias (ndim=1)
	module.conformers.3.conv.lin1.bias (ndim=1)
	module.conformers.3.conv.lin2.bias (ndim=1)
	module.conformers.3.conv.bn.scale (ndim=1)
	module.conformers.3.conv.bn.bias (ndim=1)
	module.conformers.3.conv.lin3.bias (ndim=1)
	module.conformers.3.ff2.ln.scale (ndim=1)
	module.conformers.3.ff2.ln.bias (ndim=1)
	module.conformers.3.ff2.linear1.bias (ndim=1)
	module.conformers.3.ff2.linear2.bias (ndim=1)
	module.conformers.3.ln.scale (ndim=1)
	module.conformers.3.ln.bias (ndim=1)
	module.ln.scale (ndim=1)
	module.ln.bias (ndim=1)
	module.lin.bias (ndim=1)
I0521 18:39:35.940737 139934446245056 muon.py:324] Muon params:
	module.subsample.conv1.kernel (ndim=4)
	module.subsample.conv2.kernel (ndim=4)
	module.subsample.linear.weight (ndim=2)
	module.conformers.0.ff1.linear1.weight (ndim=2)
	module.conformers.0.ff1.linear2.weight (ndim=2)
	module.conformers.0.mhsa.self_attention.in_proj.weight (ndim=2)
	module.conformers.0.mhsa.self_attention.out_proj.weight (ndim=2)
	module.conformers.0.conv.lin1.weight (ndim=2)
	module.conformers.0.conv.lin2.weight (ndim=2)
	module.conformers.0.conv.conv1.weight (ndim=3)
	module.conformers.0.conv.lin3.weight (ndim=2)
	module.conformers.0.ff2.linear1.weight (ndim=2)
	module.conformers.0.ff2.linear2.weight (ndim=2)
	module.conformers.1.ff1.linear1.weight (ndim=2)
	module.conformers.1.ff1.linear2.weight (ndim=2)
	module.conformers.1.mhsa.self_attention.in_proj.weight (ndim=2)
	module.conformers.1.mhsa.self_attention.out_proj.weight (ndim=2)
	module.conformers.1.conv.lin1.weight (ndim=2)
	module.conformers.1.conv.lin2.weight (ndim=2)
	module.conformers.1.conv.conv1.weight (ndim=3)
	module.conformers.1.conv.lin3.weight (ndim=2)
	module.conformers.1.ff2.linear1.weight (ndim=2)
	module.conformers.1.ff2.linear2.weight (ndim=2)
	module.conformers.2.ff1.linear1.weight (ndim=2)
	module.conformers.2.ff1.linear2.weight (ndim=2)
	module.conformers.2.mhsa.self_attention.in_proj.weight (ndim=2)
	module.conformers.2.mhsa.self_attention.out_proj.weight (ndim=2)
	module.conformers.2.conv.lin1.weight (ndim=2)
	module.conformers.2.conv.lin2.weight (ndim=2)
	module.conformers.2.conv.conv1.weight (ndim=3)
	module.conformers.2.conv.lin3.weight (ndim=2)
	module.conformers.2.ff2.linear1.weight (ndim=2)
	module.conformers.2.ff2.linear2.weight (ndim=2)
	module.conformers.3.ff1.linear1.weight (ndim=2)
	module.conformers.3.ff1.linear2.weight (ndim=2)
	module.conformers.3.mhsa.self_attention.in_proj.weight (ndim=2)
	module.conformers.3.mhsa.self_attention.out_proj.weight (ndim=2)
	module.conformers.3.conv.lin1.weight (ndim=2)
	module.conformers.3.conv.lin2.weight (ndim=2)
	module.conformers.3.conv.conv1.weight (ndim=3)
	module.conformers.3.conv.lin3.weight (ndim=2)
	module.conformers.3.ff2.linear1.weight (ndim=2)
	module.conformers.3.ff2.linear2.weight (ndim=2)
	module.lin.weight (ndim=2)
I0521 18:39:35.940828 139934446245056 muon.py:325] Adam params:
	module.subsample.conv1.bias (ndim=1)
	module.subsample.conv2.bias (ndim=1)
	module.subsample.linear.bias (ndim=1)
	module.conformers.0.ff1.ln.scale (ndim=1)
	module.conformers.0.ff1.ln.bias (ndim=1)
	module.conformers.0.ff1.linear1.bias (ndim=1)
	module.conformers.0.ff1.linear2.bias (ndim=1)
	module.conformers.0.mhsa.ln.scale (ndim=1)
	module.conformers.0.mhsa.ln.bias (ndim=1)
	module.conformers.0.mhsa.self_attention.in_proj.bias (ndim=1)
	module.conformers.0.mhsa.self_attention.out_proj.bias (ndim=1)
	module.conformers.0.mhsa.self_attention.qs.scale (ndim=1)
	module.conformers.0.conv.ln.scale (ndim=1)
	module.conformers.0.conv.ln.bias (ndim=1)
	module.conformers.0.conv.lin1.bias (ndim=1)
	module.conformers.0.conv.lin2.bias (ndim=1)
	module.conformers.0.conv.bn.scale (ndim=1)
	module.conformers.0.conv.bn.bias (ndim=1)
	module.conformers.0.conv.lin3.bias (ndim=1)
	module.conformers.0.ff2.ln.scale (ndim=1)
	module.conformers.0.ff2.ln.bias (ndim=1)
	module.conformers.0.ff2.linear1.bias (ndim=1)
	module.conformers.0.ff2.linear2.bias (ndim=1)
	module.conformers.0.ln.scale (ndim=1)
	module.conformers.0.ln.bias (ndim=1)
	module.conformers.1.ff1.ln.scale (ndim=1)
	module.conformers.1.ff1.ln.bias (ndim=1)
	module.conformers.1.ff1.linear1.bias (ndim=1)
	module.conformers.1.ff1.linear2.bias (ndim=1)
	module.conformers.1.mhsa.ln.scale (ndim=1)
	module.conformers.1.mhsa.ln.bias (ndim=1)
	module.conformers.1.mhsa.self_attention.in_proj.bias (ndim=1)
	module.conformers.1.mhsa.self_attention.out_proj.bias (ndim=1)
	module.conformers.1.mhsa.self_attention.qs.scale (ndim=1)
	module.conformers.1.conv.ln.scale (ndim=1)
	module.conformers.1.conv.ln.bias (ndim=1)
	module.conformers.1.conv.lin1.bias (ndim=1)
	module.conformers.1.conv.lin2.bias (ndim=1)
	module.conformers.1.conv.bn.scale (ndim=1)
	module.conformers.1.conv.bn.bias (ndim=1)
	module.conformers.1.conv.lin3.bias (ndim=1)
	module.conformers.1.ff2.ln.scale (ndim=1)
	module.conformers.1.ff2.ln.bias (ndim=1)
	module.conformers.1.ff2.linear1.bias (ndim=1)
	module.conformers.1.ff2.linear2.bias (ndim=1)
	module.conformers.1.ln.scale (ndim=1)
	module.conformers.1.ln.bias (ndim=1)
	module.conformers.2.ff1.ln.scale (ndim=1)
	module.conformers.2.ff1.ln.bias (ndim=1)
	module.conformers.2.ff1.linear1.bias (ndim=1)
	module.conformers.2.ff1.linear2.bias (ndim=1)
	module.conformers.2.mhsa.ln.scale (ndim=1)
	module.conformers.2.mhsa.ln.bias (ndim=1)
	module.conformers.2.mhsa.self_attention.in_proj.bias (ndim=1)
	module.conformers.2.mhsa.self_attention.out_proj.bias (ndim=1)
	module.conformers.2.mhsa.self_attention.qs.scale (ndim=1)
	module.conformers.2.conv.ln.scale (ndim=1)
	module.conformers.2.conv.ln.bias (ndim=1)
	module.conformers.2.conv.lin1.bias (ndim=1)
	module.conformers.2.conv.lin2.bias (ndim=1)
	module.conformers.2.conv.bn.scale (ndim=1)
	module.conformers.2.conv.bn.bias (ndim=1)
	module.conformers.2.conv.lin3.bias (ndim=1)
	module.conformers.2.ff2.ln.scale (ndim=1)
	module.conformers.2.ff2.ln.bias (ndim=1)
	module.conformers.2.ff2.linear1.bias (ndim=1)
	module.conformers.2.ff2.linear2.bias (ndim=1)
	module.conformers.2.ln.scale (ndim=1)
	module.conformers.2.ln.bias (ndim=1)
	module.conformers.3.ff1.ln.scale (ndim=1)
	module.conformers.3.ff1.ln.bias (ndim=1)
	module.conformers.3.ff1.linear1.bias (ndim=1)
	module.conformers.3.ff1.linear2.bias (ndim=1)
	module.conformers.3.mhsa.ln.scale (ndim=1)
	module.conformers.3.mhsa.ln.bias (ndim=1)
	module.conformers.3.mhsa.self_attention.in_proj.bias (ndim=1)
	module.conformers.3.mhsa.self_attention.out_proj.bias (ndim=1)
	module.conformers.3.mhsa.self_attention.qs.scale (ndim=1)
	module.conformers.3.conv.ln.scale (ndim=1)
	module.conformers.3.conv.ln.bias (ndim=1)
	module.conformers.3.conv.lin1.bias (ndim=1)
	module.conformers.3.conv.lin2.bias (ndim=1)
	module.conformers.3.conv.bn.scale (ndim=1)
	module.conformers.3.conv.bn.bias (ndim=1)
	module.conformers.3.conv.lin3.bias (ndim=1)
	module.conformers.3.ff2.ln.scale (ndim=1)
	module.conformers.3.ff2.ln.bias (ndim=1)
	module.conformers.3.ff2.linear1.bias (ndim=1)
	module.conformers.3.ff2.linear2.bias (ndim=1)
	module.conformers.3.ln.scale (ndim=1)
	module.conformers.3.ln.bias (ndim=1)
	module.ln.scale (ndim=1)
	module.ln.bias (ndim=1)
	module.lin.bias (ndim=1)
I0521 18:39:35.941827 140157473354944 submission_runner.py:299] Initializing metrics bundle.
I0521 18:39:35.941999 140157473354944 submission_runner.py:321] Initializing checkpoint and logger.
I0521 18:39:35.945345 140157473354944 submission_runner.py:344] Saving meta data to /experiment_runs/submissions_a100/muon_torch/study_2/librispeech_conformer_pytorch/trial_1/meta_data_0.json.
I0521 18:39:35.945406 139815632229568 logger_utils.py:283] Unable to record workload.train_mean information. Continuing without it.
I0521 18:39:35.945417 140522902865088 logger_utils.py:283] Unable to record workload.train_mean information. Continuing without it.
I0521 18:39:35.945449 139934446245056 logger_utils.py:283] Unable to record workload.train_mean information. Continuing without it.
I0521 18:39:35.945509 139815632229568 logger_utils.py:283] Unable to record workload.train_stddev information. Continuing without it.
I0521 18:39:35.945516 140522902865088 logger_utils.py:283] Unable to record workload.train_stddev information. Continuing without it.
I0521 18:39:35.945551 139934446245056 logger_utils.py:283] Unable to record workload.train_stddev information. Continuing without it.
I0521 18:39:35.945568 140157473354944 logger_utils.py:283] Unable to record workload.train_mean information. Continuing without it.
I0521 18:39:35.945628 140157473354944 logger_utils.py:283] Unable to record workload.train_stddev information. Continuing without it.
I0521 18:39:36.216500 140157473354944 submission_runner.py:348] Saving flags to /experiment_runs/submissions_a100/muon_torch/study_2/librispeech_conformer_pytorch/trial_1/flags_0.json.
I0521 18:39:36.232498 140157473354944 submission_runner.py:359] Starting training loop.
/usr/local/lib/python3.11/multiprocessing/popen_fork.py:66: RuntimeWarning: os.fork() was called. os.fork() is incompatible with multithreaded code, and JAX is multithreaded, so this will likely lead to a deadlock.
  self.pid = os.fork()
/usr/local/lib/python3.11/multiprocessing/popen_fork.py:66: RuntimeWarning: os.fork() was called. os.fork() is incompatible with multithreaded code, and JAX is multithreaded, so this will likely lead to a deadlock.
  self.pid = os.fork()
/usr/local/lib/python3.11/multiprocessing/popen_fork.py:66: RuntimeWarning: os.fork() was called. os.fork() is incompatible with multithreaded code, and JAX is multithreaded, so this will likely lead to a deadlock.
  self.pid = os.fork()
/usr/local/lib/python3.11/multiprocessing/popen_fork.py:66: RuntimeWarning: os.fork() was called. os.fork() is incompatible with multithreaded code, and JAX is multithreaded, so this will likely lead to a deadlock.
  self.pid = os.fork()
[rank1]: Traceback (most recent call last):
[rank1]:   File "/algorithmic-efficiency/submission_runner.py", line 873, in <module>
[rank1]:     app.run(main)
[rank1]:   File "/usr/local/lib/python3.11/site-packages/absl/app.py", line 308, in run
[rank1]:     _run_main(main, args)
[rank1]:   File "/usr/local/lib/python3.11/site-packages/absl/app.py", line 254, in _run_main
[rank1]:     sys.exit(main(argv))
[rank1]:              ^^^^^^^^^^
[rank1]:   File "/algorithmic-efficiency/submission_runner.py", line 838, in main
[rank1]:     score = score_submission_on_workload(
[rank1]:             ^^^^^^^^^^^^^^^^^^^^^^^^^^^^^
[rank1]:   File "/algorithmic-efficiency/submission_runner.py", line 747, in score_submission_on_workload
[rank1]:     score, _ = train_once(
[rank1]:                ^^^^^^^^^^^
[rank1]:   File "/algorithmic-efficiency/submission_runner.py", line 387, in train_once
[rank1]:     optimizer_state, model_params, model_state = update_params(
[rank1]:                                                  ^^^^^^^^^^^^^^
[rank1]:   File "/algorithmic-efficiency/submissions_algorithms/submissions/self_tuning/muon_torch/submission.py", line 186, in update_params
[rank1]:     optimizer_state['muon'].step()
[rank1]:   File "/usr/local/lib/python3.11/site-packages/torch/optim/lr_scheduler.py", line 133, in wrapper
[rank1]:     return func.__get__(opt, opt.__class__)(*args, **kwargs)
[rank1]:            ^^^^^^^^^^^^^^^^^^^^^^^^^^^^^^^^^^^^^^^^^^^^^^^^^
[rank1]:   File "/usr/local/lib/python3.11/site-packages/torch/optim/optimizer.py", line 517, in wrapper
[rank1]:     out = func(*args, **kwargs)
[rank1]:           ^^^^^^^^^^^^^^^^^^^^^
[rank1]:   File "/usr/local/lib/python3.11/site-packages/torch/utils/_contextlib.py", line 120, in decorate_context
[rank1]:     return func(*args, **kwargs)
[rank1]:            ^^^^^^^^^^^^^^^^^^^^^
[rank1]:   File "/algorithmic-efficiency/submissions_algorithms/submissions/self_tuning/muon_torch/muon.py", line 280, in step
[rank1]:     g = muon_update(p.grad, state['m'], beta=beta, nesterov=nesterov, ns_steps=ns_steps, ns_eps=ns_eps)
[rank1]:         ^^^^^^^^^^^^^^^^^^^^^^^^^^^^^^^^^^^^^^^^^^^^^^^^^^^^^^^^^^^^^^^^^^^^^^^^^^^^^^^^^^^^^^^^^^^^^^^
[rank1]:   File "/usr/local/lib/python3.11/site-packages/torch/utils/_contextlib.py", line 120, in decorate_context
[rank1]:     return func(*args, **kwargs)
[rank1]:            ^^^^^^^^^^^^^^^^^^^^^
[rank1]:   File "/algorithmic-efficiency/submissions_algorithms/submissions/self_tuning/muon_torch/muon.py", line 76, in muon_update
[rank1]:     g = zeropower_via_newtonschulz5(g, steps=ns_steps, eps=ns_eps)
[rank1]:         ^^^^^^^^^^^^^^^^^^^^^^^^^^^^^^^^^^^^^^^^^^^^^^^^^^^^^^^^^^
[rank1]:   File "/usr/local/lib/python3.11/site-packages/torch/_dynamo/eval_frame.py", line 832, in compile_wrapper
[rank1]:     return fn(*args, **kwargs)
[rank1]:            ^^^^^^^^^^^^^^^^^^^
[rank1]:   File "/algorithmic-efficiency/submissions_algorithms/submissions/self_tuning/muon_torch/muon.py", line 43, in zeropower_via_newtonschulz5
[rank1]:     raise RuntimeError(f"Expected 2D tensor in N-S, found {G.ndim} instead.")
[rank1]: RuntimeError: Expected 2D tensor in N-S, found 3 instead.
[rank0]: Traceback (most recent call last):
[rank0]:   File "/algorithmic-efficiency/submission_runner.py", line 873, in <module>
[rank0]:     app.run(main)
[rank0]:   File "/usr/local/lib/python3.11/site-packages/absl/app.py", line 308, in run
[rank0]:     _run_main(main, args)
[rank0]:   File "/usr/local/lib/python3.11/site-packages/absl/app.py", line 254, in _run_main
[rank0]:     sys.exit(main(argv))
[rank0]:              ^^^^^^^^^^
[rank0]:   File "/algorithmic-efficiency/submission_runner.py", line 838, in main
[rank0]:     score = score_submission_on_workload(
[rank0]:             ^^^^^^^^^^^^^^^^^^^^^^^^^^^^^
[rank0]:   File "/algorithmic-efficiency/submission_runner.py", line 747, in score_submission_on_workload
[rank0]:     score, _ = train_once(
[rank0]:                ^^^^^^^^^^^
[rank0]:   File "/algorithmic-efficiency/submission_runner.py", line 387, in train_once
[rank0]:     optimizer_state, model_params, model_state = update_params(
[rank0]:                                                  ^^^^^^^^^^^^^^
[rank0]:   File "/algorithmic-efficiency/submissions_algorithms/submissions/self_tuning/muon_torch/submission.py", line 186, in update_params
[rank0]:     optimizer_state['muon'].step()
[rank0]:   File "/usr/local/lib/python3.11/site-packages/torch/optim/lr_scheduler.py", line 133, in wrapper
[rank0]:     return func.__get__(opt, opt.__class__)(*args, **kwargs)
[rank0]:            ^^^^^^^^^^^^^^^^^^^^^^^^^^^^^^^^^^^^^^^^^^^^^^^^^
[rank0]:   File "/usr/local/lib/python3.11/site-packages/torch/optim/optimizer.py", line 517, in wrapper
[rank0]:     out = func(*args, **kwargs)
[rank0]:           ^^^^^^^^^^^^^^^^^^^^^
[rank0]:   File "/usr/local/lib/python3.11/site-packages/torch/utils/_contextlib.py", line 120, in decorate_context
[rank0]:     return func(*args, **kwargs)
[rank0]:            ^^^^^^^^^^^^^^^^^^^^^
[rank0]:   File "/algorithmic-efficiency/submissions_algorithms/submissions/self_tuning/muon_torch/muon.py", line 280, in step
[rank0]:     g = muon_update(p.grad, state['m'], beta=beta, nesterov=nesterov, ns_steps=ns_steps, ns_eps=ns_eps)
[rank0]:         ^^^^^^^^^^^^^^^^^^^^^^^^^^^^^^^^^^^^^^^^^^^^^^^^^^^^^^^^^^^^^^^^^^^^^^^^^^^^^^^^^^^^^^^^^^^^^^^
[rank0]:   File "/usr/local/lib/python3.11/site-packages/torch/utils/_contextlib.py", line 120, in decorate_context
[rank0]:     return func(*args, **kwargs)
[rank0]:            ^^^^^^^^^^^^^^^^^^^^^
[rank0]:   File "/algorithmic-efficiency/submissions_algorithms/submissions/self_tuning/muon_torch/muon.py", line 76, in muon_update
[rank0]:     g = zeropower_via_newtonschulz5(g, steps=ns_steps, eps=ns_eps)
[rank0]:         ^^^^^^^^^^^^^^^^^^^^^^^^^^^^^^^^^^^^^^^^^^^^^^^^^^^^^^^^^^
[rank0]:   File "/usr/local/lib/python3.11/site-packages/torch/_dynamo/eval_frame.py", line 832, in compile_wrapper
[rank0]:     return fn(*args, **kwargs)
[rank0]:            ^^^^^^^^^^^^^^^^^^^
[rank0]:   File "/algorithmic-efficiency/submissions_algorithms/submissions/self_tuning/muon_torch/muon.py", line 43, in zeropower_via_newtonschulz5
[rank0]:     raise RuntimeError(f"Expected 2D tensor in N-S, found {G.ndim} instead.")
[rank0]: RuntimeError: Expected 2D tensor in N-S, found 3 instead.
[rank2]: Traceback (most recent call last):
[rank2]:   File "/algorithmic-efficiency/submission_runner.py", line 873, in <module>
[rank2]:     app.run(main)
[rank2]:   File "/usr/local/lib/python3.11/site-packages/absl/app.py", line 308, in run
[rank2]:     _run_main(main, args)
[rank2]:   File "/usr/local/lib/python3.11/site-packages/absl/app.py", line 254, in _run_main
[rank2]:     sys.exit(main(argv))
[rank2]:              ^^^^^^^^^^
[rank2]:   File "/algorithmic-efficiency/submission_runner.py", line 838, in main
[rank2]:     score = score_submission_on_workload(
[rank2]:             ^^^^^^^^^^^^^^^^^^^^^^^^^^^^^
[rank2]:   File "/algorithmic-efficiency/submission_runner.py", line 747, in score_submission_on_workload
[rank2]:     score, _ = train_once(
[rank2]:                ^^^^^^^^^^^
[rank2]:   File "/algorithmic-efficiency/submission_runner.py", line 387, in train_once
[rank2]:     optimizer_state, model_params, model_state = update_params(
[rank2]:                                                  ^^^^^^^^^^^^^^
[rank2]:   File "/algorithmic-efficiency/submissions_algorithms/submissions/self_tuning/muon_torch/submission.py", line 186, in update_params
[rank2]:     optimizer_state['muon'].step()
[rank2]:   File "/usr/local/lib/python3.11/site-packages/torch/optim/lr_scheduler.py", line 133, in wrapper
[rank2]:     return func.__get__(opt, opt.__class__)(*args, **kwargs)
[rank2]:            ^^^^^^^^^^^^^^^^^^^^^^^^^^^^^^^^^^^^^^^^^^^^^^^^^
[rank2]:   File "/usr/local/lib/python3.11/site-packages/torch/optim/optimizer.py", line 517, in wrapper
[rank2]:     out = func(*args, **kwargs)
[rank2]:           ^^^^^^^^^^^^^^^^^^^^^
[rank2]:   File "/usr/local/lib/python3.11/site-packages/torch/utils/_contextlib.py", line 120, in decorate_context
[rank2]:     return func(*args, **kwargs)
[rank2]:            ^^^^^^^^^^^^^^^^^^^^^
[rank2]:   File "/algorithmic-efficiency/submissions_algorithms/submissions/self_tuning/muon_torch/muon.py", line 280, in step
[rank2]:     g = muon_update(p.grad, state['m'], beta=beta, nesterov=nesterov, ns_steps=ns_steps, ns_eps=ns_eps)
[rank2]:         ^^^^^^^^^^^^^^^^^^^^^^^^^^^^^^^^^^^^^^^^^^^^^^^^^^^^^^^^^^^^^^^^^^^^^^^^^^^^^^^^^^^^^^^^^^^^^^^
[rank2]:   File "/usr/local/lib/python3.11/site-packages/torch/utils/_contextlib.py", line 120, in decorate_context
[rank2]:     return func(*args, **kwargs)
[rank2]:            ^^^^^^^^^^^^^^^^^^^^^
[rank2]:   File "/algorithmic-efficiency/submissions_algorithms/submissions/self_tuning/muon_torch/muon.py", line 76, in muon_update
[rank2]:     g = zeropower_via_newtonschulz5(g, steps=ns_steps, eps=ns_eps)
[rank2]:         ^^^^^^^^^^^^^^^^^^^^^^^^^^^^^^^^^^^^^^^^^^^^^^^^^^^^^^^^^^
[rank2]:   File "/usr/local/lib/python3.11/site-packages/torch/_dynamo/eval_frame.py", line 832, in compile_wrapper
[rank2]:     return fn(*args, **kwargs)
[rank2]:            ^^^^^^^^^^^^^^^^^^^
[rank2]:   File "/algorithmic-efficiency/submissions_algorithms/submissions/self_tuning/muon_torch/muon.py", line 43, in zeropower_via_newtonschulz5
[rank2]:     raise RuntimeError(f"Expected 2D tensor in N-S, found {G.ndim} instead.")
[rank2]: RuntimeError: Expected 2D tensor in N-S, found 3 instead.
[rank0]:[W521 18:40:13.767403445 ProcessGroupNCCL.cpp:1524] Warning: WARNING: destroy_process_group() was not called before program exit, which can leak resources. For more info, please see https://pytorch.org/docs/stable/distributed.html#shutdown (function operator())
[rank3]: Traceback (most recent call last):
[rank3]:   File "/algorithmic-efficiency/submission_runner.py", line 873, in <module>
[rank3]:     app.run(main)
[rank3]:   File "/usr/local/lib/python3.11/site-packages/absl/app.py", line 308, in run
[rank3]:     _run_main(main, args)
[rank3]:   File "/usr/local/lib/python3.11/site-packages/absl/app.py", line 254, in _run_main
[rank3]:     sys.exit(main(argv))
[rank3]:              ^^^^^^^^^^
[rank3]:   File "/algorithmic-efficiency/submission_runner.py", line 838, in main
[rank3]:     score = score_submission_on_workload(
[rank3]:             ^^^^^^^^^^^^^^^^^^^^^^^^^^^^^
[rank3]:   File "/algorithmic-efficiency/submission_runner.py", line 747, in score_submission_on_workload
[rank3]:     score, _ = train_once(
[rank3]:                ^^^^^^^^^^^
[rank3]:   File "/algorithmic-efficiency/submission_runner.py", line 387, in train_once
[rank3]:     optimizer_state, model_params, model_state = update_params(
[rank3]:                                                  ^^^^^^^^^^^^^^
[rank3]:   File "/algorithmic-efficiency/submissions_algorithms/submissions/self_tuning/muon_torch/submission.py", line 186, in update_params
[rank3]:     optimizer_state['muon'].step()
[rank3]:   File "/usr/local/lib/python3.11/site-packages/torch/optim/lr_scheduler.py", line 133, in wrapper
[rank3]:     return func.__get__(opt, opt.__class__)(*args, **kwargs)
[rank3]:            ^^^^^^^^^^^^^^^^^^^^^^^^^^^^^^^^^^^^^^^^^^^^^^^^^
[rank3]:   File "/usr/local/lib/python3.11/site-packages/torch/optim/optimizer.py", line 517, in wrapper
[rank3]:     out = func(*args, **kwargs)
[rank3]:           ^^^^^^^^^^^^^^^^^^^^^
[rank3]:   File "/usr/local/lib/python3.11/site-packages/torch/utils/_contextlib.py", line 120, in decorate_context
[rank3]:     return func(*args, **kwargs)
[rank3]:            ^^^^^^^^^^^^^^^^^^^^^
[rank3]:   File "/algorithmic-efficiency/submissions_algorithms/submissions/self_tuning/muon_torch/muon.py", line 280, in step
[rank3]:     g = muon_update(p.grad, state['m'], beta=beta, nesterov=nesterov, ns_steps=ns_steps, ns_eps=ns_eps)
[rank3]:         ^^^^^^^^^^^^^^^^^^^^^^^^^^^^^^^^^^^^^^^^^^^^^^^^^^^^^^^^^^^^^^^^^^^^^^^^^^^^^^^^^^^^^^^^^^^^^^^
[rank3]:   File "/usr/local/lib/python3.11/site-packages/torch/utils/_contextlib.py", line 120, in decorate_context
[rank3]:     return func(*args, **kwargs)
[rank3]:            ^^^^^^^^^^^^^^^^^^^^^
[rank3]:   File "/algorithmic-efficiency/submissions_algorithms/submissions/self_tuning/muon_torch/muon.py", line 76, in muon_update
[rank3]:     g = zeropower_via_newtonschulz5(g, steps=ns_steps, eps=ns_eps)
[rank3]:         ^^^^^^^^^^^^^^^^^^^^^^^^^^^^^^^^^^^^^^^^^^^^^^^^^^^^^^^^^^
[rank3]:   File "/usr/local/lib/python3.11/site-packages/torch/_dynamo/eval_frame.py", line 832, in compile_wrapper
[rank3]:     return fn(*args, **kwargs)
[rank3]:            ^^^^^^^^^^^^^^^^^^^
[rank3]:   File "/algorithmic-efficiency/submissions_algorithms/submissions/self_tuning/muon_torch/muon.py", line 43, in zeropower_via_newtonschulz5
[rank3]:     raise RuntimeError(f"Expected 2D tensor in N-S, found {G.ndim} instead.")
[rank3]: RuntimeError: Expected 2D tensor in N-S, found 3 instead.
[rank0]:[W521 18:40:14.235372621 AllocatorConfig.cpp:28] Warning: PYTORCH_CUDA_ALLOC_CONF is deprecated, use PYTORCH_ALLOC_CONF instead (function operator())
[rank1]:[W521 18:40:15.412456173 AllocatorConfig.cpp:28] Warning: PYTORCH_CUDA_ALLOC_CONF is deprecated, use PYTORCH_ALLOC_CONF instead (function operator())
[rank2]:[W521 18:40:15.094957746 AllocatorConfig.cpp:28] Warning: PYTORCH_CUDA_ALLOC_CONF is deprecated, use PYTORCH_ALLOC_CONF instead (function operator())
W0521 18:40:15.756000 9 site-packages/torch/distributed/elastic/multiprocessing/api.py:908] Sending process 39 closing signal SIGTERM
W0521 18:40:15.756000 9 site-packages/torch/distributed/elastic/multiprocessing/api.py:908] Sending process 40 closing signal SIGTERM
W0521 18:40:15.756000 9 site-packages/torch/distributed/elastic/multiprocessing/api.py:908] Sending process 41 closing signal SIGTERM
E0521 18:40:16.986000 9 site-packages/torch/distributed/elastic/multiprocessing/api.py:882] failed (exitcode: 1) local_rank: 0 (pid: 38) of binary: /usr/local/bin/python3.11
Traceback (most recent call last):
  File "/usr/local/bin/torchrun", line 6, in <module>
    sys.exit(main())
             ^^^^^^
  File "/usr/local/lib/python3.11/site-packages/torch/distributed/elastic/multiprocessing/errors/__init__.py", line 357, in wrapper
    return f(*args, **kwargs)
           ^^^^^^^^^^^^^^^^^^
  File "/usr/local/lib/python3.11/site-packages/torch/distributed/run.py", line 936, in main
    run(args)
  File "/usr/local/lib/python3.11/site-packages/torch/distributed/run.py", line 927, in run
    elastic_launch(
  File "/usr/local/lib/python3.11/site-packages/torch/distributed/launcher/api.py", line 156, in __call__
    return launch_agent(self._config, self._entrypoint, list(args))
           ^^^^^^^^^^^^^^^^^^^^^^^^^^^^^^^^^^^^^^^^^^^^^^^^^^^^^^^^
  File "/usr/local/lib/python3.11/site-packages/torch/distributed/launcher/api.py", line 293, in launch_agent
    raise ChildFailedError(
torch.distributed.elastic.multiprocessing.errors.ChildFailedError: 
============================================================
submission_runner.py FAILED
------------------------------------------------------------
Failures:
  <NO_OTHER_FAILURES>
------------------------------------------------------------
Root Cause (first observed failure):
[0]:
  time      : 2026-05-21_18:40:15
  host      : 752f0d992f38
  rank      : 0 (local_rank: 0)
  exitcode  : 1 (pid: 38)
  error_file: <N/A>
  traceback : To enable traceback see: https://pytorch.org/docs/stable/elastic/errors.html
============================================================
