torchrun --redirects 1:0,2:0,3:0 --standalone --nnodes=1 --nproc_per_node=4 submission_runner.py --framework=pytorch --workload=ogbg --submission_path=submissions_algorithms/submissions/self_tuning/muon_torch/submission.py --data_dir=/data/ogbg --experiment_dir=/experiment_runs --experiment_name=submissions_a100/muon_torch/study_0 --overwrite=True --save_checkpoints=False --rng_seed=1065413946 --torch_compile=true --tuning_ruleset=self 2>&1 | tee -a /logs/ogbg_pytorch_05-23-2026-11-32-43.log
W0523 11:32:45.442000 9 site-packages/torch/distributed/run.py:803] 
W0523 11:32:45.442000 9 site-packages/torch/distributed/run.py:803] *****************************************
W0523 11:32:45.442000 9 site-packages/torch/distributed/run.py:803] Setting OMP_NUM_THREADS environment variable for each process to be 1 in default, to avoid your system being overloaded, please further tune the variable for optimal performance in your application as needed. 
W0523 11:32:45.442000 9 site-packages/torch/distributed/run.py:803] *****************************************
2026-05-23 11:32:47.055942: E external/local_xla/xla/stream_executor/cuda/cuda_fft.cc:467] Unable to register cuFFT factory: Attempting to register factory for plugin cuFFT when one has already been registered
2026-05-23 11:32:47.055926: E external/local_xla/xla/stream_executor/cuda/cuda_fft.cc:467] Unable to register cuFFT factory: Attempting to register factory for plugin cuFFT when one has already been registered
2026-05-23 11:32:47.055927: E external/local_xla/xla/stream_executor/cuda/cuda_fft.cc:467] Unable to register cuFFT factory: Attempting to register factory for plugin cuFFT when one has already been registered
2026-05-23 11:32:47.055926: E external/local_xla/xla/stream_executor/cuda/cuda_fft.cc:467] Unable to register cuFFT factory: Attempting to register factory for plugin cuFFT when one has already been registered
WARNING: All log messages before absl::InitializeLog() is called are written to STDERR
WARNING: All log messages before absl::InitializeLog() is called are written to STDERR
WARNING: All log messages before absl::InitializeLog() is called are written to STDERR
WARNING: All log messages before absl::InitializeLog() is called are written to STDERR
E0000 00:00:1779535967.079672      38 cuda_dnn.cc:8579] Unable to register cuDNN factory: Attempting to register factory for plugin cuDNN when one has already been registered
E0000 00:00:1779535967.079671      39 cuda_dnn.cc:8579] Unable to register cuDNN factory: Attempting to register factory for plugin cuDNN when one has already been registered
E0000 00:00:1779535967.079672      40 cuda_dnn.cc:8579] Unable to register cuDNN factory: Attempting to register factory for plugin cuDNN when one has already been registered
E0000 00:00:1779535967.079672      41 cuda_dnn.cc:8579] Unable to register cuDNN factory: Attempting to register factory for plugin cuDNN when one has already been registered
E0000 00:00:1779535967.087365      38 cuda_blas.cc:1407] Unable to register cuBLAS factory: Attempting to register factory for plugin cuBLAS when one has already been registered
E0000 00:00:1779535967.087364      39 cuda_blas.cc:1407] Unable to register cuBLAS factory: Attempting to register factory for plugin cuBLAS when one has already been registered
E0000 00:00:1779535967.087365      40 cuda_blas.cc:1407] Unable to register cuBLAS factory: Attempting to register factory for plugin cuBLAS when one has already been registered
E0000 00:00:1779535967.087368      41 cuda_blas.cc:1407] Unable to register cuBLAS factory: Attempting to register factory for plugin cuBLAS when one has already been registered
W0000 00:00:1779535967.111034      39 computation_placer.cc:177] computation placer already registered. Please check linkage and avoid linking the same target more than once.
W0000 00:00:1779535967.111034      41 computation_placer.cc:177] computation placer already registered. Please check linkage and avoid linking the same target more than once.
W0000 00:00:1779535967.111034      38 computation_placer.cc:177] computation placer already registered. Please check linkage and avoid linking the same target more than once.
W0000 00:00:1779535967.111033      40 computation_placer.cc:177] computation placer already registered. Please check linkage and avoid linking the same target more than once.
W0000 00:00:1779535967.111062      41 computation_placer.cc:177] computation placer already registered. Please check linkage and avoid linking the same target more than once.
W0000 00:00:1779535967.111062      38 computation_placer.cc:177] computation placer already registered. Please check linkage and avoid linking the same target more than once.
W0000 00:00:1779535967.111063      40 computation_placer.cc:177] computation placer already registered. Please check linkage and avoid linking the same target more than once.
W0000 00:00:1779535967.111064      41 computation_placer.cc:177] computation placer already registered. Please check linkage and avoid linking the same target more than once.
W0000 00:00:1779535967.111065      38 computation_placer.cc:177] computation placer already registered. Please check linkage and avoid linking the same target more than once.
W0000 00:00:1779535967.111066      40 computation_placer.cc:177] computation placer already registered. Please check linkage and avoid linking the same target more than once.
W0000 00:00:1779535967.111067      41 computation_placer.cc:177] computation placer already registered. Please check linkage and avoid linking the same target more than once.
W0000 00:00:1779535967.111067      38 computation_placer.cc:177] computation placer already registered. Please check linkage and avoid linking the same target more than once.
W0000 00:00:1779535967.111067      39 computation_placer.cc:177] computation placer already registered. Please check linkage and avoid linking the same target more than once.
W0000 00:00:1779535967.111068      40 computation_placer.cc:177] computation placer already registered. Please check linkage and avoid linking the same target more than once.
W0000 00:00:1779535967.111069      39 computation_placer.cc:177] computation placer already registered. Please check linkage and avoid linking the same target more than once.
W0000 00:00:1779535967.111072      39 computation_placer.cc:177] computation placer already registered. Please check linkage and avoid linking the same target more than once.
W0000 00:00:1779535972.940479      41 gpu_device.cc:2341] Cannot dlopen some GPU libraries. Please make sure the missing libraries mentioned above are installed properly if you would like to use GPU. Follow the guide at https://www.tensorflow.org/install/gpu for how to download and setup the required libraries for your platform.
Skipping registering GPU devices...
W0000 00:00:1779535973.067565      40 gpu_device.cc:2341] Cannot dlopen some GPU libraries. Please make sure the missing libraries mentioned above are installed properly if you would like to use GPU. Follow the guide at https://www.tensorflow.org/install/gpu for how to download and setup the required libraries for your platform.
Skipping registering GPU devices...
W0000 00:00:1779535973.281301      38 gpu_device.cc:2341] Cannot dlopen some GPU libraries. Please make sure the missing libraries mentioned above are installed properly if you would like to use GPU. Follow the guide at https://www.tensorflow.org/install/gpu for how to download and setup the required libraries for your platform.
Skipping registering GPU devices...
/usr/local/lib/python3.11/site-packages/torch/__init__.py:1617: UserWarning: Please use the new API settings to control TF32 behavior, such as torch.backends.cudnn.conv.fp32_precision = 'tf32' or torch.backends.cuda.matmul.fp32_precision = 'ieee'. Old settings, e.g, torch.backends.cuda.matmul.allow_tf32 = True, torch.backends.cudnn.allow_tf32 = True, allowTF32CuDNN() and allowTF32CuBLAS() will be deprecated after Pytorch 2.9. Please see https://pytorch.org/docs/main/notes/cuda.html#tensorfloat-32-tf32-on-ampere-and-later-devices (Triggered internally at /pytorch/aten/src/ATen/Context.cpp:80.)
  _C._set_float32_matmul_precision(precision)
W0000 00:00:1779535973.385748      39 gpu_device.cc:2341] Cannot dlopen some GPU libraries. Please make sure the missing libraries mentioned above are installed properly if you would like to use GPU. Follow the guide at https://www.tensorflow.org/install/gpu for how to download and setup the required libraries for your platform.
Skipping registering GPU devices...
/usr/local/lib/python3.11/site-packages/torch/__init__.py:1617: UserWarning: Please use the new API settings to control TF32 behavior, such as torch.backends.cudnn.conv.fp32_precision = 'tf32' or torch.backends.cuda.matmul.fp32_precision = 'ieee'. Old settings, e.g, torch.backends.cuda.matmul.allow_tf32 = True, torch.backends.cudnn.allow_tf32 = True, allowTF32CuDNN() and allowTF32CuBLAS() will be deprecated after Pytorch 2.9. Please see https://pytorch.org/docs/main/notes/cuda.html#tensorfloat-32-tf32-on-ampere-and-later-devices (Triggered internally at /pytorch/aten/src/ATen/Context.cpp:80.)
  _C._set_float32_matmul_precision(precision)
/usr/local/lib/python3.11/site-packages/torch/__init__.py:1617: UserWarning: Please use the new API settings to control TF32 behavior, such as torch.backends.cudnn.conv.fp32_precision = 'tf32' or torch.backends.cuda.matmul.fp32_precision = 'ieee'. Old settings, e.g, torch.backends.cuda.matmul.allow_tf32 = True, torch.backends.cudnn.allow_tf32 = True, allowTF32CuDNN() and allowTF32CuBLAS() will be deprecated after Pytorch 2.9. Please see https://pytorch.org/docs/main/notes/cuda.html#tensorfloat-32-tf32-on-ampere-and-later-devices (Triggered internally at /pytorch/aten/src/ATen/Context.cpp:80.)
  _C._set_float32_matmul_precision(precision)
/usr/local/lib/python3.11/site-packages/torch/__init__.py:1617: UserWarning: Please use the new API settings to control TF32 behavior, such as torch.backends.cudnn.conv.fp32_precision = 'tf32' or torch.backends.cuda.matmul.fp32_precision = 'ieee'. Old settings, e.g, torch.backends.cuda.matmul.allow_tf32 = True, torch.backends.cudnn.allow_tf32 = True, allowTF32CuDNN() and allowTF32CuBLAS() will be deprecated after Pytorch 2.9. Please see https://pytorch.org/docs/main/notes/cuda.html#tensorfloat-32-tf32-on-ampere-and-later-devices (Triggered internally at /pytorch/aten/src/ATen/Context.cpp:80.)
  _C._set_float32_matmul_precision(precision)
/usr/local/lib/python3.11/site-packages/pydantic/_internal/_generate_schema.py:2249: UnsupportedFieldAttributeWarning: The 'repr' attribute with value False was provided to the `Field()` function, which has no effect in the context it was used. 'repr' is field-specific metadata, and can only be attached to a model field using `Annotated` metadata or by assignment. This may have happened because an `Annotated` type alias using the `type` statement was used, or if the `Field()` function was attached to a single member of a union type.
  warnings.warn(
/usr/local/lib/python3.11/site-packages/pydantic/_internal/_generate_schema.py:2249: UnsupportedFieldAttributeWarning: The 'frozen' attribute with value True was provided to the `Field()` function, which has no effect in the context it was used. 'frozen' is field-specific metadata, and can only be attached to a model field using `Annotated` metadata or by assignment. This may have happened because an `Annotated` type alias using the `type` statement was used, or if the `Field()` function was attached to a single member of a union type.
  warnings.warn(
/usr/local/lib/python3.11/site-packages/pydantic/_internal/_generate_schema.py:2249: UnsupportedFieldAttributeWarning: The 'repr' attribute with value False was provided to the `Field()` function, which has no effect in the context it was used. 'repr' is field-specific metadata, and can only be attached to a model field using `Annotated` metadata or by assignment. This may have happened because an `Annotated` type alias using the `type` statement was used, or if the `Field()` function was attached to a single member of a union type.
  warnings.warn(
/usr/local/lib/python3.11/site-packages/pydantic/_internal/_generate_schema.py:2249: UnsupportedFieldAttributeWarning: The 'frozen' attribute with value True was provided to the `Field()` function, which has no effect in the context it was used. 'frozen' is field-specific metadata, and can only be attached to a model field using `Annotated` metadata or by assignment. This may have happened because an `Annotated` type alias using the `type` statement was used, or if the `Field()` function was attached to a single member of a union type.
  warnings.warn(
/usr/local/lib/python3.11/site-packages/pydantic/_internal/_generate_schema.py:2249: UnsupportedFieldAttributeWarning: The 'repr' attribute with value False was provided to the `Field()` function, which has no effect in the context it was used. 'repr' is field-specific metadata, and can only be attached to a model field using `Annotated` metadata or by assignment. This may have happened because an `Annotated` type alias using the `type` statement was used, or if the `Field()` function was attached to a single member of a union type.
  warnings.warn(
/usr/local/lib/python3.11/site-packages/pydantic/_internal/_generate_schema.py:2249: UnsupportedFieldAttributeWarning: The 'frozen' attribute with value True was provided to the `Field()` function, which has no effect in the context it was used. 'frozen' is field-specific metadata, and can only be attached to a model field using `Annotated` metadata or by assignment. This may have happened because an `Annotated` type alias using the `type` statement was used, or if the `Field()` function was attached to a single member of a union type.
  warnings.warn(
/usr/local/lib/python3.11/site-packages/pydantic/_internal/_generate_schema.py:2249: UnsupportedFieldAttributeWarning: The 'repr' attribute with value False was provided to the `Field()` function, which has no effect in the context it was used. 'repr' is field-specific metadata, and can only be attached to a model field using `Annotated` metadata or by assignment. This may have happened because an `Annotated` type alias using the `type` statement was used, or if the `Field()` function was attached to a single member of a union type.
  warnings.warn(
/usr/local/lib/python3.11/site-packages/pydantic/_internal/_generate_schema.py:2249: UnsupportedFieldAttributeWarning: The 'frozen' attribute with value True was provided to the `Field()` function, which has no effect in the context it was used. 'frozen' is field-specific metadata, and can only be attached to a model field using `Annotated` metadata or by assignment. This may have happened because an `Annotated` type alias using the `type` statement was used, or if the `Field()` function was attached to a single member of a union type.
  warnings.warn(
I0523 11:32:56.409694 140205813867712 logger_utils.py:59] Removing existing experiment directory /experiment_runs/submissions_a100/muon_torch/study_0/ogbg_pytorch because --overwrite was set.
I0523 11:32:56.409696 140442639746240 logger_utils.py:59] Removing existing experiment directory /experiment_runs/submissions_a100/muon_torch/study_0/ogbg_pytorch because --overwrite was set.
I0523 11:32:56.409693 139973843268800 logger_utils.py:59] Removing existing experiment directory /experiment_runs/submissions_a100/muon_torch/study_0/ogbg_pytorch because --overwrite was set.
I0523 11:32:56.409699 140376553505984 logger_utils.py:59] Removing existing experiment directory /experiment_runs/submissions_a100/muon_torch/study_0/ogbg_pytorch because --overwrite was set.
/usr/local/lib/python3.11/site-packages/torch/distributed/distributed_c10d.py:4876: UserWarning: barrier(): using the device under current context. You can specify `device_id` in `init_process_group` to mute this warning.
  warnings.warn(  # warn only once
[rank0]:[W523 11:32:56.757130267 ProcessGroupNCCL.cpp:5068] Guessing device ID based on global rank. This can cause a hang if rank to GPU mapping is heterogeneous. You can specify device_id in init_process_group()
I0523 11:32:57.147096 140442639746240 logger_utils.py:84] Creating experiment directory at /experiment_runs/submissions_a100/muon_torch/study_0/ogbg_pytorch.
I0523 11:32:57.147096 140376553505984 logger_utils.py:84] Creating experiment directory at /experiment_runs/submissions_a100/muon_torch/study_0/ogbg_pytorch.
I0523 11:32:57.147096 139973843268800 logger_utils.py:84] Creating experiment directory at /experiment_runs/submissions_a100/muon_torch/study_0/ogbg_pytorch.
I0523 11:32:57.147123 140205813867712 logger_utils.py:84] Creating experiment directory at /experiment_runs/submissions_a100/muon_torch/study_0/ogbg_pytorch.
I0523 11:32:59.878140 140376553505984 submission_runner.py:741] Creating directory at /experiment_runs/submissions_a100/muon_torch/study_0/ogbg_pytorch/trial_1.
I0523 11:33:00.234071 140376553505984 submission_runner.py:242] Initializing dataset.
I0523 11:33:00.234297 140376553505984 submission_runner.py:251] Initializing model.
W0523 11:33:00.320137 139973843268800 submission_runner.py:273] These workloads cannot be fully compiled under current PyTorch version. Proceeding without `torch.compile`.
W0523 11:33:00.320137 140205813867712 submission_runner.py:273] These workloads cannot be fully compiled under current PyTorch version. Proceeding without `torch.compile`.
W0523 11:33:00.320137 140442639746240 submission_runner.py:273] These workloads cannot be fully compiled under current PyTorch version. Proceeding without `torch.compile`.
W0523 11:33:00.320191 140376553505984 submission_runner.py:273] These workloads cannot be fully compiled under current PyTorch version. Proceeding without `torch.compile`.
I0523 11:33:00.322189 140376553505984 submission_runner.py:294] Initializing optimizer.
I0523 11:33:00.322422 139973843268800 muon.py:324] Muon params:
	module.node_embedder.weight (ndim=2)
	module.edge_embedder.weight (ndim=2)
	module.graph_network.0.update_edge_fn.dense_0.weight (ndim=2)
	module.graph_network.0.update_node_fn.dense_0.weight (ndim=2)
	module.graph_network.0.update_global_fn.dense_0.weight (ndim=2)
	module.graph_network.1.update_edge_fn.dense_0.weight (ndim=2)
	module.graph_network.1.update_node_fn.dense_0.weight (ndim=2)
	module.graph_network.1.update_global_fn.dense_0.weight (ndim=2)
	module.graph_network.2.update_edge_fn.dense_0.weight (ndim=2)
	module.graph_network.2.update_node_fn.dense_0.weight (ndim=2)
	module.graph_network.2.update_global_fn.dense_0.weight (ndim=2)
	module.graph_network.3.update_edge_fn.dense_0.weight (ndim=2)
	module.graph_network.3.update_node_fn.dense_0.weight (ndim=2)
	module.graph_network.3.update_global_fn.dense_0.weight (ndim=2)
	module.graph_network.4.update_edge_fn.dense_0.weight (ndim=2)
	module.graph_network.4.update_node_fn.dense_0.weight (ndim=2)
	module.graph_network.4.update_global_fn.dense_0.weight (ndim=2)
	module.decoder.weight (ndim=2)
I0523 11:33:00.322429 140442639746240 muon.py:324] Muon params:
	module.node_embedder.weight (ndim=2)
	module.edge_embedder.weight (ndim=2)
	module.graph_network.0.update_edge_fn.dense_0.weight (ndim=2)
	module.graph_network.0.update_node_fn.dense_0.weight (ndim=2)
	module.graph_network.0.update_global_fn.dense_0.weight (ndim=2)
	module.graph_network.1.update_edge_fn.dense_0.weight (ndim=2)
	module.graph_network.1.update_node_fn.dense_0.weight (ndim=2)
	module.graph_network.1.update_global_fn.dense_0.weight (ndim=2)
	module.graph_network.2.update_edge_fn.dense_0.weight (ndim=2)
	module.graph_network.2.update_node_fn.dense_0.weight (ndim=2)
	module.graph_network.2.update_global_fn.dense_0.weight (ndim=2)
	module.graph_network.3.update_edge_fn.dense_0.weight (ndim=2)
	module.graph_network.3.update_node_fn.dense_0.weight (ndim=2)
	module.graph_network.3.update_global_fn.dense_0.weight (ndim=2)
	module.graph_network.4.update_edge_fn.dense_0.weight (ndim=2)
	module.graph_network.4.update_node_fn.dense_0.weight (ndim=2)
	module.graph_network.4.update_global_fn.dense_0.weight (ndim=2)
	module.decoder.weight (ndim=2)
I0523 11:33:00.322473 140205813867712 muon.py:324] Muon params:
	module.node_embedder.weight (ndim=2)
	module.edge_embedder.weight (ndim=2)
	module.graph_network.0.update_edge_fn.dense_0.weight (ndim=2)
	module.graph_network.0.update_node_fn.dense_0.weight (ndim=2)
	module.graph_network.0.update_global_fn.dense_0.weight (ndim=2)
	module.graph_network.1.update_edge_fn.dense_0.weight (ndim=2)
	module.graph_network.1.update_node_fn.dense_0.weight (ndim=2)
	module.graph_network.1.update_global_fn.dense_0.weight (ndim=2)
	module.graph_network.2.update_edge_fn.dense_0.weight (ndim=2)
	module.graph_network.2.update_node_fn.dense_0.weight (ndim=2)
	module.graph_network.2.update_global_fn.dense_0.weight (ndim=2)
	module.graph_network.3.update_edge_fn.dense_0.weight (ndim=2)
	module.graph_network.3.update_node_fn.dense_0.weight (ndim=2)
	module.graph_network.3.update_global_fn.dense_0.weight (ndim=2)
	module.graph_network.4.update_edge_fn.dense_0.weight (ndim=2)
	module.graph_network.4.update_node_fn.dense_0.weight (ndim=2)
	module.graph_network.4.update_global_fn.dense_0.weight (ndim=2)
	module.decoder.weight (ndim=2)
I0523 11:33:00.322547 140442639746240 muon.py:325] Adam params:
	module.node_embedder.bias (ndim=1)
	module.edge_embedder.bias (ndim=1)
	module.graph_network.0.update_edge_fn.dense_0.bias (ndim=1)
	module.graph_network.0.update_edge_fn.norm_0.weight (ndim=1)
	module.graph_network.0.update_edge_fn.norm_0.bias (ndim=1)
	module.graph_network.0.update_node_fn.dense_0.bias (ndim=1)
	module.graph_network.0.update_node_fn.norm_0.weight (ndim=1)
	module.graph_network.0.update_node_fn.norm_0.bias (ndim=1)
	module.graph_network.0.update_global_fn.dense_0.bias (ndim=1)
	module.graph_network.0.update_global_fn.norm_0.weight (ndim=1)
	module.graph_network.0.update_global_fn.norm_0.bias (ndim=1)
	module.graph_network.1.update_edge_fn.dense_0.bias (ndim=1)
	module.graph_network.1.update_edge_fn.norm_0.weight (ndim=1)
	module.graph_network.1.update_edge_fn.norm_0.bias (ndim=1)
	module.graph_network.1.update_node_fn.dense_0.bias (ndim=1)
	module.graph_network.1.update_node_fn.norm_0.weight (ndim=1)
	module.graph_network.1.update_node_fn.norm_0.bias (ndim=1)
	module.graph_network.1.update_global_fn.dense_0.bias (ndim=1)
	module.graph_network.1.update_global_fn.norm_0.weight (ndim=1)
	module.graph_network.1.update_global_fn.norm_0.bias (ndim=1)
	module.graph_network.2.update_edge_fn.dense_0.bias (ndim=1)
	module.graph_network.2.update_edge_fn.norm_0.weight (ndim=1)
	module.graph_network.2.update_edge_fn.norm_0.bias (ndim=1)
	module.graph_network.2.update_node_fn.dense_0.bias (ndim=1)
	module.graph_network.2.update_node_fn.norm_0.weight (ndim=1)
	module.graph_network.2.update_node_fn.norm_0.bias (ndim=1)
	module.graph_network.2.update_global_fn.dense_0.bias (ndim=1)
	module.graph_network.2.update_global_fn.norm_0.weight (ndim=1)
	module.graph_network.2.update_global_fn.norm_0.bias (ndim=1)
	module.graph_network.3.update_edge_fn.dense_0.bias (ndim=1)
	module.graph_network.3.update_edge_fn.norm_0.weight (ndim=1)
	module.graph_network.3.update_edge_fn.norm_0.bias (ndim=1)
	module.graph_network.3.update_node_fn.dense_0.bias (ndim=1)
	module.graph_network.3.update_node_fn.norm_0.weight (ndim=1)
	module.graph_network.3.update_node_fn.norm_0.bias (ndim=1)
	module.graph_network.3.update_global_fn.dense_0.bias (ndim=1)
	module.graph_network.3.update_global_fn.norm_0.weight (ndim=1)
	module.graph_network.3.update_global_fn.norm_0.bias (ndim=1)
	module.graph_network.4.update_edge_fn.dense_0.bias (ndim=1)
	module.graph_network.4.update_edge_fn.norm_0.weight (ndim=1)
	module.graph_network.4.update_edge_fn.norm_0.bias (ndim=1)
	module.graph_network.4.update_node_fn.dense_0.bias (ndim=1)
	module.graph_network.4.update_node_fn.norm_0.weight (ndim=1)
	module.graph_network.4.update_node_fn.norm_0.bias (ndim=1)
	module.graph_network.4.update_global_fn.dense_0.bias (ndim=1)
	module.graph_network.4.update_global_fn.norm_0.weight (ndim=1)
	module.graph_network.4.update_global_fn.norm_0.bias (ndim=1)
	module.decoder.bias (ndim=1)
I0523 11:33:00.322549 139973843268800 muon.py:325] Adam params:
	module.node_embedder.bias (ndim=1)
	module.edge_embedder.bias (ndim=1)
	module.graph_network.0.update_edge_fn.dense_0.bias (ndim=1)
	module.graph_network.0.update_edge_fn.norm_0.weight (ndim=1)
	module.graph_network.0.update_edge_fn.norm_0.bias (ndim=1)
	module.graph_network.0.update_node_fn.dense_0.bias (ndim=1)
	module.graph_network.0.update_node_fn.norm_0.weight (ndim=1)
	module.graph_network.0.update_node_fn.norm_0.bias (ndim=1)
	module.graph_network.0.update_global_fn.dense_0.bias (ndim=1)
	module.graph_network.0.update_global_fn.norm_0.weight (ndim=1)
	module.graph_network.0.update_global_fn.norm_0.bias (ndim=1)
	module.graph_network.1.update_edge_fn.dense_0.bias (ndim=1)
	module.graph_network.1.update_edge_fn.norm_0.weight (ndim=1)
	module.graph_network.1.update_edge_fn.norm_0.bias (ndim=1)
	module.graph_network.1.update_node_fn.dense_0.bias (ndim=1)
	module.graph_network.1.update_node_fn.norm_0.weight (ndim=1)
	module.graph_network.1.update_node_fn.norm_0.bias (ndim=1)
	module.graph_network.1.update_global_fn.dense_0.bias (ndim=1)
	module.graph_network.1.update_global_fn.norm_0.weight (ndim=1)
	module.graph_network.1.update_global_fn.norm_0.bias (ndim=1)
	module.graph_network.2.update_edge_fn.dense_0.bias (ndim=1)
	module.graph_network.2.update_edge_fn.norm_0.weight (ndim=1)
	module.graph_network.2.update_edge_fn.norm_0.bias (ndim=1)
	module.graph_network.2.update_node_fn.dense_0.bias (ndim=1)
	module.graph_network.2.update_node_fn.norm_0.weight (ndim=1)
	module.graph_network.2.update_node_fn.norm_0.bias (ndim=1)
	module.graph_network.2.update_global_fn.dense_0.bias (ndim=1)
	module.graph_network.2.update_global_fn.norm_0.weight (ndim=1)
	module.graph_network.2.update_global_fn.norm_0.bias (ndim=1)
	module.graph_network.3.update_edge_fn.dense_0.bias (ndim=1)
	module.graph_network.3.update_edge_fn.norm_0.weight (ndim=1)
	module.graph_network.3.update_edge_fn.norm_0.bias (ndim=1)
	module.graph_network.3.update_node_fn.dense_0.bias (ndim=1)
	module.graph_network.3.update_node_fn.norm_0.weight (ndim=1)
	module.graph_network.3.update_node_fn.norm_0.bias (ndim=1)
	module.graph_network.3.update_global_fn.dense_0.bias (ndim=1)
	module.graph_network.3.update_global_fn.norm_0.weight (ndim=1)
	module.graph_network.3.update_global_fn.norm_0.bias (ndim=1)
	module.graph_network.4.update_edge_fn.dense_0.bias (ndim=1)
	module.graph_network.4.update_edge_fn.norm_0.weight (ndim=1)
	module.graph_network.4.update_edge_fn.norm_0.bias (ndim=1)
	module.graph_network.4.update_node_fn.dense_0.bias (ndim=1)
	module.graph_network.4.update_node_fn.norm_0.weight (ndim=1)
	module.graph_network.4.update_node_fn.norm_0.bias (ndim=1)
	module.graph_network.4.update_global_fn.dense_0.bias (ndim=1)
	module.graph_network.4.update_global_fn.norm_0.weight (ndim=1)
	module.graph_network.4.update_global_fn.norm_0.bias (ndim=1)
	module.decoder.bias (ndim=1)
I0523 11:33:00.322614 140205813867712 muon.py:325] Adam params:
	module.node_embedder.bias (ndim=1)
	module.edge_embedder.bias (ndim=1)
	module.graph_network.0.update_edge_fn.dense_0.bias (ndim=1)
	module.graph_network.0.update_edge_fn.norm_0.weight (ndim=1)
	module.graph_network.0.update_edge_fn.norm_0.bias (ndim=1)
	module.graph_network.0.update_node_fn.dense_0.bias (ndim=1)
	module.graph_network.0.update_node_fn.norm_0.weight (ndim=1)
	module.graph_network.0.update_node_fn.norm_0.bias (ndim=1)
	module.graph_network.0.update_global_fn.dense_0.bias (ndim=1)
	module.graph_network.0.update_global_fn.norm_0.weight (ndim=1)
	module.graph_network.0.update_global_fn.norm_0.bias (ndim=1)
	module.graph_network.1.update_edge_fn.dense_0.bias (ndim=1)
	module.graph_network.1.update_edge_fn.norm_0.weight (ndim=1)
	module.graph_network.1.update_edge_fn.norm_0.bias (ndim=1)
	module.graph_network.1.update_node_fn.dense_0.bias (ndim=1)
	module.graph_network.1.update_node_fn.norm_0.weight (ndim=1)
	module.graph_network.1.update_node_fn.norm_0.bias (ndim=1)
	module.graph_network.1.update_global_fn.dense_0.bias (ndim=1)
	module.graph_network.1.update_global_fn.norm_0.weight (ndim=1)
	module.graph_network.1.update_global_fn.norm_0.bias (ndim=1)
	module.graph_network.2.update_edge_fn.dense_0.bias (ndim=1)
	module.graph_network.2.update_edge_fn.norm_0.weight (ndim=1)
	module.graph_network.2.update_edge_fn.norm_0.bias (ndim=1)
	module.graph_network.2.update_node_fn.dense_0.bias (ndim=1)
	module.graph_network.2.update_node_fn.norm_0.weight (ndim=1)
	module.graph_network.2.update_node_fn.norm_0.bias (ndim=1)
	module.graph_network.2.update_global_fn.dense_0.bias (ndim=1)
	module.graph_network.2.update_global_fn.norm_0.weight (ndim=1)
	module.graph_network.2.update_global_fn.norm_0.bias (ndim=1)
	module.graph_network.3.update_edge_fn.dense_0.bias (ndim=1)
	module.graph_network.3.update_edge_fn.norm_0.weight (ndim=1)
	module.graph_network.3.update_edge_fn.norm_0.bias (ndim=1)
	module.graph_network.3.update_node_fn.dense_0.bias (ndim=1)
	module.graph_network.3.update_node_fn.norm_0.weight (ndim=1)
	module.graph_network.3.update_node_fn.norm_0.bias (ndim=1)
	module.graph_network.3.update_global_fn.dense_0.bias (ndim=1)
	module.graph_network.3.update_global_fn.norm_0.weight (ndim=1)
	module.graph_network.3.update_global_fn.norm_0.bias (ndim=1)
	module.graph_network.4.update_edge_fn.dense_0.bias (ndim=1)
	module.graph_network.4.update_edge_fn.norm_0.weight (ndim=1)
	module.graph_network.4.update_edge_fn.norm_0.bias (ndim=1)
	module.graph_network.4.update_node_fn.dense_0.bias (ndim=1)
	module.graph_network.4.update_node_fn.norm_0.weight (ndim=1)
	module.graph_network.4.update_node_fn.norm_0.bias (ndim=1)
	module.graph_network.4.update_global_fn.dense_0.bias (ndim=1)
	module.graph_network.4.update_global_fn.norm_0.weight (ndim=1)
	module.graph_network.4.update_global_fn.norm_0.bias (ndim=1)
	module.decoder.bias (ndim=1)
I0523 11:33:00.322614 140376553505984 muon.py:324] Muon params:
	module.node_embedder.weight (ndim=2)
	module.edge_embedder.weight (ndim=2)
	module.graph_network.0.update_edge_fn.dense_0.weight (ndim=2)
	module.graph_network.0.update_node_fn.dense_0.weight (ndim=2)
	module.graph_network.0.update_global_fn.dense_0.weight (ndim=2)
	module.graph_network.1.update_edge_fn.dense_0.weight (ndim=2)
	module.graph_network.1.update_node_fn.dense_0.weight (ndim=2)
	module.graph_network.1.update_global_fn.dense_0.weight (ndim=2)
	module.graph_network.2.update_edge_fn.dense_0.weight (ndim=2)
	module.graph_network.2.update_node_fn.dense_0.weight (ndim=2)
	module.graph_network.2.update_global_fn.dense_0.weight (ndim=2)
	module.graph_network.3.update_edge_fn.dense_0.weight (ndim=2)
	module.graph_network.3.update_node_fn.dense_0.weight (ndim=2)
	module.graph_network.3.update_global_fn.dense_0.weight (ndim=2)
	module.graph_network.4.update_edge_fn.dense_0.weight (ndim=2)
	module.graph_network.4.update_node_fn.dense_0.weight (ndim=2)
	module.graph_network.4.update_global_fn.dense_0.weight (ndim=2)
	module.decoder.weight (ndim=2)
I0523 11:33:00.322702 140376553505984 muon.py:325] Adam params:
	module.node_embedder.bias (ndim=1)
	module.edge_embedder.bias (ndim=1)
	module.graph_network.0.update_edge_fn.dense_0.bias (ndim=1)
	module.graph_network.0.update_edge_fn.norm_0.weight (ndim=1)
	module.graph_network.0.update_edge_fn.norm_0.bias (ndim=1)
	module.graph_network.0.update_node_fn.dense_0.bias (ndim=1)
	module.graph_network.0.update_node_fn.norm_0.weight (ndim=1)
	module.graph_network.0.update_node_fn.norm_0.bias (ndim=1)
	module.graph_network.0.update_global_fn.dense_0.bias (ndim=1)
	module.graph_network.0.update_global_fn.norm_0.weight (ndim=1)
	module.graph_network.0.update_global_fn.norm_0.bias (ndim=1)
	module.graph_network.1.update_edge_fn.dense_0.bias (ndim=1)
	module.graph_network.1.update_edge_fn.norm_0.weight (ndim=1)
	module.graph_network.1.update_edge_fn.norm_0.bias (ndim=1)
	module.graph_network.1.update_node_fn.dense_0.bias (ndim=1)
	module.graph_network.1.update_node_fn.norm_0.weight (ndim=1)
	module.graph_network.1.update_node_fn.norm_0.bias (ndim=1)
	module.graph_network.1.update_global_fn.dense_0.bias (ndim=1)
	module.graph_network.1.update_global_fn.norm_0.weight (ndim=1)
	module.graph_network.1.update_global_fn.norm_0.bias (ndim=1)
	module.graph_network.2.update_edge_fn.dense_0.bias (ndim=1)
	module.graph_network.2.update_edge_fn.norm_0.weight (ndim=1)
	module.graph_network.2.update_edge_fn.norm_0.bias (ndim=1)
	module.graph_network.2.update_node_fn.dense_0.bias (ndim=1)
	module.graph_network.2.update_node_fn.norm_0.weight (ndim=1)
	module.graph_network.2.update_node_fn.norm_0.bias (ndim=1)
	module.graph_network.2.update_global_fn.dense_0.bias (ndim=1)
	module.graph_network.2.update_global_fn.norm_0.weight (ndim=1)
	module.graph_network.2.update_global_fn.norm_0.bias (ndim=1)
	module.graph_network.3.update_edge_fn.dense_0.bias (ndim=1)
	module.graph_network.3.update_edge_fn.norm_0.weight (ndim=1)
	module.graph_network.3.update_edge_fn.norm_0.bias (ndim=1)
	module.graph_network.3.update_node_fn.dense_0.bias (ndim=1)
	module.graph_network.3.update_node_fn.norm_0.weight (ndim=1)
	module.graph_network.3.update_node_fn.norm_0.bias (ndim=1)
	module.graph_network.3.update_global_fn.dense_0.bias (ndim=1)
	module.graph_network.3.update_global_fn.norm_0.weight (ndim=1)
	module.graph_network.3.update_global_fn.norm_0.bias (ndim=1)
	module.graph_network.4.update_edge_fn.dense_0.bias (ndim=1)
	module.graph_network.4.update_edge_fn.norm_0.weight (ndim=1)
	module.graph_network.4.update_edge_fn.norm_0.bias (ndim=1)
	module.graph_network.4.update_node_fn.dense_0.bias (ndim=1)
	module.graph_network.4.update_node_fn.norm_0.weight (ndim=1)
	module.graph_network.4.update_node_fn.norm_0.bias (ndim=1)
	module.graph_network.4.update_global_fn.dense_0.bias (ndim=1)
	module.graph_network.4.update_global_fn.norm_0.weight (ndim=1)
	module.graph_network.4.update_global_fn.norm_0.bias (ndim=1)
	module.decoder.bias (ndim=1)
I0523 11:33:00.323723 140376553505984 submission_runner.py:299] Initializing metrics bundle.
I0523 11:33:00.323891 140376553505984 submission_runner.py:321] Initializing checkpoint and logger.
I0523 11:33:00.327245 140376553505984 submission_runner.py:344] Saving meta data to /experiment_runs/submissions_a100/muon_torch/study_0/ogbg_pytorch/trial_1/meta_data_0.json.
I0523 11:33:00.327305 139973843268800 logger_utils.py:283] Unable to record workload.train_mean information. Continuing without it.
I0523 11:33:00.327316 140205813867712 logger_utils.py:283] Unable to record workload.train_mean information. Continuing without it.
I0523 11:33:00.327350 140442639746240 logger_utils.py:283] Unable to record workload.train_mean information. Continuing without it.
I0523 11:33:00.327404 139973843268800 logger_utils.py:283] Unable to record workload.train_stddev information. Continuing without it.
I0523 11:33:00.327409 140205813867712 logger_utils.py:283] Unable to record workload.train_stddev information. Continuing without it.
I0523 11:33:00.327441 140376553505984 logger_utils.py:283] Unable to record workload.train_mean information. Continuing without it.
I0523 11:33:00.327454 140442639746240 logger_utils.py:283] Unable to record workload.train_stddev information. Continuing without it.
I0523 11:33:00.327518 140376553505984 logger_utils.py:283] Unable to record workload.train_stddev information. Continuing without it.
I0523 11:33:00.603764 140376553505984 submission_runner.py:348] Saving flags to /experiment_runs/submissions_a100/muon_torch/study_0/ogbg_pytorch/trial_1/flags_0.json.
I0523 11:33:00.652085 140376553505984 submission_runner.py:359] Starting training loop.
I0523 11:33:01.181250 140376553505984 dataset_info.py:707] Load dataset info from /data/ogbg/ogbg_molpcba/0.1.3
I0523 11:33:01.225118 140376553505984 reader.py:262] Creating a tf.data.Dataset reading 8 files located in folders: /data/ogbg/ogbg_molpcba/0.1.3.
WARNING:tensorflow:From /usr/local/lib/python3.11/site-packages/tensorflow_datasets/core/reader.py:102: CounterV2 (from tensorflow.python.data.experimental.ops.counter) is deprecated and will be removed in a future version.
Instructions for updating:
Use `tf.data.Dataset.counter(...)` instead.
W0523 11:33:01.324700 140376553505984 deprecation.py:50] From /usr/local/lib/python3.11/site-packages/tensorflow_datasets/core/reader.py:102: CounterV2 (from tensorflow.python.data.experimental.ops.counter) is deprecated and will be removed in a future version.
Instructions for updating:
Use `tf.data.Dataset.counter(...)` instead.
I0523 11:33:01.441252 140376553505984 logging_logger.py:49] Constructing tf.data.Dataset ogbg_molpcba for split train, from /data/ogbg/ogbg_molpcba/0.1.3
I0523 11:33:27.466298 140376553505984 spec.py:333] Evaluating on the training split.
I0523 11:33:27.469991 140376553505984 dataset_info.py:707] Load dataset info from /data/ogbg/ogbg_molpcba/0.1.3
I0523 11:33:27.473353 140376553505984 reader.py:262] Creating a tf.data.Dataset reading 8 files located in folders: /data/ogbg/ogbg_molpcba/0.1.3.
I0523 11:33:27.536635 140376553505984 logging_logger.py:49] Constructing tf.data.Dataset ogbg_molpcba for split train, from /data/ogbg/ogbg_molpcba/0.1.3
I0523 11:33:58.282537 140376553505984 spec.py:346] Evaluating on the validation split.
I0523 11:33:58.284908 140376553505984 dataset_info.py:707] Load dataset info from /data/ogbg/ogbg_molpcba/0.1.3
I0523 11:33:58.288228 140376553505984 reader.py:262] Creating a tf.data.Dataset reading 1 files located in folders: /data/ogbg/ogbg_molpcba/0.1.3.
I0523 11:33:58.349958 140376553505984 logging_logger.py:49] Constructing tf.data.Dataset ogbg_molpcba for split validation, from /data/ogbg/ogbg_molpcba/0.1.3
I0523 11:34:17.322844 140376553505984 spec.py:363] Evaluating on the test split.
I0523 11:34:17.325421 140376553505984 dataset_info.py:707] Load dataset info from /data/ogbg/ogbg_molpcba/0.1.3
I0523 11:34:17.328814 140376553505984 reader.py:262] Creating a tf.data.Dataset reading 1 files located in folders: /data/ogbg/ogbg_molpcba/0.1.3.
I0523 11:34:17.391995 140376553505984 logging_logger.py:49] Constructing tf.data.Dataset ogbg_molpcba for split test, from /data/ogbg/ogbg_molpcba/0.1.3
I0523 11:34:35.905713 140376553505984 submission_runner.py:516] Time since start: 95.25s, 	Step: 1, 	{'train/accuracy': 0.5139644908605896, 'train/loss': 0.7579549183518415, 'train/mean_average_precision': 0.020864614468452197, 'validation/accuracy': 0.5231715940494709, 'validation/loss': 0.751313013697518, 'validation/mean_average_precision': 0.02618328050006144, 'validation/num_examples': 43793, 'test/accuracy': 0.5226801427513752, 'test/loss': 0.7510258044083794, 'test/mean_average_precision': 0.02731759384865982, 'test/num_examples': 43793, 'score': 26.346946477890015, 'total_duration': 95.25360226631165, 'accumulated_submission_time': 26.346946477890015, 'accumulated_eval_time': 68.43934321403503, 'accumulated_logging_time': 0}
I0523 11:34:35.938897 140342988551936 logging_writer.py:48] [1] accumulated_eval_time=68.4393, accumulated_logging_time=0, accumulated_submission_time=26.3469, global_step=1, preemption_count=0, score=26.3469, test/accuracy=0.52268, test/loss=0.751026, test/mean_average_precision=0.0273176, test/num_examples=43793, total_duration=95.2536, train/accuracy=0.513964, train/loss=0.757955, train/mean_average_precision=0.0208646, validation/accuracy=0.523172, validation/loss=0.751313, validation/mean_average_precision=0.0261833, validation/num_examples=43793
I0523 11:42:08.376093 140376553505984 spec.py:333] Evaluating on the training split.
I0523 11:42:34.986215 140376553505984 spec.py:346] Evaluating on the validation split.
I0523 11:42:37.001965 140376553505984 spec.py:363] Evaluating on the test split.
I0523 11:42:39.011962 140376553505984 submission_runner.py:516] Time since start: 578.36s, 	Step: 1945, 	{'train/accuracy': 0.9883120152601226, 'train/loss': 0.0405237272192064, 'train/mean_average_precision': 0.19602040631878198, 'validation/accuracy': 0.9854808906958846, 'validation/loss': 0.050426002593046027, 'validation/mean_average_precision': 0.1711007153690219, 'validation/num_examples': 43793, 'test/accuracy': 0.9845886127393052, 'test/loss': 0.05323026195125834, 'test/mean_average_precision': 0.17710099781881727, 'test/num_examples': 43793, 'score': 477.3165102005005, 'total_duration': 578.3598818778992, 'accumulated_submission_time': 477.3165102005005, 'accumulated_eval_time': 99.07515549659729, 'accumulated_logging_time': 0.07633185386657715}
I0523 11:42:39.053984 140342996944640 logging_writer.py:48] [1945] accumulated_eval_time=99.0752, accumulated_logging_time=0.0763319, accumulated_submission_time=477.317, global_step=1945, preemption_count=0, score=477.317, test/accuracy=0.984589, test/loss=0.0532303, test/mean_average_precision=0.177101, test/num_examples=43793, total_duration=578.36, train/accuracy=0.988312, train/loss=0.0405237, train/mean_average_precision=0.19602, validation/accuracy=0.985481, validation/loss=0.050426, validation/mean_average_precision=0.171101, validation/num_examples=43793
I0523 11:50:11.517886 140376553505984 spec.py:333] Evaluating on the training split.
I0523 11:50:37.818082 140376553505984 spec.py:346] Evaluating on the validation split.
I0523 11:50:39.799377 140376553505984 spec.py:363] Evaluating on the test split.
I0523 11:50:41.835084 140376553505984 submission_runner.py:516] Time since start: 1061.18s, 	Step: 3878, 	{'train/accuracy': 0.9893871557088846, 'train/loss': 0.03516681798727814, 'train/mean_average_precision': 0.31450054893334894, 'validation/accuracy': 0.9862448406989696, 'validation/loss': 0.046343039048520974, 'validation/mean_average_precision': 0.23644557725485624, 'validation/num_examples': 43793, 'test/accuracy': 0.9852952943762797, 'test/loss': 0.04922941550205982, 'test/mean_average_precision': 0.23235227486680587, 'test/num_examples': 43793, 'score': 928.3457877635956, 'total_duration': 1061.1829991340637, 'accumulated_submission_time': 928.3457877635956, 'accumulated_eval_time': 129.39229154586792, 'accumulated_logging_time': 0.12882542610168457}
I0523 11:50:41.877403 140342988551936 logging_writer.py:48] [3878] accumulated_eval_time=129.392, accumulated_logging_time=0.128825, accumulated_submission_time=928.346, global_step=3878, preemption_count=0, score=928.346, test/accuracy=0.985295, test/loss=0.0492294, test/mean_average_precision=0.232352, test/num_examples=43793, total_duration=1061.18, train/accuracy=0.989387, train/loss=0.0351668, train/mean_average_precision=0.314501, validation/accuracy=0.986245, validation/loss=0.046343, validation/mean_average_precision=0.236446, validation/num_examples=43793
I0523 11:58:14.295525 140376553505984 spec.py:333] Evaluating on the training split.
I0523 11:58:40.785509 140376553505984 spec.py:346] Evaluating on the validation split.
I0523 11:58:42.741721 140376553505984 spec.py:363] Evaluating on the test split.
I0523 11:58:44.742611 140376553505984 submission_runner.py:516] Time since start: 1544.09s, 	Step: 5802, 	{'train/accuracy': 0.9902772362690994, 'train/loss': 0.0325199088862197, 'train/mean_average_precision': 0.3525015423132043, 'validation/accuracy': 0.98673885087631, 'validation/loss': 0.04460165761319612, 'validation/mean_average_precision': 0.2588469696134872, 'validation/num_examples': 43793, 'test/accuracy': 0.9858415196940128, 'test/loss': 0.04738374997578415, 'test/mean_average_precision': 0.25911428559280814, 'test/num_examples': 43793, 'score': 1379.332411289215, 'total_duration': 1544.0905258655548, 'accumulated_submission_time': 1379.332411289215, 'accumulated_eval_time': 159.8393201828003, 'accumulated_logging_time': 0.18178558349609375}
I0523 11:58:44.786138 140342996944640 logging_writer.py:48] [5802] accumulated_eval_time=159.839, accumulated_logging_time=0.181786, accumulated_submission_time=1379.33, global_step=5802, preemption_count=0, score=1379.33, test/accuracy=0.985842, test/loss=0.0473837, test/mean_average_precision=0.259114, test/num_examples=43793, total_duration=1544.09, train/accuracy=0.990277, train/loss=0.0325199, train/mean_average_precision=0.352502, validation/accuracy=0.986739, validation/loss=0.0446017, validation/mean_average_precision=0.258847, validation/num_examples=43793
I0523 12:06:17.288036 140376553505984 spec.py:333] Evaluating on the training split.
I0523 12:06:43.818098 140376553505984 spec.py:346] Evaluating on the validation split.
I0523 12:06:45.841083 140376553505984 spec.py:363] Evaluating on the test split.
I0523 12:06:47.821205 140376553505984 submission_runner.py:516] Time since start: 2027.17s, 	Step: 7724, 	{'train/accuracy': 0.9910450929424656, 'train/loss': 0.02991319350606595, 'train/mean_average_precision': 0.4213825299285667, 'validation/accuracy': 0.9870713030827534, 'validation/loss': 0.04339783761962596, 'validation/mean_average_precision': 0.28655926415682537, 'validation/num_examples': 43793, 'test/accuracy': 0.9861420067905451, 'test/loss': 0.046275815674013406, 'test/mean_average_precision': 0.2680967994640767, 'test/num_examples': 43793, 'score': 1830.406593322754, 'total_duration': 2027.1691586971283, 'accumulated_submission_time': 1830.406593322754, 'accumulated_eval_time': 190.3724548816681, 'accumulated_logging_time': 0.23586440086364746}
I0523 12:06:47.863719 140342988551936 logging_writer.py:48] [7724] accumulated_eval_time=190.372, accumulated_logging_time=0.235864, accumulated_submission_time=1830.41, global_step=7724, preemption_count=0, score=1830.41, test/accuracy=0.986142, test/loss=0.0462758, test/mean_average_precision=0.268097, test/num_examples=43793, total_duration=2027.17, train/accuracy=0.991045, train/loss=0.0299132, train/mean_average_precision=0.421383, validation/accuracy=0.987071, validation/loss=0.0433978, validation/mean_average_precision=0.286559, validation/num_examples=43793
I0523 12:14:20.349128 140376553505984 spec.py:333] Evaluating on the training split.
I0523 12:14:46.949999 140376553505984 spec.py:346] Evaluating on the validation split.
I0523 12:14:48.948202 140376553505984 spec.py:363] Evaluating on the test split.
I0523 12:14:50.967679 140376553505984 submission_runner.py:516] Time since start: 2510.32s, 	Step: 9643, 	{'train/accuracy': 0.9914269542494053, 'train/loss': 0.028319488761223328, 'train/mean_average_precision': 0.46242472870351353, 'validation/accuracy': 0.98724179139375, 'validation/loss': 0.04321862193080448, 'validation/mean_average_precision': 0.2937916287114694, 'validation/num_examples': 43793, 'test/accuracy': 0.9862993045208253, 'test/loss': 0.04607170831336403, 'test/mean_average_precision': 0.2714593981779263, 'test/num_examples': 43793, 'score': 2281.462235212326, 'total_duration': 2510.3156445026398, 'accumulated_submission_time': 2281.462235212326, 'accumulated_eval_time': 220.99098539352417, 'accumulated_logging_time': 0.2897815704345703}
I0523 12:14:51.008782 140342996944640 logging_writer.py:48] [9643] accumulated_eval_time=220.991, accumulated_logging_time=0.289782, accumulated_submission_time=2281.46, global_step=9643, preemption_count=0, score=2281.46, test/accuracy=0.986299, test/loss=0.0460717, test/mean_average_precision=0.271459, test/num_examples=43793, total_duration=2510.32, train/accuracy=0.991427, train/loss=0.0283195, train/mean_average_precision=0.462425, validation/accuracy=0.987242, validation/loss=0.0432186, validation/mean_average_precision=0.293792, validation/num_examples=43793
I0523 12:14:51.490563 140342988551936 logging_writer.py:48] [9643] global_step=9643, preemption_count=0, score=2281.46
I0523 12:14:51.586505 140376553505984 submission_runner.py:857] Final ogbg score: 2281.462235212326
