torchrun --redirects 1:0,2:0,3:0 --standalone --nnodes=1 --nproc_per_node=4 submission_runner.py --framework=pytorch --workload=criteo1tb --submission_path=submissions_algorithms/submissions/self_tuning/muon_torch_jax_hps_achandr/submission.py --data_dir=/data/criteo1tb --experiment_dir=/experiment_runs --experiment_name=submissions_a100/muon_torch_jax_hps_achandr/study_2 --overwrite=True --save_checkpoints=False --rng_seed=815769835 --torch_compile=true --tuning_ruleset=self 2>&1 | tee -a /logs/criteo1tb_pytorch_06-04-2026-02-13-25.log
W0604 02:13:27.131000 9 site-packages/torch/distributed/run.py:803] 
W0604 02:13:27.131000 9 site-packages/torch/distributed/run.py:803] *****************************************
W0604 02:13:27.131000 9 site-packages/torch/distributed/run.py:803] Setting OMP_NUM_THREADS environment variable for each process to be 1 in default, to avoid your system being overloaded, please further tune the variable for optimal performance in your application as needed. 
W0604 02:13:27.131000 9 site-packages/torch/distributed/run.py:803] *****************************************
2026-06-04 02:13:28.709749: E external/local_xla/xla/stream_executor/cuda/cuda_fft.cc:467] Unable to register cuFFT factory: Attempting to register factory for plugin cuFFT when one has already been registered
2026-06-04 02:13:28.709751: E external/local_xla/xla/stream_executor/cuda/cuda_fft.cc:467] Unable to register cuFFT factory: Attempting to register factory for plugin cuFFT when one has already been registered
2026-06-04 02:13:28.709749: E external/local_xla/xla/stream_executor/cuda/cuda_fft.cc:467] Unable to register cuFFT factory: Attempting to register factory for plugin cuFFT when one has already been registered
2026-06-04 02:13:28.709749: E external/local_xla/xla/stream_executor/cuda/cuda_fft.cc:467] Unable to register cuFFT factory: Attempting to register factory for plugin cuFFT when one has already been registered
WARNING: All log messages before absl::InitializeLog() is called are written to STDERR
WARNING: All log messages before absl::InitializeLog() is called are written to STDERR
WARNING: All log messages before absl::InitializeLog() is called are written to STDERR
WARNING: All log messages before absl::InitializeLog() is called are written to STDERR
E0000 00:00:1780539208.734337      39 cuda_dnn.cc:8579] Unable to register cuDNN factory: Attempting to register factory for plugin cuDNN when one has already been registered
E0000 00:00:1780539208.734337      38 cuda_dnn.cc:8579] Unable to register cuDNN factory: Attempting to register factory for plugin cuDNN when one has already been registered
E0000 00:00:1780539208.734337      41 cuda_dnn.cc:8579] Unable to register cuDNN factory: Attempting to register factory for plugin cuDNN when one has already been registered
E0000 00:00:1780539208.734338      40 cuda_dnn.cc:8579] Unable to register cuDNN factory: Attempting to register factory for plugin cuDNN when one has already been registered
E0000 00:00:1780539208.742441      38 cuda_blas.cc:1407] Unable to register cuBLAS factory: Attempting to register factory for plugin cuBLAS when one has already been registered
E0000 00:00:1780539208.742440      40 cuda_blas.cc:1407] Unable to register cuBLAS factory: Attempting to register factory for plugin cuBLAS when one has already been registered
E0000 00:00:1780539208.742438      41 cuda_blas.cc:1407] Unable to register cuBLAS factory: Attempting to register factory for plugin cuBLAS when one has already been registered
E0000 00:00:1780539208.742441      39 cuda_blas.cc:1407] Unable to register cuBLAS factory: Attempting to register factory for plugin cuBLAS when one has already been registered
W0000 00:00:1780539208.769181      38 computation_placer.cc:177] computation placer already registered. Please check linkage and avoid linking the same target more than once.
W0000 00:00:1780539208.769180      41 computation_placer.cc:177] computation placer already registered. Please check linkage and avoid linking the same target more than once.
W0000 00:00:1780539208.769180      39 computation_placer.cc:177] computation placer already registered. Please check linkage and avoid linking the same target more than once.
W0000 00:00:1780539208.769181      40 computation_placer.cc:177] computation placer already registered. Please check linkage and avoid linking the same target more than once.
W0000 00:00:1780539208.769209      41 computation_placer.cc:177] computation placer already registered. Please check linkage and avoid linking the same target more than once.
W0000 00:00:1780539208.769209      39 computation_placer.cc:177] computation placer already registered. Please check linkage and avoid linking the same target more than once.
W0000 00:00:1780539208.769211      40 computation_placer.cc:177] computation placer already registered. Please check linkage and avoid linking the same target more than once.
W0000 00:00:1780539208.769211      41 computation_placer.cc:177] computation placer already registered. Please check linkage and avoid linking the same target more than once.
W0000 00:00:1780539208.769212      39 computation_placer.cc:177] computation placer already registered. Please check linkage and avoid linking the same target more than once.
W0000 00:00:1780539208.769213      40 computation_placer.cc:177] computation placer already registered. Please check linkage and avoid linking the same target more than once.
W0000 00:00:1780539208.769213      41 computation_placer.cc:177] computation placer already registered. Please check linkage and avoid linking the same target more than once.
W0000 00:00:1780539208.769214      39 computation_placer.cc:177] computation placer already registered. Please check linkage and avoid linking the same target more than once.
W0000 00:00:1780539208.769214      38 computation_placer.cc:177] computation placer already registered. Please check linkage and avoid linking the same target more than once.
W0000 00:00:1780539208.769215      40 computation_placer.cc:177] computation placer already registered. Please check linkage and avoid linking the same target more than once.
W0000 00:00:1780539208.769217      38 computation_placer.cc:177] computation placer already registered. Please check linkage and avoid linking the same target more than once.
W0000 00:00:1780539208.769219      38 computation_placer.cc:177] computation placer already registered. Please check linkage and avoid linking the same target more than once.
W0000 00:00:1780539214.484407      39 gpu_device.cc:2341] Cannot dlopen some GPU libraries. Please make sure the missing libraries mentioned above are installed properly if you would like to use GPU. Follow the guide at https://www.tensorflow.org/install/gpu for how to download and setup the required libraries for your platform.
Skipping registering GPU devices...
W0000 00:00:1780539214.673356      40 gpu_device.cc:2341] Cannot dlopen some GPU libraries. Please make sure the missing libraries mentioned above are installed properly if you would like to use GPU. Follow the guide at https://www.tensorflow.org/install/gpu for how to download and setup the required libraries for your platform.
Skipping registering GPU devices...
W0000 00:00:1780539214.776403      38 gpu_device.cc:2341] Cannot dlopen some GPU libraries. Please make sure the missing libraries mentioned above are installed properly if you would like to use GPU. Follow the guide at https://www.tensorflow.org/install/gpu for how to download and setup the required libraries for your platform.
Skipping registering GPU devices...
/usr/local/lib/python3.11/site-packages/torch/__init__.py:1617: UserWarning: Please use the new API settings to control TF32 behavior, such as torch.backends.cudnn.conv.fp32_precision = 'tf32' or torch.backends.cuda.matmul.fp32_precision = 'ieee'. Old settings, e.g, torch.backends.cuda.matmul.allow_tf32 = True, torch.backends.cudnn.allow_tf32 = True, allowTF32CuDNN() and allowTF32CuBLAS() will be deprecated after Pytorch 2.9. Please see https://pytorch.org/docs/main/notes/cuda.html#tensorfloat-32-tf32-on-ampere-and-later-devices (Triggered internally at /pytorch/aten/src/ATen/Context.cpp:80.)
  _C._set_float32_matmul_precision(precision)
W0000 00:00:1780539214.982916      41 gpu_device.cc:2341] Cannot dlopen some GPU libraries. Please make sure the missing libraries mentioned above are installed properly if you would like to use GPU. Follow the guide at https://www.tensorflow.org/install/gpu for how to download and setup the required libraries for your platform.
Skipping registering GPU devices...
/usr/local/lib/python3.11/site-packages/torch/__init__.py:1617: UserWarning: Please use the new API settings to control TF32 behavior, such as torch.backends.cudnn.conv.fp32_precision = 'tf32' or torch.backends.cuda.matmul.fp32_precision = 'ieee'. Old settings, e.g, torch.backends.cuda.matmul.allow_tf32 = True, torch.backends.cudnn.allow_tf32 = True, allowTF32CuDNN() and allowTF32CuBLAS() will be deprecated after Pytorch 2.9. Please see https://pytorch.org/docs/main/notes/cuda.html#tensorfloat-32-tf32-on-ampere-and-later-devices (Triggered internally at /pytorch/aten/src/ATen/Context.cpp:80.)
  _C._set_float32_matmul_precision(precision)
/usr/local/lib/python3.11/site-packages/torch/__init__.py:1617: UserWarning: Please use the new API settings to control TF32 behavior, such as torch.backends.cudnn.conv.fp32_precision = 'tf32' or torch.backends.cuda.matmul.fp32_precision = 'ieee'. Old settings, e.g, torch.backends.cuda.matmul.allow_tf32 = True, torch.backends.cudnn.allow_tf32 = True, allowTF32CuDNN() and allowTF32CuBLAS() will be deprecated after Pytorch 2.9. Please see https://pytorch.org/docs/main/notes/cuda.html#tensorfloat-32-tf32-on-ampere-and-later-devices (Triggered internally at /pytorch/aten/src/ATen/Context.cpp:80.)
  _C._set_float32_matmul_precision(precision)
/usr/local/lib/python3.11/site-packages/torch/__init__.py:1617: UserWarning: Please use the new API settings to control TF32 behavior, such as torch.backends.cudnn.conv.fp32_precision = 'tf32' or torch.backends.cuda.matmul.fp32_precision = 'ieee'. Old settings, e.g, torch.backends.cuda.matmul.allow_tf32 = True, torch.backends.cudnn.allow_tf32 = True, allowTF32CuDNN() and allowTF32CuBLAS() will be deprecated after Pytorch 2.9. Please see https://pytorch.org/docs/main/notes/cuda.html#tensorfloat-32-tf32-on-ampere-and-later-devices (Triggered internally at /pytorch/aten/src/ATen/Context.cpp:80.)
  _C._set_float32_matmul_precision(precision)
/usr/local/lib/python3.11/site-packages/pydantic/_internal/_generate_schema.py:2249: UnsupportedFieldAttributeWarning: The 'repr' attribute with value False was provided to the `Field()` function, which has no effect in the context it was used. 'repr' is field-specific metadata, and can only be attached to a model field using `Annotated` metadata or by assignment. This may have happened because an `Annotated` type alias using the `type` statement was used, or if the `Field()` function was attached to a single member of a union type.
  warnings.warn(
/usr/local/lib/python3.11/site-packages/pydantic/_internal/_generate_schema.py:2249: UnsupportedFieldAttributeWarning: The 'frozen' attribute with value True was provided to the `Field()` function, which has no effect in the context it was used. 'frozen' is field-specific metadata, and can only be attached to a model field using `Annotated` metadata or by assignment. This may have happened because an `Annotated` type alias using the `type` statement was used, or if the `Field()` function was attached to a single member of a union type.
  warnings.warn(
/usr/local/lib/python3.11/site-packages/pydantic/_internal/_generate_schema.py:2249: UnsupportedFieldAttributeWarning: The 'repr' attribute with value False was provided to the `Field()` function, which has no effect in the context it was used. 'repr' is field-specific metadata, and can only be attached to a model field using `Annotated` metadata or by assignment. This may have happened because an `Annotated` type alias using the `type` statement was used, or if the `Field()` function was attached to a single member of a union type.
  warnings.warn(
/usr/local/lib/python3.11/site-packages/pydantic/_internal/_generate_schema.py:2249: UnsupportedFieldAttributeWarning: The 'frozen' attribute with value True was provided to the `Field()` function, which has no effect in the context it was used. 'frozen' is field-specific metadata, and can only be attached to a model field using `Annotated` metadata or by assignment. This may have happened because an `Annotated` type alias using the `type` statement was used, or if the `Field()` function was attached to a single member of a union type.
  warnings.warn(
/usr/local/lib/python3.11/site-packages/pydantic/_internal/_generate_schema.py:2249: UnsupportedFieldAttributeWarning: The 'repr' attribute with value False was provided to the `Field()` function, which has no effect in the context it was used. 'repr' is field-specific metadata, and can only be attached to a model field using `Annotated` metadata or by assignment. This may have happened because an `Annotated` type alias using the `type` statement was used, or if the `Field()` function was attached to a single member of a union type.
  warnings.warn(
/usr/local/lib/python3.11/site-packages/pydantic/_internal/_generate_schema.py:2249: UnsupportedFieldAttributeWarning: The 'frozen' attribute with value True was provided to the `Field()` function, which has no effect in the context it was used. 'frozen' is field-specific metadata, and can only be attached to a model field using `Annotated` metadata or by assignment. This may have happened because an `Annotated` type alias using the `type` statement was used, or if the `Field()` function was attached to a single member of a union type.
  warnings.warn(
/usr/local/lib/python3.11/site-packages/pydantic/_internal/_generate_schema.py:2249: UnsupportedFieldAttributeWarning: The 'repr' attribute with value False was provided to the `Field()` function, which has no effect in the context it was used. 'repr' is field-specific metadata, and can only be attached to a model field using `Annotated` metadata or by assignment. This may have happened because an `Annotated` type alias using the `type` statement was used, or if the `Field()` function was attached to a single member of a union type.
  warnings.warn(
/usr/local/lib/python3.11/site-packages/pydantic/_internal/_generate_schema.py:2249: UnsupportedFieldAttributeWarning: The 'frozen' attribute with value True was provided to the `Field()` function, which has no effect in the context it was used. 'frozen' is field-specific metadata, and can only be attached to a model field using `Annotated` metadata or by assignment. This may have happened because an `Annotated` type alias using the `type` statement was used, or if the `Field()` function was attached to a single member of a union type.
  warnings.warn(
I0604 02:13:36.618236 139768282641600 logger_utils.py:59] Removing existing experiment directory /experiment_runs/submissions_a100/muon_torch_jax_hps_achandr/study_2/criteo1tb_pytorch because --overwrite was set.
I0604 02:13:36.618252 139880663086272 logger_utils.py:59] Removing existing experiment directory /experiment_runs/submissions_a100/muon_torch_jax_hps_achandr/study_2/criteo1tb_pytorch because --overwrite was set.
/usr/local/lib/python3.11/site-packages/torch/distributed/distributed_c10d.py:4876: UserWarning: barrier(): using the device under current context. You can specify `device_id` in `init_process_group` to mute this warning.
  warnings.warn(  # warn only once
[rank0]:[W604 02:13:36.973544584 ProcessGroupNCCL.cpp:5068] Guessing device ID based on global rank. This can cause a hang if rank to GPU mapping is heterogeneous. You can specify device_id in init_process_group()
I0604 02:13:37.361907 139768282641600 logger_utils.py:84] Creating experiment directory at /experiment_runs/submissions_a100/muon_torch_jax_hps_achandr/study_2/criteo1tb_pytorch.
I0604 02:13:37.361919 140652743050432 logger_utils.py:84] Creating experiment directory at /experiment_runs/submissions_a100/muon_torch_jax_hps_achandr/study_2/criteo1tb_pytorch.
I0604 02:13:37.361920 140393013789888 logger_utils.py:84] Creating experiment directory at /experiment_runs/submissions_a100/muon_torch_jax_hps_achandr/study_2/criteo1tb_pytorch.
I0604 02:13:37.361935 139880663086272 logger_utils.py:84] Creating experiment directory at /experiment_runs/submissions_a100/muon_torch_jax_hps_achandr/study_2/criteo1tb_pytorch.
I0604 02:13:40.022662 139768282641600 submission_runner.py:741] Creating directory at /experiment_runs/submissions_a100/muon_torch_jax_hps_achandr/study_2/criteo1tb_pytorch/trial_1.
I0604 02:13:40.382810 139768282641600 submission_runner.py:242] Initializing dataset.
I0604 02:13:40.382995 139768282641600 submission_runner.py:251] Initializing model.
W0604 02:13:45.037064 139768282641600 submission_runner.py:273] These workloads cannot be fully compiled under current PyTorch version. Proceeding without `torch.compile`.
W0604 02:13:45.037068 140393013789888 submission_runner.py:273] These workloads cannot be fully compiled under current PyTorch version. Proceeding without `torch.compile`.
W0604 02:13:45.037086 140652743050432 submission_runner.py:273] These workloads cannot be fully compiled under current PyTorch version. Proceeding without `torch.compile`.
W0604 02:13:45.037096 139880663086272 submission_runner.py:273] These workloads cannot be fully compiled under current PyTorch version. Proceeding without `torch.compile`.
I0604 02:13:45.037240 139768282641600 submission_runner.py:294] Initializing optimizer.
I0604 02:13:45.037351 140393013789888 muon.py:324] Muon params:
	module.bot_mlp.0.weight (ndim=2)
	module.bot_mlp.2.weight (ndim=2)
	module.bot_mlp.4.weight (ndim=2)
	module.top_mlp.0.weight (ndim=2)
	module.top_mlp.2.weight (ndim=2)
	module.top_mlp.4.weight (ndim=2)
	module.top_mlp.6.weight (ndim=2)
	module.top_mlp.9.weight (ndim=2)
I0604 02:13:45.037369 140652743050432 muon.py:324] Muon params:
	module.bot_mlp.0.weight (ndim=2)
	module.bot_mlp.2.weight (ndim=2)
	module.bot_mlp.4.weight (ndim=2)
	module.top_mlp.0.weight (ndim=2)
	module.top_mlp.2.weight (ndim=2)
	module.top_mlp.4.weight (ndim=2)
	module.top_mlp.6.weight (ndim=2)
	module.top_mlp.9.weight (ndim=2)
I0604 02:13:45.037381 139880663086272 muon.py:324] Muon params:
	module.bot_mlp.0.weight (ndim=2)
	module.bot_mlp.2.weight (ndim=2)
	module.bot_mlp.4.weight (ndim=2)
	module.top_mlp.0.weight (ndim=2)
	module.top_mlp.2.weight (ndim=2)
	module.top_mlp.4.weight (ndim=2)
	module.top_mlp.6.weight (ndim=2)
	module.top_mlp.9.weight (ndim=2)
I0604 02:13:45.037414 139768282641600 muon.py:324] Muon params:
	module.bot_mlp.0.weight (ndim=2)
	module.bot_mlp.2.weight (ndim=2)
	module.bot_mlp.4.weight (ndim=2)
	module.top_mlp.0.weight (ndim=2)
	module.top_mlp.2.weight (ndim=2)
	module.top_mlp.4.weight (ndim=2)
	module.top_mlp.6.weight (ndim=2)
	module.top_mlp.9.weight (ndim=2)
I0604 02:13:45.037427 140393013789888 muon.py:325] Adam params:
	module.embedding_chunk_0 (ndim=2)
	module.embedding_chunk_1 (ndim=2)
	module.embedding_chunk_2 (ndim=2)
	module.embedding_chunk_3 (ndim=2)
	module.bot_mlp.0.bias (ndim=1)
	module.bot_mlp.2.bias (ndim=1)
	module.bot_mlp.4.bias (ndim=1)
	module.top_mlp.0.bias (ndim=1)
	module.top_mlp.2.bias (ndim=1)
	module.top_mlp.4.bias (ndim=1)
	module.top_mlp.6.bias (ndim=1)
	module.top_mlp.9.bias (ndim=1)
I0604 02:13:45.037435 140652743050432 muon.py:325] Adam params:
	module.embedding_chunk_0 (ndim=2)
	module.embedding_chunk_1 (ndim=2)
	module.embedding_chunk_2 (ndim=2)
	module.embedding_chunk_3 (ndim=2)
	module.bot_mlp.0.bias (ndim=1)
	module.bot_mlp.2.bias (ndim=1)
	module.bot_mlp.4.bias (ndim=1)
	module.top_mlp.0.bias (ndim=1)
	module.top_mlp.2.bias (ndim=1)
	module.top_mlp.4.bias (ndim=1)
	module.top_mlp.6.bias (ndim=1)
	module.top_mlp.9.bias (ndim=1)
I0604 02:13:45.037455 139880663086272 muon.py:325] Adam params:
	module.embedding_chunk_0 (ndim=2)
	module.embedding_chunk_1 (ndim=2)
	module.embedding_chunk_2 (ndim=2)
	module.embedding_chunk_3 (ndim=2)
	module.bot_mlp.0.bias (ndim=1)
	module.bot_mlp.2.bias (ndim=1)
	module.bot_mlp.4.bias (ndim=1)
	module.top_mlp.0.bias (ndim=1)
	module.top_mlp.2.bias (ndim=1)
	module.top_mlp.4.bias (ndim=1)
	module.top_mlp.6.bias (ndim=1)
	module.top_mlp.9.bias (ndim=1)
I0604 02:13:45.037492 139768282641600 muon.py:325] Adam params:
	module.embedding_chunk_0 (ndim=2)
	module.embedding_chunk_1 (ndim=2)
	module.embedding_chunk_2 (ndim=2)
	module.embedding_chunk_3 (ndim=2)
	module.bot_mlp.0.bias (ndim=1)
	module.bot_mlp.2.bias (ndim=1)
	module.bot_mlp.4.bias (ndim=1)
	module.top_mlp.0.bias (ndim=1)
	module.top_mlp.2.bias (ndim=1)
	module.top_mlp.4.bias (ndim=1)
	module.top_mlp.6.bias (ndim=1)
	module.top_mlp.9.bias (ndim=1)
I0604 02:13:45.038125 139768282641600 submission_runner.py:299] Initializing metrics bundle.
I0604 02:13:45.038300 139768282641600 submission_runner.py:321] Initializing checkpoint and logger.
I0604 02:13:45.039850 139768282641600 submission_runner.py:344] Saving meta data to /experiment_runs/submissions_a100/muon_torch_jax_hps_achandr/study_2/criteo1tb_pytorch/trial_1/meta_data_0.json.
I0604 02:13:45.039941 140652743050432 logger_utils.py:283] Unable to record workload.train_mean information. Continuing without it.
I0604 02:13:45.039962 139880663086272 logger_utils.py:283] Unable to record workload.train_mean information. Continuing without it.
I0604 02:13:45.039971 140393013789888 logger_utils.py:283] Unable to record workload.train_mean information. Continuing without it.
I0604 02:13:45.040052 139768282641600 logger_utils.py:283] Unable to record workload.train_mean information. Continuing without it.
I0604 02:13:45.040063 139880663086272 logger_utils.py:283] Unable to record workload.train_stddev information. Continuing without it.
I0604 02:13:45.040073 140652743050432 logger_utils.py:283] Unable to record workload.train_stddev information. Continuing without it.
I0604 02:13:45.040081 140393013789888 logger_utils.py:283] Unable to record workload.train_stddev information. Continuing without it.
I0604 02:13:45.040108 139768282641600 logger_utils.py:283] Unable to record workload.train_stddev information. Continuing without it.
I0604 02:13:45.256716 139768282641600 submission_runner.py:348] Saving flags to /experiment_runs/submissions_a100/muon_torch_jax_hps_achandr/study_2/criteo1tb_pytorch/trial_1/flags_0.json.
I0604 02:13:45.299789 139768282641600 submission_runner.py:359] Starting training loop.
I0604 02:13:49.820079 139768282641600 submission.py:197] 
=== DIAGNOSTICS [Step 0] ===
  • Muon LR:      0.003883970586  |  Grad Norm: 5.814254 (from 8 gradients)
  • NAdamW LR:    0.000135749518  |  Grad Norm: 0.678671 (from 12 gradients)
  • Muon Params:  8 total tensors
  • NAdamW Params:12 total tensors
========================================

I0604 02:14:11.426408 139768282641600 spec.py:333] Evaluating on the training split.
I0604 02:18:56.435415 139768282641600 spec.py:346] Evaluating on the validation split.
I0604 02:23:43.126942 139768282641600 spec.py:363] Evaluating on the test split.
I0604 02:28:55.375482 139768282641600 submission_runner.py:516] Time since start: 910.08s, 	Step: 1, 	{'train/loss': 0.5186825114094012, 'validation/loss': 0.5230809988208159, 'validation/num_examples': 83274637, 'test/loss': 0.5196011052258943, 'test/num_examples': 95000000, 'score': 25.693053483963013, 'total_duration': 910.0758345127106, 'accumulated_submission_time': 25.693053483963013, 'accumulated_eval_time': 883.9491400718689, 'accumulated_logging_time': 0}
I0604 02:28:55.397516 139726484797184 logging_writer.py:48] [1] accumulated_eval_time=883.949, accumulated_logging_time=0, accumulated_submission_time=25.6931, global_step=1, preemption_count=0, score=25.6931, test/loss=0.519601, test/num_examples=95000000, total_duration=910.076, train/loss=0.518683, validation/loss=0.523081, validation/num_examples=83274637
I0604 02:28:56.012840 139768282641600 submission.py:197] 
=== DIAGNOSTICS [Step 1] ===
  • Muon LR:      0.003883970502  |  Grad Norm: 5.711857 (from 8 gradients)
  • NAdamW LR:    0.000135749515  |  Grad Norm: 0.622238 (from 12 gradients)
  • Muon Params:  8 total tensors
  • NAdamW Params:12 total tensors
========================================

I0604 02:28:56.194271 139768282641600 submission.py:197] 
=== DIAGNOSTICS [Step 2] ===
  • Muon LR:      0.003883970249  |  Grad Norm: 5.474762 (from 8 gradients)
  • NAdamW LR:    0.000135749506  |  Grad Norm: 0.559972 (from 12 gradients)
  • Muon Params:  8 total tensors
  • NAdamW Params:12 total tensors
========================================

I0604 02:28:56.377919 139768282641600 submission.py:197] 
=== DIAGNOSTICS [Step 3] ===
  • Muon LR:      0.003883969828  |  Grad Norm: 5.194636 (from 8 gradients)
  • NAdamW LR:    0.000135749491  |  Grad Norm: 0.496015 (from 12 gradients)
  • Muon Params:  8 total tensors
  • NAdamW Params:12 total tensors
========================================

I0604 02:28:56.560617 139768282641600 submission.py:197] 
=== DIAGNOSTICS [Step 4] ===
  • Muon LR:      0.003883969238  |  Grad Norm: 4.739003 (from 8 gradients)
  • NAdamW LR:    0.000135749471  |  Grad Norm: 0.427630 (from 12 gradients)
  • Muon Params:  8 total tensors
  • NAdamW Params:12 total tensors
========================================

I0604 02:28:56.742200 139768282641600 submission.py:197] 
=== DIAGNOSTICS [Step 5] ===
  • Muon LR:      0.003883968480  |  Grad Norm: 4.149849 (from 8 gradients)
  • NAdamW LR:    0.000135749444  |  Grad Norm: 0.359147 (from 12 gradients)
  • Muon Params:  8 total tensors
  • NAdamW Params:12 total tensors
========================================

I0604 02:34:52.516226 139768282641600 spec.py:333] Evaluating on the training split.
I0604 02:39:30.797749 139768282641600 spec.py:346] Evaluating on the validation split.
I0604 02:43:36.600096 139768282641600 spec.py:363] Evaluating on the test split.
I0604 02:48:03.610298 139768282641600 submission_runner.py:516] Time since start: 2058.31s, 	Step: 368, 	{'train/loss': 0.12814371130250932, 'validation/loss': 0.12890592258976016, 'validation/num_examples': 83274637, 'test/loss': 0.13158660175283332, 'test/num_examples': 95000000, 'score': 381.8209125995636, 'total_duration': 2058.3106837272644, 'accumulated_submission_time': 381.8209125995636, 'accumulated_eval_time': 1675.0433275699615, 'accumulated_logging_time': 0.0572507381439209}
I0604 02:48:03.637681 139726476404480 logging_writer.py:48] [368] accumulated_eval_time=1675.04, accumulated_logging_time=0.0572507, accumulated_submission_time=381.821, global_step=368, preemption_count=0, score=381.821, test/loss=0.131587, test/num_examples=95000000, total_duration=2058.31, train/loss=0.128144, validation/loss=0.128906, validation/num_examples=83274637
I0604 02:54:00.262540 139768282641600 spec.py:333] Evaluating on the training split.
I0604 02:58:35.540571 139768282641600 spec.py:346] Evaluating on the validation split.
I0604 03:02:41.557048 139768282641600 spec.py:363] Evaluating on the test split.
I0604 03:07:09.598722 139768282641600 submission_runner.py:516] Time since start: 3204.30s, 	Step: 733, 	{'train/loss': 0.12718353858325698, 'validation/loss': 0.1273514950062304, 'validation/num_examples': 83274637, 'test/loss': 0.13001149657962197, 'test/num_examples': 95000000, 'score': 737.4522771835327, 'total_duration': 3204.2990899086, 'accumulated_submission_time': 737.4522771835327, 'accumulated_eval_time': 2464.379579782486, 'accumulated_logging_time': 0.09209132194519043}
I0604 03:07:09.625162 139726484797184 logging_writer.py:48] [733] accumulated_eval_time=2464.38, accumulated_logging_time=0.0920913, accumulated_submission_time=737.452, global_step=733, preemption_count=0, score=737.452, test/loss=0.130011, test/num_examples=95000000, total_duration=3204.3, train/loss=0.127184, validation/loss=0.127351, validation/num_examples=83274637
I0604 03:13:06.265288 139768282641600 spec.py:333] Evaluating on the training split.
I0604 03:17:43.228551 139768282641600 spec.py:346] Evaluating on the validation split.
I0604 03:21:50.119837 139768282641600 spec.py:363] Evaluating on the test split.
I0604 03:26:16.302553 139768282641600 submission_runner.py:516] Time since start: 4351.00s, 	Step: 1097, 	{'train/loss': 0.12585037269563762, 'validation/loss': 0.12747260996301957, 'validation/num_examples': 83274637, 'test/loss': 0.13031266488261975, 'test/num_examples': 95000000, 'score': 1093.1236400604248, 'total_duration': 4351.002933502197, 'accumulated_submission_time': 1093.1236400604248, 'accumulated_eval_time': 3254.4169595241547, 'accumulated_logging_time': 0.12602925300598145}
I0604 03:26:16.327991 139726476404480 logging_writer.py:48] [1097] accumulated_eval_time=3254.42, accumulated_logging_time=0.126029, accumulated_submission_time=1093.12, global_step=1097, preemption_count=0, score=1093.12, test/loss=0.130313, test/num_examples=95000000, total_duration=4351, train/loss=0.12585, validation/loss=0.127473, validation/num_examples=83274637
I0604 03:32:12.957244 139768282641600 spec.py:333] Evaluating on the training split.
I0604 03:36:40.213713 139768282641600 spec.py:346] Evaluating on the validation split.
I0604 03:40:45.431229 139768282641600 spec.py:363] Evaluating on the test split.
I0604 03:45:14.362753 139768282641600 submission_runner.py:516] Time since start: 5489.06s, 	Step: 1461, 	{'train/loss': 0.12866487443214786, 'validation/loss': 0.1265835758470722, 'validation/num_examples': 83274637, 'test/loss': 0.1290303787552683, 'test/num_examples': 95000000, 'score': 1448.78568816185, 'total_duration': 5489.063149690628, 'accumulated_submission_time': 1448.78568816185, 'accumulated_eval_time': 4035.822566986084, 'accumulated_logging_time': 0.15870261192321777}
I0604 03:45:14.389781 139726484797184 logging_writer.py:48] [1461] accumulated_eval_time=4035.82, accumulated_logging_time=0.158703, accumulated_submission_time=1448.79, global_step=1461, preemption_count=0, score=1448.79, test/loss=0.12903, test/num_examples=95000000, total_duration=5489.06, train/loss=0.128665, validation/loss=0.126584, validation/num_examples=83274637
I0604 03:51:11.078260 139768282641600 spec.py:333] Evaluating on the training split.
I0604 03:55:46.210649 139768282641600 spec.py:346] Evaluating on the validation split.
I0604 03:59:53.542207 139768282641600 spec.py:363] Evaluating on the test split.
I0604 04:04:19.085173 139768282641600 submission_runner.py:516] Time since start: 6633.79s, 	Step: 1825, 	{'train/loss': 0.12662283805410224, 'validation/loss': 0.12677551031008996, 'validation/num_examples': 83274637, 'test/loss': 0.1296832446309943, 'test/num_examples': 95000000, 'score': 1804.5108361244202, 'total_duration': 6633.785563468933, 'accumulated_submission_time': 1804.5108361244202, 'accumulated_eval_time': 4823.829557657242, 'accumulated_logging_time': 0.19307661056518555}
I0604 04:04:19.109904 139726476404480 logging_writer.py:48] [1825] accumulated_eval_time=4823.83, accumulated_logging_time=0.193077, accumulated_submission_time=1804.51, global_step=1825, preemption_count=0, score=1804.51, test/loss=0.129683, test/num_examples=95000000, total_duration=6633.79, train/loss=0.126623, validation/loss=0.126776, validation/num_examples=83274637
I0604 04:10:15.684689 139768282641600 spec.py:333] Evaluating on the training split.
I0604 04:14:49.200462 139768282641600 spec.py:346] Evaluating on the validation split.
I0604 04:18:54.321538 139768282641600 spec.py:363] Evaluating on the test split.
I0604 04:23:20.487085 139768282641600 submission_runner.py:516] Time since start: 7775.19s, 	Step: 2196, 	{'train/loss': 0.12430583644246442, 'validation/loss': 0.1261383627862915, 'validation/num_examples': 83274637, 'test/loss': 0.12875141561969958, 'test/num_examples': 95000000, 'score': 2160.1326887607574, 'total_duration': 7775.187494516373, 'accumulated_submission_time': 2160.1326887607574, 'accumulated_eval_time': 5608.632044553757, 'accumulated_logging_time': 0.22492527961730957}
I0604 04:23:20.510597 139726484797184 logging_writer.py:48] [2196] accumulated_eval_time=5608.63, accumulated_logging_time=0.224925, accumulated_submission_time=2160.13, global_step=2196, preemption_count=0, score=2160.13, test/loss=0.128751, test/num_examples=95000000, total_duration=7775.19, train/loss=0.124306, validation/loss=0.126138, validation/num_examples=83274637
I0604 04:29:17.108165 139768282641600 spec.py:333] Evaluating on the training split.
I0604 04:33:48.119359 139768282641600 spec.py:346] Evaluating on the validation split.
I0604 04:37:50.935641 139768282641600 spec.py:363] Evaluating on the test split.
I0604 04:42:15.955612 139768282641600 submission_runner.py:516] Time since start: 8910.66s, 	Step: 2560, 	{'train/loss': 0.12478417853824611, 'validation/loss': 0.12594495816721607, 'validation/num_examples': 83274637, 'test/loss': 0.12843012955241956, 'test/num_examples': 95000000, 'score': 2515.7722041606903, 'total_duration': 8910.656005620956, 'accumulated_submission_time': 2515.7722041606903, 'accumulated_eval_time': 6387.479568004608, 'accumulated_logging_time': 0.25566935539245605}
I0604 04:42:15.980561 139726476404480 logging_writer.py:48] [2560] accumulated_eval_time=6387.48, accumulated_logging_time=0.255669, accumulated_submission_time=2515.77, global_step=2560, preemption_count=0, score=2515.77, test/loss=0.12843, test/num_examples=95000000, total_duration=8910.66, train/loss=0.124784, validation/loss=0.125945, validation/num_examples=83274637
I0604 04:48:13.304190 139768282641600 spec.py:333] Evaluating on the training split.
I0604 04:52:30.590191 139768282641600 spec.py:346] Evaluating on the validation split.
I0604 04:56:29.430855 139768282641600 spec.py:363] Evaluating on the test split.
I0604 05:00:51.807351 139768282641600 submission_runner.py:516] Time since start: 10026.51s, 	Step: 2933, 	{'train/loss': 0.12354167062604512, 'validation/loss': 0.1258965028241476, 'validation/num_examples': 83274637, 'test/loss': 0.12951738218592593, 'test/num_examples': 95000000, 'score': 2872.142677783966, 'total_duration': 10026.507760286331, 'accumulated_submission_time': 2872.142677783966, 'accumulated_eval_time': 7145.982865095139, 'accumulated_logging_time': 0.28769898414611816}
I0604 05:00:51.836293 139726484797184 logging_writer.py:48] [2933] accumulated_eval_time=7145.98, accumulated_logging_time=0.287699, accumulated_submission_time=2872.14, global_step=2933, preemption_count=0, score=2872.14, test/loss=0.129517, test/num_examples=95000000, total_duration=10026.5, train/loss=0.123542, validation/loss=0.125897, validation/num_examples=83274637
I0604 05:06:48.712551 139768282641600 spec.py:333] Evaluating on the training split.
I0604 05:11:17.392868 139768282641600 spec.py:346] Evaluating on the validation split.
I0604 05:15:11.304150 139768282641600 spec.py:363] Evaluating on the test split.
I0604 05:19:26.913170 139768282641600 submission_runner.py:516] Time since start: 11141.61s, 	Step: 3297, 	{'train/loss': 0.12452282775219103, 'validation/loss': 0.1257199456560259, 'validation/num_examples': 83274637, 'test/loss': 0.12815281045789217, 'test/num_examples': 95000000, 'score': 3228.0834097862244, 'total_duration': 11141.613570928574, 'accumulated_submission_time': 3228.0834097862244, 'accumulated_eval_time': 7904.183608293533, 'accumulated_logging_time': 0.3237643241882324}
I0604 05:19:26.937404 139726476404480 logging_writer.py:48] [3297] accumulated_eval_time=7904.18, accumulated_logging_time=0.323764, accumulated_submission_time=3228.08, global_step=3297, preemption_count=0, score=3228.08, test/loss=0.128153, test/num_examples=95000000, total_duration=11141.6, train/loss=0.124523, validation/loss=0.12572, validation/num_examples=83274637
I0604 05:25:23.649301 139768282641600 spec.py:333] Evaluating on the training split.
I0604 05:29:35.192964 139768282641600 spec.py:346] Evaluating on the validation split.
I0604 05:33:17.883126 139768282641600 spec.py:363] Evaluating on the test split.
I0604 05:37:24.076262 139768282641600 submission_runner.py:516] Time since start: 12218.78s, 	Step: 3660, 	{'train/loss': 0.12503285944654574, 'validation/loss': 0.12554529121653024, 'validation/num_examples': 83274637, 'test/loss': 0.12813571361597964, 'test/num_examples': 95000000, 'score': 3583.849757909775, 'total_duration': 12218.776648521423, 'accumulated_submission_time': 3583.849757909775, 'accumulated_eval_time': 8624.610649585724, 'accumulated_logging_time': 0.3583650588989258}
I0604 05:37:24.107937 139726484797184 logging_writer.py:48] [3660] accumulated_eval_time=8624.61, accumulated_logging_time=0.358365, accumulated_submission_time=3583.85, global_step=3660, preemption_count=0, score=3583.85, test/loss=0.128136, test/num_examples=95000000, total_duration=12218.8, train/loss=0.125033, validation/loss=0.125545, validation/num_examples=83274637
I0604 05:43:20.946404 139768282641600 spec.py:333] Evaluating on the training split.
I0604 05:46:54.735220 139768282641600 spec.py:346] Evaluating on the validation split.
I0604 05:50:14.640989 139768282641600 spec.py:363] Evaluating on the test split.
I0604 05:53:58.007021 139768282641600 submission_runner.py:516] Time since start: 13212.71s, 	Step: 4027, 	{'train/loss': 0.12505763172392428, 'validation/loss': 0.12510793620782762, 'validation/num_examples': 83274637, 'test/loss': 0.12749952999074834, 'test/num_examples': 95000000, 'score': 3939.7453033924103, 'total_duration': 13212.707425355911, 'accumulated_submission_time': 3939.7453033924103, 'accumulated_eval_time': 9261.671372890472, 'accumulated_logging_time': 0.39727067947387695}
I0604 05:53:58.031057 139726476404480 logging_writer.py:48] [4027] accumulated_eval_time=9261.67, accumulated_logging_time=0.397271, accumulated_submission_time=3939.75, global_step=4027, preemption_count=0, score=3939.75, test/loss=0.1275, test/num_examples=95000000, total_duration=13212.7, train/loss=0.125058, validation/loss=0.125108, validation/num_examples=83274637
I0604 05:59:55.445960 139768282641600 spec.py:333] Evaluating on the training split.
I0604 06:02:42.903403 139768282641600 spec.py:346] Evaluating on the validation split.
I0604 06:05:14.810276 139768282641600 spec.py:363] Evaluating on the test split.
I0604 06:08:14.386765 139768282641600 submission_runner.py:516] Time since start: 14069.09s, 	Step: 4391, 	{'train/loss': 0.12303008193495721, 'validation/loss': 0.12536861742585947, 'validation/num_examples': 83274637, 'test/loss': 0.12834764064025878, 'test/num_examples': 95000000, 'score': 4296.219726324081, 'total_duration': 14069.087169885635, 'accumulated_submission_time': 4296.219726324081, 'accumulated_eval_time': 9760.612278461456, 'accumulated_logging_time': 0.4284820556640625}
I0604 06:08:14.411052 139726484797184 logging_writer.py:48] [4391] accumulated_eval_time=9760.61, accumulated_logging_time=0.428482, accumulated_submission_time=4296.22, global_step=4391, preemption_count=0, score=4296.22, test/loss=0.128348, test/num_examples=95000000, total_duration=14069.1, train/loss=0.12303, validation/loss=0.125369, validation/num_examples=83274637
I0604 06:14:11.228245 139768282641600 spec.py:333] Evaluating on the training split.
I0604 06:15:55.111123 139768282641600 spec.py:346] Evaluating on the validation split.
I0604 06:17:35.660512 139768282641600 spec.py:363] Evaluating on the test split.
I0604 06:19:53.903517 139768282641600 submission_runner.py:516] Time since start: 14768.60s, 	Step: 4747, 	{'train/loss': 0.12622853035604523, 'validation/loss': 0.12526892724394312, 'validation/num_examples': 83274637, 'test/loss': 0.12772692848703485, 'test/num_examples': 95000000, 'score': 4652.095588207245, 'total_duration': 14768.603910684586, 'accumulated_submission_time': 4652.095588207245, 'accumulated_eval_time': 10103.287672042847, 'accumulated_logging_time': 0.45999908447265625}
I0604 06:19:53.928644 139726476404480 logging_writer.py:48] [4747] accumulated_eval_time=10103.3, accumulated_logging_time=0.459999, accumulated_submission_time=4652.1, global_step=4747, preemption_count=0, score=4652.1, test/loss=0.127727, test/num_examples=95000000, total_duration=14768.6, train/loss=0.126229, validation/loss=0.125269, validation/num_examples=83274637
I0604 06:25:51.065737 139768282641600 spec.py:333] Evaluating on the training split.
I0604 06:26:52.273028 139768282641600 spec.py:346] Evaluating on the validation split.
I0604 06:27:53.083023 139768282641600 spec.py:363] Evaluating on the test split.
I0604 06:29:20.505075 139768282641600 submission_runner.py:516] Time since start: 15335.21s, 	Step: 5112, 	{'train/loss': 0.12474529511516409, 'validation/loss': 0.1250650425969569, 'validation/num_examples': 83274637, 'test/loss': 0.1274418967455412, 'test/num_examples': 95000000, 'score': 5008.27877163887, 'total_duration': 15335.205466747284, 'accumulated_submission_time': 5008.27877163887, 'accumulated_eval_time': 10312.727118730545, 'accumulated_logging_time': 0.4923858642578125}
I0604 06:29:20.531243 139726484797184 logging_writer.py:48] [5112] accumulated_eval_time=10312.7, accumulated_logging_time=0.492386, accumulated_submission_time=5008.28, global_step=5112, preemption_count=0, score=5008.28, test/loss=0.127442, test/num_examples=95000000, total_duration=15335.2, train/loss=0.124745, validation/loss=0.125065, validation/num_examples=83274637
I0604 06:35:16.928452 139768282641600 spec.py:333] Evaluating on the training split.
I0604 06:36:17.379054 139768282641600 spec.py:346] Evaluating on the validation split.
I0604 06:37:17.758491 139768282641600 spec.py:363] Evaluating on the test split.
I0604 06:38:26.962935 139768282641600 submission_runner.py:516] Time since start: 15881.66s, 	Step: 5472, 	{'train/loss': 0.1224498059428362, 'validation/loss': 0.12520766748173667, 'validation/num_examples': 83274637, 'test/loss': 0.1277069969875938, 'test/num_examples': 95000000, 'score': 5363.7153832912445, 'total_duration': 15881.663340091705, 'accumulated_submission_time': 5363.7153832912445, 'accumulated_eval_time': 10502.761784791946, 'accumulated_logging_time': 0.5260250568389893}
I0604 06:38:26.992174 139726476404480 logging_writer.py:48] [5472] accumulated_eval_time=10502.8, accumulated_logging_time=0.526025, accumulated_submission_time=5363.72, global_step=5472, preemption_count=0, score=5363.72, test/loss=0.127707, test/num_examples=95000000, total_duration=15881.7, train/loss=0.12245, validation/loss=0.125208, validation/num_examples=83274637
I0604 06:44:23.787853 139768282641600 spec.py:333] Evaluating on the training split.
I0604 06:45:24.032732 139768282641600 spec.py:346] Evaluating on the validation split.
I0604 06:46:24.468288 139768282641600 spec.py:363] Evaluating on the test split.
I0604 06:47:34.271763 139768282641600 submission_runner.py:516] Time since start: 16428.97s, 	Step: 5829, 	{'train/loss': 0.12524801938527597, 'validation/loss': 0.12492878958012336, 'validation/num_examples': 83274637, 'test/loss': 0.12723944206767834, 'test/num_examples': 95000000, 'score': 5719.555976867676, 'total_duration': 16428.972150087357, 'accumulated_submission_time': 5719.555976867676, 'accumulated_eval_time': 10693.24580860138, 'accumulated_logging_time': 0.5625326633453369}
I0604 06:47:34.298700 139726484797184 logging_writer.py:48] [5829] accumulated_eval_time=10693.2, accumulated_logging_time=0.562533, accumulated_submission_time=5719.56, global_step=5829, preemption_count=0, score=5719.56, test/loss=0.127239, test/num_examples=95000000, total_duration=16429, train/loss=0.125248, validation/loss=0.124929, validation/num_examples=83274637
I0604 06:53:31.196135 139768282641600 spec.py:333] Evaluating on the training split.
I0604 06:54:31.289849 139768282641600 spec.py:346] Evaluating on the validation split.
I0604 06:55:31.896015 139768282641600 spec.py:363] Evaluating on the test split.
I0604 06:56:41.251130 139768282641600 submission_runner.py:516] Time since start: 16975.95s, 	Step: 6187, 	{'train/loss': 0.12373256641428185, 'validation/loss': 0.12495309786165838, 'validation/num_examples': 83274637, 'test/loss': 0.12736068786476537, 'test/num_examples': 95000000, 'score': 6075.48886179924, 'total_duration': 16975.951528787613, 'accumulated_submission_time': 6075.48886179924, 'accumulated_eval_time': 10883.300900936127, 'accumulated_logging_time': 0.5967957973480225}
I0604 06:56:41.279566 139726476404480 logging_writer.py:48] [6187] accumulated_eval_time=10883.3, accumulated_logging_time=0.596796, accumulated_submission_time=6075.49, global_step=6187, preemption_count=0, score=6075.49, test/loss=0.127361, test/num_examples=95000000, total_duration=16976, train/loss=0.123733, validation/loss=0.124953, validation/num_examples=83274637
I0604 07:02:37.799821 139768282641600 spec.py:333] Evaluating on the training split.
I0604 07:03:38.564450 139768282641600 spec.py:346] Evaluating on the validation split.
I0604 07:04:39.266303 139768282641600 spec.py:363] Evaluating on the test split.
I0604 07:05:48.775514 139768282641600 submission_runner.py:516] Time since start: 17523.48s, 	Step: 6552, 	{'train/loss': 0.12324204303569009, 'validation/loss': 0.12477764721260508, 'validation/num_examples': 83274637, 'test/loss': 0.12707888587823166, 'test/num_examples': 95000000, 'score': 6431.048839092255, 'total_duration': 17523.475915908813, 'accumulated_submission_time': 6431.048839092255, 'accumulated_eval_time': 11074.276704072952, 'accumulated_logging_time': 0.6325771808624268}
I0604 07:05:48.802787 139726484797184 logging_writer.py:48] [6552] accumulated_eval_time=11074.3, accumulated_logging_time=0.632577, accumulated_submission_time=6431.05, global_step=6552, preemption_count=0, score=6431.05, test/loss=0.127079, test/num_examples=95000000, total_duration=17523.5, train/loss=0.123242, validation/loss=0.124778, validation/num_examples=83274637
I0604 07:11:45.247719 139768282641600 spec.py:333] Evaluating on the training split.
I0604 07:12:45.718387 139768282641600 spec.py:346] Evaluating on the validation split.
I0604 07:13:46.132534 139768282641600 spec.py:363] Evaluating on the test split.
I0604 07:14:55.508188 139768282641600 submission_runner.py:516] Time since start: 18070.21s, 	Step: 6916, 	{'train/loss': 0.12353848782958898, 'validation/loss': 0.12467425387125974, 'validation/num_examples': 83274637, 'test/loss': 0.12701377293669047, 'test/num_examples': 95000000, 'score': 6786.511250495911, 'total_duration': 18070.208556175232, 'accumulated_submission_time': 6786.511250495911, 'accumulated_eval_time': 11264.537234306335, 'accumulated_logging_time': 0.6673157215118408}
I0604 07:14:55.533600 139726476404480 logging_writer.py:48] [6916] accumulated_eval_time=11264.5, accumulated_logging_time=0.667316, accumulated_submission_time=6786.51, global_step=6916, preemption_count=0, score=6786.51, test/loss=0.127014, test/num_examples=95000000, total_duration=18070.2, train/loss=0.123538, validation/loss=0.124674, validation/num_examples=83274637
I0604 07:20:52.787822 139768282641600 spec.py:333] Evaluating on the training split.
I0604 07:21:52.700217 139768282641600 spec.py:346] Evaluating on the validation split.
I0604 07:22:53.014715 139768282641600 spec.py:363] Evaluating on the test split.
I0604 07:24:02.453866 139768282641600 submission_runner.py:516] Time since start: 18617.15s, 	Step: 7283, 	{'train/loss': 0.12557358872427576, 'validation/loss': 0.12485319556286797, 'validation/num_examples': 83274637, 'test/loss': 0.12716758821507504, 'test/num_examples': 95000000, 'score': 7142.801311969757, 'total_duration': 18617.15423798561, 'accumulated_submission_time': 7142.801311969757, 'accumulated_eval_time': 11454.20334649086, 'accumulated_logging_time': 0.7002899646759033}
I0604 07:24:02.481601 139726484797184 logging_writer.py:48] [7283] accumulated_eval_time=11454.2, accumulated_logging_time=0.70029, accumulated_submission_time=7142.8, global_step=7283, preemption_count=0, score=7142.8, test/loss=0.127168, test/num_examples=95000000, total_duration=18617.2, train/loss=0.125574, validation/loss=0.124853, validation/num_examples=83274637
I0604 07:29:59.118619 139768282641600 spec.py:333] Evaluating on the training split.
I0604 07:30:59.537072 139768282641600 spec.py:346] Evaluating on the validation split.
I0604 07:32:00.008303 139768282641600 spec.py:363] Evaluating on the test split.
I0604 07:33:09.296843 139768282641600 submission_runner.py:516] Time since start: 19164.00s, 	Step: 7647, 	{'train/loss': 0.12376165510392168, 'validation/loss': 0.1246559409167563, 'validation/num_examples': 83274637, 'test/loss': 0.12696340860210217, 'test/num_examples': 95000000, 'score': 7498.477983951569, 'total_duration': 19163.99724006653, 'accumulated_submission_time': 7498.477983951569, 'accumulated_eval_time': 11644.38167977333, 'accumulated_logging_time': 0.735541582107544}
I0604 07:33:09.326308 139726476404480 logging_writer.py:48] [7647] accumulated_eval_time=11644.4, accumulated_logging_time=0.735542, accumulated_submission_time=7498.48, global_step=7647, preemption_count=0, score=7498.48, test/loss=0.126963, test/num_examples=95000000, total_duration=19164, train/loss=0.123762, validation/loss=0.124656, validation/num_examples=83274637
I0604 07:39:06.251381 139768282641600 spec.py:333] Evaluating on the training split.
I0604 07:40:06.574791 139768282641600 spec.py:346] Evaluating on the validation split.
I0604 07:41:06.798443 139768282641600 spec.py:363] Evaluating on the test split.
I0604 07:42:16.255234 139768282641600 submission_runner.py:516] Time since start: 19710.96s, 	Step: 8003, 	{'train/loss': 0.12252733950213128, 'validation/loss': 0.12470748467601396, 'validation/num_examples': 83274637, 'test/loss': 0.12708670953738563, 'test/num_examples': 95000000, 'score': 7854.44219493866, 'total_duration': 19710.955632925034, 'accumulated_submission_time': 7854.44219493866, 'accumulated_eval_time': 11834.385630369186, 'accumulated_logging_time': 0.7731053829193115}
I0604 07:42:16.280296 139726484797184 logging_writer.py:48] [8003] accumulated_eval_time=11834.4, accumulated_logging_time=0.773105, accumulated_submission_time=7854.44, global_step=8003, preemption_count=0, score=7854.44, test/loss=0.127087, test/num_examples=95000000, total_duration=19711, train/loss=0.122527, validation/loss=0.124707, validation/num_examples=83274637
I0604 07:48:13.048058 139768282641600 spec.py:333] Evaluating on the training split.
I0604 07:49:13.455079 139768282641600 spec.py:346] Evaluating on the validation split.
I0604 07:50:13.906329 139768282641600 spec.py:363] Evaluating on the test split.
I0604 07:51:23.160222 139768282641600 submission_runner.py:516] Time since start: 20257.86s, 	Step: 8366, 	{'train/loss': 0.12247250461905092, 'validation/loss': 0.1245342627413613, 'validation/num_examples': 83274637, 'test/loss': 0.12682217665148282, 'test/num_examples': 95000000, 'score': 8210.245069026947, 'total_duration': 20257.86061310768, 'accumulated_submission_time': 8210.245069026947, 'accumulated_eval_time': 12024.497881889343, 'accumulated_logging_time': 0.8056974411010742}
I0604 07:51:23.186289 139726476404480 logging_writer.py:48] [8366] accumulated_eval_time=12024.5, accumulated_logging_time=0.805697, accumulated_submission_time=8210.25, global_step=8366, preemption_count=0, score=8210.25, test/loss=0.126822, test/num_examples=95000000, total_duration=20257.9, train/loss=0.122473, validation/loss=0.124534, validation/num_examples=83274637
I0604 07:57:19.868498 139768282641600 spec.py:333] Evaluating on the training split.
I0604 07:58:19.996694 139768282641600 spec.py:346] Evaluating on the validation split.
I0604 07:59:20.461000 139768282641600 spec.py:363] Evaluating on the test split.
I0604 08:00:29.868147 139768282641600 submission_runner.py:516] Time since start: 20804.57s, 	Step: 8733, 	{'train/loss': 0.12264481437057784, 'validation/loss': 0.12449507090265094, 'validation/num_examples': 83274637, 'test/loss': 0.1268179306088096, 'test/num_examples': 95000000, 'score': 8565.963619709015, 'total_duration': 20804.568538188934, 'accumulated_submission_time': 8565.963619709015, 'accumulated_eval_time': 12214.497672080994, 'accumulated_logging_time': 0.8390452861785889}
I0604 08:00:29.894812 139726484797184 logging_writer.py:48] [8733] accumulated_eval_time=12214.5, accumulated_logging_time=0.839045, accumulated_submission_time=8565.96, global_step=8733, preemption_count=0, score=8565.96, test/loss=0.126818, test/num_examples=95000000, total_duration=20804.6, train/loss=0.122645, validation/loss=0.124495, validation/num_examples=83274637
I0604 08:06:26.734483 139768282641600 spec.py:333] Evaluating on the training split.
I0604 08:07:27.091452 139768282641600 spec.py:346] Evaluating on the validation split.
I0604 08:08:27.547403 139768282641600 spec.py:363] Evaluating on the test split.
I0604 08:09:37.123044 139768282641600 submission_runner.py:516] Time since start: 21351.82s, 	Step: 9087, 	{'train/loss': 0.1244612897004395, 'validation/loss': 0.1246745910092376, 'validation/num_examples': 83274637, 'test/loss': 0.12703520182254188, 'test/num_examples': 95000000, 'score': 8921.835311412811, 'total_duration': 21351.823437690735, 'accumulated_submission_time': 8921.835311412811, 'accumulated_eval_time': 12404.886362075806, 'accumulated_logging_time': 0.8729674816131592}
I0604 08:09:37.152385 139726476404480 logging_writer.py:48] [9087] accumulated_eval_time=12404.9, accumulated_logging_time=0.872967, accumulated_submission_time=8921.84, global_step=9087, preemption_count=0, score=8921.84, test/loss=0.127035, test/num_examples=95000000, total_duration=21351.8, train/loss=0.124461, validation/loss=0.124675, validation/num_examples=83274637
I0604 08:15:34.432730 139768282641600 spec.py:333] Evaluating on the training split.
I0604 08:16:34.781302 139768282641600 spec.py:346] Evaluating on the validation split.
I0604 08:17:35.198265 139768282641600 spec.py:363] Evaluating on the test split.
I0604 08:18:44.490393 139768282641600 submission_runner.py:516] Time since start: 21899.19s, 	Step: 9448, 	{'train/loss': 0.12531014389596468, 'validation/loss': 0.12461563582016119, 'validation/num_examples': 83274637, 'test/loss': 0.1269526852389687, 'test/num_examples': 95000000, 'score': 9278.132696390152, 'total_duration': 21899.19078564644, 'accumulated_submission_time': 9278.132696390152, 'accumulated_eval_time': 12594.944156885147, 'accumulated_logging_time': 0.9098591804504395}
I0604 08:18:44.519347 139726484797184 logging_writer.py:48] [9448] accumulated_eval_time=12594.9, accumulated_logging_time=0.909859, accumulated_submission_time=9278.13, global_step=9448, preemption_count=0, score=9278.13, test/loss=0.126953, test/num_examples=95000000, total_duration=21899.2, train/loss=0.12531, validation/loss=0.124616, validation/num_examples=83274637
I0604 08:24:41.660551 139768282641600 spec.py:333] Evaluating on the training split.
I0604 08:25:41.887751 139768282641600 spec.py:346] Evaluating on the validation split.
I0604 08:26:42.362864 139768282641600 spec.py:363] Evaluating on the test split.
I0604 08:27:51.732726 139768282641600 submission_runner.py:516] Time since start: 22446.43s, 	Step: 9810, 	{'train/loss': 0.12329915328383352, 'validation/loss': 0.12445824249108585, 'validation/num_examples': 83274637, 'test/loss': 0.12674089295397306, 'test/num_examples': 95000000, 'score': 9634.312291383743, 'total_duration': 22446.433128595352, 'accumulated_submission_time': 9634.312291383743, 'accumulated_eval_time': 12785.01645898819, 'accumulated_logging_time': 0.9463906288146973}
I0604 08:27:51.762304 139726476404480 logging_writer.py:48] [9810] accumulated_eval_time=12785, accumulated_logging_time=0.946391, accumulated_submission_time=9634.31, global_step=9810, preemption_count=0, score=9634.31, test/loss=0.126741, test/num_examples=95000000, total_duration=22446.4, train/loss=0.123299, validation/loss=0.124458, validation/num_examples=83274637
I0604 08:33:48.242703 139768282641600 spec.py:333] Evaluating on the training split.
I0604 08:34:48.572095 139768282641600 spec.py:346] Evaluating on the validation split.
I0604 08:35:49.094096 139768282641600 spec.py:363] Evaluating on the test split.
I0604 08:36:58.175874 139768282641600 submission_runner.py:516] Time since start: 22992.88s, 	Step: 10172, 	{'train/loss': 0.12366069778184381, 'validation/loss': 0.1244592628945055, 'validation/num_examples': 83274637, 'test/loss': 0.1267655623943128, 'test/num_examples': 95000000, 'score': 9989.829832315445, 'total_duration': 22992.87627530098, 'accumulated_submission_time': 9989.829832315445, 'accumulated_eval_time': 12974.949769973755, 'accumulated_logging_time': 0.9838838577270508}
I0604 08:36:58.203143 139726484797184 logging_writer.py:48] [10172] accumulated_eval_time=12974.9, accumulated_logging_time=0.983884, accumulated_submission_time=9989.83, global_step=10172, preemption_count=0, score=9989.83, test/loss=0.126766, test/num_examples=95000000, total_duration=22992.9, train/loss=0.123661, validation/loss=0.124459, validation/num_examples=83274637
I0604 08:42:55.242201 139768282641600 spec.py:333] Evaluating on the training split.
I0604 08:43:55.505353 139768282641600 spec.py:346] Evaluating on the validation split.
I0604 08:44:55.651414 139768282641600 spec.py:363] Evaluating on the test split.
I0604 08:46:04.903799 139768282641600 submission_runner.py:516] Time since start: 23539.60s, 	Step: 10538, 	{'train/loss': 0.12323260571574564, 'validation/loss': 0.12447889302402249, 'validation/num_examples': 83274637, 'test/loss': 0.1268020250382273, 'test/num_examples': 95000000, 'score': 10345.910022974014, 'total_duration': 23539.60416650772, 'accumulated_submission_time': 10345.910022974014, 'accumulated_eval_time': 13164.611426353455, 'accumulated_logging_time': 1.0195138454437256}
I0604 08:46:04.931187 139726476404480 logging_writer.py:48] [10538] accumulated_eval_time=13164.6, accumulated_logging_time=1.01951, accumulated_submission_time=10345.9, global_step=10538, preemption_count=0, score=10345.9, test/loss=0.126802, test/num_examples=95000000, total_duration=23539.6, train/loss=0.123233, validation/loss=0.124479, validation/num_examples=83274637
I0604 08:47:56.524231 139768282641600 spec.py:333] Evaluating on the training split.
I0604 08:48:57.350679 139768282641600 spec.py:346] Evaluating on the validation split.
I0604 08:49:58.166500 139768282641600 spec.py:363] Evaluating on the test split.
I0604 08:51:07.550616 139768282641600 submission_runner.py:516] Time since start: 23842.25s, 	Step: 10667, 	{'train/loss': 0.12305782227545167, 'validation/loss': 0.12447817704663602, 'validation/num_examples': 83274637, 'test/loss': 0.12680093982849122, 'test/num_examples': 95000000, 'score': 10456.608485937119, 'total_duration': 23842.25101542473, 'accumulated_submission_time': 10456.608485937119, 'accumulated_eval_time': 13355.638024806976, 'accumulated_logging_time': 1.054379940032959}
I0604 08:51:07.574501 139726484797184 logging_writer.py:48] [10667] accumulated_eval_time=13355.6, accumulated_logging_time=1.05438, accumulated_submission_time=10456.6, global_step=10667, preemption_count=0, score=10456.6, test/loss=0.126801, test/num_examples=95000000, total_duration=23842.3, train/loss=0.123058, validation/loss=0.124478, validation/num_examples=83274637
I0604 08:51:08.029356 139726476404480 logging_writer.py:48] [10667] global_step=10667, preemption_count=0, score=10456.6
I0604 08:51:08.054184 139768282641600 submission_runner.py:857] Final criteo1tb score: 10456.608485937119
