torchrun --redirects 1:0,2:0,3:0 --standalone --nnodes=1 --nproc_per_node=4 submission_runner.py --framework=pytorch --workload=criteo1tb --submission_path=submissions_algorithms/submissions/self_tuning/muon_torch_jax_hps_achandr/submission.py --data_dir=/data/criteo1tb --experiment_dir=/experiment_runs --experiment_name=submissions_a100/muon_torch_jax_hps_achandr/study_2 --overwrite=True --save_checkpoints=False --rng_seed=1781118122 --torch_compile=true --tuning_ruleset=self 2>&1 | tee -a /logs/criteo1tb_pytorch_06-01-2026-07-35-39.log
W0601 07:35:58.176000 9 site-packages/torch/distributed/run.py:803] 
W0601 07:35:58.176000 9 site-packages/torch/distributed/run.py:803] *****************************************
W0601 07:35:58.176000 9 site-packages/torch/distributed/run.py:803] Setting OMP_NUM_THREADS environment variable for each process to be 1 in default, to avoid your system being overloaded, please further tune the variable for optimal performance in your application as needed. 
W0601 07:35:58.176000 9 site-packages/torch/distributed/run.py:803] *****************************************
2026-06-01 07:36:08.222936: E external/local_xla/xla/stream_executor/cuda/cuda_fft.cc:467] Unable to register cuFFT factory: Attempting to register factory for plugin cuFFT when one has already been registered
2026-06-01 07:36:08.222936: E external/local_xla/xla/stream_executor/cuda/cuda_fft.cc:467] Unable to register cuFFT factory: Attempting to register factory for plugin cuFFT when one has already been registered
2026-06-01 07:36:08.222937: E external/local_xla/xla/stream_executor/cuda/cuda_fft.cc:467] Unable to register cuFFT factory: Attempting to register factory for plugin cuFFT when one has already been registered
2026-06-01 07:36:08.222937: E external/local_xla/xla/stream_executor/cuda/cuda_fft.cc:467] Unable to register cuFFT factory: Attempting to register factory for plugin cuFFT when one has already been registered
WARNING: All log messages before absl::InitializeLog() is called are written to STDERR
WARNING: All log messages before absl::InitializeLog() is called are written to STDERR
WARNING: All log messages before absl::InitializeLog() is called are written to STDERR
WARNING: All log messages before absl::InitializeLog() is called are written to STDERR
E0000 00:00:1780299368.784508      39 cuda_dnn.cc:8579] Unable to register cuDNN factory: Attempting to register factory for plugin cuDNN when one has already been registered
E0000 00:00:1780299368.784523      38 cuda_dnn.cc:8579] Unable to register cuDNN factory: Attempting to register factory for plugin cuDNN when one has already been registered
E0000 00:00:1780299368.784519      40 cuda_dnn.cc:8579] Unable to register cuDNN factory: Attempting to register factory for plugin cuDNN when one has already been registered
E0000 00:00:1780299368.784533      41 cuda_dnn.cc:8579] Unable to register cuDNN factory: Attempting to register factory for plugin cuDNN when one has already been registered
E0000 00:00:1780299368.929347      41 cuda_blas.cc:1407] Unable to register cuBLAS factory: Attempting to register factory for plugin cuBLAS when one has already been registered
E0000 00:00:1780299368.929337      38 cuda_blas.cc:1407] Unable to register cuBLAS factory: Attempting to register factory for plugin cuBLAS when one has already been registered
E0000 00:00:1780299368.929349      40 cuda_blas.cc:1407] Unable to register cuBLAS factory: Attempting to register factory for plugin cuBLAS when one has already been registered
E0000 00:00:1780299368.929359      39 cuda_blas.cc:1407] Unable to register cuBLAS factory: Attempting to register factory for plugin cuBLAS when one has already been registered
W0000 00:00:1780299370.453853      40 computation_placer.cc:177] computation placer already registered. Please check linkage and avoid linking the same target more than once.
W0000 00:00:1780299370.453853      41 computation_placer.cc:177] computation placer already registered. Please check linkage and avoid linking the same target more than once.
W0000 00:00:1780299370.453852      38 computation_placer.cc:177] computation placer already registered. Please check linkage and avoid linking the same target more than once.
W0000 00:00:1780299370.453864      39 computation_placer.cc:177] computation placer already registered. Please check linkage and avoid linking the same target more than once.
W0000 00:00:1780299370.453893      41 computation_placer.cc:177] computation placer already registered. Please check linkage and avoid linking the same target more than once.
W0000 00:00:1780299370.453893      38 computation_placer.cc:177] computation placer already registered. Please check linkage and avoid linking the same target more than once.
W0000 00:00:1780299370.453895      39 computation_placer.cc:177] computation placer already registered. Please check linkage and avoid linking the same target more than once.
W0000 00:00:1780299370.453896      41 computation_placer.cc:177] computation placer already registered. Please check linkage and avoid linking the same target more than once.
W0000 00:00:1780299370.453896      38 computation_placer.cc:177] computation placer already registered. Please check linkage and avoid linking the same target more than once.
W0000 00:00:1780299370.453896      40 computation_placer.cc:177] computation placer already registered. Please check linkage and avoid linking the same target more than once.
W0000 00:00:1780299370.453897      39 computation_placer.cc:177] computation placer already registered. Please check linkage and avoid linking the same target more than once.
W0000 00:00:1780299370.453898      41 computation_placer.cc:177] computation placer already registered. Please check linkage and avoid linking the same target more than once.
W0000 00:00:1780299370.453898      38 computation_placer.cc:177] computation placer already registered. Please check linkage and avoid linking the same target more than once.
W0000 00:00:1780299370.453899      40 computation_placer.cc:177] computation placer already registered. Please check linkage and avoid linking the same target more than once.
W0000 00:00:1780299370.453899      39 computation_placer.cc:177] computation placer already registered. Please check linkage and avoid linking the same target more than once.
W0000 00:00:1780299370.453901      40 computation_placer.cc:177] computation placer already registered. Please check linkage and avoid linking the same target more than once.
W0000 00:00:1780299394.820877      39 gpu_device.cc:2341] Cannot dlopen some GPU libraries. Please make sure the missing libraries mentioned above are installed properly if you would like to use GPU. Follow the guide at https://www.tensorflow.org/install/gpu for how to download and setup the required libraries for your platform.
Skipping registering GPU devices...
W0000 00:00:1780299395.087225      38 gpu_device.cc:2341] Cannot dlopen some GPU libraries. Please make sure the missing libraries mentioned above are installed properly if you would like to use GPU. Follow the guide at https://www.tensorflow.org/install/gpu for how to download and setup the required libraries for your platform.
Skipping registering GPU devices...
W0000 00:00:1780299395.127144      41 gpu_device.cc:2341] Cannot dlopen some GPU libraries. Please make sure the missing libraries mentioned above are installed properly if you would like to use GPU. Follow the guide at https://www.tensorflow.org/install/gpu for how to download and setup the required libraries for your platform.
Skipping registering GPU devices...
W0000 00:00:1780299395.131769      40 gpu_device.cc:2341] Cannot dlopen some GPU libraries. Please make sure the missing libraries mentioned above are installed properly if you would like to use GPU. Follow the guide at https://www.tensorflow.org/install/gpu for how to download and setup the required libraries for your platform.
Skipping registering GPU devices...
/usr/local/lib/python3.11/site-packages/torch/__init__.py:1617: UserWarning: Please use the new API settings to control TF32 behavior, such as torch.backends.cudnn.conv.fp32_precision = 'tf32' or torch.backends.cuda.matmul.fp32_precision = 'ieee'. Old settings, e.g, torch.backends.cuda.matmul.allow_tf32 = True, torch.backends.cudnn.allow_tf32 = True, allowTF32CuDNN() and allowTF32CuBLAS() will be deprecated after Pytorch 2.9. Please see https://pytorch.org/docs/main/notes/cuda.html#tensorfloat-32-tf32-on-ampere-and-later-devices (Triggered internally at /pytorch/aten/src/ATen/Context.cpp:80.)
  _C._set_float32_matmul_precision(precision)
/usr/local/lib/python3.11/site-packages/torch/__init__.py:1617: UserWarning: Please use the new API settings to control TF32 behavior, such as torch.backends.cudnn.conv.fp32_precision = 'tf32' or torch.backends.cuda.matmul.fp32_precision = 'ieee'. Old settings, e.g, torch.backends.cuda.matmul.allow_tf32 = True, torch.backends.cudnn.allow_tf32 = True, allowTF32CuDNN() and allowTF32CuBLAS() will be deprecated after Pytorch 2.9. Please see https://pytorch.org/docs/main/notes/cuda.html#tensorfloat-32-tf32-on-ampere-and-later-devices (Triggered internally at /pytorch/aten/src/ATen/Context.cpp:80.)
  _C._set_float32_matmul_precision(precision)
/usr/local/lib/python3.11/site-packages/torch/__init__.py:1617: UserWarning: Please use the new API settings to control TF32 behavior, such as torch.backends.cudnn.conv.fp32_precision = 'tf32' or torch.backends.cuda.matmul.fp32_precision = 'ieee'. Old settings, e.g, torch.backends.cuda.matmul.allow_tf32 = True, torch.backends.cudnn.allow_tf32 = True, allowTF32CuDNN() and allowTF32CuBLAS() will be deprecated after Pytorch 2.9. Please see https://pytorch.org/docs/main/notes/cuda.html#tensorfloat-32-tf32-on-ampere-and-later-devices (Triggered internally at /pytorch/aten/src/ATen/Context.cpp:80.)
  _C._set_float32_matmul_precision(precision)
/usr/local/lib/python3.11/site-packages/torch/__init__.py:1617: UserWarning: Please use the new API settings to control TF32 behavior, such as torch.backends.cudnn.conv.fp32_precision = 'tf32' or torch.backends.cuda.matmul.fp32_precision = 'ieee'. Old settings, e.g, torch.backends.cuda.matmul.allow_tf32 = True, torch.backends.cudnn.allow_tf32 = True, allowTF32CuDNN() and allowTF32CuBLAS() will be deprecated after Pytorch 2.9. Please see https://pytorch.org/docs/main/notes/cuda.html#tensorfloat-32-tf32-on-ampere-and-later-devices (Triggered internally at /pytorch/aten/src/ATen/Context.cpp:80.)
  _C._set_float32_matmul_precision(precision)
/usr/local/lib/python3.11/site-packages/pydantic/_internal/_generate_schema.py:2249: UnsupportedFieldAttributeWarning: The 'repr' attribute with value False was provided to the `Field()` function, which has no effect in the context it was used. 'repr' is field-specific metadata, and can only be attached to a model field using `Annotated` metadata or by assignment. This may have happened because an `Annotated` type alias using the `type` statement was used, or if the `Field()` function was attached to a single member of a union type.
  warnings.warn(
/usr/local/lib/python3.11/site-packages/pydantic/_internal/_generate_schema.py:2249: UnsupportedFieldAttributeWarning: The 'repr' attribute with value False was provided to the `Field()` function, which has no effect in the context it was used. 'repr' is field-specific metadata, and can only be attached to a model field using `Annotated` metadata or by assignment. This may have happened because an `Annotated` type alias using the `type` statement was used, or if the `Field()` function was attached to a single member of a union type.
  warnings.warn(
/usr/local/lib/python3.11/site-packages/pydantic/_internal/_generate_schema.py:2249: UnsupportedFieldAttributeWarning: The 'repr' attribute with value False was provided to the `Field()` function, which has no effect in the context it was used. 'repr' is field-specific metadata, and can only be attached to a model field using `Annotated` metadata or by assignment. This may have happened because an `Annotated` type alias using the `type` statement was used, or if the `Field()` function was attached to a single member of a union type.
  warnings.warn(
/usr/local/lib/python3.11/site-packages/pydantic/_internal/_generate_schema.py:2249: UnsupportedFieldAttributeWarning: The 'repr' attribute with value False was provided to the `Field()` function, which has no effect in the context it was used. 'repr' is field-specific metadata, and can only be attached to a model field using `Annotated` metadata or by assignment. This may have happened because an `Annotated` type alias using the `type` statement was used, or if the `Field()` function was attached to a single member of a union type.
  warnings.warn(
/usr/local/lib/python3.11/site-packages/pydantic/_internal/_generate_schema.py:2249: UnsupportedFieldAttributeWarning: The 'frozen' attribute with value True was provided to the `Field()` function, which has no effect in the context it was used. 'frozen' is field-specific metadata, and can only be attached to a model field using `Annotated` metadata or by assignment. This may have happened because an `Annotated` type alias using the `type` statement was used, or if the `Field()` function was attached to a single member of a union type.
  warnings.warn(
/usr/local/lib/python3.11/site-packages/pydantic/_internal/_generate_schema.py:2249: UnsupportedFieldAttributeWarning: The 'frozen' attribute with value True was provided to the `Field()` function, which has no effect in the context it was used. 'frozen' is field-specific metadata, and can only be attached to a model field using `Annotated` metadata or by assignment. This may have happened because an `Annotated` type alias using the `type` statement was used, or if the `Field()` function was attached to a single member of a union type.
  warnings.warn(
/usr/local/lib/python3.11/site-packages/pydantic/_internal/_generate_schema.py:2249: UnsupportedFieldAttributeWarning: The 'frozen' attribute with value True was provided to the `Field()` function, which has no effect in the context it was used. 'frozen' is field-specific metadata, and can only be attached to a model field using `Annotated` metadata or by assignment. This may have happened because an `Annotated` type alias using the `type` statement was used, or if the `Field()` function was attached to a single member of a union type.
  warnings.warn(
/usr/local/lib/python3.11/site-packages/pydantic/_internal/_generate_schema.py:2249: UnsupportedFieldAttributeWarning: The 'frozen' attribute with value True was provided to the `Field()` function, which has no effect in the context it was used. 'frozen' is field-specific metadata, and can only be attached to a model field using `Annotated` metadata or by assignment. This may have happened because an `Annotated` type alias using the `type` statement was used, or if the `Field()` function was attached to a single member of a union type.
  warnings.warn(
/usr/local/lib/python3.11/site-packages/torch/distributed/distributed_c10d.py:4876: UserWarning: barrier(): using the device under current context. You can specify `device_id` in `init_process_group` to mute this warning.
  warnings.warn(  # warn only once
[rank0]:[W601 07:36:42.558917699 ProcessGroupNCCL.cpp:5068] Guessing device ID based on global rank. This can cause a hang if rank to GPU mapping is heterogeneous. You can specify device_id in init_process_group()
I0601 07:36:44.617556 140584567538880 logger_utils.py:84] Creating experiment directory at /experiment_runs/submissions_a100/muon_torch_jax_hps_achandr/study_2/criteo1tb_pytorch.
I0601 07:36:44.617556 140676523459776 logger_utils.py:84] Creating experiment directory at /experiment_runs/submissions_a100/muon_torch_jax_hps_achandr/study_2/criteo1tb_pytorch.
I0601 07:36:44.617556 140431457473728 logger_utils.py:84] Creating experiment directory at /experiment_runs/submissions_a100/muon_torch_jax_hps_achandr/study_2/criteo1tb_pytorch.
I0601 07:36:44.617594 139860953879744 logger_utils.py:84] Creating experiment directory at /experiment_runs/submissions_a100/muon_torch_jax_hps_achandr/study_2/criteo1tb_pytorch.
I0601 07:36:54.278347 140431457473728 submission_runner.py:741] Creating directory at /experiment_runs/submissions_a100/muon_torch_jax_hps_achandr/study_2/criteo1tb_pytorch/trial_1.
I0601 07:36:54.641199 140431457473728 submission_runner.py:242] Initializing dataset.
I0601 07:36:54.641377 140431457473728 submission_runner.py:251] Initializing model.
W0601 07:36:59.851448 140584567538880 submission_runner.py:273] These workloads cannot be fully compiled under current PyTorch version. Proceeding without `torch.compile`.
W0601 07:36:59.851457 140431457473728 submission_runner.py:273] These workloads cannot be fully compiled under current PyTorch version. Proceeding without `torch.compile`.
W0601 07:36:59.851448 140676523459776 submission_runner.py:273] These workloads cannot be fully compiled under current PyTorch version. Proceeding without `torch.compile`.
W0601 07:36:59.851488 139860953879744 submission_runner.py:273] These workloads cannot be fully compiled under current PyTorch version. Proceeding without `torch.compile`.
I0601 07:36:59.851633 140431457473728 submission_runner.py:294] Initializing optimizer.
I0601 07:36:59.851755 140584567538880 muon.py:324] Muon params:
	module.bot_mlp.0.weight (ndim=2)
	module.bot_mlp.2.weight (ndim=2)
	module.bot_mlp.4.weight (ndim=2)
	module.top_mlp.0.weight (ndim=2)
	module.top_mlp.2.weight (ndim=2)
	module.top_mlp.4.weight (ndim=2)
	module.top_mlp.6.weight (ndim=2)
	module.top_mlp.9.weight (ndim=2)
I0601 07:36:59.851759 140676523459776 muon.py:324] Muon params:
	module.bot_mlp.0.weight (ndim=2)
	module.bot_mlp.2.weight (ndim=2)
	module.bot_mlp.4.weight (ndim=2)
	module.top_mlp.0.weight (ndim=2)
	module.top_mlp.2.weight (ndim=2)
	module.top_mlp.4.weight (ndim=2)
	module.top_mlp.6.weight (ndim=2)
	module.top_mlp.9.weight (ndim=2)
I0601 07:36:59.851795 139860953879744 muon.py:324] Muon params:
	module.bot_mlp.0.weight (ndim=2)
	module.bot_mlp.2.weight (ndim=2)
	module.bot_mlp.4.weight (ndim=2)
	module.top_mlp.0.weight (ndim=2)
	module.top_mlp.2.weight (ndim=2)
	module.top_mlp.4.weight (ndim=2)
	module.top_mlp.6.weight (ndim=2)
	module.top_mlp.9.weight (ndim=2)
I0601 07:36:59.851816 140431457473728 muon.py:324] Muon params:
	module.bot_mlp.0.weight (ndim=2)
	module.bot_mlp.2.weight (ndim=2)
	module.bot_mlp.4.weight (ndim=2)
	module.top_mlp.0.weight (ndim=2)
	module.top_mlp.2.weight (ndim=2)
	module.top_mlp.4.weight (ndim=2)
	module.top_mlp.6.weight (ndim=2)
	module.top_mlp.9.weight (ndim=2)
I0601 07:36:59.851833 140584567538880 muon.py:325] Adam params:
	module.embedding_chunk_0 (ndim=2)
	module.embedding_chunk_1 (ndim=2)
	module.embedding_chunk_2 (ndim=2)
	module.embedding_chunk_3 (ndim=2)
	module.bot_mlp.0.bias (ndim=1)
	module.bot_mlp.2.bias (ndim=1)
	module.bot_mlp.4.bias (ndim=1)
	module.top_mlp.0.bias (ndim=1)
	module.top_mlp.2.bias (ndim=1)
	module.top_mlp.4.bias (ndim=1)
	module.top_mlp.6.bias (ndim=1)
	module.top_mlp.9.bias (ndim=1)
I0601 07:36:59.851838 140676523459776 muon.py:325] Adam params:
	module.embedding_chunk_0 (ndim=2)
	module.embedding_chunk_1 (ndim=2)
	module.embedding_chunk_2 (ndim=2)
	module.embedding_chunk_3 (ndim=2)
	module.bot_mlp.0.bias (ndim=1)
	module.bot_mlp.2.bias (ndim=1)
	module.bot_mlp.4.bias (ndim=1)
	module.top_mlp.0.bias (ndim=1)
	module.top_mlp.2.bias (ndim=1)
	module.top_mlp.4.bias (ndim=1)
	module.top_mlp.6.bias (ndim=1)
	module.top_mlp.9.bias (ndim=1)
I0601 07:36:59.851874 139860953879744 muon.py:325] Adam params:
	module.embedding_chunk_0 (ndim=2)
	module.embedding_chunk_1 (ndim=2)
	module.embedding_chunk_2 (ndim=2)
	module.embedding_chunk_3 (ndim=2)
	module.bot_mlp.0.bias (ndim=1)
	module.bot_mlp.2.bias (ndim=1)
	module.bot_mlp.4.bias (ndim=1)
	module.top_mlp.0.bias (ndim=1)
	module.top_mlp.2.bias (ndim=1)
	module.top_mlp.4.bias (ndim=1)
	module.top_mlp.6.bias (ndim=1)
	module.top_mlp.9.bias (ndim=1)
I0601 07:36:59.851878 140431457473728 muon.py:325] Adam params:
	module.embedding_chunk_0 (ndim=2)
	module.embedding_chunk_1 (ndim=2)
	module.embedding_chunk_2 (ndim=2)
	module.embedding_chunk_3 (ndim=2)
	module.bot_mlp.0.bias (ndim=1)
	module.bot_mlp.2.bias (ndim=1)
	module.bot_mlp.4.bias (ndim=1)
	module.top_mlp.0.bias (ndim=1)
	module.top_mlp.2.bias (ndim=1)
	module.top_mlp.4.bias (ndim=1)
	module.top_mlp.6.bias (ndim=1)
	module.top_mlp.9.bias (ndim=1)
I0601 07:36:59.868348 140431457473728 submission_runner.py:299] Initializing metrics bundle.
I0601 07:36:59.868548 140431457473728 submission_runner.py:321] Initializing checkpoint and logger.
I0601 07:36:59.870347 140431457473728 submission_runner.py:344] Saving meta data to /experiment_runs/submissions_a100/muon_torch_jax_hps_achandr/study_2/criteo1tb_pytorch/trial_1/meta_data_0.json.
I0601 07:36:59.870423 139860953879744 logger_utils.py:283] Unable to record workload.train_mean information. Continuing without it.
I0601 07:36:59.870426 140584567538880 logger_utils.py:283] Unable to record workload.train_mean information. Continuing without it.
I0601 07:36:59.870450 140676523459776 logger_utils.py:283] Unable to record workload.train_mean information. Continuing without it.
I0601 07:36:59.870544 140431457473728 logger_utils.py:283] Unable to record workload.train_mean information. Continuing without it.
I0601 07:36:59.870558 140584567538880 logger_utils.py:283] Unable to record workload.train_stddev information. Continuing without it.
I0601 07:36:59.870559 139860953879744 logger_utils.py:283] Unable to record workload.train_stddev information. Continuing without it.
I0601 07:36:59.870592 140676523459776 logger_utils.py:283] Unable to record workload.train_stddev information. Continuing without it.
I0601 07:36:59.870601 140431457473728 logger_utils.py:283] Unable to record workload.train_stddev information. Continuing without it.
I0601 07:37:00.405916 140431457473728 submission_runner.py:348] Saving flags to /experiment_runs/submissions_a100/muon_torch_jax_hps_achandr/study_2/criteo1tb_pytorch/trial_1/flags_0.json.
I0601 07:37:00.578949 140431457473728 submission_runner.py:359] Starting training loop.
I0601 07:37:43.538210 140431457473728 spec.py:333] Evaluating on the training split.
I0601 07:47:43.855518 140431457473728 spec.py:346] Evaluating on the validation split.
I0601 07:57:57.010765 140431457473728 spec.py:363] Evaluating on the test split.
I0601 08:09:46.116196 140431457473728 submission_runner.py:516] Time since start: 1965.53s, 	Step: 1, 	{'train/loss': 1.367371307303768, 'validation/loss': 1.3636311678996333, 'validation/num_examples': 83274637, 'test/loss': 1.364385175673314, 'test/num_examples': 95000000, 'score': 42.53327655792236, 'total_duration': 1965.5275523662567, 'accumulated_submission_time': 42.53327655792236, 'accumulated_eval_time': 1922.5681664943695, 'accumulated_logging_time': 0}
I0601 08:09:46.405977 140389772097280 logging_writer.py:48] [1] accumulated_eval_time=1922.57, accumulated_logging_time=0, accumulated_submission_time=42.5333, global_step=1, preemption_count=0, score=42.5333, test/loss=1.36439, test/num_examples=95000000, total_duration=1965.53, train/loss=1.36737, validation/loss=1.36363, validation/num_examples=83274637
I0601 08:15:43.115628 140431457473728 spec.py:333] Evaluating on the training split.
I0601 08:25:59.688357 140431457473728 spec.py:346] Evaluating on the validation split.
I0601 08:30:05.931203 140431457473728 spec.py:363] Evaluating on the test split.
I0601 08:34:31.052696 140431457473728 submission_runner.py:516] Time since start: 3450.47s, 	Step: 193, 	{'train/loss': 1.367536169641158, 'validation/loss': 1.3636311678996333, 'validation/num_examples': 83274637, 'test/loss': 1.364385175673314, 'test/num_examples': 95000000, 'score': 398.13517928123474, 'total_duration': 3450.473973751068, 'accumulated_submission_time': 398.13517928123474, 'accumulated_eval_time': 3050.5053296089172, 'accumulated_logging_time': 0.5029847621917725}
I0601 08:34:31.156446 140389763704576 logging_writer.py:48] [193] accumulated_eval_time=3050.51, accumulated_logging_time=0.502985, accumulated_submission_time=398.135, global_step=193, preemption_count=0, score=398.135, test/loss=1.36439, test/num_examples=95000000, total_duration=3450.47, train/loss=1.36754, validation/loss=1.36363, validation/num_examples=83274637
I0601 08:40:28.942073 140431457473728 spec.py:333] Evaluating on the training split.
I0601 08:50:50.143790 140431457473728 spec.py:346] Evaluating on the validation split.
I0601 08:54:35.954503 140431457473728 spec.py:363] Evaluating on the test split.
I0601 08:58:47.780300 140431457473728 submission_runner.py:516] Time since start: 4907.20s, 	Step: 383, 	{'train/loss': 1.3672707083889895, 'validation/loss': 1.3636311678996333, 'validation/num_examples': 83274637, 'test/loss': 1.364385175673314, 'test/num_examples': 95000000, 'score': 755.0230791568756, 'total_duration': 4907.201560974121, 'accumulated_submission_time': 755.0230791568756, 'accumulated_eval_time': 4149.343628644943, 'accumulated_logging_time': 0.6142735481262207}
I0601 08:58:47.816011 140389772097280 logging_writer.py:48] [383] accumulated_eval_time=4149.34, accumulated_logging_time=0.614274, accumulated_submission_time=755.023, global_step=383, preemption_count=0, score=755.023, test/loss=1.36439, test/num_examples=95000000, total_duration=4907.2, train/loss=1.36727, validation/loss=1.36363, validation/num_examples=83274637
I0601 09:04:46.336282 140431457473728 spec.py:333] Evaluating on the training split.
I0601 09:15:06.122213 140431457473728 spec.py:346] Evaluating on the validation split.
I0601 09:18:52.848643 140431457473728 spec.py:363] Evaluating on the test split.
I0601 09:23:00.398074 140431457473728 submission_runner.py:516] Time since start: 6359.82s, 	Step: 577, 	{'train/loss': 1.3671754620633632, 'validation/loss': 1.3636311678996333, 'validation/num_examples': 83274637, 'test/loss': 1.364385175673314, 'test/num_examples': 95000000, 'score': 1112.6412861347198, 'total_duration': 6359.819314241409, 'accumulated_submission_time': 1112.6412861347198, 'accumulated_eval_time': 5243.405469179153, 'accumulated_logging_time': 0.6572697162628174}
I0601 09:23:00.428194 140389763704576 logging_writer.py:48] [577] accumulated_eval_time=5243.41, accumulated_logging_time=0.65727, accumulated_submission_time=1112.64, global_step=577, preemption_count=0, score=1112.64, test/loss=1.36439, test/num_examples=95000000, total_duration=6359.82, train/loss=1.36718, validation/loss=1.36363, validation/num_examples=83274637
I0601 09:28:57.778943 140431457473728 spec.py:333] Evaluating on the training split.
I0601 09:38:46.198095 140431457473728 spec.py:346] Evaluating on the validation split.
I0601 09:42:32.253108 140431457473728 spec.py:363] Evaluating on the test split.
I0601 09:46:40.379746 140431457473728 submission_runner.py:516] Time since start: 7779.80s, 	Step: 769, 	{'train/loss': 1.3681609107915422, 'validation/loss': 1.3636311678996333, 'validation/num_examples': 83274637, 'test/loss': 1.364385175673314, 'test/num_examples': 95000000, 'score': 1469.0903508663177, 'total_duration': 7779.800980567932, 'accumulated_submission_time': 1469.0903508663177, 'accumulated_eval_time': 6306.006357908249, 'accumulated_logging_time': 0.6957137584686279}
I0601 09:46:40.405790 140389772097280 logging_writer.py:48] [769] accumulated_eval_time=6306.01, accumulated_logging_time=0.695714, accumulated_submission_time=1469.09, global_step=769, preemption_count=0, score=1469.09, test/loss=1.36439, test/num_examples=95000000, total_duration=7779.8, train/loss=1.36816, validation/loss=1.36363, validation/num_examples=83274637
I0601 09:52:38.603329 140431457473728 spec.py:333] Evaluating on the training split.
I0601 10:02:29.188370 140431457473728 spec.py:346] Evaluating on the validation split.
I0601 10:06:15.538840 140431457473728 spec.py:363] Evaluating on the test split.
I0601 10:10:23.196864 140431457473728 submission_runner.py:516] Time since start: 9202.62s, 	Step: 977, 	{'train/loss': 1.365954897372877, 'validation/loss': 1.3636311678996333, 'validation/num_examples': 83274637, 'test/loss': 1.364385175673314, 'test/num_examples': 95000000, 'score': 1826.3783595561981, 'total_duration': 9202.618129491806, 'accumulated_submission_time': 1826.3783595561981, 'accumulated_eval_time': 7370.599951267242, 'accumulated_logging_time': 0.7291109561920166}
I0601 10:10:23.220829 140389763704576 logging_writer.py:48] [977] accumulated_eval_time=7370.6, accumulated_logging_time=0.729111, accumulated_submission_time=1826.38, global_step=977, preemption_count=0, score=1826.38, test/loss=1.36439, test/num_examples=95000000, total_duration=9202.62, train/loss=1.36595, validation/loss=1.36363, validation/num_examples=83274637
I0601 10:16:19.685448 140431457473728 spec.py:333] Evaluating on the training split.
I0601 10:26:21.241548 140431457473728 spec.py:346] Evaluating on the validation split.
I0601 10:30:05.477100 140431457473728 spec.py:363] Evaluating on the test split.
I0601 10:34:12.258051 140431457473728 submission_runner.py:516] Time since start: 10631.68s, 	Step: 1184, 	{'train/loss': 1.3678507069838508, 'validation/loss': 1.3636311678996333, 'validation/num_examples': 83274637, 'test/loss': 1.364385175673314, 'test/num_examples': 95000000, 'score': 2181.9254534244537, 'total_duration': 10631.679314136505, 'accumulated_submission_time': 2181.9254534244537, 'accumulated_eval_time': 8443.17261838913, 'accumulated_logging_time': 0.7602190971374512}
I0601 10:34:12.281125 140389772097280 logging_writer.py:48] [1184] accumulated_eval_time=8443.17, accumulated_logging_time=0.760219, accumulated_submission_time=2181.93, global_step=1184, preemption_count=0, score=2181.93, test/loss=1.36439, test/num_examples=95000000, total_duration=10631.7, train/loss=1.36785, validation/loss=1.36363, validation/num_examples=83274637
I0601 10:40:10.748449 140431457473728 spec.py:333] Evaluating on the training split.
I0601 10:49:41.327796 140431457473728 spec.py:346] Evaluating on the validation split.
I0601 10:53:24.321811 140431457473728 spec.py:363] Evaluating on the test split.
I0601 10:57:29.767657 140431457473728 submission_runner.py:516] Time since start: 12029.19s, 	Step: 1385, 	{'train/loss': 1.367843651607964, 'validation/loss': 1.3636311678996333, 'validation/num_examples': 83274637, 'test/loss': 1.364385175673314, 'test/num_examples': 95000000, 'score': 2539.4852142333984, 'total_duration': 12029.18891954422, 'accumulated_submission_time': 2539.4852142333984, 'accumulated_eval_time': 9482.191900253296, 'accumulated_logging_time': 0.7906053066253662}
I0601 10:57:29.791878 140389763704576 logging_writer.py:48] [1385] accumulated_eval_time=9482.19, accumulated_logging_time=0.790605, accumulated_submission_time=2539.49, global_step=1385, preemption_count=0, score=2539.49, test/loss=1.36439, test/num_examples=95000000, total_duration=12029.2, train/loss=1.36784, validation/loss=1.36363, validation/num_examples=83274637
I0601 11:03:26.881755 140431457473728 spec.py:333] Evaluating on the training split.
I0601 11:11:48.081237 140431457473728 spec.py:346] Evaluating on the validation split.
I0601 11:15:28.747284 140431457473728 spec.py:363] Evaluating on the test split.
I0601 11:19:31.047863 140431457473728 submission_runner.py:516] Time since start: 13350.47s, 	Step: 1594, 	{'train/loss': 1.3676769387240066, 'validation/loss': 1.3636311678996333, 'validation/num_examples': 83274637, 'test/loss': 1.364385175673314, 'test/num_examples': 95000000, 'score': 2895.6673555374146, 'total_duration': 13350.469121932983, 'accumulated_submission_time': 2895.6673555374146, 'accumulated_eval_time': 10446.358093500137, 'accumulated_logging_time': 0.8218181133270264}
I0601 11:19:31.072452 140389772097280 logging_writer.py:48] [1594] accumulated_eval_time=10446.4, accumulated_logging_time=0.821818, accumulated_submission_time=2895.67, global_step=1594, preemption_count=0, score=2895.67, test/loss=1.36439, test/num_examples=95000000, total_duration=13350.5, train/loss=1.36768, validation/loss=1.36363, validation/num_examples=83274637
I0601 11:25:28.422978 140431457473728 spec.py:333] Evaluating on the training split.
I0601 11:34:57.663136 140431457473728 spec.py:346] Evaluating on the validation split.
I0601 11:38:30.283004 140431457473728 spec.py:363] Evaluating on the test split.
I0601 11:42:23.681268 140431457473728 submission_runner.py:516] Time since start: 14723.10s, 	Step: 1788, 	{'train/loss': 1.367005784012496, 'validation/loss': 1.3636311679025652, 'validation/num_examples': 83274637, 'test/loss': 1.364385175673314, 'test/num_examples': 95000000, 'score': 3252.1238832473755, 'total_duration': 14723.102525472641, 'accumulated_submission_time': 3252.1238832473755, 'accumulated_eval_time': 11461.616449594498, 'accumulated_logging_time': 0.8534996509552002}
I0601 11:42:23.709647 140389763704576 logging_writer.py:48] [1788] accumulated_eval_time=11461.6, accumulated_logging_time=0.8535, accumulated_submission_time=3252.12, global_step=1788, preemption_count=0, score=3252.12, test/loss=1.36439, test/num_examples=95000000, total_duration=14723.1, train/loss=1.36701, validation/loss=1.36363, validation/num_examples=83274637
I0601 11:48:21.618725 140431457473728 spec.py:333] Evaluating on the training split.
I0601 11:56:25.606317 140431457473728 spec.py:346] Evaluating on the validation split.
I0601 11:59:49.009575 140431457473728 spec.py:363] Evaluating on the test split.
I0601 12:03:32.841916 140431457473728 submission_runner.py:516] Time since start: 15992.26s, 	Step: 1998, 	{'train/loss': 1.3678823219212448, 'validation/loss': 1.3636311678996333, 'validation/num_examples': 83274637, 'test/loss': 1.364385175675884, 'test/num_examples': 95000000, 'score': 3609.148532152176, 'total_duration': 15992.2631483078, 'accumulated_submission_time': 3609.148532152176, 'accumulated_eval_time': 12372.839658737183, 'accumulated_logging_time': 0.8910031318664551}
I0601 12:03:32.870617 140389772097280 logging_writer.py:48] [1998] accumulated_eval_time=12372.8, accumulated_logging_time=0.891003, accumulated_submission_time=3609.15, global_step=1998, preemption_count=0, score=3609.15, test/loss=1.36439, test/num_examples=95000000, total_duration=15992.3, train/loss=1.36788, validation/loss=1.36363, validation/num_examples=83274637
I0601 12:09:30.345335 140431457473728 spec.py:333] Evaluating on the training split.
I0601 12:17:24.353850 140431457473728 spec.py:346] Evaluating on the validation split.
I0601 12:20:24.851320 140431457473728 spec.py:363] Evaluating on the test split.
I0601 12:23:49.886790 140431457473728 submission_runner.py:516] Time since start: 17209.31s, 	Step: 2195, 	{'train/loss': 1.3662966557657674, 'validation/loss': 1.3636311678967017, 'validation/num_examples': 83274637, 'test/loss': 1.364385175675884, 'test/num_examples': 95000000, 'score': 3965.745125055313, 'total_duration': 17209.30805540085, 'accumulated_submission_time': 3965.745125055313, 'accumulated_eval_time': 13232.381165027618, 'accumulated_logging_time': 0.9268035888671875}
I0601 12:23:49.910309 140389763704576 logging_writer.py:48] [2195] accumulated_eval_time=13232.4, accumulated_logging_time=0.926804, accumulated_submission_time=3965.75, global_step=2195, preemption_count=0, score=3965.75, test/loss=1.36439, test/num_examples=95000000, total_duration=17209.3, train/loss=1.3663, validation/loss=1.36363, validation/num_examples=83274637
I0601 12:29:47.447107 140431457473728 spec.py:333] Evaluating on the training split.
I0601 12:34:31.612436 140431457473728 spec.py:346] Evaluating on the validation split.
I0601 12:36:46.363578 140431457473728 spec.py:363] Evaluating on the test split.
I0601 12:39:34.092673 140431457473728 submission_runner.py:516] Time since start: 18153.51s, 	Step: 2426, 	{'train/loss': 1.3665069369919864, 'validation/loss': 1.3636311678967017, 'validation/num_examples': 83274637, 'test/loss': 1.364385175675884, 'test/num_examples': 95000000, 'score': 4322.406006097794, 'total_duration': 18153.51394224167, 'accumulated_submission_time': 4322.406006097794, 'accumulated_eval_time': 13819.026789426804, 'accumulated_logging_time': 0.957505464553833}
I0601 12:39:34.122543 140389772097280 logging_writer.py:48] [2426] accumulated_eval_time=13819, accumulated_logging_time=0.957505, accumulated_submission_time=4322.41, global_step=2426, preemption_count=0, score=4322.41, test/loss=1.36439, test/num_examples=95000000, total_duration=18153.5, train/loss=1.36651, validation/loss=1.36363, validation/num_examples=83274637
I0601 12:45:31.251413 140431457473728 spec.py:333] Evaluating on the training split.
I0601 12:49:11.955235 140431457473728 spec.py:346] Evaluating on the validation split.
I0601 12:50:42.169784 140431457473728 spec.py:363] Evaluating on the test split.
I0601 12:53:32.828022 140431457473728 submission_runner.py:516] Time since start: 18992.25s, 	Step: 2623, 	{'train/loss': 1.3672909402434525, 'validation/loss': 1.36363116789377, 'validation/num_examples': 83274637, 'test/loss': 1.364385175675884, 'test/num_examples': 95000000, 'score': 4678.667719125748, 'total_duration': 18992.249231100082, 'accumulated_submission_time': 4678.667719125748, 'accumulated_eval_time': 14300.603379964828, 'accumulated_logging_time': 0.9945554733276367}
I0601 12:53:32.852315 140389763704576 logging_writer.py:48] [2623] accumulated_eval_time=14300.6, accumulated_logging_time=0.994555, accumulated_submission_time=4678.67, global_step=2623, preemption_count=0, score=4678.67, test/loss=1.36439, test/num_examples=95000000, total_duration=18992.2, train/loss=1.36729, validation/loss=1.36363, validation/num_examples=83274637
I0601 12:59:29.974589 140431457473728 spec.py:333] Evaluating on the training split.
I0601 13:00:51.338536 140431457473728 spec.py:346] Evaluating on the validation split.
I0601 13:02:21.190835 140431457473728 spec.py:363] Evaluating on the test split.
I0601 13:05:09.270593 140431457473728 submission_runner.py:516] Time since start: 19688.69s, 	Step: 2828, 	{'train/loss': 1.3675945577232382, 'validation/loss': 1.36363116789377, 'validation/num_examples': 83274637, 'test/loss': 1.364385175675884, 'test/num_examples': 95000000, 'score': 5034.900309562683, 'total_duration': 19688.691870212555, 'accumulated_submission_time': 5034.900309562683, 'accumulated_eval_time': 14639.899507761002, 'accumulated_logging_time': 1.025914192199707}
I0601 13:05:09.300081 140389772097280 logging_writer.py:48] [2828] accumulated_eval_time=14639.9, accumulated_logging_time=1.02591, accumulated_submission_time=5034.9, global_step=2828, preemption_count=0, score=5034.9, test/loss=1.36439, test/num_examples=95000000, total_duration=19688.7, train/loss=1.36759, validation/loss=1.36363, validation/num_examples=83274637
I0601 13:11:06.516994 140431457473728 spec.py:333] Evaluating on the training split.
I0601 13:12:05.315035 140431457473728 spec.py:346] Evaluating on the validation split.
I0601 13:13:35.631163 140431457473728 spec.py:363] Evaluating on the test split.
I0601 13:16:22.697654 140431457473728 submission_runner.py:516] Time since start: 20362.12s, 	Step: 3031, 	{'train/loss': 1.3681510451616041, 'validation/loss': 1.36363116789377, 'validation/num_examples': 83274637, 'test/loss': 1.364385175675884, 'test/num_examples': 95000000, 'score': 5391.239550352097, 'total_duration': 20362.118931293488, 'accumulated_submission_time': 5391.239550352097, 'accumulated_eval_time': 14956.080243587494, 'accumulated_logging_time': 1.062896966934204}
I0601 13:16:22.724689 140389763704576 logging_writer.py:48] [3031] accumulated_eval_time=14956.1, accumulated_logging_time=1.0629, accumulated_submission_time=5391.24, global_step=3031, preemption_count=0, score=5391.24, test/loss=1.36439, test/num_examples=95000000, total_duration=20362.1, train/loss=1.36815, validation/loss=1.36363, validation/num_examples=83274637
I0601 13:22:19.161656 140431457473728 spec.py:333] Evaluating on the training split.
I0601 13:23:17.590213 140431457473728 spec.py:346] Evaluating on the validation split.
I0601 13:24:47.270942 140431457473728 spec.py:363] Evaluating on the test split.
I0601 13:27:34.311473 140431457473728 submission_runner.py:516] Time since start: 21033.73s, 	Step: 3237, 	{'train/loss': 1.3681573941380214, 'validation/loss': 1.36363116789377, 'validation/num_examples': 83274637, 'test/loss': 1.364385175675884, 'test/num_examples': 95000000, 'score': 5746.798086881638, 'total_duration': 21033.732728481293, 'accumulated_submission_time': 5746.798086881638, 'accumulated_eval_time': 15271.23009133339, 'accumulated_logging_time': 1.0973014831542969}
I0601 13:27:34.336279 140389772097280 logging_writer.py:48] [3237] accumulated_eval_time=15271.2, accumulated_logging_time=1.0973, accumulated_submission_time=5746.8, global_step=3237, preemption_count=0, score=5746.8, test/loss=1.36439, test/num_examples=95000000, total_duration=21033.7, train/loss=1.36816, validation/loss=1.36363, validation/num_examples=83274637
I0601 13:33:31.016775 140431457473728 spec.py:333] Evaluating on the training split.
I0601 13:34:29.771879 140431457473728 spec.py:346] Evaluating on the validation split.
I0601 13:35:59.226809 140431457473728 spec.py:363] Evaluating on the test split.
I0601 13:38:46.410890 140431457473728 submission_runner.py:516] Time since start: 21705.83s, 	Step: 3452, 	{'train/loss': 1.367275932956558, 'validation/loss': 1.36363116789377, 'validation/num_examples': 83274637, 'test/loss': 1.364385175675884, 'test/num_examples': 95000000, 'score': 6102.612571954727, 'total_duration': 21705.832144975662, 'accumulated_submission_time': 6102.612571954727, 'accumulated_eval_time': 15586.624249696732, 'accumulated_logging_time': 1.1292052268981934}
I0601 13:38:46.442044 140389763704576 logging_writer.py:48] [3452] accumulated_eval_time=15586.6, accumulated_logging_time=1.12921, accumulated_submission_time=6102.61, global_step=3452, preemption_count=0, score=6102.61, test/loss=1.36439, test/num_examples=95000000, total_duration=21705.8, train/loss=1.36728, validation/loss=1.36363, validation/num_examples=83274637
I0601 13:44:43.171362 140431457473728 spec.py:333] Evaluating on the training split.
I0601 13:45:42.034922 140431457473728 spec.py:346] Evaluating on the validation split.
I0601 13:47:13.428106 140431457473728 spec.py:363] Evaluating on the test split.
I0601 13:50:01.001877 140431457473728 submission_runner.py:516] Time since start: 22380.42s, 	Step: 3654, 	{'train/loss': 1.3687139796666594, 'validation/loss': 1.36363116789377, 'validation/num_examples': 83274637, 'test/loss': 1.364385175675884, 'test/num_examples': 95000000, 'score': 6458.469404697418, 'total_duration': 22380.423159122467, 'accumulated_submission_time': 6458.469404697418, 'accumulated_eval_time': 15904.454843759537, 'accumulated_logging_time': 1.167496919631958}
I0601 13:50:01.029565 140389772097280 logging_writer.py:48] [3654] accumulated_eval_time=15904.5, accumulated_logging_time=1.1675, accumulated_submission_time=6458.47, global_step=3654, preemption_count=0, score=6458.47, test/loss=1.36439, test/num_examples=95000000, total_duration=22380.4, train/loss=1.36871, validation/loss=1.36363, validation/num_examples=83274637
I0601 13:55:58.141466 140431457473728 spec.py:333] Evaluating on the training split.
I0601 13:56:57.321992 140431457473728 spec.py:346] Evaluating on the validation split.
I0601 13:58:27.236357 140431457473728 spec.py:363] Evaluating on the test split.
I0601 14:01:16.101317 140431457473728 submission_runner.py:516] Time since start: 23055.52s, 	Step: 3860, 	{'train/loss': 1.366284445159763, 'validation/loss': 1.36363116789377, 'validation/num_examples': 83274637, 'test/loss': 1.364385175675884, 'test/num_examples': 95000000, 'score': 6814.713526725769, 'total_duration': 23055.522598028183, 'accumulated_submission_time': 6814.713526725769, 'accumulated_eval_time': 16222.414763450623, 'accumulated_logging_time': 1.2022922039031982}
I0601 14:01:16.126277 140389763704576 logging_writer.py:48] [3860] accumulated_eval_time=16222.4, accumulated_logging_time=1.20229, accumulated_submission_time=6814.71, global_step=3860, preemption_count=0, score=6814.71, test/loss=1.36439, test/num_examples=95000000, total_duration=23055.5, train/loss=1.36628, validation/loss=1.36363, validation/num_examples=83274637
I0601 14:07:13.950454 140431457473728 spec.py:333] Evaluating on the training split.
I0601 14:08:12.578142 140431457473728 spec.py:346] Evaluating on the validation split.
I0601 14:09:43.577123 140431457473728 spec.py:363] Evaluating on the test split.
I0601 14:12:32.349236 140431457473728 submission_runner.py:516] Time since start: 23731.77s, 	Step: 4052, 	{'train/loss': 1.3663501821966966, 'validation/loss': 1.36363116789377, 'validation/num_examples': 83274637, 'test/loss': 1.364385175675884, 'test/num_examples': 95000000, 'score': 7171.664207696915, 'total_duration': 23731.77049922943, 'accumulated_submission_time': 7171.664207696915, 'accumulated_eval_time': 16540.813586711884, 'accumulated_logging_time': 1.234581470489502}
I0601 14:12:32.378896 140389772097280 logging_writer.py:48] [4052] accumulated_eval_time=16540.8, accumulated_logging_time=1.23458, accumulated_submission_time=7171.66, global_step=4052, preemption_count=0, score=7171.66, test/loss=1.36439, test/num_examples=95000000, total_duration=23731.8, train/loss=1.36635, validation/loss=1.36363, validation/num_examples=83274637
I0601 14:18:28.804376 140431457473728 spec.py:333] Evaluating on the training split.
I0601 14:19:27.202021 140431457473728 spec.py:346] Evaluating on the validation split.
I0601 14:20:57.322302 140431457473728 spec.py:363] Evaluating on the test split.
I0601 14:23:44.544161 140431457473728 submission_runner.py:516] Time since start: 24403.97s, 	Step: 4248, 	{'train/loss': 1.3676314883208196, 'validation/loss': 1.36363116789377, 'validation/num_examples': 83274637, 'test/loss': 1.364385175675884, 'test/num_examples': 95000000, 'score': 7527.227620840073, 'total_duration': 24403.965448617935, 'accumulated_submission_time': 7527.227620840073, 'accumulated_eval_time': 16856.553430318832, 'accumulated_logging_time': 1.271458387374878}
I0601 14:23:44.574197 140389763704576 logging_writer.py:48] [4248] accumulated_eval_time=16856.6, accumulated_logging_time=1.27146, accumulated_submission_time=7527.23, global_step=4248, preemption_count=0, score=7527.23, test/loss=1.36439, test/num_examples=95000000, total_duration=24404, train/loss=1.36763, validation/loss=1.36363, validation/num_examples=83274637
I0601 14:29:42.804933 140431457473728 spec.py:333] Evaluating on the training split.
I0601 14:30:41.342227 140431457473728 spec.py:346] Evaluating on the validation split.
I0601 14:32:11.560145 140431457473728 spec.py:363] Evaluating on the test split.
I0601 14:34:58.910246 140431457473728 submission_runner.py:516] Time since start: 25078.33s, 	Step: 4452, 	{'train/loss': 1.366873301675581, 'validation/loss': 1.36363116789377, 'validation/num_examples': 83274637, 'test/loss': 1.364385175675884, 'test/num_examples': 95000000, 'score': 7884.582905769348, 'total_duration': 25078.331524848938, 'accumulated_submission_time': 7884.582905769348, 'accumulated_eval_time': 17172.6588037014, 'accumulated_logging_time': 1.3089666366577148}
I0601 14:34:58.935914 140389772097280 logging_writer.py:48] [4452] accumulated_eval_time=17172.7, accumulated_logging_time=1.30897, accumulated_submission_time=7884.58, global_step=4452, preemption_count=0, score=7884.58, test/loss=1.36439, test/num_examples=95000000, total_duration=25078.3, train/loss=1.36687, validation/loss=1.36363, validation/num_examples=83274637
I0601 14:40:57.327048 140431457473728 spec.py:333] Evaluating on the training split.
I0601 14:41:55.911162 140431457473728 spec.py:346] Evaluating on the validation split.
I0601 14:43:26.212635 140431457473728 spec.py:363] Evaluating on the test split.
I0601 14:46:14.186767 140431457473728 submission_runner.py:516] Time since start: 25753.61s, 	Step: 4656, 	{'train/loss': 1.3661346976860944, 'validation/loss': 1.36363116789377, 'validation/num_examples': 83274637, 'test/loss': 1.364385175675884, 'test/num_examples': 95000000, 'score': 8242.110013246536, 'total_duration': 25753.608024597168, 'accumulated_submission_time': 8242.110013246536, 'accumulated_eval_time': 17489.518581151962, 'accumulated_logging_time': 1.341904878616333}
I0601 14:46:14.210416 140389763704576 logging_writer.py:48] [4656] accumulated_eval_time=17489.5, accumulated_logging_time=1.3419, accumulated_submission_time=8242.11, global_step=4656, preemption_count=0, score=8242.11, test/loss=1.36439, test/num_examples=95000000, total_duration=25753.6, train/loss=1.36613, validation/loss=1.36363, validation/num_examples=83274637
I0601 14:52:11.460939 140431457473728 spec.py:333] Evaluating on the training split.
I0601 14:53:10.060050 140431457473728 spec.py:346] Evaluating on the validation split.
I0601 14:54:40.736771 140431457473728 spec.py:363] Evaluating on the test split.
I0601 14:57:30.046798 140431457473728 submission_runner.py:516] Time since start: 26429.47s, 	Step: 4861, 	{'train/loss': 1.3676583675443013, 'validation/loss': 1.36363116789377, 'validation/num_examples': 83274637, 'test/loss': 1.364385175675884, 'test/num_examples': 95000000, 'score': 8598.509797334671, 'total_duration': 26429.46808075905, 'accumulated_submission_time': 8598.509797334671, 'accumulated_eval_time': 17808.104511737823, 'accumulated_logging_time': 1.3728349208831787}
I0601 14:57:30.077208 140389772097280 logging_writer.py:48] [4861] accumulated_eval_time=17808.1, accumulated_logging_time=1.37283, accumulated_submission_time=8598.51, global_step=4861, preemption_count=0, score=8598.51, test/loss=1.36439, test/num_examples=95000000, total_duration=26429.5, train/loss=1.36766, validation/loss=1.36363, validation/num_examples=83274637
I0601 15:03:26.958632 140431457473728 spec.py:333] Evaluating on the training split.
I0601 15:04:25.651772 140431457473728 spec.py:346] Evaluating on the validation split.
I0601 15:05:58.082507 140431457473728 spec.py:363] Evaluating on the test split.
I0601 15:08:47.071314 140431457473728 submission_runner.py:516] Time since start: 27106.49s, 	Step: 5092, 	{'train/loss': 1.3679439199034116, 'validation/loss': 1.36363116789377, 'validation/num_examples': 83274637, 'test/loss': 1.364385175675884, 'test/num_examples': 95000000, 'score': 8954.529998064041, 'total_duration': 27106.49258208275, 'accumulated_submission_time': 8954.529998064041, 'accumulated_eval_time': 18128.21723484993, 'accumulated_logging_time': 1.4106476306915283}
I0601 15:08:47.102644 140389763704576 logging_writer.py:48] [5092] accumulated_eval_time=18128.2, accumulated_logging_time=1.41065, accumulated_submission_time=8954.53, global_step=5092, preemption_count=0, score=8954.53, test/loss=1.36439, test/num_examples=95000000, total_duration=27106.5, train/loss=1.36794, validation/loss=1.36363, validation/num_examples=83274637
I0601 15:14:43.479630 140431457473728 spec.py:333] Evaluating on the training split.
I0601 15:15:41.933233 140431457473728 spec.py:346] Evaluating on the validation split.
I0601 15:17:13.534292 140431457473728 spec.py:363] Evaluating on the test split.
I0601 15:20:01.043281 140431457473728 submission_runner.py:516] Time since start: 27780.46s, 	Step: 5295, 	{'train/loss': 1.3671158657794202, 'validation/loss': 1.36363116789377, 'validation/num_examples': 83274637, 'test/loss': 1.3643851756861636, 'test/num_examples': 95000000, 'score': 9310.042672395706, 'total_duration': 27780.46453642845, 'accumulated_submission_time': 9310.042672395706, 'accumulated_eval_time': 18445.780916929245, 'accumulated_logging_time': 1.4490504264831543}
I0601 15:20:01.076746 140389772097280 logging_writer.py:48] [5295] accumulated_eval_time=18445.8, accumulated_logging_time=1.44905, accumulated_submission_time=9310.04, global_step=5295, preemption_count=0, score=9310.04, test/loss=1.36439, test/num_examples=95000000, total_duration=27780.5, train/loss=1.36712, validation/loss=1.36363, validation/num_examples=83274637
I0601 15:25:57.971221 140431457473728 spec.py:333] Evaluating on the training split.
I0601 15:26:56.453349 140431457473728 spec.py:346] Evaluating on the validation split.
I0601 15:28:28.426524 140431457473728 spec.py:363] Evaluating on the test split.
I0601 15:31:14.702185 140431457473728 submission_runner.py:516] Time since start: 28454.12s, 	Step: 5509, 	{'train/loss': 1.3675061160071544, 'validation/loss': 1.36363116789377, 'validation/num_examples': 83274637, 'test/loss': 1.3643851756861636, 'test/num_examples': 95000000, 'score': 9666.08513045311, 'total_duration': 28454.12347316742, 'accumulated_submission_time': 9666.08513045311, 'accumulated_eval_time': 18762.51194667816, 'accumulated_logging_time': 1.4897665977478027}
I0601 15:31:14.732230 140389763704576 logging_writer.py:48] [5509] accumulated_eval_time=18762.5, accumulated_logging_time=1.48977, accumulated_submission_time=9666.09, global_step=5509, preemption_count=0, score=9666.09, test/loss=1.36439, test/num_examples=95000000, total_duration=28454.1, train/loss=1.36751, validation/loss=1.36363, validation/num_examples=83274637
I0601 15:37:12.503754 140431457473728 spec.py:333] Evaluating on the training split.
I0601 15:38:11.060901 140431457473728 spec.py:346] Evaluating on the validation split.
I0601 15:39:42.672803 140431457473728 spec.py:363] Evaluating on the test split.
I0601 15:42:31.771279 140431457473728 submission_runner.py:516] Time since start: 29131.19s, 	Step: 5705, 	{'train/loss': 1.3680496032685248, 'validation/loss': 1.36363116789377, 'validation/num_examples': 83274637, 'test/loss': 1.3643851756861636, 'test/num_examples': 95000000, 'score': 10022.998526573181, 'total_duration': 29131.192551851273, 'accumulated_submission_time': 10022.998526573181, 'accumulated_eval_time': 19081.779517889023, 'accumulated_logging_time': 1.527090072631836}
I0601 15:42:31.808560 140389772097280 logging_writer.py:48] [5705] accumulated_eval_time=19081.8, accumulated_logging_time=1.52709, accumulated_submission_time=10023, global_step=5705, preemption_count=0, score=10023, test/loss=1.36439, test/num_examples=95000000, total_duration=29131.2, train/loss=1.36805, validation/loss=1.36363, validation/num_examples=83274637
I0601 15:48:29.072291 140431457473728 spec.py:333] Evaluating on the training split.
I0601 15:49:27.637413 140431457473728 spec.py:346] Evaluating on the validation split.
I0601 15:50:59.058774 140431457473728 spec.py:363] Evaluating on the test split.
I0601 15:53:47.211734 140431457473728 submission_runner.py:516] Time since start: 29806.63s, 	Step: 5894, 	{'train/loss': 1.3669438902820021, 'validation/loss': 1.36363116789377, 'validation/num_examples': 83274637, 'test/loss': 1.3643851756861636, 'test/num_examples': 95000000, 'score': 10379.418315172195, 'total_duration': 29806.63300204277, 'accumulated_submission_time': 10379.418315172195, 'accumulated_eval_time': 19399.918998479843, 'accumulated_logging_time': 1.5727741718292236}
I0601 15:53:47.235849 140389763704576 logging_writer.py:48] [5894] accumulated_eval_time=19399.9, accumulated_logging_time=1.57277, accumulated_submission_time=10379.4, global_step=5894, preemption_count=0, score=10379.4, test/loss=1.36439, test/num_examples=95000000, total_duration=29806.6, train/loss=1.36694, validation/loss=1.36363, validation/num_examples=83274637
I0601 15:59:45.841297 140431457473728 spec.py:333] Evaluating on the training split.
I0601 16:00:44.621963 140431457473728 spec.py:346] Evaluating on the validation split.
I0601 16:02:16.680498 140431457473728 spec.py:363] Evaluating on the test split.
I0601 16:05:03.067380 140431457473728 submission_runner.py:516] Time since start: 30482.49s, 	Step: 6087, 	{'train/loss': 1.369066449734209, 'validation/loss': 1.36363116789377, 'validation/num_examples': 83274637, 'test/loss': 1.3643851756861636, 'test/num_examples': 95000000, 'score': 10737.17550110817, 'total_duration': 30482.4886636734, 'accumulated_submission_time': 10737.17550110817, 'accumulated_eval_time': 19717.14517402649, 'accumulated_logging_time': 1.6042242050170898}
I0601 16:05:03.092706 140389772097280 logging_writer.py:48] [6087] accumulated_eval_time=19717.1, accumulated_logging_time=1.60422, accumulated_submission_time=10737.2, global_step=6087, preemption_count=0, score=10737.2, test/loss=1.36439, test/num_examples=95000000, total_duration=30482.5, train/loss=1.36907, validation/loss=1.36363, validation/num_examples=83274637
I0601 16:11:01.403240 140431457473728 spec.py:333] Evaluating on the training split.
I0601 16:12:00.323703 140431457473728 spec.py:346] Evaluating on the validation split.
I0601 16:13:31.815618 140431457473728 spec.py:363] Evaluating on the test split.
I0601 16:16:20.474082 140431457473728 submission_runner.py:516] Time since start: 31159.90s, 	Step: 6270, 	{'train/loss': 1.368385734378459, 'validation/loss': 1.36363116789377, 'validation/num_examples': 83274637, 'test/loss': 1.3643851756861636, 'test/num_examples': 95000000, 'score': 11094.646926641464, 'total_duration': 31159.895354509354, 'accumulated_submission_time': 11094.646926641464, 'accumulated_eval_time': 20036.2160551548, 'accumulated_logging_time': 1.6368978023529053}
I0601 16:16:20.497850 140389763704576 logging_writer.py:48] [6270] accumulated_eval_time=20036.2, accumulated_logging_time=1.6369, accumulated_submission_time=11094.6, global_step=6270, preemption_count=0, score=11094.6, test/loss=1.36439, test/num_examples=95000000, total_duration=31159.9, train/loss=1.36839, validation/loss=1.36363, validation/num_examples=83274637
I0601 16:22:17.438529 140431457473728 spec.py:333] Evaluating on the training split.
I0601 16:23:16.124433 140431457473728 spec.py:346] Evaluating on the validation split.
I0601 16:24:47.450415 140431457473728 spec.py:363] Evaluating on the test split.
I0601 16:27:35.211602 140431457473728 submission_runner.py:516] Time since start: 31834.63s, 	Step: 6456, 	{'train/loss': 1.3666245928171603, 'validation/loss': 1.36363116789377, 'validation/num_examples': 83274637, 'test/loss': 1.3643851756861636, 'test/num_examples': 95000000, 'score': 11450.746164798737, 'total_duration': 31834.63287115097, 'accumulated_submission_time': 11450.746164798737, 'accumulated_eval_time': 20353.989165067673, 'accumulated_logging_time': 1.6679284572601318}
I0601 16:27:35.239752 140389772097280 logging_writer.py:48] [6456] accumulated_eval_time=20354, accumulated_logging_time=1.66793, accumulated_submission_time=11450.7, global_step=6456, preemption_count=0, score=11450.7, test/loss=1.36439, test/num_examples=95000000, total_duration=31834.6, train/loss=1.36662, validation/loss=1.36363, validation/num_examples=83274637
I0601 16:33:31.735131 140431457473728 spec.py:333] Evaluating on the training split.
I0601 16:34:30.691251 140431457473728 spec.py:346] Evaluating on the validation split.
I0601 16:36:02.683591 140431457473728 spec.py:363] Evaluating on the test split.
I0601 16:38:49.981920 140431457473728 submission_runner.py:516] Time since start: 32509.40s, 	Step: 6648, 	{'train/loss': 1.367227500755675, 'validation/loss': 1.36363116789377, 'validation/num_examples': 83274637, 'test/loss': 1.3643851756861636, 'test/num_examples': 95000000, 'score': 11806.397138595581, 'total_duration': 32509.403186798096, 'accumulated_submission_time': 11806.397138595581, 'accumulated_eval_time': 20672.23601269722, 'accumulated_logging_time': 1.7032465934753418}
I0601 16:38:50.013101 140389763704576 logging_writer.py:48] [6648] accumulated_eval_time=20672.2, accumulated_logging_time=1.70325, accumulated_submission_time=11806.4, global_step=6648, preemption_count=0, score=11806.4, test/loss=1.36439, test/num_examples=95000000, total_duration=32509.4, train/loss=1.36723, validation/loss=1.36363, validation/num_examples=83274637
I0601 16:44:46.506584 140431457473728 spec.py:333] Evaluating on the training split.
I0601 16:45:45.276506 140431457473728 spec.py:346] Evaluating on the validation split.
I0601 16:47:16.641682 140431457473728 spec.py:363] Evaluating on the test split.
I0601 16:50:06.162901 140431457473728 submission_runner.py:516] Time since start: 33185.58s, 	Step: 6847, 	{'train/loss': 1.3680722521482056, 'validation/loss': 1.36363116789377, 'validation/num_examples': 83274637, 'test/loss': 1.3643851756861636, 'test/num_examples': 95000000, 'score': 12162.0326461792, 'total_duration': 33185.58416771889, 'accumulated_submission_time': 12162.0326461792, 'accumulated_eval_time': 20991.89236831665, 'accumulated_logging_time': 1.7415623664855957}
I0601 16:50:06.198086 140389772097280 logging_writer.py:48] [6847] accumulated_eval_time=20991.9, accumulated_logging_time=1.74156, accumulated_submission_time=12162, global_step=6847, preemption_count=0, score=12162, test/loss=1.36439, test/num_examples=95000000, total_duration=33185.6, train/loss=1.36807, validation/loss=1.36363, validation/num_examples=83274637
I0601 16:56:04.553900 140431457473728 spec.py:333] Evaluating on the training split.
I0601 16:57:03.221691 140431457473728 spec.py:346] Evaluating on the validation split.
I0601 16:58:35.360793 140431457473728 spec.py:363] Evaluating on the test split.
I0601 17:01:23.492494 140431457473728 submission_runner.py:516] Time since start: 33862.91s, 	Step: 7033, 	{'train/loss': 1.367411679541903, 'validation/loss': 1.36363116789377, 'validation/num_examples': 83274637, 'test/loss': 1.3643851756861636, 'test/num_examples': 95000000, 'score': 12519.534754514694, 'total_duration': 33862.913759708405, 'accumulated_submission_time': 12519.534754514694, 'accumulated_eval_time': 21310.831016540527, 'accumulated_logging_time': 1.7841272354125977}
I0601 17:01:23.523835 140389763704576 logging_writer.py:48] [7033] accumulated_eval_time=21310.8, accumulated_logging_time=1.78413, accumulated_submission_time=12519.5, global_step=7033, preemption_count=0, score=12519.5, test/loss=1.36439, test/num_examples=95000000, total_duration=33862.9, train/loss=1.36741, validation/loss=1.36363, validation/num_examples=83274637
I0601 17:07:20.510344 140431457473728 spec.py:333] Evaluating on the training split.
I0601 17:08:19.595761 140431457473728 spec.py:346] Evaluating on the validation split.
I0601 17:09:52.435524 140431457473728 spec.py:363] Evaluating on the test split.
I0601 17:12:40.635149 140431457473728 submission_runner.py:516] Time since start: 34540.06s, 	Step: 7225, 	{'train/loss': 1.3672577643632513, 'validation/loss': 1.36363116789377, 'validation/num_examples': 83274637, 'test/loss': 1.3643851756861636, 'test/num_examples': 95000000, 'score': 12875.653084039688, 'total_duration': 34540.056421518326, 'accumulated_submission_time': 12875.653084039688, 'accumulated_eval_time': 21630.955904960632, 'accumulated_logging_time': 1.8227684497833252}
I0601 17:12:40.667413 140389772097280 logging_writer.py:48] [7225] accumulated_eval_time=21631, accumulated_logging_time=1.82277, accumulated_submission_time=12875.7, global_step=7225, preemption_count=0, score=12875.7, test/loss=1.36439, test/num_examples=95000000, total_duration=34540.1, train/loss=1.36726, validation/loss=1.36363, validation/num_examples=83274637
I0601 17:18:38.281685 140431457473728 spec.py:333] Evaluating on the training split.
I0601 17:19:36.953501 140431457473728 spec.py:346] Evaluating on the validation split.
I0601 17:21:10.442084 140431457473728 spec.py:363] Evaluating on the test split.
I0601 17:23:59.383222 140431457473728 submission_runner.py:516] Time since start: 35218.80s, 	Step: 7418, 	{'train/loss': 1.3681438364529737, 'validation/loss': 1.36363116789377, 'validation/num_examples': 83274637, 'test/loss': 1.3643851756861636, 'test/num_examples': 95000000, 'score': 13232.408478498459, 'total_duration': 35218.80448889732, 'accumulated_submission_time': 13232.408478498459, 'accumulated_eval_time': 21952.057502031326, 'accumulated_logging_time': 1.862313985824585}
I0601 17:23:59.418774 140389763704576 logging_writer.py:48] [7418] accumulated_eval_time=21952.1, accumulated_logging_time=1.86231, accumulated_submission_time=13232.4, global_step=7418, preemption_count=0, score=13232.4, test/loss=1.36439, test/num_examples=95000000, total_duration=35218.8, train/loss=1.36814, validation/loss=1.36363, validation/num_examples=83274637
I0601 17:29:57.932448 140389772097280 logging_writer.py:48] [7610] global_step=7610, preemption_count=0, score=13590.3
I0601 17:30:17.404044 140431457473728 submission_runner.py:857] Final criteo1tb score: 13590.331464290619
