torchrun --redirects 1:0,2:0,3:0 --standalone --nnodes=1 --nproc_per_node=4 submission_runner.py --framework=pytorch --workload=ogbg --submission_path=submissions_algorithms/submissions/self_tuning/muon_torch/submission.py --data_dir=/data/ogbg --experiment_dir=/experiment_runs --experiment_name=submissions_a100/muon_torch/study_2 --overwrite=True --save_checkpoints=False --rng_seed=1274717601 --torch_compile=true --tuning_ruleset=self 2>&1 | tee -a /logs/ogbg_pytorch_05-23-2026-21-32-52.log
W0523 21:32:54.300000 9 site-packages/torch/distributed/run.py:803] 
W0523 21:32:54.300000 9 site-packages/torch/distributed/run.py:803] *****************************************
W0523 21:32:54.300000 9 site-packages/torch/distributed/run.py:803] Setting OMP_NUM_THREADS environment variable for each process to be 1 in default, to avoid your system being overloaded, please further tune the variable for optimal performance in your application as needed. 
W0523 21:32:54.300000 9 site-packages/torch/distributed/run.py:803] *****************************************
2026-05-23 21:32:55.740485: E external/local_xla/xla/stream_executor/cuda/cuda_fft.cc:467] Unable to register cuFFT factory: Attempting to register factory for plugin cuFFT when one has already been registered
2026-05-23 21:32:55.740485: E external/local_xla/xla/stream_executor/cuda/cuda_fft.cc:467] Unable to register cuFFT factory: Attempting to register factory for plugin cuFFT when one has already been registered
2026-05-23 21:32:55.740484: E external/local_xla/xla/stream_executor/cuda/cuda_fft.cc:467] Unable to register cuFFT factory: Attempting to register factory for plugin cuFFT when one has already been registered
2026-05-23 21:32:55.740497: E external/local_xla/xla/stream_executor/cuda/cuda_fft.cc:467] Unable to register cuFFT factory: Attempting to register factory for plugin cuFFT when one has already been registered
WARNING: All log messages before absl::InitializeLog() is called are written to STDERR
WARNING: All log messages before absl::InitializeLog() is called are written to STDERR
WARNING: All log messages before absl::InitializeLog() is called are written to STDERR
E0000 00:00:1779571975.764082      38 cuda_dnn.cc:8579] Unable to register cuDNN factory: Attempting to register factory for plugin cuDNN when one has already been registered
E0000 00:00:1779571975.764082      40 cuda_dnn.cc:8579] Unable to register cuDNN factory: Attempting to register factory for plugin cuDNN when one has already been registered
E0000 00:00:1779571975.764082      41 cuda_dnn.cc:8579] Unable to register cuDNN factory: Attempting to register factory for plugin cuDNN when one has already been registered
WARNING: All log messages before absl::InitializeLog() is called are written to STDERR
E0000 00:00:1779571975.764117      39 cuda_dnn.cc:8579] Unable to register cuDNN factory: Attempting to register factory for plugin cuDNN when one has already been registered
E0000 00:00:1779571975.771823      39 cuda_blas.cc:1407] Unable to register cuBLAS factory: Attempting to register factory for plugin cuBLAS when one has already been registered
E0000 00:00:1779571975.771822      40 cuda_blas.cc:1407] Unable to register cuBLAS factory: Attempting to register factory for plugin cuBLAS when one has already been registered
E0000 00:00:1779571975.771822      38 cuda_blas.cc:1407] Unable to register cuBLAS factory: Attempting to register factory for plugin cuBLAS when one has already been registered
E0000 00:00:1779571975.771874      41 cuda_blas.cc:1407] Unable to register cuBLAS factory: Attempting to register factory for plugin cuBLAS when one has already been registered
W0000 00:00:1779571975.795253      38 computation_placer.cc:177] computation placer already registered. Please check linkage and avoid linking the same target more than once.
W0000 00:00:1779571975.795258      40 computation_placer.cc:177] computation placer already registered. Please check linkage and avoid linking the same target more than once.
W0000 00:00:1779571975.795254      41 computation_placer.cc:177] computation placer already registered. Please check linkage and avoid linking the same target more than once.
W0000 00:00:1779571975.795253      39 computation_placer.cc:177] computation placer already registered. Please check linkage and avoid linking the same target more than once.
W0000 00:00:1779571975.795285      40 computation_placer.cc:177] computation placer already registered. Please check linkage and avoid linking the same target more than once.
W0000 00:00:1779571975.795286      41 computation_placer.cc:177] computation placer already registered. Please check linkage and avoid linking the same target more than once.
W0000 00:00:1779571975.795286      39 computation_placer.cc:177] computation placer already registered. Please check linkage and avoid linking the same target more than once.
W0000 00:00:1779571975.795288      40 computation_placer.cc:177] computation placer already registered. Please check linkage and avoid linking the same target more than once.
W0000 00:00:1779571975.795288      41 computation_placer.cc:177] computation placer already registered. Please check linkage and avoid linking the same target more than once.
W0000 00:00:1779571975.795289      39 computation_placer.cc:177] computation placer already registered. Please check linkage and avoid linking the same target more than once.
W0000 00:00:1779571975.795290      40 computation_placer.cc:177] computation placer already registered. Please check linkage and avoid linking the same target more than once.
W0000 00:00:1779571975.795291      41 computation_placer.cc:177] computation placer already registered. Please check linkage and avoid linking the same target more than once.
W0000 00:00:1779571975.795290      38 computation_placer.cc:177] computation placer already registered. Please check linkage and avoid linking the same target more than once.
W0000 00:00:1779571975.795291      39 computation_placer.cc:177] computation placer already registered. Please check linkage and avoid linking the same target more than once.
W0000 00:00:1779571975.795293      38 computation_placer.cc:177] computation placer already registered. Please check linkage and avoid linking the same target more than once.
W0000 00:00:1779571975.795295      38 computation_placer.cc:177] computation placer already registered. Please check linkage and avoid linking the same target more than once.
W0000 00:00:1779571981.651609      38 gpu_device.cc:2341] Cannot dlopen some GPU libraries. Please make sure the missing libraries mentioned above are installed properly if you would like to use GPU. Follow the guide at https://www.tensorflow.org/install/gpu for how to download and setup the required libraries for your platform.
Skipping registering GPU devices...
W0000 00:00:1779571981.801623      40 gpu_device.cc:2341] Cannot dlopen some GPU libraries. Please make sure the missing libraries mentioned above are installed properly if you would like to use GPU. Follow the guide at https://www.tensorflow.org/install/gpu for how to download and setup the required libraries for your platform.
Skipping registering GPU devices...
W0000 00:00:1779571981.851085      41 gpu_device.cc:2341] Cannot dlopen some GPU libraries. Please make sure the missing libraries mentioned above are installed properly if you would like to use GPU. Follow the guide at https://www.tensorflow.org/install/gpu for how to download and setup the required libraries for your platform.
Skipping registering GPU devices...
W0000 00:00:1779571982.076617      39 gpu_device.cc:2341] Cannot dlopen some GPU libraries. Please make sure the missing libraries mentioned above are installed properly if you would like to use GPU. Follow the guide at https://www.tensorflow.org/install/gpu for how to download and setup the required libraries for your platform.
Skipping registering GPU devices...
/usr/local/lib/python3.11/site-packages/torch/__init__.py:1617: UserWarning: Please use the new API settings to control TF32 behavior, such as torch.backends.cudnn.conv.fp32_precision = 'tf32' or torch.backends.cuda.matmul.fp32_precision = 'ieee'. Old settings, e.g, torch.backends.cuda.matmul.allow_tf32 = True, torch.backends.cudnn.allow_tf32 = True, allowTF32CuDNN() and allowTF32CuBLAS() will be deprecated after Pytorch 2.9. Please see https://pytorch.org/docs/main/notes/cuda.html#tensorfloat-32-tf32-on-ampere-and-later-devices (Triggered internally at /pytorch/aten/src/ATen/Context.cpp:80.)
  _C._set_float32_matmul_precision(precision)
/usr/local/lib/python3.11/site-packages/torch/__init__.py:1617: UserWarning: Please use the new API settings to control TF32 behavior, such as torch.backends.cudnn.conv.fp32_precision = 'tf32' or torch.backends.cuda.matmul.fp32_precision = 'ieee'. Old settings, e.g, torch.backends.cuda.matmul.allow_tf32 = True, torch.backends.cudnn.allow_tf32 = True, allowTF32CuDNN() and allowTF32CuBLAS() will be deprecated after Pytorch 2.9. Please see https://pytorch.org/docs/main/notes/cuda.html#tensorfloat-32-tf32-on-ampere-and-later-devices (Triggered internally at /pytorch/aten/src/ATen/Context.cpp:80.)
  _C._set_float32_matmul_precision(precision)
/usr/local/lib/python3.11/site-packages/torch/__init__.py:1617: UserWarning: Please use the new API settings to control TF32 behavior, such as torch.backends.cudnn.conv.fp32_precision = 'tf32' or torch.backends.cuda.matmul.fp32_precision = 'ieee'. Old settings, e.g, torch.backends.cuda.matmul.allow_tf32 = True, torch.backends.cudnn.allow_tf32 = True, allowTF32CuDNN() and allowTF32CuBLAS() will be deprecated after Pytorch 2.9. Please see https://pytorch.org/docs/main/notes/cuda.html#tensorfloat-32-tf32-on-ampere-and-later-devices (Triggered internally at /pytorch/aten/src/ATen/Context.cpp:80.)
  _C._set_float32_matmul_precision(precision)
/usr/local/lib/python3.11/site-packages/torch/__init__.py:1617: UserWarning: Please use the new API settings to control TF32 behavior, such as torch.backends.cudnn.conv.fp32_precision = 'tf32' or torch.backends.cuda.matmul.fp32_precision = 'ieee'. Old settings, e.g, torch.backends.cuda.matmul.allow_tf32 = True, torch.backends.cudnn.allow_tf32 = True, allowTF32CuDNN() and allowTF32CuBLAS() will be deprecated after Pytorch 2.9. Please see https://pytorch.org/docs/main/notes/cuda.html#tensorfloat-32-tf32-on-ampere-and-later-devices (Triggered internally at /pytorch/aten/src/ATen/Context.cpp:80.)
  _C._set_float32_matmul_precision(precision)
/usr/local/lib/python3.11/site-packages/pydantic/_internal/_generate_schema.py:2249: UnsupportedFieldAttributeWarning: The 'repr' attribute with value False was provided to the `Field()` function, which has no effect in the context it was used. 'repr' is field-specific metadata, and can only be attached to a model field using `Annotated` metadata or by assignment. This may have happened because an `Annotated` type alias using the `type` statement was used, or if the `Field()` function was attached to a single member of a union type.
  warnings.warn(
/usr/local/lib/python3.11/site-packages/pydantic/_internal/_generate_schema.py:2249: UnsupportedFieldAttributeWarning: The 'repr' attribute with value False was provided to the `Field()` function, which has no effect in the context it was used. 'repr' is field-specific metadata, and can only be attached to a model field using `Annotated` metadata or by assignment. This may have happened because an `Annotated` type alias using the `type` statement was used, or if the `Field()` function was attached to a single member of a union type.
  warnings.warn(
/usr/local/lib/python3.11/site-packages/pydantic/_internal/_generate_schema.py:2249: UnsupportedFieldAttributeWarning: The 'frozen' attribute with value True was provided to the `Field()` function, which has no effect in the context it was used. 'frozen' is field-specific metadata, and can only be attached to a model field using `Annotated` metadata or by assignment. This may have happened because an `Annotated` type alias using the `type` statement was used, or if the `Field()` function was attached to a single member of a union type.
  warnings.warn(
/usr/local/lib/python3.11/site-packages/pydantic/_internal/_generate_schema.py:2249: UnsupportedFieldAttributeWarning: The 'frozen' attribute with value True was provided to the `Field()` function, which has no effect in the context it was used. 'frozen' is field-specific metadata, and can only be attached to a model field using `Annotated` metadata or by assignment. This may have happened because an `Annotated` type alias using the `type` statement was used, or if the `Field()` function was attached to a single member of a union type.
  warnings.warn(
/usr/local/lib/python3.11/site-packages/pydantic/_internal/_generate_schema.py:2249: UnsupportedFieldAttributeWarning: The 'repr' attribute with value False was provided to the `Field()` function, which has no effect in the context it was used. 'repr' is field-specific metadata, and can only be attached to a model field using `Annotated` metadata or by assignment. This may have happened because an `Annotated` type alias using the `type` statement was used, or if the `Field()` function was attached to a single member of a union type.
  warnings.warn(
/usr/local/lib/python3.11/site-packages/pydantic/_internal/_generate_schema.py:2249: UnsupportedFieldAttributeWarning: The 'frozen' attribute with value True was provided to the `Field()` function, which has no effect in the context it was used. 'frozen' is field-specific metadata, and can only be attached to a model field using `Annotated` metadata or by assignment. This may have happened because an `Annotated` type alias using the `type` statement was used, or if the `Field()` function was attached to a single member of a union type.
  warnings.warn(
/usr/local/lib/python3.11/site-packages/pydantic/_internal/_generate_schema.py:2249: UnsupportedFieldAttributeWarning: The 'repr' attribute with value False was provided to the `Field()` function, which has no effect in the context it was used. 'repr' is field-specific metadata, and can only be attached to a model field using `Annotated` metadata or by assignment. This may have happened because an `Annotated` type alias using the `type` statement was used, or if the `Field()` function was attached to a single member of a union type.
  warnings.warn(
/usr/local/lib/python3.11/site-packages/pydantic/_internal/_generate_schema.py:2249: UnsupportedFieldAttributeWarning: The 'frozen' attribute with value True was provided to the `Field()` function, which has no effect in the context it was used. 'frozen' is field-specific metadata, and can only be attached to a model field using `Annotated` metadata or by assignment. This may have happened because an `Annotated` type alias using the `type` statement was used, or if the `Field()` function was attached to a single member of a union type.
  warnings.warn(
I0523 21:33:04.829303 140316206896320 logger_utils.py:59] Removing existing experiment directory /experiment_runs/submissions_a100/muon_torch/study_2/ogbg_pytorch because --overwrite was set.
I0523 21:33:04.829300 139680939771072 logger_utils.py:59] Removing existing experiment directory /experiment_runs/submissions_a100/muon_torch/study_2/ogbg_pytorch because --overwrite was set.
I0523 21:33:04.829299 139934058927296 logger_utils.py:59] Removing existing experiment directory /experiment_runs/submissions_a100/muon_torch/study_2/ogbg_pytorch because --overwrite was set.
I0523 21:33:04.829293 139638256190656 logger_utils.py:59] Removing existing experiment directory /experiment_runs/submissions_a100/muon_torch/study_2/ogbg_pytorch because --overwrite was set.
/usr/local/lib/python3.11/site-packages/torch/distributed/distributed_c10d.py:4876: UserWarning: barrier(): using the device under current context. You can specify `device_id` in `init_process_group` to mute this warning.
  warnings.warn(  # warn only once
[rank0]:[W523 21:33:04.209860491 ProcessGroupNCCL.cpp:5068] Guessing device ID based on global rank. This can cause a hang if rank to GPU mapping is heterogeneous. You can specify device_id in init_process_group()
I0523 21:33:05.590605 139934058927296 logger_utils.py:84] Creating experiment directory at /experiment_runs/submissions_a100/muon_torch/study_2/ogbg_pytorch.
I0523 21:33:05.590701 139638256190656 logger_utils.py:84] Creating experiment directory at /experiment_runs/submissions_a100/muon_torch/study_2/ogbg_pytorch.
I0523 21:33:05.590705 140316206896320 logger_utils.py:84] Creating experiment directory at /experiment_runs/submissions_a100/muon_torch/study_2/ogbg_pytorch.
I0523 21:33:05.590737 139680939771072 logger_utils.py:84] Creating experiment directory at /experiment_runs/submissions_a100/muon_torch/study_2/ogbg_pytorch.
I0523 21:33:08.304363 140316206896320 submission_runner.py:741] Creating directory at /experiment_runs/submissions_a100/muon_torch/study_2/ogbg_pytorch/trial_1.
I0523 21:33:08.675219 140316206896320 submission_runner.py:242] Initializing dataset.
I0523 21:33:08.675527 140316206896320 submission_runner.py:251] Initializing model.
W0523 21:33:08.838430 140316206896320 submission_runner.py:273] These workloads cannot be fully compiled under current PyTorch version. Proceeding without `torch.compile`.
W0523 21:33:08.838430 139680939771072 submission_runner.py:273] These workloads cannot be fully compiled under current PyTorch version. Proceeding without `torch.compile`.
W0523 21:33:08.838441 139638256190656 submission_runner.py:273] These workloads cannot be fully compiled under current PyTorch version. Proceeding without `torch.compile`.
W0523 21:33:08.838433 139934058927296 submission_runner.py:273] These workloads cannot be fully compiled under current PyTorch version. Proceeding without `torch.compile`.
I0523 21:33:08.840528 140316206896320 submission_runner.py:294] Initializing optimizer.
I0523 21:33:08.840812 139680939771072 muon.py:324] Muon params:
	module.node_embedder.weight (ndim=2)
	module.edge_embedder.weight (ndim=2)
	module.graph_network.0.update_edge_fn.dense_0.weight (ndim=2)
	module.graph_network.0.update_node_fn.dense_0.weight (ndim=2)
	module.graph_network.0.update_global_fn.dense_0.weight (ndim=2)
	module.graph_network.1.update_edge_fn.dense_0.weight (ndim=2)
	module.graph_network.1.update_node_fn.dense_0.weight (ndim=2)
	module.graph_network.1.update_global_fn.dense_0.weight (ndim=2)
	module.graph_network.2.update_edge_fn.dense_0.weight (ndim=2)
	module.graph_network.2.update_node_fn.dense_0.weight (ndim=2)
	module.graph_network.2.update_global_fn.dense_0.weight (ndim=2)
	module.graph_network.3.update_edge_fn.dense_0.weight (ndim=2)
	module.graph_network.3.update_node_fn.dense_0.weight (ndim=2)
	module.graph_network.3.update_global_fn.dense_0.weight (ndim=2)
	module.graph_network.4.update_edge_fn.dense_0.weight (ndim=2)
	module.graph_network.4.update_node_fn.dense_0.weight (ndim=2)
	module.graph_network.4.update_global_fn.dense_0.weight (ndim=2)
	module.decoder.weight (ndim=2)
I0523 21:33:08.840820 139934058927296 muon.py:324] Muon params:
	module.node_embedder.weight (ndim=2)
	module.edge_embedder.weight (ndim=2)
	module.graph_network.0.update_edge_fn.dense_0.weight (ndim=2)
	module.graph_network.0.update_node_fn.dense_0.weight (ndim=2)
	module.graph_network.0.update_global_fn.dense_0.weight (ndim=2)
	module.graph_network.1.update_edge_fn.dense_0.weight (ndim=2)
	module.graph_network.1.update_node_fn.dense_0.weight (ndim=2)
	module.graph_network.1.update_global_fn.dense_0.weight (ndim=2)
	module.graph_network.2.update_edge_fn.dense_0.weight (ndim=2)
	module.graph_network.2.update_node_fn.dense_0.weight (ndim=2)
	module.graph_network.2.update_global_fn.dense_0.weight (ndim=2)
	module.graph_network.3.update_edge_fn.dense_0.weight (ndim=2)
	module.graph_network.3.update_node_fn.dense_0.weight (ndim=2)
	module.graph_network.3.update_global_fn.dense_0.weight (ndim=2)
	module.graph_network.4.update_edge_fn.dense_0.weight (ndim=2)
	module.graph_network.4.update_node_fn.dense_0.weight (ndim=2)
	module.graph_network.4.update_global_fn.dense_0.weight (ndim=2)
	module.decoder.weight (ndim=2)
I0523 21:33:08.840956 139934058927296 muon.py:325] Adam params:
	module.node_embedder.bias (ndim=1)
	module.edge_embedder.bias (ndim=1)
	module.graph_network.0.update_edge_fn.dense_0.bias (ndim=1)
	module.graph_network.0.update_edge_fn.norm_0.weight (ndim=1)
	module.graph_network.0.update_edge_fn.norm_0.bias (ndim=1)
	module.graph_network.0.update_node_fn.dense_0.bias (ndim=1)
	module.graph_network.0.update_node_fn.norm_0.weight (ndim=1)
	module.graph_network.0.update_node_fn.norm_0.bias (ndim=1)
	module.graph_network.0.update_global_fn.dense_0.bias (ndim=1)
	module.graph_network.0.update_global_fn.norm_0.weight (ndim=1)
	module.graph_network.0.update_global_fn.norm_0.bias (ndim=1)
	module.graph_network.1.update_edge_fn.dense_0.bias (ndim=1)
	module.graph_network.1.update_edge_fn.norm_0.weight (ndim=1)
	module.graph_network.1.update_edge_fn.norm_0.bias (ndim=1)
	module.graph_network.1.update_node_fn.dense_0.bias (ndim=1)
	module.graph_network.1.update_node_fn.norm_0.weight (ndim=1)
	module.graph_network.1.update_node_fn.norm_0.bias (ndim=1)
	module.graph_network.1.update_global_fn.dense_0.bias (ndim=1)
	module.graph_network.1.update_global_fn.norm_0.weight (ndim=1)
	module.graph_network.1.update_global_fn.norm_0.bias (ndim=1)
	module.graph_network.2.update_edge_fn.dense_0.bias (ndim=1)
	module.graph_network.2.update_edge_fn.norm_0.weight (ndim=1)
	module.graph_network.2.update_edge_fn.norm_0.bias (ndim=1)
	module.graph_network.2.update_node_fn.dense_0.bias (ndim=1)
	module.graph_network.2.update_node_fn.norm_0.weight (ndim=1)
	module.graph_network.2.update_node_fn.norm_0.bias (ndim=1)
	module.graph_network.2.update_global_fn.dense_0.bias (ndim=1)
	module.graph_network.2.update_global_fn.norm_0.weight (ndim=1)
	module.graph_network.2.update_global_fn.norm_0.bias (ndim=1)
	module.graph_network.3.update_edge_fn.dense_0.bias (ndim=1)
	module.graph_network.3.update_edge_fn.norm_0.weight (ndim=1)
	module.graph_network.3.update_edge_fn.norm_0.bias (ndim=1)
	module.graph_network.3.update_node_fn.dense_0.bias (ndim=1)
	module.graph_network.3.update_node_fn.norm_0.weight (ndim=1)
	module.graph_network.3.update_node_fn.norm_0.bias (ndim=1)
	module.graph_network.3.update_global_fn.dense_0.bias (ndim=1)
	module.graph_network.3.update_global_fn.norm_0.weight (ndim=1)
	module.graph_network.3.update_global_fn.norm_0.bias (ndim=1)
	module.graph_network.4.update_edge_fn.dense_0.bias (ndim=1)
	module.graph_network.4.update_edge_fn.norm_0.weight (ndim=1)
	module.graph_network.4.update_edge_fn.norm_0.bias (ndim=1)
	module.graph_network.4.update_node_fn.dense_0.bias (ndim=1)
	module.graph_network.4.update_node_fn.norm_0.weight (ndim=1)
	module.graph_network.4.update_node_fn.norm_0.bias (ndim=1)
	module.graph_network.4.update_global_fn.dense_0.bias (ndim=1)
	module.graph_network.4.update_global_fn.norm_0.weight (ndim=1)
	module.graph_network.4.update_global_fn.norm_0.bias (ndim=1)
	module.decoder.bias (ndim=1)
I0523 21:33:08.840937 140316206896320 muon.py:324] Muon params:
	module.node_embedder.weight (ndim=2)
	module.edge_embedder.weight (ndim=2)
	module.graph_network.0.update_edge_fn.dense_0.weight (ndim=2)
	module.graph_network.0.update_node_fn.dense_0.weight (ndim=2)
	module.graph_network.0.update_global_fn.dense_0.weight (ndim=2)
	module.graph_network.1.update_edge_fn.dense_0.weight (ndim=2)
	module.graph_network.1.update_node_fn.dense_0.weight (ndim=2)
	module.graph_network.1.update_global_fn.dense_0.weight (ndim=2)
	module.graph_network.2.update_edge_fn.dense_0.weight (ndim=2)
	module.graph_network.2.update_node_fn.dense_0.weight (ndim=2)
	module.graph_network.2.update_global_fn.dense_0.weight (ndim=2)
	module.graph_network.3.update_edge_fn.dense_0.weight (ndim=2)
	module.graph_network.3.update_node_fn.dense_0.weight (ndim=2)
	module.graph_network.3.update_global_fn.dense_0.weight (ndim=2)
	module.graph_network.4.update_edge_fn.dense_0.weight (ndim=2)
	module.graph_network.4.update_node_fn.dense_0.weight (ndim=2)
	module.graph_network.4.update_global_fn.dense_0.weight (ndim=2)
	module.decoder.weight (ndim=2)
I0523 21:33:08.840956 139680939771072 muon.py:325] Adam params:
	module.node_embedder.bias (ndim=1)
	module.edge_embedder.bias (ndim=1)
	module.graph_network.0.update_edge_fn.dense_0.bias (ndim=1)
	module.graph_network.0.update_edge_fn.norm_0.weight (ndim=1)
	module.graph_network.0.update_edge_fn.norm_0.bias (ndim=1)
	module.graph_network.0.update_node_fn.dense_0.bias (ndim=1)
	module.graph_network.0.update_node_fn.norm_0.weight (ndim=1)
	module.graph_network.0.update_node_fn.norm_0.bias (ndim=1)
	module.graph_network.0.update_global_fn.dense_0.bias (ndim=1)
	module.graph_network.0.update_global_fn.norm_0.weight (ndim=1)
	module.graph_network.0.update_global_fn.norm_0.bias (ndim=1)
	module.graph_network.1.update_edge_fn.dense_0.bias (ndim=1)
	module.graph_network.1.update_edge_fn.norm_0.weight (ndim=1)
	module.graph_network.1.update_edge_fn.norm_0.bias (ndim=1)
	module.graph_network.1.update_node_fn.dense_0.bias (ndim=1)
	module.graph_network.1.update_node_fn.norm_0.weight (ndim=1)
	module.graph_network.1.update_node_fn.norm_0.bias (ndim=1)
	module.graph_network.1.update_global_fn.dense_0.bias (ndim=1)
	module.graph_network.1.update_global_fn.norm_0.weight (ndim=1)
	module.graph_network.1.update_global_fn.norm_0.bias (ndim=1)
	module.graph_network.2.update_edge_fn.dense_0.bias (ndim=1)
	module.graph_network.2.update_edge_fn.norm_0.weight (ndim=1)
	module.graph_network.2.update_edge_fn.norm_0.bias (ndim=1)
	module.graph_network.2.update_node_fn.dense_0.bias (ndim=1)
	module.graph_network.2.update_node_fn.norm_0.weight (ndim=1)
	module.graph_network.2.update_node_fn.norm_0.bias (ndim=1)
	module.graph_network.2.update_global_fn.dense_0.bias (ndim=1)
	module.graph_network.2.update_global_fn.norm_0.weight (ndim=1)
	module.graph_network.2.update_global_fn.norm_0.bias (ndim=1)
	module.graph_network.3.update_edge_fn.dense_0.bias (ndim=1)
	module.graph_network.3.update_edge_fn.norm_0.weight (ndim=1)
	module.graph_network.3.update_edge_fn.norm_0.bias (ndim=1)
	module.graph_network.3.update_node_fn.dense_0.bias (ndim=1)
	module.graph_network.3.update_node_fn.norm_0.weight (ndim=1)
	module.graph_network.3.update_node_fn.norm_0.bias (ndim=1)
	module.graph_network.3.update_global_fn.dense_0.bias (ndim=1)
	module.graph_network.3.update_global_fn.norm_0.weight (ndim=1)
	module.graph_network.3.update_global_fn.norm_0.bias (ndim=1)
	module.graph_network.4.update_edge_fn.dense_0.bias (ndim=1)
	module.graph_network.4.update_edge_fn.norm_0.weight (ndim=1)
	module.graph_network.4.update_edge_fn.norm_0.bias (ndim=1)
	module.graph_network.4.update_node_fn.dense_0.bias (ndim=1)
	module.graph_network.4.update_node_fn.norm_0.weight (ndim=1)
	module.graph_network.4.update_node_fn.norm_0.bias (ndim=1)
	module.graph_network.4.update_global_fn.dense_0.bias (ndim=1)
	module.graph_network.4.update_global_fn.norm_0.weight (ndim=1)
	module.graph_network.4.update_global_fn.norm_0.bias (ndim=1)
	module.decoder.bias (ndim=1)
I0523 21:33:08.840873 139638256190656 muon.py:324] Muon params:
	module.node_embedder.weight (ndim=2)
	module.edge_embedder.weight (ndim=2)
	module.graph_network.0.update_edge_fn.dense_0.weight (ndim=2)
	module.graph_network.0.update_node_fn.dense_0.weight (ndim=2)
	module.graph_network.0.update_global_fn.dense_0.weight (ndim=2)
	module.graph_network.1.update_edge_fn.dense_0.weight (ndim=2)
	module.graph_network.1.update_node_fn.dense_0.weight (ndim=2)
	module.graph_network.1.update_global_fn.dense_0.weight (ndim=2)
	module.graph_network.2.update_edge_fn.dense_0.weight (ndim=2)
	module.graph_network.2.update_node_fn.dense_0.weight (ndim=2)
	module.graph_network.2.update_global_fn.dense_0.weight (ndim=2)
	module.graph_network.3.update_edge_fn.dense_0.weight (ndim=2)
	module.graph_network.3.update_node_fn.dense_0.weight (ndim=2)
	module.graph_network.3.update_global_fn.dense_0.weight (ndim=2)
	module.graph_network.4.update_edge_fn.dense_0.weight (ndim=2)
	module.graph_network.4.update_node_fn.dense_0.weight (ndim=2)
	module.graph_network.4.update_global_fn.dense_0.weight (ndim=2)
	module.decoder.weight (ndim=2)
I0523 21:33:08.841018 140316206896320 muon.py:325] Adam params:
	module.node_embedder.bias (ndim=1)
	module.edge_embedder.bias (ndim=1)
	module.graph_network.0.update_edge_fn.dense_0.bias (ndim=1)
	module.graph_network.0.update_edge_fn.norm_0.weight (ndim=1)
	module.graph_network.0.update_edge_fn.norm_0.bias (ndim=1)
	module.graph_network.0.update_node_fn.dense_0.bias (ndim=1)
	module.graph_network.0.update_node_fn.norm_0.weight (ndim=1)
	module.graph_network.0.update_node_fn.norm_0.bias (ndim=1)
	module.graph_network.0.update_global_fn.dense_0.bias (ndim=1)
	module.graph_network.0.update_global_fn.norm_0.weight (ndim=1)
	module.graph_network.0.update_global_fn.norm_0.bias (ndim=1)
	module.graph_network.1.update_edge_fn.dense_0.bias (ndim=1)
	module.graph_network.1.update_edge_fn.norm_0.weight (ndim=1)
	module.graph_network.1.update_edge_fn.norm_0.bias (ndim=1)
	module.graph_network.1.update_node_fn.dense_0.bias (ndim=1)
	module.graph_network.1.update_node_fn.norm_0.weight (ndim=1)
	module.graph_network.1.update_node_fn.norm_0.bias (ndim=1)
	module.graph_network.1.update_global_fn.dense_0.bias (ndim=1)
	module.graph_network.1.update_global_fn.norm_0.weight (ndim=1)
	module.graph_network.1.update_global_fn.norm_0.bias (ndim=1)
	module.graph_network.2.update_edge_fn.dense_0.bias (ndim=1)
	module.graph_network.2.update_edge_fn.norm_0.weight (ndim=1)
	module.graph_network.2.update_edge_fn.norm_0.bias (ndim=1)
	module.graph_network.2.update_node_fn.dense_0.bias (ndim=1)
	module.graph_network.2.update_node_fn.norm_0.weight (ndim=1)
	module.graph_network.2.update_node_fn.norm_0.bias (ndim=1)
	module.graph_network.2.update_global_fn.dense_0.bias (ndim=1)
	module.graph_network.2.update_global_fn.norm_0.weight (ndim=1)
	module.graph_network.2.update_global_fn.norm_0.bias (ndim=1)
	module.graph_network.3.update_edge_fn.dense_0.bias (ndim=1)
	module.graph_network.3.update_edge_fn.norm_0.weight (ndim=1)
	module.graph_network.3.update_edge_fn.norm_0.bias (ndim=1)
	module.graph_network.3.update_node_fn.dense_0.bias (ndim=1)
	module.graph_network.3.update_node_fn.norm_0.weight (ndim=1)
	module.graph_network.3.update_node_fn.norm_0.bias (ndim=1)
	module.graph_network.3.update_global_fn.dense_0.bias (ndim=1)
	module.graph_network.3.update_global_fn.norm_0.weight (ndim=1)
	module.graph_network.3.update_global_fn.norm_0.bias (ndim=1)
	module.graph_network.4.update_edge_fn.dense_0.bias (ndim=1)
	module.graph_network.4.update_edge_fn.norm_0.weight (ndim=1)
	module.graph_network.4.update_edge_fn.norm_0.bias (ndim=1)
	module.graph_network.4.update_node_fn.dense_0.bias (ndim=1)
	module.graph_network.4.update_node_fn.norm_0.weight (ndim=1)
	module.graph_network.4.update_node_fn.norm_0.bias (ndim=1)
	module.graph_network.4.update_global_fn.dense_0.bias (ndim=1)
	module.graph_network.4.update_global_fn.norm_0.weight (ndim=1)
	module.graph_network.4.update_global_fn.norm_0.bias (ndim=1)
	module.decoder.bias (ndim=1)
I0523 21:33:08.841054 139638256190656 muon.py:325] Adam params:
	module.node_embedder.bias (ndim=1)
	module.edge_embedder.bias (ndim=1)
	module.graph_network.0.update_edge_fn.dense_0.bias (ndim=1)
	module.graph_network.0.update_edge_fn.norm_0.weight (ndim=1)
	module.graph_network.0.update_edge_fn.norm_0.bias (ndim=1)
	module.graph_network.0.update_node_fn.dense_0.bias (ndim=1)
	module.graph_network.0.update_node_fn.norm_0.weight (ndim=1)
	module.graph_network.0.update_node_fn.norm_0.bias (ndim=1)
	module.graph_network.0.update_global_fn.dense_0.bias (ndim=1)
	module.graph_network.0.update_global_fn.norm_0.weight (ndim=1)
	module.graph_network.0.update_global_fn.norm_0.bias (ndim=1)
	module.graph_network.1.update_edge_fn.dense_0.bias (ndim=1)
	module.graph_network.1.update_edge_fn.norm_0.weight (ndim=1)
	module.graph_network.1.update_edge_fn.norm_0.bias (ndim=1)
	module.graph_network.1.update_node_fn.dense_0.bias (ndim=1)
	module.graph_network.1.update_node_fn.norm_0.weight (ndim=1)
	module.graph_network.1.update_node_fn.norm_0.bias (ndim=1)
	module.graph_network.1.update_global_fn.dense_0.bias (ndim=1)
	module.graph_network.1.update_global_fn.norm_0.weight (ndim=1)
	module.graph_network.1.update_global_fn.norm_0.bias (ndim=1)
	module.graph_network.2.update_edge_fn.dense_0.bias (ndim=1)
	module.graph_network.2.update_edge_fn.norm_0.weight (ndim=1)
	module.graph_network.2.update_edge_fn.norm_0.bias (ndim=1)
	module.graph_network.2.update_node_fn.dense_0.bias (ndim=1)
	module.graph_network.2.update_node_fn.norm_0.weight (ndim=1)
	module.graph_network.2.update_node_fn.norm_0.bias (ndim=1)
	module.graph_network.2.update_global_fn.dense_0.bias (ndim=1)
	module.graph_network.2.update_global_fn.norm_0.weight (ndim=1)
	module.graph_network.2.update_global_fn.norm_0.bias (ndim=1)
	module.graph_network.3.update_edge_fn.dense_0.bias (ndim=1)
	module.graph_network.3.update_edge_fn.norm_0.weight (ndim=1)
	module.graph_network.3.update_edge_fn.norm_0.bias (ndim=1)
	module.graph_network.3.update_node_fn.dense_0.bias (ndim=1)
	module.graph_network.3.update_node_fn.norm_0.weight (ndim=1)
	module.graph_network.3.update_node_fn.norm_0.bias (ndim=1)
	module.graph_network.3.update_global_fn.dense_0.bias (ndim=1)
	module.graph_network.3.update_global_fn.norm_0.weight (ndim=1)
	module.graph_network.3.update_global_fn.norm_0.bias (ndim=1)
	module.graph_network.4.update_edge_fn.dense_0.bias (ndim=1)
	module.graph_network.4.update_edge_fn.norm_0.weight (ndim=1)
	module.graph_network.4.update_edge_fn.norm_0.bias (ndim=1)
	module.graph_network.4.update_node_fn.dense_0.bias (ndim=1)
	module.graph_network.4.update_node_fn.norm_0.weight (ndim=1)
	module.graph_network.4.update_node_fn.norm_0.bias (ndim=1)
	module.graph_network.4.update_global_fn.dense_0.bias (ndim=1)
	module.graph_network.4.update_global_fn.norm_0.weight (ndim=1)
	module.graph_network.4.update_global_fn.norm_0.bias (ndim=1)
	module.decoder.bias (ndim=1)
I0523 21:33:08.841933 140316206896320 submission_runner.py:299] Initializing metrics bundle.
I0523 21:33:08.842108 140316206896320 submission_runner.py:321] Initializing checkpoint and logger.
I0523 21:33:08.845452 140316206896320 submission_runner.py:344] Saving meta data to /experiment_runs/submissions_a100/muon_torch/study_2/ogbg_pytorch/trial_1/meta_data_0.json.
I0523 21:33:08.845527 139638256190656 logger_utils.py:283] Unable to record workload.train_mean information. Continuing without it.
I0523 21:33:08.845535 139680939771072 logger_utils.py:283] Unable to record workload.train_mean information. Continuing without it.
I0523 21:33:08.845554 139934058927296 logger_utils.py:283] Unable to record workload.train_mean information. Continuing without it.
I0523 21:33:08.845635 139638256190656 logger_utils.py:283] Unable to record workload.train_stddev information. Continuing without it.
I0523 21:33:08.845639 140316206896320 logger_utils.py:283] Unable to record workload.train_mean information. Continuing without it.
I0523 21:33:08.845643 139680939771072 logger_utils.py:283] Unable to record workload.train_stddev information. Continuing without it.
I0523 21:33:08.845663 139934058927296 logger_utils.py:283] Unable to record workload.train_stddev information. Continuing without it.
I0523 21:33:08.845690 140316206896320 logger_utils.py:283] Unable to record workload.train_stddev information. Continuing without it.
I0523 21:33:09.069884 140316206896320 submission_runner.py:348] Saving flags to /experiment_runs/submissions_a100/muon_torch/study_2/ogbg_pytorch/trial_1/flags_0.json.
I0523 21:33:09.126837 140316206896320 submission_runner.py:359] Starting training loop.
I0523 21:33:11.634176 140316206896320 dataset_info.py:707] Load dataset info from /data/ogbg/ogbg_molpcba/0.1.3
I0523 21:33:11.658196 140316206896320 reader.py:262] Creating a tf.data.Dataset reading 8 files located in folders: /data/ogbg/ogbg_molpcba/0.1.3.
WARNING:tensorflow:From /usr/local/lib/python3.11/site-packages/tensorflow_datasets/core/reader.py:102: CounterV2 (from tensorflow.python.data.experimental.ops.counter) is deprecated and will be removed in a future version.
Instructions for updating:
Use `tf.data.Dataset.counter(...)` instead.
W0523 21:33:11.734348 140316206896320 deprecation.py:50] From /usr/local/lib/python3.11/site-packages/tensorflow_datasets/core/reader.py:102: CounterV2 (from tensorflow.python.data.experimental.ops.counter) is deprecated and will be removed in a future version.
Instructions for updating:
Use `tf.data.Dataset.counter(...)` instead.
I0523 21:33:11.894550 140316206896320 logging_logger.py:49] Constructing tf.data.Dataset ogbg_molpcba for split train, from /data/ogbg/ogbg_molpcba/0.1.3
I0523 21:33:38.686996 140316206896320 spec.py:333] Evaluating on the training split.
I0523 21:33:38.690602 140316206896320 dataset_info.py:707] Load dataset info from /data/ogbg/ogbg_molpcba/0.1.3
I0523 21:33:38.693941 140316206896320 reader.py:262] Creating a tf.data.Dataset reading 8 files located in folders: /data/ogbg/ogbg_molpcba/0.1.3.
I0523 21:33:38.755902 140316206896320 logging_logger.py:49] Constructing tf.data.Dataset ogbg_molpcba for split train, from /data/ogbg/ogbg_molpcba/0.1.3
I0523 21:34:09.740747 140316206896320 spec.py:346] Evaluating on the validation split.
I0523 21:34:09.743137 140316206896320 dataset_info.py:707] Load dataset info from /data/ogbg/ogbg_molpcba/0.1.3
I0523 21:34:09.746505 140316206896320 reader.py:262] Creating a tf.data.Dataset reading 1 files located in folders: /data/ogbg/ogbg_molpcba/0.1.3.
I0523 21:34:09.810972 140316206896320 logging_logger.py:49] Constructing tf.data.Dataset ogbg_molpcba for split validation, from /data/ogbg/ogbg_molpcba/0.1.3
I0523 21:34:28.808066 140316206896320 spec.py:363] Evaluating on the test split.
I0523 21:34:28.810648 140316206896320 dataset_info.py:707] Load dataset info from /data/ogbg/ogbg_molpcba/0.1.3
I0523 21:34:28.814038 140316206896320 reader.py:262] Creating a tf.data.Dataset reading 1 files located in folders: /data/ogbg/ogbg_molpcba/0.1.3.
I0523 21:34:28.878010 140316206896320 logging_logger.py:49] Constructing tf.data.Dataset ogbg_molpcba for split test, from /data/ogbg/ogbg_molpcba/0.1.3
I0523 21:34:47.905353 140316206896320 submission_runner.py:516] Time since start: 98.78s, 	Step: 1, 	{'train/accuracy': 0.5087571417591146, 'train/loss': 0.7270122565298195, 'train/mean_average_precision': 0.02165282247925216, 'validation/accuracy': 0.5065924176541458, 'validation/loss': 0.7300772230863904, 'validation/mean_average_precision': 0.02499594887648679, 'validation/num_examples': 43793, 'test/accuracy': 0.5055384804575995, 'test/loss': 0.7313258429852793, 'test/mean_average_precision': 0.025908269011276384, 'test/num_examples': 43793, 'score': 29.088769912719727, 'total_duration': 98.77857279777527, 'accumulated_submission_time': 29.088769912719727, 'accumulated_eval_time': 69.21829652786255, 'accumulated_logging_time': 0}
I0523 21:34:47.937210 140282531858176 logging_writer.py:48] [1] accumulated_eval_time=69.2183, accumulated_logging_time=0, accumulated_submission_time=29.0888, global_step=1, preemption_count=0, score=29.0888, test/accuracy=0.505538, test/loss=0.731326, test/mean_average_precision=0.0259083, test/num_examples=43793, total_duration=98.7786, train/accuracy=0.508757, train/loss=0.727012, train/mean_average_precision=0.0216528, validation/accuracy=0.506592, validation/loss=0.730077, validation/mean_average_precision=0.0249959, validation/num_examples=43793
I0523 21:42:20.532105 140316206896320 spec.py:333] Evaluating on the training split.
I0523 21:42:47.606375 140316206896320 spec.py:346] Evaluating on the validation split.
I0523 21:42:49.614970 140316206896320 spec.py:363] Evaluating on the test split.
I0523 21:42:51.681742 140316206896320 submission_runner.py:516] Time since start: 582.55s, 	Step: 1920, 	{'train/accuracy': 0.988219412434012, 'train/loss': 0.040339090484201, 'train/mean_average_precision': 0.19746366943369068, 'validation/accuracy': 0.9854553174492351, 'validation/loss': 0.0500081159539714, 'validation/mean_average_precision': 0.17542562182997878, 'validation/num_examples': 43793, 'test/accuracy': 0.9844799572790315, 'test/loss': 0.052989840688142824, 'test/mean_average_precision': 0.17433638142545263, 'test/num_examples': 43793, 'score': 480.2086806297302, 'total_duration': 582.554961681366, 'accumulated_submission_time': 480.2086806297302, 'accumulated_eval_time': 100.36791968345642, 'accumulated_logging_time': 0.07560014724731445}
I0523 21:42:51.722851 140282540250880 logging_writer.py:48] [1920] accumulated_eval_time=100.368, accumulated_logging_time=0.0756001, accumulated_submission_time=480.209, global_step=1920, preemption_count=0, score=480.209, test/accuracy=0.98448, test/loss=0.0529898, test/mean_average_precision=0.174336, test/num_examples=43793, total_duration=582.555, train/accuracy=0.988219, train/loss=0.0403391, train/mean_average_precision=0.197464, validation/accuracy=0.985455, validation/loss=0.0500081, validation/mean_average_precision=0.175426, validation/num_examples=43793
I0523 21:50:24.179585 140316206896320 spec.py:333] Evaluating on the training split.
I0523 21:50:51.194070 140316206896320 spec.py:346] Evaluating on the validation split.
I0523 21:50:53.184840 140316206896320 spec.py:363] Evaluating on the test split.
I0523 21:50:55.183655 140316206896320 submission_runner.py:516] Time since start: 1066.06s, 	Step: 3847, 	{'train/accuracy': 0.9897923691843328, 'train/loss': 0.03437151811611291, 'train/mean_average_precision': 0.3153189768545805, 'validation/accuracy': 0.9862915220222187, 'validation/loss': 0.0462909728824134, 'validation/mean_average_precision': 0.2357028342671916, 'validation/num_examples': 43793, 'test/accuracy': 0.9854157419020096, 'test/loss': 0.049196997192646134, 'test/mean_average_precision': 0.2323606366499515, 'test/num_examples': 43793, 'score': 931.2312638759613, 'total_duration': 1066.0568923950195, 'accumulated_submission_time': 931.2312638759613, 'accumulated_eval_time': 131.37195587158203, 'accumulated_logging_time': 0.12752699851989746}
I0523 21:50:55.223554 140282531858176 logging_writer.py:48] [3847] accumulated_eval_time=131.372, accumulated_logging_time=0.127527, accumulated_submission_time=931.231, global_step=3847, preemption_count=0, score=931.231, test/accuracy=0.985416, test/loss=0.049197, test/mean_average_precision=0.232361, test/num_examples=43793, total_duration=1066.06, train/accuracy=0.989792, train/loss=0.0343715, train/mean_average_precision=0.315319, validation/accuracy=0.986292, validation/loss=0.046291, validation/mean_average_precision=0.235703, validation/num_examples=43793
I0523 21:58:27.719985 140316206896320 spec.py:333] Evaluating on the training split.
I0523 21:58:54.655319 140316206896320 spec.py:346] Evaluating on the validation split.
I0523 21:58:56.678043 140316206896320 spec.py:363] Evaluating on the test split.
I0523 21:58:58.730350 140316206896320 submission_runner.py:516] Time since start: 1549.60s, 	Step: 5763, 	{'train/accuracy': 0.9903819513550475, 'train/loss': 0.03238835181871745, 'train/mean_average_precision': 0.3519136297770691, 'validation/accuracy': 0.9868176002390083, 'validation/loss': 0.04415049784616434, 'validation/mean_average_precision': 0.2687648571786514, 'validation/num_examples': 43793, 'test/accuracy': 0.9859800764631216, 'test/loss': 0.04665591895355527, 'test/mean_average_precision': 0.2581849406542244, 'test/num_examples': 43793, 'score': 1382.2988984584808, 'total_duration': 1549.6035645008087, 'accumulated_submission_time': 1382.2988984584808, 'accumulated_eval_time': 162.38228344917297, 'accumulated_logging_time': 0.17815089225769043}
I0523 21:58:58.768203 140282540250880 logging_writer.py:48] [5763] accumulated_eval_time=162.382, accumulated_logging_time=0.178151, accumulated_submission_time=1382.3, global_step=5763, preemption_count=0, score=1382.3, test/accuracy=0.98598, test/loss=0.0466559, test/mean_average_precision=0.258185, test/num_examples=43793, total_duration=1549.6, train/accuracy=0.990382, train/loss=0.0323884, train/mean_average_precision=0.351914, validation/accuracy=0.986818, validation/loss=0.0441505, validation/mean_average_precision=0.268765, validation/num_examples=43793
I0523 22:06:31.368977 140316206896320 spec.py:333] Evaluating on the training split.
I0523 22:06:58.321247 140316206896320 spec.py:346] Evaluating on the validation split.
I0523 22:07:00.290490 140316206896320 spec.py:363] Evaluating on the test split.
I0523 22:07:02.311733 140316206896320 submission_runner.py:516] Time since start: 2033.18s, 	Step: 7682, 	{'train/accuracy': 0.9908153321294921, 'train/loss': 0.030400609602023964, 'train/mean_average_precision': 0.4242588200340012, 'validation/accuracy': 0.9870083847775046, 'validation/loss': 0.04417838613126301, 'validation/mean_average_precision': 0.28227361353790204, 'validation/num_examples': 43793, 'test/accuracy': 0.9861106314735281, 'test/loss': 0.04696532906390373, 'test/mean_average_precision': 0.26769292866247735, 'test/num_examples': 43793, 'score': 1833.4736671447754, 'total_duration': 2033.184974193573, 'accumulated_submission_time': 1833.4736671447754, 'accumulated_eval_time': 193.32501459121704, 'accumulated_logging_time': 0.2266676425933838}
I0523 22:07:02.354405 140282531858176 logging_writer.py:48] [7682] accumulated_eval_time=193.325, accumulated_logging_time=0.226668, accumulated_submission_time=1833.47, global_step=7682, preemption_count=0, score=1833.47, test/accuracy=0.986111, test/loss=0.0469653, test/mean_average_precision=0.267693, test/num_examples=43793, total_duration=2033.18, train/accuracy=0.990815, train/loss=0.0304006, train/mean_average_precision=0.424259, validation/accuracy=0.987008, validation/loss=0.0441784, validation/mean_average_precision=0.282274, validation/num_examples=43793
I0523 22:14:34.968845 140316206896320 spec.py:333] Evaluating on the training split.
I0523 22:15:01.912730 140316206896320 spec.py:346] Evaluating on the validation split.
I0523 22:15:03.938613 140316206896320 spec.py:363] Evaluating on the test split.
I0523 22:15:05.990392 140316206896320 submission_runner.py:516] Time since start: 2516.86s, 	Step: 9597, 	{'train/accuracy': 0.9912529691188052, 'train/loss': 0.02881103183194188, 'train/mean_average_precision': 0.46718620441366177, 'validation/accuracy': 0.9870579075726037, 'validation/loss': 0.04374562616297384, 'validation/mean_average_precision': 0.28175565603455205, 'validation/num_examples': 43793, 'test/accuracy': 0.9862866701649794, 'test/loss': 0.046289048845683134, 'test/mean_average_precision': 0.27527046080601025, 'test/num_examples': 43793, 'score': 2284.656450033188, 'total_duration': 2516.863606929779, 'accumulated_submission_time': 2284.656450033188, 'accumulated_eval_time': 224.3465130329132, 'accumulated_logging_time': 0.28000664710998535}
I0523 22:15:06.031918 140282540250880 logging_writer.py:48] [9597] accumulated_eval_time=224.347, accumulated_logging_time=0.280007, accumulated_submission_time=2284.66, global_step=9597, preemption_count=0, score=2284.66, test/accuracy=0.986287, test/loss=0.046289, test/mean_average_precision=0.27527, test/num_examples=43793, total_duration=2516.86, train/accuracy=0.991253, train/loss=0.028811, train/mean_average_precision=0.467186, validation/accuracy=0.987058, validation/loss=0.0437456, validation/mean_average_precision=0.281756, validation/num_examples=43793
I0523 22:15:06.514293 140282531858176 logging_writer.py:48] [9597] global_step=9597, preemption_count=0, score=2284.66
I0523 22:15:06.636340 140316206896320 submission_runner.py:857] Final ogbg score: 2284.656450033188
