python submission_runner.py --framework=jax --workload=imagenet_resnet --submission_path=submissions_algorithms/submissions/self_tuning/nadamw_resnet/submission.py --data_dir=/data/imagenet/jax --experiment_dir=/experiment_runs --experiment_name=submissions_a100/nadamw_resnet/study_2 --overwrite=True --save_checkpoints=False --rng_seed=1805766865 --imagenet_v2_data_dir=/data/imagenet/jax --tuning_ruleset=self 2>&1 | tee -a /logs/imagenet_resnet_jax_05-30-2026-13-34-12.log
2026-05-30 13:34:23.246132: E external/local_xla/xla/stream_executor/cuda/cuda_fft.cc:467] Unable to register cuFFT factory: Attempting to register factory for plugin cuFFT when one has already been registered
WARNING: All log messages before absl::InitializeLog() is called are written to STDERR
E0000 00:00:1780148064.021771       9 cuda_dnn.cc:8579] Unable to register cuDNN factory: Attempting to register factory for plugin cuDNN when one has already been registered
E0000 00:00:1780148064.267582       9 cuda_blas.cc:1407] Unable to register cuBLAS factory: Attempting to register factory for plugin cuBLAS when one has already been registered
W0000 00:00:1780148065.666802       9 computation_placer.cc:177] computation placer already registered. Please check linkage and avoid linking the same target more than once.
W0000 00:00:1780148065.666852       9 computation_placer.cc:177] computation placer already registered. Please check linkage and avoid linking the same target more than once.
W0000 00:00:1780148065.666855       9 computation_placer.cc:177] computation placer already registered. Please check linkage and avoid linking the same target more than once.
W0000 00:00:1780148065.666857       9 computation_placer.cc:177] computation placer already registered. Please check linkage and avoid linking the same target more than once.
/usr/local/lib/python3.11/site-packages/torch/__init__.py:1617: UserWarning: Please use the new API settings to control TF32 behavior, such as torch.backends.cudnn.conv.fp32_precision = 'tf32' or torch.backends.cuda.matmul.fp32_precision = 'ieee'. Old settings, e.g, torch.backends.cuda.matmul.allow_tf32 = True, torch.backends.cudnn.allow_tf32 = True, allowTF32CuDNN() and allowTF32CuBLAS() will be deprecated after Pytorch 2.9. Please see https://pytorch.org/docs/main/notes/cuda.html#tensorfloat-32-tf32-on-ampere-and-later-devices (Triggered internally at /pytorch/aten/src/ATen/Context.cpp:80.)
  _C._set_float32_matmul_precision(precision)
/usr/local/lib/python3.11/site-packages/pydantic/_internal/_generate_schema.py:2249: UnsupportedFieldAttributeWarning: The 'repr' attribute with value False was provided to the `Field()` function, which has no effect in the context it was used. 'repr' is field-specific metadata, and can only be attached to a model field using `Annotated` metadata or by assignment. This may have happened because an `Annotated` type alias using the `type` statement was used, or if the `Field()` function was attached to a single member of a union type.
  warnings.warn(
/usr/local/lib/python3.11/site-packages/pydantic/_internal/_generate_schema.py:2249: UnsupportedFieldAttributeWarning: The 'frozen' attribute with value True was provided to the `Field()` function, which has no effect in the context it was used. 'frozen' is field-specific metadata, and can only be attached to a model field using `Annotated` metadata or by assignment. This may have happened because an `Annotated` type alias using the `type` statement was used, or if the `Field()` function was attached to a single member of a union type.
  warnings.warn(
INFO:2026-05-30 13:35:05,470:jax._src.xla_bridge:830: Unable to initialize backend 'tpu': INTERNAL: Failed to open libtpu.so: libtpu.so: cannot open shared object file: No such file or directory
I0530 13:35:05.470926 140231140238528 xla_bridge.py:830] Unable to initialize backend 'tpu': INTERNAL: Failed to open libtpu.so: libtpu.so: cannot open shared object file: No such file or directory
I0530 13:35:06.120477 140231140238528 logger_utils.py:59] Removing existing experiment directory /experiment_runs/submissions_a100/nadamw_resnet/study_2/imagenet_resnet_jax because --overwrite was set.
I0530 13:35:06.126032 140231140238528 logger_utils.py:84] Creating experiment directory at /experiment_runs/submissions_a100/nadamw_resnet/study_2/imagenet_resnet_jax.
I0530 13:35:09.013452 140231140238528 submission_runner.py:741] Creating directory at /experiment_runs/submissions_a100/nadamw_resnet/study_2/imagenet_resnet_jax/trial_1.
I0530 13:35:09.590340 140231140238528 submission_runner.py:242] Initializing dataset.
I0530 13:35:10.339419 140231140238528 dataset_info.py:707] Load dataset info from /data/imagenet/jax/imagenet2012/5.1.0
I0530 13:35:10.432534 140231140238528 dataset_info.py:793] For 'imagenet2012/5.1.0': fields info.[splits, supervised_keys] differ on disk and in the code. Keeping the one from code.
I0530 13:35:10.724041 140231140238528 reader.py:262] Creating a tf.data.Dataset reading 1024 files located in folders: /data/imagenet/jax/imagenet2012/5.1.0.
I0530 13:35:10.914683 140231140238528 logging_logger.py:49] Constructing tf.data.Dataset imagenet2012 for split train, from /data/imagenet/jax/imagenet2012/5.1.0
I0530 13:35:12.283173 140231140238528 submission_runner.py:251] Initializing model.
I0530 13:35:37.095748 140231140238528 submission_runner.py:294] Initializing optimizer.
I0530 13:35:38.342835 140231140238528 submission_runner.py:299] Initializing metrics bundle.
I0530 13:35:38.343063 140231140238528 submission_runner.py:321] Initializing checkpoint and logger.
I0530 13:35:38.352020 140231140238528 checkpoints.py:1098] Found no checkpoint files in /experiment_runs/submissions_a100/nadamw_resnet/study_2/imagenet_resnet_jax/trial_1 with prefix checkpoint_
I0530 13:35:38.352151 140231140238528 submission_runner.py:344] Saving meta data to /experiment_runs/submissions_a100/nadamw_resnet/study_2/imagenet_resnet_jax/trial_1/meta_data_0.json.
I0530 13:35:38.604436 140231140238528 submission_runner.py:348] Saving flags to /experiment_runs/submissions_a100/nadamw_resnet/study_2/imagenet_resnet_jax/trial_1/flags_0.json.
I0530 13:35:38.625247 140231140238528 submission_runner.py:359] Starting training loop.
I0530 13:36:35.996301 140231140238528 spec.py:333] Evaluating on the training split.
I0530 13:36:36.315737 140231140238528 dataset_info.py:707] Load dataset info from /data/imagenet/jax/imagenet2012/5.1.0
I0530 13:36:36.321460 140231140238528 dataset_info.py:793] For 'imagenet2012/5.1.0': fields info.[splits, supervised_keys] differ on disk and in the code. Keeping the one from code.
I0530 13:36:36.340092 140231140238528 reader.py:262] Creating a tf.data.Dataset reading 1024 files located in folders: /data/imagenet/jax/imagenet2012/5.1.0.
I0530 13:36:36.390043 140231140238528 logging_logger.py:49] Constructing tf.data.Dataset imagenet2012 for split train, from /data/imagenet/jax/imagenet2012/5.1.0
I0530 13:36:57.023840 140231140238528 spec.py:346] Evaluating on the validation split.
I0530 13:36:57.028349 140231140238528 dataset_info.py:707] Load dataset info from /data/imagenet/jax/imagenet2012/5.1.0
I0530 13:36:57.039336 140231140238528 dataset_info.py:793] For 'imagenet2012/5.1.0': fields info.[splits, supervised_keys] differ on disk and in the code. Keeping the one from code.
I0530 13:36:57.042007 140231140238528 reader.py:262] Creating a tf.data.Dataset reading 64 files located in folders: /data/imagenet/jax/imagenet2012/5.1.0.
I0530 13:36:57.133273 140231140238528 logging_logger.py:49] Constructing tf.data.Dataset imagenet2012 for split validation, from /data/imagenet/jax/imagenet2012/5.1.0
I0530 13:37:24.436496 140231140238528 spec.py:363] Evaluating on the test split.
I0530 13:37:24.514206 140231140238528 dataset_info.py:707] Load dataset info from /data/imagenet/jax/imagenet_v2/matched-frequency/3.0.0
I0530 13:37:24.625284 140231140238528 reader.py:262] Creating a tf.data.Dataset reading 16 files located in folders: /data/imagenet/jax/imagenet_v2/matched-frequency/3.0.0.
I0530 13:37:24.679503 140231140238528 logging_logger.py:49] Constructing tf.data.Dataset imagenet_v2 for split test, from /data/imagenet/jax/imagenet_v2/matched-frequency/3.0.0
I0530 13:37:29.294808 140231140238528 submission_runner.py:516] Time since start: 110.67s, 	Step: 1, 	{'train/accuracy': Array(0.00157446, dtype=float32), 'train/loss': Array(6.91095, dtype=float32), 'validation/accuracy': Array(0.00146, dtype=float32), 'validation/loss': Array(6.911517, dtype=float32), 'validation/num_examples': 50000, 'test/accuracy': Array(0.0012, dtype=float32), 'test/loss': Array(6.911341, dtype=float32), 'test/num_examples': 10000, 'score': 57.370943546295166, 'total_duration': 110.66757726669312, 'accumulated_submission_time': 57.370943546295166, 'accumulated_eval_time': 53.29654121398926, 'accumulated_logging_time': 0}
I0530 13:37:29.372303 140015891883776 logging_writer.py:48] [1] accumulated_eval_time=53.2965, accumulated_logging_time=0, accumulated_submission_time=57.3709, global_step=1, preemption_count=0, score=57.3709, test/accuracy=0.0012000000569969416, test/loss=6.911341190338135, test/num_examples=10000, total_duration=110.668, train/accuracy=0.0015744578558951616, train/loss=6.910950183868408, validation/accuracy=0.001459999941289425, validation/loss=6.911517143249512, validation/num_examples=50000
I0530 14:10:45.300162 140231140238528 spec.py:333] Evaluating on the training split.
I0530 14:10:57.457102 140231140238528 spec.py:346] Evaluating on the validation split.
I0530 14:11:07.357691 140231140238528 spec.py:363] Evaluating on the test split.
I0530 14:11:47.640782 140231140238528 submission_runner.py:516] Time since start: 2169.01s, 	Step: 7744, 	{'train/accuracy': Array(0.5986727, dtype=float32), 'train/loss': Array(1.6601089, dtype=float32), 'validation/accuracy': Array(0.52849996, dtype=float32), 'validation/loss': Array(2.0390298, dtype=float32), 'validation/num_examples': 50000, 'test/accuracy': Array(0.4, dtype=float32), 'test/loss': Array(2.7974906, dtype=float32), 'test/num_examples': 10000, 'score': 2052.9768857955933, 'total_duration': 2169.013340950012, 'accumulated_submission_time': 2052.9768857955933, 'accumulated_eval_time': 115.63498711585999, 'accumulated_logging_time': 0.3289008140563965}
I0530 14:11:47.691846 140015900276480 logging_writer.py:48] [7744] accumulated_eval_time=115.635, accumulated_logging_time=0.328901, accumulated_submission_time=2052.98, global_step=7744, preemption_count=0, score=2052.98, test/accuracy=0.4000000059604645, test/loss=2.7974905967712402, test/num_examples=10000, total_duration=2169.01, train/accuracy=0.5986726880073547, train/loss=1.6601089239120483, validation/accuracy=0.528499960899353, validation/loss=2.039029836654663, validation/num_examples=50000
I0530 14:45:03.743213 140231140238528 spec.py:333] Evaluating on the training split.
I0530 14:45:16.779953 140231140238528 spec.py:346] Evaluating on the validation split.
I0530 14:45:26.539430 140231140238528 spec.py:363] Evaluating on the test split.
I0530 14:45:27.408755 140231140238528 submission_runner.py:516] Time since start: 4188.78s, 	Step: 15718, 	{'train/accuracy': Array(0.6501116, dtype=float32), 'train/loss': Array(1.40659, dtype=float32), 'validation/accuracy': Array(0.59591997, dtype=float32), 'validation/loss': Array(1.7083287, dtype=float32), 'validation/num_examples': 50000, 'test/accuracy': Array(0.46160004, dtype=float32), 'test/loss': Array(2.459932, dtype=float32), 'test/num_examples': 10000, 'score': 4048.951972961426, 'total_duration': 4188.781252145767, 'accumulated_submission_time': 4048.951972961426, 'accumulated_eval_time': 139.29829144477844, 'accumulated_logging_time': 0.389009952545166}
I0530 14:45:27.461418 140015908669184 logging_writer.py:48] [15718] accumulated_eval_time=139.298, accumulated_logging_time=0.38901, accumulated_submission_time=4048.95, global_step=15718, preemption_count=0, score=4048.95, test/accuracy=0.46160003542900085, test/loss=2.4599320888519287, test/num_examples=10000, total_duration=4188.78, train/accuracy=0.6501116156578064, train/loss=1.4065899848937988, validation/accuracy=0.5959199666976929, validation/loss=1.7083287239074707, validation/num_examples=50000
I0530 15:18:43.555119 140231140238528 spec.py:333] Evaluating on the training split.
I0530 15:18:56.673514 140231140238528 spec.py:346] Evaluating on the validation split.
I0530 15:19:06.261657 140231140238528 spec.py:363] Evaluating on the test split.
I0530 15:19:07.142334 140231140238528 submission_runner.py:516] Time since start: 6208.51s, 	Step: 23693, 	{'train/accuracy': Array(0.6636041, dtype=float32), 'train/loss': Array(1.3386247, dtype=float32), 'validation/accuracy': Array(0.6123, dtype=float32), 'validation/loss': Array(1.6034282, dtype=float32), 'validation/num_examples': 50000, 'test/accuracy': Array(0.48510003, dtype=float32), 'test/loss': Array(2.3398595, dtype=float32), 'test/num_examples': 10000, 'score': 6044.952031135559, 'total_duration': 6208.514200925827, 'accumulated_submission_time': 6044.952031135559, 'accumulated_eval_time': 162.8826403617859, 'accumulated_logging_time': 0.46799731254577637}
I0530 15:19:07.198549 140015908669184 logging_writer.py:48] [23693] accumulated_eval_time=162.883, accumulated_logging_time=0.467997, accumulated_submission_time=6044.95, global_step=23693, preemption_count=0, score=6044.95, test/accuracy=0.48510003089904785, test/loss=2.3398594856262207, test/num_examples=10000, total_duration=6208.51, train/accuracy=0.6636040806770325, train/loss=1.3386247158050537, validation/accuracy=0.6122999787330627, validation/loss=1.6034282445907593, validation/num_examples=50000
I0530 15:52:23.142973 140231140238528 spec.py:333] Evaluating on the training split.
I0530 15:52:36.033269 140231140238528 spec.py:346] Evaluating on the validation split.
I0530 15:52:45.544848 140231140238528 spec.py:363] Evaluating on the test split.
I0530 15:52:46.414841 140231140238528 submission_runner.py:516] Time since start: 8227.79s, 	Step: 31668, 	{'train/accuracy': Array(0.7158203, dtype=float32), 'train/loss': Array(1.1044304, dtype=float32), 'validation/accuracy': Array(0.6322, dtype=float32), 'validation/loss': Array(1.5236791, dtype=float32), 'validation/num_examples': 50000, 'test/accuracy': Array(0.50210005, dtype=float32), 'test/loss': Array(2.2626452, dtype=float32), 'test/num_examples': 10000, 'score': 8040.806996107101, 'total_duration': 8227.787029743195, 'accumulated_submission_time': 8040.806996107101, 'accumulated_eval_time': 186.1519637107849, 'accumulated_logging_time': 0.5429091453552246}
I0530 15:52:46.468303 140015900276480 logging_writer.py:48] [31668] accumulated_eval_time=186.152, accumulated_logging_time=0.542909, accumulated_submission_time=8040.81, global_step=31668, preemption_count=0, score=8040.81, test/accuracy=0.5021000504493713, test/loss=2.2626452445983887, test/num_examples=10000, total_duration=8227.79, train/accuracy=0.7158203125, train/loss=1.1044304370880127, validation/accuracy=0.6322000026702881, validation/loss=1.5236791372299194, validation/num_examples=50000
I0530 16:26:02.600600 140231140238528 spec.py:333] Evaluating on the training split.
I0530 16:26:15.502261 140231140238528 spec.py:346] Evaluating on the validation split.
I0530 16:26:24.941414 140231140238528 spec.py:363] Evaluating on the test split.
I0530 16:26:25.820726 140231140238528 submission_runner.py:516] Time since start: 10247.19s, 	Step: 39645, 	{'train/accuracy': Array(0.6991988, dtype=float32), 'train/loss': Array(1.1833584, dtype=float32), 'validation/accuracy': Array(0.63294, dtype=float32), 'validation/loss': Array(1.5079448, dtype=float32), 'validation/num_examples': 50000, 'test/accuracy': Array(0.50030005, dtype=float32), 'test/loss': Array(2.2567163, dtype=float32), 'test/num_examples': 10000, 'score': 10036.844056844711, 'total_duration': 10247.189211130142, 'accumulated_submission_time': 10036.844056844711, 'accumulated_eval_time': 209.36584210395813, 'accumulated_logging_time': 0.6238617897033691}
I0530 16:26:25.872248 140015908669184 logging_writer.py:48] [39645] accumulated_eval_time=209.366, accumulated_logging_time=0.623862, accumulated_submission_time=10036.8, global_step=39645, preemption_count=0, score=10036.8, test/accuracy=0.5003000497817993, test/loss=2.256716251373291, test/num_examples=10000, total_duration=10247.2, train/accuracy=0.6991987824440002, train/loss=1.1833584308624268, validation/accuracy=0.6329399943351746, validation/loss=1.5079448223114014, validation/num_examples=50000
I0530 16:59:41.894973 140231140238528 spec.py:333] Evaluating on the training split.
I0530 16:59:54.503007 140231140238528 spec.py:346] Evaluating on the validation split.
I0530 17:00:04.171499 140231140238528 spec.py:363] Evaluating on the test split.
I0530 17:00:05.064366 140231140238528 submission_runner.py:516] Time since start: 12266.44s, 	Step: 47622, 	{'train/accuracy': Array(0.6897122, dtype=float32), 'train/loss': Array(1.220918, dtype=float32), 'validation/accuracy': Array(0.63321996, dtype=float32), 'validation/loss': Array(1.5250316, dtype=float32), 'validation/num_examples': 50000, 'test/accuracy': Array(0.50100005, dtype=float32), 'test/loss': Array(2.2697423, dtype=float32), 'test/num_examples': 10000, 'score': 12032.772963523865, 'total_duration': 12266.436250448227, 'accumulated_submission_time': 12032.772963523865, 'accumulated_eval_time': 232.5323839187622, 'accumulated_logging_time': 0.7013254165649414}
I0530 17:00:05.143734 140015900276480 logging_writer.py:48] [47622] accumulated_eval_time=232.532, accumulated_logging_time=0.701325, accumulated_submission_time=12032.8, global_step=47622, preemption_count=0, score=12032.8, test/accuracy=0.5010000467300415, test/loss=2.269742250442505, test/num_examples=10000, total_duration=12266.4, train/accuracy=0.6897122263908386, train/loss=1.22091805934906, validation/accuracy=0.6332199573516846, validation/loss=1.525031566619873, validation/num_examples=50000
I0530 17:33:21.187097 140231140238528 spec.py:333] Evaluating on the training split.
I0530 17:33:33.572226 140231140238528 spec.py:346] Evaluating on the validation split.
I0530 17:33:43.079717 140231140238528 spec.py:363] Evaluating on the test split.
I0530 17:33:43.958086 140231140238528 submission_runner.py:516] Time since start: 14285.33s, 	Step: 55599, 	{'train/accuracy': Array(0.73305964, dtype=float32), 'train/loss': Array(1.0327147, dtype=float32), 'validation/accuracy': Array(0.64258, dtype=float32), 'validation/loss': Array(1.4695021, dtype=float32), 'validation/num_examples': 50000, 'test/accuracy': Array(0.51240003, dtype=float32), 'test/loss': Array(2.2062068, dtype=float32), 'test/num_examples': 10000, 'score': 14028.721557378769, 'total_duration': 14285.330657482147, 'accumulated_submission_time': 14028.721557378769, 'accumulated_eval_time': 255.3012146949768, 'accumulated_logging_time': 0.8067152500152588}
I0530 17:33:44.013814 140015900276480 logging_writer.py:48] [55599] accumulated_eval_time=255.301, accumulated_logging_time=0.806715, accumulated_submission_time=14028.7, global_step=55599, preemption_count=0, score=14028.7, test/accuracy=0.5124000310897827, test/loss=2.206206798553467, test/num_examples=10000, total_duration=14285.3, train/accuracy=0.7330596446990967, train/loss=1.0327147245407104, validation/accuracy=0.642579972743988, validation/loss=1.4695020914077759, validation/num_examples=50000
I0530 18:07:00.012392 140231140238528 spec.py:333] Evaluating on the training split.
I0530 18:07:12.266273 140231140238528 spec.py:346] Evaluating on the validation split.
I0530 18:07:21.924133 140231140238528 spec.py:363] Evaluating on the test split.
I0530 18:07:22.811085 140231140238528 submission_runner.py:516] Time since start: 16304.18s, 	Step: 63575, 	{'train/accuracy': Array(0.7179129, dtype=float32), 'train/loss': Array(1.0883782, dtype=float32), 'validation/accuracy': Array(0.6473, dtype=float32), 'validation/loss': Array(1.4445803, dtype=float32), 'validation/num_examples': 50000, 'test/accuracy': Array(0.5223, dtype=float32), 'test/loss': Array(2.1754398, dtype=float32), 'test/num_examples': 10000, 'score': 16024.61654639244, 'total_duration': 16304.177892684937, 'accumulated_submission_time': 16024.61654639244, 'accumulated_eval_time': 278.09198212623596, 'accumulated_logging_time': 0.8974752426147461}
I0530 18:07:22.874682 140015908669184 logging_writer.py:48] [63575] accumulated_eval_time=278.092, accumulated_logging_time=0.897475, accumulated_submission_time=16024.6, global_step=63575, preemption_count=0, score=16024.6, test/accuracy=0.5223000049591064, test/loss=2.1754398345947266, test/num_examples=10000, total_duration=16304.2, train/accuracy=0.7179129123687744, train/loss=1.0883781909942627, validation/accuracy=0.6473000049591064, validation/loss=1.444580316543579, validation/num_examples=50000
I0530 18:40:39.035468 140231140238528 spec.py:333] Evaluating on the training split.
I0530 18:40:50.917887 140231140238528 spec.py:346] Evaluating on the validation split.
I0530 18:41:00.575766 140231140238528 spec.py:363] Evaluating on the test split.
I0530 18:41:01.444905 140231140238528 submission_runner.py:516] Time since start: 18322.82s, 	Step: 71553, 	{'train/accuracy': Array(0.70392215, dtype=float32), 'train/loss': Array(1.1567515, dtype=float32), 'validation/accuracy': Array(0.6434, dtype=float32), 'validation/loss': Array(1.4659452, dtype=float32), 'validation/num_examples': 50000, 'test/accuracy': Array(0.51210004, dtype=float32), 'test/loss': Array(2.191896, dtype=float32), 'test/num_examples': 10000, 'score': 18020.686705350876, 'total_duration': 18322.816561937332, 'accumulated_submission_time': 18020.686705350876, 'accumulated_eval_time': 300.4983460903168, 'accumulated_logging_time': 0.9830210208892822}
I0530 18:41:01.508205 140015900276480 logging_writer.py:48] [71553] accumulated_eval_time=300.498, accumulated_logging_time=0.983021, accumulated_submission_time=18020.7, global_step=71553, preemption_count=0, score=18020.7, test/accuracy=0.5121000409126282, test/loss=2.1918959617614746, test/num_examples=10000, total_duration=18322.8, train/accuracy=0.7039221525192261, train/loss=1.1567515134811401, validation/accuracy=0.6434000134468079, validation/loss=1.4659452438354492, validation/num_examples=50000
I0530 19:14:17.580705 140231140238528 spec.py:333] Evaluating on the training split.
I0530 19:14:29.150108 140231140238528 spec.py:346] Evaluating on the validation split.
I0530 19:14:39.189660 140231140238528 spec.py:363] Evaluating on the test split.
I0530 19:14:40.081376 140231140238528 submission_runner.py:516] Time since start: 20341.45s, 	Step: 79531, 	{'train/accuracy': Array(0.7549426, dtype=float32), 'train/loss': Array(0.9231112, dtype=float32), 'validation/accuracy': Array(0.6579, dtype=float32), 'validation/loss': Array(1.3972479, dtype=float32), 'validation/num_examples': 50000, 'test/accuracy': Array(0.5306, dtype=float32), 'test/loss': Array(2.11835, dtype=float32), 'test/num_examples': 10000, 'score': 20016.67441368103, 'total_duration': 20341.45330810547, 'accumulated_submission_time': 20016.67441368103, 'accumulated_eval_time': 322.9962136745453, 'accumulated_logging_time': 1.0632214546203613}
I0530 19:14:40.127961 140015908669184 logging_writer.py:48] [79531] accumulated_eval_time=322.996, accumulated_logging_time=1.06322, accumulated_submission_time=20016.7, global_step=79531, preemption_count=0, score=20016.7, test/accuracy=0.5306000113487244, test/loss=2.118350028991699, test/num_examples=10000, total_duration=20341.5, train/accuracy=0.7549425959587097, train/loss=0.9231112003326416, validation/accuracy=0.6578999757766724, validation/loss=1.3972479104995728, validation/num_examples=50000
I0530 19:47:56.214250 140231140238528 spec.py:333] Evaluating on the training split.
I0530 19:48:08.184938 140231140238528 spec.py:346] Evaluating on the validation split.
I0530 19:48:17.738824 140231140238528 spec.py:363] Evaluating on the test split.
I0530 19:48:18.631929 140231140238528 submission_runner.py:516] Time since start: 22360.00s, 	Step: 87509, 	{'train/accuracy': Array(0.7418487, dtype=float32), 'train/loss': Array(0.9801327, dtype=float32), 'validation/accuracy': Array(0.66396, dtype=float32), 'validation/loss': Array(1.3665711, dtype=float32), 'validation/num_examples': 50000, 'test/accuracy': Array(0.5414, dtype=float32), 'test/loss': Array(2.0816653, dtype=float32), 'test/num_examples': 10000, 'score': 22012.66895365715, 'total_duration': 22360.001306056976, 'accumulated_submission_time': 22012.66895365715, 'accumulated_eval_time': 345.4085388183594, 'accumulated_logging_time': 1.1330652236938477}
I0530 19:48:18.708651 140015900276480 logging_writer.py:48] [87509] accumulated_eval_time=345.409, accumulated_logging_time=1.13307, accumulated_submission_time=22012.7, global_step=87509, preemption_count=0, score=22012.7, test/accuracy=0.5414000153541565, test/loss=2.081665277481079, test/num_examples=10000, total_duration=22360, train/accuracy=0.7418487071990967, train/loss=0.9801326990127563, validation/accuracy=0.6639599800109863, validation/loss=1.366571068763733, validation/num_examples=50000
I0530 20:21:34.872688 140231140238528 spec.py:333] Evaluating on the training split.
I0530 20:21:46.558555 140231140238528 spec.py:346] Evaluating on the validation split.
I0530 20:21:56.365072 140231140238528 spec.py:363] Evaluating on the test split.
I0530 20:21:57.253179 140231140238528 submission_runner.py:516] Time since start: 24378.62s, 	Step: 95487, 	{'train/accuracy': Array(0.74435985, dtype=float32), 'train/loss': Array(0.98119724, dtype=float32), 'validation/accuracy': Array(0.6734, dtype=float32), 'validation/loss': Array(1.3268851, dtype=float32), 'validation/num_examples': 50000, 'test/accuracy': Array(0.54510003, dtype=float32), 'test/loss': Array(2.0441852, dtype=float32), 'test/num_examples': 10000, 'score': 24008.740559101105, 'total_duration': 24378.624090194702, 'accumulated_submission_time': 24008.740559101105, 'accumulated_eval_time': 367.78520822525024, 'accumulated_logging_time': 1.2333958148956299}
I0530 20:21:57.326542 140015908669184 logging_writer.py:48] [95487] accumulated_eval_time=367.785, accumulated_logging_time=1.2334, accumulated_submission_time=24008.7, global_step=95487, preemption_count=0, score=24008.7, test/accuracy=0.5451000332832336, test/loss=2.044185161590576, test/num_examples=10000, total_duration=24378.6, train/accuracy=0.7443598508834839, train/loss=0.9811972379684448, validation/accuracy=0.6733999848365784, validation/loss=1.3268851041793823, validation/num_examples=50000
I0530 20:55:13.430899 140231140238528 spec.py:333] Evaluating on the training split.
I0530 20:55:24.480503 140231140238528 spec.py:346] Evaluating on the validation split.
I0530 20:55:34.170417 140231140238528 spec.py:363] Evaluating on the test split.
I0530 20:55:35.037181 140231140238528 submission_runner.py:516] Time since start: 26396.41s, 	Step: 103464, 	{'train/accuracy': Array(0.7890027, dtype=float32), 'train/loss': Array(0.78510636, dtype=float32), 'validation/accuracy': Array(0.681, dtype=float32), 'validation/loss': Array(1.2954272, dtype=float32), 'validation/num_examples': 50000, 'test/accuracy': Array(0.54940003, dtype=float32), 'test/loss': Array(2.0176609, dtype=float32), 'test/num_examples': 10000, 'score': 26004.743294000626, 'total_duration': 26396.409573554993, 'accumulated_submission_time': 26004.743294000626, 'accumulated_eval_time': 389.38915061950684, 'accumulated_logging_time': 1.3396148681640625}
I0530 20:55:35.088097 140015900276480 logging_writer.py:48] [103464] accumulated_eval_time=389.389, accumulated_logging_time=1.33961, accumulated_submission_time=26004.7, global_step=103464, preemption_count=0, score=26004.7, test/accuracy=0.5494000315666199, test/loss=2.0176608562469482, test/num_examples=10000, total_duration=26396.4, train/accuracy=0.7890027165412903, train/loss=0.785106360912323, validation/accuracy=0.6809999942779541, validation/loss=1.2954272031784058, validation/num_examples=50000
I0530 21:28:51.054921 140231140238528 spec.py:333] Evaluating on the training split.
I0530 21:29:01.816393 140231140238528 spec.py:346] Evaluating on the validation split.
I0530 21:29:11.845846 140231140238528 spec.py:363] Evaluating on the test split.
I0530 21:29:12.737046 140231140238528 submission_runner.py:516] Time since start: 28414.10s, 	Step: 111440, 	{'train/accuracy': Array(0.7759885, dtype=float32), 'train/loss': Array(0.8402205, dtype=float32), 'validation/accuracy': Array(0.68232, dtype=float32), 'validation/loss': Array(1.2753348, dtype=float32), 'validation/num_examples': 50000, 'test/accuracy': Array(0.5593, dtype=float32), 'test/loss': Array(2.002176, dtype=float32), 'test/num_examples': 10000, 'score': 28000.618613243103, 'total_duration': 28414.10180592537, 'accumulated_submission_time': 28000.618613243103, 'accumulated_eval_time': 411.0613043308258, 'accumulated_logging_time': 1.4133825302124023}
I0530 21:29:12.799670 140015908669184 logging_writer.py:48] [111440] accumulated_eval_time=411.061, accumulated_logging_time=1.41338, accumulated_submission_time=28000.6, global_step=111440, preemption_count=0, score=28000.6, test/accuracy=0.5593000054359436, test/loss=2.00217604637146, test/num_examples=10000, total_duration=28414.1, train/accuracy=0.7759885191917419, train/loss=0.8402205109596252, validation/accuracy=0.6823199987411499, validation/loss=1.2753348350524902, validation/num_examples=50000
I0530 22:02:28.903187 140231140238528 spec.py:333] Evaluating on the training split.
I0530 22:02:39.452905 140231140238528 spec.py:346] Evaluating on the validation split.
I0530 22:02:49.613263 140231140238528 spec.py:363] Evaluating on the test split.
I0530 22:02:50.483321 140231140238528 submission_runner.py:516] Time since start: 30431.86s, 	Step: 119418, 	{'train/accuracy': Array(0.7810507, dtype=float32), 'train/loss': Array(0.8070165, dtype=float32), 'validation/accuracy': Array(0.69448, dtype=float32), 'validation/loss': Array(1.2395581, dtype=float32), 'validation/num_examples': 50000, 'test/accuracy': Array(0.5677, dtype=float32), 'test/loss': Array(1.9355985, dtype=float32), 'test/num_examples': 10000, 'score': 29996.615370988846, 'total_duration': 30431.8552775383, 'accumulated_submission_time': 29996.615370988846, 'accumulated_eval_time': 432.6386625766754, 'accumulated_logging_time': 1.5145654678344727}
I0530 22:02:50.531128 140015900276480 logging_writer.py:48] [119418] accumulated_eval_time=432.639, accumulated_logging_time=1.51457, accumulated_submission_time=29996.6, global_step=119418, preemption_count=0, score=29996.6, test/accuracy=0.5677000284194946, test/loss=1.9355984926223755, test/num_examples=10000, total_duration=30431.9, train/accuracy=0.7810506820678711, train/loss=0.8070164918899536, validation/accuracy=0.6944800019264221, validation/loss=1.2395581007003784, validation/num_examples=50000
I0530 22:36:06.509405 140231140238528 spec.py:333] Evaluating on the training split.
I0530 22:36:17.667172 140231140238528 spec.py:346] Evaluating on the validation split.
I0530 22:36:37.391391 140231140238528 spec.py:363] Evaluating on the test split.
I0530 22:36:38.285116 140231140238528 submission_runner.py:516] Time since start: 32459.66s, 	Step: 127395, 	{'train/accuracy': Array(0.8238002, dtype=float32), 'train/loss': Array(0.63026, dtype=float32), 'validation/accuracy': Array(0.69758, dtype=float32), 'validation/loss': Array(1.2231032, dtype=float32), 'validation/num_examples': 50000, 'test/accuracy': Array(0.5698, dtype=float32), 'test/loss': Array(1.9722397, dtype=float32), 'test/num_examples': 10000, 'score': 31992.4835793972, 'total_duration': 32459.657371997833, 'accumulated_submission_time': 31992.4835793972, 'accumulated_eval_time': 464.41189908981323, 'accumulated_logging_time': 1.6021034717559814}
I0530 22:36:38.327779 140015908669184 logging_writer.py:48] [127395] accumulated_eval_time=464.412, accumulated_logging_time=1.6021, accumulated_submission_time=31992.5, global_step=127395, preemption_count=0, score=31992.5, test/accuracy=0.5698000192642212, test/loss=1.9722397327423096, test/num_examples=10000, total_duration=32459.7, train/accuracy=0.8238002061843872, train/loss=0.6302599906921387, validation/accuracy=0.6975799798965454, validation/loss=1.2231031656265259, validation/num_examples=50000
I0530 23:09:54.346828 140231140238528 spec.py:333] Evaluating on the training split.
I0530 23:10:05.109211 140231140238528 spec.py:346] Evaluating on the validation split.
I0530 23:11:02.520898 140231140238528 spec.py:363] Evaluating on the test split.
I0530 23:11:03.415850 140231140238528 submission_runner.py:516] Time since start: 34524.79s, 	Step: 135373, 	{'train/accuracy': Array(0.82483655, dtype=float32), 'train/loss': Array(0.6256428, dtype=float32), 'validation/accuracy': Array(0.71143997, dtype=float32), 'validation/loss': Array(1.1745847, dtype=float32), 'validation/num_examples': 50000, 'test/accuracy': Array(0.588, dtype=float32), 'test/loss': Array(1.8840604, dtype=float32), 'test/num_examples': 10000, 'score': 33988.40476870537, 'total_duration': 34524.787912130356, 'accumulated_submission_time': 33988.40476870537, 'accumulated_eval_time': 533.4782483577728, 'accumulated_logging_time': 1.6731185913085938}
I0530 23:11:03.459071 140015900276480 logging_writer.py:48] [135373] accumulated_eval_time=533.478, accumulated_logging_time=1.67312, accumulated_submission_time=33988.4, global_step=135373, preemption_count=0, score=33988.4, test/accuracy=0.5879999995231628, test/loss=1.8840603828430176, test/num_examples=10000, total_duration=34524.8, train/accuracy=0.8248365521430969, train/loss=0.6256427764892578, validation/accuracy=0.7114399671554565, validation/loss=1.1745847463607788, validation/num_examples=50000
I0530 23:44:19.588890 140231140238528 spec.py:333] Evaluating on the training split.
I0530 23:44:31.021318 140231140238528 spec.py:346] Evaluating on the validation split.
I0530 23:45:39.847256 140231140238528 spec.py:363] Evaluating on the test split.
I0530 23:45:40.742804 140231140238528 submission_runner.py:516] Time since start: 36602.11s, 	Step: 143349, 	{'train/accuracy': Array(0.8391661, dtype=float32), 'train/loss': Array(0.5652486, dtype=float32), 'validation/accuracy': Array(0.71906, dtype=float32), 'validation/loss': Array(1.1405345, dtype=float32), 'validation/num_examples': 50000, 'test/accuracy': Array(0.58820003, dtype=float32), 'test/loss': Array(1.8785554, dtype=float32), 'test/num_examples': 10000, 'score': 35984.42838525772, 'total_duration': 36602.11473894119, 'accumulated_submission_time': 35984.42838525772, 'accumulated_eval_time': 614.6293816566467, 'accumulated_logging_time': 1.7268891334533691}
I0530 23:45:40.787698 140015908669184 logging_writer.py:48] [143349] accumulated_eval_time=614.629, accumulated_logging_time=1.72689, accumulated_submission_time=35984.4, global_step=143349, preemption_count=0, score=35984.4, test/accuracy=0.588200032711029, test/loss=1.878555417060852, test/num_examples=10000, total_duration=36602.1, train/accuracy=0.8391661047935486, train/loss=0.5652486085891724, validation/accuracy=0.7190600037574768, validation/loss=1.140534520149231, validation/num_examples=50000
I0531 00:18:56.929609 140231140238528 spec.py:333] Evaluating on the training split.
I0531 00:19:09.219244 140231140238528 spec.py:346] Evaluating on the validation split.
I0531 00:20:59.663958 140231140238528 spec.py:363] Evaluating on the test split.
I0531 00:21:00.560455 140231140238528 submission_runner.py:516] Time since start: 38721.93s, 	Step: 151299, 	{'train/accuracy': Array(0.8851443, dtype=float32), 'train/loss': Array(0.4107001, dtype=float32), 'validation/accuracy': Array(0.72712, dtype=float32), 'validation/loss': Array(1.119342, dtype=float32), 'validation/num_examples': 50000, 'test/accuracy': Array(0.59480006, dtype=float32), 'test/loss': Array(1.8525915, dtype=float32), 'test/num_examples': 10000, 'score': 37980.480818510056, 'total_duration': 38721.93230986595, 'accumulated_submission_time': 37980.480818510056, 'accumulated_eval_time': 738.2573511600494, 'accumulated_logging_time': 1.782597541809082}
I0531 00:21:00.605553 140015900276480 logging_writer.py:48] [151299] accumulated_eval_time=738.257, accumulated_logging_time=1.7826, accumulated_submission_time=37980.5, global_step=151299, preemption_count=0, score=37980.5, test/accuracy=0.5948000550270081, test/loss=1.8525915145874023, test/num_examples=10000, total_duration=38721.9, train/accuracy=0.8851442933082581, train/loss=0.41070011258125305, validation/accuracy=0.7271199822425842, validation/loss=1.1193419694900513, validation/num_examples=50000
I0531 00:54:16.791085 140231140238528 spec.py:333] Evaluating on the training split.
I0531 00:54:28.061077 140231140238528 spec.py:346] Evaluating on the validation split.
I0531 00:55:52.811569 140231140238528 spec.py:363] Evaluating on the test split.
I0531 00:55:53.703596 140231140238528 submission_runner.py:516] Time since start: 40815.08s, 	Step: 159239, 	{'train/accuracy': Array(0.88938934, dtype=float32), 'train/loss': Array(0.38045976, dtype=float32), 'validation/accuracy': Array(0.7285, dtype=float32), 'validation/loss': Array(1.1109684, dtype=float32), 'validation/num_examples': 50000, 'test/accuracy': Array(0.60260004, dtype=float32), 'test/loss': Array(1.8683337, dtype=float32), 'test/num_examples': 10000, 'score': 39976.57741689682, 'total_duration': 40815.07580447197, 'accumulated_submission_time': 39976.57741689682, 'accumulated_eval_time': 835.1673405170441, 'accumulated_logging_time': 1.8379459381103516}
I0531 00:55:53.824242 140015908669184 logging_writer.py:48] [159239] accumulated_eval_time=835.167, accumulated_logging_time=1.83795, accumulated_submission_time=39976.6, global_step=159239, preemption_count=0, score=39976.6, test/accuracy=0.6026000380516052, test/loss=1.8683336973190308, test/num_examples=10000, total_duration=40815.1, train/accuracy=0.8893893361091614, train/loss=0.3804597556591034, validation/accuracy=0.7285000085830688, validation/loss=1.1109683513641357, validation/num_examples=50000
I0531 01:29:09.925569 140231140238528 spec.py:333] Evaluating on the training split.
I0531 01:29:22.179281 140231140238528 spec.py:346] Evaluating on the validation split.
I0531 01:30:47.809062 140231140238528 spec.py:363] Evaluating on the test split.
I0531 01:30:48.743148 140231140238528 submission_runner.py:516] Time since start: 42910.08s, 	Step: 167130, 	{'train/accuracy': Array(0.9131656, dtype=float32), 'train/loss': Array(0.29913935, dtype=float32), 'validation/accuracy': Array(0.73762, dtype=float32), 'validation/loss': Array(1.0933512, dtype=float32), 'validation/num_examples': 50000, 'test/accuracy': Array(0.61, dtype=float32), 'test/loss': Array(1.8629069, dtype=float32), 'test/num_examples': 10000, 'score': 41972.41721558571, 'total_duration': 42910.07733821869, 'accumulated_submission_time': 41972.41721558571, 'accumulated_eval_time': 933.9443762302399, 'accumulated_logging_time': 2.1394121646881104}
I0531 01:30:49.383511 140015900276480 logging_writer.py:48] [167130] accumulated_eval_time=933.944, accumulated_logging_time=2.13941, accumulated_submission_time=41972.4, global_step=167130, preemption_count=0, score=41972.4, test/accuracy=0.6100000143051147, test/loss=1.8629069328308105, test/num_examples=10000, total_duration=42910.1, train/accuracy=0.9131656289100647, train/loss=0.2991393506526947, validation/accuracy=0.7376199960708618, validation/loss=1.0933512449264526, validation/num_examples=50000
I0531 02:04:04.726333 140231140238528 spec.py:333] Evaluating on the training split.
I0531 02:04:17.945976 140231140238528 spec.py:346] Evaluating on the validation split.
I0531 02:05:42.409288 140231140238528 spec.py:363] Evaluating on the test split.
I0531 02:05:43.761732 140231140238528 submission_runner.py:516] Time since start: 45005.01s, 	Step: 172676, 	{'train/accuracy': Array(0.9444954, dtype=float32), 'train/loss': Array(0.2016051, dtype=float32), 'validation/accuracy': Array(0.74399996, dtype=float32), 'validation/loss': Array(1.0868021, dtype=float32), 'validation/num_examples': 50000, 'test/accuracy': Array(0.6179, dtype=float32), 'test/loss': Array(1.8569485, dtype=float32), 'test/num_examples': 10000, 'score': 43967.17918395996, 'total_duration': 45005.00740647316, 'accumulated_submission_time': 43967.17918395996, 'accumulated_eval_time': 1032.850730419159, 'accumulated_logging_time': 3.2951483726501465}
I0531 02:05:44.351687 140015908669184 logging_writer.py:48] [172676] accumulated_eval_time=1032.85, accumulated_logging_time=3.29515, accumulated_submission_time=43967.2, global_step=172676, preemption_count=0, score=43967.2, test/accuracy=0.617900013923645, test/loss=1.8569484949111938, test/num_examples=10000, total_duration=45005, train/accuracy=0.9444953799247742, train/loss=0.20160509645938873, validation/accuracy=0.7439999580383301, validation/loss=1.0868021249771118, validation/num_examples=50000
I0531 02:38:59.931895 140231140238528 spec.py:333] Evaluating on the training split.
I0531 02:39:13.838850 140231140238528 spec.py:346] Evaluating on the validation split.
I0531 02:41:56.076350 140231140238528 spec.py:363] Evaluating on the test split.
I0531 02:41:57.731745 140231140238528 submission_runner.py:516] Time since start: 47178.83s, 	Step: 177081, 	{'train/accuracy': Array(0.9451132, dtype=float32), 'train/loss': Array(0.19891834, dtype=float32), 'validation/accuracy': Array(0.74644, dtype=float32), 'validation/loss': Array(1.0835537, dtype=float32), 'validation/num_examples': 50000, 'test/accuracy': Array(0.6223, dtype=float32), 'test/loss': Array(1.870044, dtype=float32), 'test/num_examples': 10000, 'score': 45962.13778376579, 'total_duration': 47178.82891893387, 'accumulated_submission_time': 45962.13778376579, 'accumulated_eval_time': 1210.3848860263824, 'accumulated_logging_time': 4.41329550743103}
I0531 02:41:59.360564 140015900276480 logging_writer.py:48] [177081] accumulated_eval_time=1210.38, accumulated_logging_time=4.4133, accumulated_submission_time=45962.1, global_step=177081, preemption_count=0, score=45962.1, test/accuracy=0.6223000288009644, test/loss=1.8700439929962158, test/num_examples=10000, total_duration=47178.8, train/accuracy=0.9451131820678711, train/loss=0.19891834259033203, validation/accuracy=0.7464399933815002, validation/loss=1.083553671836853, validation/num_examples=50000
I0531 03:15:13.635357 140231140238528 spec.py:333] Evaluating on the training split.
I0531 03:15:26.261197 140231140238528 spec.py:346] Evaluating on the validation split.
I0531 03:16:11.189850 140231140238528 spec.py:363] Evaluating on the test split.
I0531 03:16:12.931180 140231140238528 submission_runner.py:516] Time since start: 49234.06s, 	Step: 181969, 	{'train/accuracy': Array(0.95557636, dtype=float32), 'train/loss': Array(0.1638338, dtype=float32), 'validation/accuracy': Array(0.74741995, dtype=float32), 'validation/loss': Array(1.0789894, dtype=float32), 'validation/num_examples': 50000, 'test/accuracy': Array(0.6204, dtype=float32), 'test/loss': Array(1.867132, dtype=float32), 'test/num_examples': 10000, 'score': 47955.168593645096, 'total_duration': 49234.06184267998, 'accumulated_submission_time': 47955.168593645096, 'accumulated_eval_time': 1269.4516019821167, 'accumulated_logging_time': 7.204556703567505}
I0531 03:16:14.384260 140015908669184 logging_writer.py:48] [181969] accumulated_eval_time=1269.45, accumulated_logging_time=7.20456, accumulated_submission_time=47955.2, global_step=181969, preemption_count=0, score=47955.2, test/accuracy=0.6204000115394592, test/loss=1.8671319484710693, test/num_examples=10000, total_duration=49234.1, train/accuracy=0.9555763602256775, train/loss=0.16383379697799683, validation/accuracy=0.7474199533462524, validation/loss=1.0789893865585327, validation/num_examples=50000
I0531 03:49:28.960525 140231140238528 spec.py:333] Evaluating on the training split.
I0531 03:49:38.073534 140231140238528 spec.py:346] Evaluating on the validation split.
I0531 03:50:09.582456 140231140238528 spec.py:363] Evaluating on the test split.
I0531 03:50:11.153485 140231140238528 submission_runner.py:516] Time since start: 51272.26s, 	Step: 187988, 	{'train/accuracy': Array(0.96552134, dtype=float32), 'train/loss': Array(0.13465062, dtype=float32), 'validation/accuracy': Array(0.75056, dtype=float32), 'validation/loss': Array(1.0732327, dtype=float32), 'validation/num_examples': 50000, 'test/accuracy': Array(0.6222, dtype=float32), 'test/loss': Array(1.8690203, dtype=float32), 'test/num_examples': 10000, 'score': 49948.71617746353, 'total_duration': 51272.25553917885, 'accumulated_submission_time': 49948.71617746353, 'accumulated_eval_time': 1311.4376533031464, 'accumulated_logging_time': 9.508987188339233}
I0531 03:50:12.505850 140015900276480 logging_writer.py:48] [187988] accumulated_eval_time=1311.44, accumulated_logging_time=9.50899, accumulated_submission_time=49948.7, global_step=187988, preemption_count=0, score=49948.7, test/accuracy=0.6222000122070312, test/loss=1.8690203428268433, test/num_examples=10000, total_duration=51272.3, train/accuracy=0.9655213356018066, train/loss=0.13465061783790588, validation/accuracy=0.7505599856376648, validation/loss=1.073232650756836, validation/num_examples=50000
I0531 04:23:26.986814 140231140238528 spec.py:333] Evaluating on the training split.
I0531 04:23:35.987792 140231140238528 spec.py:346] Evaluating on the validation split.
I0531 04:24:23.880658 140231140238528 spec.py:363] Evaluating on the test split.
I0531 04:24:25.578327 140231140238528 submission_runner.py:516] Time since start: 53326.74s, 	Step: 193473, 	{'train/accuracy': Array(0.96512276, dtype=float32), 'train/loss': Array(0.13432814, dtype=float32), 'validation/accuracy': Array(0.75176, dtype=float32), 'validation/loss': Array(1.0724431, dtype=float32), 'validation/num_examples': 50000, 'test/accuracy': Array(0.6248, dtype=float32), 'test/loss': Array(1.8629755, dtype=float32), 'test/num_examples': 10000, 'score': 51942.21082019806, 'total_duration': 53326.74484038353, 'accumulated_submission_time': 51942.21082019806, 'accumulated_eval_time': 1369.8383605480194, 'accumulated_logging_time': 11.753175735473633}
I0531 04:24:27.084880 140015908669184 logging_writer.py:48] [193473] accumulated_eval_time=1369.84, accumulated_logging_time=11.7532, accumulated_submission_time=51942.2, global_step=193473, preemption_count=0, score=51942.2, test/accuracy=0.6248000264167786, test/loss=1.8629754781723022, test/num_examples=10000, total_duration=53326.7, train/accuracy=0.9651227593421936, train/loss=0.13432814180850983, validation/accuracy=0.7517600059509277, validation/loss=1.0724431276321411, validation/num_examples=50000
I0531 04:57:41.669918 140231140238528 spec.py:333] Evaluating on the training split.
I0531 04:57:51.124159 140231140238528 spec.py:346] Evaluating on the validation split.
I0531 04:58:43.234595 140231140238528 spec.py:363] Evaluating on the test split.
I0531 04:58:44.660413 140231140238528 submission_runner.py:516] Time since start: 55385.82s, 	Step: 198437, 	{'train/accuracy': Array(0.9655413, dtype=float32), 'train/loss': Array(0.13605565, dtype=float32), 'validation/accuracy': Array(0.75196, dtype=float32), 'validation/loss': Array(1.0699369, dtype=float32), 'validation/num_examples': 50000, 'test/accuracy': Array(0.62420005, dtype=float32), 'test/loss': Array(1.8617042, dtype=float32), 'test/num_examples': 10000, 'score': 53935.869940042496, 'total_duration': 55385.81642127037, 'accumulated_submission_time': 53935.869940042496, 'accumulated_eval_time': 1432.6258528232574, 'accumulated_logging_time': 14.105244159698486}
I0531 04:58:46.259752 140015917061888 logging_writer.py:48] [198437] accumulated_eval_time=1432.63, accumulated_logging_time=14.1052, accumulated_submission_time=53935.9, global_step=198437, preemption_count=0, score=53935.9, test/accuracy=0.6242000460624695, test/loss=1.8617042303085327, test/num_examples=10000, total_duration=55385.8, train/accuracy=0.9655413031578064, train/loss=0.13605564832687378, validation/accuracy=0.7519599795341492, validation/loss=1.0699368715286255, validation/num_examples=50000
I0531 05:32:00.576735 140231140238528 spec.py:333] Evaluating on the training split.
I0531 05:32:09.739528 140231140238528 spec.py:346] Evaluating on the validation split.
I0531 05:32:22.645841 140231140238528 spec.py:363] Evaluating on the test split.
I0531 05:32:24.030452 140231140238528 submission_runner.py:516] Time since start: 57405.26s, 	Step: 202830, 	{'train/accuracy': Array(0.9662388, dtype=float32), 'train/loss': Array(0.13165136, dtype=float32), 'validation/accuracy': Array(0.75119996, dtype=float32), 'validation/loss': Array(1.0695515, dtype=float32), 'validation/num_examples': 50000, 'test/accuracy': Array(0.62490004, dtype=float32), 'test/loss': Array(1.8586602, dtype=float32), 'test/num_examples': 10000, 'score': 55929.27922129631, 'total_duration': 57405.26164650917, 'accumulated_submission_time': 55929.27922129631, 'accumulated_eval_time': 1455.9502170085907, 'accumulated_logging_time': 16.51917028427124}
I0531 05:32:25.600449 140015925454592 logging_writer.py:48] [202830] accumulated_eval_time=1455.95, accumulated_logging_time=16.5192, accumulated_submission_time=55929.3, global_step=202830, preemption_count=0, score=55929.3, test/accuracy=0.6249000430107117, test/loss=1.8586602210998535, test/num_examples=10000, total_duration=57405.3, train/accuracy=0.966238796710968, train/loss=0.1316513568162918, validation/accuracy=0.7511999607086182, validation/loss=1.0695514678955078, validation/num_examples=50000
I0531 06:05:39.921847 140231140238528 spec.py:333] Evaluating on the training split.
I0531 06:05:49.169182 140231140238528 spec.py:346] Evaluating on the validation split.
I0531 06:06:19.694152 140231140238528 spec.py:363] Evaluating on the test split.
I0531 06:06:21.361179 140231140238528 submission_runner.py:516] Time since start: 59442.52s, 	Step: 207379, 	{'train/accuracy': Array(0.9655811, dtype=float32), 'train/loss': Array(0.13374206, dtype=float32), 'validation/accuracy': Array(0.75202, dtype=float32), 'validation/loss': Array(1.069894, dtype=float32), 'validation/num_examples': 50000, 'test/accuracy': Array(0.625, dtype=float32), 'test/loss': Array(1.8609565, dtype=float32), 'test/num_examples': 10000, 'score': 57922.63467669487, 'total_duration': 59442.51541399956, 'accumulated_submission_time': 57922.63467669487, 'accumulated_eval_time': 1497.187780380249, 'accumulated_logging_time': 18.976126670837402}
I0531 06:06:22.719294 140015917061888 logging_writer.py:48] [207379] accumulated_eval_time=1497.19, accumulated_logging_time=18.9761, accumulated_submission_time=57922.6, global_step=207379, preemption_count=0, score=57922.6, test/accuracy=0.625, test/loss=1.8609565496444702, test/num_examples=10000, total_duration=59442.5, train/accuracy=0.9655811190605164, train/loss=0.1337420642375946, validation/accuracy=0.752020001411438, validation/loss=1.0698939561843872, validation/num_examples=50000
I0531 06:39:37.437828 140231140238528 spec.py:333] Evaluating on the training split.
I0531 06:39:48.464125 140231140238528 spec.py:346] Evaluating on the validation split.
I0531 06:40:35.113220 140231140238528 spec.py:363] Evaluating on the test split.
I0531 06:40:36.513564 140231140238528 submission_runner.py:516] Time since start: 61497.68s, 	Step: 212149, 	{'train/accuracy': Array(0.9656808, dtype=float32), 'train/loss': Array(0.13396998, dtype=float32), 'validation/accuracy': Array(0.75196, dtype=float32), 'validation/loss': Array(1.0705696, dtype=float32), 'validation/num_examples': 50000, 'test/accuracy': Array(0.62420005, dtype=float32), 'test/loss': Array(1.859594, dtype=float32), 'test/num_examples': 10000, 'score': 59916.41961431503, 'total_duration': 61497.68367934227, 'accumulated_submission_time': 59916.41961431503, 'accumulated_eval_time': 1556.0814890861511, 'accumulated_logging_time': 21.198662281036377}
I0531 06:40:37.895258 140015925454592 logging_writer.py:48] [212149] accumulated_eval_time=1556.08, accumulated_logging_time=21.1987, accumulated_submission_time=59916.4, global_step=212149, preemption_count=0, score=59916.4, test/accuracy=0.6242000460624695, test/loss=1.8595939874649048, test/num_examples=10000, total_duration=61497.7, train/accuracy=0.9656807780265808, train/loss=0.1339699774980545, validation/accuracy=0.7519599795341492, validation/loss=1.070569634437561, validation/num_examples=50000
I0531 07:13:52.504297 140231140238528 spec.py:333] Evaluating on the training split.
I0531 07:14:01.760892 140231140238528 spec.py:346] Evaluating on the validation split.
I0531 07:14:54.659937 140231140238528 spec.py:363] Evaluating on the test split.
I0531 07:14:56.173770 140231140238528 submission_runner.py:516] Time since start: 63557.29s, 	Step: 217074, 	{'train/accuracy': Array(0.965322, dtype=float32), 'train/loss': Array(0.13466021, dtype=float32), 'validation/accuracy': Array(0.75181997, dtype=float32), 'validation/loss': Array(1.0705266, dtype=float32), 'validation/num_examples': 50000, 'test/accuracy': Array(0.6241, dtype=float32), 'test/loss': Array(1.8619576, dtype=float32), 'test/num_examples': 10000, 'score': 61910.01784777641, 'total_duration': 63557.28763580322, 'accumulated_submission_time': 61910.01784777641, 'accumulated_eval_time': 1619.5566968917847, 'accumulated_logging_time': 23.420077085494995}
I0531 07:14:57.585081 140015917061888 logging_writer.py:48] [217074] accumulated_eval_time=1619.56, accumulated_logging_time=23.4201, accumulated_submission_time=61910, global_step=217074, preemption_count=0, score=61910, test/accuracy=0.6241000294685364, test/loss=1.8619575500488281, test/num_examples=10000, total_duration=63557.3, train/accuracy=0.9653220176696777, train/loss=0.13466021418571472, validation/accuracy=0.7518199682235718, validation/loss=1.0705265998840332, validation/num_examples=50000
I0531 07:48:12.212542 140231140238528 spec.py:333] Evaluating on the training split.
I0531 07:48:21.229393 140231140238528 spec.py:346] Evaluating on the validation split.
I0531 07:48:57.633819 140231140238528 spec.py:363] Evaluating on the test split.
I0531 07:48:59.204770 140231140238528 submission_runner.py:516] Time since start: 65600.38s, 	Step: 222184, 	{'train/accuracy': Array(0.96639824, dtype=float32), 'train/loss': Array(0.13148546, dtype=float32), 'validation/accuracy': Array(0.75198, dtype=float32), 'validation/loss': Array(1.070133, dtype=float32), 'validation/num_examples': 50000, 'test/accuracy': Array(0.6241, dtype=float32), 'test/loss': Array(1.8602865, dtype=float32), 'test/num_examples': 10000, 'score': 63903.81643605232, 'total_duration': 65600.37951731682, 'accumulated_submission_time': 63903.81643605232, 'accumulated_eval_time': 1666.367091178894, 'accumulated_logging_time': 25.572278261184692}
I0531 07:49:00.596638 140015925454592 logging_writer.py:48] [222184] accumulated_eval_time=1666.37, accumulated_logging_time=25.5723, accumulated_submission_time=63903.8, global_step=222184, preemption_count=0, score=63903.8, test/accuracy=0.6241000294685364, test/loss=1.8602864742279053, test/num_examples=10000, total_duration=65600.4, train/accuracy=0.9663982391357422, train/loss=0.1314854621887207, validation/accuracy=0.7519800066947937, validation/loss=1.0701329708099365, validation/num_examples=50000
I0531 08:22:15.241412 140231140238528 spec.py:333] Evaluating on the training split.
I0531 08:22:24.174368 140231140238528 spec.py:346] Evaluating on the validation split.
I0531 08:22:52.618105 140231140238528 spec.py:363] Evaluating on the test split.
I0531 08:22:53.996851 140231140238528 submission_runner.py:516] Time since start: 67635.22s, 	Step: 227311, 	{'train/accuracy': Array(0.96657765, dtype=float32), 'train/loss': Array(0.13375393, dtype=float32), 'validation/accuracy': Array(0.75211996, dtype=float32), 'validation/loss': Array(1.0687038, dtype=float32), 'validation/num_examples': 50000, 'test/accuracy': Array(0.6237, dtype=float32), 'test/loss': Array(1.8596202, dtype=float32), 'test/num_examples': 10000, 'score': 65897.27553248405, 'total_duration': 67635.22216677666, 'accumulated_submission_time': 65897.27553248405, 'accumulated_eval_time': 1704.9922921657562, 'accumulated_logging_time': 28.061633110046387}
I0531 08:22:55.310994 140015917061888 logging_writer.py:48] [227311] accumulated_eval_time=1704.99, accumulated_logging_time=28.0616, accumulated_submission_time=65897.3, global_step=227311, preemption_count=0, score=65897.3, test/accuracy=0.6237000226974487, test/loss=1.859620213508606, test/num_examples=10000, total_duration=67635.2, train/accuracy=0.9665776491165161, train/loss=0.1337539255619049, validation/accuracy=0.7521199584007263, validation/loss=1.0687037706375122, validation/num_examples=50000
I0531 08:56:10.437921 140231140238528 spec.py:333] Evaluating on the training split.
I0531 08:56:19.462129 140231140238528 spec.py:346] Evaluating on the validation split.
I0531 08:56:57.624011 140231140238528 spec.py:363] Evaluating on the test split.
I0531 08:56:59.192585 140231140238528 submission_runner.py:516] Time since start: 69680.31s, 	Step: 232162, 	{'train/accuracy': Array(0.9661591, dtype=float32), 'train/loss': Array(0.13536736, dtype=float32), 'validation/accuracy': Array(0.75196, dtype=float32), 'validation/loss': Array(1.0701351, dtype=float32), 'validation/num_examples': 50000, 'test/accuracy': Array(0.62460005, dtype=float32), 'test/loss': Array(1.8600755, dtype=float32), 'test/num_examples': 10000, 'score': 67891.52753901482, 'total_duration': 69680.30632424355, 'accumulated_submission_time': 67891.52753901482, 'accumulated_eval_time': 1753.503582239151, 'accumulated_logging_time': 30.169907093048096}
I0531 08:57:00.582031 140015925454592 logging_writer.py:48] [232162] accumulated_eval_time=1753.5, accumulated_logging_time=30.1699, accumulated_submission_time=67891.5, global_step=232162, preemption_count=0, score=67891.5, test/accuracy=0.6246000528335571, test/loss=1.8600754737854004, test/num_examples=10000, total_duration=69680.3, train/accuracy=0.9661591053009033, train/loss=0.13536736369132996, validation/accuracy=0.7519599795341492, validation/loss=1.0701351165771484, validation/num_examples=50000
I0531 09:30:15.239180 140231140238528 spec.py:333] Evaluating on the training split.
I0531 09:30:24.281971 140231140238528 spec.py:346] Evaluating on the validation split.
I0531 09:30:57.998785 140231140238528 spec.py:363] Evaluating on the test split.
I0531 09:30:59.427676 140231140238528 submission_runner.py:516] Time since start: 71720.60s, 	Step: 237155, 	{'train/accuracy': Array(0.96544164, dtype=float32), 'train/loss': Array(0.13310724, dtype=float32), 'validation/accuracy': Array(0.75192, dtype=float32), 'validation/loss': Array(1.0697316, dtype=float32), 'validation/num_examples': 50000, 'test/accuracy': Array(0.6241, dtype=float32), 'test/loss': Array(1.8602782, dtype=float32), 'test/num_examples': 10000, 'score': 69885.2470369339, 'total_duration': 71720.6012840271, 'accumulated_submission_time': 69885.2470369339, 'accumulated_eval_time': 1797.5403981208801, 'accumulated_logging_time': 32.37418484687805}
I0531 09:31:00.844138 140015917061888 logging_writer.py:48] [237155] accumulated_eval_time=1797.54, accumulated_logging_time=32.3742, accumulated_submission_time=69885.2, global_step=237155, preemption_count=0, score=69885.2, test/accuracy=0.6241000294685364, test/loss=1.8602782487869263, test/num_examples=10000, total_duration=71720.6, train/accuracy=0.9654416441917419, train/loss=0.1331072449684143, validation/accuracy=0.7519199848175049, validation/loss=1.069731593132019, validation/num_examples=50000
I0531 10:04:15.316874 140231140238528 spec.py:333] Evaluating on the training split.
I0531 10:04:24.327122 140231140238528 spec.py:346] Evaluating on the validation split.
I0531 10:05:14.598642 140231140238528 spec.py:363] Evaluating on the test split.
I0531 10:05:16.120543 140231140238528 submission_runner.py:516] Time since start: 73777.31s, 	Step: 241817, 	{'train/accuracy': Array(0.9651028, dtype=float32), 'train/loss': Array(0.13558964, dtype=float32), 'validation/accuracy': Array(0.75163996, dtype=float32), 'validation/loss': Array(1.0701149, dtype=float32), 'validation/num_examples': 50000, 'test/accuracy': Array(0.62450004, dtype=float32), 'test/loss': Array(1.860813, dtype=float32), 'test/num_examples': 10000, 'score': 71878.79498791695, 'total_duration': 73777.311024189, 'accumulated_submission_time': 71878.79498791695, 'accumulated_eval_time': 1858.159821510315, 'accumulated_logging_time': 34.652610540390015}
I0531 10:05:17.280739 140015925454592 logging_writer.py:48] [241817] accumulated_eval_time=1858.16, accumulated_logging_time=34.6526, accumulated_submission_time=71878.8, global_step=241817, preemption_count=0, score=71878.8, test/accuracy=0.624500036239624, test/loss=1.860813021659851, test/num_examples=10000, total_duration=73777.3, train/accuracy=0.9651027917861938, train/loss=0.13558964431285858, validation/accuracy=0.7516399621963501, validation/loss=1.0701148509979248, validation/num_examples=50000
I0531 10:38:32.603275 140231140238528 spec.py:333] Evaluating on the training split.
I0531 10:38:41.687250 140231140238528 spec.py:346] Evaluating on the validation split.
I0531 10:39:30.149310 140231140238528 spec.py:363] Evaluating on the test split.
I0531 10:39:31.663558 140231140238528 submission_runner.py:516] Time since start: 75832.80s, 	Step: 246296, 	{'train/accuracy': Array(0.96663743, dtype=float32), 'train/loss': Array(0.1346673, dtype=float32), 'validation/accuracy': Array(0.75198, dtype=float32), 'validation/loss': Array(1.068881, dtype=float32), 'validation/num_examples': 50000, 'test/accuracy': Array(0.6244, dtype=float32), 'test/loss': Array(1.8587964, dtype=float32), 'test/num_examples': 10000, 'score': 73873.12398314476, 'total_duration': 75832.79943394661, 'accumulated_submission_time': 73873.12398314476, 'accumulated_eval_time': 1916.9963309764862, 'accumulated_logging_time': 36.721582889556885}
I0531 10:39:33.184172 140015917061888 logging_writer.py:48] [246296] accumulated_eval_time=1917, accumulated_logging_time=36.7216, accumulated_submission_time=73873.1, global_step=246296, preemption_count=0, score=73873.1, test/accuracy=0.6244000196456909, test/loss=1.8587963581085205, test/num_examples=10000, total_duration=75832.8, train/accuracy=0.9666374325752258, train/loss=0.134667307138443, validation/accuracy=0.7519800066947937, validation/loss=1.0688810348510742, validation/num_examples=50000
I0531 11:12:50.098800 140015925454592 logging_writer.py:48] [250427] global_step=250427, preemption_count=0, score=75866.8
I0531 11:12:51.775638 140231140238528 submission_runner.py:857] Final imagenet_resnet score: 75866.82379055023
