python submission_runner.py --framework=jax --workload=imagenet_vit --submission_path=submissions_algorithms/submissions/self_tuning/nadamw_resnet/submission.py --data_dir=/data/imagenet/jax --experiment_dir=/experiment_runs --experiment_name=submissions_a100/nadamw_resnet/study_1 --overwrite=True --save_checkpoints=False --rng_seed=1281662616 --imagenet_v2_data_dir=/data/imagenet/jax --tuning_ruleset=self 2>&1 | tee -a /logs/imagenet_vit_jax_05-29-2026-22-36-18.log
2026-05-29 22:36:19.346063: E external/local_xla/xla/stream_executor/cuda/cuda_fft.cc:467] Unable to register cuFFT factory: Attempting to register factory for plugin cuFFT when one has already been registered
WARNING: All log messages before absl::InitializeLog() is called are written to STDERR
E0000 00:00:1780094179.372480       9 cuda_dnn.cc:8579] Unable to register cuDNN factory: Attempting to register factory for plugin cuDNN when one has already been registered
E0000 00:00:1780094179.381216       9 cuda_blas.cc:1407] Unable to register cuBLAS factory: Attempting to register factory for plugin cuBLAS when one has already been registered
W0000 00:00:1780094179.408224       9 computation_placer.cc:177] computation placer already registered. Please check linkage and avoid linking the same target more than once.
W0000 00:00:1780094179.408266       9 computation_placer.cc:177] computation placer already registered. Please check linkage and avoid linking the same target more than once.
W0000 00:00:1780094179.408269       9 computation_placer.cc:177] computation placer already registered. Please check linkage and avoid linking the same target more than once.
W0000 00:00:1780094179.408272       9 computation_placer.cc:177] computation placer already registered. Please check linkage and avoid linking the same target more than once.
/usr/local/lib/python3.11/site-packages/torch/__init__.py:1617: UserWarning: Please use the new API settings to control TF32 behavior, such as torch.backends.cudnn.conv.fp32_precision = 'tf32' or torch.backends.cuda.matmul.fp32_precision = 'ieee'. Old settings, e.g, torch.backends.cuda.matmul.allow_tf32 = True, torch.backends.cudnn.allow_tf32 = True, allowTF32CuDNN() and allowTF32CuBLAS() will be deprecated after Pytorch 2.9. Please see https://pytorch.org/docs/main/notes/cuda.html#tensorfloat-32-tf32-on-ampere-and-later-devices (Triggered internally at /pytorch/aten/src/ATen/Context.cpp:80.)
  _C._set_float32_matmul_precision(precision)
/usr/local/lib/python3.11/site-packages/pydantic/_internal/_generate_schema.py:2249: UnsupportedFieldAttributeWarning: The 'repr' attribute with value False was provided to the `Field()` function, which has no effect in the context it was used. 'repr' is field-specific metadata, and can only be attached to a model field using `Annotated` metadata or by assignment. This may have happened because an `Annotated` type alias using the `type` statement was used, or if the `Field()` function was attached to a single member of a union type.
  warnings.warn(
/usr/local/lib/python3.11/site-packages/pydantic/_internal/_generate_schema.py:2249: UnsupportedFieldAttributeWarning: The 'frozen' attribute with value True was provided to the `Field()` function, which has no effect in the context it was used. 'frozen' is field-specific metadata, and can only be attached to a model field using `Annotated` metadata or by assignment. This may have happened because an `Annotated` type alias using the `type` statement was used, or if the `Field()` function was attached to a single member of a union type.
  warnings.warn(
INFO:2026-05-29 22:36:28,471:jax._src.xla_bridge:830: Unable to initialize backend 'tpu': INTERNAL: Failed to open libtpu.so: libtpu.so: cannot open shared object file: No such file or directory
I0529 22:36:28.471080 139668164175040 xla_bridge.py:830] Unable to initialize backend 'tpu': INTERNAL: Failed to open libtpu.so: libtpu.so: cannot open shared object file: No such file or directory
I0529 22:36:29.140119 139668164175040 logger_utils.py:59] Removing existing experiment directory /experiment_runs/submissions_a100/nadamw_resnet/study_1/imagenet_vit_jax because --overwrite was set.
I0529 22:36:29.145501 139668164175040 logger_utils.py:84] Creating experiment directory at /experiment_runs/submissions_a100/nadamw_resnet/study_1/imagenet_vit_jax.
I0529 22:36:29.582674 139668164175040 submission_runner.py:741] Creating directory at /experiment_runs/submissions_a100/nadamw_resnet/study_1/imagenet_vit_jax/trial_1.
I0529 22:36:30.143714 139668164175040 submission_runner.py:242] Initializing dataset.
I0529 22:36:31.283765 139668164175040 dataset_info.py:707] Load dataset info from /data/imagenet/jax/imagenet2012/5.1.0
I0529 22:36:31.372473 139668164175040 dataset_info.py:793] For 'imagenet2012/5.1.0': fields info.[splits, supervised_keys] differ on disk and in the code. Keeping the one from code.
I0529 22:36:31.682809 139668164175040 reader.py:262] Creating a tf.data.Dataset reading 1024 files located in folders: /data/imagenet/jax/imagenet2012/5.1.0.
I0529 22:36:31.768272 139668164175040 logging_logger.py:49] Constructing tf.data.Dataset imagenet2012 for split train, from /data/imagenet/jax/imagenet2012/5.1.0
I0529 22:36:39.897486 139668164175040 submission_runner.py:251] Initializing model.
I0529 22:37:19.646091 139668164175040 submission_runner.py:294] Initializing optimizer.
I0529 22:37:20.301355 139668164175040 submission_runner.py:299] Initializing metrics bundle.
I0529 22:37:20.301600 139668164175040 submission_runner.py:321] Initializing checkpoint and logger.
I0529 22:37:20.312532 139668164175040 checkpoints.py:1098] Found no checkpoint files in /experiment_runs/submissions_a100/nadamw_resnet/study_1/imagenet_vit_jax/trial_1 with prefix checkpoint_
I0529 22:37:20.312653 139668164175040 submission_runner.py:344] Saving meta data to /experiment_runs/submissions_a100/nadamw_resnet/study_1/imagenet_vit_jax/trial_1/meta_data_0.json.
I0529 22:37:20.478458 139668164175040 submission_runner.py:348] Saving flags to /experiment_runs/submissions_a100/nadamw_resnet/study_1/imagenet_vit_jax/trial_1/flags_0.json.
I0529 22:37:20.497650 139668164175040 submission_runner.py:359] Starting training loop.
I0529 22:38:25.381118 139668164175040 spec.py:333] Evaluating on the training split.
I0529 22:38:25.386927 139668164175040 dataset_info.py:707] Load dataset info from /data/imagenet/jax/imagenet2012/5.1.0
I0529 22:38:25.460473 139668164175040 dataset_info.py:793] For 'imagenet2012/5.1.0': fields info.[splits, supervised_keys] differ on disk and in the code. Keeping the one from code.
I0529 22:38:25.478901 139668164175040 reader.py:262] Creating a tf.data.Dataset reading 1024 files located in folders: /data/imagenet/jax/imagenet2012/5.1.0.
I0529 22:38:25.530551 139668164175040 logging_logger.py:49] Constructing tf.data.Dataset imagenet2012 for split train, from /data/imagenet/jax/imagenet2012/5.1.0
I0529 22:38:49.080525 139668164175040 spec.py:346] Evaluating on the validation split.
I0529 22:38:49.102802 139668164175040 dataset_info.py:707] Load dataset info from /data/imagenet/jax/imagenet2012/5.1.0
I0529 22:38:49.131160 139668164175040 dataset_info.py:793] For 'imagenet2012/5.1.0': fields info.[splits, supervised_keys] differ on disk and in the code. Keeping the one from code.
I0529 22:38:49.134977 139668164175040 reader.py:262] Creating a tf.data.Dataset reading 64 files located in folders: /data/imagenet/jax/imagenet2012/5.1.0.
I0529 22:38:49.186589 139668164175040 logging_logger.py:49] Constructing tf.data.Dataset imagenet2012 for split validation, from /data/imagenet/jax/imagenet2012/5.1.0
I0529 22:39:47.706894 139668164175040 spec.py:363] Evaluating on the test split.
I0529 22:39:47.868470 139668164175040 dataset_info.py:707] Load dataset info from /data/imagenet/jax/imagenet_v2/matched-frequency/3.0.0
I0529 22:39:47.911810 139668164175040 reader.py:262] Creating a tf.data.Dataset reading 16 files located in folders: /data/imagenet/jax/imagenet_v2/matched-frequency/3.0.0.
I0529 22:39:47.957628 139668164175040 logging_logger.py:49] Constructing tf.data.Dataset imagenet_v2 for split test, from /data/imagenet/jax/imagenet_v2/matched-frequency/3.0.0
I0529 22:40:05.665997 139668164175040 submission_runner.py:516] Time since start: 165.17s, 	Step: 1, 	{'train/accuracy': Array(0.00101562, dtype=float32), 'train/loss': Array(6.907755, dtype=float32), 'validation/accuracy': Array(0.001, dtype=float32), 'validation/loss': Array(6.907755, dtype=float32), 'validation/num_examples': 50000, 'test/accuracy': Array(0.001, dtype=float32), 'test/loss': Array(6.907755, dtype=float32), 'test/num_examples': 10000, 'score': 64.88337397575378, 'total_duration': 165.1663453578949, 'accumulated_submission_time': 64.88337397575378, 'accumulated_eval_time': 100.28288722038269, 'accumulated_logging_time': 0}
I0529 22:40:05.776112 139436104869632 logging_writer.py:48] [1] accumulated_eval_time=100.283, accumulated_logging_time=0, accumulated_submission_time=64.8834, global_step=1, preemption_count=0, score=64.8834, test/accuracy=0.0010000000474974513, test/loss=6.907754898071289, test/num_examples=10000, total_duration=165.166, train/accuracy=0.001015624962747097, train/loss=6.907754898071289, validation/accuracy=0.0009999999310821295, validation/loss=6.907754898071289, validation/num_examples=50000
I0529 23:22:57.088021 139668164175040 spec.py:333] Evaluating on the training split.
I0529 23:23:15.215210 139668164175040 spec.py:346] Evaluating on the validation split.
I0529 23:23:39.206653 139668164175040 spec.py:363] Evaluating on the test split.
I0529 23:23:40.145262 139668164175040 submission_runner.py:516] Time since start: 2779.64s, 	Step: 4600, 	{'train/accuracy': Array(0.21037109, dtype=float32), 'train/loss': Array(4.0045476, dtype=float32), 'validation/accuracy': Array(0.20053999, dtype=float32), 'validation/loss': Array(4.0873623, dtype=float32), 'validation/num_examples': 50000, 'test/accuracy': Array(0.14760001, dtype=float32), 'test/loss': Array(4.5313272, dtype=float32), 'test/num_examples': 10000, 'score': 2635.9341945648193, 'total_duration': 2779.6444215774536, 'accumulated_submission_time': 2635.9341945648193, 'accumulated_eval_time': 143.33695363998413, 'accumulated_logging_time': 0.31833672523498535}
I0529 23:23:40.867493 139436113262336 logging_writer.py:48] [4600] accumulated_eval_time=143.337, accumulated_logging_time=0.318337, accumulated_submission_time=2635.93, global_step=4600, preemption_count=0, score=2635.93, test/accuracy=0.14760001003742218, test/loss=4.531327247619629, test/num_examples=10000, total_duration=2779.64, train/accuracy=0.21037109196186066, train/loss=4.004547595977783, validation/accuracy=0.2005399912595749, validation/loss=4.087362289428711, validation/num_examples=50000
2026-05-29 23:27:12.482689: W tensorflow/core/kernels/data/prefetch_autotuner.cc:52] Prefetch autotuner tried to allocate 91453 bytes after encountering the first element of size 91453 bytes.This already causes the autotune ram budget to be exceeded. To stay within the ram budget, either increase the ram budget or reduce element size
I0530 00:06:31.316182 139668164175040 spec.py:333] Evaluating on the training split.
I0530 00:06:46.062817 139668164175040 spec.py:346] Evaluating on the validation split.
I0530 00:09:01.585196 139668164175040 spec.py:363] Evaluating on the test split.
I0530 00:09:02.614811 139668164175040 submission_runner.py:516] Time since start: 5502.11s, 	Step: 9148, 	{'train/accuracy': Array(0.35585937, dtype=float32), 'train/loss': Array(3.005338, dtype=float32), 'validation/accuracy': Array(0.32016, dtype=float32), 'validation/loss': Array(3.19656, dtype=float32), 'validation/num_examples': 50000, 'test/accuracy': Array(0.246, dtype=float32), 'test/loss': Array(3.7722678, dtype=float32), 'test/num_examples': 10000, 'score': 5206.104797363281, 'total_duration': 5502.109888076782, 'accumulated_submission_time': 5206.104797363281, 'accumulated_eval_time': 294.6283164024353, 'accumulated_logging_time': 1.2613790035247803}
I0530 00:09:02.712436 139436264232704 logging_writer.py:48] [9148] accumulated_eval_time=294.628, accumulated_logging_time=1.26138, accumulated_submission_time=5206.1, global_step=9148, preemption_count=0, score=5206.1, test/accuracy=0.2460000067949295, test/loss=3.7722678184509277, test/num_examples=10000, total_duration=5502.11, train/accuracy=0.3558593690395355, train/loss=3.005337953567505, validation/accuracy=0.32016000151634216, validation/loss=3.1965599060058594, validation/num_examples=50000
I0530 00:51:53.853578 139668164175040 spec.py:333] Evaluating on the training split.
I0530 00:52:09.946274 139668164175040 spec.py:346] Evaluating on the validation split.
I0530 00:52:57.471626 139668164175040 spec.py:363] Evaluating on the test split.
I0530 00:52:58.446982 139668164175040 submission_runner.py:516] Time since start: 8137.95s, 	Step: 13399, 	{'train/accuracy': Array(0.41123044, dtype=float32), 'train/loss': Array(2.6702394, dtype=float32), 'validation/accuracy': Array(0.38006, dtype=float32), 'validation/loss': Array(2.8325183, dtype=float32), 'validation/num_examples': 50000, 'test/accuracy': Array(0.2924, dtype=float32), 'test/loss': Array(3.462038, dtype=float32), 'test/num_examples': 10000, 'score': 7777.135841846466, 'total_duration': 8137.947379350662, 'accumulated_submission_time': 7777.135841846466, 'accumulated_eval_time': 359.21978282928467, 'accumulated_logging_time': 1.4151830673217773}
I0530 00:52:58.488102 139436113262336 logging_writer.py:48] [13399] accumulated_eval_time=359.22, accumulated_logging_time=1.41518, accumulated_submission_time=7777.14, global_step=13399, preemption_count=0, score=7777.14, test/accuracy=0.2924000024795532, test/loss=3.462038040161133, test/num_examples=10000, total_duration=8137.95, train/accuracy=0.4112304449081421, train/loss=2.6702394485473633, validation/accuracy=0.38005998730659485, validation/loss=2.8325183391571045, validation/num_examples=50000
I0530 01:35:49.559325 139668164175040 spec.py:333] Evaluating on the training split.
I0530 01:36:06.052147 139668164175040 spec.py:346] Evaluating on the validation split.
I0530 01:37:07.520140 139668164175040 spec.py:363] Evaluating on the test split.
I0530 01:37:08.494937 139668164175040 submission_runner.py:516] Time since start: 10788.00s, 	Step: 17713, 	{'train/accuracy': Array(0.44601563, dtype=float32), 'train/loss': Array(2.4776545, dtype=float32), 'validation/accuracy': Array(0.41546, dtype=float32), 'validation/loss': Array(2.6428103, dtype=float32), 'validation/num_examples': 50000, 'test/accuracy': Array(0.319, dtype=float32), 'test/loss': Array(3.30107, dtype=float32), 'test/num_examples': 10000, 'score': 10348.140415668488, 'total_duration': 10787.99530339241, 'accumulated_submission_time': 10348.140415668488, 'accumulated_eval_time': 438.1534197330475, 'accumulated_logging_time': 1.4653124809265137}
I0530 01:37:08.538707 139436264232704 logging_writer.py:48] [17713] accumulated_eval_time=438.153, accumulated_logging_time=1.46531, accumulated_submission_time=10348.1, global_step=17713, preemption_count=0, score=10348.1, test/accuracy=0.3190000057220459, test/loss=3.301069974899292, test/num_examples=10000, total_duration=10788, train/accuracy=0.4460156261920929, train/loss=2.477654457092285, validation/accuracy=0.4154599905014038, validation/loss=2.642810344696045, validation/num_examples=50000
I0530 02:19:59.688801 139668164175040 spec.py:333] Evaluating on the training split.
I0530 02:20:15.874360 139668164175040 spec.py:346] Evaluating on the validation split.
I0530 02:20:51.500276 139668164175040 spec.py:363] Evaluating on the test split.
I0530 02:20:52.476661 139668164175040 submission_runner.py:516] Time since start: 13411.98s, 	Step: 21974, 	{'train/accuracy': Array(0.4704492, dtype=float32), 'train/loss': Array(2.3247178, dtype=float32), 'validation/accuracy': Array(0.4349, dtype=float32), 'validation/loss': Array(2.5280645, dtype=float32), 'validation/num_examples': 50000, 'test/accuracy': Array(0.3294, dtype=float32), 'test/loss': Array(3.2075763, dtype=float32), 'test/num_examples': 10000, 'score': 12919.224536180496, 'total_duration': 13411.976392269135, 'accumulated_submission_time': 12919.224536180496, 'accumulated_eval_time': 490.9386692047119, 'accumulated_logging_time': 1.517850399017334}
I0530 02:20:52.525502 139436113262336 logging_writer.py:48] [21974] accumulated_eval_time=490.939, accumulated_logging_time=1.51785, accumulated_submission_time=12919.2, global_step=21974, preemption_count=0, score=12919.2, test/accuracy=0.3294000029563904, test/loss=3.207576274871826, test/num_examples=10000, total_duration=13412, train/accuracy=0.47044920921325684, train/loss=2.3247177600860596, validation/accuracy=0.4348999857902527, validation/loss=2.528064489364624, validation/num_examples=50000
I0530 03:03:44.073423 139668164175040 spec.py:333] Evaluating on the training split.
I0530 03:03:59.419709 139668164175040 spec.py:346] Evaluating on the validation split.
I0530 03:04:35.926650 139668164175040 spec.py:363] Evaluating on the test split.
I0530 03:04:36.902980 139668164175040 submission_runner.py:516] Time since start: 16036.40s, 	Step: 26357, 	{'train/accuracy': Array(0.48458984, dtype=float32), 'train/loss': Array(2.2761104, dtype=float32), 'validation/accuracy': Array(0.45455998, dtype=float32), 'validation/loss': Array(2.4401283, dtype=float32), 'validation/num_examples': 50000, 'test/accuracy': Array(0.35310003, dtype=float32), 'test/loss': Array(3.0961535, dtype=float32), 'test/num_examples': 10000, 'score': 15490.7066116333, 'total_duration': 16036.403485298157, 'accumulated_submission_time': 15490.7066116333, 'accumulated_eval_time': 543.7663967609406, 'accumulated_logging_time': 1.5788915157318115}
I0530 03:04:36.942591 139436264232704 logging_writer.py:48] [26357] accumulated_eval_time=543.766, accumulated_logging_time=1.57889, accumulated_submission_time=15490.7, global_step=26357, preemption_count=0, score=15490.7, test/accuracy=0.3531000316143036, test/loss=3.096153497695923, test/num_examples=10000, total_duration=16036.4, train/accuracy=0.4845898449420929, train/loss=2.2761104106903076, validation/accuracy=0.45455998182296753, validation/loss=2.4401283264160156, validation/num_examples=50000
2026-05-30 03:38:39.336748: W tensorflow/core/kernels/data/prefetch_autotuner.cc:52] Prefetch autotuner tried to allocate 91453 bytes after encountering the first element of size 91453 bytes.This already causes the autotune ram budget to be exceeded. To stay within the ram budget, either increase the ram budget or reduce element size
I0530 03:47:28.116192 139668164175040 spec.py:333] Evaluating on the training split.
I0530 03:47:43.058488 139668164175040 spec.py:346] Evaluating on the validation split.
I0530 03:48:21.781437 139668164175040 spec.py:363] Evaluating on the test split.
I0530 03:48:22.751710 139668164175040 submission_runner.py:516] Time since start: 18662.25s, 	Step: 30984, 	{'train/accuracy': Array(0.5058008, dtype=float32), 'train/loss': Array(2.166952, dtype=float32), 'validation/accuracy': Array(0.46716, dtype=float32), 'validation/loss': Array(2.365893, dtype=float32), 'validation/num_examples': 50000, 'test/accuracy': Array(0.3598, dtype=float32), 'test/loss': Array(3.0335798, dtype=float32), 'test/num_examples': 10000, 'score': 18061.814269065857, 'total_duration': 18662.251958608627, 'accumulated_submission_time': 18061.814269065857, 'accumulated_eval_time': 598.3998274803162, 'accumulated_logging_time': 1.6273362636566162}
I0530 03:48:22.791173 139436113262336 logging_writer.py:48] [30984] accumulated_eval_time=598.4, accumulated_logging_time=1.62734, accumulated_submission_time=18061.8, global_step=30984, preemption_count=0, score=18061.8, test/accuracy=0.3598000109195709, test/loss=3.0335798263549805, test/num_examples=10000, total_duration=18662.3, train/accuracy=0.5058007836341858, train/loss=2.166951894760132, validation/accuracy=0.4671599864959717, validation/loss=2.3658928871154785, validation/num_examples=50000
2026-05-30 04:13:46.209461: W tensorflow/core/kernels/data/prefetch_autotuner.cc:52] Prefetch autotuner tried to allocate 91453 bytes after encountering the first element of size 91453 bytes.This already causes the autotune ram budget to be exceeded. To stay within the ram budget, either increase the ram budget or reduce element size
I0530 04:31:14.158788 139668164175040 spec.py:333] Evaluating on the training split.
I0530 04:31:28.779326 139668164175040 spec.py:346] Evaluating on the validation split.
I0530 04:32:19.186707 139668164175040 spec.py:363] Evaluating on the test split.
I0530 04:32:20.160084 139668164175040 submission_runner.py:516] Time since start: 21299.66s, 	Step: 35532, 	{'train/accuracy': Array(0.5421484, dtype=float32), 'train/loss': Array(1.973177, dtype=float32), 'validation/accuracy': Array(0.48413998, dtype=float32), 'validation/loss': Array(2.2646534, dtype=float32), 'validation/num_examples': 50000, 'test/accuracy': Array(0.37590003, dtype=float32), 'test/loss': Array(2.9295762, dtype=float32), 'test/num_examples': 10000, 'score': 20633.116985321045, 'total_duration': 21299.660490512848, 'accumulated_submission_time': 20633.116985321045, 'accumulated_eval_time': 664.3991897106171, 'accumulated_logging_time': 1.6755247116088867}
I0530 04:32:20.200772 139436264232704 logging_writer.py:48] [35532] accumulated_eval_time=664.399, accumulated_logging_time=1.67552, accumulated_submission_time=20633.1, global_step=35532, preemption_count=0, score=20633.1, test/accuracy=0.3759000301361084, test/loss=2.9295761585235596, test/num_examples=10000, total_duration=21299.7, train/accuracy=0.5421484112739563, train/loss=1.9731769561767578, validation/accuracy=0.48413997888565063, validation/loss=2.264653444290161, validation/num_examples=50000
I0530 05:15:11.549548 139668164175040 spec.py:333] Evaluating on the training split.
I0530 05:15:26.537143 139668164175040 spec.py:346] Evaluating on the validation split.
I0530 05:16:07.601628 139668164175040 spec.py:363] Evaluating on the test split.
I0530 05:16:08.578514 139668164175040 submission_runner.py:516] Time since start: 23928.08s, 	Step: 39803, 	{'train/accuracy': Array(0.53490233, dtype=float32), 'train/loss': Array(1.9757435, dtype=float32), 'validation/accuracy': Array(0.49438, dtype=float32), 'validation/loss': Array(2.194399, dtype=float32), 'validation/num_examples': 50000, 'test/accuracy': Array(0.38990003, dtype=float32), 'test/loss': Array(2.8874352, dtype=float32), 'test/num_examples': 10000, 'score': 23204.402149677277, 'total_duration': 23928.079122781754, 'accumulated_submission_time': 23204.402149677277, 'accumulated_eval_time': 721.4264254570007, 'accumulated_logging_time': 1.7248077392578125}
I0530 05:16:08.620532 139436113262336 logging_writer.py:48] [39803] accumulated_eval_time=721.426, accumulated_logging_time=1.72481, accumulated_submission_time=23204.4, global_step=39803, preemption_count=0, score=23204.4, test/accuracy=0.3899000287055969, test/loss=2.8874351978302, test/num_examples=10000, total_duration=23928.1, train/accuracy=0.5349023342132568, train/loss=1.9757435321807861, validation/accuracy=0.49437999725341797, validation/loss=2.194399118423462, validation/num_examples=50000
I0530 05:59:00.923047 139668164175040 spec.py:333] Evaluating on the training split.
I0530 05:59:08.872604 139668164175040 spec.py:346] Evaluating on the validation split.
I0530 06:00:08.412416 139668164175040 spec.py:363] Evaluating on the test split.
I0530 06:00:09.382858 139668164175040 submission_runner.py:516] Time since start: 26568.88s, 	Step: 43228, 	{'train/accuracy': Array(0.5654492, dtype=float32), 'train/loss': Array(1.8622426, dtype=float32), 'validation/accuracy': Array(0.5081, dtype=float32), 'validation/loss': Array(2.1443553, dtype=float32), 'validation/num_examples': 50000, 'test/accuracy': Array(0.3991, dtype=float32), 'test/loss': Array(2.803188, dtype=float32), 'test/num_examples': 10000, 'score': 25776.65376830101, 'total_duration': 26568.88321018219, 'accumulated_submission_time': 25776.65376830101, 'accumulated_eval_time': 789.884242773056, 'accumulated_logging_time': 1.7753453254699707}
I0530 06:00:10.030465 139436264232704 logging_writer.py:48] [43228] accumulated_eval_time=789.884, accumulated_logging_time=1.77535, accumulated_submission_time=25776.7, global_step=43228, preemption_count=0, score=25776.7, test/accuracy=0.39910000562667847, test/loss=2.8031880855560303, test/num_examples=10000, total_duration=26568.9, train/accuracy=0.5654491782188416, train/loss=1.862242579460144, validation/accuracy=0.5080999732017517, validation/loss=2.144355297088623, validation/num_examples=50000
2026-05-30 06:14:04.335444: W tensorflow/core/kernels/data/prefetch_autotuner.cc:52] Prefetch autotuner tried to allocate 91453 bytes after encountering the first element of size 91453 bytes.This already causes the autotune ram budget to be exceeded. To stay within the ram budget, either increase the ram budget or reduce element size
I0530 06:43:01.204411 139668164175040 spec.py:333] Evaluating on the training split.
I0530 06:43:12.974805 139668164175040 spec.py:346] Evaluating on the validation split.
I0530 06:44:06.192069 139668164175040 spec.py:363] Evaluating on the test split.
I0530 06:44:07.160758 139668164175040 submission_runner.py:516] Time since start: 29206.66s, 	Step: 44869, 	{'train/accuracy': Array(0.5570117, dtype=float32), 'train/loss': Array(1.8789654, dtype=float32), 'validation/accuracy': Array(0.51383996, dtype=float32), 'validation/loss': Array(2.108237, dtype=float32), 'validation/num_examples': 50000, 'test/accuracy': Array(0.4027, dtype=float32), 'test/loss': Array(2.7695372, dtype=float32), 'test/num_examples': 10000, 'score': 28347.576944112778, 'total_duration': 29206.661303043365, 'accumulated_submission_time': 28347.576944112778, 'accumulated_eval_time': 855.8388142585754, 'accumulated_logging_time': 2.6528923511505127}
I0530 06:44:07.199511 139436113262336 logging_writer.py:48] [44869] accumulated_eval_time=855.839, accumulated_logging_time=2.65289, accumulated_submission_time=28347.6, global_step=44869, preemption_count=0, score=28347.6, test/accuracy=0.4027000069618225, test/loss=2.7695372104644775, test/num_examples=10000, total_duration=29206.7, train/accuracy=0.5570117235183716, train/loss=1.8789653778076172, validation/accuracy=0.5138399600982666, validation/loss=2.1082370281219482, validation/num_examples=50000
2026-05-30 06:48:50.362031: W tensorflow/core/kernels/data/prefetch_autotuner.cc:52] Prefetch autotuner tried to allocate 91453 bytes after encountering the first element of size 91453 bytes.This already causes the autotune ram budget to be exceeded. To stay within the ram budget, either increase the ram budget or reduce element size
I0530 07:26:59.036803 139668164175040 spec.py:333] Evaluating on the training split.
I0530 07:27:08.822411 139668164175040 spec.py:346] Evaluating on the validation split.
I0530 07:28:18.032388 139668164175040 spec.py:363] Evaluating on the test split.
I0530 07:28:19.006932 139668164175040 submission_runner.py:516] Time since start: 31858.51s, 	Step: 46581, 	{'train/accuracy': Array(0.55722654, dtype=float32), 'train/loss': Array(1.8733584, dtype=float32), 'validation/accuracy': Array(0.52086, dtype=float32), 'validation/loss': Array(2.0761683, dtype=float32), 'validation/num_examples': 50000, 'test/accuracy': Array(0.4128, dtype=float32), 'test/loss': Array(2.7300427, dtype=float32), 'test/num_examples': 10000, 'score': 30919.384459495544, 'total_duration': 31858.50734615326, 'accumulated_submission_time': 30919.384459495544, 'accumulated_eval_time': 935.8070135116577, 'accumulated_logging_time': 2.7002451419830322}
I0530 07:28:19.380330 139436264232704 logging_writer.py:48] [46581] accumulated_eval_time=935.807, accumulated_logging_time=2.70025, accumulated_submission_time=30919.4, global_step=46581, preemption_count=0, score=30919.4, test/accuracy=0.41280001401901245, test/loss=2.7300426959991455, test/num_examples=10000, total_duration=31858.5, train/accuracy=0.5572265386581421, train/loss=1.8733583688735962, validation/accuracy=0.5208600163459778, validation/loss=2.0761682987213135, validation/num_examples=50000
I0530 08:11:10.777317 139668164175040 spec.py:333] Evaluating on the training split.
I0530 08:11:22.072089 139668164175040 spec.py:346] Evaluating on the validation split.
I0530 08:12:15.383903 139668164175040 spec.py:363] Evaluating on the test split.
I0530 08:12:16.359209 139668164175040 submission_runner.py:516] Time since start: 34495.86s, 	Step: 47807, 	{'train/accuracy': Array(0.56285155, dtype=float32), 'train/loss': Array(1.8445866, dtype=float32), 'validation/accuracy': Array(0.5247, dtype=float32), 'validation/loss': Array(2.0477862, dtype=float32), 'validation/num_examples': 50000, 'test/accuracy': Array(0.41470003, dtype=float32), 'test/loss': Array(2.722044, dtype=float32), 'test/num_examples': 10000, 'score': 33490.50672674179, 'total_duration': 34495.85958003998, 'accumulated_submission_time': 33490.50672674179, 'accumulated_eval_time': 1001.3869323730469, 'accumulated_logging_time': 3.3332865238189697}
I0530 08:12:16.469932 139436113262336 logging_writer.py:48] [47807] accumulated_eval_time=1001.39, accumulated_logging_time=3.33329, accumulated_submission_time=33490.5, global_step=47807, preemption_count=0, score=33490.5, test/accuracy=0.4147000312805176, test/loss=2.722043991088867, test/num_examples=10000, total_duration=34495.9, train/accuracy=0.5628515481948853, train/loss=1.8445866107940674, validation/accuracy=0.5246999859809875, validation/loss=2.047786235809326, validation/num_examples=50000
I0530 08:55:07.497210 139668164175040 spec.py:333] Evaluating on the training split.
I0530 08:55:16.888906 139668164175040 spec.py:346] Evaluating on the validation split.
I0530 08:56:03.972006 139668164175040 spec.py:363] Evaluating on the test split.
I0530 08:56:04.941074 139668164175040 submission_runner.py:516] Time since start: 37124.44s, 	Step: 49194, 	{'train/accuracy': Array(0.56125, dtype=float32), 'train/loss': Array(1.8826915, dtype=float32), 'validation/accuracy': Array(0.52268, dtype=float32), 'validation/loss': Array(2.0733306, dtype=float32), 'validation/num_examples': 50000, 'test/accuracy': Array(0.41090003, dtype=float32), 'test/loss': Array(2.735491, dtype=float32), 'test/num_examples': 10000, 'score': 36061.508020401, 'total_duration': 37124.44018816948, 'accumulated_submission_time': 36061.508020401, 'accumulated_eval_time': 1058.8275635242462, 'accumulated_logging_time': 3.4525949954986572}
I0530 08:56:05.433636 139436264232704 logging_writer.py:48] [49194] accumulated_eval_time=1058.83, accumulated_logging_time=3.45259, accumulated_submission_time=36061.5, global_step=49194, preemption_count=0, score=36061.5, test/accuracy=0.4109000265598297, test/loss=2.7354910373687744, test/num_examples=10000, total_duration=37124.4, train/accuracy=0.5612499713897705, train/loss=1.882691502571106, validation/accuracy=0.5226799845695496, validation/loss=2.0733306407928467, validation/num_examples=50000
I0530 09:38:56.536820 139668164175040 spec.py:333] Evaluating on the training split.
I0530 09:39:08.470634 139668164175040 spec.py:346] Evaluating on the validation split.
I0530 09:41:04.115611 139668164175040 spec.py:363] Evaluating on the test split.
I0530 09:41:05.085680 139668164175040 submission_runner.py:516] Time since start: 39824.58s, 	Step: 50286, 	{'train/accuracy': Array(0.5663867, dtype=float32), 'train/loss': Array(1.8536128, dtype=float32), 'validation/accuracy': Array(0.52522, dtype=float32), 'validation/loss': Array(2.0712779, dtype=float32), 'validation/num_examples': 50000, 'test/accuracy': Array(0.41270003, dtype=float32), 'test/loss': Array(2.7370756, dtype=float32), 'test/num_examples': 10000, 'score': 38632.3813521862, 'total_duration': 39824.58494710922, 'accumulated_submission_time': 38632.3813521862, 'accumulated_eval_time': 1187.3733463287354, 'accumulated_logging_time': 4.161679267883301}
I0530 09:41:05.234144 139436113262336 logging_writer.py:48] [50286] accumulated_eval_time=1187.37, accumulated_logging_time=4.16168, accumulated_submission_time=38632.4, global_step=50286, preemption_count=0, score=38632.4, test/accuracy=0.41270002722740173, test/loss=2.7370755672454834, test/num_examples=10000, total_duration=39824.6, train/accuracy=0.5663866996765137, train/loss=1.8536127805709839, validation/accuracy=0.5252199769020081, validation/loss=2.0712778568267822, validation/num_examples=50000
I0530 10:23:58.454450 139668164175040 spec.py:333] Evaluating on the training split.
I0530 10:24:06.686256 139668164175040 spec.py:346] Evaluating on the validation split.
I0530 10:26:13.220281 139668164175040 spec.py:363] Evaluating on the test split.
I0530 10:26:14.192389 139668164175040 submission_runner.py:516] Time since start: 42533.69s, 	Step: 51150, 	{'train/accuracy': Array(0.5793164, dtype=float32), 'train/loss': Array(1.7835386, dtype=float32), 'validation/accuracy': Array(0.52731997, dtype=float32), 'validation/loss': Array(2.0594552, dtype=float32), 'validation/num_examples': 50000, 'test/accuracy': Array(0.41250002, dtype=float32), 'test/loss': Array(2.7171903, dtype=float32), 'test/num_examples': 10000, 'score': 41205.574607133865, 'total_duration': 42533.69239902496, 'accumulated_submission_time': 41205.574607133865, 'accumulated_eval_time': 1323.1089882850647, 'accumulated_logging_time': 4.326181411743164}
I0530 10:26:14.582314 139436264232704 logging_writer.py:48] [51150] accumulated_eval_time=1323.11, accumulated_logging_time=4.32618, accumulated_submission_time=41205.6, global_step=51150, preemption_count=0, score=41205.6, test/accuracy=0.4125000238418579, test/loss=2.7171902656555176, test/num_examples=10000, total_duration=42533.7, train/accuracy=0.5793163776397705, train/loss=1.783538579940796, validation/accuracy=0.5273199677467346, validation/loss=2.059455156326294, validation/num_examples=50000
I0530 11:09:07.142876 139668164175040 spec.py:333] Evaluating on the training split.
I0530 11:09:16.918900 139668164175040 spec.py:346] Evaluating on the validation split.
I0530 11:11:05.249934 139668164175040 spec.py:363] Evaluating on the test split.
I0530 11:11:06.226718 139668164175040 submission_runner.py:516] Time since start: 45225.73s, 	Step: 51853, 	{'train/accuracy': Array(0.56912106, dtype=float32), 'train/loss': Array(1.8313365, dtype=float32), 'validation/accuracy': Array(0.5316, dtype=float32), 'validation/loss': Array(2.015559, dtype=float32), 'validation/num_examples': 50000, 'test/accuracy': Array(0.41610003, dtype=float32), 'test/loss': Array(2.7014437, dtype=float32), 'test/num_examples': 10000, 'score': 43777.81737399101, 'total_duration': 45225.7263405323, 'accumulated_submission_time': 43777.81737399101, 'accumulated_eval_time': 1442.1901397705078, 'accumulated_logging_time': 5.023602247238159}
I0530 11:11:06.275359 139436113262336 logging_writer.py:48] [51853] accumulated_eval_time=1442.19, accumulated_logging_time=5.0236, accumulated_submission_time=43777.8, global_step=51853, preemption_count=0, score=43777.8, test/accuracy=0.41610002517700195, test/loss=2.701443672180176, test/num_examples=10000, total_duration=45225.7, train/accuracy=0.5691210627555847, train/loss=1.831336498260498, validation/accuracy=0.5315999984741211, validation/loss=2.015558958053589, validation/num_examples=50000
I0530 11:53:57.416973 139668164175040 spec.py:333] Evaluating on the training split.
I0530 11:54:07.022753 139668164175040 spec.py:346] Evaluating on the validation split.
I0530 11:55:36.354833 139668164175040 spec.py:363] Evaluating on the test split.
I0530 11:55:37.326196 139668164175040 submission_runner.py:516] Time since start: 47896.83s, 	Step: 52578, 	{'train/accuracy': Array(0.58205074, dtype=float32), 'train/loss': Array(1.8015589, dtype=float32), 'validation/accuracy': Array(0.53073996, dtype=float32), 'validation/loss': Array(2.051105, dtype=float32), 'validation/num_examples': 50000, 'test/accuracy': Array(0.4126, dtype=float32), 'test/loss': Array(2.728542, dtype=float32), 'test/num_examples': 10000, 'score': 46348.93357825279, 'total_duration': 47896.825469732285, 'accumulated_submission_time': 46348.93357825279, 'accumulated_eval_time': 1542.0963306427002, 'accumulated_logging_time': 5.087078809738159}
I0530 11:55:37.374117 139436264232704 logging_writer.py:48] [52578] accumulated_eval_time=1542.1, accumulated_logging_time=5.08708, accumulated_submission_time=46348.9, global_step=52578, preemption_count=0, score=46348.9, test/accuracy=0.41260001063346863, test/loss=2.7285420894622803, test/num_examples=10000, total_duration=47896.8, train/accuracy=0.5820507407188416, train/loss=1.8015588521957397, validation/accuracy=0.530739963054657, validation/loss=2.05110502243042, validation/num_examples=50000
I0530 12:38:29.126650 139668164175040 spec.py:333] Evaluating on the training split.
I0530 12:38:38.280218 139668164175040 spec.py:346] Evaluating on the validation split.
I0530 12:40:20.315147 139668164175040 spec.py:363] Evaluating on the test split.
I0530 12:40:21.195864 139668164175040 submission_runner.py:516] Time since start: 50580.70s, 	Step: 53669, 	{'train/accuracy': Array(0.59585935, dtype=float32), 'train/loss': Array(1.730695, dtype=float32), 'validation/accuracy': Array(0.53944, dtype=float32), 'validation/loss': Array(2.0149307, dtype=float32), 'validation/num_examples': 50000, 'test/accuracy': Array(0.42790002, dtype=float32), 'test/loss': Array(2.6696012, dtype=float32), 'test/num_examples': 10000, 'score': 48920.65681385994, 'total_duration': 50580.69630122185, 'accumulated_submission_time': 48920.65681385994, 'accumulated_eval_time': 1654.1636371612549, 'accumulated_logging_time': 5.149624824523926}
I0530 12:40:21.727988 139436113262336 logging_writer.py:48] [53669] accumulated_eval_time=1654.16, accumulated_logging_time=5.14962, accumulated_submission_time=48920.7, global_step=53669, preemption_count=0, score=48920.7, test/accuracy=0.4279000163078308, test/loss=2.6696012020111084, test/num_examples=10000, total_duration=50580.7, train/accuracy=0.5958593487739563, train/loss=1.7306950092315674, validation/accuracy=0.5394399762153625, validation/loss=2.0149307250976562, validation/num_examples=50000
I0530 13:23:13.723291 139668164175040 spec.py:333] Evaluating on the training split.
I0530 13:23:22.144850 139668164175040 spec.py:346] Evaluating on the validation split.
I0530 13:25:28.621139 139668164175040 spec.py:363] Evaluating on the test split.
I0530 13:25:29.596276 139668164175040 submission_runner.py:516] Time since start: 53289.09s, 	Step: 54066, 	{'train/accuracy': Array(0.58548826, dtype=float32), 'train/loss': Array(1.7303605, dtype=float32), 'validation/accuracy': Array(0.53863996, dtype=float32), 'validation/loss': Array(1.9692826, dtype=float32), 'validation/num_examples': 50000, 'test/accuracy': Array(0.42370003, dtype=float32), 'test/loss': Array(2.6676517, dtype=float32), 'test/num_examples': 10000, 'score': 51492.36069703102, 'total_duration': 53289.09427046776, 'accumulated_submission_time': 51492.36069703102, 'accumulated_eval_time': 1790.0322892665863, 'accumulated_logging_time': 5.967611074447632}
I0530 13:25:29.690627 139436264232704 logging_writer.py:48] [54066] accumulated_eval_time=1790.03, accumulated_logging_time=5.96761, accumulated_submission_time=51492.4, global_step=54066, preemption_count=0, score=51492.4, test/accuracy=0.4237000346183777, test/loss=2.667651653289795, test/num_examples=10000, total_duration=53289.1, train/accuracy=0.5854882597923279, train/loss=1.730360507965088, validation/accuracy=0.5386399626731873, validation/loss=1.969282627105713, validation/num_examples=50000
I0530 14:08:20.680288 139668164175040 spec.py:333] Evaluating on the training split.
I0530 14:08:28.900333 139668164175040 spec.py:346] Evaluating on the validation split.
I0530 14:09:42.277100 139668164175040 spec.py:363] Evaluating on the test split.
I0530 14:09:43.245960 139668164175040 submission_runner.py:516] Time since start: 55942.75s, 	Step: 54377, 	{'train/accuracy': Array(0.58246094, dtype=float32), 'train/loss': Array(1.7560856, dtype=float32), 'validation/accuracy': Array(0.53758, dtype=float32), 'validation/loss': Array(1.9703268, dtype=float32), 'validation/num_examples': 50000, 'test/accuracy': Array(0.4178, dtype=float32), 'test/loss': Array(2.6794112, dtype=float32), 'test/num_examples': 10000, 'score': 54063.3201751709, 'total_duration': 55942.746217250824, 'accumulated_submission_time': 54063.3201751709, 'accumulated_eval_time': 1872.5958738327026, 'accumulated_logging_time': 6.087833404541016}
I0530 14:09:43.286912 139436113262336 logging_writer.py:48] [54377] accumulated_eval_time=1872.6, accumulated_logging_time=6.08783, accumulated_submission_time=54063.3, global_step=54377, preemption_count=0, score=54063.3, test/accuracy=0.41780000925064087, test/loss=2.6794111728668213, test/num_examples=10000, total_duration=55942.7, train/accuracy=0.5824609398841858, train/loss=1.7560856342315674, validation/accuracy=0.5375800132751465, validation/loss=1.9703267812728882, validation/num_examples=50000
I0530 14:52:35.838710 139668164175040 spec.py:333] Evaluating on the training split.
I0530 14:52:45.929255 139668164175040 spec.py:346] Evaluating on the validation split.
I0530 14:54:18.028733 139668164175040 spec.py:363] Evaluating on the test split.
I0530 14:54:19.037192 139668164175040 submission_runner.py:516] Time since start: 58618.53s, 	Step: 54945, 	{'train/accuracy': Array(0.5907031, dtype=float32), 'train/loss': Array(1.7328429, dtype=float32), 'validation/accuracy': Array(0.53646, dtype=float32), 'validation/loss': Array(1.9997149, dtype=float32), 'validation/num_examples': 50000, 'test/accuracy': Array(0.42450002, dtype=float32), 'test/loss': Array(2.6798677, dtype=float32), 'test/num_examples': 10000, 'score': 56635.85537838936, 'total_duration': 58618.53153800964, 'accumulated_submission_time': 56635.85537838936, 'accumulated_eval_time': 1975.7863709926605, 'accumulated_logging_time': 6.137411117553711}
I0530 14:54:19.139200 139436264232704 logging_writer.py:48] [54945] accumulated_eval_time=1975.79, accumulated_logging_time=6.13741, accumulated_submission_time=56635.9, global_step=54945, preemption_count=0, score=56635.9, test/accuracy=0.4245000183582306, test/loss=2.679867744445801, test/num_examples=10000, total_duration=58618.5, train/accuracy=0.5907031297683716, train/loss=1.7328429222106934, validation/accuracy=0.5364599823951721, validation/loss=1.9997148513793945, validation/num_examples=50000
I0530 15:37:10.586527 139668164175040 spec.py:333] Evaluating on the training split.
I0530 15:37:18.576426 139668164175040 spec.py:346] Evaluating on the validation split.
I0530 15:40:05.902249 139668164175040 spec.py:363] Evaluating on the test split.
I0530 15:40:06.872601 139668164175040 submission_runner.py:516] Time since start: 61366.37s, 	Step: 56254, 	{'train/accuracy': Array(0.5970898, dtype=float32), 'train/loss': Array(1.6882831, dtype=float32), 'validation/accuracy': Array(0.5435, dtype=float32), 'validation/loss': Array(1.9547921, dtype=float32), 'validation/num_examples': 50000, 'test/accuracy': Array(0.4318, dtype=float32), 'test/loss': Array(2.6222646, dtype=float32), 'test/num_examples': 10000, 'score': 59207.22702217102, 'total_duration': 61366.37278866768, 'accumulated_submission_time': 59207.22702217102, 'accumulated_eval_time': 2152.0703015327454, 'accumulated_logging_time': 6.296764135360718}
I0530 15:40:07.344324 139436113262336 logging_writer.py:48] [56254] accumulated_eval_time=2152.07, accumulated_logging_time=6.29676, accumulated_submission_time=59207.2, global_step=56254, preemption_count=0, score=59207.2, test/accuracy=0.4318000078201294, test/loss=2.6222646236419678, test/num_examples=10000, total_duration=61366.4, train/accuracy=0.5970898270606995, train/loss=1.688283085823059, validation/accuracy=0.5435000061988831, validation/loss=1.9547921419143677, validation/num_examples=50000
2026-05-30 15:44:00.551413: W tensorflow/core/kernels/data/prefetch_autotuner.cc:52] Prefetch autotuner tried to allocate 91453 bytes after encountering the first element of size 91453 bytes.This already causes the autotune ram budget to be exceeded. To stay within the ram budget, either increase the ram budget or reduce element size
I0530 16:23:03.325002 139668164175040 spec.py:333] Evaluating on the training split.
I0530 16:23:09.976494 139668164175040 spec.py:346] Evaluating on the validation split.
I0530 16:25:10.421487 139668164175040 spec.py:363] Evaluating on the test split.
I0530 16:25:11.395481 139668164175040 submission_runner.py:516] Time since start: 64070.89s, 	Step: 56800, 	{'train/accuracy': Array(0.5805859, dtype=float32), 'train/loss': Array(1.794096, dtype=float32), 'validation/accuracy': Array(0.53836, dtype=float32), 'validation/loss': Array(2.0097144, dtype=float32), 'validation/num_examples': 50000, 'test/accuracy': Array(0.4286, dtype=float32), 'test/loss': Array(2.6708698, dtype=float32), 'test/num_examples': 10000, 'score': 61782.94732260704, 'total_duration': 64070.89369058609, 'accumulated_submission_time': 61782.94732260704, 'accumulated_eval_time': 2280.1366634368896, 'accumulated_logging_time': 7.021211862564087}
I0530 16:25:11.458059 139436264232704 logging_writer.py:48] [56800] accumulated_eval_time=2280.14, accumulated_logging_time=7.02121, accumulated_submission_time=61782.9, global_step=56800, preemption_count=0, score=61782.9, test/accuracy=0.428600013256073, test/loss=2.670869827270508, test/num_examples=10000, total_duration=64070.9, train/accuracy=0.5805858969688416, train/loss=1.7940959930419922, validation/accuracy=0.5383599996566772, validation/loss=2.009714365005493, validation/num_examples=50000
I0530 17:08:06.167995 139668164175040 spec.py:333] Evaluating on the training split.
I0530 17:08:12.817235 139668164175040 spec.py:346] Evaluating on the validation split.
I0530 17:10:54.296658 139668164175040 spec.py:363] Evaluating on the test split.
I0530 17:10:55.266155 139668164175040 submission_runner.py:516] Time since start: 66814.76s, 	Step: 57222, 	{'train/accuracy': Array(0.57779294, dtype=float32), 'train/loss': Array(1.7844069, dtype=float32), 'validation/accuracy': Array(0.54082, dtype=float32), 'validation/loss': Array(1.9769397, dtype=float32), 'validation/num_examples': 50000, 'test/accuracy': Array(0.42810002, dtype=float32), 'test/loss': Array(2.6644456, dtype=float32), 'test/num_examples': 10000, 'score': 64357.62596511841, 'total_duration': 66814.76388287544, 'accumulated_submission_time': 64357.62596511841, 'accumulated_eval_time': 2449.230224132538, 'accumulated_logging_time': 7.108631610870361}
I0530 17:10:55.327745 139436113262336 logging_writer.py:48] [57222] accumulated_eval_time=2449.23, accumulated_logging_time=7.10863, accumulated_submission_time=64357.6, global_step=57222, preemption_count=0, score=64357.6, test/accuracy=0.42810001969337463, test/loss=2.664445638656616, test/num_examples=10000, total_duration=66814.8, train/accuracy=0.5777929425239563, train/loss=1.7844069004058838, validation/accuracy=0.5408200025558472, validation/loss=1.9769396781921387, validation/num_examples=50000
I0530 17:53:52.930329 139668164175040 spec.py:333] Evaluating on the training split.
I0530 17:53:56.180981 139668164175040 spec.py:346] Evaluating on the validation split.
I0530 17:57:12.526396 139668164175040 spec.py:363] Evaluating on the test split.
I0530 17:57:13.498131 139668164175040 submission_runner.py:516] Time since start: 69593.00s, 	Step: 57501, 	{'train/accuracy': Array(0.5871484, dtype=float32), 'train/loss': Array(1.7391431, dtype=float32), 'validation/accuracy': Array(0.55145997, dtype=float32), 'validation/loss': Array(1.9257649, dtype=float32), 'validation/num_examples': 50000, 'test/accuracy': Array(0.43510002, dtype=float32), 'test/loss': Array(2.605947, dtype=float32), 'test/num_examples': 10000, 'score': 66935.19986605644, 'total_duration': 69592.99841928482, 'accumulated_submission_time': 66935.19986605644, 'accumulated_eval_time': 2649.7959666252136, 'accumulated_logging_time': 7.194759845733643}
I0530 17:57:13.537315 139436264232704 logging_writer.py:48] [57501] accumulated_eval_time=2649.8, accumulated_logging_time=7.19476, accumulated_submission_time=66935.2, global_step=57501, preemption_count=0, score=66935.2, test/accuracy=0.4351000189781189, test/loss=2.6059470176696777, test/num_examples=10000, total_duration=69593, train/accuracy=0.5871484279632568, train/loss=1.7391431331634521, validation/accuracy=0.5514599680900574, validation/loss=1.9257649183273315, validation/num_examples=50000
2026-05-30 18:35:03.507000: W tensorflow/core/kernels/data/prefetch_autotuner.cc:52] Prefetch autotuner tried to allocate 91453 bytes after encountering the first element of size 91453 bytes.This already causes the autotune ram budget to be exceeded. To stay within the ram budget, either increase the ram budget or reduce element size
I0530 18:40:04.515261 139668164175040 spec.py:333] Evaluating on the training split.
I0530 18:40:07.744167 139668164175040 spec.py:346] Evaluating on the validation split.
I0530 18:42:08.856885 139668164175040 spec.py:363] Evaluating on the test split.
I0530 18:42:09.892058 139668164175040 submission_runner.py:516] Time since start: 72289.39s, 	Step: 58976, 	{'train/accuracy': Array(0.6063867, dtype=float32), 'train/loss': Array(1.6600894, dtype=float32), 'validation/accuracy': Array(0.55016, dtype=float32), 'validation/loss': Array(1.9460095, dtype=float32), 'validation/num_examples': 50000, 'test/accuracy': Array(0.42940003, dtype=float32), 'test/loss': Array(2.6380217, dtype=float32), 'test/num_examples': 10000, 'score': 69506.14780831337, 'total_duration': 72289.38676977158, 'accumulated_submission_time': 69506.14780831337, 'accumulated_eval_time': 2775.1651327610016, 'accumulated_logging_time': 7.242699146270752}
I0530 18:42:09.996592 139436113262336 logging_writer.py:48] [58976] accumulated_eval_time=2775.17, accumulated_logging_time=7.2427, accumulated_submission_time=69506.1, global_step=58976, preemption_count=0, score=69506.1, test/accuracy=0.4294000267982483, test/loss=2.63802170753479, test/num_examples=10000, total_duration=72289.4, train/accuracy=0.6063867211341858, train/loss=1.660089373588562, validation/accuracy=0.5501599907875061, validation/loss=1.9460095167160034, validation/num_examples=50000
2026-05-30 19:11:36.706642: W tensorflow/core/kernels/data/prefetch_autotuner.cc:52] Prefetch autotuner tried to allocate 91453 bytes after encountering the first element of size 91453 bytes.This already causes the autotune ram budget to be exceeded. To stay within the ram budget, either increase the ram budget or reduce element size
I0530 19:25:01.306729 139668164175040 spec.py:333] Evaluating on the training split.
I0530 19:25:04.530490 139668164175040 spec.py:346] Evaluating on the validation split.
I0530 19:26:27.360274 139668164175040 spec.py:363] Evaluating on the test split.
I0530 19:26:28.397350 139668164175040 submission_runner.py:516] Time since start: 74947.83s, 	Step: 60536, 	{'train/accuracy': Array(0.60216796, dtype=float32), 'train/loss': Array(1.6402017, dtype=float32), 'validation/accuracy': Array(0.55388, dtype=float32), 'validation/loss': Array(1.9043431, dtype=float32), 'validation/num_examples': 50000, 'test/accuracy': Array(0.44110003, dtype=float32), 'test/loss': Array(2.5829954, dtype=float32), 'test/num_examples': 10000, 'score': 72077.369795084, 'total_duration': 74947.83372163773, 'accumulated_submission_time': 72077.369795084, 'accumulated_eval_time': 2862.1897983551025, 'accumulated_logging_time': 7.401026487350464}
I0530 19:26:28.828743 139436264232704 logging_writer.py:48] [60536] accumulated_eval_time=2862.19, accumulated_logging_time=7.40103, accumulated_submission_time=72077.4, global_step=60536, preemption_count=0, score=72077.4, test/accuracy=0.44110003113746643, test/loss=2.5829954147338867, test/num_examples=10000, total_duration=74947.8, train/accuracy=0.6021679639816284, train/loss=1.6402016878128052, validation/accuracy=0.553879976272583, validation/loss=1.9043431282043457, validation/num_examples=50000
I0530 20:09:24.931027 139668164175040 spec.py:333] Evaluating on the training split.
I0530 20:09:28.180311 139668164175040 spec.py:346] Evaluating on the validation split.
I0530 20:11:39.497517 139668164175040 spec.py:363] Evaluating on the test split.
I0530 20:11:40.469260 139668164175040 submission_runner.py:516] Time since start: 77659.97s, 	Step: 61119, 	{'train/accuracy': Array(0.5928906, dtype=float32), 'train/loss': Array(1.748058, dtype=float32), 'validation/accuracy': Array(0.55222, dtype=float32), 'validation/loss': Array(1.9421406, dtype=float32), 'validation/num_examples': 50000, 'test/accuracy': Array(0.43850002, dtype=float32), 'test/loss': Array(2.6116278, dtype=float32), 'test/num_examples': 10000, 'score': 74653.0882101059, 'total_duration': 77659.96960020065, 'accumulated_submission_time': 74653.0882101059, 'accumulated_eval_time': 2997.72602391243, 'accumulated_logging_time': 8.208278179168701}
I0530 20:11:40.510267 139436113262336 logging_writer.py:48] [61119] accumulated_eval_time=2997.73, accumulated_logging_time=8.20828, accumulated_submission_time=74653.1, global_step=61119, preemption_count=0, score=74653.1, test/accuracy=0.4385000169277191, test/loss=2.6116278171539307, test/num_examples=10000, total_duration=77660, train/accuracy=0.5928906202316284, train/loss=1.7480579614639282, validation/accuracy=0.5522199869155884, validation/loss=1.9421405792236328, validation/num_examples=50000
I0530 20:54:37.857691 139668164175040 spec.py:333] Evaluating on the training split.
I0530 20:54:41.108611 139668164175040 spec.py:346] Evaluating on the validation split.
I0530 20:57:10.114745 139668164175040 spec.py:363] Evaluating on the test split.
I0530 20:57:11.087028 139668164175040 submission_runner.py:516] Time since start: 80390.59s, 	Step: 61394, 	{'train/accuracy': Array(0.58156246, dtype=float32), 'train/loss': Array(1.7933788, dtype=float32), 'validation/accuracy': Array(0.54712, dtype=float32), 'validation/loss': Array(1.9697986, dtype=float32), 'validation/num_examples': 50000, 'test/accuracy': Array(0.42870003, dtype=float32), 'test/loss': Array(2.65446, dtype=float32), 'test/num_examples': 10000, 'score': 77230.42298078537, 'total_duration': 80390.58735346794, 'accumulated_submission_time': 77230.42298078537, 'accumulated_eval_time': 3150.953353404999, 'accumulated_logging_time': 8.258208990097046}
I0530 20:57:11.123220 139436264232704 logging_writer.py:48] [61394] accumulated_eval_time=3150.95, accumulated_logging_time=8.25821, accumulated_submission_time=77230.4, global_step=61394, preemption_count=0, score=77230.4, test/accuracy=0.4287000298500061, test/loss=2.6544599533081055, test/num_examples=10000, total_duration=80390.6, train/accuracy=0.5815624594688416, train/loss=1.7933788299560547, validation/accuracy=0.5471199750900269, validation/loss=1.9697985649108887, validation/num_examples=50000
I0530 21:40:06.119938 139668164175040 spec.py:333] Evaluating on the training split.
I0530 21:40:09.368351 139668164175040 spec.py:346] Evaluating on the validation split.
I0530 21:42:53.949572 139668164175040 spec.py:363] Evaluating on the test split.
I0530 21:42:54.924998 139668164175040 submission_runner.py:516] Time since start: 83134.42s, 	Step: 61677, 	{'train/accuracy': Array(0.6101953, dtype=float32), 'train/loss': Array(1.6479499, dtype=float32), 'validation/accuracy': Array(0.54914, dtype=float32), 'validation/loss': Array(1.9351346, dtype=float32), 'validation/num_examples': 50000, 'test/accuracy': Array(0.43370003, dtype=float32), 'test/loss': Array(2.6177025, dtype=float32), 'test/num_examples': 10000, 'score': 79805.40738010406, 'total_duration': 83134.42299723625, 'accumulated_submission_time': 79805.40738010406, 'accumulated_eval_time': 3319.754081249237, 'accumulated_logging_time': 8.30302882194519}
I0530 21:42:54.987020 139436113262336 logging_writer.py:48] [61677] accumulated_eval_time=3319.75, accumulated_logging_time=8.30303, accumulated_submission_time=79805.4, global_step=61677, preemption_count=0, score=79805.4, test/accuracy=0.4337000250816345, test/loss=2.6177024841308594, test/num_examples=10000, total_duration=83134.4, train/accuracy=0.6101952791213989, train/loss=1.6479499340057373, validation/accuracy=0.5491399765014648, validation/loss=1.9351346492767334, validation/num_examples=50000
I0530 22:25:53.571952 139668164175040 spec.py:333] Evaluating on the training split.
I0530 22:25:56.821312 139668164175040 spec.py:346] Evaluating on the validation split.
I0530 22:30:07.999580 139668164175040 spec.py:363] Evaluating on the test split.
I0530 22:30:08.970835 139668164175040 submission_runner.py:516] Time since start: 85968.47s, 	Step: 61959, 	{'train/accuracy': Array(0.6045898, dtype=float32), 'train/loss': Array(1.715547, dtype=float32), 'validation/accuracy': Array(0.5511, dtype=float32), 'validation/loss': Array(1.969309, dtype=float32), 'validation/num_examples': 50000, 'test/accuracy': Array(0.4318, dtype=float32), 'test/loss': Array(2.633476, dtype=float32), 'test/num_examples': 10000, 'score': 82383.96168375015, 'total_duration': 85968.46891617775, 'accumulated_submission_time': 82383.96168375015, 'accumulated_eval_time': 3575.148713827133, 'accumulated_logging_time': 8.391372203826904}
I0530 22:30:09.036757 139436264232704 logging_writer.py:48] [61959] accumulated_eval_time=3575.15, accumulated_logging_time=8.39137, accumulated_submission_time=82384, global_step=61959, preemption_count=0, score=82384, test/accuracy=0.4318000078201294, test/loss=2.6334760189056396, test/num_examples=10000, total_duration=85968.5, train/accuracy=0.6045898199081421, train/loss=1.71554696559906, validation/accuracy=0.5511000156402588, validation/loss=1.9693089723587036, validation/num_examples=50000
I0530 23:13:03.192065 139668164175040 spec.py:333] Evaluating on the training split.
I0530 23:13:06.436025 139668164175040 spec.py:346] Evaluating on the validation split.
I0530 23:15:38.274343 139668164175040 spec.py:363] Evaluating on the test split.
I0530 23:15:39.243878 139668164175040 submission_runner.py:516] Time since start: 88698.74s, 	Step: 62422, 	{'train/accuracy': Array(0.59835935, dtype=float32), 'train/loss': Array(1.6773841, dtype=float32), 'validation/accuracy': Array(0.55648, dtype=float32), 'validation/loss': Array(1.8943671, dtype=float32), 'validation/num_examples': 50000, 'test/accuracy': Array(0.44320002, dtype=float32), 'test/loss': Array(2.562086, dtype=float32), 'test/num_examples': 10000, 'score': 84958.08437299728, 'total_duration': 88698.74429774284, 'accumulated_submission_time': 84958.08437299728, 'accumulated_eval_time': 3731.198626279831, 'accumulated_logging_time': 8.482338905334473}
I0530 23:15:39.283599 139436113262336 logging_writer.py:48] [62422] accumulated_eval_time=3731.2, accumulated_logging_time=8.48234, accumulated_submission_time=84958.1, global_step=62422, preemption_count=0, score=84958.1, test/accuracy=0.443200021982193, test/loss=2.5620861053466797, test/num_examples=10000, total_duration=88698.7, train/accuracy=0.5983593463897705, train/loss=1.6773841381072998, validation/accuracy=0.5564799904823303, validation/loss=1.8943670988082886, validation/num_examples=50000
2026-05-30 23:20:44.706720: W tensorflow/core/kernels/data/prefetch_autotuner.cc:52] Prefetch autotuner tried to allocate 91453 bytes after encountering the first element of size 91453 bytes.This already causes the autotune ram budget to be exceeded. To stay within the ram budget, either increase the ram budget or reduce element size
I0530 23:58:31.078092 139668164175040 spec.py:333] Evaluating on the training split.
I0530 23:58:34.315374 139668164175040 spec.py:346] Evaluating on the validation split.
I0531 00:01:06.314759 139668164175040 spec.py:363] Evaluating on the test split.
I0531 00:01:07.332267 139668164175040 submission_runner.py:516] Time since start: 91426.83s, 	Step: 63144, 	{'train/accuracy': Array(0.61578125, dtype=float32), 'train/loss': Array(1.6188421, dtype=float32), 'validation/accuracy': Array(0.55302, dtype=float32), 'validation/loss': Array(1.9260554, dtype=float32), 'validation/num_examples': 50000, 'test/accuracy': Array(0.4354, dtype=float32), 'test/loss': Array(2.5911942, dtype=float32), 'test/num_examples': 10000, 'score': 87529.85808873177, 'total_duration': 91426.82769727707, 'accumulated_submission_time': 87529.85808873177, 'accumulated_eval_time': 3887.445901632309, 'accumulated_logging_time': 8.531112432479858}
I0531 00:01:07.491759 139436264232704 logging_writer.py:48] [63144] accumulated_eval_time=3887.45, accumulated_logging_time=8.53111, accumulated_submission_time=87529.9, global_step=63144, preemption_count=0, score=87529.9, test/accuracy=0.43540000915527344, test/loss=2.5911941528320312, test/num_examples=10000, total_duration=91426.8, train/accuracy=0.6157812476158142, train/loss=1.6188421249389648, validation/accuracy=0.5530200004577637, validation/loss=1.9260554313659668, validation/num_examples=50000
2026-05-31 00:39:26.891373: W tensorflow/core/kernels/data/prefetch_autotuner.cc:52] Prefetch autotuner tried to allocate 91453 bytes after encountering the first element of size 91453 bytes.This already causes the autotune ram budget to be exceeded. To stay within the ram budget, either increase the ram budget or reduce element size
I0531 00:44:00.729396 139668164175040 spec.py:333] Evaluating on the training split.
I0531 00:44:03.973794 139668164175040 spec.py:346] Evaluating on the validation split.
I0531 00:45:47.705025 139668164175040 spec.py:363] Evaluating on the test split.
I0531 00:45:48.732063 139668164175040 submission_runner.py:516] Time since start: 94108.23s, 	Step: 63864, 	{'train/accuracy': Array(0.5995898, dtype=float32), 'train/loss': Array(1.6954216, dtype=float32), 'validation/accuracy': Array(0.5543, dtype=float32), 'validation/loss': Array(1.9062701, dtype=float32), 'validation/num_examples': 50000, 'test/accuracy': Array(0.43840003, dtype=float32), 'test/loss': Array(2.5778766, dtype=float32), 'test/num_examples': 10000, 'score': 90103.0302722454, 'total_duration': 94108.22731304169, 'accumulated_submission_time': 90103.0302722454, 'accumulated_eval_time': 3995.4415073394775, 'accumulated_logging_time': 8.743809461593628}
I0531 00:45:48.833714 139436113262336 logging_writer.py:48] [63864] accumulated_eval_time=3995.44, accumulated_logging_time=8.74381, accumulated_submission_time=90103, global_step=63864, preemption_count=0, score=90103, test/accuracy=0.4384000301361084, test/loss=2.577876567840576, test/num_examples=10000, total_duration=94108.2, train/accuracy=0.5995898246765137, train/loss=1.695421576499939, validation/accuracy=0.5543000102043152, validation/loss=1.906270146369934, validation/num_examples=50000
I0531 01:28:41.327950 139668164175040 spec.py:333] Evaluating on the training split.
I0531 01:28:44.569179 139668164175040 spec.py:346] Evaluating on the validation split.
I0531 01:30:52.843718 139668164175040 spec.py:363] Evaluating on the test split.
I0531 01:30:53.817697 139668164175040 submission_runner.py:516] Time since start: 96813.32s, 	Step: 64587, 	{'train/accuracy': Array(0.613789, dtype=float32), 'train/loss': Array(1.6159908, dtype=float32), 'validation/accuracy': Array(0.55384, dtype=float32), 'validation/loss': Array(1.9100993, dtype=float32), 'validation/num_examples': 50000, 'test/accuracy': Array(0.439, dtype=float32), 'test/loss': Array(2.5822766, dtype=float32), 'test/num_examples': 10000, 'score': 92675.46014332771, 'total_duration': 96813.31827425957, 'accumulated_submission_time': 92675.46014332771, 'accumulated_eval_time': 4127.929513931274, 'accumulated_logging_time': 8.897629976272583}
I0531 01:30:53.859079 139436264232704 logging_writer.py:48] [64587] accumulated_eval_time=4127.93, accumulated_logging_time=8.89763, accumulated_submission_time=92675.5, global_step=64587, preemption_count=0, score=92675.5, test/accuracy=0.4390000104904175, test/loss=2.5822765827178955, test/num_examples=10000, total_duration=96813.3, train/accuracy=0.6137890219688416, train/loss=1.6159907579421997, validation/accuracy=0.5538399815559387, validation/loss=1.9100992679595947, validation/num_examples=50000
I0531 02:13:48.115998 139668164175040 spec.py:333] Evaluating on the training split.
I0531 02:13:51.364459 139668164175040 spec.py:346] Evaluating on the validation split.
I0531 02:16:35.935533 139668164175040 spec.py:363] Evaluating on the test split.
I0531 02:16:36.909445 139668164175040 submission_runner.py:516] Time since start: 99556.40s, 	Step: 65343, 	{'train/accuracy': Array(0.6063281, dtype=float32), 'train/loss': Array(1.6483243, dtype=float32), 'validation/accuracy': Array(0.56424, dtype=float32), 'validation/loss': Array(1.8629079, dtype=float32), 'validation/num_examples': 50000, 'test/accuracy': Array(0.44200003, dtype=float32), 'test/loss': Array(2.5567489, dtype=float32), 'test/num_examples': 10000, 'score': 95249.69734692574, 'total_duration': 99556.40482640266, 'accumulated_submission_time': 95249.69734692574, 'accumulated_eval_time': 4296.7160041332245, 'accumulated_logging_time': 8.947919130325317}
I0531 02:16:37.012160 139436113262336 logging_writer.py:48] [65343] accumulated_eval_time=4296.72, accumulated_logging_time=8.94792, accumulated_submission_time=95249.7, global_step=65343, preemption_count=0, score=95249.7, test/accuracy=0.44200003147125244, test/loss=2.556748867034912, test/num_examples=10000, total_duration=99556.4, train/accuracy=0.6063281297683716, train/loss=1.6483242511749268, validation/accuracy=0.5642399787902832, validation/loss=1.862907886505127, validation/num_examples=50000
I0531 02:59:28.692415 139436264232704 logging_writer.py:48] [65874] global_step=65874, preemption_count=0, score=97821.2
I0531 02:59:29.602049 139668164175040 submission_runner.py:857] Final imagenet_vit score: 97821.18584370613
