torchrun --redirects 1:0,2:0,3:0 --standalone --nnodes=1 --nproc_per_node=4 submission_runner.py --framework=pytorch --workload=librispeech_deepspeech --submission_path=submissions_algorithms/submissions/self_tuning/muon_torch/submission.py --data_dir=/data/librispeech --experiment_dir=/experiment_runs --experiment_name=submissions_a100/muon_torch/study_1 --overwrite=True --save_checkpoints=False --rng_seed=-2007383020 --librispeech_tokenizer_vocab_path=/data/librispeech/spm_model.vocab --torch_compile=true --tuning_ruleset=self 2>&1 | tee -a /logs/librispeech_deepspeech_pytorch_05-23-2026-19-21-33.log
W0523 19:21:51.437000 9 site-packages/torch/distributed/run.py:803] 
W0523 19:21:51.437000 9 site-packages/torch/distributed/run.py:803] *****************************************
W0523 19:21:51.437000 9 site-packages/torch/distributed/run.py:803] Setting OMP_NUM_THREADS environment variable for each process to be 1 in default, to avoid your system being overloaded, please further tune the variable for optimal performance in your application as needed. 
W0523 19:21:51.437000 9 site-packages/torch/distributed/run.py:803] *****************************************
2026-05-23 19:22:00.739805: E external/local_xla/xla/stream_executor/cuda/cuda_fft.cc:467] Unable to register cuFFT factory: Attempting to register factory for plugin cuFFT when one has already been registered
2026-05-23 19:22:00.739832: E external/local_xla/xla/stream_executor/cuda/cuda_fft.cc:467] Unable to register cuFFT factory: Attempting to register factory for plugin cuFFT when one has already been registered
2026-05-23 19:22:00.739820: E external/local_xla/xla/stream_executor/cuda/cuda_fft.cc:467] Unable to register cuFFT factory: Attempting to register factory for plugin cuFFT when one has already been registered
2026-05-23 19:22:00.739805: E external/local_xla/xla/stream_executor/cuda/cuda_fft.cc:467] Unable to register cuFFT factory: Attempting to register factory for plugin cuFFT when one has already been registered
WARNING: All log messages before absl::InitializeLog() is called are written to STDERR
WARNING: All log messages before absl::InitializeLog() is called are written to STDERR
WARNING: All log messages before absl::InitializeLog() is called are written to STDERR
E0000 00:00:1779564121.094993      40 cuda_dnn.cc:8579] Unable to register cuDNN factory: Attempting to register factory for plugin cuDNN when one has already been registered
E0000 00:00:1779564121.094980      39 cuda_dnn.cc:8579] Unable to register cuDNN factory: Attempting to register factory for plugin cuDNN when one has already been registered
E0000 00:00:1779564121.094972      38 cuda_dnn.cc:8579] Unable to register cuDNN factory: Attempting to register factory for plugin cuDNN when one has already been registered
WARNING: All log messages before absl::InitializeLog() is called are written to STDERR
E0000 00:00:1779564121.095007      41 cuda_dnn.cc:8579] Unable to register cuDNN factory: Attempting to register factory for plugin cuDNN when one has already been registered
E0000 00:00:1779564121.180391      39 cuda_blas.cc:1407] Unable to register cuBLAS factory: Attempting to register factory for plugin cuBLAS when one has already been registered
E0000 00:00:1779564121.180397      40 cuda_blas.cc:1407] Unable to register cuBLAS factory: Attempting to register factory for plugin cuBLAS when one has already been registered
E0000 00:00:1779564121.180391      38 cuda_blas.cc:1407] Unable to register cuBLAS factory: Attempting to register factory for plugin cuBLAS when one has already been registered
E0000 00:00:1779564121.180405      41 cuda_blas.cc:1407] Unable to register cuBLAS factory: Attempting to register factory for plugin cuBLAS when one has already been registered
W0000 00:00:1779564122.530909      40 computation_placer.cc:177] computation placer already registered. Please check linkage and avoid linking the same target more than once.
W0000 00:00:1779564122.530908      39 computation_placer.cc:177] computation placer already registered. Please check linkage and avoid linking the same target more than once.
W0000 00:00:1779564122.530906      38 computation_placer.cc:177] computation placer already registered. Please check linkage and avoid linking the same target more than once.
W0000 00:00:1779564122.530915      41 computation_placer.cc:177] computation placer already registered. Please check linkage and avoid linking the same target more than once.
W0000 00:00:1779564122.530948      39 computation_placer.cc:177] computation placer already registered. Please check linkage and avoid linking the same target more than once.
W0000 00:00:1779564122.530948      38 computation_placer.cc:177] computation placer already registered. Please check linkage and avoid linking the same target more than once.
W0000 00:00:1779564122.530949      41 computation_placer.cc:177] computation placer already registered. Please check linkage and avoid linking the same target more than once.
W0000 00:00:1779564122.530951      39 computation_placer.cc:177] computation placer already registered. Please check linkage and avoid linking the same target more than once.
W0000 00:00:1779564122.530950      40 computation_placer.cc:177] computation placer already registered. Please check linkage and avoid linking the same target more than once.
W0000 00:00:1779564122.530951      38 computation_placer.cc:177] computation placer already registered. Please check linkage and avoid linking the same target more than once.
W0000 00:00:1779564122.530952      41 computation_placer.cc:177] computation placer already registered. Please check linkage and avoid linking the same target more than once.
W0000 00:00:1779564122.530953      39 computation_placer.cc:177] computation placer already registered. Please check linkage and avoid linking the same target more than once.
W0000 00:00:1779564122.530953      40 computation_placer.cc:177] computation placer already registered. Please check linkage and avoid linking the same target more than once.
W0000 00:00:1779564122.530954      38 computation_placer.cc:177] computation placer already registered. Please check linkage and avoid linking the same target more than once.
W0000 00:00:1779564122.530955      41 computation_placer.cc:177] computation placer already registered. Please check linkage and avoid linking the same target more than once.
W0000 00:00:1779564122.530956      40 computation_placer.cc:177] computation placer already registered. Please check linkage and avoid linking the same target more than once.
W0000 00:00:1779564143.759739      41 gpu_device.cc:2341] Cannot dlopen some GPU libraries. Please make sure the missing libraries mentioned above are installed properly if you would like to use GPU. Follow the guide at https://www.tensorflow.org/install/gpu for how to download and setup the required libraries for your platform.
Skipping registering GPU devices...
W0000 00:00:1779564143.775017      39 gpu_device.cc:2341] Cannot dlopen some GPU libraries. Please make sure the missing libraries mentioned above are installed properly if you would like to use GPU. Follow the guide at https://www.tensorflow.org/install/gpu for how to download and setup the required libraries for your platform.
Skipping registering GPU devices...
W0000 00:00:1779564143.786963      40 gpu_device.cc:2341] Cannot dlopen some GPU libraries. Please make sure the missing libraries mentioned above are installed properly if you would like to use GPU. Follow the guide at https://www.tensorflow.org/install/gpu for how to download and setup the required libraries for your platform.
Skipping registering GPU devices...
W0000 00:00:1779564143.849479      38 gpu_device.cc:2341] Cannot dlopen some GPU libraries. Please make sure the missing libraries mentioned above are installed properly if you would like to use GPU. Follow the guide at https://www.tensorflow.org/install/gpu for how to download and setup the required libraries for your platform.
Skipping registering GPU devices...
/usr/local/lib/python3.11/site-packages/torch/__init__.py:1617: UserWarning: Please use the new API settings to control TF32 behavior, such as torch.backends.cudnn.conv.fp32_precision = 'tf32' or torch.backends.cuda.matmul.fp32_precision = 'ieee'. Old settings, e.g, torch.backends.cuda.matmul.allow_tf32 = True, torch.backends.cudnn.allow_tf32 = True, allowTF32CuDNN() and allowTF32CuBLAS() will be deprecated after Pytorch 2.9. Please see https://pytorch.org/docs/main/notes/cuda.html#tensorfloat-32-tf32-on-ampere-and-later-devices (Triggered internally at /pytorch/aten/src/ATen/Context.cpp:80.)
  _C._set_float32_matmul_precision(precision)
/usr/local/lib/python3.11/site-packages/torch/__init__.py:1617: UserWarning: Please use the new API settings to control TF32 behavior, such as torch.backends.cudnn.conv.fp32_precision = 'tf32' or torch.backends.cuda.matmul.fp32_precision = 'ieee'. Old settings, e.g, torch.backends.cuda.matmul.allow_tf32 = True, torch.backends.cudnn.allow_tf32 = True, allowTF32CuDNN() and allowTF32CuBLAS() will be deprecated after Pytorch 2.9. Please see https://pytorch.org/docs/main/notes/cuda.html#tensorfloat-32-tf32-on-ampere-and-later-devices (Triggered internally at /pytorch/aten/src/ATen/Context.cpp:80.)
  _C._set_float32_matmul_precision(precision)
/usr/local/lib/python3.11/site-packages/torch/__init__.py:1617: UserWarning: Please use the new API settings to control TF32 behavior, such as torch.backends.cudnn.conv.fp32_precision = 'tf32' or torch.backends.cuda.matmul.fp32_precision = 'ieee'. Old settings, e.g, torch.backends.cuda.matmul.allow_tf32 = True, torch.backends.cudnn.allow_tf32 = True, allowTF32CuDNN() and allowTF32CuBLAS() will be deprecated after Pytorch 2.9. Please see https://pytorch.org/docs/main/notes/cuda.html#tensorfloat-32-tf32-on-ampere-and-later-devices (Triggered internally at /pytorch/aten/src/ATen/Context.cpp:80.)
  _C._set_float32_matmul_precision(precision)
/usr/local/lib/python3.11/site-packages/torch/__init__.py:1617: UserWarning: Please use the new API settings to control TF32 behavior, such as torch.backends.cudnn.conv.fp32_precision = 'tf32' or torch.backends.cuda.matmul.fp32_precision = 'ieee'. Old settings, e.g, torch.backends.cuda.matmul.allow_tf32 = True, torch.backends.cudnn.allow_tf32 = True, allowTF32CuDNN() and allowTF32CuBLAS() will be deprecated after Pytorch 2.9. Please see https://pytorch.org/docs/main/notes/cuda.html#tensorfloat-32-tf32-on-ampere-and-later-devices (Triggered internally at /pytorch/aten/src/ATen/Context.cpp:80.)
  _C._set_float32_matmul_precision(precision)
/usr/local/lib/python3.11/site-packages/pydantic/_internal/_generate_schema.py:2249: UnsupportedFieldAttributeWarning: The 'repr' attribute with value False was provided to the `Field()` function, which has no effect in the context it was used. 'repr' is field-specific metadata, and can only be attached to a model field using `Annotated` metadata or by assignment. This may have happened because an `Annotated` type alias using the `type` statement was used, or if the `Field()` function was attached to a single member of a union type.
  warnings.warn(
/usr/local/lib/python3.11/site-packages/pydantic/_internal/_generate_schema.py:2249: UnsupportedFieldAttributeWarning: The 'repr' attribute with value False was provided to the `Field()` function, which has no effect in the context it was used. 'repr' is field-specific metadata, and can only be attached to a model field using `Annotated` metadata or by assignment. This may have happened because an `Annotated` type alias using the `type` statement was used, or if the `Field()` function was attached to a single member of a union type.
  warnings.warn(
/usr/local/lib/python3.11/site-packages/pydantic/_internal/_generate_schema.py:2249: UnsupportedFieldAttributeWarning: The 'repr' attribute with value False was provided to the `Field()` function, which has no effect in the context it was used. 'repr' is field-specific metadata, and can only be attached to a model field using `Annotated` metadata or by assignment. This may have happened because an `Annotated` type alias using the `type` statement was used, or if the `Field()` function was attached to a single member of a union type.
  warnings.warn(
/usr/local/lib/python3.11/site-packages/pydantic/_internal/_generate_schema.py:2249: UnsupportedFieldAttributeWarning: The 'repr' attribute with value False was provided to the `Field()` function, which has no effect in the context it was used. 'repr' is field-specific metadata, and can only be attached to a model field using `Annotated` metadata or by assignment. This may have happened because an `Annotated` type alias using the `type` statement was used, or if the `Field()` function was attached to a single member of a union type.
  warnings.warn(
/usr/local/lib/python3.11/site-packages/pydantic/_internal/_generate_schema.py:2249: UnsupportedFieldAttributeWarning: The 'frozen' attribute with value True was provided to the `Field()` function, which has no effect in the context it was used. 'frozen' is field-specific metadata, and can only be attached to a model field using `Annotated` metadata or by assignment. This may have happened because an `Annotated` type alias using the `type` statement was used, or if the `Field()` function was attached to a single member of a union type.
  warnings.warn(
/usr/local/lib/python3.11/site-packages/pydantic/_internal/_generate_schema.py:2249: UnsupportedFieldAttributeWarning: The 'frozen' attribute with value True was provided to the `Field()` function, which has no effect in the context it was used. 'frozen' is field-specific metadata, and can only be attached to a model field using `Annotated` metadata or by assignment. This may have happened because an `Annotated` type alias using the `type` statement was used, or if the `Field()` function was attached to a single member of a union type.
  warnings.warn(
/usr/local/lib/python3.11/site-packages/pydantic/_internal/_generate_schema.py:2249: UnsupportedFieldAttributeWarning: The 'frozen' attribute with value True was provided to the `Field()` function, which has no effect in the context it was used. 'frozen' is field-specific metadata, and can only be attached to a model field using `Annotated` metadata or by assignment. This may have happened because an `Annotated` type alias using the `type` statement was used, or if the `Field()` function was attached to a single member of a union type.
  warnings.warn(
/usr/local/lib/python3.11/site-packages/pydantic/_internal/_generate_schema.py:2249: UnsupportedFieldAttributeWarning: The 'frozen' attribute with value True was provided to the `Field()` function, which has no effect in the context it was used. 'frozen' is field-specific metadata, and can only be attached to a model field using `Annotated` metadata or by assignment. This may have happened because an `Annotated` type alias using the `type` statement was used, or if the `Field()` function was attached to a single member of a union type.
  warnings.warn(
I0523 19:22:30.881893 140092774696128 logger_utils.py:59] Removing existing experiment directory /experiment_runs/submissions_a100/muon_torch/study_1/librispeech_deepspeech_pytorch because --overwrite was set.
I0523 19:22:30.881890 140589040624832 logger_utils.py:59] Removing existing experiment directory /experiment_runs/submissions_a100/muon_torch/study_1/librispeech_deepspeech_pytorch because --overwrite was set.
I0523 19:22:30.881899 140254615807168 logger_utils.py:59] Removing existing experiment directory /experiment_runs/submissions_a100/muon_torch/study_1/librispeech_deepspeech_pytorch because --overwrite was set.
I0523 19:22:30.881906 140241385931968 logger_utils.py:59] Removing existing experiment directory /experiment_runs/submissions_a100/muon_torch/study_1/librispeech_deepspeech_pytorch because --overwrite was set.
/usr/local/lib/python3.11/site-packages/torch/distributed/distributed_c10d.py:4876: UserWarning: barrier(): using the device under current context. You can specify `device_id` in `init_process_group` to mute this warning.
  warnings.warn(  # warn only once
[rank0]:[W523 19:22:30.275079411 ProcessGroupNCCL.cpp:5068] Guessing device ID based on global rank. This can cause a hang if rank to GPU mapping is heterogeneous. You can specify device_id in init_process_group()
I0523 19:22:32.961331 140589040624832 logger_utils.py:84] Creating experiment directory at /experiment_runs/submissions_a100/muon_torch/study_1/librispeech_deepspeech_pytorch.
I0523 19:22:32.961332 140241385931968 logger_utils.py:84] Creating experiment directory at /experiment_runs/submissions_a100/muon_torch/study_1/librispeech_deepspeech_pytorch.
I0523 19:22:32.961332 140254615807168 logger_utils.py:84] Creating experiment directory at /experiment_runs/submissions_a100/muon_torch/study_1/librispeech_deepspeech_pytorch.
I0523 19:22:32.961366 140092774696128 logger_utils.py:84] Creating experiment directory at /experiment_runs/submissions_a100/muon_torch/study_1/librispeech_deepspeech_pytorch.
I0523 19:22:41.096067 140589040624832 submission_runner.py:741] Creating directory at /experiment_runs/submissions_a100/muon_torch/study_1/librispeech_deepspeech_pytorch/trial_1.
I0523 19:22:41.461915 140589040624832 submission_runner.py:242] Initializing dataset.
I0523 19:22:41.462110 140589040624832 input_pipeline.py:19] Loading split = train-clean-100
I0523 19:22:41.491886 140589040624832 input_pipeline.py:19] Loading split = train-clean-360
I0523 19:22:41.670837 140589040624832 input_pipeline.py:19] Loading split = train-other-500
I0523 19:22:42.305598 140589040624832 submission_runner.py:251] Initializing model.
W0523 19:22:47.224955 140241385931968 submission_runner.py:273] These workloads cannot be fully compiled under current PyTorch version. Proceeding without `torch.compile`.
W0523 19:22:47.225028 140092774696128 submission_runner.py:273] These workloads cannot be fully compiled under current PyTorch version. Proceeding without `torch.compile`.
W0523 19:22:47.225925 140589040624832 submission_runner.py:273] These workloads cannot be fully compiled under current PyTorch version. Proceeding without `torch.compile`.
W0523 19:22:47.225898 140254615807168 submission_runner.py:273] These workloads cannot be fully compiled under current PyTorch version. Proceeding without `torch.compile`.
I0523 19:22:47.227398 140241385931968 muon.py:324] Muon params:
	module.subsample.conv1.kernel (ndim=4)
	module.subsample.conv2.kernel (ndim=4)
	module.subsample.lin.weight (ndim=2)
	module.lstms.0.lstm.weight_ih_l0 (ndim=2)
	module.lstms.0.lstm.weight_hh_l0 (ndim=2)
	module.lstms.0.lstm.weight_ih_l0_reverse (ndim=2)
	module.lstms.0.lstm.weight_hh_l0_reverse (ndim=2)
	module.lstms.1.lstm.weight_ih_l0 (ndim=2)
	module.lstms.1.lstm.weight_hh_l0 (ndim=2)
	module.lstms.1.lstm.weight_ih_l0_reverse (ndim=2)
	module.lstms.1.lstm.weight_hh_l0_reverse (ndim=2)
	module.lstms.2.lstm.weight_ih_l0 (ndim=2)
	module.lstms.2.lstm.weight_hh_l0 (ndim=2)
	module.lstms.2.lstm.weight_ih_l0_reverse (ndim=2)
	module.lstms.2.lstm.weight_hh_l0_reverse (ndim=2)
	module.lstms.3.lstm.weight_ih_l0 (ndim=2)
	module.lstms.3.lstm.weight_hh_l0 (ndim=2)
	module.lstms.3.lstm.weight_ih_l0_reverse (ndim=2)
	module.lstms.3.lstm.weight_hh_l0_reverse (ndim=2)
	module.lstms.4.lstm.weight_ih_l0 (ndim=2)
	module.lstms.4.lstm.weight_hh_l0 (ndim=2)
	module.lstms.4.lstm.weight_ih_l0_reverse (ndim=2)
	module.lstms.4.lstm.weight_hh_l0_reverse (ndim=2)
	module.lstms.5.lstm.weight_ih_l0 (ndim=2)
	module.lstms.5.lstm.weight_hh_l0 (ndim=2)
	module.lstms.5.lstm.weight_ih_l0_reverse (ndim=2)
	module.lstms.5.lstm.weight_hh_l0_reverse (ndim=2)
	module.ffns.0.lin.weight (ndim=2)
	module.ffns.1.lin.weight (ndim=2)
	module.ffns.2.lin.weight (ndim=2)
	module.lin.weight (ndim=2)
I0523 19:22:47.227450 140092774696128 muon.py:324] Muon params:
	module.subsample.conv1.kernel (ndim=4)
	module.subsample.conv2.kernel (ndim=4)
	module.subsample.lin.weight (ndim=2)
	module.lstms.0.lstm.weight_ih_l0 (ndim=2)
	module.lstms.0.lstm.weight_hh_l0 (ndim=2)
	module.lstms.0.lstm.weight_ih_l0_reverse (ndim=2)
	module.lstms.0.lstm.weight_hh_l0_reverse (ndim=2)
	module.lstms.1.lstm.weight_ih_l0 (ndim=2)
	module.lstms.1.lstm.weight_hh_l0 (ndim=2)
	module.lstms.1.lstm.weight_ih_l0_reverse (ndim=2)
	module.lstms.1.lstm.weight_hh_l0_reverse (ndim=2)
	module.lstms.2.lstm.weight_ih_l0 (ndim=2)
	module.lstms.2.lstm.weight_hh_l0 (ndim=2)
	module.lstms.2.lstm.weight_ih_l0_reverse (ndim=2)
	module.lstms.2.lstm.weight_hh_l0_reverse (ndim=2)
	module.lstms.3.lstm.weight_ih_l0 (ndim=2)
	module.lstms.3.lstm.weight_hh_l0 (ndim=2)
	module.lstms.3.lstm.weight_ih_l0_reverse (ndim=2)
	module.lstms.3.lstm.weight_hh_l0_reverse (ndim=2)
	module.lstms.4.lstm.weight_ih_l0 (ndim=2)
	module.lstms.4.lstm.weight_hh_l0 (ndim=2)
	module.lstms.4.lstm.weight_ih_l0_reverse (ndim=2)
	module.lstms.4.lstm.weight_hh_l0_reverse (ndim=2)
	module.lstms.5.lstm.weight_ih_l0 (ndim=2)
	module.lstms.5.lstm.weight_hh_l0 (ndim=2)
	module.lstms.5.lstm.weight_ih_l0_reverse (ndim=2)
	module.lstms.5.lstm.weight_hh_l0_reverse (ndim=2)
	module.ffns.0.lin.weight (ndim=2)
	module.ffns.1.lin.weight (ndim=2)
	module.ffns.2.lin.weight (ndim=2)
	module.lin.weight (ndim=2)
I0523 19:22:47.227548 140241385931968 muon.py:325] Adam params:
	module.subsample.conv1.bias (ndim=1)
	module.subsample.conv2.bias (ndim=1)
	module.subsample.lin.bias (ndim=1)
	module.lstms.0.bn_normalization_layer.weight (ndim=1)
	module.lstms.0.bn_normalization_layer.bias (ndim=1)
	module.lstms.0.lstm.bias_ih_l0 (ndim=1)
	module.lstms.0.lstm.bias_hh_l0 (ndim=1)
	module.lstms.0.lstm.bias_ih_l0_reverse (ndim=1)
	module.lstms.0.lstm.bias_hh_l0_reverse (ndim=1)
	module.lstms.1.bn_normalization_layer.weight (ndim=1)
	module.lstms.1.bn_normalization_layer.bias (ndim=1)
	module.lstms.1.lstm.bias_ih_l0 (ndim=1)
	module.lstms.1.lstm.bias_hh_l0 (ndim=1)
	module.lstms.1.lstm.bias_ih_l0_reverse (ndim=1)
	module.lstms.1.lstm.bias_hh_l0_reverse (ndim=1)
	module.lstms.2.bn_normalization_layer.weight (ndim=1)
	module.lstms.2.bn_normalization_layer.bias (ndim=1)
	module.lstms.2.lstm.bias_ih_l0 (ndim=1)
	module.lstms.2.lstm.bias_hh_l0 (ndim=1)
	module.lstms.2.lstm.bias_ih_l0_reverse (ndim=1)
	module.lstms.2.lstm.bias_hh_l0_reverse (ndim=1)
	module.lstms.3.bn_normalization_layer.weight (ndim=1)
	module.lstms.3.bn_normalization_layer.bias (ndim=1)
	module.lstms.3.lstm.bias_ih_l0 (ndim=1)
	module.lstms.3.lstm.bias_hh_l0 (ndim=1)
	module.lstms.3.lstm.bias_ih_l0_reverse (ndim=1)
	module.lstms.3.lstm.bias_hh_l0_reverse (ndim=1)
	module.lstms.4.bn_normalization_layer.weight (ndim=1)
	module.lstms.4.bn_normalization_layer.bias (ndim=1)
	module.lstms.4.lstm.bias_ih_l0 (ndim=1)
	module.lstms.4.lstm.bias_hh_l0 (ndim=1)
	module.lstms.4.lstm.bias_ih_l0_reverse (ndim=1)
	module.lstms.4.lstm.bias_hh_l0_reverse (ndim=1)
	module.lstms.5.bn_normalization_layer.weight (ndim=1)
	module.lstms.5.bn_normalization_layer.bias (ndim=1)
	module.lstms.5.lstm.bias_ih_l0 (ndim=1)
	module.lstms.5.lstm.bias_hh_l0 (ndim=1)
	module.lstms.5.lstm.bias_ih_l0_reverse (ndim=1)
	module.lstms.5.lstm.bias_hh_l0_reverse (ndim=1)
	module.ffns.0.bn_normalization_layer.weight (ndim=1)
	module.ffns.0.bn_normalization_layer.bias (ndim=1)
	module.ffns.0.lin.bias (ndim=1)
	module.ffns.1.bn_normalization_layer.weight (ndim=1)
	module.ffns.1.bn_normalization_layer.bias (ndim=1)
	module.ffns.1.lin.bias (ndim=1)
	module.ffns.2.bn_normalization_layer.weight (ndim=1)
	module.ffns.2.bn_normalization_layer.bias (ndim=1)
	module.ffns.2.lin.bias (ndim=1)
	module.ln.scale (ndim=1)
	module.ln.bias (ndim=1)
	module.lin.bias (ndim=1)
I0523 19:22:47.227595 140092774696128 muon.py:325] Adam params:
	module.subsample.conv1.bias (ndim=1)
	module.subsample.conv2.bias (ndim=1)
	module.subsample.lin.bias (ndim=1)
	module.lstms.0.bn_normalization_layer.weight (ndim=1)
	module.lstms.0.bn_normalization_layer.bias (ndim=1)
	module.lstms.0.lstm.bias_ih_l0 (ndim=1)
	module.lstms.0.lstm.bias_hh_l0 (ndim=1)
	module.lstms.0.lstm.bias_ih_l0_reverse (ndim=1)
	module.lstms.0.lstm.bias_hh_l0_reverse (ndim=1)
	module.lstms.1.bn_normalization_layer.weight (ndim=1)
	module.lstms.1.bn_normalization_layer.bias (ndim=1)
	module.lstms.1.lstm.bias_ih_l0 (ndim=1)
	module.lstms.1.lstm.bias_hh_l0 (ndim=1)
	module.lstms.1.lstm.bias_ih_l0_reverse (ndim=1)
	module.lstms.1.lstm.bias_hh_l0_reverse (ndim=1)
	module.lstms.2.bn_normalization_layer.weight (ndim=1)
	module.lstms.2.bn_normalization_layer.bias (ndim=1)
	module.lstms.2.lstm.bias_ih_l0 (ndim=1)
	module.lstms.2.lstm.bias_hh_l0 (ndim=1)
	module.lstms.2.lstm.bias_ih_l0_reverse (ndim=1)
	module.lstms.2.lstm.bias_hh_l0_reverse (ndim=1)
	module.lstms.3.bn_normalization_layer.weight (ndim=1)
	module.lstms.3.bn_normalization_layer.bias (ndim=1)
	module.lstms.3.lstm.bias_ih_l0 (ndim=1)
	module.lstms.3.lstm.bias_hh_l0 (ndim=1)
	module.lstms.3.lstm.bias_ih_l0_reverse (ndim=1)
	module.lstms.3.lstm.bias_hh_l0_reverse (ndim=1)
	module.lstms.4.bn_normalization_layer.weight (ndim=1)
	module.lstms.4.bn_normalization_layer.bias (ndim=1)
	module.lstms.4.lstm.bias_ih_l0 (ndim=1)
	module.lstms.4.lstm.bias_hh_l0 (ndim=1)
	module.lstms.4.lstm.bias_ih_l0_reverse (ndim=1)
	module.lstms.4.lstm.bias_hh_l0_reverse (ndim=1)
	module.lstms.5.bn_normalization_layer.weight (ndim=1)
	module.lstms.5.bn_normalization_layer.bias (ndim=1)
	module.lstms.5.lstm.bias_ih_l0 (ndim=1)
	module.lstms.5.lstm.bias_hh_l0 (ndim=1)
	module.lstms.5.lstm.bias_ih_l0_reverse (ndim=1)
	module.lstms.5.lstm.bias_hh_l0_reverse (ndim=1)
	module.ffns.0.bn_normalization_layer.weight (ndim=1)
	module.ffns.0.bn_normalization_layer.bias (ndim=1)
	module.ffns.0.lin.bias (ndim=1)
	module.ffns.1.bn_normalization_layer.weight (ndim=1)
	module.ffns.1.bn_normalization_layer.bias (ndim=1)
	module.ffns.1.lin.bias (ndim=1)
	module.ffns.2.bn_normalization_layer.weight (ndim=1)
	module.ffns.2.bn_normalization_layer.bias (ndim=1)
	module.ffns.2.lin.bias (ndim=1)
	module.ln.scale (ndim=1)
	module.ln.bias (ndim=1)
	module.lin.bias (ndim=1)
I0523 19:22:47.227958 140589040624832 submission_runner.py:294] Initializing optimizer.
I0523 19:22:47.228264 140254615807168 muon.py:324] Muon params:
	module.subsample.conv1.kernel (ndim=4)
	module.subsample.conv2.kernel (ndim=4)
	module.subsample.lin.weight (ndim=2)
	module.lstms.0.lstm.weight_ih_l0 (ndim=2)
	module.lstms.0.lstm.weight_hh_l0 (ndim=2)
	module.lstms.0.lstm.weight_ih_l0_reverse (ndim=2)
	module.lstms.0.lstm.weight_hh_l0_reverse (ndim=2)
	module.lstms.1.lstm.weight_ih_l0 (ndim=2)
	module.lstms.1.lstm.weight_hh_l0 (ndim=2)
	module.lstms.1.lstm.weight_ih_l0_reverse (ndim=2)
	module.lstms.1.lstm.weight_hh_l0_reverse (ndim=2)
	module.lstms.2.lstm.weight_ih_l0 (ndim=2)
	module.lstms.2.lstm.weight_hh_l0 (ndim=2)
	module.lstms.2.lstm.weight_ih_l0_reverse (ndim=2)
	module.lstms.2.lstm.weight_hh_l0_reverse (ndim=2)
	module.lstms.3.lstm.weight_ih_l0 (ndim=2)
	module.lstms.3.lstm.weight_hh_l0 (ndim=2)
	module.lstms.3.lstm.weight_ih_l0_reverse (ndim=2)
	module.lstms.3.lstm.weight_hh_l0_reverse (ndim=2)
	module.lstms.4.lstm.weight_ih_l0 (ndim=2)
	module.lstms.4.lstm.weight_hh_l0 (ndim=2)
	module.lstms.4.lstm.weight_ih_l0_reverse (ndim=2)
	module.lstms.4.lstm.weight_hh_l0_reverse (ndim=2)
	module.lstms.5.lstm.weight_ih_l0 (ndim=2)
	module.lstms.5.lstm.weight_hh_l0 (ndim=2)
	module.lstms.5.lstm.weight_ih_l0_reverse (ndim=2)
	module.lstms.5.lstm.weight_hh_l0_reverse (ndim=2)
	module.ffns.0.lin.weight (ndim=2)
	module.ffns.1.lin.weight (ndim=2)
	module.ffns.2.lin.weight (ndim=2)
	module.lin.weight (ndim=2)
I0523 19:22:47.228379 140589040624832 muon.py:324] Muon params:
	module.subsample.conv1.kernel (ndim=4)
	module.subsample.conv2.kernel (ndim=4)
	module.subsample.lin.weight (ndim=2)
	module.lstms.0.lstm.weight_ih_l0 (ndim=2)
	module.lstms.0.lstm.weight_hh_l0 (ndim=2)
	module.lstms.0.lstm.weight_ih_l0_reverse (ndim=2)
	module.lstms.0.lstm.weight_hh_l0_reverse (ndim=2)
	module.lstms.1.lstm.weight_ih_l0 (ndim=2)
	module.lstms.1.lstm.weight_hh_l0 (ndim=2)
	module.lstms.1.lstm.weight_ih_l0_reverse (ndim=2)
	module.lstms.1.lstm.weight_hh_l0_reverse (ndim=2)
	module.lstms.2.lstm.weight_ih_l0 (ndim=2)
	module.lstms.2.lstm.weight_hh_l0 (ndim=2)
	module.lstms.2.lstm.weight_ih_l0_reverse (ndim=2)
	module.lstms.2.lstm.weight_hh_l0_reverse (ndim=2)
	module.lstms.3.lstm.weight_ih_l0 (ndim=2)
	module.lstms.3.lstm.weight_hh_l0 (ndim=2)
	module.lstms.3.lstm.weight_ih_l0_reverse (ndim=2)
	module.lstms.3.lstm.weight_hh_l0_reverse (ndim=2)
	module.lstms.4.lstm.weight_ih_l0 (ndim=2)
	module.lstms.4.lstm.weight_hh_l0 (ndim=2)
	module.lstms.4.lstm.weight_ih_l0_reverse (ndim=2)
	module.lstms.4.lstm.weight_hh_l0_reverse (ndim=2)
	module.lstms.5.lstm.weight_ih_l0 (ndim=2)
	module.lstms.5.lstm.weight_hh_l0 (ndim=2)
	module.lstms.5.lstm.weight_ih_l0_reverse (ndim=2)
	module.lstms.5.lstm.weight_hh_l0_reverse (ndim=2)
	module.ffns.0.lin.weight (ndim=2)
	module.ffns.1.lin.weight (ndim=2)
	module.ffns.2.lin.weight (ndim=2)
	module.lin.weight (ndim=2)
I0523 19:22:47.228409 140254615807168 muon.py:325] Adam params:
	module.subsample.conv1.bias (ndim=1)
	module.subsample.conv2.bias (ndim=1)
	module.subsample.lin.bias (ndim=1)
	module.lstms.0.bn_normalization_layer.weight (ndim=1)
	module.lstms.0.bn_normalization_layer.bias (ndim=1)
	module.lstms.0.lstm.bias_ih_l0 (ndim=1)
	module.lstms.0.lstm.bias_hh_l0 (ndim=1)
	module.lstms.0.lstm.bias_ih_l0_reverse (ndim=1)
	module.lstms.0.lstm.bias_hh_l0_reverse (ndim=1)
	module.lstms.1.bn_normalization_layer.weight (ndim=1)
	module.lstms.1.bn_normalization_layer.bias (ndim=1)
	module.lstms.1.lstm.bias_ih_l0 (ndim=1)
	module.lstms.1.lstm.bias_hh_l0 (ndim=1)
	module.lstms.1.lstm.bias_ih_l0_reverse (ndim=1)
	module.lstms.1.lstm.bias_hh_l0_reverse (ndim=1)
	module.lstms.2.bn_normalization_layer.weight (ndim=1)
	module.lstms.2.bn_normalization_layer.bias (ndim=1)
	module.lstms.2.lstm.bias_ih_l0 (ndim=1)
	module.lstms.2.lstm.bias_hh_l0 (ndim=1)
	module.lstms.2.lstm.bias_ih_l0_reverse (ndim=1)
	module.lstms.2.lstm.bias_hh_l0_reverse (ndim=1)
	module.lstms.3.bn_normalization_layer.weight (ndim=1)
	module.lstms.3.bn_normalization_layer.bias (ndim=1)
	module.lstms.3.lstm.bias_ih_l0 (ndim=1)
	module.lstms.3.lstm.bias_hh_l0 (ndim=1)
	module.lstms.3.lstm.bias_ih_l0_reverse (ndim=1)
	module.lstms.3.lstm.bias_hh_l0_reverse (ndim=1)
	module.lstms.4.bn_normalization_layer.weight (ndim=1)
	module.lstms.4.bn_normalization_layer.bias (ndim=1)
	module.lstms.4.lstm.bias_ih_l0 (ndim=1)
	module.lstms.4.lstm.bias_hh_l0 (ndim=1)
	module.lstms.4.lstm.bias_ih_l0_reverse (ndim=1)
	module.lstms.4.lstm.bias_hh_l0_reverse (ndim=1)
	module.lstms.5.bn_normalization_layer.weight (ndim=1)
	module.lstms.5.bn_normalization_layer.bias (ndim=1)
	module.lstms.5.lstm.bias_ih_l0 (ndim=1)
	module.lstms.5.lstm.bias_hh_l0 (ndim=1)
	module.lstms.5.lstm.bias_ih_l0_reverse (ndim=1)
	module.lstms.5.lstm.bias_hh_l0_reverse (ndim=1)
	module.ffns.0.bn_normalization_layer.weight (ndim=1)
	module.ffns.0.bn_normalization_layer.bias (ndim=1)
	module.ffns.0.lin.bias (ndim=1)
	module.ffns.1.bn_normalization_layer.weight (ndim=1)
	module.ffns.1.bn_normalization_layer.bias (ndim=1)
	module.ffns.1.lin.bias (ndim=1)
	module.ffns.2.bn_normalization_layer.weight (ndim=1)
	module.ffns.2.bn_normalization_layer.bias (ndim=1)
	module.ffns.2.lin.bias (ndim=1)
	module.ln.scale (ndim=1)
	module.ln.bias (ndim=1)
	module.lin.bias (ndim=1)
I0523 19:22:47.228446 140589040624832 muon.py:325] Adam params:
	module.subsample.conv1.bias (ndim=1)
	module.subsample.conv2.bias (ndim=1)
	module.subsample.lin.bias (ndim=1)
	module.lstms.0.bn_normalization_layer.weight (ndim=1)
	module.lstms.0.bn_normalization_layer.bias (ndim=1)
	module.lstms.0.lstm.bias_ih_l0 (ndim=1)
	module.lstms.0.lstm.bias_hh_l0 (ndim=1)
	module.lstms.0.lstm.bias_ih_l0_reverse (ndim=1)
	module.lstms.0.lstm.bias_hh_l0_reverse (ndim=1)
	module.lstms.1.bn_normalization_layer.weight (ndim=1)
	module.lstms.1.bn_normalization_layer.bias (ndim=1)
	module.lstms.1.lstm.bias_ih_l0 (ndim=1)
	module.lstms.1.lstm.bias_hh_l0 (ndim=1)
	module.lstms.1.lstm.bias_ih_l0_reverse (ndim=1)
	module.lstms.1.lstm.bias_hh_l0_reverse (ndim=1)
	module.lstms.2.bn_normalization_layer.weight (ndim=1)
	module.lstms.2.bn_normalization_layer.bias (ndim=1)
	module.lstms.2.lstm.bias_ih_l0 (ndim=1)
	module.lstms.2.lstm.bias_hh_l0 (ndim=1)
	module.lstms.2.lstm.bias_ih_l0_reverse (ndim=1)
	module.lstms.2.lstm.bias_hh_l0_reverse (ndim=1)
	module.lstms.3.bn_normalization_layer.weight (ndim=1)
	module.lstms.3.bn_normalization_layer.bias (ndim=1)
	module.lstms.3.lstm.bias_ih_l0 (ndim=1)
	module.lstms.3.lstm.bias_hh_l0 (ndim=1)
	module.lstms.3.lstm.bias_ih_l0_reverse (ndim=1)
	module.lstms.3.lstm.bias_hh_l0_reverse (ndim=1)
	module.lstms.4.bn_normalization_layer.weight (ndim=1)
	module.lstms.4.bn_normalization_layer.bias (ndim=1)
	module.lstms.4.lstm.bias_ih_l0 (ndim=1)
	module.lstms.4.lstm.bias_hh_l0 (ndim=1)
	module.lstms.4.lstm.bias_ih_l0_reverse (ndim=1)
	module.lstms.4.lstm.bias_hh_l0_reverse (ndim=1)
	module.lstms.5.bn_normalization_layer.weight (ndim=1)
	module.lstms.5.bn_normalization_layer.bias (ndim=1)
	module.lstms.5.lstm.bias_ih_l0 (ndim=1)
	module.lstms.5.lstm.bias_hh_l0 (ndim=1)
	module.lstms.5.lstm.bias_ih_l0_reverse (ndim=1)
	module.lstms.5.lstm.bias_hh_l0_reverse (ndim=1)
	module.ffns.0.bn_normalization_layer.weight (ndim=1)
	module.ffns.0.bn_normalization_layer.bias (ndim=1)
	module.ffns.0.lin.bias (ndim=1)
	module.ffns.1.bn_normalization_layer.weight (ndim=1)
	module.ffns.1.bn_normalization_layer.bias (ndim=1)
	module.ffns.1.lin.bias (ndim=1)
	module.ffns.2.bn_normalization_layer.weight (ndim=1)
	module.ffns.2.bn_normalization_layer.bias (ndim=1)
	module.ffns.2.lin.bias (ndim=1)
	module.ln.scale (ndim=1)
	module.ln.bias (ndim=1)
	module.lin.bias (ndim=1)
I0523 19:22:47.244563 140589040624832 submission_runner.py:299] Initializing metrics bundle.
I0523 19:22:47.244741 140589040624832 submission_runner.py:321] Initializing checkpoint and logger.
I0523 19:22:47.248170 140589040624832 submission_runner.py:344] Saving meta data to /experiment_runs/submissions_a100/muon_torch/study_1/librispeech_deepspeech_pytorch/trial_1/meta_data_0.json.
I0523 19:22:47.248256 140092774696128 logger_utils.py:283] Unable to record workload.train_mean information. Continuing without it.
I0523 19:22:47.248266 140254615807168 logger_utils.py:283] Unable to record workload.train_mean information. Continuing without it.
I0523 19:22:47.248276 140241385931968 logger_utils.py:283] Unable to record workload.train_mean information. Continuing without it.
I0523 19:22:47.248371 140092774696128 logger_utils.py:283] Unable to record workload.train_stddev information. Continuing without it.
I0523 19:22:47.248382 140254615807168 logger_utils.py:283] Unable to record workload.train_stddev information. Continuing without it.
I0523 19:22:47.248387 140241385931968 logger_utils.py:283] Unable to record workload.train_stddev information. Continuing without it.
I0523 19:22:47.248409 140589040624832 logger_utils.py:283] Unable to record workload.train_mean information. Continuing without it.
I0523 19:22:47.248467 140589040624832 logger_utils.py:283] Unable to record workload.train_stddev information. Continuing without it.
I0523 19:22:47.632845 140589040624832 submission_runner.py:348] Saving flags to /experiment_runs/submissions_a100/muon_torch/study_1/librispeech_deepspeech_pytorch/trial_1/flags_0.json.
I0523 19:22:47.652540 140589040624832 submission_runner.py:359] Starting training loop.
/usr/local/lib/python3.11/multiprocessing/popen_fork.py:66: RuntimeWarning: os.fork() was called. os.fork() is incompatible with multithreaded code, and JAX is multithreaded, so this will likely lead to a deadlock.
  self.pid = os.fork()
/usr/local/lib/python3.11/multiprocessing/popen_fork.py:66: RuntimeWarning: os.fork() was called. os.fork() is incompatible with multithreaded code, and JAX is multithreaded, so this will likely lead to a deadlock.
  self.pid = os.fork()
/usr/local/lib/python3.11/multiprocessing/popen_fork.py:66: RuntimeWarning: os.fork() was called. os.fork() is incompatible with multithreaded code, and JAX is multithreaded, so this will likely lead to a deadlock.
  self.pid = os.fork()
/usr/local/lib/python3.11/multiprocessing/popen_fork.py:66: RuntimeWarning: os.fork() was called. os.fork() is incompatible with multithreaded code, and JAX is multithreaded, so this will likely lead to a deadlock.
  self.pid = os.fork()
/algorithmic-efficiency/algoperf/workloads/librispeech_conformer/librispeech_pytorch/preprocessor.py:516: UserWarning: Specified kernel cache directory could not be created! This disables kernel caching. Specified directory is /root/.cache/torch/kernels. This warning will appear only once per process. (Triggered internally at /pytorch/aten/src/ATen/native/cuda/jit_utils.cpp:1487.)
  spectrum = torch.abs(spectrum)
/algorithmic-efficiency/algoperf/workloads/librispeech_conformer/librispeech_pytorch/preprocessor.py:516: UserWarning: Specified kernel cache directory could not be created! This disables kernel caching. Specified directory is /root/.cache/torch/kernels. This warning will appear only once per process. (Triggered internally at /pytorch/aten/src/ATen/native/cuda/jit_utils.cpp:1487.)
  spectrum = torch.abs(spectrum)
/algorithmic-efficiency/algoperf/workloads/librispeech_conformer/librispeech_pytorch/preprocessor.py:516: UserWarning: Specified kernel cache directory could not be created! This disables kernel caching. Specified directory is /root/.cache/torch/kernels. This warning will appear only once per process. (Triggered internally at /pytorch/aten/src/ATen/native/cuda/jit_utils.cpp:1487.)
  spectrum = torch.abs(spectrum)
I0523 19:23:57.065248 140589040624832 spec.py:333] Evaluating on the training split.
I0523 19:23:57.066520 140589040624832 input_pipeline.py:19] Loading split = train-clean-100
I0523 19:23:57.092623 140589040624832 input_pipeline.py:19] Loading split = train-clean-360
I0523 19:23:57.183941 140589040624832 input_pipeline.py:19] Loading split = train-other-500
/usr/local/lib/python3.11/multiprocessing/popen_fork.py:66: RuntimeWarning: os.fork() was called. os.fork() is incompatible with multithreaded code, and JAX is multithreaded, so this will likely lead to a deadlock.
  self.pid = os.fork()
/usr/local/lib/python3.11/multiprocessing/popen_fork.py:66: RuntimeWarning: os.fork() was called. os.fork() is incompatible with multithreaded code, and JAX is multithreaded, so this will likely lead to a deadlock.
  self.pid = os.fork()
/usr/local/lib/python3.11/multiprocessing/popen_fork.py:66: RuntimeWarning: os.fork() was called. os.fork() is incompatible with multithreaded code, and JAX is multithreaded, so this will likely lead to a deadlock.
  self.pid = os.fork()
/usr/local/lib/python3.11/multiprocessing/popen_fork.py:66: RuntimeWarning: os.fork() was called. os.fork() is incompatible with multithreaded code, and JAX is multithreaded, so this will likely lead to a deadlock.
  self.pid = os.fork()
I0523 19:24:32.200576 140589040624832 spec.py:346] Evaluating on the validation split.
I0523 19:24:32.202591 140589040624832 input_pipeline.py:19] Loading split = dev-clean
I0523 19:24:32.210028 140589040624832 input_pipeline.py:19] Loading split = dev-other
/usr/local/lib/python3.11/multiprocessing/popen_fork.py:66: RuntimeWarning: os.fork() was called. os.fork() is incompatible with multithreaded code, and JAX is multithreaded, so this will likely lead to a deadlock.
  self.pid = os.fork()
/usr/local/lib/python3.11/multiprocessing/popen_fork.py:66: RuntimeWarning: os.fork() was called. os.fork() is incompatible with multithreaded code, and JAX is multithreaded, so this will likely lead to a deadlock.
  self.pid = os.fork()
/usr/local/lib/python3.11/multiprocessing/popen_fork.py:66: RuntimeWarning: os.fork() was called. os.fork() is incompatible with multithreaded code, and JAX is multithreaded, so this will likely lead to a deadlock.
  self.pid = os.fork()
/usr/local/lib/python3.11/multiprocessing/popen_fork.py:66: RuntimeWarning: os.fork() was called. os.fork() is incompatible with multithreaded code, and JAX is multithreaded, so this will likely lead to a deadlock.
  self.pid = os.fork()
I0523 19:24:59.636117 140589040624832 spec.py:363] Evaluating on the test split.
I0523 19:24:59.637226 140589040624832 input_pipeline.py:19] Loading split = test-clean
/usr/local/lib/python3.11/multiprocessing/popen_fork.py:66: RuntimeWarning: os.fork() was called. os.fork() is incompatible with multithreaded code, and JAX is multithreaded, so this will likely lead to a deadlock.
  self.pid = os.fork()
/usr/local/lib/python3.11/multiprocessing/popen_fork.py:66: RuntimeWarning: os.fork() was called. os.fork() is incompatible with multithreaded code, and JAX is multithreaded, so this will likely lead to a deadlock.
  self.pid = os.fork()
/usr/local/lib/python3.11/multiprocessing/popen_fork.py:66: RuntimeWarning: os.fork() was called. os.fork() is incompatible with multithreaded code, and JAX is multithreaded, so this will likely lead to a deadlock.
  self.pid = os.fork()
/usr/local/lib/python3.11/multiprocessing/popen_fork.py:66: RuntimeWarning: os.fork() was called. os.fork() is incompatible with multithreaded code, and JAX is multithreaded, so this will likely lead to a deadlock.
  self.pid = os.fork()
I0523 19:25:13.559043 140589040624832 submission_runner.py:516] Time since start: 145.91s, 	Step: 1, 	{'train/ctc_loss': 31.87962168566409, 'train/wer': 3.613077625968149, 'validation/ctc_loss': 30.681911794253566, 'validation/wer': 3.3313957418046636, 'validation/num_examples': 5348, 'test/ctc_loss': 30.88063100845216, 'test/wer': 3.626896593748096, 'test/num_examples': 2472, 'score': 68.77526068687439, 'total_duration': 145.90599703788757, 'accumulated_submission_time': 68.77526068687439, 'accumulated_eval_time': 76.49329495429993, 'accumulated_logging_time': 0}
I0523 19:25:13.728429 140570278209280 logging_writer.py:48] [1] accumulated_eval_time=76.4933, accumulated_logging_time=0, accumulated_submission_time=68.7753, global_step=1, preemption_count=0, score=68.7753, test/ctc_loss=30.8806, test/num_examples=2472, test/wer=3.6269, total_duration=145.906, train/ctc_loss=31.8796, train/wer=3.61308, validation/ctc_loss=30.6819, validation/num_examples=5348, validation/wer=3.3314
/usr/local/lib/python3.11/multiprocessing/popen_fork.py:66: RuntimeWarning: os.fork() was called. os.fork() is incompatible with multithreaded code, and JAX is multithreaded, so this will likely lead to a deadlock.
  self.pid = os.fork()
I0523 19:49:21.678233 140589040624832 spec.py:333] Evaluating on the training split.
I0523 19:49:38.996516 140589040624832 spec.py:346] Evaluating on the validation split.
I0523 19:49:59.943989 140589040624832 spec.py:363] Evaluating on the test split.
I0523 19:50:11.472723 140589040624832 submission_runner.py:516] Time since start: 1643.82s, 	Step: 1114, 	{'train/ctc_loss': 5.646650852500987, 'train/wer': 0.9219932991036464, 'validation/ctc_loss': 5.586970376230661, 'validation/wer': 0.8833679331820595, 'validation/num_examples': 5348, 'test/ctc_loss': 5.463846861087812, 'test/wer': 0.8827615623667052, 'test/num_examples': 2472, 'score': 1513.8398852348328, 'total_duration': 1643.8196823596954, 'accumulated_submission_time': 1513.8398852348328, 'accumulated_eval_time': 126.28736090660095, 'accumulated_logging_time': 0.4057462215423584}
I0523 19:50:11.528340 140570278209280 logging_writer.py:48] [1114] accumulated_eval_time=126.287, accumulated_logging_time=0.405746, accumulated_submission_time=1513.84, global_step=1114, preemption_count=0, score=1513.84, test/ctc_loss=5.46385, test/num_examples=2472, test/wer=0.882762, total_duration=1643.82, train/ctc_loss=5.64665, train/wer=0.921993, validation/ctc_loss=5.58697, validation/num_examples=5348, validation/wer=0.883368
/usr/local/lib/python3.11/multiprocessing/popen_fork.py:66: RuntimeWarning: os.fork() was called. os.fork() is incompatible with multithreaded code, and JAX is multithreaded, so this will likely lead to a deadlock.
  self.pid = os.fork()
I0523 20:14:19.848985 140589040624832 spec.py:333] Evaluating on the training split.
I0523 20:14:38.693889 140589040624832 spec.py:346] Evaluating on the validation split.
I0523 20:14:59.691975 140589040624832 spec.py:363] Evaluating on the test split.
I0523 20:15:10.937379 140589040624832 submission_runner.py:516] Time since start: 3143.28s, 	Step: 2618, 	{'train/ctc_loss': 0.7544748641581893, 'train/wer': 0.23623379166304065, 'validation/ctc_loss': 1.0011700305781595, 'validation/wer': 0.27853039154154396, 'validation/num_examples': 5348, 'test/ctc_loss': 0.6629171136041034, 'test/wer': 0.2089045965104706, 'test/num_examples': 2472, 'score': 2959.3297486305237, 'total_duration': 3143.284537792206, 'accumulated_submission_time': 2959.3297486305237, 'accumulated_eval_time': 177.3755533695221, 'accumulated_logging_time': 0.4757955074310303}
I0523 20:15:11.458094 140570278209280 logging_writer.py:48] [2618] accumulated_eval_time=177.376, accumulated_logging_time=0.475796, accumulated_submission_time=2959.33, global_step=2618, preemption_count=0, score=2959.33, test/ctc_loss=0.662917, test/num_examples=2472, test/wer=0.208905, total_duration=3143.28, train/ctc_loss=0.754475, train/wer=0.236234, validation/ctc_loss=1.00117, validation/num_examples=5348, validation/wer=0.27853
/usr/local/lib/python3.11/multiprocessing/popen_fork.py:66: RuntimeWarning: os.fork() was called. os.fork() is incompatible with multithreaded code, and JAX is multithreaded, so this will likely lead to a deadlock.
  self.pid = os.fork()
I0523 20:39:18.838416 140589040624832 spec.py:333] Evaluating on the training split.
I0523 20:39:35.210912 140589040624832 spec.py:346] Evaluating on the validation split.
I0523 20:39:56.506405 140589040624832 spec.py:363] Evaluating on the test split.
I0523 20:40:08.218735 140589040624832 submission_runner.py:516] Time since start: 4640.57s, 	Step: 4196, 	{'train/ctc_loss': 0.6090908259113998, 'train/wer': 0.1967790009572709, 'validation/ctc_loss': 0.8733325641701828, 'validation/wer': 0.24431999227538262, 'validation/num_examples': 5348, 'test/ctc_loss': 0.5327614886444286, 'test/wer': 0.17244531107184205, 'test/num_examples': 2472, 'score': 4403.664661645889, 'total_duration': 4640.565560340881, 'accumulated_submission_time': 4403.664661645889, 'accumulated_eval_time': 226.75533246994019, 'accumulated_logging_time': 1.2630884647369385}
I0523 20:40:08.576478 140570278209280 logging_writer.py:48] [4196] accumulated_eval_time=226.755, accumulated_logging_time=1.26309, accumulated_submission_time=4403.66, global_step=4196, preemption_count=0, score=4403.66, test/ctc_loss=0.532761, test/num_examples=2472, test/wer=0.172445, total_duration=4640.57, train/ctc_loss=0.609091, train/wer=0.196779, validation/ctc_loss=0.873333, validation/num_examples=5348, validation/wer=0.24432
/usr/local/lib/python3.11/multiprocessing/popen_fork.py:66: RuntimeWarning: os.fork() was called. os.fork() is incompatible with multithreaded code, and JAX is multithreaded, so this will likely lead to a deadlock.
  self.pid = os.fork()
I0523 21:04:16.148083 140589040624832 spec.py:333] Evaluating on the training split.
I0523 21:04:32.238874 140589040624832 spec.py:346] Evaluating on the validation split.
I0523 21:04:52.733128 140589040624832 spec.py:363] Evaluating on the test split.
I0523 21:05:03.569205 140589040624832 submission_runner.py:516] Time since start: 6135.92s, 	Step: 6031, 	{'train/ctc_loss': 0.5400710999101197, 'train/wer': 0.17677965364198067, 'validation/ctc_loss': 0.8051608198494324, 'validation/wer': 0.22958528460387195, 'validation/num_examples': 5348, 'test/ctc_loss': 0.48569685947480484, 'test/wer': 0.15702882213149716, 'test/num_examples': 2472, 'score': 5847.899506568909, 'total_duration': 6135.916522741318, 'accumulated_submission_time': 5847.899506568909, 'accumulated_eval_time': 274.17641520500183, 'accumulated_logging_time': 1.8407464027404785}
I0523 21:05:04.018851 140570278209280 logging_writer.py:48] [6031] accumulated_eval_time=274.176, accumulated_logging_time=1.84075, accumulated_submission_time=5847.9, global_step=6031, preemption_count=0, score=5847.9, test/ctc_loss=0.485697, test/num_examples=2472, test/wer=0.157029, total_duration=6135.92, train/ctc_loss=0.540071, train/wer=0.17678, validation/ctc_loss=0.805161, validation/num_examples=5348, validation/wer=0.229585
/usr/local/lib/python3.11/multiprocessing/popen_fork.py:66: RuntimeWarning: os.fork() was called. os.fork() is incompatible with multithreaded code, and JAX is multithreaded, so this will likely lead to a deadlock.
  self.pid = os.fork()
I0523 21:29:11.719709 140589040624832 spec.py:333] Evaluating on the training split.
I0523 21:29:28.467575 140589040624832 spec.py:346] Evaluating on the validation split.
I0523 21:29:48.595133 140589040624832 spec.py:363] Evaluating on the test split.
I0523 21:29:59.402311 140589040624832 submission_runner.py:516] Time since start: 7631.75s, 	Step: 7936, 	{'train/ctc_loss': 0.4875381523130558, 'train/wer': 0.16079431729179358, 'validation/ctc_loss': 0.7622549077318164, 'validation/wer': 0.21695553517114854, 'validation/num_examples': 5348, 'test/ctc_loss': 0.44613775485515195, 'test/wer': 0.14650742388235533, 'test/num_examples': 2472, 'score': 7292.489170074463, 'total_duration': 7631.749634742737, 'accumulated_submission_time': 7292.489170074463, 'accumulated_eval_time': 321.85899543762207, 'accumulated_logging_time': 2.5179386138916016}
I0523 21:29:59.809649 140570278209280 logging_writer.py:48] [7936] accumulated_eval_time=321.859, accumulated_logging_time=2.51794, accumulated_submission_time=7292.49, global_step=7936, preemption_count=0, score=7292.49, test/ctc_loss=0.446138, test/num_examples=2472, test/wer=0.146507, total_duration=7631.75, train/ctc_loss=0.487538, train/wer=0.160794, validation/ctc_loss=0.762255, validation/num_examples=5348, validation/wer=0.216956
/usr/local/lib/python3.11/multiprocessing/popen_fork.py:66: RuntimeWarning: os.fork() was called. os.fork() is incompatible with multithreaded code, and JAX is multithreaded, so this will likely lead to a deadlock.
  self.pid = os.fork()
I0523 21:54:07.454147 140589040624832 spec.py:333] Evaluating on the training split.
I0523 21:54:27.706708 140589040624832 spec.py:346] Evaluating on the validation split.
I0523 21:54:47.936319 140589040624832 spec.py:363] Evaluating on the test split.
I0523 21:54:58.623560 140589040624832 submission_runner.py:516] Time since start: 9130.97s, 	Step: 9794, 	{'train/ctc_loss': 0.4521433173659626, 'train/wer': 0.14910038290836305, 'validation/ctc_loss': 0.7144454333684951, 'validation/wer': 0.20434509728190026, 'validation/num_examples': 5348, 'test/ctc_loss': 0.41574438774275757, 'test/wer': 0.1356407287794772, 'test/num_examples': 2472, 'score': 8737.050166130066, 'total_duration': 9130.970843791962, 'accumulated_submission_time': 8737.050166130066, 'accumulated_eval_time': 373.0283236503601, 'accumulated_logging_time': 3.181777000427246}
I0523 21:54:59.074694 140570278209280 logging_writer.py:48] [9794] accumulated_eval_time=373.028, accumulated_logging_time=3.18178, accumulated_submission_time=8737.05, global_step=9794, preemption_count=0, score=8737.05, test/ctc_loss=0.415744, test/num_examples=2472, test/wer=0.135641, total_duration=9130.97, train/ctc_loss=0.452143, train/wer=0.1491, validation/ctc_loss=0.714445, validation/num_examples=5348, validation/wer=0.204345
/usr/local/lib/python3.11/multiprocessing/popen_fork.py:66: RuntimeWarning: os.fork() was called. os.fork() is incompatible with multithreaded code, and JAX is multithreaded, so this will likely lead to a deadlock.
  self.pid = os.fork()
I0523 22:19:06.825431 140589040624832 spec.py:333] Evaluating on the training split.
I0523 22:19:22.885942 140589040624832 spec.py:346] Evaluating on the validation split.
I0523 22:19:43.136010 140589040624832 spec.py:363] Evaluating on the test split.
I0523 22:19:53.788520 140589040624832 submission_runner.py:516] Time since start: 10626.14s, 	Step: 11550, 	{'train/ctc_loss': 0.43239119675273385, 'train/wer': 0.14387346619093203, 'validation/ctc_loss': 0.6908844159697106, 'validation/wer': 0.19789504176121275, 'validation/num_examples': 5348, 'test/ctc_loss': 0.39846487071746567, 'test/wer': 0.12893790750106635, 'test/num_examples': 2472, 'score': 10181.751161813736, 'total_duration': 10626.135821580887, 'accumulated_submission_time': 10181.751161813736, 'accumulated_eval_time': 419.99133801460266, 'accumulated_logging_time': 3.8817105293273926}
I0523 22:19:54.266553 140570278209280 logging_writer.py:48] [11550] accumulated_eval_time=419.991, accumulated_logging_time=3.88171, accumulated_submission_time=10181.8, global_step=11550, preemption_count=0, score=10181.8, test/ctc_loss=0.398465, test/num_examples=2472, test/wer=0.128938, total_duration=10626.1, train/ctc_loss=0.432391, train/wer=0.143873, validation/ctc_loss=0.690884, validation/num_examples=5348, validation/wer=0.197895
/usr/local/lib/python3.11/multiprocessing/popen_fork.py:66: RuntimeWarning: os.fork() was called. os.fork() is incompatible with multithreaded code, and JAX is multithreaded, so this will likely lead to a deadlock.
  self.pid = os.fork()
I0523 22:44:05.143810 140589040624832 spec.py:333] Evaluating on the training split.
I0523 22:44:22.994988 140589040624832 spec.py:346] Evaluating on the validation split.
I0523 22:44:42.870084 140589040624832 spec.py:363] Evaluating on the test split.
I0523 22:44:53.710150 140589040624832 submission_runner.py:516] Time since start: 12126.06s, 	Step: 13340, 	{'train/ctc_loss': 0.41742391454222333, 'train/wer': 0.13987033330432513, 'validation/ctc_loss': 0.6801963838343882, 'validation/wer': 0.1933278617293487, 'validation/num_examples': 5348, 'test/ctc_loss': 0.3882826361781405, 'test/wer': 0.1265005179452806, 'test/num_examples': 2472, 'score': 11628.114321947098, 'total_duration': 12126.057427883148, 'accumulated_submission_time': 11628.114321947098, 'accumulated_eval_time': 468.569375038147, 'accumulated_logging_time': 4.604191064834595}
I0523 22:44:55.024509 140570278209280 logging_writer.py:48] [13340] accumulated_eval_time=468.569, accumulated_logging_time=4.60419, accumulated_submission_time=11628.1, global_step=13340, preemption_count=0, score=11628.1, test/ctc_loss=0.388283, test/num_examples=2472, test/wer=0.126501, total_duration=12126.1, train/ctc_loss=0.417424, train/wer=0.13987, validation/ctc_loss=0.680196, validation/num_examples=5348, validation/wer=0.193328
/usr/local/lib/python3.11/multiprocessing/popen_fork.py:66: RuntimeWarning: os.fork() was called. os.fork() is incompatible with multithreaded code, and JAX is multithreaded, so this will likely lead to a deadlock.
  self.pid = os.fork()
I0523 23:09:03.513404 140589040624832 spec.py:333] Evaluating on the training split.
I0523 23:09:18.997668 140589040624832 spec.py:346] Evaluating on the validation split.
I0523 23:09:39.015647 140589040624832 spec.py:363] Evaluating on the test split.
I0523 23:09:49.881174 140589040624832 submission_runner.py:516] Time since start: 13622.23s, 	Step: 15252, 	{'train/ctc_loss': 0.39968298257888357, 'train/wer': 0.1340451222696023, 'validation/ctc_loss': 0.6659059407650191, 'validation/wer': 0.190624245642833, 'validation/num_examples': 5348, 'test/ctc_loss': 0.37929503516355895, 'test/wer': 0.12430686734507343, 'test/num_examples': 2472, 'score': 13073.050180912018, 'total_duration': 13622.228396177292, 'accumulated_submission_time': 13073.050180912018, 'accumulated_eval_time': 514.9370744228363, 'accumulated_logging_time': 6.384183883666992}
I0523 23:09:50.539130 140570278209280 logging_writer.py:48] [15252] accumulated_eval_time=514.937, accumulated_logging_time=6.38418, accumulated_submission_time=13073.1, global_step=15252, preemption_count=0, score=13073.1, test/ctc_loss=0.379295, test/num_examples=2472, test/wer=0.124307, total_duration=13622.2, train/ctc_loss=0.399683, train/wer=0.134045, validation/ctc_loss=0.665906, validation/num_examples=5348, validation/wer=0.190624
/usr/local/lib/python3.11/multiprocessing/popen_fork.py:66: RuntimeWarning: os.fork() was called. os.fork() is incompatible with multithreaded code, and JAX is multithreaded, so this will likely lead to a deadlock.
  self.pid = os.fork()
I0523 23:33:58.498247 140589040624832 spec.py:333] Evaluating on the training split.
I0523 23:34:17.958883 140589040624832 spec.py:346] Evaluating on the validation split.
I0523 23:34:37.930310 140589040624832 spec.py:363] Evaluating on the test split.
I0523 23:34:48.564757 140589040624832 submission_runner.py:516] Time since start: 15120.91s, 	Step: 17158, 	{'train/ctc_loss': 0.35905709952200027, 'train/wer': 0.12125794099730224, 'validation/ctc_loss': 0.6198321360288578, 'validation/wer': 0.17837107130787427, 'validation/num_examples': 5348, 'test/ctc_loss': 0.3476029451496871, 'test/wer': 0.11183555745130298, 'test/num_examples': 2472, 'score': 14517.923597335815, 'total_duration': 15120.912078142166, 'accumulated_submission_time': 14517.923597335815, 'accumulated_eval_time': 565.00355219841, 'accumulated_logging_time': 7.317172050476074}
I0523 23:34:49.184819 140570278209280 logging_writer.py:48] [17158] accumulated_eval_time=565.004, accumulated_logging_time=7.31717, accumulated_submission_time=14517.9, global_step=17158, preemption_count=0, score=14517.9, test/ctc_loss=0.347603, test/num_examples=2472, test/wer=0.111836, total_duration=15120.9, train/ctc_loss=0.359057, train/wer=0.121258, validation/ctc_loss=0.619832, validation/num_examples=5348, validation/wer=0.178371
/usr/local/lib/python3.11/multiprocessing/popen_fork.py:66: RuntimeWarning: os.fork() was called. os.fork() is incompatible with multithreaded code, and JAX is multithreaded, so this will likely lead to a deadlock.
  self.pid = os.fork()
I0523 23:58:56.618959 140589040624832 spec.py:333] Evaluating on the training split.
I0523 23:59:15.625393 140589040624832 spec.py:346] Evaluating on the validation split.
I0523 23:59:35.540437 140589040624832 spec.py:363] Evaluating on the test split.
I0523 23:59:46.224411 140589040624832 submission_runner.py:516] Time since start: 16618.57s, 	Step: 19002, 	{'train/ctc_loss': 0.36450415079292126, 'train/wer': 0.12374902097293534, 'validation/ctc_loss': 0.6251347016588809, 'validation/wer': 0.18049534109013662, 'validation/num_examples': 5348, 'test/ctc_loss': 0.3577255488257307, 'test/wer': 0.11628379339061198, 'test/num_examples': 2472, 'score': 15962.310923099518, 'total_duration': 16618.571682691574, 'accumulated_submission_time': 15962.310923099518, 'accumulated_eval_time': 614.6091051101685, 'accumulated_logging_time': 8.210370302200317}
I0523 23:59:46.963278 140570278209280 logging_writer.py:48] [19002] accumulated_eval_time=614.609, accumulated_logging_time=8.21037, accumulated_submission_time=15962.3, global_step=19002, preemption_count=0, score=15962.3, test/ctc_loss=0.357726, test/num_examples=2472, test/wer=0.116284, total_duration=16618.6, train/ctc_loss=0.364504, train/wer=0.123749, validation/ctc_loss=0.625135, validation/num_examples=5348, validation/wer=0.180495
/usr/local/lib/python3.11/multiprocessing/popen_fork.py:66: RuntimeWarning: os.fork() was called. os.fork() is incompatible with multithreaded code, and JAX is multithreaded, so this will likely lead to a deadlock.
  self.pid = os.fork()
I0524 00:23:54.119839 140589040624832 spec.py:333] Evaluating on the training split.
I0524 00:24:09.585776 140589040624832 spec.py:346] Evaluating on the validation split.
I0524 00:24:30.465319 140589040624832 spec.py:363] Evaluating on the test split.
I0524 00:24:41.306936 140589040624832 submission_runner.py:516] Time since start: 18113.65s, 	Step: 20735, 	{'train/ctc_loss': 0.31440971690260244, 'train/wer': 0.10748085458184667, 'validation/ctc_loss': 0.5724177407480661, 'validation/wer': 0.1646115965818568, 'validation/num_examples': 5348, 'test/ctc_loss': 0.3182367612426608, 'test/wer': 0.10200475290963379, 'test/num_examples': 2472, 'score': 17406.494371175766, 'total_duration': 18113.654162168503, 'accumulated_submission_time': 17406.494371175766, 'accumulated_eval_time': 661.7960782051086, 'accumulated_logging_time': 9.25833535194397}
I0524 00:24:42.562967 140570278209280 logging_writer.py:48] [20735] accumulated_eval_time=661.796, accumulated_logging_time=9.25834, accumulated_submission_time=17406.5, global_step=20735, preemption_count=0, score=17406.5, test/ctc_loss=0.318237, test/num_examples=2472, test/wer=0.102005, total_duration=18113.7, train/ctc_loss=0.31441, train/wer=0.107481, validation/ctc_loss=0.572418, validation/num_examples=5348, validation/wer=0.164612
/usr/local/lib/python3.11/multiprocessing/popen_fork.py:66: RuntimeWarning: os.fork() was called. os.fork() is incompatible with multithreaded code, and JAX is multithreaded, so this will likely lead to a deadlock.
  self.pid = os.fork()
I0524 00:48:49.422765 140589040624832 spec.py:333] Evaluating on the training split.
I0524 00:49:09.507869 140589040624832 spec.py:346] Evaluating on the validation split.
I0524 00:49:29.448020 140589040624832 spec.py:363] Evaluating on the test split.
I0524 00:49:40.188572 140589040624832 submission_runner.py:516] Time since start: 19612.54s, 	Step: 22561, 	{'train/ctc_loss': 0.29439126952513245, 'train/wer': 0.10122595944652336, 'validation/ctc_loss': 0.5464760456694545, 'validation/wer': 0.15697388113744992, 'validation/num_examples': 5348, 'test/ctc_loss': 0.30184444863378285, 'test/wer': 0.09867365385005993, 'test/num_examples': 2472, 'score': 18849.55406808853, 'total_duration': 19612.535880565643, 'accumulated_submission_time': 18849.55406808853, 'accumulated_eval_time': 712.5618696212769, 'accumulated_logging_time': 11.499541759490967}
I0524 00:49:40.587064 140570278209280 logging_writer.py:48] [22561] accumulated_eval_time=712.562, accumulated_logging_time=11.4995, accumulated_submission_time=18849.6, global_step=22561, preemption_count=0, score=18849.6, test/ctc_loss=0.301844, test/num_examples=2472, test/wer=0.0986737, total_duration=19612.5, train/ctc_loss=0.294391, train/wer=0.101226, validation/ctc_loss=0.546476, validation/num_examples=5348, validation/wer=0.156974
/usr/local/lib/python3.11/multiprocessing/popen_fork.py:66: RuntimeWarning: os.fork() was called. os.fork() is incompatible with multithreaded code, and JAX is multithreaded, so this will likely lead to a deadlock.
  self.pid = os.fork()
I0524 01:13:48.527586 140589040624832 spec.py:333] Evaluating on the training split.
I0524 01:14:04.617890 140589040624832 spec.py:346] Evaluating on the validation split.
I0524 01:14:24.471566 140589040624832 spec.py:363] Evaluating on the test split.
I0524 01:14:35.021580 140589040624832 submission_runner.py:516] Time since start: 21107.37s, 	Step: 24466, 	{'train/ctc_loss': 0.2792075053877109, 'train/wer': 0.09634170220172308, 'validation/ctc_loss': 0.5368117167093631, 'validation/wer': 0.15443441317047266, 'validation/num_examples': 5348, 'test/ctc_loss': 0.2944730305180979, 'test/wer': 0.09593159059980094, 'test/num_examples': 2472, 'score': 20294.130361557007, 'total_duration': 21107.36885523796, 'accumulated_submission_time': 20294.130361557007, 'accumulated_eval_time': 759.0558474063873, 'accumulated_logging_time': 12.109676122665405}
I0524 01:14:35.536316 140570278209280 logging_writer.py:48] [24466] accumulated_eval_time=759.056, accumulated_logging_time=12.1097, accumulated_submission_time=20294.1, global_step=24466, preemption_count=0, score=20294.1, test/ctc_loss=0.294473, test/num_examples=2472, test/wer=0.0959316, total_duration=21107.4, train/ctc_loss=0.279208, train/wer=0.0963417, validation/ctc_loss=0.536812, validation/num_examples=5348, validation/wer=0.154434
/usr/local/lib/python3.11/multiprocessing/popen_fork.py:66: RuntimeWarning: os.fork() was called. os.fork() is incompatible with multithreaded code, and JAX is multithreaded, so this will likely lead to a deadlock.
  self.pid = os.fork()
I0524 01:38:44.822036 140589040624832 spec.py:333] Evaluating on the training split.
I0524 01:39:02.053251 140589040624832 spec.py:346] Evaluating on the validation split.
I0524 01:39:21.824322 140589040624832 spec.py:363] Evaluating on the test split.
I0524 01:39:32.484745 140589040624832 submission_runner.py:516] Time since start: 22604.83s, 	Step: 26342, 	{'train/ctc_loss': 0.2582703596743882, 'train/wer': 0.08917848751196589, 'validation/ctc_loss': 0.5180851447910387, 'validation/wer': 0.14849611355187564, 'validation/num_examples': 5348, 'test/ctc_loss': 0.27989593078585717, 'test/wer': 0.09040684094001991, 'test/num_examples': 2472, 'score': 21738.858053922653, 'total_duration': 22604.83200287819, 'accumulated_submission_time': 21738.858053922653, 'accumulated_eval_time': 806.7187995910645, 'accumulated_logging_time': 12.966142416000366}
I0524 01:39:33.621881 140570278209280 logging_writer.py:48] [26342] accumulated_eval_time=806.719, accumulated_logging_time=12.9661, accumulated_submission_time=21738.9, global_step=26342, preemption_count=0, score=21738.9, test/ctc_loss=0.279896, test/num_examples=2472, test/wer=0.0904068, total_duration=22604.8, train/ctc_loss=0.25827, train/wer=0.0891785, validation/ctc_loss=0.518085, validation/num_examples=5348, validation/wer=0.148496
/usr/local/lib/python3.11/multiprocessing/popen_fork.py:66: RuntimeWarning: os.fork() was called. os.fork() is incompatible with multithreaded code, and JAX is multithreaded, so this will likely lead to a deadlock.
  self.pid = os.fork()
I0524 02:03:40.275516 140589040624832 spec.py:333] Evaluating on the training split.
I0524 02:03:59.712619 140589040624832 spec.py:346] Evaluating on the validation split.
I0524 02:04:19.532388 140589040624832 spec.py:363] Evaluating on the test split.
I0524 02:04:30.130075 140589040624832 submission_runner.py:516] Time since start: 24102.48s, 	Step: 28129, 	{'train/ctc_loss': 0.24400601202148955, 'train/wer': 0.08452810895483422, 'validation/ctc_loss': 0.5048600024958559, 'validation/wer': 0.1437937527156858, 'validation/num_examples': 5348, 'test/ctc_loss': 0.27149332214981614, 'test/wer': 0.08788820506570796, 'test/num_examples': 2472, 'score': 23182.12213897705, 'total_duration': 24102.4773747921, 'accumulated_submission_time': 23182.12213897705, 'accumulated_eval_time': 856.5733458995819, 'accumulated_logging_time': 14.791831970214844}
I0524 02:04:30.521794 140570278209280 logging_writer.py:48] [28129] accumulated_eval_time=856.573, accumulated_logging_time=14.7918, accumulated_submission_time=23182.1, global_step=28129, preemption_count=0, score=23182.1, test/ctc_loss=0.271493, test/num_examples=2472, test/wer=0.0878882, total_duration=24102.5, train/ctc_loss=0.244006, train/wer=0.0845281, validation/ctc_loss=0.50486, validation/num_examples=5348, validation/wer=0.143794
/usr/local/lib/python3.11/multiprocessing/popen_fork.py:66: RuntimeWarning: os.fork() was called. os.fork() is incompatible with multithreaded code, and JAX is multithreaded, so this will likely lead to a deadlock.
  self.pid = os.fork()
I0524 02:28:39.213072 140589040624832 spec.py:333] Evaluating on the training split.
I0524 02:28:58.151435 140589040624832 spec.py:346] Evaluating on the validation split.
I0524 02:29:18.627198 140589040624832 spec.py:363] Evaluating on the test split.
I0524 02:29:29.287455 140589040624832 submission_runner.py:516] Time since start: 25601.63s, 	Step: 29863, 	{'train/ctc_loss': 0.2310062975786793, 'train/wer': 0.08034548777303976, 'validation/ctc_loss': 0.4893151073061081, 'validation/wer': 0.14017283831410227, 'validation/num_examples': 5348, 'test/ctc_loss': 0.2603324206400413, 'test/wer': 0.08492271443950196, 'test/num_examples': 2472, 'score': 24627.888468027115, 'total_duration': 25601.634661912918, 'accumulated_submission_time': 24627.888468027115, 'accumulated_eval_time': 906.6475982666016, 'accumulated_logging_time': 15.434316158294678}
I0524 02:29:29.687818 140570278209280 logging_writer.py:48] [29863] accumulated_eval_time=906.648, accumulated_logging_time=15.4343, accumulated_submission_time=24627.9, global_step=29863, preemption_count=0, score=24627.9, test/ctc_loss=0.260332, test/num_examples=2472, test/wer=0.0849227, total_duration=25601.6, train/ctc_loss=0.231006, train/wer=0.0803455, validation/ctc_loss=0.489315, validation/num_examples=5348, validation/wer=0.140173
/usr/local/lib/python3.11/multiprocessing/popen_fork.py:66: RuntimeWarning: os.fork() was called. os.fork() is incompatible with multithreaded code, and JAX is multithreaded, so this will likely lead to a deadlock.
  self.pid = os.fork()
I0524 02:53:38.658343 140589040624832 spec.py:333] Evaluating on the training split.
I0524 02:54:00.692318 140589040624832 spec.py:346] Evaluating on the validation split.
I0524 02:54:20.686185 140589040624832 spec.py:363] Evaluating on the test split.
I0524 02:54:31.440253 140589040624832 submission_runner.py:516] Time since start: 27103.79s, 	Step: 31762, 	{'train/ctc_loss': 0.2207455223696395, 'train/wer': 0.0765979897310939, 'validation/ctc_loss': 0.47683288439320876, 'validation/wer': 0.13676435089074493, 'validation/num_examples': 5348, 'test/ctc_loss': 0.25511209896606235, 'test/wer': 0.08240407856519001, 'test/num_examples': 2472, 'score': 26072.128285884857, 'total_duration': 27103.787492513657, 'accumulated_submission_time': 26072.128285884857, 'accumulated_eval_time': 959.4293940067291, 'accumulated_logging_time': 16.1592013835907}
I0524 02:54:32.594975 140570278209280 logging_writer.py:48] [31762] accumulated_eval_time=959.429, accumulated_logging_time=16.1592, accumulated_submission_time=26072.1, global_step=31762, preemption_count=0, score=26072.1, test/ctc_loss=0.255112, test/num_examples=2472, test/wer=0.0824041, total_duration=27103.8, train/ctc_loss=0.220746, train/wer=0.076598, validation/ctc_loss=0.476833, validation/num_examples=5348, validation/wer=0.136764
/usr/local/lib/python3.11/multiprocessing/popen_fork.py:66: RuntimeWarning: os.fork() was called. os.fork() is incompatible with multithreaded code, and JAX is multithreaded, so this will likely lead to a deadlock.
  self.pid = os.fork()
I0524 03:18:40.632583 140589040624832 spec.py:333] Evaluating on the training split.
I0524 03:18:58.878144 140589040624832 spec.py:346] Evaluating on the validation split.
I0524 03:19:18.757411 140589040624832 spec.py:363] Evaluating on the test split.
I0524 03:19:29.436869 140589040624832 submission_runner.py:516] Time since start: 28601.78s, 	Step: 33658, 	{'train/ctc_loss': 0.21294652090482902, 'train/wer': 0.07394373857801757, 'validation/ctc_loss': 0.4689603425758489, 'validation/wer': 0.13361656930430166, 'validation/num_examples': 5348, 'test/ctc_loss': 0.24987786510420026, 'test/wer': 0.08138849958361262, 'test/num_examples': 2472, 'score': 27516.69996881485, 'total_duration': 28601.784175872803, 'accumulated_submission_time': 27516.69996881485, 'accumulated_eval_time': 1008.2337160110474, 'accumulated_logging_time': 17.934160709381104}
I0524 03:19:29.888591 140570278209280 logging_writer.py:48] [33658] accumulated_eval_time=1008.23, accumulated_logging_time=17.9342, accumulated_submission_time=27516.7, global_step=33658, preemption_count=0, score=27516.7, test/ctc_loss=0.249878, test/num_examples=2472, test/wer=0.0813885, total_duration=28601.8, train/ctc_loss=0.212947, train/wer=0.0739437, validation/ctc_loss=0.46896, validation/num_examples=5348, validation/wer=0.133617
/usr/local/lib/python3.11/multiprocessing/popen_fork.py:66: RuntimeWarning: os.fork() was called. os.fork() is incompatible with multithreaded code, and JAX is multithreaded, so this will likely lead to a deadlock.
  self.pid = os.fork()
I0524 03:43:37.379757 140589040624832 spec.py:333] Evaluating on the training split.
I0524 03:43:54.316788 140589040624832 spec.py:346] Evaluating on the validation split.
I0524 03:44:14.393685 140589040624832 spec.py:363] Evaluating on the test split.
I0524 03:44:25.004474 140589040624832 submission_runner.py:516] Time since start: 30097.35s, 	Step: 35502, 	{'train/ctc_loss': 0.20863604629686372, 'train/wer': 0.07224675833260813, 'validation/ctc_loss': 0.46399305947985736, 'validation/wer': 0.1328730748805098, 'validation/num_examples': 5348, 'test/ctc_loss': 0.24612306136686238, 'test/wer': 0.08079946377429773, 'test/num_examples': 2472, 'score': 28961.17027592659, 'total_duration': 30097.351787805557, 'accumulated_submission_time': 28961.17027592659, 'accumulated_eval_time': 1055.858431339264, 'accumulated_logging_time': 18.67339062690735}
I0524 03:44:25.436861 140570278209280 logging_writer.py:48] [35502] accumulated_eval_time=1055.86, accumulated_logging_time=18.6734, accumulated_submission_time=28961.2, global_step=35502, preemption_count=0, score=28961.2, test/ctc_loss=0.246123, test/num_examples=2472, test/wer=0.0807995, total_duration=30097.4, train/ctc_loss=0.208636, train/wer=0.0722468, validation/ctc_loss=0.463993, validation/num_examples=5348, validation/wer=0.132873
/usr/local/lib/python3.11/multiprocessing/popen_fork.py:66: RuntimeWarning: os.fork() was called. os.fork() is incompatible with multithreaded code, and JAX is multithreaded, so this will likely lead to a deadlock.
  self.pid = os.fork()
I0524 04:08:32.895942 140589040624832 spec.py:333] Evaluating on the training split.
I0524 04:08:48.279076 140589040624832 spec.py:346] Evaluating on the validation split.
I0524 04:09:08.075462 140589040624832 spec.py:363] Evaluating on the test split.
I0524 04:09:18.727144 140589040624832 submission_runner.py:516] Time since start: 31591.07s, 	Step: 37250, 	{'train/ctc_loss': 0.20628470785924882, 'train/wer': 0.07165934209381256, 'validation/ctc_loss': 0.46107730325120555, 'validation/wer': 0.13148264375030175, 'validation/num_examples': 5348, 'test/ctc_loss': 0.24497573432156913, 'test/wer': 0.07978388479272033, 'test/num_examples': 2472, 'score': 30405.68972826004, 'total_duration': 31591.074463367462, 'accumulated_submission_time': 30405.68972826004, 'accumulated_eval_time': 1101.6895415782928, 'accumulated_logging_time': 19.424640417099}
I0524 04:09:19.236438 140570278209280 logging_writer.py:48] [37250] accumulated_eval_time=1101.69, accumulated_logging_time=19.4246, accumulated_submission_time=30405.7, global_step=37250, preemption_count=0, score=30405.7, test/ctc_loss=0.244976, test/num_examples=2472, test/wer=0.0797839, total_duration=31591.1, train/ctc_loss=0.206285, train/wer=0.0716593, validation/ctc_loss=0.461077, validation/num_examples=5348, validation/wer=0.131483
/usr/local/lib/python3.11/multiprocessing/popen_fork.py:66: RuntimeWarning: os.fork() was called. os.fork() is incompatible with multithreaded code, and JAX is multithreaded, so this will likely lead to a deadlock.
  self.pid = os.fork()
I0524 04:24:04.427509 140589040624832 spec.py:333] Evaluating on the training split.
I0524 04:24:21.511399 140589040624832 spec.py:346] Evaluating on the validation split.
I0524 04:24:41.388389 140589040624832 spec.py:363] Evaluating on the test split.
I0524 04:24:52.118226 140589040624832 submission_runner.py:516] Time since start: 32524.47s, 	Step: 38401, 	{'train/ctc_loss': 0.20618277064523158, 'train/wer': 0.0714689757201288, 'validation/ctc_loss': 0.46132943964109907, 'validation/wer': 0.13163713609810265, 'validation/num_examples': 5348, 'test/ctc_loss': 0.24506686923349894, 'test/wer': 0.0796010805760364, 'test/num_examples': 2472, 'score': 31288.373522520065, 'total_duration': 32524.465568304062, 'accumulated_submission_time': 31288.373522520065, 'accumulated_eval_time': 1149.3802194595337, 'accumulated_logging_time': 20.194899082183838}
I0524 04:24:52.170636 140570278209280 logging_writer.py:48] [38401] accumulated_eval_time=1149.38, accumulated_logging_time=20.1949, accumulated_submission_time=31288.4, global_step=38401, preemption_count=0, score=31288.4, test/ctc_loss=0.245067, test/num_examples=2472, test/wer=0.0796011, total_duration=32524.5, train/ctc_loss=0.206183, train/wer=0.071469, validation/ctc_loss=0.461329, validation/num_examples=5348, validation/wer=0.131637
I0524 04:24:52.922645 140570269816576 logging_writer.py:48] [38401] global_step=38401, preemption_count=0, score=31288.4
I0524 04:24:53.182263 140589040624832 submission_runner.py:857] Final librispeech_deepspeech score: 31288.373522520065
