python submission_runner.py --framework=jax --workload=librispeech_conformer --submission_path=submissions_algorithms/submissions/self_tuning/nadamw_resnet/submission.py --data_dir=/data/librispeech --experiment_dir=/experiment_runs --experiment_name=submissions_a100/nadamw_resnet/study_1 --overwrite=True --save_checkpoints=False --rng_seed=195572408 --librispeech_tokenizer_vocab_path=/data/librispeech/spm_model.vocab --tuning_ruleset=self 2>&1 | tee -a /logs/librispeech_conformer_jax_05-29-2026-02-49-38.log
2026-05-29 02:49:39.604348: E external/local_xla/xla/stream_executor/cuda/cuda_fft.cc:467] Unable to register cuFFT factory: Attempting to register factory for plugin cuFFT when one has already been registered
WARNING: All log messages before absl::InitializeLog() is called are written to STDERR
E0000 00:00:1780022979.627383       9 cuda_dnn.cc:8579] Unable to register cuDNN factory: Attempting to register factory for plugin cuDNN when one has already been registered
E0000 00:00:1780022979.634842       9 cuda_blas.cc:1407] Unable to register cuBLAS factory: Attempting to register factory for plugin cuBLAS when one has already been registered
W0000 00:00:1780022979.653323       9 computation_placer.cc:177] computation placer already registered. Please check linkage and avoid linking the same target more than once.
W0000 00:00:1780022979.653348       9 computation_placer.cc:177] computation placer already registered. Please check linkage and avoid linking the same target more than once.
W0000 00:00:1780022979.653351       9 computation_placer.cc:177] computation placer already registered. Please check linkage and avoid linking the same target more than once.
W0000 00:00:1780022979.653353       9 computation_placer.cc:177] computation placer already registered. Please check linkage and avoid linking the same target more than once.
/usr/local/lib/python3.11/site-packages/torch/__init__.py:1617: UserWarning: Please use the new API settings to control TF32 behavior, such as torch.backends.cudnn.conv.fp32_precision = 'tf32' or torch.backends.cuda.matmul.fp32_precision = 'ieee'. Old settings, e.g, torch.backends.cuda.matmul.allow_tf32 = True, torch.backends.cudnn.allow_tf32 = True, allowTF32CuDNN() and allowTF32CuBLAS() will be deprecated after Pytorch 2.9. Please see https://pytorch.org/docs/main/notes/cuda.html#tensorfloat-32-tf32-on-ampere-and-later-devices (Triggered internally at /pytorch/aten/src/ATen/Context.cpp:80.)
  _C._set_float32_matmul_precision(precision)
/usr/local/lib/python3.11/site-packages/pydantic/_internal/_generate_schema.py:2249: UnsupportedFieldAttributeWarning: The 'repr' attribute with value False was provided to the `Field()` function, which has no effect in the context it was used. 'repr' is field-specific metadata, and can only be attached to a model field using `Annotated` metadata or by assignment. This may have happened because an `Annotated` type alias using the `type` statement was used, or if the `Field()` function was attached to a single member of a union type.
  warnings.warn(
/usr/local/lib/python3.11/site-packages/pydantic/_internal/_generate_schema.py:2249: UnsupportedFieldAttributeWarning: The 'frozen' attribute with value True was provided to the `Field()` function, which has no effect in the context it was used. 'frozen' is field-specific metadata, and can only be attached to a model field using `Annotated` metadata or by assignment. This may have happened because an `Annotated` type alias using the `type` statement was used, or if the `Field()` function was attached to a single member of a union type.
  warnings.warn(
INFO:2026-05-29 02:49:47,909:jax._src.xla_bridge:830: Unable to initialize backend 'tpu': INTERNAL: Failed to open libtpu.so: libtpu.so: cannot open shared object file: No such file or directory
I0529 02:49:47.909218 140246080902336 xla_bridge.py:830] Unable to initialize backend 'tpu': INTERNAL: Failed to open libtpu.so: libtpu.so: cannot open shared object file: No such file or directory
I0529 02:49:48.663341 140246080902336 logger_utils.py:59] Removing existing experiment directory /experiment_runs/submissions_a100/nadamw_resnet/study_1/librispeech_conformer_jax because --overwrite was set.
I0529 02:49:48.669121 140246080902336 logger_utils.py:84] Creating experiment directory at /experiment_runs/submissions_a100/nadamw_resnet/study_1/librispeech_conformer_jax.
I0529 02:49:49.061116 140246080902336 submission_runner.py:741] Creating directory at /experiment_runs/submissions_a100/nadamw_resnet/study_1/librispeech_conformer_jax/trial_1.
I0529 02:49:49.325968 140246080902336 submission_runner.py:242] Initializing dataset.
I0529 02:49:49.326164 140246080902336 submission_runner.py:251] Initializing model.
I0529 02:50:11.408302 140246080902336 submission_runner.py:294] Initializing optimizer.
I0529 02:50:12.125232 140246080902336 submission_runner.py:299] Initializing metrics bundle.
I0529 02:50:12.125481 140246080902336 submission_runner.py:321] Initializing checkpoint and logger.
I0529 02:50:12.135181 140246080902336 checkpoints.py:1098] Found no checkpoint files in /experiment_runs/submissions_a100/nadamw_resnet/study_1/librispeech_conformer_jax/trial_1 with prefix checkpoint_
I0529 02:50:12.135309 140246080902336 submission_runner.py:344] Saving meta data to /experiment_runs/submissions_a100/nadamw_resnet/study_1/librispeech_conformer_jax/trial_1/meta_data_0.json.
I0529 02:50:12.135490 140246080902336 logger_utils.py:283] Unable to record workload.train_mean information. Continuing without it.
I0529 02:50:12.135553 140246080902336 logger_utils.py:283] Unable to record workload.train_stddev information. Continuing without it.
I0529 02:50:12.333018 140246080902336 submission_runner.py:348] Saving flags to /experiment_runs/submissions_a100/nadamw_resnet/study_1/librispeech_conformer_jax/trial_1/flags_0.json.
I0529 02:50:12.351320 140246080902336 submission_runner.py:359] Starting training loop.
I0529 02:50:12.541530 140246080902336 input_pipeline.py:19] Loading split = train-clean-100
I0529 02:50:12.586903 140246080902336 input_pipeline.py:19] Loading split = train-clean-360
I0529 02:50:13.074692 140246080902336 input_pipeline.py:19] Loading split = train-other-500
/usr/local/lib/python3.11/multiprocessing/popen_fork.py:66: RuntimeWarning: os.fork() was called. os.fork() is incompatible with multithreaded code, and JAX is multithreaded, so this will likely lead to a deadlock.
  self.pid = os.fork()
/usr/local/lib/python3.11/site-packages/jax/_src/interpreters/mlir.py:1268: UserWarning: Some donated buffers were not usable: float32[512], float32[512], float32[512], float32[512], float32[512], float32[512], float32[512], float32[512].
See an explanation at https://docs.jax.dev/en/latest/faq.html#buffer-donation.
  warnings.warn("Some donated buffers were not usable:"
2026-05-29 02:50:52.340922: E external/xla/xla/stream_executor/cuda/cuda_timer.cc:86] Delay kernel timed out: measured time has sub-optimal accuracy. There may be a missing warmup execution, please investigate in Nsight Systems.
2026-05-29 02:50:52.501334: E external/xla/xla/stream_executor/cuda/cuda_timer.cc:86] Delay kernel timed out: measured time has sub-optimal accuracy. There may be a missing warmup execution, please investigate in Nsight Systems.
2026-05-29 02:51:01.148212: E external/xla/xla/service/slow_operation_alarm.cc:73] Trying algorithm eng0{} for conv (f32[64,512,999,41]{3,2,1,0}, u8[0]{0}) custom-call(f32[64,512,500,20]{3,2,1,0}, f32[512,512,3,3]{3,2,1,0}), window={size=3x3 stride=2x2 pad=1_1x0_0}, dim_labels=bf01_oi01->bf01, custom_call_target="__cudnn$convBackwardInput", backend_config={"operation_queue_id":"0","wait_on_operation_queues":[],"cudnn_conv_backend_config":{"activation_mode":"kNone","conv_result_scale":1,"side_input_scale":0,"leakyrelu_alpha":0},"force_earliest_schedule":false,"reification_cost":[]} is taking a while...
2026-05-29 02:51:36.649378: E external/xla/xla/service/slow_operation_alarm.cc:140] The operation took 36.501256146s
Trying algorithm eng0{} for conv (f32[64,512,999,41]{3,2,1,0}, u8[0]{0}) custom-call(f32[64,512,500,20]{3,2,1,0}, f32[512,512,3,3]{3,2,1,0}), window={size=3x3 stride=2x2 pad=1_1x0_0}, dim_labels=bf01_oi01->bf01, custom_call_target="__cudnn$convBackwardInput", backend_config={"operation_queue_id":"0","wait_on_operation_queues":[],"cudnn_conv_backend_config":{"activation_mode":"kNone","conv_result_scale":1,"side_input_scale":0,"leakyrelu_alpha":0},"force_earliest_schedule":false,"reification_cost":[]} is taking a while...
2026-05-29 02:51:46.605690: E external/xla/xla/service/slow_operation_alarm.cc:73] Trying algorithm eng0{} for conv (f32[512,512,3,3]{3,2,1,0}, u8[0]{0}) custom-call(f32[64,512,999,41]{3,2,1,0}, f32[64,512,500,20]{3,2,1,0}), window={size=3x3 stride=2x2 pad=1_1x0_0}, dim_labels=bf01_oi01->bf01, custom_call_target="__cudnn$convBackwardFilter", backend_config={"operation_queue_id":"0","wait_on_operation_queues":[],"cudnn_conv_backend_config":{"activation_mode":"kNone","conv_result_scale":1,"side_input_scale":0,"leakyrelu_alpha":0},"force_earliest_schedule":false,"reification_cost":[]} is taking a while...
2026-05-29 02:52:02.246581: E external/xla/xla/service/slow_operation_alarm.cc:140] The operation took 16.640983048s
Trying algorithm eng0{} for conv (f32[512,512,3,3]{3,2,1,0}, u8[0]{0}) custom-call(f32[64,512,999,41]{3,2,1,0}, f32[64,512,500,20]{3,2,1,0}), window={size=3x3 stride=2x2 pad=1_1x0_0}, dim_labels=bf01_oi01->bf01, custom_call_target="__cudnn$convBackwardFilter", backend_config={"operation_queue_id":"0","wait_on_operation_queues":[],"cudnn_conv_backend_config":{"activation_mode":"kNone","conv_result_scale":1,"side_input_scale":0,"leakyrelu_alpha":0},"force_earliest_schedule":false,"reification_cost":[]} is taking a while...
I0529 02:53:17.465216 140246080902336 spec.py:333] Evaluating on the training split.
I0529 02:53:17.465582 140246080902336 input_pipeline.py:19] Loading split = train-clean-100
I0529 02:53:17.493969 140246080902336 input_pipeline.py:19] Loading split = train-clean-360
I0529 02:53:17.887925 140246080902336 input_pipeline.py:19] Loading split = train-other-500
/usr/local/lib/python3.11/site-packages/jax/_src/ops/scatter.py:110: FutureWarning: scatter inputs have incompatible types: cannot safely cast value from dtype=float32 to dtype=int32 with jax_numpy_dtype_promotion='standard'. In future JAX releases this will result in an error.
  warnings.warn(
2026-05-29 02:53:28.277097: E external/xla/xla/service/slow_operation_alarm.cc:73] Constant folding an instruction is taking > 1s:

  %reduce-window.10 = f32[256,500]{1,0} reduce-window(%broadcast.219, %constant.69), window={size=1x500 pad=0_0x499_0}, to_apply=%region_53.2129.clone, metadata={op_name="jit(_eval_step)/jit(cumsum)/LibriSpeechConformerWorkload.sequence_mask/reduce_window_sum" source_file="/algorithmic-efficiency/algoperf/workloads/librispeech_conformer/librispeech_jax/workload.py" source_line=251}

This isn't necessarily a bug; constant-folding is inherently a trade-off between compilation time and speed at runtime. XLA has some guards that attempt to keep constant folding from taking too long, but fundamentally you'll always be able to come up with an input program that takes a long time.

If you'd like to file a bug, run with envvar XLA_FLAGS=--xla_dump_to=/tmp/foo and attach the results.
2026-05-29 02:53:34.580115: E external/xla/xla/service/slow_operation_alarm.cc:140] The operation took 7.302118785s
Constant folding an instruction is taking > 1s:

  %reduce-window.10 = f32[256,500]{1,0} reduce-window(%broadcast.219, %constant.69), window={size=1x500 pad=0_0x499_0}, to_apply=%region_53.2129.clone, metadata={op_name="jit(_eval_step)/jit(cumsum)/LibriSpeechConformerWorkload.sequence_mask/reduce_window_sum" source_file="/algorithmic-efficiency/algoperf/workloads/librispeech_conformer/librispeech_jax/workload.py" source_line=251}

This isn't necessarily a bug; constant-folding is inherently a trade-off between compilation time and speed at runtime. XLA has some guards that attempt to keep constant folding from taking too long, but fundamentally you'll always be able to come up with an input program that takes a long time.

If you'd like to file a bug, run with envvar XLA_FLAGS=--xla_dump_to=/tmp/foo and attach the results.
2026-05-29 02:53:36.580247: E external/xla/xla/service/slow_operation_alarm.cc:73] Constant folding an instruction is taking > 2s:

  %reduce-window.11 = f32[256,500]{1,0} reduce-window(%broadcast.219, %constant.72), window={size=1x500 pad=0_0x499_0}, to_apply=%region_53.2129, metadata={op_name="jit(_eval_step)/jit(cumsum)/LibriSpeechConformerWorkload.sequence_mask/reduce_window_sum" source_file="/algorithmic-efficiency/algoperf/workloads/librispeech_conformer/librispeech_jax/workload.py" source_line=251}

This isn't necessarily a bug; constant-folding is inherently a trade-off between compilation time and speed at runtime. XLA has some guards that attempt to keep constant folding from taking too long, but fundamentally you'll always be able to come up with an input program that takes a long time.

If you'd like to file a bug, run with envvar XLA_FLAGS=--xla_dump_to=/tmp/foo and attach the results.
2026-05-29 02:53:41.770267: E external/xla/xla/service/slow_operation_alarm.cc:140] The operation took 7.188638962s
Constant folding an instruction is taking > 2s:

  %reduce-window.11 = f32[256,500]{1,0} reduce-window(%broadcast.219, %constant.72), window={size=1x500 pad=0_0x499_0}, to_apply=%region_53.2129, metadata={op_name="jit(_eval_step)/jit(cumsum)/LibriSpeechConformerWorkload.sequence_mask/reduce_window_sum" source_file="/algorithmic-efficiency/algoperf/workloads/librispeech_conformer/librispeech_jax/workload.py" source_line=251}

This isn't necessarily a bug; constant-folding is inherently a trade-off between compilation time and speed at runtime. XLA has some guards that attempt to keep constant folding from taking too long, but fundamentally you'll always be able to come up with an input program that takes a long time.

If you'd like to file a bug, run with envvar XLA_FLAGS=--xla_dump_to=/tmp/foo and attach the results.
I0529 02:54:44.699761 140246080902336 spec.py:346] Evaluating on the validation split.
I0529 02:54:44.700154 140246080902336 input_pipeline.py:19] Loading split = dev-clean
I0529 02:54:44.704789 140246080902336 input_pipeline.py:19] Loading split = dev-other
2026-05-29 02:55:22.521053: E external/xla/xla/service/slow_operation_alarm.cc:73] Constant folding an instruction is taking > 4s:

  %reduce-window.10 = f32[228,500]{1,0} reduce-window(%broadcast.216, %constant.69), window={size=1x500 pad=0_0x499_0}, to_apply=%region_53.2126.clone, metadata={op_name="jit(_eval_step)/jit(cumsum)/LibriSpeechConformerWorkload.sequence_mask/reduce_window_sum" source_file="/algorithmic-efficiency/algoperf/workloads/librispeech_conformer/librispeech_jax/workload.py" source_line=251}

This isn't necessarily a bug; constant-folding is inherently a trade-off between compilation time and speed at runtime. XLA has some guards that attempt to keep constant folding from taking too long, but fundamentally you'll always be able to come up with an input program that takes a long time.

If you'd like to file a bug, run with envvar XLA_FLAGS=--xla_dump_to=/tmp/foo and attach the results.
2026-05-29 02:55:24.393817: E external/xla/xla/service/slow_operation_alarm.cc:140] The operation took 5.872907588s
Constant folding an instruction is taking > 4s:

  %reduce-window.10 = f32[228,500]{1,0} reduce-window(%broadcast.216, %constant.69), window={size=1x500 pad=0_0x499_0}, to_apply=%region_53.2126.clone, metadata={op_name="jit(_eval_step)/jit(cumsum)/LibriSpeechConformerWorkload.sequence_mask/reduce_window_sum" source_file="/algorithmic-efficiency/algoperf/workloads/librispeech_conformer/librispeech_jax/workload.py" source_line=251}

This isn't necessarily a bug; constant-folding is inherently a trade-off between compilation time and speed at runtime. XLA has some guards that attempt to keep constant folding from taking too long, but fundamentally you'll always be able to come up with an input program that takes a long time.

If you'd like to file a bug, run with envvar XLA_FLAGS=--xla_dump_to=/tmp/foo and attach the results.
2026-05-29 02:55:38.407679: E external/xla/xla/stream_executor/cuda/cuda_timer.cc:86] Delay kernel timed out: measured time has sub-optimal accuracy. There may be a missing warmup execution, please investigate in Nsight Systems.
2026-05-29 02:55:38.567873: E external/xla/xla/stream_executor/cuda/cuda_timer.cc:86] Delay kernel timed out: measured time has sub-optimal accuracy. There may be a missing warmup execution, please investigate in Nsight Systems.
I0529 02:56:14.877860 140246080902336 spec.py:363] Evaluating on the test split.
I0529 02:56:14.878450 140246080902336 input_pipeline.py:19] Loading split = test-clean
2026-05-29 02:56:42.101341: E external/xla/xla/stream_executor/cuda/cuda_timer.cc:86] Delay kernel timed out: measured time has sub-optimal accuracy. There may be a missing warmup execution, please investigate in Nsight Systems.
2026-05-29 02:56:42.261293: E external/xla/xla/stream_executor/cuda/cuda_timer.cc:86] Delay kernel timed out: measured time has sub-optimal accuracy. There may be a missing warmup execution, please investigate in Nsight Systems.
I0529 02:57:03.039245 140246080902336 submission_runner.py:516] Time since start: 410.69s, 	Step: 1, 	{'train/ctc_loss': Array(7.8771033, dtype=float32), 'train/wer': np.float64(1.4230733190346292), 'validation/ctc_loss': Array(7.649563, dtype=float32), 'validation/wer': np.float64(1.0258388451697003), 'validation/num_examples': 5348, 'test/ctc_loss': Array(7.6855764, dtype=float32), 'test/wer': np.float64(1.0810228911502449), 'test/num_examples': 2472, 'score': 185.1137638092041, 'total_duration': 410.68562960624695, 'accumulated_submission_time': 185.1137638092041, 'accumulated_eval_time': 225.57179021835327, 'accumulated_logging_time': 0}
I0529 02:57:03.077817 140071533524736 logging_writer.py:48] [1] accumulated_eval_time=225.572, accumulated_logging_time=0, accumulated_submission_time=185.114, global_step=1, preemption_count=0, score=185.114, test/ctc_loss=7.685576438903809, test/num_examples=2472, test/wer=1.08102, total_duration=410.686, train/ctc_loss=7.877103328704834, train/wer=1.42307, validation/ctc_loss=7.649562835693359, validation/num_examples=5348, validation/wer=1.02584
I0529 03:26:11.923470 140246080902336 spec.py:333] Evaluating on the training split.
I0529 03:26:43.803110 140246080902336 spec.py:346] Evaluating on the validation split.
/usr/local/lib/python3.11/multiprocessing/popen_fork.py:66: RuntimeWarning: os.fork() was called. os.fork() is incompatible with multithreaded code, and JAX is multithreaded, so this will likely lead to a deadlock.
  self.pid = os.fork()
I0529 03:27:18.781260 140246080902336 spec.py:363] Evaluating on the test split.
I0529 03:27:36.064283 140246080902336 submission_runner.py:516] Time since start: 2243.71s, 	Step: 451, 	{'train/ctc_loss': Array(1.516304, dtype=float32), 'train/wer': np.float64(0.944635537887994), 'validation/ctc_loss': Array(1.541554, dtype=float32), 'validation/wer': np.float64(0.8967218654950997), 'validation/num_examples': 5348, 'test/ctc_loss': Array(1.5365065, dtype=float32), 'test/wer': np.float64(0.899579550301627), 'test/num_examples': 2472, 'score': 1933.8555619716644, 'total_duration': 2243.7106556892395, 'accumulated_submission_time': 1933.8555619716644, 'accumulated_eval_time': 309.71030354499817, 'accumulated_logging_time': 0.13716483116149902}
I0529 03:27:36.114763 140185174009600 logging_writer.py:48] [451] accumulated_eval_time=309.71, accumulated_logging_time=0.137165, accumulated_submission_time=1933.86, global_step=451, preemption_count=0, score=1933.86, test/ctc_loss=1.5365065336227417, test/num_examples=2472, test/wer=0.89958, total_duration=2243.71, train/ctc_loss=1.5163040161132812, train/wer=0.944636, validation/ctc_loss=1.5415539741516113, validation/num_examples=5348, validation/wer=0.896722
I0529 03:56:47.609089 140246080902336 spec.py:333] Evaluating on the training split.
I0529 03:57:20.330829 140246080902336 spec.py:346] Evaluating on the validation split.
/usr/local/lib/python3.11/multiprocessing/popen_fork.py:66: RuntimeWarning: os.fork() was called. os.fork() is incompatible with multithreaded code, and JAX is multithreaded, so this will likely lead to a deadlock.
  self.pid = os.fork()
I0529 03:57:55.798842 140246080902336 spec.py:363] Evaluating on the test split.
I0529 03:58:13.495294 140246080902336 submission_runner.py:516] Time since start: 4081.14s, 	Step: 921, 	{'train/ctc_loss': Array(1.5184199, dtype=float32), 'train/wer': np.float64(0.9427216791412514), 'validation/ctc_loss': Array(1.5533521, dtype=float32), 'validation/wer': np.float64(0.8967218654950997), 'validation/num_examples': 5348, 'test/ctc_loss': Array(1.5469178, dtype=float32), 'test/wer': np.float64(0.899579550301627), 'test/num_examples': 2472, 'score': 3685.334109067917, 'total_duration': 4081.141525745392, 'accumulated_submission_time': 3685.334109067917, 'accumulated_eval_time': 395.59408044815063, 'accumulated_logging_time': 0.19803071022033691}
I0529 03:58:13.544106 140185174009600 logging_writer.py:48] [921] accumulated_eval_time=395.594, accumulated_logging_time=0.198031, accumulated_submission_time=3685.33, global_step=921, preemption_count=0, score=3685.33, test/ctc_loss=1.5469177961349487, test/num_examples=2472, test/wer=0.89958, total_duration=4081.14, train/ctc_loss=1.518419861793518, train/wer=0.942722, validation/ctc_loss=1.5533521175384521, validation/num_examples=5348, validation/wer=0.896722
/usr/local/lib/python3.11/multiprocessing/popen_fork.py:66: RuntimeWarning: os.fork() was called. os.fork() is incompatible with multithreaded code, and JAX is multithreaded, so this will likely lead to a deadlock.
  self.pid = os.fork()
I0529 04:27:20.734348 140246080902336 spec.py:333] Evaluating on the training split.
I0529 04:27:53.380415 140246080902336 spec.py:346] Evaluating on the validation split.
I0529 04:28:29.304700 140246080902336 spec.py:363] Evaluating on the test split.
I0529 04:28:47.132188 140246080902336 submission_runner.py:516] Time since start: 5914.78s, 	Step: 1657, 	{'train/ctc_loss': Array(1.4971937, dtype=float32), 'train/wer': np.float64(0.9433243196230056), 'validation/ctc_loss': Array(1.490264, dtype=float32), 'validation/wer': np.float64(0.8967218654950997), 'validation/num_examples': 5348, 'test/ctc_loss': Array(1.4893932, dtype=float32), 'test/wer': np.float64(0.899579550301627), 'test/num_examples': 2472, 'score': 5432.505413770676, 'total_duration': 5914.778586626053, 'accumulated_submission_time': 5432.505413770676, 'accumulated_eval_time': 481.98970770835876, 'accumulated_logging_time': 0.25767993927001953}
I0529 04:28:47.183337 140185174009600 logging_writer.py:48] [1657] accumulated_eval_time=481.99, accumulated_logging_time=0.25768, accumulated_submission_time=5432.51, global_step=1657, preemption_count=0, score=5432.51, test/ctc_loss=1.4893932342529297, test/num_examples=2472, test/wer=0.89958, total_duration=5914.78, train/ctc_loss=1.497193694114685, train/wer=0.943324, validation/ctc_loss=1.4902640581130981, validation/num_examples=5348, validation/wer=0.896722
/usr/local/lib/python3.11/multiprocessing/popen_fork.py:66: RuntimeWarning: os.fork() was called. os.fork() is incompatible with multithreaded code, and JAX is multithreaded, so this will likely lead to a deadlock.
  self.pid = os.fork()
I0529 04:57:54.793822 140246080902336 spec.py:333] Evaluating on the training split.
I0529 04:58:27.972529 140246080902336 spec.py:346] Evaluating on the validation split.
I0529 04:59:04.129319 140246080902336 spec.py:363] Evaluating on the test split.
I0529 04:59:22.149001 140246080902336 submission_runner.py:516] Time since start: 7749.80s, 	Step: 2175, 	{'train/ctc_loss': Array(2.7259936, dtype=float32), 'train/wer': np.float64(0.9437003215030003), 'validation/ctc_loss': Array(2.7028608, dtype=float32), 'validation/wer': np.float64(0.8967218654950997), 'validation/num_examples': 5348, 'test/ctc_loss': Array(2.6949863, dtype=float32), 'test/wer': np.float64(0.899579550301627), 'test/num_examples': 2472, 'score': 7180.098163843155, 'total_duration': 7749.795448541641, 'accumulated_submission_time': 7180.098163843155, 'accumulated_eval_time': 569.3428328037262, 'accumulated_logging_time': 0.32035183906555176}
I0529 04:59:22.201247 140185174009600 logging_writer.py:48] [2175] accumulated_eval_time=569.343, accumulated_logging_time=0.320352, accumulated_submission_time=7180.1, global_step=2175, preemption_count=0, score=7180.1, test/ctc_loss=2.694986343383789, test/num_examples=2472, test/wer=0.89958, total_duration=7749.8, train/ctc_loss=2.7259936332702637, train/wer=0.9437, validation/ctc_loss=2.7028608322143555, validation/num_examples=5348, validation/wer=0.896722
I0529 05:28:37.944765 140246080902336 spec.py:333] Evaluating on the training split.
I0529 05:29:11.247789 140246080902336 spec.py:346] Evaluating on the validation split.
/usr/local/lib/python3.11/multiprocessing/popen_fork.py:66: RuntimeWarning: os.fork() was called. os.fork() is incompatible with multithreaded code, and JAX is multithreaded, so this will likely lead to a deadlock.
  self.pid = os.fork()
I0529 05:29:47.733876 140246080902336 spec.py:363] Evaluating on the test split.
I0529 05:30:05.994521 140246080902336 submission_runner.py:516] Time since start: 9593.64s, 	Step: 2881, 	{'train/ctc_loss': Array(1.8292313, dtype=float32), 'train/wer': np.float64(0.9415512405140359), 'validation/ctc_loss': Array(1.8419619, dtype=float32), 'validation/wer': np.float64(0.8967218654950997), 'validation/num_examples': 5348, 'test/ctc_loss': Array(1.8168265, dtype=float32), 'test/wer': np.float64(0.899579550301627), 'test/num_examples': 2472, 'score': 8935.823148012161, 'total_duration': 9593.640904664993, 'accumulated_submission_time': 8935.823148012161, 'accumulated_eval_time': 657.3903102874756, 'accumulated_logging_time': 0.38288068771362305}
I0529 05:30:06.044533 140185174009600 logging_writer.py:48] [2881] accumulated_eval_time=657.39, accumulated_logging_time=0.382881, accumulated_submission_time=8935.82, global_step=2881, preemption_count=0, score=8935.82, test/ctc_loss=1.8168264627456665, test/num_examples=2472, test/wer=0.89958, total_duration=9593.64, train/ctc_loss=1.8292312622070312, train/wer=0.941551, validation/ctc_loss=1.8419618606567383, validation/num_examples=5348, validation/wer=0.896722
/usr/local/lib/python3.11/multiprocessing/popen_fork.py:66: RuntimeWarning: os.fork() was called. os.fork() is incompatible with multithreaded code, and JAX is multithreaded, so this will likely lead to a deadlock.
  self.pid = os.fork()
I0529 05:59:16.863862 140246080902336 spec.py:333] Evaluating on the training split.
I0529 05:59:50.453954 140246080902336 spec.py:346] Evaluating on the validation split.
I0529 06:00:26.782984 140246080902336 spec.py:363] Evaluating on the test split.
I0529 06:00:45.089514 140246080902336 submission_runner.py:516] Time since start: 11432.74s, 	Step: 3619, 	{'train/ctc_loss': Array(1.3976233, dtype=float32), 'train/wer': np.float64(0.9426410101839947), 'validation/ctc_loss': Array(1.389434, dtype=float32), 'validation/wer': np.float64(0.8967218654950997), 'validation/num_examples': 5348, 'test/ctc_loss': Array(1.3885245, dtype=float32), 'test/wer': np.float64(0.899579550301627), 'test/num_examples': 2472, 'score': 10686.622865438461, 'total_duration': 11432.735751390457, 'accumulated_submission_time': 10686.622865438461, 'accumulated_eval_time': 745.6136798858643, 'accumulated_logging_time': 0.4440164566040039}
I0529 06:00:45.141426 140185174009600 logging_writer.py:48] [3619] accumulated_eval_time=745.614, accumulated_logging_time=0.444016, accumulated_submission_time=10686.6, global_step=3619, preemption_count=0, score=10686.6, test/ctc_loss=1.3885245323181152, test/num_examples=2472, test/wer=0.89958, total_duration=11432.7, train/ctc_loss=1.3976233005523682, train/wer=0.942641, validation/ctc_loss=1.3894339799880981, validation/num_examples=5348, validation/wer=0.896722
/usr/local/lib/python3.11/multiprocessing/popen_fork.py:66: RuntimeWarning: os.fork() was called. os.fork() is incompatible with multithreaded code, and JAX is multithreaded, so this will likely lead to a deadlock.
  self.pid = os.fork()
I0529 06:29:54.896104 140246080902336 spec.py:333] Evaluating on the training split.
I0529 06:30:28.625297 140246080902336 spec.py:346] Evaluating on the validation split.
I0529 06:31:05.240873 140246080902336 spec.py:363] Evaluating on the test split.
I0529 06:31:23.377657 140246080902336 submission_runner.py:516] Time since start: 13271.02s, 	Step: 4201, 	{'train/ctc_loss': Array(1.5847183, dtype=float32), 'train/wer': np.float64(0.9428243251866505), 'validation/ctc_loss': Array(1.5650804, dtype=float32), 'validation/wer': np.float64(0.8967218654950997), 'validation/num_examples': 5348, 'test/ctc_loss': Array(1.5567948, dtype=float32), 'test/wer': np.float64(0.899579550301627), 'test/num_examples': 2472, 'score': 12436.360229730606, 'total_duration': 13271.024147987366, 'accumulated_submission_time': 12436.360229730606, 'accumulated_eval_time': 834.0932443141937, 'accumulated_logging_time': 0.5062379837036133}
I0529 06:31:23.428088 140185174009600 logging_writer.py:48] [4201] accumulated_eval_time=834.093, accumulated_logging_time=0.506238, accumulated_submission_time=12436.4, global_step=4201, preemption_count=0, score=12436.4, test/ctc_loss=1.5567947626113892, test/num_examples=2472, test/wer=0.89958, total_duration=13271, train/ctc_loss=1.5847183465957642, train/wer=0.942824, validation/ctc_loss=1.5650804042816162, validation/num_examples=5348, validation/wer=0.896722
I0529 07:00:33.992223 140246080902336 spec.py:333] Evaluating on the training split.
I0529 07:01:08.518109 140246080902336 spec.py:346] Evaluating on the validation split.
/usr/local/lib/python3.11/multiprocessing/popen_fork.py:66: RuntimeWarning: os.fork() was called. os.fork() is incompatible with multithreaded code, and JAX is multithreaded, so this will likely lead to a deadlock.
  self.pid = os.fork()
I0529 07:01:45.063818 140246080902336 spec.py:363] Evaluating on the test split.
I0529 07:02:03.380966 140246080902336 submission_runner.py:516] Time since start: 15111.03s, 	Step: 4937, 	{'train/ctc_loss': Array(1.3800806, dtype=float32), 'train/wer': np.float64(0.9440859096700382), 'validation/ctc_loss': Array(1.3703561, dtype=float32), 'validation/wer': np.float64(0.8967218654950997), 'validation/num_examples': 5348, 'test/ctc_loss': Array(1.365271, dtype=float32), 'test/wer': np.float64(0.899579550301627), 'test/num_examples': 2472, 'score': 14186.905617713928, 'total_duration': 15111.027480840683, 'accumulated_submission_time': 14186.905617713928, 'accumulated_eval_time': 923.4798328876495, 'accumulated_logging_time': 0.566899299621582}
I0529 07:02:03.432861 140185174009600 logging_writer.py:48] [4937] accumulated_eval_time=923.48, accumulated_logging_time=0.566899, accumulated_submission_time=14186.9, global_step=4937, preemption_count=0, score=14186.9, test/ctc_loss=1.365270972251892, test/num_examples=2472, test/wer=0.89958, total_duration=15111, train/ctc_loss=1.3800805807113647, train/wer=0.944086, validation/ctc_loss=1.3703560829162598, validation/num_examples=5348, validation/wer=0.896722
/usr/local/lib/python3.11/multiprocessing/popen_fork.py:66: RuntimeWarning: os.fork() was called. os.fork() is incompatible with multithreaded code, and JAX is multithreaded, so this will likely lead to a deadlock.
  self.pid = os.fork()
I0529 07:31:15.386794 140246080902336 spec.py:333] Evaluating on the training split.
I0529 07:31:49.366625 140246080902336 spec.py:346] Evaluating on the validation split.
I0529 07:32:25.996360 140246080902336 spec.py:363] Evaluating on the test split.
I0529 07:32:44.070588 140246080902336 submission_runner.py:516] Time since start: 16951.72s, 	Step: 5636, 	{'train/ctc_loss': Array(1.4091698, dtype=float32), 'train/wer': np.float64(0.9409477094627305), 'validation/ctc_loss': Array(1.3928065, dtype=float32), 'validation/wer': np.float64(0.896190798049534), 'validation/num_examples': 5348, 'test/ctc_loss': Array(1.3815887, dtype=float32), 'test/wer': np.float64(0.8989498913330489), 'test/num_examples': 2472, 'score': 15938.840739965439, 'total_duration': 16951.71684885025, 'accumulated_submission_time': 15938.840739965439, 'accumulated_eval_time': 1012.1614034175873, 'accumulated_logging_time': 0.6292107105255127}
I0529 07:32:44.120313 140185174009600 logging_writer.py:48] [5636] accumulated_eval_time=1012.16, accumulated_logging_time=0.629211, accumulated_submission_time=15938.8, global_step=5636, preemption_count=0, score=15938.8, test/ctc_loss=1.3815886974334717, test/num_examples=2472, test/wer=0.89895, total_duration=16951.7, train/ctc_loss=1.4091697931289673, train/wer=0.940948, validation/ctc_loss=1.3928065299987793, validation/num_examples=5348, validation/wer=0.896191
I0529 08:01:53.344550 140246080902336 spec.py:333] Evaluating on the training split.
I0529 08:02:26.750211 140246080902336 spec.py:346] Evaluating on the validation split.
/usr/local/lib/python3.11/multiprocessing/popen_fork.py:66: RuntimeWarning: os.fork() was called. os.fork() is incompatible with multithreaded code, and JAX is multithreaded, so this will likely lead to a deadlock.
  self.pid = os.fork()
I0529 08:03:03.026824 140246080902336 spec.py:363] Evaluating on the test split.
I0529 08:03:21.399218 140246080902336 submission_runner.py:516] Time since start: 18789.05s, 	Step: 6172, 	{'train/ctc_loss': Array(1.3805568, dtype=float32), 'train/wer': np.float64(0.9423222339609689), 'validation/ctc_loss': Array(1.3792596, dtype=float32), 'validation/wer': np.float64(0.8967218654950997), 'validation/num_examples': 5348, 'test/ctc_loss': Array(1.3675104, dtype=float32), 'test/wer': np.float64(0.899579550301627), 'test/num_examples': 2472, 'score': 17688.046938180923, 'total_duration': 18789.04565358162, 'accumulated_submission_time': 17688.046938180923, 'accumulated_eval_time': 1100.2138481140137, 'accumulated_logging_time': 0.6902527809143066}
I0529 08:03:21.449113 140185174009600 logging_writer.py:48] [6172] accumulated_eval_time=1100.21, accumulated_logging_time=0.690253, accumulated_submission_time=17688, global_step=6172, preemption_count=0, score=17688, test/ctc_loss=1.367510437965393, test/num_examples=2472, test/wer=0.89958, total_duration=18789, train/ctc_loss=1.3805568218231201, train/wer=0.942322, validation/ctc_loss=1.3792595863342285, validation/num_examples=5348, validation/wer=0.896722
/usr/local/lib/python3.11/multiprocessing/popen_fork.py:66: RuntimeWarning: os.fork() was called. os.fork() is incompatible with multithreaded code, and JAX is multithreaded, so this will likely lead to a deadlock.
  self.pid = os.fork()
I0529 08:32:35.560954 140246080902336 spec.py:333] Evaluating on the training split.
I0529 08:33:10.025209 140246080902336 spec.py:346] Evaluating on the validation split.
I0529 08:33:46.815568 140246080902336 spec.py:363] Evaluating on the test split.
I0529 08:34:05.342726 140246080902336 submission_runner.py:516] Time since start: 20632.99s, 	Step: 6989, 	{'train/ctc_loss': Array(1.2861025, dtype=float32), 'train/wer': np.float64(0.9373277981966737), 'validation/ctc_loss': Array(1.2939506, dtype=float32), 'validation/wer': np.float64(0.8942306763868102), 'validation/num_examples': 5348, 'test/ctc_loss': Array(1.2754376, dtype=float32), 'test/wer': np.float64(0.8964921901976317), 'test/num_examples': 2472, 'score': 19442.138835906982, 'total_duration': 20632.989176511765, 'accumulated_submission_time': 19442.138835906982, 'accumulated_eval_time': 1189.993542432785, 'accumulated_logging_time': 0.750262975692749}
I0529 08:34:05.394688 140185174009600 logging_writer.py:48] [6989] accumulated_eval_time=1189.99, accumulated_logging_time=0.750263, accumulated_submission_time=19442.1, global_step=6989, preemption_count=0, score=19442.1, test/ctc_loss=1.275437593460083, test/num_examples=2472, test/wer=0.896492, total_duration=20633, train/ctc_loss=1.286102533340454, train/wer=0.937328, validation/ctc_loss=1.2939505577087402, validation/num_examples=5348, validation/wer=0.894231
/usr/local/lib/python3.11/multiprocessing/popen_fork.py:66: RuntimeWarning: os.fork() was called. os.fork() is incompatible with multithreaded code, and JAX is multithreaded, so this will likely lead to a deadlock.
  self.pid = os.fork()
I0529 09:03:17.939763 140246080902336 spec.py:333] Evaluating on the training split.
I0529 09:03:58.384119 140246080902336 spec.py:346] Evaluating on the validation split.
I0529 09:04:37.246009 140246080902336 spec.py:363] Evaluating on the test split.
I0529 09:04:56.696680 140246080902336 submission_runner.py:516] Time since start: 22484.34s, 	Step: 7735, 	{'train/ctc_loss': Array(1.0419774, dtype=float32), 'train/wer': np.float64(0.8038304270978975), 'validation/ctc_loss': Array(1.0873001, dtype=float32), 'validation/wer': np.float64(0.7935016656206247), 'validation/num_examples': 5348, 'test/ctc_loss': Array(1.0338835, dtype=float32), 'test/wer': np.float64(0.7789287672902322), 'test/num_examples': 2472, 'score': 21194.664734601974, 'total_duration': 22484.343141794205, 'accumulated_submission_time': 21194.664734601974, 'accumulated_eval_time': 1288.7483236789703, 'accumulated_logging_time': 0.8127593994140625}
I0529 09:04:56.747544 140185174009600 logging_writer.py:48] [7735] accumulated_eval_time=1288.75, accumulated_logging_time=0.812759, accumulated_submission_time=21194.7, global_step=7735, preemption_count=0, score=21194.7, test/ctc_loss=1.0338834524154663, test/num_examples=2472, test/wer=0.778929, total_duration=22484.3, train/ctc_loss=1.0419774055480957, train/wer=0.80383, validation/ctc_loss=1.0873000621795654, validation/num_examples=5348, validation/wer=0.793502
/usr/local/lib/python3.11/multiprocessing/popen_fork.py:66: RuntimeWarning: os.fork() was called. os.fork() is incompatible with multithreaded code, and JAX is multithreaded, so this will likely lead to a deadlock.
  self.pid = os.fork()
I0529 09:34:06.297921 140246080902336 spec.py:333] Evaluating on the training split.
I0529 09:34:47.637491 140246080902336 spec.py:346] Evaluating on the validation split.
I0529 09:35:41.425904 140246080902336 spec.py:363] Evaluating on the test split.
I0529 09:36:07.563554 140246080902336 submission_runner.py:516] Time since start: 24355.21s, 	Step: 8421, 	{'train/ctc_loss': Array(0.9039046, dtype=float32), 'train/wer': np.float64(0.7450200637925712), 'validation/ctc_loss': Array(0.95868886, dtype=float32), 'validation/wer': np.float64(0.7475208806063824), 'validation/num_examples': 5348, 'test/ctc_loss': Array(0.89687365, dtype=float32), 'test/wer': np.float64(0.7237015822720533), 'test/num_examples': 2472, 'score': 22944.196848392487, 'total_duration': 24355.209978580475, 'accumulated_submission_time': 22944.196848392487, 'accumulated_eval_time': 1410.0118644237518, 'accumulated_logging_time': 0.8739585876464844}
I0529 09:36:07.614589 140185174009600 logging_writer.py:48] [8421] accumulated_eval_time=1410.01, accumulated_logging_time=0.873959, accumulated_submission_time=22944.2, global_step=8421, preemption_count=0, score=22944.2, test/ctc_loss=0.8968736529350281, test/num_examples=2472, test/wer=0.723702, total_duration=24355.2, train/ctc_loss=0.9039046168327332, train/wer=0.74502, validation/ctc_loss=0.9586888551712036, validation/num_examples=5348, validation/wer=0.747521
I0529 10:05:18.251104 140246080902336 spec.py:333] Evaluating on the training split.
I0529 10:06:00.604478 140246080902336 spec.py:346] Evaluating on the validation split.
/usr/local/lib/python3.11/multiprocessing/popen_fork.py:66: RuntimeWarning: os.fork() was called. os.fork() is incompatible with multithreaded code, and JAX is multithreaded, so this will likely lead to a deadlock.
  self.pid = os.fork()
I0529 10:06:40.198009 140246080902336 spec.py:363] Evaluating on the test split.
I0529 10:07:00.018371 140246080902336 submission_runner.py:516] Time since start: 26207.66s, 	Step: 9143, 	{'train/ctc_loss': Array(0.7864662, dtype=float32), 'train/wer': np.float64(0.6944649719184156), 'validation/ctc_loss': Array(0.8671554, dtype=float32), 'validation/wer': np.float64(0.7077970356780766), 'validation/num_examples': 5348, 'test/ctc_loss': Array(0.79090816, dtype=float32), 'test/wer': np.float64(0.6784473828529645), 'test/num_examples': 2472, 'score': 24694.814826011658, 'total_duration': 26207.664574623108, 'accumulated_submission_time': 24694.814826011658, 'accumulated_eval_time': 1511.776662826538, 'accumulated_logging_time': 0.9351334571838379}
I0529 10:07:00.088160 140185174009600 logging_writer.py:48] [9143] accumulated_eval_time=1511.78, accumulated_logging_time=0.935133, accumulated_submission_time=24694.8, global_step=9143, preemption_count=0, score=24694.8, test/ctc_loss=0.79090815782547, test/num_examples=2472, test/wer=0.678447, total_duration=26207.7, train/ctc_loss=0.7864661812782288, train/wer=0.694465, validation/ctc_loss=0.8671553730964661, validation/num_examples=5348, validation/wer=0.707797
/usr/local/lib/python3.11/multiprocessing/popen_fork.py:66: RuntimeWarning: os.fork() was called. os.fork() is incompatible with multithreaded code, and JAX is multithreaded, so this will likely lead to a deadlock.
  self.pid = os.fork()
I0529 10:36:10.209339 140246080902336 spec.py:333] Evaluating on the training split.
I0529 10:36:53.953333 140246080902336 spec.py:346] Evaluating on the validation split.
I0529 10:37:51.962926 140246080902336 spec.py:363] Evaluating on the test split.
I0529 10:38:20.311303 140246080902336 submission_runner.py:516] Time since start: 28087.96s, 	Step: 9955, 	{'train/ctc_loss': Array(0.6401814, dtype=float32), 'train/wer': np.float64(0.6314353530347687), 'validation/ctc_loss': Array(0.729348, dtype=float32), 'validation/wer': np.float64(0.6537440254912373), 'validation/num_examples': 5348, 'test/ctc_loss': Array(0.64799696, dtype=float32), 'test/wer': np.float64(0.6155017975747974), 'test/num_examples': 2472, 'score': 26444.91589641571, 'total_duration': 28087.957758426666, 'accumulated_submission_time': 26444.91589641571, 'accumulated_eval_time': 1641.8765547275543, 'accumulated_logging_time': 1.0154023170471191}
I0529 10:38:20.361059 140185174009600 logging_writer.py:48] [9955] accumulated_eval_time=1641.88, accumulated_logging_time=1.0154, accumulated_submission_time=26444.9, global_step=9955, preemption_count=0, score=26444.9, test/ctc_loss=0.6479969620704651, test/num_examples=2472, test/wer=0.615502, total_duration=28088, train/ctc_loss=0.6401814222335815, train/wer=0.631435, validation/ctc_loss=0.7293480038642883, validation/num_examples=5348, validation/wer=0.653744
/usr/local/lib/python3.11/multiprocessing/popen_fork.py:66: RuntimeWarning: os.fork() was called. os.fork() is incompatible with multithreaded code, and JAX is multithreaded, so this will likely lead to a deadlock.
  self.pid = os.fork()
I0529 11:07:33.776142 140246080902336 spec.py:333] Evaluating on the training split.
I0529 11:08:17.759212 140246080902336 spec.py:346] Evaluating on the validation split.
I0529 11:08:57.856312 140246080902336 spec.py:363] Evaluating on the test split.
I0529 11:09:17.581813 140246080902336 submission_runner.py:516] Time since start: 29945.23s, 	Step: 10789, 	{'train/ctc_loss': Array(0.558322, dtype=float32), 'train/wer': np.float64(0.5782389461087644), 'validation/ctc_loss': Array(0.6534137, dtype=float32), 'validation/wer': np.float64(0.6106020373678366), 'validation/num_examples': 5348, 'test/ctc_loss': Array(0.57002705, dtype=float32), 'test/wer': np.float64(0.5690289033778156), 'test/num_examples': 2472, 'score': 28198.31135201454, 'total_duration': 29945.227970838547, 'accumulated_submission_time': 28198.31135201454, 'accumulated_eval_time': 1745.6798915863037, 'accumulated_logging_time': 1.0752766132354736}
I0529 11:09:17.634190 140185174009600 logging_writer.py:48] [10789] accumulated_eval_time=1745.68, accumulated_logging_time=1.07528, accumulated_submission_time=28198.3, global_step=10789, preemption_count=0, score=28198.3, test/ctc_loss=0.5700270533561707, test/num_examples=2472, test/wer=0.569029, total_duration=29945.2, train/ctc_loss=0.558322012424469, train/wer=0.578239, validation/ctc_loss=0.653413712978363, validation/num_examples=5348, validation/wer=0.610602
/usr/local/lib/python3.11/multiprocessing/popen_fork.py:66: RuntimeWarning: os.fork() was called. os.fork() is incompatible with multithreaded code, and JAX is multithreaded, so this will likely lead to a deadlock.
  self.pid = os.fork()
I0529 11:38:25.572275 140246080902336 spec.py:333] Evaluating on the training split.
I0529 11:39:08.511317 140246080902336 spec.py:346] Evaluating on the validation split.
I0529 11:40:04.827596 140246080902336 spec.py:363] Evaluating on the test split.
I0529 11:40:31.977741 140246080902336 submission_runner.py:516] Time since start: 31819.62s, 	Step: 11563, 	{'train/ctc_loss': Array(0.5571492, dtype=float32), 'train/wer': np.float64(0.5846279684520714), 'validation/ctc_loss': Array(0.64289165, dtype=float32), 'validation/wer': np.float64(0.6057451841838459), 'validation/num_examples': 5348, 'test/ctc_loss': Array(0.55352294, dtype=float32), 'test/wer': np.float64(0.5613714378567222), 'test/num_examples': 2472, 'score': 29946.230162620544, 'total_duration': 31819.62421631813, 'accumulated_submission_time': 29946.230162620544, 'accumulated_eval_time': 1872.0833127498627, 'accumulated_logging_time': 1.1378870010375977}
I0529 11:40:32.029145 140185174009600 logging_writer.py:48] [11563] accumulated_eval_time=1872.08, accumulated_logging_time=1.13789, accumulated_submission_time=29946.2, global_step=11563, preemption_count=0, score=29946.2, test/ctc_loss=0.5535229444503784, test/num_examples=2472, test/wer=0.561371, total_duration=31819.6, train/ctc_loss=0.5571491718292236, train/wer=0.584628, validation/ctc_loss=0.6428916454315186, validation/num_examples=5348, validation/wer=0.605745
I0529 12:09:39.734243 140246080902336 spec.py:333] Evaluating on the training split.
I0529 12:10:22.294177 140246080902336 spec.py:346] Evaluating on the validation split.
/usr/local/lib/python3.11/multiprocessing/popen_fork.py:66: RuntimeWarning: os.fork() was called. os.fork() is incompatible with multithreaded code, and JAX is multithreaded, so this will likely lead to a deadlock.
  self.pid = os.fork()
I0529 12:11:21.180123 140246080902336 spec.py:363] Evaluating on the test split.
I0529 12:11:40.952561 140246080902336 submission_runner.py:516] Time since start: 33688.60s, 	Step: 12292, 	{'train/ctc_loss': Array(0.51331544, dtype=float32), 'train/wer': np.float64(0.5468559243403383), 'validation/ctc_loss': Array(0.60640395, dtype=float32), 'validation/wer': np.float64(0.5823202819485347), 'validation/num_examples': 5348, 'test/ctc_loss': Array(0.51778483, dtype=float32), 'test/wer': np.float64(0.5359616517376556), 'test/num_examples': 2472, 'score': 31693.915497541428, 'total_duration': 33688.59886550903, 'accumulated_submission_time': 31693.915497541428, 'accumulated_eval_time': 1993.2992646694183, 'accumulated_logging_time': 1.2007734775543213}
I0529 12:11:41.005431 140185174009600 logging_writer.py:48] [12292] accumulated_eval_time=1993.3, accumulated_logging_time=1.20077, accumulated_submission_time=31693.9, global_step=12292, preemption_count=0, score=31693.9, test/ctc_loss=0.517784833908081, test/num_examples=2472, test/wer=0.535962, total_duration=33688.6, train/ctc_loss=0.5133154392242432, train/wer=0.546856, validation/ctc_loss=0.6064039468765259, validation/num_examples=5348, validation/wer=0.58232
/usr/local/lib/python3.11/multiprocessing/popen_fork.py:66: RuntimeWarning: os.fork() was called. os.fork() is incompatible with multithreaded code, and JAX is multithreaded, so this will likely lead to a deadlock.
  self.pid = os.fork()
I0529 12:40:53.763210 140246080902336 spec.py:333] Evaluating on the training split.
I0529 12:41:37.286000 140246080902336 spec.py:346] Evaluating on the validation split.
I0529 12:42:35.908342 140246080902336 spec.py:363] Evaluating on the test split.
I0529 12:43:03.116526 140246080902336 submission_runner.py:516] Time since start: 35570.76s, 	Step: 13186, 	{'train/ctc_loss': Array(0.49738166, dtype=float32), 'train/wer': np.float64(0.546707488095177), 'validation/ctc_loss': Array(0.5937927, dtype=float32), 'validation/wer': np.float64(0.5770385748080915), 'validation/num_examples': 5348, 'test/ctc_loss': Array(0.5065086, dtype=float32), 'test/wer': np.float64(0.5347023338004997), 'test/num_examples': 2472, 'score': 33446.651074409485, 'total_duration': 35570.76280713081, 'accumulated_submission_time': 33446.651074409485, 'accumulated_eval_time': 2122.6503372192383, 'accumulated_logging_time': 1.2654719352722168}
I0529 12:43:03.167235 140185174009600 logging_writer.py:48] [13186] accumulated_eval_time=2122.65, accumulated_logging_time=1.26547, accumulated_submission_time=33446.7, global_step=13186, preemption_count=0, score=33446.7, test/ctc_loss=0.5065085887908936, test/num_examples=2472, test/wer=0.534702, total_duration=35570.8, train/ctc_loss=0.49738165736198425, train/wer=0.546707, validation/ctc_loss=0.5937926769256592, validation/num_examples=5348, validation/wer=0.577039
/usr/local/lib/python3.11/multiprocessing/popen_fork.py:66: RuntimeWarning: os.fork() was called. os.fork() is incompatible with multithreaded code, and JAX is multithreaded, so this will likely lead to a deadlock.
  self.pid = os.fork()
I0529 13:12:10.350891 140246080902336 spec.py:333] Evaluating on the training split.
I0529 13:12:53.107154 140246080902336 spec.py:346] Evaluating on the validation split.
I0529 13:13:52.609515 140246080902336 spec.py:363] Evaluating on the test split.
I0529 13:14:12.507364 140246080902336 submission_runner.py:516] Time since start: 37440.15s, 	Step: 14059, 	{'train/ctc_loss': Array(0.48080596, dtype=float32), 'train/wer': np.float64(0.5388439528117906), 'validation/ctc_loss': Array(0.57920164, dtype=float32), 'validation/wer': np.float64(0.5734080046347705), 'validation/num_examples': 5348, 'test/ctc_loss': Array(0.48436612, dtype=float32), 'test/wer': np.float64(0.5256027461255662), 'test/num_examples': 2472, 'score': 35193.81394529343, 'total_duration': 37440.15376186371, 'accumulated_submission_time': 35193.81394529343, 'accumulated_eval_time': 2244.804691553116, 'accumulated_logging_time': 1.326974868774414}
I0529 13:14:12.558736 140185174009600 logging_writer.py:48] [14059] accumulated_eval_time=2244.8, accumulated_logging_time=1.32697, accumulated_submission_time=35193.8, global_step=14059, preemption_count=0, score=35193.8, test/ctc_loss=0.48436611890792847, test/num_examples=2472, test/wer=0.525603, total_duration=37440.2, train/ctc_loss=0.4808059632778168, train/wer=0.538844, validation/ctc_loss=0.5792016386985779, validation/num_examples=5348, validation/wer=0.573408
/usr/local/lib/python3.11/multiprocessing/popen_fork.py:66: RuntimeWarning: os.fork() was called. os.fork() is incompatible with multithreaded code, and JAX is multithreaded, so this will likely lead to a deadlock.
  self.pid = os.fork()
I0529 13:43:22.977504 140246080902336 spec.py:333] Evaluating on the training split.
I0529 13:44:06.867469 140246080902336 spec.py:346] Evaluating on the validation split.
I0529 13:45:04.625000 140246080902336 spec.py:363] Evaluating on the test split.
I0529 13:45:24.393323 140246080902336 submission_runner.py:516] Time since start: 39312.04s, 	Step: 14885, 	{'train/ctc_loss': Array(0.4389977, dtype=float32), 'train/wer': np.float64(0.5040845402457899), 'validation/ctc_loss': Array(0.5556264, dtype=float32), 'validation/wer': np.float64(0.5586443296480471), 'validation/num_examples': 5348, 'test/ctc_loss': Array(0.46437392, dtype=float32), 'test/wer': np.float64(0.5107752929945362), 'test/num_examples': 2472, 'score': 36944.212732076645, 'total_duration': 39312.03958272934, 'accumulated_submission_time': 36944.212732076645, 'accumulated_eval_time': 2366.218158721924, 'accumulated_logging_time': 1.3888015747070312}
I0529 13:45:24.444511 140185174009600 logging_writer.py:48] [14885] accumulated_eval_time=2366.22, accumulated_logging_time=1.3888, accumulated_submission_time=36944.2, global_step=14885, preemption_count=0, score=36944.2, test/ctc_loss=0.464373916387558, test/num_examples=2472, test/wer=0.510775, total_duration=39312, train/ctc_loss=0.43899768590927124, train/wer=0.504085, validation/ctc_loss=0.555626392364502, validation/num_examples=5348, validation/wer=0.558644
/usr/local/lib/python3.11/multiprocessing/popen_fork.py:66: RuntimeWarning: os.fork() was called. os.fork() is incompatible with multithreaded code, and JAX is multithreaded, so this will likely lead to a deadlock.
  self.pid = os.fork()
I0529 14:14:31.600188 140246080902336 spec.py:333] Evaluating on the training split.
I0529 14:15:15.114235 140246080902336 spec.py:346] Evaluating on the validation split.
I0529 14:16:10.877021 140246080902336 spec.py:363] Evaluating on the test split.
I0529 14:16:38.686399 140246080902336 submission_runner.py:516] Time since start: 41186.33s, 	Step: 15618, 	{'train/ctc_loss': Array(0.44531268, dtype=float32), 'train/wer': np.float64(0.5108392642182847), 'validation/ctc_loss': Array(0.54149646, dtype=float32), 'validation/wer': np.float64(0.5492299522039299), 'validation/num_examples': 5348, 'test/ctc_loss': Array(0.45042694, dtype=float32), 'test/wer': np.float64(0.501614770580708), 'test/num_examples': 2472, 'score': 38691.34919285774, 'total_duration': 41186.332733631134, 'accumulated_submission_time': 38691.34919285774, 'accumulated_eval_time': 2493.3021869659424, 'accumulated_logging_time': 1.4504380226135254}
I0529 14:16:38.738855 140185174009600 logging_writer.py:48] [15618] accumulated_eval_time=2493.3, accumulated_logging_time=1.45044, accumulated_submission_time=38691.3, global_step=15618, preemption_count=0, score=38691.3, test/ctc_loss=0.45042693614959717, test/num_examples=2472, test/wer=0.501615, total_duration=41186.3, train/ctc_loss=0.4453126788139343, train/wer=0.510839, validation/ctc_loss=0.5414964556694031, validation/num_examples=5348, validation/wer=0.54923
I0529 14:45:49.496452 140246080902336 spec.py:333] Evaluating on the training split.
I0529 14:46:32.402403 140246080902336 spec.py:346] Evaluating on the validation split.
/usr/local/lib/python3.11/multiprocessing/popen_fork.py:66: RuntimeWarning: os.fork() was called. os.fork() is incompatible with multithreaded code, and JAX is multithreaded, so this will likely lead to a deadlock.
  self.pid = os.fork()
I0529 14:47:28.929016 140246080902336 spec.py:363] Evaluating on the test split.
I0529 14:47:48.966517 140246080902336 submission_runner.py:516] Time since start: 43056.61s, 	Step: 16331, 	{'train/ctc_loss': Array(0.5091399, dtype=float32), 'train/wer': np.float64(0.5505443066124982), 'validation/ctc_loss': Array(0.5354626, dtype=float32), 'validation/wer': np.float64(0.5452228069328441), 'validation/num_examples': 5348, 'test/ctc_loss': Array(0.44209272, dtype=float32), 'test/wer': np.float64(0.4971868462210306), 'test/num_examples': 2472, 'score': 40442.08850622177, 'total_duration': 43056.61274290085, 'accumulated_submission_time': 40442.08850622177, 'accumulated_eval_time': 2612.7698090076447, 'accumulated_logging_time': 1.5130815505981445}
I0529 14:47:49.017239 140185174009600 logging_writer.py:48] [16331] accumulated_eval_time=2612.77, accumulated_logging_time=1.51308, accumulated_submission_time=40442.1, global_step=16331, preemption_count=0, score=40442.1, test/ctc_loss=0.4420927166938782, test/num_examples=2472, test/wer=0.497187, total_duration=43056.6, train/ctc_loss=0.509139895439148, train/wer=0.550544, validation/ctc_loss=0.5354626178741455, validation/num_examples=5348, validation/wer=0.545223
/usr/local/lib/python3.11/multiprocessing/popen_fork.py:66: RuntimeWarning: os.fork() was called. os.fork() is incompatible with multithreaded code, and JAX is multithreaded, so this will likely lead to a deadlock.
  self.pid = os.fork()
I0529 15:16:59.275815 140246080902336 spec.py:333] Evaluating on the training split.
I0529 15:17:41.785815 140246080902336 spec.py:346] Evaluating on the validation split.
I0529 15:18:31.696460 140246080902336 spec.py:363] Evaluating on the test split.
I0529 15:18:59.637750 140246080902336 submission_runner.py:516] Time since start: 44927.28s, 	Step: 17162, 	{'train/ctc_loss': Array(0.49946555, dtype=float32), 'train/wer': np.float64(0.5473056618018508), 'validation/ctc_loss': Array(0.5114188, dtype=float32), 'validation/wer': np.float64(0.5339062424564284), 'validation/num_examples': 5348, 'test/ctc_loss': Array(0.42075643, dtype=float32), 'test/wer': np.float64(0.4873154185200983), 'test/num_examples': 2472, 'score': 42192.324875831604, 'total_duration': 44927.284090042114, 'accumulated_submission_time': 42192.324875831604, 'accumulated_eval_time': 2733.129694223404, 'accumulated_logging_time': 1.5760416984558105}
I0529 15:18:59.689629 140185174009600 logging_writer.py:48] [17162] accumulated_eval_time=2733.13, accumulated_logging_time=1.57604, accumulated_submission_time=42192.3, global_step=17162, preemption_count=0, score=42192.3, test/ctc_loss=0.42075642943382263, test/num_examples=2472, test/wer=0.487315, total_duration=44927.3, train/ctc_loss=0.49946555495262146, train/wer=0.547306, validation/ctc_loss=0.5114188194274902, validation/num_examples=5348, validation/wer=0.533906
/usr/local/lib/python3.11/multiprocessing/popen_fork.py:66: RuntimeWarning: os.fork() was called. os.fork() is incompatible with multithreaded code, and JAX is multithreaded, so this will likely lead to a deadlock.
  self.pid = os.fork()
I0529 15:48:07.104096 140246080902336 spec.py:333] Evaluating on the training split.
I0529 15:48:48.482318 140246080902336 spec.py:346] Evaluating on the validation split.
I0529 15:49:37.201557 140246080902336 spec.py:363] Evaluating on the test split.
I0529 15:49:57.231790 140246080902336 submission_runner.py:516] Time since start: 46784.88s, 	Step: 17979, 	{'train/ctc_loss': Array(0.5527139, dtype=float32), 'train/wer': np.float64(0.5818333908546893), 'validation/ctc_loss': Array(0.53159976, dtype=float32), 'validation/wer': np.float64(0.5456573166610341), 'validation/num_examples': 5348, 'test/ctc_loss': Array(0.43052146, dtype=float32), 'test/wer': np.float64(0.49296203765766866), 'test/num_examples': 2472, 'score': 43939.71950793266, 'total_duration': 46784.87807917595, 'accumulated_submission_time': 43939.71950793266, 'accumulated_eval_time': 2843.2550632953644, 'accumulated_logging_time': 1.6384003162384033}
I0529 15:49:57.283762 140185174009600 logging_writer.py:48] [17979] accumulated_eval_time=2843.26, accumulated_logging_time=1.6384, accumulated_submission_time=43939.7, global_step=17979, preemption_count=0, score=43939.7, test/ctc_loss=0.4305214583873749, test/num_examples=2472, test/wer=0.492962, total_duration=46784.9, train/ctc_loss=0.5527138710021973, train/wer=0.581833, validation/ctc_loss=0.531599760055542, validation/num_examples=5348, validation/wer=0.545657
/usr/local/lib/python3.11/multiprocessing/popen_fork.py:66: RuntimeWarning: os.fork() was called. os.fork() is incompatible with multithreaded code, and JAX is multithreaded, so this will likely lead to a deadlock.
  self.pid = os.fork()
I0529 16:19:07.310657 140246080902336 spec.py:333] Evaluating on the training split.
I0529 16:19:49.013537 140246080902336 spec.py:346] Evaluating on the validation split.
I0529 16:20:45.557882 140246080902336 spec.py:363] Evaluating on the test split.
I0529 16:21:13.276124 140246080902336 submission_runner.py:516] Time since start: 48660.92s, 	Step: 18693, 	{'train/ctc_loss': Array(0.5134484, dtype=float32), 'train/wer': np.float64(0.5481574810567033), 'validation/ctc_loss': Array(0.5128945, dtype=float32), 'validation/wer': np.float64(0.5320040554241298), 'validation/num_examples': 5348, 'test/ctc_loss': Array(0.42009324, dtype=float32), 'test/wer': np.float64(0.48069384356021366), 'test/num_examples': 2472, 'score': 45689.72800064087, 'total_duration': 48660.92261886597, 'accumulated_submission_time': 45689.72800064087, 'accumulated_eval_time': 2969.2185094356537, 'accumulated_logging_time': 1.7005157470703125}
I0529 16:21:13.327920 140185174009600 logging_writer.py:48] [18693] accumulated_eval_time=2969.22, accumulated_logging_time=1.70052, accumulated_submission_time=45689.7, global_step=18693, preemption_count=0, score=45689.7, test/ctc_loss=0.42009323835372925, test/num_examples=2472, test/wer=0.480694, total_duration=48660.9, train/ctc_loss=0.5134484171867371, train/wer=0.548157, validation/ctc_loss=0.5128945112228394, validation/num_examples=5348, validation/wer=0.532004
I0529 16:50:30.785202 140246080902336 spec.py:333] Evaluating on the training split.
I0529 16:51:13.158864 140246080902336 spec.py:346] Evaluating on the validation split.
/usr/local/lib/python3.11/multiprocessing/popen_fork.py:66: RuntimeWarning: os.fork() was called. os.fork() is incompatible with multithreaded code, and JAX is multithreaded, so this will likely lead to a deadlock.
  self.pid = os.fork()
I0529 16:52:02.246056 140246080902336 spec.py:363] Evaluating on the test split.
I0529 16:52:22.312199 140246080902336 submission_runner.py:516] Time since start: 50529.96s, 	Step: 19466, 	{'train/ctc_loss': Array(0.4884032, dtype=float32), 'train/wer': np.float64(0.547075590393373), 'validation/ctc_loss': Array(0.49817196, dtype=float32), 'validation/wer': np.float64(0.5263361174141843), 'validation/num_examples': 5348, 'test/ctc_loss': Array(0.40414813, dtype=float32), 'test/wer': np.float64(0.47559563707269514), 'test/num_examples': 2472, 'score': 47447.16639947891, 'total_duration': 50529.95866179466, 'accumulated_submission_time': 47447.16639947891, 'accumulated_eval_time': 3080.74329996109, 'accumulated_logging_time': 1.7623062133789062}
I0529 16:52:22.362856 140185174009600 logging_writer.py:48] [19466] accumulated_eval_time=3080.74, accumulated_logging_time=1.76231, accumulated_submission_time=47447.2, global_step=19466, preemption_count=0, score=47447.2, test/ctc_loss=0.404148131608963, test/num_examples=2472, test/wer=0.475596, total_duration=50530, train/ctc_loss=0.48840320110321045, train/wer=0.547076, validation/ctc_loss=0.49817195534706116, validation/num_examples=5348, validation/wer=0.526336
/usr/local/lib/python3.11/multiprocessing/popen_fork.py:66: RuntimeWarning: os.fork() was called. os.fork() is incompatible with multithreaded code, and JAX is multithreaded, so this will likely lead to a deadlock.
  self.pid = os.fork()
I0529 17:21:31.242349 140246080902336 spec.py:333] Evaluating on the training split.
I0529 17:22:13.917937 140246080902336 spec.py:346] Evaluating on the validation split.
I0529 17:23:08.392416 140246080902336 spec.py:363] Evaluating on the test split.
I0529 17:23:28.460486 140246080902336 submission_runner.py:516] Time since start: 52396.11s, 	Step: 20336, 	{'train/ctc_loss': Array(0.46317765, dtype=float32), 'train/wer': np.float64(0.5215336762770666), 'validation/ctc_loss': Array(0.4893087, dtype=float32), 'validation/wer': np.float64(0.5176459228503838), 'validation/num_examples': 5348, 'test/ctc_loss': Array(0.3954617, dtype=float32), 'test/wer': np.float64(0.4652164198809741), 'test/num_examples': 2472, 'score': 49196.026061058044, 'total_duration': 52396.106924295425, 'accumulated_submission_time': 49196.026061058044, 'accumulated_eval_time': 3197.959349632263, 'accumulated_logging_time': 1.823021650314331}
I0529 17:23:28.513512 140185174009600 logging_writer.py:48] [20336] accumulated_eval_time=3197.96, accumulated_logging_time=1.82302, accumulated_submission_time=49196, global_step=20336, preemption_count=0, score=49196, test/ctc_loss=0.39546170830726624, test/num_examples=2472, test/wer=0.465216, total_duration=52396.1, train/ctc_loss=0.4631776511669159, train/wer=0.521534, validation/ctc_loss=0.4893087148666382, validation/num_examples=5348, validation/wer=0.517646
/usr/local/lib/python3.11/multiprocessing/popen_fork.py:66: RuntimeWarning: os.fork() was called. os.fork() is incompatible with multithreaded code, and JAX is multithreaded, so this will likely lead to a deadlock.
  self.pid = os.fork()
I0529 17:52:38.864051 140246080902336 spec.py:333] Evaluating on the training split.
I0529 17:53:22.646400 140246080902336 spec.py:346] Evaluating on the validation split.
I0529 17:54:21.049592 140246080902336 spec.py:363] Evaluating on the test split.
I0529 17:54:48.506518 140246080902336 submission_runner.py:516] Time since start: 54276.15s, 	Step: 21155, 	{'train/ctc_loss': Array(0.47557327, dtype=float32), 'train/wer': np.float64(0.5312148679987183), 'validation/ctc_loss': Array(0.4805972, dtype=float32), 'validation/wer': np.float64(0.5116400328296239), 'validation/num_examples': 5348, 'test/ctc_loss': Array(0.3864051, dtype=float32), 'test/wer': np.float64(0.45835110596551093), 'test/num_examples': 2472, 'score': 50946.35663986206, 'total_duration': 54276.152956962585, 'accumulated_submission_time': 50946.35663986206, 'accumulated_eval_time': 3327.5997428894043, 'accumulated_logging_time': 1.8862135410308838}
I0529 17:54:48.559075 140185174009600 logging_writer.py:48] [21155] accumulated_eval_time=3327.6, accumulated_logging_time=1.88621, accumulated_submission_time=50946.4, global_step=21155, preemption_count=0, score=50946.4, test/ctc_loss=0.3864051103591919, test/num_examples=2472, test/wer=0.458351, total_duration=54276.2, train/ctc_loss=0.47557327151298523, train/wer=0.531215, validation/ctc_loss=0.48059719800949097, validation/num_examples=5348, validation/wer=0.51164
/usr/local/lib/python3.11/multiprocessing/popen_fork.py:66: RuntimeWarning: os.fork() was called. os.fork() is incompatible with multithreaded code, and JAX is multithreaded, so this will likely lead to a deadlock.
  self.pid = os.fork()
I0529 18:23:55.963684 140246080902336 spec.py:333] Evaluating on the training split.
I0529 18:24:39.094281 140246080902336 spec.py:346] Evaluating on the validation split.
I0529 18:25:34.031366 140246080902336 spec.py:363] Evaluating on the test split.
I0529 18:26:01.826925 140246080902336 submission_runner.py:516] Time since start: 56149.47s, 	Step: 21865, 	{'train/ctc_loss': Array(0.45755437, dtype=float32), 'train/wer': np.float64(0.5218390310943137), 'validation/ctc_loss': Array(0.47653478, dtype=float32), 'validation/wer': np.float64(0.5062617679718051), 'validation/num_examples': 5348, 'test/ctc_loss': Array(0.38281125, dtype=float32), 'test/wer': np.float64(0.45055145938699653), 'test/num_examples': 2472, 'score': 52693.742581129074, 'total_duration': 56149.47345113754, 'accumulated_submission_time': 52693.742581129074, 'accumulated_eval_time': 3453.4611201286316, 'accumulated_logging_time': 1.9489099979400635}
I0529 18:26:01.908329 140185174009600 logging_writer.py:48] [21865] accumulated_eval_time=3453.46, accumulated_logging_time=1.94891, accumulated_submission_time=52693.7, global_step=21865, preemption_count=0, score=52693.7, test/ctc_loss=0.3828112483024597, test/num_examples=2472, test/wer=0.450551, total_duration=56149.5, train/ctc_loss=0.4575543701648712, train/wer=0.521839, validation/ctc_loss=0.47653478384017944, validation/num_examples=5348, validation/wer=0.506262
I0529 18:55:17.639091 140246080902336 spec.py:333] Evaluating on the training split.
I0529 18:56:00.030953 140246080902336 spec.py:346] Evaluating on the validation split.
/usr/local/lib/python3.11/multiprocessing/popen_fork.py:66: RuntimeWarning: os.fork() was called. os.fork() is incompatible with multithreaded code, and JAX is multithreaded, so this will likely lead to a deadlock.
  self.pid = os.fork()
I0529 18:56:39.737138 140246080902336 spec.py:363] Evaluating on the test split.
I0529 18:56:59.612159 140246080902336 submission_runner.py:516] Time since start: 58007.26s, 	Step: 22555, 	{'train/ctc_loss': Array(0.45467392, dtype=float32), 'train/wer': np.float64(0.5196357087839963), 'validation/ctc_loss': Array(0.47254053, dtype=float32), 'validation/wer': np.float64(0.5079032491671897), 'validation/num_examples': 5348, 'test/ctc_loss': Array(0.37726083, dtype=float32), 'test/wer': np.float64(0.45282635630572987), 'test/num_examples': 2472, 'score': 54449.45512461662, 'total_duration': 58007.25863599777, 'accumulated_submission_time': 54449.45512461662, 'accumulated_eval_time': 3555.4320046901703, 'accumulated_logging_time': 2.0406463146209717}
I0529 18:56:59.667723 140185174009600 logging_writer.py:48] [22555] accumulated_eval_time=3555.43, accumulated_logging_time=2.04065, accumulated_submission_time=54449.5, global_step=22555, preemption_count=0, score=54449.5, test/ctc_loss=0.37726083397865295, test/num_examples=2472, test/wer=0.452826, total_duration=58007.3, train/ctc_loss=0.4546739161014557, train/wer=0.519636, validation/ctc_loss=0.4725405275821686, validation/num_examples=5348, validation/wer=0.507903
/usr/local/lib/python3.11/multiprocessing/popen_fork.py:66: RuntimeWarning: os.fork() was called. os.fork() is incompatible with multithreaded code, and JAX is multithreaded, so this will likely lead to a deadlock.
  self.pid = os.fork()
I0529 19:26:07.457120 140246080902336 spec.py:333] Evaluating on the training split.
I0529 19:26:49.958117 140246080902336 spec.py:346] Evaluating on the validation split.
I0529 19:27:31.407964 140246080902336 spec.py:363] Evaluating on the test split.
I0529 19:27:58.321394 140246080902336 submission_runner.py:516] Time since start: 59865.97s, 	Step: 23384, 	{'train/ctc_loss': Array(0.44922912, dtype=float32), 'train/wer': np.float64(0.5053416149068323), 'validation/ctc_loss': Array(0.4524472, dtype=float32), 'validation/wer': np.float64(0.4924540143870999), 'validation/num_examples': 5348, 'test/ctc_loss': Array(0.36375037, dtype=float32), 'test/wer': np.float64(0.44214246541953567), 'test/num_examples': 2472, 'score': 56197.22408366203, 'total_duration': 59865.96772170067, 'accumulated_submission_time': 56197.22408366203, 'accumulated_eval_time': 3666.2940740585327, 'accumulated_logging_time': 2.107030153274536}
I0529 19:27:58.399109 140185174009600 logging_writer.py:48] [23384] accumulated_eval_time=3666.29, accumulated_logging_time=2.10703, accumulated_submission_time=56197.2, global_step=23384, preemption_count=0, score=56197.2, test/ctc_loss=0.3637503683567047, test/num_examples=2472, test/wer=0.442142, total_duration=59866, train/ctc_loss=0.4492291212081909, train/wer=0.505342, validation/ctc_loss=0.45244720578193665, validation/num_examples=5348, validation/wer=0.492454
/usr/local/lib/python3.11/multiprocessing/popen_fork.py:66: RuntimeWarning: os.fork() was called. os.fork() is incompatible with multithreaded code, and JAX is multithreaded, so this will likely lead to a deadlock.
  self.pid = os.fork()
I0529 19:57:08.110727 140246080902336 spec.py:333] Evaluating on the training split.
I0529 19:57:50.302175 140246080902336 spec.py:346] Evaluating on the validation split.
I0529 19:58:45.502077 140246080902336 spec.py:363] Evaluating on the test split.
I0529 19:59:05.454112 140246080902336 submission_runner.py:516] Time since start: 61733.10s, 	Step: 24168, 	{'train/ctc_loss': Array(0.4489402, dtype=float32), 'train/wer': np.float64(0.5106853015578677), 'validation/ctc_loss': Array(0.45305008, dtype=float32), 'validation/wer': np.float64(0.4903007772896249), 'validation/num_examples': 5348, 'test/ctc_loss': Array(0.35932726, dtype=float32), 'test/wer': np.float64(0.43535839782259866), 'test/num_examples': 2472, 'score': 57946.91531968117, 'total_duration': 61733.10053038597, 'accumulated_submission_time': 57946.91531968117, 'accumulated_eval_time': 3783.635261774063, 'accumulated_logging_time': 2.1960530281066895}
I0529 19:59:05.506039 140185174009600 logging_writer.py:48] [24168] accumulated_eval_time=3783.64, accumulated_logging_time=2.19605, accumulated_submission_time=57946.9, global_step=24168, preemption_count=0, score=57946.9, test/ctc_loss=0.3593272566795349, test/num_examples=2472, test/wer=0.435358, total_duration=61733.1, train/ctc_loss=0.4489401876926422, train/wer=0.510685, validation/ctc_loss=0.45305007696151733, validation/num_examples=5348, validation/wer=0.490301
/usr/local/lib/python3.11/multiprocessing/popen_fork.py:66: RuntimeWarning: os.fork() was called. os.fork() is incompatible with multithreaded code, and JAX is multithreaded, so this will likely lead to a deadlock.
  self.pid = os.fork()
I0529 20:28:14.578239 140246080902336 spec.py:333] Evaluating on the training split.
I0529 20:28:57.285824 140246080902336 spec.py:346] Evaluating on the validation split.
I0529 20:29:53.159998 140246080902336 spec.py:363] Evaluating on the test split.
I0529 20:30:13.016297 140246080902336 submission_runner.py:516] Time since start: 63600.66s, 	Step: 24773, 	{'train/ctc_loss': Array(0.4293667, dtype=float32), 'train/wer': np.float64(0.49943366841285575), 'validation/ctc_loss': Array(0.44867918, dtype=float32), 'validation/wer': np.float64(0.4859846473229373), 'validation/num_examples': 5348, 'test/ctc_loss': Array(0.3558076, dtype=float32), 'test/wer': np.float64(0.429143054455345), 'test/num_examples': 2472, 'score': 59695.96939992905, 'total_duration': 63600.662729501724, 'accumulated_submission_time': 59695.96939992905, 'accumulated_eval_time': 3902.0712327957153, 'accumulated_logging_time': 2.2588181495666504}
I0529 20:30:13.068843 140185174009600 logging_writer.py:48] [24773] accumulated_eval_time=3902.07, accumulated_logging_time=2.25882, accumulated_submission_time=59696, global_step=24773, preemption_count=0, score=59696, test/ctc_loss=0.3558076024055481, test/num_examples=2472, test/wer=0.429143, total_duration=63600.7, train/ctc_loss=0.42936670780181885, train/wer=0.499434, validation/ctc_loss=0.4486791789531708, validation/num_examples=5348, validation/wer=0.485985
I0529 20:59:29.470785 140246080902336 spec.py:333] Evaluating on the training split.
I0529 21:00:12.953707 140246080902336 spec.py:346] Evaluating on the validation split.
/usr/local/lib/python3.11/multiprocessing/popen_fork.py:66: RuntimeWarning: os.fork() was called. os.fork() is incompatible with multithreaded code, and JAX is multithreaded, so this will likely lead to a deadlock.
  self.pid = os.fork()
I0529 21:00:52.907169 140246080902336 spec.py:363] Evaluating on the test split.
I0529 21:01:12.996433 140246080902336 submission_runner.py:516] Time since start: 65460.64s, 	Step: 25544, 	{'train/ctc_loss': Array(0.4158402, dtype=float32), 'train/wer': np.float64(0.4828222027932836), 'validation/ctc_loss': Array(0.4280547, dtype=float32), 'validation/wer': np.float64(0.46930912953217785), 'validation/num_examples': 5348, 'test/ctc_loss': Array(0.33530584, dtype=float32), 'test/wer': np.float64(0.4141124855279995), 'test/num_examples': 2472, 'score': 61452.3523440361, 'total_duration': 65460.642746925354, 'accumulated_submission_time': 61452.3523440361, 'accumulated_eval_time': 4005.594521999359, 'accumulated_logging_time': 2.321449041366577}
I0529 21:01:13.097991 140185174009600 logging_writer.py:48] [25544] accumulated_eval_time=4005.59, accumulated_logging_time=2.32145, accumulated_submission_time=61452.4, global_step=25544, preemption_count=0, score=61452.4, test/ctc_loss=0.3353058397769928, test/num_examples=2472, test/wer=0.414112, total_duration=65460.6, train/ctc_loss=0.415840208530426, train/wer=0.482822, validation/ctc_loss=0.42805469036102295, validation/num_examples=5348, validation/wer=0.469309
/usr/local/lib/python3.11/multiprocessing/popen_fork.py:66: RuntimeWarning: os.fork() was called. os.fork() is incompatible with multithreaded code, and JAX is multithreaded, so this will likely lead to a deadlock.
  self.pid = os.fork()
I0529 21:30:21.964276 140246080902336 spec.py:333] Evaluating on the training split.
I0529 21:31:04.146939 140246080902336 spec.py:346] Evaluating on the validation split.
I0529 21:32:02.356307 140246080902336 spec.py:363] Evaluating on the test split.
I0529 21:32:29.794087 140246080902336 submission_runner.py:516] Time since start: 67337.44s, 	Step: 26343, 	{'train/ctc_loss': Array(0.41052002, dtype=float32), 'train/wer': np.float64(0.48366117475240744), 'validation/ctc_loss': Array(0.415365, dtype=float32), 'validation/wer': np.float64(0.46304253367450393), 'validation/num_examples': 5348, 'test/ctc_loss': Array(0.32693657, dtype=float32), 'test/wer': np.float64(0.4087502285052709), 'test/num_examples': 2472, 'score': 63201.19842481613, 'total_duration': 67337.4403936863, 'accumulated_submission_time': 63201.19842481613, 'accumulated_eval_time': 4133.4221205711365, 'accumulated_logging_time': 2.4338290691375732}
I0529 21:32:29.846427 140185174009600 logging_writer.py:48] [26343] accumulated_eval_time=4133.42, accumulated_logging_time=2.43383, accumulated_submission_time=63201.2, global_step=26343, preemption_count=0, score=63201.2, test/ctc_loss=0.3269365727901459, test/num_examples=2472, test/wer=0.40875, total_duration=67337.4, train/ctc_loss=0.4105200171470642, train/wer=0.483661, validation/ctc_loss=0.4153650104999542, validation/num_examples=5348, validation/wer=0.463043
/usr/local/lib/python3.11/multiprocessing/popen_fork.py:66: RuntimeWarning: os.fork() was called. os.fork() is incompatible with multithreaded code, and JAX is multithreaded, so this will likely lead to a deadlock.
  self.pid = os.fork()
I0529 22:01:37.333061 140246080902336 spec.py:333] Evaluating on the training split.
I0529 22:02:19.882857 140246080902336 spec.py:346] Evaluating on the validation split.
I0529 22:03:15.886000 140246080902336 spec.py:363] Evaluating on the test split.
I0529 22:03:40.529681 140246080902336 submission_runner.py:516] Time since start: 69208.18s, 	Step: 27109, 	{'train/ctc_loss': Array(0.39913517, dtype=float32), 'train/wer': np.float64(0.47114783734321297), 'validation/ctc_loss': Array(0.41469008, dtype=float32), 'validation/wer': np.float64(0.4616327910008207), 'validation/num_examples': 5348, 'test/ctc_loss': Array(0.32391807, dtype=float32), 'test/wer': np.float64(0.4064550200069059), 'test/num_examples': 2472, 'score': 64948.66587519646, 'total_duration': 69208.17595982552, 'accumulated_submission_time': 64948.66587519646, 'accumulated_eval_time': 4256.616496086121, 'accumulated_logging_time': 2.4963293075561523}
I0529 22:03:40.583416 140185174009600 logging_writer.py:48] [27109] accumulated_eval_time=4256.62, accumulated_logging_time=2.49633, accumulated_submission_time=64948.7, global_step=27109, preemption_count=0, score=64948.7, test/ctc_loss=0.32391807436943054, test/num_examples=2472, test/wer=0.406455, total_duration=69208.2, train/ctc_loss=0.39913517236709595, train/wer=0.471148, validation/ctc_loss=0.4146900773048401, validation/num_examples=5348, validation/wer=0.461633
I0529 22:32:48.162684 140185165616896 logging_writer.py:48] [27778] global_step=27778, preemption_count=0, score=66696.2
I0529 22:32:55.104773 140246080902336 submission_runner.py:857] Final librispeech_conformer score: 66696.19895291328
