python submission_runner.py --framework=jax --workload=finewebedu_lm --submission_path=submissions_algorithms/submissions/self_tuning/schedule_free_adamw_jax/submission.py --data_dir=/data/fineweb_edu_10B --experiment_dir=/experiment_runs --experiment_name=submissions_a100/schedule_free_adamw_jax/study_0 --overwrite=True --save_checkpoints=False --rng_seed=2062901709 --tuning_ruleset=self 2>&1 | tee -a /logs/finewebedu_lm_jax_05-11-2026-23-59-52.log
2026-05-11 23:59:53.212839: E external/local_xla/xla/stream_executor/cuda/cuda_fft.cc:467] Unable to register cuFFT factory: Attempting to register factory for plugin cuFFT when one has already been registered
WARNING: All log messages before absl::InitializeLog() is called are written to STDERR
E0000 00:00:1778543993.235742      13 cuda_dnn.cc:8579] Unable to register cuDNN factory: Attempting to register factory for plugin cuDNN when one has already been registered
E0000 00:00:1778543993.243313      13 cuda_blas.cc:1407] Unable to register cuBLAS factory: Attempting to register factory for plugin cuBLAS when one has already been registered
W0000 00:00:1778543993.261679      13 computation_placer.cc:177] computation placer already registered. Please check linkage and avoid linking the same target more than once.
W0000 00:00:1778543993.261704      13 computation_placer.cc:177] computation placer already registered. Please check linkage and avoid linking the same target more than once.
W0000 00:00:1778543993.261707      13 computation_placer.cc:177] computation placer already registered. Please check linkage and avoid linking the same target more than once.
W0000 00:00:1778543993.261709      13 computation_placer.cc:177] computation placer already registered. Please check linkage and avoid linking the same target more than once.
/usr/local/lib/python3.11/site-packages/torch/__init__.py:1617: UserWarning: Please use the new API settings to control TF32 behavior, such as torch.backends.cudnn.conv.fp32_precision = 'tf32' or torch.backends.cuda.matmul.fp32_precision = 'ieee'. Old settings, e.g, torch.backends.cuda.matmul.allow_tf32 = True, torch.backends.cudnn.allow_tf32 = True, allowTF32CuDNN() and allowTF32CuBLAS() will be deprecated after Pytorch 2.9. Please see https://pytorch.org/docs/main/notes/cuda.html#tensorfloat-32-tf32-on-ampere-and-later-devices (Triggered internally at /pytorch/aten/src/ATen/Context.cpp:80.)
  _C._set_float32_matmul_precision(precision)
/usr/local/lib/python3.11/site-packages/pydantic/_internal/_generate_schema.py:2249: UnsupportedFieldAttributeWarning: The 'repr' attribute with value False was provided to the `Field()` function, which has no effect in the context it was used. 'repr' is field-specific metadata, and can only be attached to a model field using `Annotated` metadata or by assignment. This may have happened because an `Annotated` type alias using the `type` statement was used, or if the `Field()` function was attached to a single member of a union type.
  warnings.warn(
/usr/local/lib/python3.11/site-packages/pydantic/_internal/_generate_schema.py:2249: UnsupportedFieldAttributeWarning: The 'frozen' attribute with value True was provided to the `Field()` function, which has no effect in the context it was used. 'frozen' is field-specific metadata, and can only be attached to a model field using `Annotated` metadata or by assignment. This may have happened because an `Annotated` type alias using the `type` statement was used, or if the `Field()` function was attached to a single member of a union type.
  warnings.warn(
I0512 00:00:00.395753 139634509087936 logger_utils.py:59] Removing existing experiment directory /experiment_runs/submissions_a100/schedule_free_adamw_jax/study_0/finewebedu_lm_jax because --overwrite was set.
I0512 00:00:00.401414 139634509087936 logger_utils.py:84] Creating experiment directory at /experiment_runs/submissions_a100/schedule_free_adamw_jax/study_0/finewebedu_lm_jax.
INFO:2026-05-12 00:00:00,583:jax._src.xla_bridge:830: Unable to initialize backend 'tpu': INTERNAL: Failed to open libtpu.so: libtpu.so: cannot open shared object file: No such file or directory
I0512 00:00:00.583765 139634509087936 xla_bridge.py:830] Unable to initialize backend 'tpu': INTERNAL: Failed to open libtpu.so: libtpu.so: cannot open shared object file: No such file or directory
I0512 00:00:01.569175 139634509087936 submission_runner.py:741] Creating directory at /experiment_runs/submissions_a100/schedule_free_adamw_jax/study_0/finewebedu_lm_jax/trial_1.
I0512 00:00:01.837176 139634509087936 submission_runner.py:242] Initializing dataset.
I0512 00:00:02.862168 139634509087936 submission_runner.py:251] Initializing model.
I0512 00:00:45.125233 139634509087936 submission_runner.py:294] Initializing optimizer.
I0512 00:00:45.558486 139634509087936 submission_runner.py:299] Initializing metrics bundle.
I0512 00:00:45.558720 139634509087936 submission_runner.py:321] Initializing checkpoint and logger.
I0512 00:00:45.567025 139634509087936 checkpoints.py:1098] Found no checkpoint files in /experiment_runs/submissions_a100/schedule_free_adamw_jax/study_0/finewebedu_lm_jax/trial_1 with prefix checkpoint_
I0512 00:00:45.567154 139634509087936 submission_runner.py:344] Saving meta data to /experiment_runs/submissions_a100/schedule_free_adamw_jax/study_0/finewebedu_lm_jax/trial_1/meta_data_0.json.
I0512 00:00:45.567361 139634509087936 logger_utils.py:283] Unable to record workload.train_mean information. Continuing without it.
I0512 00:00:45.567424 139634509087936 logger_utils.py:283] Unable to record workload.train_stddev information. Continuing without it.
I0512 00:00:45.734009 139634509087936 submission_runner.py:348] Saving flags to /experiment_runs/submissions_a100/schedule_free_adamw_jax/study_0/finewebedu_lm_jax/trial_1/flags_0.json.
I0512 00:00:45.750735 139634509087936 submission_runner.py:359] Starting training loop.
/usr/local/lib/python3.11/site-packages/jax/_src/interpreters/mlir.py:1268: UserWarning: Some donated buffers were not usable: float32[1024,1024], float32[1024,8,128], float32[1024,8,128], float32[1024,8,128], float32[1024,8192], float32[4096,1024], float32[1024], float32[1024], float32[1024,1024], float32[], float32[1024,8,128], float32[1024,8,128], float32[1024,8,128], float32[1024,8192], float32[4096,1024], float32[1024], float32[1024], float32[1024,1024], float32[], float32[1024,8,128], float32[1024,8,128], float32[1024,8,128], float32[1024,8192], float32[4096,1024], float32[1024], float32[1024], float32[1024,1024], float32[], float32[1024,8,128], float32[1024,8,128], float32[1024,8,128], float32[1024,8192], float32[4096,1024], float32[1024], float32[1024], float32[1024,1024], float32[], float32[1024,8,128], float32[1024,8,128], float32[1024,8,128], float32[1024,8192], float32[4096,1024], float32[1024], float32[1024], float32[1024,1024], float32[], float32[1024,8,128], float32[1024,8,128], float32[1024,8,128], float32[1024,8192], float32[4096,1024], float32[1024], float32[1024], float32[1024,1024], float32[], float32[1024,8,128], float32[1024,8,128], float32[1024,8,128], float32[1024,8192], float32[4096,1024], float32[1024], float32[1024], float32[1024,1024], float32[], float32[1024,8,128], float32[1024,8,128], float32[1024,8,128], float32[1024,8192], float32[4096,1024], float32[1024], float32[1024], float32[1024,1024], float32[], float32[1024,8,128], float32[1024,8,128], float32[1024,8,128], float32[1024,8192], float32[4096,1024], float32[1024], float32[1024], float32[1024,1024], float32[], float32[1024,8,128], float32[1024,8,128], float32[1024,8,128], float32[1024,8192], float32[4096,1024], float32[1024], float32[1024], float32[1024,1024], float32[], float32[1024,8,128], float32[1024,8,128], float32[1024,8,128], float32[1024,8192], float32[4096,1024], float32[1024], float32[1024], float32[1024,1024], float32[], float32[1024,8,128], float32[1024,8,128], float32[1024,8,128], float32[1024,8192], float32[4096,1024], float32[1024], float32[1024], float32[50257,1024], float32[1024].
See an explanation at https://docs.jax.dev/en/latest/faq.html#buffer-donation.
  warnings.warn("Some donated buffers were not usable:"
I0512 00:01:05.584804 139615608067840 logging_writer.py:48] [0] global_step=0, grad_norm=13.72846508026123, loss=11.057788848876953
I0512 00:01:06.251914 139634509087936 spec.py:333] Evaluating on the training split.
I0512 00:01:39.252393 139634509087936 spec.py:346] Evaluating on the validation split.
I0512 00:06:37.886312 139634509087936 spec.py:363] Evaluating on the test split.
I0512 00:06:37.886555 139634509087936 submission_runner.py:516] Time since start: 352.14s, 	Step: 1, 	{'train/loss': 11.058281898498535, 'train/ppl': 63467.41467824364, 'validation/loss': 11.057774543762207, 'validation/ppl': 63435.22235195929, 'validation/num_examples': 100000, 'test/loss': 0.0, 'test/ppl': 1.0, 'test/num_examples': 0, 'score': 20.501079082489014, 'total_duration': 352.1357762813568, 'accumulated_submission_time': 20.501079082489014, 'accumulated_eval_time': 331.6346070766449, 'accumulated_logging_time': 0}
I0512 00:06:37.917217 139460405729024 logging_writer.py:48] [1] accumulated_eval_time=331.635, accumulated_logging_time=0, accumulated_submission_time=20.5011, global_step=1, preemption_count=0, score=20.5011, test/loss=0, test/num_examples=0, test/ppl=1, total_duration=352.136, train/loss=11.0583, train/ppl=63467.4, validation/loss=11.0578, validation/num_examples=100000, validation/ppl=63435.2
/usr/local/lib/python3.11/site-packages/jax/_src/interpreters/mlir.py:1268: UserWarning: Some donated buffers were not usable: float32[1024,1024], float32[1024,8,128], float32[1024,8,128], float32[1024,8,128], float32[1024,8192], float32[4096,1024], float32[1024], float32[1024], float32[1024,1024], float32[], float32[1024,8,128], float32[1024,8,128], float32[1024,8,128], float32[1024,8192], float32[4096,1024], float32[1024], float32[1024], float32[1024,1024], float32[], float32[1024,8,128], float32[1024,8,128], float32[1024,8,128], float32[1024,8192], float32[4096,1024], float32[1024], float32[1024], float32[1024,1024], float32[], float32[1024,8,128], float32[1024,8,128], float32[1024,8,128], float32[1024,8192], float32[4096,1024], float32[1024], float32[1024], float32[1024,1024], float32[], float32[1024,8,128], float32[1024,8,128], float32[1024,8,128], float32[1024,8192], float32[4096,1024], float32[1024], float32[1024], float32[1024,1024], float32[], float32[1024,8,128], float32[1024,8,128], float32[1024,8,128], float32[1024,8192], float32[4096,1024], float32[1024], float32[1024], float32[1024,1024], float32[], float32[1024,8,128], float32[1024,8,128], float32[1024,8,128], float32[1024,8192], float32[4096,1024], float32[1024], float32[1024], float32[1024,1024], float32[], float32[1024,8,128], float32[1024,8,128], float32[1024,8,128], float32[1024,8192], float32[4096,1024], float32[1024], float32[1024], float32[1024,1024], float32[], float32[1024,8,128], float32[1024,8,128], float32[1024,8,128], float32[1024,8192], float32[4096,1024], float32[1024], float32[1024], float32[1024,1024], float32[], float32[1024,8,128], float32[1024,8,128], float32[1024,8,128], float32[1024,8192], float32[4096,1024], float32[1024], float32[1024], float32[1024,1024], float32[], float32[1024,8,128], float32[1024,8,128], float32[1024,8,128], float32[1024,8192], float32[4096,1024], float32[1024], float32[1024], float32[1024,1024], float32[], float32[1024,8,128], float32[1024,8,128], float32[1024,8,128], float32[1024,8192], float32[4096,1024], float32[1024], float32[1024], float32[50257,1024], float32[1024].
See an explanation at https://docs.jax.dev/en/latest/faq.html#buffer-donation.
  warnings.warn("Some donated buffers were not usable:"
I0512 00:07:05.379580 139460355372800 logging_writer.py:48] [100] global_step=100, grad_norm=1.5741201639175415, loss=7.01402473449707
I0512 00:07:27.816256 139460363765504 logging_writer.py:48] [200] global_step=200, grad_norm=1.3134936094284058, loss=6.283058166503906
I0512 00:07:50.237892 139460355372800 logging_writer.py:48] [300] global_step=300, grad_norm=1.2329908609390259, loss=6.013424396514893
I0512 00:08:12.647099 139460363765504 logging_writer.py:48] [400] global_step=400, grad_norm=1.1649816036224365, loss=5.751429557800293
I0512 00:08:35.078248 139460355372800 logging_writer.py:48] [500] global_step=500, grad_norm=0.7973954081535339, loss=5.371329307556152
I0512 00:08:57.515212 139460363765504 logging_writer.py:48] [600] global_step=600, grad_norm=0.6237652897834778, loss=5.314006328582764
I0512 00:09:19.964649 139460355372800 logging_writer.py:48] [700] global_step=700, grad_norm=0.5684638619422913, loss=4.991448879241943
I0512 00:09:42.417243 139460363765504 logging_writer.py:48] [800] global_step=800, grad_norm=0.5890041589736938, loss=4.864478588104248
I0512 00:10:04.893908 139460355372800 logging_writer.py:48] [900] global_step=900, grad_norm=0.5214149355888367, loss=4.8115234375
I0512 00:10:27.356698 139460363765504 logging_writer.py:48] [1000] global_step=1000, grad_norm=0.4295629858970642, loss=4.4521684646606445
I0512 00:10:49.823262 139460355372800 logging_writer.py:48] [1100] global_step=1100, grad_norm=0.4356667697429657, loss=4.451587200164795
I0512 00:11:12.288476 139460363765504 logging_writer.py:48] [1200] global_step=1200, grad_norm=0.32481181621551514, loss=4.356995105743408
I0512 00:11:34.759401 139460355372800 logging_writer.py:48] [1300] global_step=1300, grad_norm=0.2846754193305969, loss=4.491376876831055
I0512 00:11:57.229371 139460363765504 logging_writer.py:48] [1400] global_step=1400, grad_norm=0.2822318971157074, loss=4.295641899108887
I0512 00:12:19.774205 139460355372800 logging_writer.py:48] [1500] global_step=1500, grad_norm=0.30241790413856506, loss=4.282925128936768
I0512 00:12:42.241458 139460363765504 logging_writer.py:48] [1600] global_step=1600, grad_norm=0.3024968206882477, loss=4.197207450866699
I0512 00:13:04.709244 139460355372800 logging_writer.py:48] [1700] global_step=1700, grad_norm=0.24654625356197357, loss=4.14246940612793
I0512 00:13:27.178467 139460363765504 logging_writer.py:48] [1800] global_step=1800, grad_norm=0.25344589352607727, loss=4.182485580444336
I0512 00:13:49.652858 139460355372800 logging_writer.py:48] [1900] global_step=1900, grad_norm=0.23334138095378876, loss=4.020106315612793
I0512 00:14:12.124687 139460363765504 logging_writer.py:48] [2000] global_step=2000, grad_norm=0.29530203342437744, loss=4.050307273864746
I0512 00:14:34.598765 139460355372800 logging_writer.py:48] [2100] global_step=2100, grad_norm=0.24863147735595703, loss=4.054082870483398
I0512 00:14:57.069383 139460363765504 logging_writer.py:48] [2200] global_step=2200, grad_norm=0.21530210971832275, loss=3.994614839553833
I0512 00:15:19.541179 139460355372800 logging_writer.py:48] [2300] global_step=2300, grad_norm=0.2299969643354416, loss=4.029959678649902
I0512 00:15:42.008701 139460363765504 logging_writer.py:48] [2400] global_step=2400, grad_norm=0.2173951119184494, loss=4.060089111328125
I0512 00:16:04.478733 139460355372800 logging_writer.py:48] [2500] global_step=2500, grad_norm=0.22877441346645355, loss=3.9081199169158936
I0512 00:16:26.947970 139460363765504 logging_writer.py:48] [2600] global_step=2600, grad_norm=0.20608922839164734, loss=3.8497776985168457
I0512 00:16:49.418613 139460355372800 logging_writer.py:48] [2700] global_step=2700, grad_norm=0.21461214125156403, loss=3.813939332962036
I0512 00:17:11.883143 139460363765504 logging_writer.py:48] [2800] global_step=2800, grad_norm=0.19227272272109985, loss=3.7576897144317627
I0512 00:17:34.344535 139460355372800 logging_writer.py:48] [2900] global_step=2900, grad_norm=0.21079641580581665, loss=3.9204206466674805
I0512 00:17:56.814714 139460363765504 logging_writer.py:48] [3000] global_step=3000, grad_norm=0.19199420511722565, loss=3.7965946197509766
I0512 00:18:19.356015 139460355372800 logging_writer.py:48] [3100] global_step=3100, grad_norm=0.1859714537858963, loss=3.800466775894165
I0512 00:18:41.836723 139460363765504 logging_writer.py:48] [3200] global_step=3200, grad_norm=0.18791602551937103, loss=3.840653657913208
I0512 00:19:04.309298 139460355372800 logging_writer.py:48] [3300] global_step=3300, grad_norm=0.18660858273506165, loss=3.7921218872070312
I0512 00:19:26.782360 139460363765504 logging_writer.py:48] [3400] global_step=3400, grad_norm=0.17523859441280365, loss=3.7261338233947754
I0512 00:19:49.257431 139460355372800 logging_writer.py:48] [3500] global_step=3500, grad_norm=0.1804233193397522, loss=3.8589487075805664
I0512 00:20:11.747743 139460363765504 logging_writer.py:48] [3600] global_step=3600, grad_norm=0.16930758953094482, loss=3.7490005493164062
I0512 00:20:34.214847 139460355372800 logging_writer.py:48] [3700] global_step=3700, grad_norm=0.19967561960220337, loss=3.797680139541626
I0512 00:20:56.685022 139460363765504 logging_writer.py:48] [3800] global_step=3800, grad_norm=0.16698147356510162, loss=3.728624105453491
I0512 00:21:19.152855 139460355372800 logging_writer.py:48] [3900] global_step=3900, grad_norm=0.17452460527420044, loss=3.716188907623291
I0512 00:21:41.625702 139460363765504 logging_writer.py:48] [4000] global_step=4000, grad_norm=0.1664622277021408, loss=3.648723840713501
I0512 00:22:04.103217 139460355372800 logging_writer.py:48] [4100] global_step=4100, grad_norm=0.17890971899032593, loss=3.7773849964141846
I0512 00:22:26.569024 139460363765504 logging_writer.py:48] [4200] global_step=4200, grad_norm=0.17432178556919098, loss=3.5588197708129883
I0512 00:22:49.041845 139460355372800 logging_writer.py:48] [4300] global_step=4300, grad_norm=0.18859617412090302, loss=3.7464895248413086
I0512 00:23:11.508130 139460363765504 logging_writer.py:48] [4400] global_step=4400, grad_norm=0.16317607462406158, loss=3.815061092376709
I0512 00:23:33.975661 139460355372800 logging_writer.py:48] [4500] global_step=4500, grad_norm=0.1733238846063614, loss=3.7030396461486816
I0512 00:23:56.503139 139460363765504 logging_writer.py:48] [4600] global_step=4600, grad_norm=0.1802961826324463, loss=3.745407819747925
I0512 00:24:18.971775 139460355372800 logging_writer.py:48] [4700] global_step=4700, grad_norm=0.18192458152770996, loss=3.6420745849609375
I0512 00:24:41.435757 139460363765504 logging_writer.py:48] [4800] global_step=4800, grad_norm=0.16808143258094788, loss=3.536604881286621
I0512 00:25:03.894881 139460355372800 logging_writer.py:48] [4900] global_step=4900, grad_norm=0.1630534678697586, loss=3.6114678382873535
I0512 00:25:26.359723 139460363765504 logging_writer.py:48] [5000] global_step=5000, grad_norm=0.16273362934589386, loss=3.651533365249634
I0512 00:25:48.825363 139460355372800 logging_writer.py:48] [5100] global_step=5100, grad_norm=0.1614203155040741, loss=3.6319825649261475
I0512 00:26:11.287667 139460363765504 logging_writer.py:48] [5200] global_step=5200, grad_norm=0.16240833699703217, loss=3.783681631088257
I0512 00:26:33.746032 139460355372800 logging_writer.py:48] [5300] global_step=5300, grad_norm=0.1670117974281311, loss=3.73460054397583
I0512 00:26:56.199434 139460363765504 logging_writer.py:48] [5400] global_step=5400, grad_norm=0.16327951848506927, loss=3.603755235671997
I0512 00:27:18.657778 139460355372800 logging_writer.py:48] [5500] global_step=5500, grad_norm=0.1632629930973053, loss=3.5723934173583984
I0512 00:27:41.112869 139460363765504 logging_writer.py:48] [5600] global_step=5600, grad_norm=0.15975616872310638, loss=3.6374258995056152
I0512 00:28:03.569781 139460355372800 logging_writer.py:48] [5700] global_step=5700, grad_norm=0.16338734328746796, loss=3.6011900901794434
I0512 00:28:26.040151 139460363765504 logging_writer.py:48] [5800] global_step=5800, grad_norm=0.1592787504196167, loss=3.67415189743042
I0512 00:28:48.501367 139460355372800 logging_writer.py:48] [5900] global_step=5900, grad_norm=0.1611560583114624, loss=3.6084072589874268
I0512 00:29:10.953367 139460363765504 logging_writer.py:48] [6000] global_step=6000, grad_norm=0.17896603047847748, loss=3.5413215160369873
I0512 00:29:33.465968 139460355372800 logging_writer.py:48] [6100] global_step=6100, grad_norm=0.1742112636566162, loss=3.547499656677246
I0512 00:29:55.923979 139460363765504 logging_writer.py:48] [6200] global_step=6200, grad_norm=0.1731647551059723, loss=3.6639609336853027
I0512 00:30:18.388717 139460355372800 logging_writer.py:48] [6300] global_step=6300, grad_norm=0.15569521486759186, loss=3.5389320850372314
I0512 00:30:40.842087 139460363765504 logging_writer.py:48] [6400] global_step=6400, grad_norm=0.1755414754152298, loss=3.6461451053619385
I0512 00:31:03.293093 139460355372800 logging_writer.py:48] [6500] global_step=6500, grad_norm=0.16068768501281738, loss=3.6272850036621094
I0512 00:31:25.739244 139460363765504 logging_writer.py:48] [6600] global_step=6600, grad_norm=0.15806527435779572, loss=3.5766797065734863
I0512 00:31:48.188201 139460355372800 logging_writer.py:48] [6700] global_step=6700, grad_norm=0.16170468926429749, loss=3.573892593383789
I0512 00:32:10.641045 139460363765504 logging_writer.py:48] [6800] global_step=6800, grad_norm=0.16088201105594635, loss=3.5188348293304443
I0512 00:32:33.095933 139460355372800 logging_writer.py:48] [6900] global_step=6900, grad_norm=0.18996945023536682, loss=3.5920498371124268
I0512 00:32:55.545318 139460363765504 logging_writer.py:48] [7000] global_step=7000, grad_norm=0.1577943116426468, loss=3.5866916179656982
I0512 00:33:17.993376 139460355372800 logging_writer.py:48] [7100] global_step=7100, grad_norm=0.1621210277080536, loss=3.383347988128662
I0512 00:33:40.448719 139460363765504 logging_writer.py:48] [7200] global_step=7200, grad_norm=0.15791359543800354, loss=3.4742274284362793
I0512 00:34:02.898002 139460355372800 logging_writer.py:48] [7300] global_step=7300, grad_norm=0.1574043482542038, loss=3.5096285343170166
I0512 00:34:25.345608 139460363765504 logging_writer.py:48] [7400] global_step=7400, grad_norm=0.1577579379081726, loss=3.4179039001464844
I0512 00:34:47.794618 139460355372800 logging_writer.py:48] [7500] global_step=7500, grad_norm=0.1552155613899231, loss=3.4387776851654053
I0512 00:35:10.303476 139460363765504 logging_writer.py:48] [7600] global_step=7600, grad_norm=0.16645018756389618, loss=3.522881031036377
I0512 00:35:32.746081 139460355372800 logging_writer.py:48] [7700] global_step=7700, grad_norm=0.15861015021800995, loss=3.54329776763916
I0512 00:35:55.186794 139460363765504 logging_writer.py:48] [7800] global_step=7800, grad_norm=0.1643318086862564, loss=3.6048130989074707
I0512 00:36:17.630148 139460355372800 logging_writer.py:48] [7900] global_step=7900, grad_norm=0.1603281944990158, loss=3.555114269256592
I0512 00:36:40.067879 139460363765504 logging_writer.py:48] [8000] global_step=8000, grad_norm=0.16245165467262268, loss=3.602968692779541
I0512 00:37:02.510135 139460355372800 logging_writer.py:48] [8100] global_step=8100, grad_norm=0.16889232397079468, loss=3.5800137519836426
I0512 00:37:24.950100 139460363765504 logging_writer.py:48] [8200] global_step=8200, grad_norm=0.18694812059402466, loss=3.4858293533325195
I0512 00:37:47.392636 139460355372800 logging_writer.py:48] [8300] global_step=8300, grad_norm=0.17161385715007782, loss=3.5962157249450684
I0512 00:38:09.832536 139460363765504 logging_writer.py:48] [8400] global_step=8400, grad_norm=0.15425822138786316, loss=3.479268789291382
I0512 00:38:32.275029 139460355372800 logging_writer.py:48] [8500] global_step=8500, grad_norm=0.15430296957492828, loss=3.5259311199188232
I0512 00:38:54.715970 139460363765504 logging_writer.py:48] [8600] global_step=8600, grad_norm=0.1608218103647232, loss=3.4713025093078613
I0512 00:39:17.160008 139460355372800 logging_writer.py:48] [8700] global_step=8700, grad_norm=0.17704370617866516, loss=3.474912643432617
I0512 00:39:39.604947 139460363765504 logging_writer.py:48] [8800] global_step=8800, grad_norm=0.16743740439414978, loss=3.3522133827209473
I0512 00:40:02.061102 139460355372800 logging_writer.py:48] [8900] global_step=8900, grad_norm=0.18372686207294464, loss=3.4801185131073
I0512 00:40:24.505203 139460363765504 logging_writer.py:48] [9000] global_step=9000, grad_norm=0.182357519865036, loss=3.485097885131836
I0512 00:40:47.012601 139460355372800 logging_writer.py:48] [9100] global_step=9100, grad_norm=0.17453248798847198, loss=3.444532871246338
I0512 00:41:09.456622 139460363765504 logging_writer.py:48] [9200] global_step=9200, grad_norm=0.17435923218727112, loss=3.4441776275634766
I0512 00:41:31.898710 139460355372800 logging_writer.py:48] [9300] global_step=9300, grad_norm=0.16908667981624603, loss=3.423402786254883
I0512 00:41:54.335577 139460363765504 logging_writer.py:48] [9400] global_step=9400, grad_norm=0.18209020793437958, loss=3.434654474258423
I0512 00:42:16.783424 139460355372800 logging_writer.py:48] [9500] global_step=9500, grad_norm=0.17408186197280884, loss=3.4476661682128906
I0512 00:42:39.229089 139460363765504 logging_writer.py:48] [9600] global_step=9600, grad_norm=0.17586229741573334, loss=3.4114105701446533
I0512 00:43:01.675307 139460355372800 logging_writer.py:48] [9700] global_step=9700, grad_norm=0.1766822338104248, loss=3.5097453594207764
I0512 00:43:24.123510 139460363765504 logging_writer.py:48] [9800] global_step=9800, grad_norm=0.1815115064382553, loss=3.4356770515441895
I0512 00:43:46.566660 139460355372800 logging_writer.py:48] [9900] global_step=9900, grad_norm=0.1773383766412735, loss=3.4214792251586914
I0512 00:44:09.010504 139460363765504 logging_writer.py:48] [10000] global_step=10000, grad_norm=0.16802453994750977, loss=3.5071969032287598
I0512 00:44:31.451613 139460355372800 logging_writer.py:48] [10100] global_step=10100, grad_norm=0.1890610158443451, loss=3.4094839096069336
I0512 00:44:53.891223 139460363765504 logging_writer.py:48] [10200] global_step=10200, grad_norm=0.1705712229013443, loss=3.502286911010742
I0512 00:45:16.335970 139460355372800 logging_writer.py:48] [10300] global_step=10300, grad_norm=0.18592830002307892, loss=3.362851858139038
I0512 00:45:38.775242 139460363765504 logging_writer.py:48] [10400] global_step=10400, grad_norm=0.16745921969413757, loss=3.367898464202881
I0512 00:46:01.213113 139460355372800 logging_writer.py:48] [10500] global_step=10500, grad_norm=0.1800564080476761, loss=3.428931951522827
I0512 00:46:23.719597 139460363765504 logging_writer.py:48] [10600] global_step=10600, grad_norm=0.1963617205619812, loss=3.4012134075164795
I0512 00:46:46.159524 139460355372800 logging_writer.py:48] [10700] global_step=10700, grad_norm=0.17822448909282684, loss=3.402820110321045
I0512 00:47:08.603205 139460363765504 logging_writer.py:48] [10800] global_step=10800, grad_norm=0.17199085652828217, loss=3.443856716156006
I0512 00:47:31.046637 139460355372800 logging_writer.py:48] [10900] global_step=10900, grad_norm=0.18705059587955475, loss=3.4410223960876465
I0512 00:47:53.490119 139460363765504 logging_writer.py:48] [11000] global_step=11000, grad_norm=0.18566946685314178, loss=3.3896126747131348
I0512 00:48:15.931950 139460355372800 logging_writer.py:48] [11100] global_step=11100, grad_norm=0.18295086920261383, loss=3.363764762878418
I0512 00:48:38.373908 139460363765504 logging_writer.py:48] [11200] global_step=11200, grad_norm=0.18665815889835358, loss=3.40986967086792
I0512 00:49:00.818777 139460355372800 logging_writer.py:48] [11300] global_step=11300, grad_norm=0.18113373219966888, loss=3.413724660873413
I0512 00:49:23.261682 139460363765504 logging_writer.py:48] [11400] global_step=11400, grad_norm=0.17913612723350525, loss=3.4541499614715576
I0512 00:49:28.896755 139634509087936 spec.py:333] Evaluating on the training split.
I0512 00:49:59.517899 139634509087936 spec.py:346] Evaluating on the validation split.
I0512 00:54:57.607126 139634509087936 spec.py:363] Evaluating on the test split.
I0512 00:54:57.607358 139634509087936 submission_runner.py:516] Time since start: 3251.86s, 	Step: 11427, 	{'train/loss': 3.389890670776367, 'train/ppl': 29.662709092129113, 'validation/loss': 3.3920655250549316, 'validation/ppl': 29.72729136497202, 'validation/num_examples': 100000, 'test/loss': 0.0, 'test/ppl': 1.0, 'test/num_examples': 0, 'score': 2591.3998839855194, 'total_duration': 3251.856593608856, 'accumulated_submission_time': 2591.3998839855194, 'accumulated_eval_time': 660.3451807498932, 'accumulated_logging_time': 0.03881716728210449}
I0512 00:54:57.646234 139460355372800 logging_writer.py:48] [11427] accumulated_eval_time=660.345, accumulated_logging_time=0.0388172, accumulated_submission_time=2591.4, global_step=11427, preemption_count=0, score=2591.4, test/loss=0, test/num_examples=0, test/ppl=1, total_duration=3251.86, train/loss=3.38989, train/ppl=29.6627, validation/loss=3.39207, validation/num_examples=100000, validation/ppl=29.7273
I0512 00:55:14.453832 139460363765504 logging_writer.py:48] [11500] global_step=11500, grad_norm=0.1975168138742447, loss=3.489327907562256
I0512 00:55:36.923269 139460355372800 logging_writer.py:48] [11600] global_step=11600, grad_norm=0.18032510578632355, loss=3.433420181274414
I0512 00:55:59.391593 139460363765504 logging_writer.py:48] [11700] global_step=11700, grad_norm=0.1818726360797882, loss=3.443592071533203
I0512 00:56:21.854777 139460355372800 logging_writer.py:48] [11800] global_step=11800, grad_norm=0.19482718408107758, loss=3.3838448524475098
I0512 00:56:44.311558 139460363765504 logging_writer.py:48] [11900] global_step=11900, grad_norm=0.20248715579509735, loss=3.4074721336364746
I0512 00:57:06.773041 139460355372800 logging_writer.py:48] [12000] global_step=12000, grad_norm=0.19554628431797028, loss=3.492079496383667
I0512 00:57:29.225427 139460363765504 logging_writer.py:48] [12100] global_step=12100, grad_norm=0.19546052813529968, loss=3.424623966217041
I0512 00:57:51.682019 139460355372800 logging_writer.py:48] [12200] global_step=12200, grad_norm=0.19832651317119598, loss=3.4843015670776367
I0512 00:58:14.135582 139460363765504 logging_writer.py:48] [12300] global_step=12300, grad_norm=0.2062406837940216, loss=3.3915090560913086
I0512 00:58:36.589465 139460355372800 logging_writer.py:48] [12400] global_step=12400, grad_norm=0.19619403779506683, loss=3.5067191123962402
I0512 00:58:59.044313 139460363765504 logging_writer.py:48] [12500] global_step=12500, grad_norm=0.18777421116828918, loss=3.4252066612243652
I0512 00:59:21.495184 139460355372800 logging_writer.py:48] [12600] global_step=12600, grad_norm=0.19351650774478912, loss=3.364530086517334
I0512 00:59:43.947427 139460363765504 logging_writer.py:48] [12700] global_step=12700, grad_norm=0.19686271250247955, loss=3.42645001411438
I0512 01:00:06.412661 139460355372800 logging_writer.py:48] [12800] global_step=12800, grad_norm=0.21329492330551147, loss=3.4646077156066895
I0512 01:00:28.865024 139460363765504 logging_writer.py:48] [12900] global_step=12900, grad_norm=0.19589899480342865, loss=3.441779375076294
I0512 01:00:51.381805 139460355372800 logging_writer.py:48] [13000] global_step=13000, grad_norm=0.20106728374958038, loss=3.4220566749572754
I0512 01:01:13.825914 139460363765504 logging_writer.py:48] [13100] global_step=13100, grad_norm=0.19803541898727417, loss=3.4305543899536133
I0512 01:01:36.275996 139460355372800 logging_writer.py:48] [13200] global_step=13200, grad_norm=0.19782254099845886, loss=3.4523065090179443
I0512 01:01:58.727121 139460363765504 logging_writer.py:48] [13300] global_step=13300, grad_norm=0.19774101674556732, loss=3.3511669635772705
I0512 01:02:21.180082 139460355372800 logging_writer.py:48] [13400] global_step=13400, grad_norm=0.20696532726287842, loss=3.4583709239959717
I0512 01:02:43.622033 139460363765504 logging_writer.py:48] [13500] global_step=13500, grad_norm=0.19711098074913025, loss=3.4147026538848877
I0512 01:03:06.063495 139460355372800 logging_writer.py:48] [13600] global_step=13600, grad_norm=0.2111862301826477, loss=3.4617726802825928
I0512 01:03:28.512095 139460363765504 logging_writer.py:48] [13700] global_step=13700, grad_norm=0.2013079673051834, loss=3.4681379795074463
I0512 01:03:50.957818 139460355372800 logging_writer.py:48] [13800] global_step=13800, grad_norm=0.20005083084106445, loss=3.3877112865448
I0512 01:04:13.403268 139460363765504 logging_writer.py:48] [13900] global_step=13900, grad_norm=0.21989643573760986, loss=3.2878479957580566
I0512 01:04:35.846737 139460355372800 logging_writer.py:48] [14000] global_step=14000, grad_norm=0.2128976285457611, loss=3.333483934402466
I0512 01:04:58.292969 139460363765504 logging_writer.py:48] [14100] global_step=14100, grad_norm=0.21149536967277527, loss=3.3423776626586914
I0512 01:05:20.736435 139460355372800 logging_writer.py:48] [14200] global_step=14200, grad_norm=0.22530074417591095, loss=3.3653974533081055
I0512 01:05:43.189342 139460363765504 logging_writer.py:48] [14300] global_step=14300, grad_norm=0.21620751917362213, loss=3.250333547592163
I0512 01:06:05.637749 139460355372800 logging_writer.py:48] [14400] global_step=14400, grad_norm=0.20768806338310242, loss=3.333953619003296
I0512 01:06:28.143975 139460363765504 logging_writer.py:48] [14500] global_step=14500, grad_norm=0.21143803000450134, loss=3.4313013553619385
I0512 01:06:50.588283 139460355372800 logging_writer.py:48] [14600] global_step=14600, grad_norm=0.2096356749534607, loss=3.400204658508301
I0512 01:07:13.033500 139460363765504 logging_writer.py:48] [14700] global_step=14700, grad_norm=0.2337018996477127, loss=3.338331460952759
I0512 01:07:35.472114 139460355372800 logging_writer.py:48] [14800] global_step=14800, grad_norm=0.21070973575115204, loss=3.4244422912597656
I0512 01:07:57.920936 139460363765504 logging_writer.py:48] [14900] global_step=14900, grad_norm=0.22436216473579407, loss=3.3842296600341797
I0512 01:08:20.371444 139460355372800 logging_writer.py:48] [15000] global_step=15000, grad_norm=0.21406541764736176, loss=3.495835304260254
I0512 01:08:42.810277 139460363765504 logging_writer.py:48] [15100] global_step=15100, grad_norm=0.21477778255939484, loss=3.399275779724121
I0512 01:09:05.256096 139460355372800 logging_writer.py:48] [15200] global_step=15200, grad_norm=0.22726142406463623, loss=3.409085988998413
I0512 01:09:27.695636 139460363765504 logging_writer.py:48] [15300] global_step=15300, grad_norm=0.22955448925495148, loss=3.3840513229370117
I0512 01:09:50.134463 139460355372800 logging_writer.py:48] [15400] global_step=15400, grad_norm=0.2114064246416092, loss=3.3579468727111816
I0512 01:10:12.591506 139460363765504 logging_writer.py:48] [15500] global_step=15500, grad_norm=0.22972384095191956, loss=3.4112536907196045
I0512 01:10:35.038691 139460355372800 logging_writer.py:48] [15600] global_step=15600, grad_norm=0.2501750886440277, loss=3.6074185371398926
I0512 01:10:57.488258 139460363765504 logging_writer.py:48] [15700] global_step=15700, grad_norm=0.22911430895328522, loss=3.406174659729004
I0512 01:11:19.932406 139460355372800 logging_writer.py:48] [15800] global_step=15800, grad_norm=0.24146440625190735, loss=3.3456058502197266
I0512 01:11:42.378501 139460363765504 logging_writer.py:48] [15900] global_step=15900, grad_norm=0.23115071654319763, loss=3.3124964237213135
I0512 01:12:04.899060 139460355372800 logging_writer.py:48] [16000] global_step=16000, grad_norm=0.22453975677490234, loss=3.3519816398620605
I0512 01:12:27.344571 139460363765504 logging_writer.py:48] [16100] global_step=16100, grad_norm=0.23909032344818115, loss=3.3400392532348633
I0512 01:12:49.790820 139460355372800 logging_writer.py:48] [16200] global_step=16200, grad_norm=0.22596493363380432, loss=3.414377212524414
I0512 01:13:12.235006 139460363765504 logging_writer.py:48] [16300] global_step=16300, grad_norm=0.23539067804813385, loss=3.298675537109375
I0512 01:13:34.678725 139460355372800 logging_writer.py:48] [16400] global_step=16400, grad_norm=0.24282968044281006, loss=3.4669854640960693
I0512 01:13:57.126768 139460363765504 logging_writer.py:48] [16500] global_step=16500, grad_norm=0.22373607754707336, loss=3.280996799468994
I0512 01:14:19.570878 139460355372800 logging_writer.py:48] [16600] global_step=16600, grad_norm=0.24014414846897125, loss=3.373971939086914
I0512 01:14:42.023081 139460363765504 logging_writer.py:48] [16700] global_step=16700, grad_norm=0.25284862518310547, loss=3.3575234413146973
I0512 01:15:04.473825 139460355372800 logging_writer.py:48] [16800] global_step=16800, grad_norm=0.23991313576698303, loss=3.352834701538086
I0512 01:15:26.923707 139460363765504 logging_writer.py:48] [16900] global_step=16900, grad_norm=0.23623017966747284, loss=3.3252155780792236
I0512 01:15:49.372347 139460355372800 logging_writer.py:48] [17000] global_step=17000, grad_norm=0.2583085596561432, loss=3.3077282905578613
I0512 01:16:11.817173 139460363765504 logging_writer.py:48] [17100] global_step=17100, grad_norm=0.2476944774389267, loss=3.319071054458618
I0512 01:16:34.260113 139460355372800 logging_writer.py:48] [17200] global_step=17200, grad_norm=0.23613250255584717, loss=3.419090509414673
I0512 01:16:56.700165 139460363765504 logging_writer.py:48] [17300] global_step=17300, grad_norm=0.24273467063903809, loss=3.340437650680542
I0512 01:17:19.147283 139460355372800 logging_writer.py:48] [17400] global_step=17400, grad_norm=0.23911960422992706, loss=3.4334335327148438
I0512 01:17:41.583011 139460363765504 logging_writer.py:48] [17500] global_step=17500, grad_norm=0.2648997902870178, loss=3.157597541809082
I0512 01:18:04.090137 139460355372800 logging_writer.py:48] [17600] global_step=17600, grad_norm=0.2547100782394409, loss=3.260939836502075
I0512 01:18:26.535392 139460363765504 logging_writer.py:48] [17700] global_step=17700, grad_norm=0.2507575750350952, loss=3.1894257068634033
I0512 01:18:48.985352 139460355372800 logging_writer.py:48] [17800] global_step=17800, grad_norm=0.29343679547309875, loss=3.358649969100952
I0512 01:19:11.436017 139460363765504 logging_writer.py:48] [17900] global_step=17900, grad_norm=0.23657695949077606, loss=3.3130722045898438
I0512 01:19:33.871307 139460355372800 logging_writer.py:48] [18000] global_step=18000, grad_norm=0.2451280802488327, loss=3.364968776702881
I0512 01:19:56.317196 139460363765504 logging_writer.py:48] [18100] global_step=18100, grad_norm=0.2492685765028, loss=3.2192554473876953
I0512 01:20:18.770329 139460355372800 logging_writer.py:48] [18200] global_step=18200, grad_norm=0.24111925065517426, loss=3.306349992752075
I0512 01:20:41.209144 139460363765504 logging_writer.py:48] [18300] global_step=18300, grad_norm=0.2376883327960968, loss=3.2920773029327393
I0512 01:21:03.648874 139460355372800 logging_writer.py:48] [18400] global_step=18400, grad_norm=0.24420557916164398, loss=3.3456082344055176
I0512 01:21:26.088725 139460363765504 logging_writer.py:48] [18500] global_step=18500, grad_norm=0.2476099580526352, loss=3.3639068603515625
I0512 01:21:48.526367 139460355372800 logging_writer.py:48] [18600] global_step=18600, grad_norm=0.2592463493347168, loss=3.3206992149353027
I0512 01:22:10.968273 139460363765504 logging_writer.py:48] [18700] global_step=18700, grad_norm=0.239368736743927, loss=3.270139217376709
I0512 01:22:33.412676 139460355372800 logging_writer.py:48] [18800] global_step=18800, grad_norm=0.24621902406215668, loss=3.341905117034912
I0512 01:22:55.854964 139460363765504 logging_writer.py:48] [18900] global_step=18900, grad_norm=0.2464146763086319, loss=3.364619016647339
I0512 01:23:18.297960 139460355372800 logging_writer.py:48] [19000] global_step=19000, grad_norm=0.2565155029296875, loss=3.211444616317749
I0512 01:23:40.809468 139460363765504 logging_writer.py:48] [19100] global_step=19100, grad_norm=0.2631213665008545, loss=3.2769222259521484
I0512 01:24:03.254741 139460355372800 logging_writer.py:48] [19200] global_step=19200, grad_norm=0.25210726261138916, loss=3.234609603881836
I0512 01:24:25.698355 139460363765504 logging_writer.py:48] [19300] global_step=19300, grad_norm=0.25716471672058105, loss=3.347275972366333
I0512 01:24:48.144027 139460355372800 logging_writer.py:48] [19400] global_step=19400, grad_norm=0.25292304158210754, loss=3.3547677993774414
I0512 01:25:10.589692 139460363765504 logging_writer.py:48] [19500] global_step=19500, grad_norm=0.26661208271980286, loss=3.3032724857330322
I0512 01:25:33.031344 139460355372800 logging_writer.py:48] [19600] global_step=19600, grad_norm=0.25468358397483826, loss=3.3872711658477783
I0512 01:25:55.478892 139460363765504 logging_writer.py:48] [19700] global_step=19700, grad_norm=0.2937697768211365, loss=3.3669607639312744
I0512 01:26:17.923164 139460355372800 logging_writer.py:48] [19800] global_step=19800, grad_norm=0.2506398558616638, loss=3.2014081478118896
I0512 01:26:40.362376 139460363765504 logging_writer.py:48] [19900] global_step=19900, grad_norm=0.29299473762512207, loss=3.310241222381592
I0512 01:27:02.805986 139460355372800 logging_writer.py:48] [20000] global_step=20000, grad_norm=0.24313880503177643, loss=3.349529504776001
I0512 01:27:25.248199 139460363765504 logging_writer.py:48] [20100] global_step=20100, grad_norm=0.257771760225296, loss=3.280874729156494
I0512 01:27:47.687978 139460355372800 logging_writer.py:48] [20200] global_step=20200, grad_norm=0.25333425402641296, loss=3.3041932582855225
I0512 01:28:10.130158 139460363765504 logging_writer.py:48] [20300] global_step=20300, grad_norm=0.283786803483963, loss=3.2720913887023926
I0512 01:28:32.572570 139460355372800 logging_writer.py:48] [20400] global_step=20400, grad_norm=0.2652089595794678, loss=3.3309326171875
I0512 01:28:55.013580 139460363765504 logging_writer.py:48] [20500] global_step=20500, grad_norm=0.25841182470321655, loss=3.3432912826538086
I0512 01:29:17.522166 139460355372800 logging_writer.py:48] [20600] global_step=20600, grad_norm=0.26394933462142944, loss=3.298328161239624
I0512 01:29:39.968594 139460363765504 logging_writer.py:48] [20700] global_step=20700, grad_norm=0.26169025897979736, loss=3.3765370845794678
I0512 01:30:02.425225 139460355372800 logging_writer.py:48] [20800] global_step=20800, grad_norm=0.2688080072402954, loss=3.1919751167297363
I0512 01:30:24.879243 139460363765504 logging_writer.py:48] [20900] global_step=20900, grad_norm=0.2564401626586914, loss=3.2198331356048584
I0512 01:30:47.329036 139460355372800 logging_writer.py:48] [21000] global_step=21000, grad_norm=0.2668854594230652, loss=3.3198914527893066
I0512 01:31:09.774880 139460363765504 logging_writer.py:48] [21100] global_step=21100, grad_norm=0.2618154287338257, loss=3.3624982833862305
I0512 01:31:32.223741 139460355372800 logging_writer.py:48] [21200] global_step=21200, grad_norm=0.2747296988964081, loss=3.354811191558838
I0512 01:31:54.671764 139460363765504 logging_writer.py:48] [21300] global_step=21300, grad_norm=0.2555837333202362, loss=3.3256497383117676
I0512 01:32:17.124673 139460355372800 logging_writer.py:48] [21400] global_step=21400, grad_norm=0.2785292863845825, loss=3.439358711242676
I0512 01:32:39.573659 139460363765504 logging_writer.py:48] [21500] global_step=21500, grad_norm=0.29158881306648254, loss=3.4538190364837646
I0512 01:33:02.015386 139460355372800 logging_writer.py:48] [21600] global_step=21600, grad_norm=0.2616024315357208, loss=3.2176597118377686
I0512 01:33:24.456655 139460363765504 logging_writer.py:48] [21700] global_step=21700, grad_norm=0.2933349013328552, loss=3.250054121017456
I0512 01:33:46.909357 139460355372800 logging_writer.py:48] [21800] global_step=21800, grad_norm=0.25854426622390747, loss=3.2416601181030273
I0512 01:34:09.363617 139460363765504 logging_writer.py:48] [21900] global_step=21900, grad_norm=0.304076224565506, loss=3.2599050998687744
I0512 01:34:31.809704 139460355372800 logging_writer.py:48] [22000] global_step=22000, grad_norm=0.25686773657798767, loss=3.3796260356903076
I0512 01:34:54.326153 139460363765504 logging_writer.py:48] [22100] global_step=22100, grad_norm=0.2639877498149872, loss=3.4332032203674316
I0512 01:35:16.770026 139460355372800 logging_writer.py:48] [22200] global_step=22200, grad_norm=0.2760007977485657, loss=3.309225559234619
I0512 01:35:39.213633 139460363765504 logging_writer.py:48] [22300] global_step=22300, grad_norm=0.2654016613960266, loss=3.259082317352295
I0512 01:36:01.663381 139460355372800 logging_writer.py:48] [22400] global_step=22400, grad_norm=0.2784308195114136, loss=3.2905774116516113
I0512 01:36:24.103972 139460363765504 logging_writer.py:48] [22500] global_step=22500, grad_norm=0.252086877822876, loss=3.2016868591308594
I0512 01:36:46.544190 139460355372800 logging_writer.py:48] [22600] global_step=22600, grad_norm=0.26495280861854553, loss=3.23966908454895
I0512 01:37:08.992638 139460363765504 logging_writer.py:48] [22700] global_step=22700, grad_norm=0.28070777654647827, loss=3.2334353923797607
I0512 01:37:31.431704 139460355372800 logging_writer.py:48] [22800] global_step=22800, grad_norm=0.2945524752140045, loss=3.3327691555023193
I0512 01:37:48.726668 139634509087936 spec.py:333] Evaluating on the training split.
I0512 01:38:19.350431 139634509087936 spec.py:346] Evaluating on the validation split.
I0512 01:43:17.166236 139634509087936 spec.py:363] Evaluating on the test split.
I0512 01:43:17.166472 139634509087936 submission_runner.py:516] Time since start: 6151.42s, 	Step: 22879, 	{'train/loss': 3.2328555583953857, 'train/ppl': 25.351947673697534, 'validation/loss': 3.232539176940918, 'validation/ppl': 25.34392805631494, 'validation/num_examples': 100000, 'test/loss': 0.0, 'test/ppl': 1.0, 'test/num_examples': 0, 'score': 5162.400691509247, 'total_duration': 6151.4157066345215, 'accumulated_submission_time': 5162.400691509247, 'accumulated_eval_time': 988.784955739975, 'accumulated_logging_time': 0.08522963523864746}
I0512 01:43:17.212355 139460363765504 logging_writer.py:48] [22879] accumulated_eval_time=988.785, accumulated_logging_time=0.0852296, accumulated_submission_time=5162.4, global_step=22879, preemption_count=0, score=5162.4, test/loss=0, test/num_examples=0, test/ppl=1, total_duration=6151.42, train/loss=3.23286, train/ppl=25.3519, validation/loss=3.23254, validation/num_examples=100000, validation/ppl=25.3439
I0512 01:43:22.156290 139460355372800 logging_writer.py:48] [22900] global_step=22900, grad_norm=0.2644427716732025, loss=3.3840343952178955
I0512 01:43:44.801820 139460363765504 logging_writer.py:48] [23000] global_step=23000, grad_norm=0.3382941484451294, loss=3.3712315559387207
I0512 01:44:07.266396 139460355372800 logging_writer.py:48] [23100] global_step=23100, grad_norm=0.2809353172779083, loss=3.286850929260254
I0512 01:44:29.730998 139460363765504 logging_writer.py:48] [23200] global_step=23200, grad_norm=0.3070613741874695, loss=3.3149471282958984
I0512 01:44:52.191849 139460355372800 logging_writer.py:48] [23300] global_step=23300, grad_norm=0.3075474798679352, loss=3.401376962661743
I0512 01:45:14.656065 139460363765504 logging_writer.py:48] [23400] global_step=23400, grad_norm=0.2936446964740753, loss=3.280148506164551
I0512 01:45:37.099940 139460355372800 logging_writer.py:48] [23500] global_step=23500, grad_norm=0.26238712668418884, loss=3.3153092861175537
I0512 01:45:59.542572 139460363765504 logging_writer.py:48] [23600] global_step=23600, grad_norm=0.2702157199382782, loss=3.2444708347320557
I0512 01:46:21.980564 139460355372800 logging_writer.py:48] [23700] global_step=23700, grad_norm=0.2613517642021179, loss=3.387120246887207
I0512 01:46:44.422492 139460363765504 logging_writer.py:48] [23800] global_step=23800, grad_norm=0.2786771357059479, loss=3.3549907207489014
I0512 01:47:06.867284 139460355372800 logging_writer.py:48] [23900] global_step=23900, grad_norm=0.2762492597103119, loss=3.2850372791290283
I0512 01:47:29.310568 139460363765504 logging_writer.py:48] [24000] global_step=24000, grad_norm=0.2832587957382202, loss=3.3102498054504395
I0512 01:47:51.749493 139460355372800 logging_writer.py:48] [24100] global_step=24100, grad_norm=0.2870706617832184, loss=3.2650275230407715
I0512 01:48:14.197143 139460363765504 logging_writer.py:48] [24200] global_step=24200, grad_norm=0.28113555908203125, loss=3.3552963733673096
I0512 01:48:36.643508 139460355372800 logging_writer.py:48] [24300] global_step=24300, grad_norm=0.29242926836013794, loss=3.156332492828369
I0512 01:48:59.084154 139460363765504 logging_writer.py:48] [24400] global_step=24400, grad_norm=0.2671423554420471, loss=3.3133015632629395
I0512 01:49:21.585759 139460355372800 logging_writer.py:48] [24500] global_step=24500, grad_norm=0.2785996198654175, loss=3.372130870819092
I0512 01:49:44.029861 139460363765504 logging_writer.py:48] [24600] global_step=24600, grad_norm=0.27774256467819214, loss=3.3508028984069824
I0512 01:50:06.488223 139460355372800 logging_writer.py:48] [24700] global_step=24700, grad_norm=0.2672043442726135, loss=3.233917474746704
I0512 01:50:28.943689 139460363765504 logging_writer.py:48] [24800] global_step=24800, grad_norm=0.2856077551841736, loss=3.295074939727783
I0512 01:50:51.385133 139460355372800 logging_writer.py:48] [24900] global_step=24900, grad_norm=0.2933560907840729, loss=3.315424919128418
I0512 01:51:13.828172 139460363765504 logging_writer.py:48] [25000] global_step=25000, grad_norm=0.27397632598876953, loss=3.343297004699707
I0512 01:51:36.272454 139460355372800 logging_writer.py:48] [25100] global_step=25100, grad_norm=0.3392522633075714, loss=3.342785120010376
I0512 01:51:58.712568 139460363765504 logging_writer.py:48] [25200] global_step=25200, grad_norm=0.285533607006073, loss=3.2599592208862305
I0512 01:52:21.158306 139460355372800 logging_writer.py:48] [25300] global_step=25300, grad_norm=0.281448632478714, loss=3.2958335876464844
I0512 01:52:43.600694 139460363765504 logging_writer.py:48] [25400] global_step=25400, grad_norm=0.305694580078125, loss=3.378293037414551
I0512 01:53:06.038905 139460355372800 logging_writer.py:48] [25500] global_step=25500, grad_norm=0.2738666534423828, loss=3.2028579711914062
I0512 01:53:28.485323 139460363765504 logging_writer.py:48] [25600] global_step=25600, grad_norm=0.2889317572116852, loss=3.1896774768829346
I0512 01:53:50.932466 139460355372800 logging_writer.py:48] [25700] global_step=25700, grad_norm=0.3869052231311798, loss=3.376453399658203
I0512 01:54:13.378093 139460363765504 logging_writer.py:48] [25800] global_step=25800, grad_norm=0.2769385278224945, loss=3.355288505554199
I0512 01:54:35.824516 139460355372800 logging_writer.py:48] [25900] global_step=25900, grad_norm=0.27202939987182617, loss=3.2485060691833496
I0512 01:54:58.332008 139460363765504 logging_writer.py:48] [26000] global_step=26000, grad_norm=0.26528239250183105, loss=3.388803720474243
I0512 01:55:20.778936 139460355372800 logging_writer.py:48] [26100] global_step=26100, grad_norm=0.27368414402008057, loss=3.1301093101501465
I0512 01:55:43.217561 139460363765504 logging_writer.py:48] [26200] global_step=26200, grad_norm=0.266211599111557, loss=3.266251564025879
I0512 01:56:05.665376 139460355372800 logging_writer.py:48] [26300] global_step=26300, grad_norm=0.26822996139526367, loss=3.2301549911499023
I0512 01:56:28.116991 139460363765504 logging_writer.py:48] [26400] global_step=26400, grad_norm=0.2893393337726593, loss=3.3172364234924316
I0512 01:56:50.568405 139460355372800 logging_writer.py:48] [26500] global_step=26500, grad_norm=0.3020176887512207, loss=3.2145304679870605
I0512 01:57:13.014700 139460363765504 logging_writer.py:48] [26600] global_step=26600, grad_norm=0.2839798629283905, loss=3.181929111480713
I0512 01:57:35.462409 139460355372800 logging_writer.py:48] [26700] global_step=26700, grad_norm=0.29632601141929626, loss=3.18279767036438
I0512 01:57:57.900003 139460363765504 logging_writer.py:48] [26800] global_step=26800, grad_norm=0.31272852420806885, loss=3.207256317138672
I0512 01:58:20.344672 139460355372800 logging_writer.py:48] [26900] global_step=26900, grad_norm=0.2879069149494171, loss=3.206617832183838
I0512 01:58:42.791413 139460363765504 logging_writer.py:48] [27000] global_step=27000, grad_norm=0.28564876317977905, loss=3.2208781242370605
I0512 01:59:05.227226 139460355372800 logging_writer.py:48] [27100] global_step=27100, grad_norm=0.3318907618522644, loss=3.2094860076904297
I0512 01:59:27.674476 139460363765504 logging_writer.py:48] [27200] global_step=27200, grad_norm=0.2852988541126251, loss=3.4002890586853027
I0512 01:59:50.121286 139460355372800 logging_writer.py:48] [27300] global_step=27300, grad_norm=0.31213200092315674, loss=3.4161369800567627
I0512 02:00:12.571779 139460363765504 logging_writer.py:48] [27400] global_step=27400, grad_norm=0.2766331732273102, loss=3.2696380615234375
I0512 02:00:35.078998 139460355372800 logging_writer.py:48] [27500] global_step=27500, grad_norm=0.30303719639778137, loss=3.34198260307312
I0512 02:00:57.520611 139460363765504 logging_writer.py:48] [27600] global_step=27600, grad_norm=0.28191280364990234, loss=3.1972951889038086
I0512 02:01:19.957757 139460355372800 logging_writer.py:48] [27700] global_step=27700, grad_norm=0.3095761835575104, loss=3.2492618560791016
I0512 02:01:42.393984 139460363765504 logging_writer.py:48] [27800] global_step=27800, grad_norm=0.27816537022590637, loss=3.2490005493164062
I0512 02:02:04.836388 139460355372800 logging_writer.py:48] [27900] global_step=27900, grad_norm=0.3074186146259308, loss=3.1677818298339844
I0512 02:02:27.277302 139460363765504 logging_writer.py:48] [28000] global_step=28000, grad_norm=0.30655422806739807, loss=3.3154053688049316
I0512 02:02:49.722138 139460355372800 logging_writer.py:48] [28100] global_step=28100, grad_norm=0.30987510085105896, loss=3.2119252681732178
I0512 02:03:12.158172 139460363765504 logging_writer.py:48] [28200] global_step=28200, grad_norm=0.29315823316574097, loss=3.313701629638672
I0512 02:03:34.596134 139460355372800 logging_writer.py:48] [28300] global_step=28300, grad_norm=0.3021952509880066, loss=3.3836829662323
I0512 02:03:57.037775 139460363765504 logging_writer.py:48] [28400] global_step=28400, grad_norm=0.2843538820743561, loss=3.2812304496765137
I0512 02:04:19.477299 139460355372800 logging_writer.py:48] [28500] global_step=28500, grad_norm=0.3226936459541321, loss=3.323655843734741
I0512 02:04:41.934624 139460363765504 logging_writer.py:48] [28600] global_step=28600, grad_norm=0.2708769738674164, loss=3.351329803466797
I0512 02:05:04.375653 139460355372800 logging_writer.py:48] [28700] global_step=28700, grad_norm=0.26536232233047485, loss=3.2404022216796875
I0512 02:05:26.817777 139460363765504 logging_writer.py:48] [28800] global_step=28800, grad_norm=0.29917171597480774, loss=3.3236260414123535
I0512 02:05:49.262617 139460355372800 logging_writer.py:48] [28900] global_step=28900, grad_norm=0.30956074595451355, loss=3.393153190612793
I0512 02:06:11.774635 139460363765504 logging_writer.py:48] [29000] global_step=29000, grad_norm=0.28091123700141907, loss=3.2290892601013184
I0512 02:06:34.211289 139460355372800 logging_writer.py:48] [29100] global_step=29100, grad_norm=0.29779425263404846, loss=3.3560690879821777
I0512 02:06:56.651072 139460363765504 logging_writer.py:48] [29200] global_step=29200, grad_norm=0.32343295216560364, loss=3.3336944580078125
I0512 02:07:19.094518 139460355372800 logging_writer.py:48] [29300] global_step=29300, grad_norm=0.3357241451740265, loss=3.288628101348877
I0512 02:07:41.529394 139460363765504 logging_writer.py:48] [29400] global_step=29400, grad_norm=0.2896729111671448, loss=3.3263192176818848
I0512 02:08:03.969043 139460355372800 logging_writer.py:48] [29500] global_step=29500, grad_norm=0.28122445940971375, loss=3.2720589637756348
I0512 02:08:26.411225 139460363765504 logging_writer.py:48] [29600] global_step=29600, grad_norm=0.27721142768859863, loss=3.226872682571411
I0512 02:08:48.861908 139460355372800 logging_writer.py:48] [29700] global_step=29700, grad_norm=0.2903587222099304, loss=3.245802402496338
I0512 02:09:11.305007 139460363765504 logging_writer.py:48] [29800] global_step=29800, grad_norm=0.28079769015312195, loss=3.214808464050293
I0512 02:09:33.744051 139460355372800 logging_writer.py:48] [29900] global_step=29900, grad_norm=0.2753359079360962, loss=3.3148272037506104
I0512 02:09:56.194959 139460363765504 logging_writer.py:48] [30000] global_step=30000, grad_norm=0.29739150404930115, loss=3.3735098838806152
I0512 02:10:18.653481 139460355372800 logging_writer.py:48] [30100] global_step=30100, grad_norm=0.28407028317451477, loss=3.2429819107055664
I0512 02:10:41.105721 139460363765504 logging_writer.py:48] [30200] global_step=30200, grad_norm=0.2781626284122467, loss=3.204590082168579
I0512 02:11:03.558758 139460355372800 logging_writer.py:48] [30300] global_step=30300, grad_norm=0.2939276695251465, loss=3.297635316848755
I0512 02:11:26.003485 139460363765504 logging_writer.py:48] [30400] global_step=30400, grad_norm=0.29240161180496216, loss=3.330585479736328
I0512 02:11:48.518215 139460355372800 logging_writer.py:48] [30500] global_step=30500, grad_norm=0.30290111899375916, loss=3.177798271179199
I0512 02:12:10.964064 139460363765504 logging_writer.py:48] [30600] global_step=30600, grad_norm=0.29410070180892944, loss=3.266026496887207
I0512 02:12:33.411049 139460355372800 logging_writer.py:48] [30700] global_step=30700, grad_norm=0.27095672488212585, loss=3.123377799987793
I0512 02:12:55.857530 139460363765504 logging_writer.py:48] [30800] global_step=30800, grad_norm=0.2954561114311218, loss=3.2997591495513916
I0512 02:13:18.300403 139460355372800 logging_writer.py:48] [30900] global_step=30900, grad_norm=0.2920489013195038, loss=3.2918508052825928
I0512 02:13:40.748444 139460363765504 logging_writer.py:48] [31000] global_step=31000, grad_norm=0.3193529546260834, loss=3.1883578300476074
I0512 02:14:03.189567 139460355372800 logging_writer.py:48] [31100] global_step=31100, grad_norm=0.29515519738197327, loss=3.2783780097961426
I0512 02:14:25.628324 139460363765504 logging_writer.py:48] [31200] global_step=31200, grad_norm=0.28067299723625183, loss=3.136817455291748
I0512 02:14:48.066146 139460355372800 logging_writer.py:48] [31300] global_step=31300, grad_norm=0.32616838812828064, loss=3.3196327686309814
I0512 02:15:10.503789 139460363765504 logging_writer.py:48] [31400] global_step=31400, grad_norm=0.3133890628814697, loss=3.2964816093444824
I0512 02:15:32.943794 139460355372800 logging_writer.py:48] [31500] global_step=31500, grad_norm=0.28955337405204773, loss=3.147183656692505
I0512 02:15:55.389079 139460363765504 logging_writer.py:48] [31600] global_step=31600, grad_norm=0.29792696237564087, loss=3.3081769943237305
I0512 02:16:17.822116 139460355372800 logging_writer.py:48] [31700] global_step=31700, grad_norm=0.30112409591674805, loss=3.238607883453369
I0512 02:16:40.256496 139460363765504 logging_writer.py:48] [31800] global_step=31800, grad_norm=0.2967279255390167, loss=3.3102903366088867
I0512 02:17:02.697200 139460355372800 logging_writer.py:48] [31900] global_step=31900, grad_norm=0.28442278504371643, loss=3.2499403953552246
I0512 02:17:25.134616 139460363765504 logging_writer.py:48] [32000] global_step=32000, grad_norm=0.27793577313423157, loss=3.2196056842803955
I0512 02:17:47.636426 139460355372800 logging_writer.py:48] [32100] global_step=32100, grad_norm=0.2977435290813446, loss=3.2336463928222656
I0512 02:18:10.072535 139460363765504 logging_writer.py:48] [32200] global_step=32200, grad_norm=0.28903457522392273, loss=3.2002997398376465
I0512 02:18:32.511505 139460355372800 logging_writer.py:48] [32300] global_step=32300, grad_norm=0.33411142230033875, loss=3.1436734199523926
I0512 02:18:54.949917 139460363765504 logging_writer.py:48] [32400] global_step=32400, grad_norm=0.29950428009033203, loss=3.192605972290039
I0512 02:19:17.390898 139460355372800 logging_writer.py:48] [32500] global_step=32500, grad_norm=0.2723788022994995, loss=3.175830841064453
I0512 02:19:39.829550 139460363765504 logging_writer.py:48] [32600] global_step=32600, grad_norm=0.3330105245113373, loss=3.2190775871276855
I0512 02:20:02.279502 139460355372800 logging_writer.py:48] [32700] global_step=32700, grad_norm=0.29306018352508545, loss=3.207615375518799
I0512 02:20:24.724036 139460363765504 logging_writer.py:48] [32800] global_step=32800, grad_norm=0.28763604164123535, loss=3.245068311691284
I0512 02:20:47.164530 139460355372800 logging_writer.py:48] [32900] global_step=32900, grad_norm=0.3053027391433716, loss=3.074923038482666
I0512 02:21:09.607689 139460363765504 logging_writer.py:48] [33000] global_step=33000, grad_norm=0.2815628945827484, loss=3.1568892002105713
I0512 02:21:32.043159 139460355372800 logging_writer.py:48] [33100] global_step=33100, grad_norm=0.3007914125919342, loss=3.3038151264190674
I0512 02:21:54.482444 139460363765504 logging_writer.py:48] [33200] global_step=33200, grad_norm=0.3010461628437042, loss=3.2633020877838135
I0512 02:22:16.922929 139460355372800 logging_writer.py:48] [33300] global_step=33300, grad_norm=0.2997165024280548, loss=3.2134387493133545
I0512 02:22:39.361200 139460363765504 logging_writer.py:48] [33400] global_step=33400, grad_norm=0.2813374102115631, loss=3.2525153160095215
I0512 02:23:01.810929 139460355372800 logging_writer.py:48] [33500] global_step=33500, grad_norm=0.2920258343219757, loss=3.3159217834472656
I0512 02:23:24.309202 139460363765504 logging_writer.py:48] [33600] global_step=33600, grad_norm=0.27939388155937195, loss=3.125460624694824
I0512 02:23:46.754172 139460355372800 logging_writer.py:48] [33700] global_step=33700, grad_norm=0.29321831464767456, loss=3.2419118881225586
I0512 02:24:09.198765 139460363765504 logging_writer.py:48] [33800] global_step=33800, grad_norm=0.2855253517627716, loss=3.142024278640747
I0512 02:24:31.648245 139460355372800 logging_writer.py:48] [33900] global_step=33900, grad_norm=0.28101620078086853, loss=3.226789951324463
I0512 02:24:54.086349 139460363765504 logging_writer.py:48] [34000] global_step=34000, grad_norm=0.32436153292655945, loss=3.223341941833496
I0512 02:25:16.533879 139460355372800 logging_writer.py:48] [34100] global_step=34100, grad_norm=0.31316468119621277, loss=3.2156121730804443
I0512 02:25:38.974961 139460363765504 logging_writer.py:48] [34200] global_step=34200, grad_norm=0.3188507556915283, loss=3.132906436920166
I0512 02:26:01.418284 139460355372800 logging_writer.py:48] [34300] global_step=34300, grad_norm=0.31571128964424133, loss=3.1820380687713623
I0512 02:26:08.173715 139634509087936 spec.py:333] Evaluating on the training split.
I0512 02:26:38.799960 139634509087936 spec.py:346] Evaluating on the validation split.
I0512 02:31:36.886058 139634509087936 spec.py:363] Evaluating on the test split.
I0512 02:31:36.886352 139634509087936 submission_runner.py:516] Time since start: 9051.14s, 	Step: 34332, 	{'train/loss': 3.1623122692108154, 'train/ppl': 23.625160552053128, 'validation/loss': 3.161433458328247, 'validation/ppl': 23.604407624142645, 'validation/num_examples': 100000, 'test/loss': 0.0, 'test/ppl': 1.0, 'test/num_examples': 0, 'score': 7733.283766508102, 'total_duration': 9051.135574102402, 'accumulated_submission_time': 7733.283766508102, 'accumulated_eval_time': 1317.4975504875183, 'accumulated_logging_time': 0.13874077796936035}
I0512 02:31:36.925140 139460363765504 logging_writer.py:48] [34332] accumulated_eval_time=1317.5, accumulated_logging_time=0.138741, accumulated_submission_time=7733.28, global_step=34332, preemption_count=0, score=7733.28, test/loss=0, test/num_examples=0, test/ppl=1, total_duration=9051.14, train/loss=3.16231, train/ppl=23.6252, validation/loss=3.16143, validation/num_examples=100000, validation/ppl=23.6044
I0512 02:31:52.383305 139460355372800 logging_writer.py:48] [34400] global_step=34400, grad_norm=0.2858009338378906, loss=3.1874983310699463
I0512 02:32:15.008159 139460363765504 logging_writer.py:48] [34500] global_step=34500, grad_norm=0.28107887506484985, loss=3.2590324878692627
I0512 02:32:37.464436 139460355372800 logging_writer.py:48] [34600] global_step=34600, grad_norm=0.2739533483982086, loss=3.2295782566070557
I0512 02:32:59.914745 139460363765504 logging_writer.py:48] [34700] global_step=34700, grad_norm=0.27795493602752686, loss=3.272228240966797
I0512 02:33:22.360463 139460355372800 logging_writer.py:48] [34800] global_step=34800, grad_norm=0.3182130455970764, loss=3.332108497619629
I0512 02:33:44.798946 139460363765504 logging_writer.py:48] [34900] global_step=34900, grad_norm=0.3243292272090912, loss=3.3895626068115234
I0512 02:34:07.243223 139460355372800 logging_writer.py:48] [35000] global_step=35000, grad_norm=0.27454760670661926, loss=3.2573294639587402
I0512 02:34:29.688834 139460363765504 logging_writer.py:48] [35100] global_step=35100, grad_norm=0.2712763845920563, loss=3.188905715942383
I0512 02:34:52.130285 139460355372800 logging_writer.py:48] [35200] global_step=35200, grad_norm=0.276001900434494, loss=3.2160804271698
I0512 02:35:14.571181 139460363765504 logging_writer.py:48] [35300] global_step=35300, grad_norm=0.28186169266700745, loss=3.2569925785064697
I0512 02:35:37.006471 139460355372800 logging_writer.py:48] [35400] global_step=35400, grad_norm=0.2940417528152466, loss=3.258324384689331
I0512 02:35:59.441447 139460363765504 logging_writer.py:48] [35500] global_step=35500, grad_norm=0.28006547689437866, loss=3.235236167907715
I0512 02:36:21.879716 139460355372800 logging_writer.py:48] [35600] global_step=35600, grad_norm=0.2750453054904938, loss=3.0995450019836426
I0512 02:36:44.323825 139460363765504 logging_writer.py:48] [35700] global_step=35700, grad_norm=0.3154264986515045, loss=3.2701597213745117
I0512 02:37:06.767428 139460355372800 logging_writer.py:48] [35800] global_step=35800, grad_norm=0.3038437068462372, loss=3.2259809970855713
I0512 02:37:29.206711 139460363765504 logging_writer.py:48] [35900] global_step=35900, grad_norm=0.30696213245391846, loss=3.277470111846924
I0512 02:37:51.706655 139460355372800 logging_writer.py:48] [36000] global_step=36000, grad_norm=0.3148357570171356, loss=3.3647165298461914
I0512 02:38:14.143496 139460363765504 logging_writer.py:48] [36100] global_step=36100, grad_norm=0.3058301508426666, loss=3.238377332687378
I0512 02:38:36.588017 139460355372800 logging_writer.py:48] [36200] global_step=36200, grad_norm=0.3053039312362671, loss=3.2883858680725098
I0512 02:38:59.034085 139460363765504 logging_writer.py:48] [36300] global_step=36300, grad_norm=0.3251805901527405, loss=3.281785011291504
I0512 02:39:21.475812 139460355372800 logging_writer.py:48] [36400] global_step=36400, grad_norm=0.3114771544933319, loss=3.347963809967041
I0512 02:39:43.909484 139460363765504 logging_writer.py:48] [36500] global_step=36500, grad_norm=0.2904464602470398, loss=3.1727147102355957
I0512 02:40:06.363414 139460355372800 logging_writer.py:48] [36600] global_step=36600, grad_norm=0.5231244564056396, loss=3.5656466484069824
I0512 02:40:28.810547 139460363765504 logging_writer.py:48] [36700] global_step=36700, grad_norm=0.3060747981071472, loss=3.3575692176818848
I0512 02:40:51.253897 139460355372800 logging_writer.py:48] [36800] global_step=36800, grad_norm=0.2880387604236603, loss=3.2806997299194336
I0512 02:41:13.696363 139460363765504 logging_writer.py:48] [36900] global_step=36900, grad_norm=0.2844102680683136, loss=3.2490875720977783
I0512 02:41:36.139526 139460355372800 logging_writer.py:48] [37000] global_step=37000, grad_norm=0.29911789298057556, loss=3.186959981918335
I0512 02:41:58.575674 139460363765504 logging_writer.py:48] [37100] global_step=37100, grad_norm=0.2884247899055481, loss=3.2494919300079346
I0512 02:42:21.023213 139460355372800 logging_writer.py:48] [37200] global_step=37200, grad_norm=0.3168277442455292, loss=3.288891315460205
I0512 02:42:43.461055 139460363765504 logging_writer.py:48] [37300] global_step=37300, grad_norm=0.29407161474227905, loss=3.3209939002990723
I0512 02:43:05.900008 139460355372800 logging_writer.py:48] [37400] global_step=37400, grad_norm=0.2913501262664795, loss=3.063109874725342
I0512 02:43:28.401857 139460363765504 logging_writer.py:48] [37500] global_step=37500, grad_norm=0.29261156916618347, loss=3.2393531799316406
I0512 02:43:50.848109 139460355372800 logging_writer.py:48] [37600] global_step=37600, grad_norm=0.30967628955841064, loss=3.1363320350646973
I0512 02:44:13.289628 139460363765504 logging_writer.py:48] [37700] global_step=37700, grad_norm=0.41251224279403687, loss=3.33634614944458
I0512 02:44:35.733170 139460355372800 logging_writer.py:48] [37800] global_step=37800, grad_norm=0.33660560846328735, loss=3.2706305980682373
I0512 02:44:58.174283 139460363765504 logging_writer.py:48] [37900] global_step=37900, grad_norm=0.29688760638237, loss=3.1562557220458984
I0512 02:45:20.622483 139460355372800 logging_writer.py:48] [38000] global_step=38000, grad_norm=0.30689162015914917, loss=3.249946355819702
I0512 02:45:43.063018 139460363765504 logging_writer.py:48] [38100] global_step=38100, grad_norm=0.29896825551986694, loss=3.1669750213623047
I0512 02:46:05.507728 139460355372800 logging_writer.py:48] [38200] global_step=38200, grad_norm=0.29902851581573486, loss=3.1510355472564697
I0512 02:46:27.950288 139460363765504 logging_writer.py:48] [38300] global_step=38300, grad_norm=0.3145201802253723, loss=3.2848730087280273
I0512 02:46:50.394593 139460355372800 logging_writer.py:48] [38400] global_step=38400, grad_norm=0.3003569543361664, loss=3.1691155433654785
I0512 02:47:12.834253 139460363765504 logging_writer.py:48] [38500] global_step=38500, grad_norm=0.3134845197200775, loss=3.317498207092285
I0512 02:47:35.274545 139460355372800 logging_writer.py:48] [38600] global_step=38600, grad_norm=0.29398515820503235, loss=3.146298885345459
I0512 02:47:57.713889 139460363765504 logging_writer.py:48] [38700] global_step=38700, grad_norm=0.3067788779735565, loss=3.262338399887085
I0512 02:48:20.159970 139460355372800 logging_writer.py:48] [38800] global_step=38800, grad_norm=0.3220609128475189, loss=3.1704277992248535
I0512 02:48:42.607715 139460363765504 logging_writer.py:48] [38900] global_step=38900, grad_norm=0.3115796148777008, loss=3.1488873958587646
I0512 02:49:05.105829 139460355372800 logging_writer.py:48] [39000] global_step=39000, grad_norm=0.3183665871620178, loss=3.2777397632598877
I0512 02:49:27.547070 139460363765504 logging_writer.py:48] [39100] global_step=39100, grad_norm=0.29926547408103943, loss=3.2036890983581543
I0512 02:49:49.976818 139460355372800 logging_writer.py:48] [39200] global_step=39200, grad_norm=0.30768123269081116, loss=3.2648067474365234
I0512 02:50:12.432602 139460363765504 logging_writer.py:48] [39300] global_step=39300, grad_norm=0.4616413116455078, loss=3.3875699043273926
I0512 02:50:34.873383 139460355372800 logging_writer.py:48] [39400] global_step=39400, grad_norm=0.2952331006526947, loss=3.293426990509033
I0512 02:50:57.313000 139460363765504 logging_writer.py:48] [39500] global_step=39500, grad_norm=0.33625274896621704, loss=3.2813897132873535
I0512 02:51:19.749836 139460355372800 logging_writer.py:48] [39600] global_step=39600, grad_norm=0.2942737638950348, loss=3.253537178039551
I0512 02:51:42.184993 139460363765504 logging_writer.py:48] [39700] global_step=39700, grad_norm=0.3005024194717407, loss=3.2264342308044434
I0512 02:52:04.630042 139460355372800 logging_writer.py:48] [39800] global_step=39800, grad_norm=0.2983245551586151, loss=3.160080909729004
I0512 02:52:27.066462 139460363765504 logging_writer.py:48] [39900] global_step=39900, grad_norm=0.3004100024700165, loss=3.135267496109009
I0512 02:52:49.511952 139460355372800 logging_writer.py:48] [40000] global_step=40000, grad_norm=0.2897299528121948, loss=3.2193219661712646
I0512 02:53:11.951600 139460363765504 logging_writer.py:48] [40100] global_step=40100, grad_norm=0.3117258846759796, loss=3.3213462829589844
I0512 02:53:34.390689 139460355372800 logging_writer.py:48] [40200] global_step=40200, grad_norm=0.3923550248146057, loss=3.088538408279419
I0512 02:53:56.829199 139460363765504 logging_writer.py:48] [40300] global_step=40300, grad_norm=0.32182857394218445, loss=3.1351327896118164
I0512 02:54:19.274020 139460355372800 logging_writer.py:48] [40400] global_step=40400, grad_norm=0.3060218095779419, loss=3.18176531791687
I0512 02:54:41.769769 139460363765504 logging_writer.py:48] [40500] global_step=40500, grad_norm=0.3046087920665741, loss=3.317751169204712
I0512 02:55:04.207230 139460355372800 logging_writer.py:48] [40600] global_step=40600, grad_norm=0.3223087787628174, loss=3.3174614906311035
I0512 02:55:26.650914 139460363765504 logging_writer.py:48] [40700] global_step=40700, grad_norm=0.3038405776023865, loss=3.2218923568725586
I0512 02:55:49.093454 139460355372800 logging_writer.py:48] [40800] global_step=40800, grad_norm=0.296943336725235, loss=3.1931381225585938
I0512 02:56:11.536146 139460363765504 logging_writer.py:48] [40900] global_step=40900, grad_norm=0.30133673548698425, loss=3.206615924835205
I0512 02:56:33.976251 139460355372800 logging_writer.py:48] [41000] global_step=41000, grad_norm=0.3069259226322174, loss=3.2360634803771973
I0512 02:56:56.418372 139460363765504 logging_writer.py:48] [41100] global_step=41100, grad_norm=0.2988491952419281, loss=3.16568660736084
I0512 02:57:18.866594 139460355372800 logging_writer.py:48] [41200] global_step=41200, grad_norm=0.28072667121887207, loss=3.163757085800171
I0512 02:57:41.312372 139460363765504 logging_writer.py:48] [41300] global_step=41300, grad_norm=1.3282750844955444, loss=4.091971397399902
I0512 02:58:03.753389 139460355372800 logging_writer.py:48] [41400] global_step=41400, grad_norm=0.2899726629257202, loss=3.2418553829193115
I0512 02:58:26.193804 139460363765504 logging_writer.py:48] [41500] global_step=41500, grad_norm=0.29572075605392456, loss=3.175424814224243
I0512 02:58:48.634193 139460355372800 logging_writer.py:48] [41600] global_step=41600, grad_norm=0.2882744371891022, loss=3.2146358489990234
I0512 02:59:11.071232 139460363765504 logging_writer.py:48] [41700] global_step=41700, grad_norm=0.2970164120197296, loss=3.220980644226074
I0512 02:59:33.511486 139460355372800 logging_writer.py:48] [41800] global_step=41800, grad_norm=0.29352155327796936, loss=3.243479013442993
I0512 02:59:55.955743 139460363765504 logging_writer.py:48] [41900] global_step=41900, grad_norm=0.28424111008644104, loss=3.208333730697632
I0512 03:00:18.468709 139460355372800 logging_writer.py:48] [42000] global_step=42000, grad_norm=0.304899126291275, loss=3.1995794773101807
I0512 03:00:40.910069 139460363765504 logging_writer.py:48] [42100] global_step=42100, grad_norm=0.3167627453804016, loss=3.201662540435791
I0512 03:01:03.344981 139460355372800 logging_writer.py:48] [42200] global_step=42200, grad_norm=0.2917326092720032, loss=3.345546245574951
I0512 03:01:25.788691 139460363765504 logging_writer.py:48] [42300] global_step=42300, grad_norm=0.28544172644615173, loss=3.2204196453094482
I0512 03:01:48.230068 139460355372800 logging_writer.py:48] [42400] global_step=42400, grad_norm=0.31772321462631226, loss=3.1874160766601562
I0512 03:02:10.671334 139460363765504 logging_writer.py:48] [42500] global_step=42500, grad_norm=0.32743707299232483, loss=3.1582870483398438
I0512 03:02:33.116919 139460355372800 logging_writer.py:48] [42600] global_step=42600, grad_norm=0.2878185510635376, loss=3.258197784423828
I0512 03:02:55.553082 139460363765504 logging_writer.py:48] [42700] global_step=42700, grad_norm=0.31111857295036316, loss=3.1826424598693848
I0512 03:03:17.991435 139460355372800 logging_writer.py:48] [42800] global_step=42800, grad_norm=0.3129434883594513, loss=3.3474395275115967
I0512 03:03:40.430114 139460363765504 logging_writer.py:48] [42900] global_step=42900, grad_norm=0.306013286113739, loss=3.13789963722229
I0512 03:04:02.869549 139460355372800 logging_writer.py:48] [43000] global_step=43000, grad_norm=0.29150786995887756, loss=3.057837724685669
I0512 03:04:25.305351 139460363765504 logging_writer.py:48] [43100] global_step=43100, grad_norm=0.3254474401473999, loss=3.2495052814483643
I0512 03:04:47.744093 139460355372800 logging_writer.py:48] [43200] global_step=43200, grad_norm=0.3086433410644531, loss=3.132873058319092
I0512 03:05:10.180248 139460363765504 logging_writer.py:48] [43300] global_step=43300, grad_norm=0.2938472330570221, loss=3.295361280441284
I0512 03:05:32.615529 139460355372800 logging_writer.py:48] [43400] global_step=43400, grad_norm=0.3094111382961273, loss=3.1838293075561523
I0512 03:05:55.110311 139460363765504 logging_writer.py:48] [43500] global_step=43500, grad_norm=0.2805097997188568, loss=3.155177593231201
I0512 03:06:17.545262 139460355372800 logging_writer.py:48] [43600] global_step=43600, grad_norm=0.3023601174354553, loss=3.3539915084838867
I0512 03:06:39.983311 139460363765504 logging_writer.py:48] [43700] global_step=43700, grad_norm=0.28269490599632263, loss=3.2334697246551514
I0512 03:07:02.425376 139460355372800 logging_writer.py:48] [43800] global_step=43800, grad_norm=0.3220527470111847, loss=3.117675304412842
I0512 03:07:24.868077 139460363765504 logging_writer.py:48] [43900] global_step=43900, grad_norm=0.3328774869441986, loss=3.271055221557617
I0512 03:07:47.308142 139460355372800 logging_writer.py:48] [44000] global_step=44000, grad_norm=0.3193780183792114, loss=3.3383536338806152
I0512 03:08:09.748876 139460363765504 logging_writer.py:48] [44100] global_step=44100, grad_norm=0.30532535910606384, loss=3.2267086505889893
I0512 03:08:32.194744 139460355372800 logging_writer.py:48] [44200] global_step=44200, grad_norm=0.31119754910469055, loss=3.385111093521118
I0512 03:08:54.632082 139460363765504 logging_writer.py:48] [44300] global_step=44300, grad_norm=0.32090991735458374, loss=3.2101006507873535
I0512 03:09:17.076085 139460355372800 logging_writer.py:48] [44400] global_step=44400, grad_norm=0.2964194118976593, loss=3.1511483192443848
I0512 03:09:39.524606 139460363765504 logging_writer.py:48] [44500] global_step=44500, grad_norm=0.3136823773384094, loss=3.4228713512420654
I0512 03:10:01.981366 139460355372800 logging_writer.py:48] [44600] global_step=44600, grad_norm=0.32526862621307373, loss=3.238726854324341
I0512 03:10:24.431229 139460363765504 logging_writer.py:48] [44700] global_step=44700, grad_norm=0.30507877469062805, loss=3.254178524017334
I0512 03:10:46.868758 139460355372800 logging_writer.py:48] [44800] global_step=44800, grad_norm=0.2807673513889313, loss=3.160508871078491
I0512 03:11:09.306575 139460363765504 logging_writer.py:48] [44900] global_step=44900, grad_norm=0.2984624207019806, loss=3.1453495025634766
I0512 03:11:31.745482 139460355372800 logging_writer.py:48] [45000] global_step=45000, grad_norm=0.2972188889980316, loss=3.383790969848633
I0512 03:11:54.234567 139460363765504 logging_writer.py:48] [45100] global_step=45100, grad_norm=0.30568021535873413, loss=3.1456899642944336
I0512 03:12:16.672750 139460355372800 logging_writer.py:48] [45200] global_step=45200, grad_norm=0.30161142349243164, loss=3.212139844894409
I0512 03:12:39.114961 139460363765504 logging_writer.py:48] [45300] global_step=45300, grad_norm=0.30357465147972107, loss=3.171828508377075
I0512 03:13:01.553781 139460355372800 logging_writer.py:48] [45400] global_step=45400, grad_norm=0.2990364134311676, loss=3.21641206741333
I0512 03:13:23.989781 139460363765504 logging_writer.py:48] [45500] global_step=45500, grad_norm=0.3181664049625397, loss=3.274095296859741
I0512 03:13:46.426080 139460355372800 logging_writer.py:48] [45600] global_step=45600, grad_norm=0.3001198470592499, loss=3.213773250579834
I0512 03:14:08.865477 139460363765504 logging_writer.py:48] [45700] global_step=45700, grad_norm=0.30848658084869385, loss=3.181757926940918
I0512 03:14:27.953443 139634509087936 spec.py:333] Evaluating on the training split.
I0512 03:14:58.576760 139634509087936 spec.py:346] Evaluating on the validation split.
I0512 03:19:56.418555 139634509087936 spec.py:363] Evaluating on the test split.
I0512 03:19:56.418876 139634509087936 submission_runner.py:516] Time since start: 11950.67s, 	Step: 45787, 	{'train/loss': 3.1281049251556396, 'train/ppl': 22.83067268704633, 'validation/loss': 3.1264023780822754, 'validation/ppl': 22.79183546256285, 'validation/num_examples': 100000, 'test/loss': 0.0, 'test/ppl': 1.0, 'test/num_examples': 0, 'score': 10304.23870229721, 'total_duration': 11950.66808104515, 'accumulated_submission_time': 10304.23870229721, 'accumulated_eval_time': 1645.9629244804382, 'accumulated_logging_time': 0.18480777740478516}
I0512 03:19:56.461528 139460355372800 logging_writer.py:48] [45787] accumulated_eval_time=1645.96, accumulated_logging_time=0.184808, accumulated_submission_time=10304.2, global_step=45787, preemption_count=0, score=10304.2, test/loss=0, test/num_examples=0, test/ppl=1, total_duration=11950.7, train/loss=3.1281, train/ppl=22.8307, validation/loss=3.1264, validation/num_examples=100000, validation/ppl=22.7918
I0512 03:19:59.617828 139460363765504 logging_writer.py:48] [45800] global_step=45800, grad_norm=0.31261396408081055, loss=3.201301097869873
I0512 03:20:22.199081 139460355372800 logging_writer.py:48] [45900] global_step=45900, grad_norm=0.3153254985809326, loss=3.287425994873047
I0512 03:20:44.660258 139460363765504 logging_writer.py:48] [46000] global_step=46000, grad_norm=0.2926110327243805, loss=3.1917600631713867
I0512 03:21:07.113234 139460355372800 logging_writer.py:48] [46100] global_step=46100, grad_norm=0.2890382707118988, loss=3.3363454341888428
I0512 03:21:29.564585 139460363765504 logging_writer.py:48] [46200] global_step=46200, grad_norm=0.29761767387390137, loss=3.17061185836792
I0512 03:21:52.009673 139460355372800 logging_writer.py:48] [46300] global_step=46300, grad_norm=0.2828179597854614, loss=3.2719831466674805
I0512 03:22:14.455150 139460363765504 logging_writer.py:48] [46400] global_step=46400, grad_norm=0.2852517068386078, loss=3.2184860706329346
I0512 03:22:36.896900 139460355372800 logging_writer.py:48] [46500] global_step=46500, grad_norm=0.28392210602760315, loss=3.2252590656280518
I0512 03:22:59.340539 139460363765504 logging_writer.py:48] [46600] global_step=46600, grad_norm=0.33207857608795166, loss=3.181699514389038
I0512 03:23:21.777154 139460355372800 logging_writer.py:48] [46700] global_step=46700, grad_norm=0.2901041507720947, loss=3.2692952156066895
I0512 03:23:44.224245 139460363765504 logging_writer.py:48] [46800] global_step=46800, grad_norm=0.2872699797153473, loss=3.1624374389648438
I0512 03:24:06.664361 139460355372800 logging_writer.py:48] [46900] global_step=46900, grad_norm=0.3009701073169708, loss=3.260495185852051
I0512 03:24:29.109422 139460363765504 logging_writer.py:48] [47000] global_step=47000, grad_norm=0.32346197962760925, loss=3.2386722564697266
I0512 03:24:51.543791 139460355372800 logging_writer.py:48] [47100] global_step=47100, grad_norm=0.30654090642929077, loss=3.2753512859344482
I0512 03:25:13.987109 139460363765504 logging_writer.py:48] [47200] global_step=47200, grad_norm=0.27701300382614136, loss=3.148568868637085
I0512 03:25:36.424788 139460355372800 logging_writer.py:48] [47300] global_step=47300, grad_norm=0.30789288878440857, loss=3.0559475421905518
I0512 03:25:58.866713 139460363765504 logging_writer.py:48] [47400] global_step=47400, grad_norm=0.2977082431316376, loss=3.1191329956054688
I0512 03:26:21.360632 139460355372800 logging_writer.py:48] [47500] global_step=47500, grad_norm=0.29565373063087463, loss=3.3591561317443848
I0512 03:26:43.799262 139460363765504 logging_writer.py:48] [47600] global_step=47600, grad_norm=0.2925308644771576, loss=3.153581142425537
I0512 03:27:06.238970 139460355372800 logging_writer.py:48] [47700] global_step=47700, grad_norm=0.304948627948761, loss=3.0528931617736816
I0512 03:27:28.681857 139460363765504 logging_writer.py:48] [47800] global_step=47800, grad_norm=0.35191646218299866, loss=3.2661139965057373
I0512 03:27:51.116024 139460355372800 logging_writer.py:48] [47900] global_step=47900, grad_norm=0.31546297669410706, loss=3.2062392234802246
I0512 03:28:13.555711 139460363765504 logging_writer.py:48] [48000] global_step=48000, grad_norm=0.28243187069892883, loss=3.095376968383789
I0512 03:28:35.992725 139460355372800 logging_writer.py:48] [48100] global_step=48100, grad_norm=0.3427307903766632, loss=3.2954261302948
I0512 03:28:58.434284 139460363765504 logging_writer.py:48] [48200] global_step=48200, grad_norm=0.30362969636917114, loss=3.2363007068634033
I0512 03:29:20.872954 139460355372800 logging_writer.py:48] [48300] global_step=48300, grad_norm=0.3000151515007019, loss=3.261204957962036
I0512 03:29:43.311202 139460363765504 logging_writer.py:48] [48400] global_step=48400, grad_norm=0.2897377908229828, loss=3.1569275856018066
I0512 03:30:05.756635 139460355372800 logging_writer.py:48] [48500] global_step=48500, grad_norm=0.31601688265800476, loss=3.230271100997925
I0512 03:30:28.200621 139460363765504 logging_writer.py:48] [48600] global_step=48600, grad_norm=0.2973688542842865, loss=3.185760974884033
I0512 03:30:50.632389 139460355372800 logging_writer.py:48] [48700] global_step=48700, grad_norm=0.31609365344047546, loss=3.211860179901123
I0512 03:31:13.066023 139460363765504 logging_writer.py:48] [48800] global_step=48800, grad_norm=0.2895185649394989, loss=3.2709603309631348
I0512 03:31:35.501988 139460355372800 logging_writer.py:48] [48900] global_step=48900, grad_norm=0.2911338210105896, loss=3.1610567569732666
I0512 03:31:57.995692 139460363765504 logging_writer.py:48] [49000] global_step=49000, grad_norm=0.2981760501861572, loss=3.255157470703125
I0512 03:32:20.428116 139460355372800 logging_writer.py:48] [49100] global_step=49100, grad_norm=0.3337250351905823, loss=3.1375961303710938
I0512 03:32:42.872444 139460363765504 logging_writer.py:48] [49200] global_step=49200, grad_norm=0.31474387645721436, loss=3.279791831970215
I0512 03:33:05.312165 139460355372800 logging_writer.py:48] [49300] global_step=49300, grad_norm=0.29567718505859375, loss=3.1201977729797363
I0512 03:33:27.751515 139460363765504 logging_writer.py:48] [49400] global_step=49400, grad_norm=0.29572564363479614, loss=3.086942434310913
I0512 03:33:50.187725 139460355372800 logging_writer.py:48] [49500] global_step=49500, grad_norm=0.30415499210357666, loss=3.1349902153015137
I0512 03:34:12.631835 139460363765504 logging_writer.py:48] [49600] global_step=49600, grad_norm=0.2904317378997803, loss=3.249018669128418
I0512 03:34:35.072100 139460355372800 logging_writer.py:48] [49700] global_step=49700, grad_norm=0.31657764315605164, loss=3.2325949668884277
I0512 03:34:57.512466 139460363765504 logging_writer.py:48] [49800] global_step=49800, grad_norm=0.3014430105686188, loss=3.148439645767212
I0512 03:35:19.950112 139460355372800 logging_writer.py:48] [49900] global_step=49900, grad_norm=0.2951861321926117, loss=3.2565064430236816
I0512 03:35:42.389110 139460363765504 logging_writer.py:48] [50000] global_step=50000, grad_norm=0.29651308059692383, loss=3.2806413173675537
I0512 03:36:04.828963 139460355372800 logging_writer.py:48] [50100] global_step=50100, grad_norm=0.30517178773880005, loss=3.1814334392547607
I0512 03:36:27.272244 139460363765504 logging_writer.py:48] [50200] global_step=50200, grad_norm=0.28030019998550415, loss=3.328944444656372
I0512 03:36:49.709688 139460355372800 logging_writer.py:48] [50300] global_step=50300, grad_norm=0.28469324111938477, loss=3.140413522720337
I0512 03:37:12.144369 139460363765504 logging_writer.py:48] [50400] global_step=50400, grad_norm=0.30591535568237305, loss=3.28057599067688
I0512 03:37:34.643682 139460355372800 logging_writer.py:48] [50500] global_step=50500, grad_norm=0.28948286175727844, loss=3.249584913253784
I0512 03:37:57.083035 139460363765504 logging_writer.py:48] [50600] global_step=50600, grad_norm=0.30146318674087524, loss=3.169161796569824
I0512 03:38:19.522966 139460355372800 logging_writer.py:48] [50700] global_step=50700, grad_norm=0.3030290901660919, loss=3.122159004211426
I0512 03:38:41.971550 139460363765504 logging_writer.py:48] [50800] global_step=50800, grad_norm=0.2953321933746338, loss=3.2232437133789062
I0512 03:39:04.408123 139460355372800 logging_writer.py:48] [50900] global_step=50900, grad_norm=0.3267245888710022, loss=3.258322238922119
I0512 03:39:26.846591 139460363765504 logging_writer.py:48] [51000] global_step=51000, grad_norm=0.30580952763557434, loss=3.1618845462799072
I0512 03:39:49.289122 139460355372800 logging_writer.py:48] [51100] global_step=51100, grad_norm=0.3240697383880615, loss=3.1943845748901367
I0512 03:40:11.742932 139460363765504 logging_writer.py:48] [51200] global_step=51200, grad_norm=0.2834160029888153, loss=3.18921160697937
I0512 03:40:34.184078 139460355372800 logging_writer.py:48] [51300] global_step=51300, grad_norm=0.3266960680484772, loss=3.223849296569824
I0512 03:40:56.625357 139460363765504 logging_writer.py:48] [51400] global_step=51400, grad_norm=0.3028864562511444, loss=3.1253626346588135
I0512 03:41:19.060221 139460355372800 logging_writer.py:48] [51500] global_step=51500, grad_norm=0.32574698328971863, loss=3.1210713386535645
I0512 03:41:41.498470 139460363765504 logging_writer.py:48] [51600] global_step=51600, grad_norm=0.2824020981788635, loss=3.102905750274658
I0512 03:42:03.938968 139460355372800 logging_writer.py:48] [51700] global_step=51700, grad_norm=0.2763215899467468, loss=3.109370470046997
I0512 03:42:26.382043 139460363765504 logging_writer.py:48] [51800] global_step=51800, grad_norm=0.28567343950271606, loss=3.2428383827209473
I0512 03:42:48.830301 139460355372800 logging_writer.py:48] [51900] global_step=51900, grad_norm=0.2857168912887573, loss=3.082188844680786
I0512 03:43:11.327176 139460363765504 logging_writer.py:48] [52000] global_step=52000, grad_norm=0.3064185380935669, loss=3.207613945007324
I0512 03:43:33.765312 139460355372800 logging_writer.py:48] [52100] global_step=52100, grad_norm=0.30899426341056824, loss=3.181472063064575
I0512 03:43:56.209667 139460363765504 logging_writer.py:48] [52200] global_step=52200, grad_norm=0.30799323320388794, loss=3.1441731452941895
I0512 03:44:18.649812 139460355372800 logging_writer.py:48] [52300] global_step=52300, grad_norm=0.28604114055633545, loss=3.2361671924591064
I0512 03:44:41.089091 139460363765504 logging_writer.py:48] [52400] global_step=52400, grad_norm=0.29963067173957825, loss=3.114081859588623
I0512 03:45:03.529584 139460355372800 logging_writer.py:48] [52500] global_step=52500, grad_norm=0.3020073473453522, loss=3.2378721237182617
I0512 03:45:25.973506 139460363765504 logging_writer.py:48] [52600] global_step=52600, grad_norm=0.3871358633041382, loss=3.245382785797119
I0512 03:45:48.420479 139460355372800 logging_writer.py:48] [52700] global_step=52700, grad_norm=0.3226536214351654, loss=3.304098606109619
I0512 03:46:10.861240 139460363765504 logging_writer.py:48] [52800] global_step=52800, grad_norm=0.29690903425216675, loss=3.252657413482666
I0512 03:46:33.298692 139460355372800 logging_writer.py:48] [52900] global_step=52900, grad_norm=0.30786600708961487, loss=3.166724920272827
I0512 03:46:55.733514 139460363765504 logging_writer.py:48] [53000] global_step=53000, grad_norm=0.3180968165397644, loss=3.2113969326019287
I0512 03:47:18.170427 139460355372800 logging_writer.py:48] [53100] global_step=53100, grad_norm=0.30496272444725037, loss=3.290590286254883
I0512 03:47:40.609780 139460363765504 logging_writer.py:48] [53200] global_step=53200, grad_norm=0.31414860486984253, loss=3.218259334564209
I0512 03:48:03.045986 139460355372800 logging_writer.py:48] [53300] global_step=53300, grad_norm=0.3022341728210449, loss=3.096877098083496
I0512 03:48:25.491377 139460363765504 logging_writer.py:48] [53400] global_step=53400, grad_norm=0.3332170248031616, loss=3.0972869396209717
I0512 03:48:47.994484 139460355372800 logging_writer.py:48] [53500] global_step=53500, grad_norm=0.31941986083984375, loss=3.071499824523926
I0512 03:49:10.427213 139460363765504 logging_writer.py:48] [53600] global_step=53600, grad_norm=0.3002089560031891, loss=3.0911335945129395
I0512 03:49:32.862243 139460355372800 logging_writer.py:48] [53700] global_step=53700, grad_norm=0.2907060384750366, loss=3.0979251861572266
I0512 03:49:55.299883 139460363765504 logging_writer.py:48] [53800] global_step=53800, grad_norm=0.3258664608001709, loss=3.2098546028137207
I0512 03:50:17.752655 139460355372800 logging_writer.py:48] [53900] global_step=53900, grad_norm=0.31422683596611023, loss=3.257486581802368
I0512 03:50:40.193738 139460363765504 logging_writer.py:48] [54000] global_step=54000, grad_norm=0.3010076582431793, loss=3.2303390502929688
I0512 03:51:02.635318 139460355372800 logging_writer.py:48] [54100] global_step=54100, grad_norm=0.32273897528648376, loss=3.149684190750122
I0512 03:51:25.070237 139460363765504 logging_writer.py:48] [54200] global_step=54200, grad_norm=0.29416176676750183, loss=3.1047959327697754
I0512 03:51:47.508409 139460355372800 logging_writer.py:48] [54300] global_step=54300, grad_norm=0.30667030811309814, loss=3.25077748298645
I0512 03:52:09.948163 139460363765504 logging_writer.py:48] [54400] global_step=54400, grad_norm=0.3113052248954773, loss=3.131492853164673
I0512 03:52:32.390636 139460355372800 logging_writer.py:48] [54500] global_step=54500, grad_norm=0.31563565135002136, loss=3.1052613258361816
I0512 03:52:54.827281 139460363765504 logging_writer.py:48] [54600] global_step=54600, grad_norm=0.29690679907798767, loss=3.1248984336853027
I0512 03:53:17.264289 139460355372800 logging_writer.py:48] [54700] global_step=54700, grad_norm=0.35872459411621094, loss=3.229902744293213
I0512 03:53:39.702270 139460363765504 logging_writer.py:48] [54800] global_step=54800, grad_norm=0.28744906187057495, loss=3.164405345916748
I0512 03:54:02.137049 139460355372800 logging_writer.py:48] [54900] global_step=54900, grad_norm=0.32504305243492126, loss=3.3425257205963135
I0512 03:54:24.633606 139460363765504 logging_writer.py:48] [55000] global_step=55000, grad_norm=0.3127667009830475, loss=3.2493932247161865
I0512 03:54:47.068208 139460355372800 logging_writer.py:48] [55100] global_step=55100, grad_norm=0.338717520236969, loss=3.2088613510131836
I0512 03:55:09.504880 139460363765504 logging_writer.py:48] [55200] global_step=55200, grad_norm=0.3018263876438141, loss=3.122011423110962
I0512 03:55:31.947962 139460355372800 logging_writer.py:48] [55300] global_step=55300, grad_norm=0.31467166543006897, loss=3.1183021068573
I0512 03:55:54.390726 139460363765504 logging_writer.py:48] [55400] global_step=55400, grad_norm=0.3062054216861725, loss=3.1452741622924805
I0512 03:56:16.829805 139460355372800 logging_writer.py:48] [55500] global_step=55500, grad_norm=0.30542081594467163, loss=3.1658127307891846
I0512 03:56:39.272893 139460363765504 logging_writer.py:48] [55600] global_step=55600, grad_norm=0.32722190022468567, loss=3.2026772499084473
I0512 03:57:01.715826 139460355372800 logging_writer.py:48] [55700] global_step=55700, grad_norm=0.32732951641082764, loss=3.2215352058410645
I0512 03:57:24.156628 139460363765504 logging_writer.py:48] [55800] global_step=55800, grad_norm=0.3061635196208954, loss=3.1908440589904785
I0512 03:57:46.596769 139460355372800 logging_writer.py:48] [55900] global_step=55900, grad_norm=0.2891668379306793, loss=3.071833848953247
I0512 03:58:09.072111 139460363765504 logging_writer.py:48] [56000] global_step=56000, grad_norm=0.2889021039009094, loss=3.208162784576416
I0512 03:58:31.528098 139460355372800 logging_writer.py:48] [56100] global_step=56100, grad_norm=0.2974138557910919, loss=3.2501401901245117
I0512 03:58:53.980423 139460363765504 logging_writer.py:48] [56200] global_step=56200, grad_norm=0.3419128954410553, loss=3.0822575092315674
I0512 03:59:16.430316 139460355372800 logging_writer.py:48] [56300] global_step=56300, grad_norm=0.29157379269599915, loss=3.115244150161743
I0512 03:59:38.876920 139460363765504 logging_writer.py:48] [56400] global_step=56400, grad_norm=0.30347365140914917, loss=3.2536654472351074
I0512 04:00:01.402154 139460355372800 logging_writer.py:48] [56500] global_step=56500, grad_norm=0.3172827661037445, loss=3.1539077758789062
I0512 04:00:23.854786 139460363765504 logging_writer.py:48] [56600] global_step=56600, grad_norm=0.32612162828445435, loss=3.1430017948150635
I0512 04:00:46.309247 139460355372800 logging_writer.py:48] [56700] global_step=56700, grad_norm=0.29083967208862305, loss=3.115602970123291
I0512 04:01:08.767410 139460363765504 logging_writer.py:48] [56800] global_step=56800, grad_norm=0.2953033149242401, loss=3.1591339111328125
I0512 04:01:31.219078 139460355372800 logging_writer.py:48] [56900] global_step=56900, grad_norm=0.3085181713104248, loss=3.1805155277252197
I0512 04:01:53.674025 139460363765504 logging_writer.py:48] [57000] global_step=57000, grad_norm=0.2952277362346649, loss=3.1175949573516846
I0512 04:02:16.127244 139460355372800 logging_writer.py:48] [57100] global_step=57100, grad_norm=0.29384562373161316, loss=3.0733697414398193
I0512 04:02:38.579647 139460363765504 logging_writer.py:48] [57200] global_step=57200, grad_norm=0.3040299117565155, loss=3.1228744983673096
I0512 04:02:47.579486 139634509087936 spec.py:333] Evaluating on the training split.
I0512 04:03:18.205768 139634509087936 spec.py:346] Evaluating on the validation split.
I0512 04:08:16.315204 139634509087936 spec.py:363] Evaluating on the test split.
I0512 04:08:16.315486 139634509087936 submission_runner.py:516] Time since start: 14850.56s, 	Step: 57242, 	{'train/loss': 3.0781707763671875, 'train/ppl': 21.71863779258594, 'validation/loss': 3.076569080352783, 'validation/ppl': 21.683878980951235, 'validation/num_examples': 100000, 'test/loss': 0.0, 'test/ppl': 1.0, 'test/num_examples': 0, 'score': 12875.283079862595, 'total_duration': 14850.56470155716, 'accumulated_submission_time': 12875.283079862595, 'accumulated_eval_time': 1974.6988756656647, 'accumulated_logging_time': 0.2349100112915039}
I0512 04:08:16.361073 139460355372800 logging_writer.py:48] [57242] accumulated_eval_time=1974.7, accumulated_logging_time=0.23491, accumulated_submission_time=12875.3, global_step=57242, preemption_count=0, score=12875.3, test/loss=0, test/num_examples=0, test/ppl=1, total_duration=14850.6, train/loss=3.07817, train/ppl=21.7186, validation/loss=3.07657, validation/num_examples=100000, validation/ppl=21.6839
I0512 04:08:16.387372 139460363765504 logging_writer.py:48] [57242] global_step=57242, preemption_count=0, score=12875.3
I0512 04:08:16.397622 139634509087936 submission_runner.py:857] Final finewebedu_lm score: 12875.283079862595
