torchrun --redirects 1:0,2:0,3:0 --standalone --nnodes=1 --nproc_per_node=4 submission_runner.py --framework=pytorch --workload=ogbg --submission_path=submissions_algorithms/submissions/self_tuning/muon_torch_jax_hps_achandr/submission.py --data_dir=/data/ogbg --experiment_dir=/experiment_runs --experiment_name=submissions_a100/muon_torch_jax_hps_achandr/study_2 --overwrite=True --save_checkpoints=False --rng_seed=1952269990 --torch_compile=true --tuning_ruleset=self 2>&1 | tee -a /logs/ogbg_pytorch_05-31-2026-14-07-24.log
W0531 14:07:46.327000 9 site-packages/torch/distributed/run.py:803] 
W0531 14:07:46.327000 9 site-packages/torch/distributed/run.py:803] *****************************************
W0531 14:07:46.327000 9 site-packages/torch/distributed/run.py:803] Setting OMP_NUM_THREADS environment variable for each process to be 1 in default, to avoid your system being overloaded, please further tune the variable for optimal performance in your application as needed. 
W0531 14:07:46.327000 9 site-packages/torch/distributed/run.py:803] *****************************************
2026-05-31 14:07:57.022084: E external/local_xla/xla/stream_executor/cuda/cuda_fft.cc:467] Unable to register cuFFT factory: Attempting to register factory for plugin cuFFT when one has already been registered
2026-05-31 14:07:57.022084: E external/local_xla/xla/stream_executor/cuda/cuda_fft.cc:467] Unable to register cuFFT factory: Attempting to register factory for plugin cuFFT when one has already been registered
2026-05-31 14:07:57.022108: E external/local_xla/xla/stream_executor/cuda/cuda_fft.cc:467] Unable to register cuFFT factory: Attempting to register factory for plugin cuFFT when one has already been registered
2026-05-31 14:07:57.022084: E external/local_xla/xla/stream_executor/cuda/cuda_fft.cc:467] Unable to register cuFFT factory: Attempting to register factory for plugin cuFFT when one has already been registered
WARNING: All log messages before absl::InitializeLog() is called are written to STDERR
WARNING: All log messages before absl::InitializeLog() is called are written to STDERR
WARNING: All log messages before absl::InitializeLog() is called are written to STDERR
WARNING: All log messages before absl::InitializeLog() is called are written to STDERR
E0000 00:00:1780236477.648940      39 cuda_dnn.cc:8579] Unable to register cuDNN factory: Attempting to register factory for plugin cuDNN when one has already been registered
E0000 00:00:1780236477.648928      38 cuda_dnn.cc:8579] Unable to register cuDNN factory: Attempting to register factory for plugin cuDNN when one has already been registered
E0000 00:00:1780236477.648951      41 cuda_dnn.cc:8579] Unable to register cuDNN factory: Attempting to register factory for plugin cuDNN when one has already been registered
E0000 00:00:1780236477.648938      40 cuda_dnn.cc:8579] Unable to register cuDNN factory: Attempting to register factory for plugin cuDNN when one has already been registered
E0000 00:00:1780236477.830557      39 cuda_blas.cc:1407] Unable to register cuBLAS factory: Attempting to register factory for plugin cuBLAS when one has already been registered
E0000 00:00:1780236477.830559      40 cuda_blas.cc:1407] Unable to register cuBLAS factory: Attempting to register factory for plugin cuBLAS when one has already been registered
E0000 00:00:1780236477.830560      38 cuda_blas.cc:1407] Unable to register cuBLAS factory: Attempting to register factory for plugin cuBLAS when one has already been registered
E0000 00:00:1780236477.830567      41 cuda_blas.cc:1407] Unable to register cuBLAS factory: Attempting to register factory for plugin cuBLAS when one has already been registered
W0000 00:00:1780236479.576980      40 computation_placer.cc:177] computation placer already registered. Please check linkage and avoid linking the same target more than once.
W0000 00:00:1780236479.576980      41 computation_placer.cc:177] computation placer already registered. Please check linkage and avoid linking the same target more than once.
W0000 00:00:1780236479.576981      39 computation_placer.cc:177] computation placer already registered. Please check linkage and avoid linking the same target more than once.
W0000 00:00:1780236479.576993      38 computation_placer.cc:177] computation placer already registered. Please check linkage and avoid linking the same target more than once.
W0000 00:00:1780236479.577020      39 computation_placer.cc:177] computation placer already registered. Please check linkage and avoid linking the same target more than once.
W0000 00:00:1780236479.577020      41 computation_placer.cc:177] computation placer already registered. Please check linkage and avoid linking the same target more than once.
W0000 00:00:1780236479.577021      40 computation_placer.cc:177] computation placer already registered. Please check linkage and avoid linking the same target more than once.
W0000 00:00:1780236479.577023      39 computation_placer.cc:177] computation placer already registered. Please check linkage and avoid linking the same target more than once.
W0000 00:00:1780236479.577023      41 computation_placer.cc:177] computation placer already registered. Please check linkage and avoid linking the same target more than once.
W0000 00:00:1780236479.577023      38 computation_placer.cc:177] computation placer already registered. Please check linkage and avoid linking the same target more than once.
W0000 00:00:1780236479.577024      40 computation_placer.cc:177] computation placer already registered. Please check linkage and avoid linking the same target more than once.
W0000 00:00:1780236479.577025      39 computation_placer.cc:177] computation placer already registered. Please check linkage and avoid linking the same target more than once.
W0000 00:00:1780236479.577026      38 computation_placer.cc:177] computation placer already registered. Please check linkage and avoid linking the same target more than once.
W0000 00:00:1780236479.577026      41 computation_placer.cc:177] computation placer already registered. Please check linkage and avoid linking the same target more than once.
W0000 00:00:1780236479.577026      40 computation_placer.cc:177] computation placer already registered. Please check linkage and avoid linking the same target more than once.
W0000 00:00:1780236479.577028      38 computation_placer.cc:177] computation placer already registered. Please check linkage and avoid linking the same target more than once.
W0000 00:00:1780236507.544107      40 gpu_device.cc:2341] Cannot dlopen some GPU libraries. Please make sure the missing libraries mentioned above are installed properly if you would like to use GPU. Follow the guide at https://www.tensorflow.org/install/gpu for how to download and setup the required libraries for your platform.
Skipping registering GPU devices...
W0000 00:00:1780236507.544171      38 gpu_device.cc:2341] Cannot dlopen some GPU libraries. Please make sure the missing libraries mentioned above are installed properly if you would like to use GPU. Follow the guide at https://www.tensorflow.org/install/gpu for how to download and setup the required libraries for your platform.
Skipping registering GPU devices...
W0000 00:00:1780236507.548371      39 gpu_device.cc:2341] Cannot dlopen some GPU libraries. Please make sure the missing libraries mentioned above are installed properly if you would like to use GPU. Follow the guide at https://www.tensorflow.org/install/gpu for how to download and setup the required libraries for your platform.
Skipping registering GPU devices...
W0000 00:00:1780236507.610392      41 gpu_device.cc:2341] Cannot dlopen some GPU libraries. Please make sure the missing libraries mentioned above are installed properly if you would like to use GPU. Follow the guide at https://www.tensorflow.org/install/gpu for how to download and setup the required libraries for your platform.
Skipping registering GPU devices...
/usr/local/lib/python3.11/site-packages/torch/__init__.py:1617: UserWarning: Please use the new API settings to control TF32 behavior, such as torch.backends.cudnn.conv.fp32_precision = 'tf32' or torch.backends.cuda.matmul.fp32_precision = 'ieee'. Old settings, e.g, torch.backends.cuda.matmul.allow_tf32 = True, torch.backends.cudnn.allow_tf32 = True, allowTF32CuDNN() and allowTF32CuBLAS() will be deprecated after Pytorch 2.9. Please see https://pytorch.org/docs/main/notes/cuda.html#tensorfloat-32-tf32-on-ampere-and-later-devices (Triggered internally at /pytorch/aten/src/ATen/Context.cpp:80.)
  _C._set_float32_matmul_precision(precision)
/usr/local/lib/python3.11/site-packages/torch/__init__.py:1617: UserWarning: Please use the new API settings to control TF32 behavior, such as torch.backends.cudnn.conv.fp32_precision = 'tf32' or torch.backends.cuda.matmul.fp32_precision = 'ieee'. Old settings, e.g, torch.backends.cuda.matmul.allow_tf32 = True, torch.backends.cudnn.allow_tf32 = True, allowTF32CuDNN() and allowTF32CuBLAS() will be deprecated after Pytorch 2.9. Please see https://pytorch.org/docs/main/notes/cuda.html#tensorfloat-32-tf32-on-ampere-and-later-devices (Triggered internally at /pytorch/aten/src/ATen/Context.cpp:80.)
  _C._set_float32_matmul_precision(precision)
/usr/local/lib/python3.11/site-packages/torch/__init__.py:1617: UserWarning: Please use the new API settings to control TF32 behavior, such as torch.backends.cudnn.conv.fp32_precision = 'tf32' or torch.backends.cuda.matmul.fp32_precision = 'ieee'. Old settings, e.g, torch.backends.cuda.matmul.allow_tf32 = True, torch.backends.cudnn.allow_tf32 = True, allowTF32CuDNN() and allowTF32CuBLAS() will be deprecated after Pytorch 2.9. Please see https://pytorch.org/docs/main/notes/cuda.html#tensorfloat-32-tf32-on-ampere-and-later-devices (Triggered internally at /pytorch/aten/src/ATen/Context.cpp:80.)
  _C._set_float32_matmul_precision(precision)
/usr/local/lib/python3.11/site-packages/torch/__init__.py:1617: UserWarning: Please use the new API settings to control TF32 behavior, such as torch.backends.cudnn.conv.fp32_precision = 'tf32' or torch.backends.cuda.matmul.fp32_precision = 'ieee'. Old settings, e.g, torch.backends.cuda.matmul.allow_tf32 = True, torch.backends.cudnn.allow_tf32 = True, allowTF32CuDNN() and allowTF32CuBLAS() will be deprecated after Pytorch 2.9. Please see https://pytorch.org/docs/main/notes/cuda.html#tensorfloat-32-tf32-on-ampere-and-later-devices (Triggered internally at /pytorch/aten/src/ATen/Context.cpp:80.)
  _C._set_float32_matmul_precision(precision)
/usr/local/lib/python3.11/site-packages/pydantic/_internal/_generate_schema.py:2249: UnsupportedFieldAttributeWarning: The 'repr' attribute with value False was provided to the `Field()` function, which has no effect in the context it was used. 'repr' is field-specific metadata, and can only be attached to a model field using `Annotated` metadata or by assignment. This may have happened because an `Annotated` type alias using the `type` statement was used, or if the `Field()` function was attached to a single member of a union type.
  warnings.warn(
/usr/local/lib/python3.11/site-packages/pydantic/_internal/_generate_schema.py:2249: UnsupportedFieldAttributeWarning: The 'repr' attribute with value False was provided to the `Field()` function, which has no effect in the context it was used. 'repr' is field-specific metadata, and can only be attached to a model field using `Annotated` metadata or by assignment. This may have happened because an `Annotated` type alias using the `type` statement was used, or if the `Field()` function was attached to a single member of a union type.
  warnings.warn(
/usr/local/lib/python3.11/site-packages/pydantic/_internal/_generate_schema.py:2249: UnsupportedFieldAttributeWarning: The 'repr' attribute with value False was provided to the `Field()` function, which has no effect in the context it was used. 'repr' is field-specific metadata, and can only be attached to a model field using `Annotated` metadata or by assignment. This may have happened because an `Annotated` type alias using the `type` statement was used, or if the `Field()` function was attached to a single member of a union type.
  warnings.warn(
/usr/local/lib/python3.11/site-packages/pydantic/_internal/_generate_schema.py:2249: UnsupportedFieldAttributeWarning: The 'repr' attribute with value False was provided to the `Field()` function, which has no effect in the context it was used. 'repr' is field-specific metadata, and can only be attached to a model field using `Annotated` metadata or by assignment. This may have happened because an `Annotated` type alias using the `type` statement was used, or if the `Field()` function was attached to a single member of a union type.
  warnings.warn(
/usr/local/lib/python3.11/site-packages/pydantic/_internal/_generate_schema.py:2249: UnsupportedFieldAttributeWarning: The 'frozen' attribute with value True was provided to the `Field()` function, which has no effect in the context it was used. 'frozen' is field-specific metadata, and can only be attached to a model field using `Annotated` metadata or by assignment. This may have happened because an `Annotated` type alias using the `type` statement was used, or if the `Field()` function was attached to a single member of a union type.
  warnings.warn(
/usr/local/lib/python3.11/site-packages/pydantic/_internal/_generate_schema.py:2249: UnsupportedFieldAttributeWarning: The 'frozen' attribute with value True was provided to the `Field()` function, which has no effect in the context it was used. 'frozen' is field-specific metadata, and can only be attached to a model field using `Annotated` metadata or by assignment. This may have happened because an `Annotated` type alias using the `type` statement was used, or if the `Field()` function was attached to a single member of a union type.
  warnings.warn(
/usr/local/lib/python3.11/site-packages/pydantic/_internal/_generate_schema.py:2249: UnsupportedFieldAttributeWarning: The 'frozen' attribute with value True was provided to the `Field()` function, which has no effect in the context it was used. 'frozen' is field-specific metadata, and can only be attached to a model field using `Annotated` metadata or by assignment. This may have happened because an `Annotated` type alias using the `type` statement was used, or if the `Field()` function was attached to a single member of a union type.
  warnings.warn(
/usr/local/lib/python3.11/site-packages/pydantic/_internal/_generate_schema.py:2249: UnsupportedFieldAttributeWarning: The 'frozen' attribute with value True was provided to the `Field()` function, which has no effect in the context it was used. 'frozen' is field-specific metadata, and can only be attached to a model field using `Annotated` metadata or by assignment. This may have happened because an `Annotated` type alias using the `type` statement was used, or if the `Field()` function was attached to a single member of a union type.
  warnings.warn(
/usr/local/lib/python3.11/site-packages/torch/distributed/distributed_c10d.py:4876: UserWarning: barrier(): using the device under current context. You can specify `device_id` in `init_process_group` to mute this warning.
  warnings.warn(  # warn only once
[rank0]:[W531 14:08:37.039222505 ProcessGroupNCCL.cpp:5068] Guessing device ID based on global rank. This can cause a hang if rank to GPU mapping is heterogeneous. You can specify device_id in init_process_group()
I0531 14:08:39.252135 140346399204544 logger_utils.py:84] Creating experiment directory at /experiment_runs/submissions_a100/muon_torch_jax_hps_achandr/study_2/ogbg_pytorch.
I0531 14:08:39.252135 140586022622400 logger_utils.py:84] Creating experiment directory at /experiment_runs/submissions_a100/muon_torch_jax_hps_achandr/study_2/ogbg_pytorch.
I0531 14:08:39.252135 140331724920000 logger_utils.py:84] Creating experiment directory at /experiment_runs/submissions_a100/muon_torch_jax_hps_achandr/study_2/ogbg_pytorch.
I0531 14:08:39.252184 139787888166080 logger_utils.py:84] Creating experiment directory at /experiment_runs/submissions_a100/muon_torch_jax_hps_achandr/study_2/ogbg_pytorch.
I0531 14:08:49.937444 139787888166080 submission_runner.py:741] Creating directory at /experiment_runs/submissions_a100/muon_torch_jax_hps_achandr/study_2/ogbg_pytorch/trial_1.
I0531 14:08:50.314228 139787888166080 submission_runner.py:242] Initializing dataset.
I0531 14:08:50.314409 139787888166080 submission_runner.py:251] Initializing model.
W0531 14:08:51.045238 139787888166080 submission_runner.py:273] These workloads cannot be fully compiled under current PyTorch version. Proceeding without `torch.compile`.
W0531 14:08:51.045231 140586022622400 submission_runner.py:273] These workloads cannot be fully compiled under current PyTorch version. Proceeding without `torch.compile`.
W0531 14:08:51.045234 140346399204544 submission_runner.py:273] These workloads cannot be fully compiled under current PyTorch version. Proceeding without `torch.compile`.
W0531 14:08:51.045261 140331724920000 submission_runner.py:273] These workloads cannot be fully compiled under current PyTorch version. Proceeding without `torch.compile`.
I0531 14:08:51.047276 139787888166080 submission_runner.py:294] Initializing optimizer.
I0531 14:08:51.047579 140346399204544 muon.py:324] Muon params:
	module.node_embedder.weight (ndim=2)
	module.edge_embedder.weight (ndim=2)
	module.graph_network.0.update_edge_fn.dense_0.weight (ndim=2)
	module.graph_network.0.update_node_fn.dense_0.weight (ndim=2)
	module.graph_network.0.update_global_fn.dense_0.weight (ndim=2)
	module.graph_network.1.update_edge_fn.dense_0.weight (ndim=2)
	module.graph_network.1.update_node_fn.dense_0.weight (ndim=2)
	module.graph_network.1.update_global_fn.dense_0.weight (ndim=2)
	module.graph_network.2.update_edge_fn.dense_0.weight (ndim=2)
	module.graph_network.2.update_node_fn.dense_0.weight (ndim=2)
	module.graph_network.2.update_global_fn.dense_0.weight (ndim=2)
	module.graph_network.3.update_edge_fn.dense_0.weight (ndim=2)
	module.graph_network.3.update_node_fn.dense_0.weight (ndim=2)
	module.graph_network.3.update_global_fn.dense_0.weight (ndim=2)
	module.graph_network.4.update_edge_fn.dense_0.weight (ndim=2)
	module.graph_network.4.update_node_fn.dense_0.weight (ndim=2)
	module.graph_network.4.update_global_fn.dense_0.weight (ndim=2)
	module.decoder.weight (ndim=2)
I0531 14:08:51.047595 140331724920000 muon.py:324] Muon params:
	module.node_embedder.weight (ndim=2)
	module.edge_embedder.weight (ndim=2)
	module.graph_network.0.update_edge_fn.dense_0.weight (ndim=2)
	module.graph_network.0.update_node_fn.dense_0.weight (ndim=2)
	module.graph_network.0.update_global_fn.dense_0.weight (ndim=2)
	module.graph_network.1.update_edge_fn.dense_0.weight (ndim=2)
	module.graph_network.1.update_node_fn.dense_0.weight (ndim=2)
	module.graph_network.1.update_global_fn.dense_0.weight (ndim=2)
	module.graph_network.2.update_edge_fn.dense_0.weight (ndim=2)
	module.graph_network.2.update_node_fn.dense_0.weight (ndim=2)
	module.graph_network.2.update_global_fn.dense_0.weight (ndim=2)
	module.graph_network.3.update_edge_fn.dense_0.weight (ndim=2)
	module.graph_network.3.update_node_fn.dense_0.weight (ndim=2)
	module.graph_network.3.update_global_fn.dense_0.weight (ndim=2)
	module.graph_network.4.update_edge_fn.dense_0.weight (ndim=2)
	module.graph_network.4.update_node_fn.dense_0.weight (ndim=2)
	module.graph_network.4.update_global_fn.dense_0.weight (ndim=2)
	module.decoder.weight (ndim=2)
I0531 14:08:51.047596 140586022622400 muon.py:324] Muon params:
	module.node_embedder.weight (ndim=2)
	module.edge_embedder.weight (ndim=2)
	module.graph_network.0.update_edge_fn.dense_0.weight (ndim=2)
	module.graph_network.0.update_node_fn.dense_0.weight (ndim=2)
	module.graph_network.0.update_global_fn.dense_0.weight (ndim=2)
	module.graph_network.1.update_edge_fn.dense_0.weight (ndim=2)
	module.graph_network.1.update_node_fn.dense_0.weight (ndim=2)
	module.graph_network.1.update_global_fn.dense_0.weight (ndim=2)
	module.graph_network.2.update_edge_fn.dense_0.weight (ndim=2)
	module.graph_network.2.update_node_fn.dense_0.weight (ndim=2)
	module.graph_network.2.update_global_fn.dense_0.weight (ndim=2)
	module.graph_network.3.update_edge_fn.dense_0.weight (ndim=2)
	module.graph_network.3.update_node_fn.dense_0.weight (ndim=2)
	module.graph_network.3.update_global_fn.dense_0.weight (ndim=2)
	module.graph_network.4.update_edge_fn.dense_0.weight (ndim=2)
	module.graph_network.4.update_node_fn.dense_0.weight (ndim=2)
	module.graph_network.4.update_global_fn.dense_0.weight (ndim=2)
	module.decoder.weight (ndim=2)
I0531 14:08:51.047708 140346399204544 muon.py:325] Adam params:
	module.node_embedder.bias (ndim=1)
	module.edge_embedder.bias (ndim=1)
	module.graph_network.0.update_edge_fn.dense_0.bias (ndim=1)
	module.graph_network.0.update_edge_fn.norm_0.weight (ndim=1)
	module.graph_network.0.update_edge_fn.norm_0.bias (ndim=1)
	module.graph_network.0.update_node_fn.dense_0.bias (ndim=1)
	module.graph_network.0.update_node_fn.norm_0.weight (ndim=1)
	module.graph_network.0.update_node_fn.norm_0.bias (ndim=1)
	module.graph_network.0.update_global_fn.dense_0.bias (ndim=1)
	module.graph_network.0.update_global_fn.norm_0.weight (ndim=1)
	module.graph_network.0.update_global_fn.norm_0.bias (ndim=1)
	module.graph_network.1.update_edge_fn.dense_0.bias (ndim=1)
	module.graph_network.1.update_edge_fn.norm_0.weight (ndim=1)
	module.graph_network.1.update_edge_fn.norm_0.bias (ndim=1)
	module.graph_network.1.update_node_fn.dense_0.bias (ndim=1)
	module.graph_network.1.update_node_fn.norm_0.weight (ndim=1)
	module.graph_network.1.update_node_fn.norm_0.bias (ndim=1)
	module.graph_network.1.update_global_fn.dense_0.bias (ndim=1)
	module.graph_network.1.update_global_fn.norm_0.weight (ndim=1)
	module.graph_network.1.update_global_fn.norm_0.bias (ndim=1)
	module.graph_network.2.update_edge_fn.dense_0.bias (ndim=1)
	module.graph_network.2.update_edge_fn.norm_0.weight (ndim=1)
	module.graph_network.2.update_edge_fn.norm_0.bias (ndim=1)
	module.graph_network.2.update_node_fn.dense_0.bias (ndim=1)
	module.graph_network.2.update_node_fn.norm_0.weight (ndim=1)
	module.graph_network.2.update_node_fn.norm_0.bias (ndim=1)
	module.graph_network.2.update_global_fn.dense_0.bias (ndim=1)
	module.graph_network.2.update_global_fn.norm_0.weight (ndim=1)
	module.graph_network.2.update_global_fn.norm_0.bias (ndim=1)
	module.graph_network.3.update_edge_fn.dense_0.bias (ndim=1)
	module.graph_network.3.update_edge_fn.norm_0.weight (ndim=1)
	module.graph_network.3.update_edge_fn.norm_0.bias (ndim=1)
	module.graph_network.3.update_node_fn.dense_0.bias (ndim=1)
	module.graph_network.3.update_node_fn.norm_0.weight (ndim=1)
	module.graph_network.3.update_node_fn.norm_0.bias (ndim=1)
	module.graph_network.3.update_global_fn.dense_0.bias (ndim=1)
	module.graph_network.3.update_global_fn.norm_0.weight (ndim=1)
	module.graph_network.3.update_global_fn.norm_0.bias (ndim=1)
	module.graph_network.4.update_edge_fn.dense_0.bias (ndim=1)
	module.graph_network.4.update_edge_fn.norm_0.weight (ndim=1)
	module.graph_network.4.update_edge_fn.norm_0.bias (ndim=1)
	module.graph_network.4.update_node_fn.dense_0.bias (ndim=1)
	module.graph_network.4.update_node_fn.norm_0.weight (ndim=1)
	module.graph_network.4.update_node_fn.norm_0.bias (ndim=1)
	module.graph_network.4.update_global_fn.dense_0.bias (ndim=1)
	module.graph_network.4.update_global_fn.norm_0.weight (ndim=1)
	module.graph_network.4.update_global_fn.norm_0.bias (ndim=1)
	module.decoder.bias (ndim=1)
I0531 14:08:51.047698 139787888166080 muon.py:324] Muon params:
	module.node_embedder.weight (ndim=2)
	module.edge_embedder.weight (ndim=2)
	module.graph_network.0.update_edge_fn.dense_0.weight (ndim=2)
	module.graph_network.0.update_node_fn.dense_0.weight (ndim=2)
	module.graph_network.0.update_global_fn.dense_0.weight (ndim=2)
	module.graph_network.1.update_edge_fn.dense_0.weight (ndim=2)
	module.graph_network.1.update_node_fn.dense_0.weight (ndim=2)
	module.graph_network.1.update_global_fn.dense_0.weight (ndim=2)
	module.graph_network.2.update_edge_fn.dense_0.weight (ndim=2)
	module.graph_network.2.update_node_fn.dense_0.weight (ndim=2)
	module.graph_network.2.update_global_fn.dense_0.weight (ndim=2)
	module.graph_network.3.update_edge_fn.dense_0.weight (ndim=2)
	module.graph_network.3.update_node_fn.dense_0.weight (ndim=2)
	module.graph_network.3.update_global_fn.dense_0.weight (ndim=2)
	module.graph_network.4.update_edge_fn.dense_0.weight (ndim=2)
	module.graph_network.4.update_node_fn.dense_0.weight (ndim=2)
	module.graph_network.4.update_global_fn.dense_0.weight (ndim=2)
	module.decoder.weight (ndim=2)
I0531 14:08:51.047729 140331724920000 muon.py:325] Adam params:
	module.node_embedder.bias (ndim=1)
	module.edge_embedder.bias (ndim=1)
	module.graph_network.0.update_edge_fn.dense_0.bias (ndim=1)
	module.graph_network.0.update_edge_fn.norm_0.weight (ndim=1)
	module.graph_network.0.update_edge_fn.norm_0.bias (ndim=1)
	module.graph_network.0.update_node_fn.dense_0.bias (ndim=1)
	module.graph_network.0.update_node_fn.norm_0.weight (ndim=1)
	module.graph_network.0.update_node_fn.norm_0.bias (ndim=1)
	module.graph_network.0.update_global_fn.dense_0.bias (ndim=1)
	module.graph_network.0.update_global_fn.norm_0.weight (ndim=1)
	module.graph_network.0.update_global_fn.norm_0.bias (ndim=1)
	module.graph_network.1.update_edge_fn.dense_0.bias (ndim=1)
	module.graph_network.1.update_edge_fn.norm_0.weight (ndim=1)
	module.graph_network.1.update_edge_fn.norm_0.bias (ndim=1)
	module.graph_network.1.update_node_fn.dense_0.bias (ndim=1)
	module.graph_network.1.update_node_fn.norm_0.weight (ndim=1)
	module.graph_network.1.update_node_fn.norm_0.bias (ndim=1)
	module.graph_network.1.update_global_fn.dense_0.bias (ndim=1)
	module.graph_network.1.update_global_fn.norm_0.weight (ndim=1)
	module.graph_network.1.update_global_fn.norm_0.bias (ndim=1)
	module.graph_network.2.update_edge_fn.dense_0.bias (ndim=1)
	module.graph_network.2.update_edge_fn.norm_0.weight (ndim=1)
	module.graph_network.2.update_edge_fn.norm_0.bias (ndim=1)
	module.graph_network.2.update_node_fn.dense_0.bias (ndim=1)
	module.graph_network.2.update_node_fn.norm_0.weight (ndim=1)
	module.graph_network.2.update_node_fn.norm_0.bias (ndim=1)
	module.graph_network.2.update_global_fn.dense_0.bias (ndim=1)
	module.graph_network.2.update_global_fn.norm_0.weight (ndim=1)
	module.graph_network.2.update_global_fn.norm_0.bias (ndim=1)
	module.graph_network.3.update_edge_fn.dense_0.bias (ndim=1)
	module.graph_network.3.update_edge_fn.norm_0.weight (ndim=1)
	module.graph_network.3.update_edge_fn.norm_0.bias (ndim=1)
	module.graph_network.3.update_node_fn.dense_0.bias (ndim=1)
	module.graph_network.3.update_node_fn.norm_0.weight (ndim=1)
	module.graph_network.3.update_node_fn.norm_0.bias (ndim=1)
	module.graph_network.3.update_global_fn.dense_0.bias (ndim=1)
	module.graph_network.3.update_global_fn.norm_0.weight (ndim=1)
	module.graph_network.3.update_global_fn.norm_0.bias (ndim=1)
	module.graph_network.4.update_edge_fn.dense_0.bias (ndim=1)
	module.graph_network.4.update_edge_fn.norm_0.weight (ndim=1)
	module.graph_network.4.update_edge_fn.norm_0.bias (ndim=1)
	module.graph_network.4.update_node_fn.dense_0.bias (ndim=1)
	module.graph_network.4.update_node_fn.norm_0.weight (ndim=1)
	module.graph_network.4.update_node_fn.norm_0.bias (ndim=1)
	module.graph_network.4.update_global_fn.dense_0.bias (ndim=1)
	module.graph_network.4.update_global_fn.norm_0.weight (ndim=1)
	module.graph_network.4.update_global_fn.norm_0.bias (ndim=1)
	module.decoder.bias (ndim=1)
I0531 14:08:51.047737 140586022622400 muon.py:325] Adam params:
	module.node_embedder.bias (ndim=1)
	module.edge_embedder.bias (ndim=1)
	module.graph_network.0.update_edge_fn.dense_0.bias (ndim=1)
	module.graph_network.0.update_edge_fn.norm_0.weight (ndim=1)
	module.graph_network.0.update_edge_fn.norm_0.bias (ndim=1)
	module.graph_network.0.update_node_fn.dense_0.bias (ndim=1)
	module.graph_network.0.update_node_fn.norm_0.weight (ndim=1)
	module.graph_network.0.update_node_fn.norm_0.bias (ndim=1)
	module.graph_network.0.update_global_fn.dense_0.bias (ndim=1)
	module.graph_network.0.update_global_fn.norm_0.weight (ndim=1)
	module.graph_network.0.update_global_fn.norm_0.bias (ndim=1)
	module.graph_network.1.update_edge_fn.dense_0.bias (ndim=1)
	module.graph_network.1.update_edge_fn.norm_0.weight (ndim=1)
	module.graph_network.1.update_edge_fn.norm_0.bias (ndim=1)
	module.graph_network.1.update_node_fn.dense_0.bias (ndim=1)
	module.graph_network.1.update_node_fn.norm_0.weight (ndim=1)
	module.graph_network.1.update_node_fn.norm_0.bias (ndim=1)
	module.graph_network.1.update_global_fn.dense_0.bias (ndim=1)
	module.graph_network.1.update_global_fn.norm_0.weight (ndim=1)
	module.graph_network.1.update_global_fn.norm_0.bias (ndim=1)
	module.graph_network.2.update_edge_fn.dense_0.bias (ndim=1)
	module.graph_network.2.update_edge_fn.norm_0.weight (ndim=1)
	module.graph_network.2.update_edge_fn.norm_0.bias (ndim=1)
	module.graph_network.2.update_node_fn.dense_0.bias (ndim=1)
	module.graph_network.2.update_node_fn.norm_0.weight (ndim=1)
	module.graph_network.2.update_node_fn.norm_0.bias (ndim=1)
	module.graph_network.2.update_global_fn.dense_0.bias (ndim=1)
	module.graph_network.2.update_global_fn.norm_0.weight (ndim=1)
	module.graph_network.2.update_global_fn.norm_0.bias (ndim=1)
	module.graph_network.3.update_edge_fn.dense_0.bias (ndim=1)
	module.graph_network.3.update_edge_fn.norm_0.weight (ndim=1)
	module.graph_network.3.update_edge_fn.norm_0.bias (ndim=1)
	module.graph_network.3.update_node_fn.dense_0.bias (ndim=1)
	module.graph_network.3.update_node_fn.norm_0.weight (ndim=1)
	module.graph_network.3.update_node_fn.norm_0.bias (ndim=1)
	module.graph_network.3.update_global_fn.dense_0.bias (ndim=1)
	module.graph_network.3.update_global_fn.norm_0.weight (ndim=1)
	module.graph_network.3.update_global_fn.norm_0.bias (ndim=1)
	module.graph_network.4.update_edge_fn.dense_0.bias (ndim=1)
	module.graph_network.4.update_edge_fn.norm_0.weight (ndim=1)
	module.graph_network.4.update_edge_fn.norm_0.bias (ndim=1)
	module.graph_network.4.update_node_fn.dense_0.bias (ndim=1)
	module.graph_network.4.update_node_fn.norm_0.weight (ndim=1)
	module.graph_network.4.update_node_fn.norm_0.bias (ndim=1)
	module.graph_network.4.update_global_fn.dense_0.bias (ndim=1)
	module.graph_network.4.update_global_fn.norm_0.weight (ndim=1)
	module.graph_network.4.update_global_fn.norm_0.bias (ndim=1)
	module.decoder.bias (ndim=1)
I0531 14:08:51.047767 139787888166080 muon.py:325] Adam params:
	module.node_embedder.bias (ndim=1)
	module.edge_embedder.bias (ndim=1)
	module.graph_network.0.update_edge_fn.dense_0.bias (ndim=1)
	module.graph_network.0.update_edge_fn.norm_0.weight (ndim=1)
	module.graph_network.0.update_edge_fn.norm_0.bias (ndim=1)
	module.graph_network.0.update_node_fn.dense_0.bias (ndim=1)
	module.graph_network.0.update_node_fn.norm_0.weight (ndim=1)
	module.graph_network.0.update_node_fn.norm_0.bias (ndim=1)
	module.graph_network.0.update_global_fn.dense_0.bias (ndim=1)
	module.graph_network.0.update_global_fn.norm_0.weight (ndim=1)
	module.graph_network.0.update_global_fn.norm_0.bias (ndim=1)
	module.graph_network.1.update_edge_fn.dense_0.bias (ndim=1)
	module.graph_network.1.update_edge_fn.norm_0.weight (ndim=1)
	module.graph_network.1.update_edge_fn.norm_0.bias (ndim=1)
	module.graph_network.1.update_node_fn.dense_0.bias (ndim=1)
	module.graph_network.1.update_node_fn.norm_0.weight (ndim=1)
	module.graph_network.1.update_node_fn.norm_0.bias (ndim=1)
	module.graph_network.1.update_global_fn.dense_0.bias (ndim=1)
	module.graph_network.1.update_global_fn.norm_0.weight (ndim=1)
	module.graph_network.1.update_global_fn.norm_0.bias (ndim=1)
	module.graph_network.2.update_edge_fn.dense_0.bias (ndim=1)
	module.graph_network.2.update_edge_fn.norm_0.weight (ndim=1)
	module.graph_network.2.update_edge_fn.norm_0.bias (ndim=1)
	module.graph_network.2.update_node_fn.dense_0.bias (ndim=1)
	module.graph_network.2.update_node_fn.norm_0.weight (ndim=1)
	module.graph_network.2.update_node_fn.norm_0.bias (ndim=1)
	module.graph_network.2.update_global_fn.dense_0.bias (ndim=1)
	module.graph_network.2.update_global_fn.norm_0.weight (ndim=1)
	module.graph_network.2.update_global_fn.norm_0.bias (ndim=1)
	module.graph_network.3.update_edge_fn.dense_0.bias (ndim=1)
	module.graph_network.3.update_edge_fn.norm_0.weight (ndim=1)
	module.graph_network.3.update_edge_fn.norm_0.bias (ndim=1)
	module.graph_network.3.update_node_fn.dense_0.bias (ndim=1)
	module.graph_network.3.update_node_fn.norm_0.weight (ndim=1)
	module.graph_network.3.update_node_fn.norm_0.bias (ndim=1)
	module.graph_network.3.update_global_fn.dense_0.bias (ndim=1)
	module.graph_network.3.update_global_fn.norm_0.weight (ndim=1)
	module.graph_network.3.update_global_fn.norm_0.bias (ndim=1)
	module.graph_network.4.update_edge_fn.dense_0.bias (ndim=1)
	module.graph_network.4.update_edge_fn.norm_0.weight (ndim=1)
	module.graph_network.4.update_edge_fn.norm_0.bias (ndim=1)
	module.graph_network.4.update_node_fn.dense_0.bias (ndim=1)
	module.graph_network.4.update_node_fn.norm_0.weight (ndim=1)
	module.graph_network.4.update_node_fn.norm_0.bias (ndim=1)
	module.graph_network.4.update_global_fn.dense_0.bias (ndim=1)
	module.graph_network.4.update_global_fn.norm_0.weight (ndim=1)
	module.graph_network.4.update_global_fn.norm_0.bias (ndim=1)
	module.decoder.bias (ndim=1)
I0531 14:08:51.093646 139787888166080 submission_runner.py:299] Initializing metrics bundle.
I0531 14:08:51.093827 139787888166080 submission_runner.py:321] Initializing checkpoint and logger.
I0531 14:08:51.095838 139787888166080 submission_runner.py:344] Saving meta data to /experiment_runs/submissions_a100/muon_torch_jax_hps_achandr/study_2/ogbg_pytorch/trial_1/meta_data_0.json.
I0531 14:08:51.095896 140586022622400 logger_utils.py:283] Unable to record workload.train_mean information. Continuing without it.
I0531 14:08:51.095923 140331724920000 logger_utils.py:283] Unable to record workload.train_mean information. Continuing without it.
I0531 14:08:51.095951 140346399204544 logger_utils.py:283] Unable to record workload.train_mean information. Continuing without it.
I0531 14:08:51.096024 139787888166080 logger_utils.py:283] Unable to record workload.train_mean information. Continuing without it.
I0531 14:08:51.096026 140586022622400 logger_utils.py:283] Unable to record workload.train_stddev information. Continuing without it.
I0531 14:08:51.096055 140331724920000 logger_utils.py:283] Unable to record workload.train_stddev information. Continuing without it.
I0531 14:08:51.096079 139787888166080 logger_utils.py:283] Unable to record workload.train_stddev information. Continuing without it.
I0531 14:08:51.096080 140346399204544 logger_utils.py:283] Unable to record workload.train_stddev information. Continuing without it.
I0531 14:08:51.568197 139787888166080 submission_runner.py:348] Saving flags to /experiment_runs/submissions_a100/muon_torch_jax_hps_achandr/study_2/ogbg_pytorch/trial_1/flags_0.json.
I0531 14:08:51.650144 139787888166080 submission_runner.py:359] Starting training loop.
I0531 14:08:55.133277 139787888166080 dataset_info.py:707] Load dataset info from /data/ogbg/ogbg_molpcba/0.1.3
I0531 14:08:55.214420 139787888166080 reader.py:262] Creating a tf.data.Dataset reading 8 files located in folders: /data/ogbg/ogbg_molpcba/0.1.3.
WARNING:tensorflow:From /usr/local/lib/python3.11/site-packages/tensorflow_datasets/core/reader.py:102: CounterV2 (from tensorflow.python.data.experimental.ops.counter) is deprecated and will be removed in a future version.
Instructions for updating:
Use `tf.data.Dataset.counter(...)` instead.
W0531 14:08:55.468282 139787888166080 deprecation.py:50] From /usr/local/lib/python3.11/site-packages/tensorflow_datasets/core/reader.py:102: CounterV2 (from tensorflow.python.data.experimental.ops.counter) is deprecated and will be removed in a future version.
Instructions for updating:
Use `tf.data.Dataset.counter(...)` instead.
I0531 14:08:55.599291 139787888166080 logging_logger.py:49] Constructing tf.data.Dataset ogbg_molpcba for split train, from /data/ogbg/ogbg_molpcba/0.1.3
I0531 14:09:43.801229 139787888166080 spec.py:333] Evaluating on the training split.
I0531 14:09:43.805738 139787888166080 dataset_info.py:707] Load dataset info from /data/ogbg/ogbg_molpcba/0.1.3
I0531 14:09:43.809310 139787888166080 reader.py:262] Creating a tf.data.Dataset reading 8 files located in folders: /data/ogbg/ogbg_molpcba/0.1.3.
I0531 14:09:43.877226 139787888166080 logging_logger.py:49] Constructing tf.data.Dataset ogbg_molpcba for split train, from /data/ogbg/ogbg_molpcba/0.1.3
I0531 14:10:14.970116 139787888166080 spec.py:346] Evaluating on the validation split.
I0531 14:10:14.972594 139787888166080 dataset_info.py:707] Load dataset info from /data/ogbg/ogbg_molpcba/0.1.3
I0531 14:10:14.976178 139787888166080 reader.py:262] Creating a tf.data.Dataset reading 1 files located in folders: /data/ogbg/ogbg_molpcba/0.1.3.
I0531 14:10:15.041195 139787888166080 logging_logger.py:49] Constructing tf.data.Dataset ogbg_molpcba for split validation, from /data/ogbg/ogbg_molpcba/0.1.3
I0531 14:10:34.223485 139787888166080 spec.py:363] Evaluating on the test split.
I0531 14:10:34.225752 139787888166080 dataset_info.py:707] Load dataset info from /data/ogbg/ogbg_molpcba/0.1.3
I0531 14:10:34.229076 139787888166080 reader.py:262] Creating a tf.data.Dataset reading 1 files located in folders: /data/ogbg/ogbg_molpcba/0.1.3.
I0531 14:10:34.289402 139787888166080 logging_logger.py:49] Constructing tf.data.Dataset ogbg_molpcba for split test, from /data/ogbg/ogbg_molpcba/0.1.3
I0531 14:10:53.557211 139787888166080 submission_runner.py:516] Time since start: 121.91s, 	Step: 1, 	{'train/accuracy': 0.521582353905521, 'train/loss': 0.7545997869586875, 'train/mean_average_precision': 0.02072357100629785, 'validation/accuracy': 0.523925598901081, 'validation/loss': 0.7554313212194623, 'validation/mean_average_precision': 0.023319207584629065, 'validation/num_examples': 43793, 'test/accuracy': 0.5250236051881719, 'test/loss': 0.753959080690577, 'test/mean_average_precision': 0.025542436352930777, 'test/num_examples': 43793, 'score': 51.6913685798645, 'total_duration': 121.90701413154602, 'accumulated_submission_time': 51.6913685798645, 'accumulated_eval_time': 69.75591325759888, 'accumulated_logging_time': 0}
I0531 14:10:53.688108 139754208933632 logging_writer.py:48] [1] accumulated_eval_time=69.7559, accumulated_logging_time=0, accumulated_submission_time=51.6914, global_step=1, preemption_count=0, score=51.6914, test/accuracy=0.525024, test/loss=0.753959, test/mean_average_precision=0.0255424, test/num_examples=43793, total_duration=121.907, train/accuracy=0.521582, train/loss=0.7546, train/mean_average_precision=0.0207236, validation/accuracy=0.523926, validation/loss=0.755431, validation/mean_average_precision=0.0233192, validation/num_examples=43793
I0531 14:18:26.048800 139787888166080 spec.py:333] Evaluating on the training split.
I0531 14:18:52.818345 139787888166080 spec.py:346] Evaluating on the validation split.
I0531 14:18:54.837558 139787888166080 spec.py:363] Evaluating on the test split.
I0531 14:18:56.857602 139787888166080 submission_runner.py:516] Time since start: 605.21s, 	Step: 1924, 	{'train/accuracy': 0.5215917393574867, 'train/loss': 0.7546911606216127, 'train/mean_average_precision': 0.02142210192357276, 'validation/accuracy': 0.523927831486106, 'validation/loss': 0.7554313719600311, 'validation/mean_average_precision': 0.023320382252525817, 'validation/num_examples': 43793, 'test/accuracy': 0.5250250791963539, 'test/loss': 0.753959080690577, 'test/mean_average_precision': 0.02554464949676408, 'test/num_examples': 43793, 'score': 502.4079668521881, 'total_duration': 605.2074494361877, 'accumulated_submission_time': 502.4079668521881, 'accumulated_eval_time': 100.56470656394958, 'accumulated_logging_time': 0.36406922340393066}
I0531 14:18:56.883115 139754217326336 logging_writer.py:48] [1924] accumulated_eval_time=100.565, accumulated_logging_time=0.364069, accumulated_submission_time=502.408, global_step=1924, preemption_count=0, score=502.408, test/accuracy=0.525025, test/loss=0.753959, test/mean_average_precision=0.0255446, test/num_examples=43793, total_duration=605.207, train/accuracy=0.521592, train/loss=0.754691, train/mean_average_precision=0.0214221, validation/accuracy=0.523928, validation/loss=0.755431, validation/mean_average_precision=0.0233204, validation/num_examples=43793
I0531 14:26:29.446374 139787888166080 spec.py:333] Evaluating on the training split.
I0531 14:26:56.314049 139787888166080 spec.py:346] Evaluating on the validation split.
I0531 14:26:58.344446 139787888166080 spec.py:363] Evaluating on the test split.
I0531 14:27:00.369654 139787888166080 submission_runner.py:516] Time since start: 1088.72s, 	Step: 3851, 	{'train/accuracy': 0.5215700145614213, 'train/loss': 0.7546021051340118, 'train/mean_average_precision': 0.02113772685222282, 'validation/accuracy': 0.523927019637006, 'validation/loss': 0.7554313719600311, 'validation/mean_average_precision': 0.023310760120285885, 'validation/num_examples': 43793, 'test/accuracy': 0.525023184042977, 'test/loss': 0.753959080690577, 'test/mean_average_precision': 0.025537550976376246, 'test/num_examples': 43793, 'score': 953.5618054866791, 'total_duration': 1088.7194895744324, 'accumulated_submission_time': 953.5618054866791, 'accumulated_eval_time': 131.48791766166687, 'accumulated_logging_time': 0.40030813217163086}
I0531 14:27:00.393316 139754208933632 logging_writer.py:48] [3851] accumulated_eval_time=131.488, accumulated_logging_time=0.400308, accumulated_submission_time=953.562, global_step=3851, preemption_count=0, score=953.562, test/accuracy=0.525023, test/loss=0.753959, test/mean_average_precision=0.0255376, test/num_examples=43793, total_duration=1088.72, train/accuracy=0.52157, train/loss=0.754602, train/mean_average_precision=0.0211377, validation/accuracy=0.523927, validation/loss=0.755431, validation/mean_average_precision=0.0233108, validation/num_examples=43793
I0531 14:34:33.016584 139787888166080 spec.py:333] Evaluating on the training split.
I0531 14:34:59.711159 139787888166080 spec.py:346] Evaluating on the validation split.
I0531 14:35:01.719992 139787888166080 spec.py:363] Evaluating on the test split.
I0531 14:35:03.797380 139787888166080 submission_runner.py:516] Time since start: 1572.15s, 	Step: 5774, 	{'train/accuracy': 0.5215120754519855, 'train/loss': 0.7545876171298637, 'train/mean_average_precision': 0.021494383274464585, 'validation/accuracy': 0.523927831486106, 'validation/loss': 0.7554313719600311, 'validation/mean_average_precision': 0.023326243232113884, 'validation/num_examples': 43793, 'test/accuracy': 0.5250227628977822, 'test/loss': 0.753959080690577, 'test/mean_average_precision': 0.02554589726288492, 'test/num_examples': 43793, 'score': 1404.773708820343, 'total_duration': 1572.1472012996674, 'accumulated_submission_time': 1404.773708820343, 'accumulated_eval_time': 162.26864457130432, 'accumulated_logging_time': 0.4345109462738037}
I0531 14:35:03.821875 139754217326336 logging_writer.py:48] [5774] accumulated_eval_time=162.269, accumulated_logging_time=0.434511, accumulated_submission_time=1404.77, global_step=5774, preemption_count=0, score=1404.77, test/accuracy=0.525023, test/loss=0.753959, test/mean_average_precision=0.0255459, test/num_examples=43793, total_duration=1572.15, train/accuracy=0.521512, train/loss=0.754588, train/mean_average_precision=0.0214944, validation/accuracy=0.523928, validation/loss=0.755431, validation/mean_average_precision=0.0233262, validation/num_examples=43793
I0531 14:42:36.304208 139787888166080 spec.py:333] Evaluating on the training split.
I0531 14:43:03.059130 139787888166080 spec.py:346] Evaluating on the validation split.
I0531 14:43:05.091390 139787888166080 spec.py:363] Evaluating on the test split.
I0531 14:43:07.136425 139787888166080 submission_runner.py:516] Time since start: 2055.49s, 	Step: 7686, 	{'train/accuracy': 0.5217056735594725, 'train/loss': 0.7545718790193234, 'train/mean_average_precision': 0.020155465858693836, 'validation/accuracy': 0.523927425561556, 'validation/loss': 0.7554313719600311, 'validation/mean_average_precision': 0.023320687294365032, 'validation/num_examples': 43793, 'test/accuracy': 0.5250242369059642, 'test/loss': 0.753959080690577, 'test/mean_average_precision': 0.025539934865970986, 'test/num_examples': 43793, 'score': 1855.8538765907288, 'total_duration': 2055.48623251915, 'accumulated_submission_time': 1855.8538765907288, 'accumulated_eval_time': 193.10076808929443, 'accumulated_logging_time': 0.4695560932159424}
I0531 14:43:07.160919 139754208933632 logging_writer.py:48] [7686] accumulated_eval_time=193.101, accumulated_logging_time=0.469556, accumulated_submission_time=1855.85, global_step=7686, preemption_count=0, score=1855.85, test/accuracy=0.525024, test/loss=0.753959, test/mean_average_precision=0.0255399, test/num_examples=43793, total_duration=2055.49, train/accuracy=0.521706, train/loss=0.754572, train/mean_average_precision=0.0201555, validation/accuracy=0.523927, validation/loss=0.755431, validation/mean_average_precision=0.0233207, validation/num_examples=43793
I0531 14:50:39.666832 139787888166080 spec.py:333] Evaluating on the training split.
I0531 14:51:06.162334 139787888166080 spec.py:346] Evaluating on the validation split.
I0531 14:51:08.137667 139787888166080 spec.py:363] Evaluating on the test split.
I0531 14:51:10.172372 139787888166080 submission_runner.py:516] Time since start: 2538.52s, 	Step: 9612, 	{'train/accuracy': 0.5215101744286069, 'train/loss': 0.7546911788849271, 'train/mean_average_precision': 0.020730274240279255, 'validation/accuracy': 0.5239268166747311, 'validation/loss': 0.7554313719600311, 'validation/mean_average_precision': 0.023321775571201016, 'validation/num_examples': 43793, 'test/accuracy': 0.525021710034795, 'test/loss': 0.753959080690577, 'test/mean_average_precision': 0.025534095530459315, 'test/num_examples': 43793, 'score': 2306.950669527054, 'total_duration': 2538.5222177505493, 'accumulated_submission_time': 2306.950669527054, 'accumulated_eval_time': 223.60625743865967, 'accumulated_logging_time': 0.5047042369842529}
I0531 14:51:10.198673 139754217326336 logging_writer.py:48] [9612] accumulated_eval_time=223.606, accumulated_logging_time=0.504704, accumulated_submission_time=2306.95, global_step=9612, preemption_count=0, score=2306.95, test/accuracy=0.525022, test/loss=0.753959, test/mean_average_precision=0.0255341, test/num_examples=43793, total_duration=2538.52, train/accuracy=0.52151, train/loss=0.754691, train/mean_average_precision=0.0207303, validation/accuracy=0.523927, validation/loss=0.755431, validation/mean_average_precision=0.0233218, validation/num_examples=43793
I0531 14:58:42.647433 139787888166080 spec.py:333] Evaluating on the training split.
I0531 14:59:09.310218 139787888166080 spec.py:346] Evaluating on the validation split.
I0531 14:59:11.302242 139787888166080 spec.py:363] Evaluating on the test split.
I0531 14:59:13.312709 139787888166080 submission_runner.py:516] Time since start: 3021.66s, 	Step: 11528, 	{'train/accuracy': 0.5216788424306186, 'train/loss': 0.7546486149699513, 'train/mean_average_precision': 0.020987691649092005, 'validation/accuracy': 0.5239268166747311, 'validation/loss': 0.7554313719600311, 'validation/mean_average_precision': 0.023326370725679713, 'validation/num_examples': 43793, 'test/accuracy': 0.5250227628977822, 'test/loss': 0.753959080690577, 'test/mean_average_precision': 0.02554680758950049, 'test/num_examples': 43793, 'score': 2757.9979436397552, 'total_duration': 3021.6625401973724, 'accumulated_submission_time': 2757.9979436397552, 'accumulated_eval_time': 254.27146339416504, 'accumulated_logging_time': 0.5417025089263916}
I0531 14:59:13.338227 139754208933632 logging_writer.py:48] [11528] accumulated_eval_time=254.271, accumulated_logging_time=0.541703, accumulated_submission_time=2758, global_step=11528, preemption_count=0, score=2758, test/accuracy=0.525023, test/loss=0.753959, test/mean_average_precision=0.0255468, test/num_examples=43793, total_duration=3021.66, train/accuracy=0.521679, train/loss=0.754649, train/mean_average_precision=0.0209877, validation/accuracy=0.523927, validation/loss=0.755431, validation/mean_average_precision=0.0233264, validation/num_examples=43793
I0531 15:06:45.937815 139787888166080 spec.py:333] Evaluating on the training split.
I0531 15:07:12.724112 139787888166080 spec.py:346] Evaluating on the validation split.
I0531 15:07:14.736272 139787888166080 spec.py:363] Evaluating on the test split.
I0531 15:07:16.776712 139787888166080 submission_runner.py:516] Time since start: 3505.13s, 	Step: 13446, 	{'train/accuracy': 0.5215938133192973, 'train/loss': 0.7545298351959853, 'train/mean_average_precision': 0.020884762280775, 'validation/accuracy': 0.523927831486106, 'validation/loss': 0.7554313719600311, 'validation/mean_average_precision': 0.02332452641817335, 'validation/num_examples': 43793, 'test/accuracy': 0.525023184042977, 'test/loss': 0.7539590280474276, 'test/mean_average_precision': 0.025535404703957775, 'test/num_examples': 43793, 'score': 3209.1901865005493, 'total_duration': 3505.1265258789062, 'accumulated_submission_time': 3209.1901865005493, 'accumulated_eval_time': 285.11029982566833, 'accumulated_logging_time': 0.5783388614654541}
I0531 15:07:16.802413 139754217326336 logging_writer.py:48] [13446] accumulated_eval_time=285.11, accumulated_logging_time=0.578339, accumulated_submission_time=3209.19, global_step=13446, preemption_count=0, score=3209.19, test/accuracy=0.525023, test/loss=0.753959, test/mean_average_precision=0.0255354, test/num_examples=43793, total_duration=3505.13, train/accuracy=0.521594, train/loss=0.75453, train/mean_average_precision=0.0208848, validation/accuracy=0.523928, validation/loss=0.755431, validation/mean_average_precision=0.0233245, validation/num_examples=43793
I0531 15:14:49.415067 139787888166080 spec.py:333] Evaluating on the training split.
I0531 15:15:14.740427 139787888166080 spec.py:346] Evaluating on the validation split.
I0531 15:15:16.723268 139787888166080 spec.py:363] Evaluating on the test split.
I0531 15:15:18.766086 139787888166080 submission_runner.py:516] Time since start: 3987.12s, 	Step: 15428, 	{'train/accuracy': 0.5215836751333915, 'train/loss': 0.754627877033043, 'train/mean_average_precision': 0.021870264398811734, 'validation/accuracy': 0.523927222599281, 'validation/loss': 0.7554313719600311, 'validation/mean_average_precision': 0.023327458138221107, 'validation/num_examples': 43793, 'test/accuracy': 0.525021710034795, 'test/loss': 0.7539589754042784, 'test/mean_average_precision': 0.02554400215542519, 'test/num_examples': 43793, 'score': 3660.3912155628204, 'total_duration': 3987.1159353256226, 'accumulated_submission_time': 3660.3912155628204, 'accumulated_eval_time': 314.4612898826599, 'accumulated_logging_time': 0.6147918701171875}
I0531 15:15:18.791937 139754208933632 logging_writer.py:48] [15428] accumulated_eval_time=314.461, accumulated_logging_time=0.614792, accumulated_submission_time=3660.39, global_step=15428, preemption_count=0, score=3660.39, test/accuracy=0.525022, test/loss=0.753959, test/mean_average_precision=0.025544, test/num_examples=43793, total_duration=3987.12, train/accuracy=0.521584, train/loss=0.754628, train/mean_average_precision=0.0218703, validation/accuracy=0.523927, validation/loss=0.755431, validation/mean_average_precision=0.0233275, validation/num_examples=43793
I0531 15:22:51.357279 139787888166080 spec.py:333] Evaluating on the training split.
I0531 15:23:16.775594 139787888166080 spec.py:346] Evaluating on the validation split.
I0531 15:23:18.761632 139787888166080 spec.py:363] Evaluating on the test split.
I0531 15:23:20.796419 139787888166080 submission_runner.py:516] Time since start: 4469.15s, 	Step: 17444, 	{'train/accuracy': 0.5214317685702284, 'train/loss': 0.7546841076482514, 'train/mean_average_precision': 0.020532017385277834, 'validation/accuracy': 0.523928440372931, 'validation/loss': 0.7554313719600311, 'validation/mean_average_precision': 0.02331963029468986, 'validation/num_examples': 43793, 'test/accuracy': 0.5250236051881719, 'test/loss': 0.753959080690577, 'test/mean_average_precision': 0.0255267078292641, 'test/num_examples': 43793, 'score': 4111.545583486557, 'total_duration': 4469.146281003952, 'accumulated_submission_time': 4111.545583486557, 'accumulated_eval_time': 343.90040159225464, 'accumulated_logging_time': 0.6507298946380615}
I0531 15:23:20.821238 139754217326336 logging_writer.py:48] [17444] accumulated_eval_time=343.9, accumulated_logging_time=0.65073, accumulated_submission_time=4111.55, global_step=17444, preemption_count=0, score=4111.55, test/accuracy=0.525024, test/loss=0.753959, test/mean_average_precision=0.0255267, test/num_examples=43793, total_duration=4469.15, train/accuracy=0.521432, train/loss=0.754684, train/mean_average_precision=0.020532, validation/accuracy=0.523928, validation/loss=0.755431, validation/mean_average_precision=0.0233196, validation/num_examples=43793
I0531 15:30:53.358581 139787888166080 spec.py:333] Evaluating on the training split.
I0531 15:31:18.807090 139787888166080 spec.py:346] Evaluating on the validation split.
I0531 15:31:20.806008 139787888166080 spec.py:363] Evaluating on the test split.
I0531 15:31:22.837669 139787888166080 submission_runner.py:516] Time since start: 4951.19s, 	Step: 19454, 	{'train/accuracy': 0.5218173065587299, 'train/loss': 0.7545250913663694, 'train/mean_average_precision': 0.020602804398795523, 'validation/accuracy': 0.5239264107501811, 'validation/loss': 0.7554313719600311, 'validation/mean_average_precision': 0.0233181809232745, 'validation/num_examples': 43793, 'test/accuracy': 0.5250229734703796, 'test/loss': 0.753959080690577, 'test/mean_average_precision': 0.025548279906161785, 'test/num_examples': 43793, 'score': 4562.67112660408, 'total_duration': 4951.187520265579, 'accumulated_submission_time': 4562.67112660408, 'accumulated_eval_time': 373.3794639110565, 'accumulated_logging_time': 0.6855068206787109}
I0531 15:31:22.863279 139754208933632 logging_writer.py:48] [19454] accumulated_eval_time=373.379, accumulated_logging_time=0.685507, accumulated_submission_time=4562.67, global_step=19454, preemption_count=0, score=4562.67, test/accuracy=0.525023, test/loss=0.753959, test/mean_average_precision=0.0255483, test/num_examples=43793, total_duration=4951.19, train/accuracy=0.521817, train/loss=0.754525, train/mean_average_precision=0.0206028, validation/accuracy=0.523926, validation/loss=0.755431, validation/mean_average_precision=0.0233182, validation/num_examples=43793
I0531 15:38:55.400627 139787888166080 spec.py:333] Evaluating on the training split.
I0531 15:39:20.821524 139787888166080 spec.py:346] Evaluating on the validation split.
I0531 15:39:22.798568 139787888166080 spec.py:363] Evaluating on the test split.
I0531 15:39:24.857549 139787888166080 submission_runner.py:516] Time since start: 5433.21s, 	Step: 21460, 	{'train/accuracy': 0.5214019060191082, 'train/loss': 0.7547685428675114, 'train/mean_average_precision': 0.02056419709381363, 'validation/accuracy': 0.5239264107501811, 'validation/loss': 0.7554313719600311, 'validation/mean_average_precision': 0.023321799065731896, 'validation/num_examples': 43793, 'test/accuracy': 0.525023184042977, 'test/loss': 0.753959080690577, 'test/mean_average_precision': 0.025535894024171352, 'test/num_examples': 43793, 'score': 5013.796553611755, 'total_duration': 5433.207372426987, 'accumulated_submission_time': 5013.796553611755, 'accumulated_eval_time': 402.8363206386566, 'accumulated_logging_time': 0.7225871086120605}
I0531 15:39:24.883575 139754217326336 logging_writer.py:48] [21460] accumulated_eval_time=402.836, accumulated_logging_time=0.722587, accumulated_submission_time=5013.8, global_step=21460, preemption_count=0, score=5013.8, test/accuracy=0.525023, test/loss=0.753959, test/mean_average_precision=0.0255359, test/num_examples=43793, total_duration=5433.21, train/accuracy=0.521402, train/loss=0.754769, train/mean_average_precision=0.0205642, validation/accuracy=0.523926, validation/loss=0.755431, validation/mean_average_precision=0.0233218, validation/num_examples=43793
I0531 15:46:57.517133 139787888166080 spec.py:333] Evaluating on the training split.
I0531 15:47:22.893795 139787888166080 spec.py:346] Evaluating on the validation split.
I0531 15:47:24.878633 139787888166080 spec.py:363] Evaluating on the test split.
I0531 15:47:26.896134 139787888166080 submission_runner.py:516] Time since start: 5915.25s, 	Step: 23472, 	{'train/accuracy': 0.5216818935887394, 'train/loss': 0.7545498090422451, 'train/mean_average_precision': 0.021765418336011054, 'validation/accuracy': 0.523927425561556, 'validation/loss': 0.7554313719600311, 'validation/mean_average_precision': 0.023321307441729184, 'validation/num_examples': 43793, 'test/accuracy': 0.5250219206073925, 'test/loss': 0.753959080690577, 'test/mean_average_precision': 0.02554135997596918, 'test/num_examples': 43793, 'score': 5465.019485712051, 'total_duration': 5915.245977878571, 'accumulated_submission_time': 5465.019485712051, 'accumulated_eval_time': 432.2152945995331, 'accumulated_logging_time': 0.75881028175354}
I0531 15:47:26.920400 139754208933632 logging_writer.py:48] [23472] accumulated_eval_time=432.215, accumulated_logging_time=0.75881, accumulated_submission_time=5465.02, global_step=23472, preemption_count=0, score=5465.02, test/accuracy=0.525022, test/loss=0.753959, test/mean_average_precision=0.0255414, test/num_examples=43793, total_duration=5915.25, train/accuracy=0.521682, train/loss=0.75455, train/mean_average_precision=0.0217654, validation/accuracy=0.523927, validation/loss=0.755431, validation/mean_average_precision=0.0233213, validation/num_examples=43793
I0531 15:54:59.557381 139787888166080 spec.py:333] Evaluating on the training split.
I0531 15:55:25.244941 139787888166080 spec.py:346] Evaluating on the validation split.
I0531 15:55:27.239399 139787888166080 spec.py:363] Evaluating on the test split.
I0531 15:55:29.258370 139787888166080 submission_runner.py:516] Time since start: 6397.61s, 	Step: 25505, 	{'train/accuracy': 0.521569452537906, 'train/loss': 0.7546004679957936, 'train/mean_average_precision': 0.020996127797698834, 'validation/accuracy': 0.523926004825631, 'validation/loss': 0.7554314227005998, 'validation/mean_average_precision': 0.023321429620477428, 'validation/num_examples': 43793, 'test/accuracy': 0.5250227628977822, 'test/loss': 0.753959080690577, 'test/mean_average_precision': 0.02553991542629586, 'test/num_examples': 43793, 'score': 5916.286910772324, 'total_duration': 6397.608193159103, 'accumulated_submission_time': 5916.286910772324, 'accumulated_eval_time': 461.9161865711212, 'accumulated_logging_time': 0.7934098243713379}
I0531 15:55:29.282699 139754217326336 logging_writer.py:48] [25505] accumulated_eval_time=461.916, accumulated_logging_time=0.79341, accumulated_submission_time=5916.29, global_step=25505, preemption_count=0, score=5916.29, test/accuracy=0.525023, test/loss=0.753959, test/mean_average_precision=0.0255399, test/num_examples=43793, total_duration=6397.61, train/accuracy=0.521569, train/loss=0.7546, train/mean_average_precision=0.0209961, validation/accuracy=0.523926, validation/loss=0.755431, validation/mean_average_precision=0.0233214, validation/num_examples=43793
I0531 16:03:01.859238 139787888166080 spec.py:333] Evaluating on the training split.
I0531 16:03:27.249508 139787888166080 spec.py:346] Evaluating on the validation split.
I0531 16:03:29.271697 139787888166080 spec.py:363] Evaluating on the test split.
I0531 16:03:31.248166 139787888166080 submission_runner.py:516] Time since start: 6879.60s, 	Step: 27547, 	{'train/accuracy': 0.5215911236765036, 'train/loss': 0.754594910819122, 'train/mean_average_precision': 0.02155298102775729, 'validation/accuracy': 0.5239266137124561, 'validation/loss': 0.7554313719600311, 'validation/mean_average_precision': 0.023320301227209843, 'validation/num_examples': 43793, 'test/accuracy': 0.5250244474785616, 'test/loss': 0.7539590280474276, 'test/mean_average_precision': 0.02553962812880898, 'test/num_examples': 43793, 'score': 6367.496898651123, 'total_duration': 6879.5980088710785, 'accumulated_submission_time': 6367.496898651123, 'accumulated_eval_time': 491.3050787448883, 'accumulated_logging_time': 0.8285713195800781}
I0531 16:03:31.272795 139754208933632 logging_writer.py:48] [27547] accumulated_eval_time=491.305, accumulated_logging_time=0.828571, accumulated_submission_time=6367.5, global_step=27547, preemption_count=0, score=6367.5, test/accuracy=0.525024, test/loss=0.753959, test/mean_average_precision=0.0255396, test/num_examples=43793, total_duration=6879.6, train/accuracy=0.521591, train/loss=0.754595, train/mean_average_precision=0.021553, validation/accuracy=0.523927, validation/loss=0.755431, validation/mean_average_precision=0.0233203, validation/num_examples=43793
I0531 16:11:03.889262 139787888166080 spec.py:333] Evaluating on the training split.
I0531 16:11:29.348917 139787888166080 spec.py:346] Evaluating on the validation split.
I0531 16:11:31.334031 139787888166080 spec.py:363] Evaluating on the test split.
I0531 16:11:33.304220 139787888166080 submission_runner.py:516] Time since start: 7361.65s, 	Step: 29588, 	{'train/accuracy': 0.5216481375786017, 'train/loss': 0.7546054861294623, 'train/mean_average_precision': 0.020216755725614963, 'validation/accuracy': 0.523927222599281, 'validation/loss': 0.7554314227005998, 'validation/mean_average_precision': 0.02332235494330349, 'validation/num_examples': 43793, 'test/accuracy': 0.5250240263333668, 'test/loss': 0.753959080690577, 'test/mean_average_precision': 0.025546047918029006, 'test/num_examples': 43793, 'score': 6818.762184619904, 'total_duration': 7361.654056310654, 'accumulated_submission_time': 6818.762184619904, 'accumulated_eval_time': 520.7199919223785, 'accumulated_logging_time': 0.8633193969726562}
I0531 16:11:33.329569 139754217326336 logging_writer.py:48] [29588] accumulated_eval_time=520.72, accumulated_logging_time=0.863319, accumulated_submission_time=6818.76, global_step=29588, preemption_count=0, score=6818.76, test/accuracy=0.525024, test/loss=0.753959, test/mean_average_precision=0.025546, test/num_examples=43793, total_duration=7361.65, train/accuracy=0.521648, train/loss=0.754605, train/mean_average_precision=0.0202168, validation/accuracy=0.523927, validation/loss=0.755431, validation/mean_average_precision=0.0233224, validation/num_examples=43793
I0531 16:19:05.777605 139787888166080 spec.py:333] Evaluating on the training split.
I0531 16:19:31.085622 139787888166080 spec.py:346] Evaluating on the validation split.
I0531 16:19:33.117682 139787888166080 spec.py:363] Evaluating on the test split.
I0531 16:19:35.095653 139787888166080 submission_runner.py:516] Time since start: 7843.45s, 	Step: 31627, 	{'train/accuracy': 0.5216025624619794, 'train/loss': 0.7546605564731892, 'train/mean_average_precision': 0.020547784068282983, 'validation/accuracy': 0.523927019637006, 'validation/loss': 0.7554313719600311, 'validation/mean_average_precision': 0.02331954419844145, 'validation/num_examples': 43793, 'test/accuracy': 0.5250227628977822, 'test/loss': 0.753959080690577, 'test/mean_average_precision': 0.02553724011650186, 'test/num_examples': 43793, 'score': 7269.861440181732, 'total_duration': 7843.445481061935, 'accumulated_submission_time': 7269.861440181732, 'accumulated_eval_time': 550.0379812717438, 'accumulated_logging_time': 0.898583173751831}
I0531 16:19:35.121770 139754208933632 logging_writer.py:48] [31627] accumulated_eval_time=550.038, accumulated_logging_time=0.898583, accumulated_submission_time=7269.86, global_step=31627, preemption_count=0, score=7269.86, test/accuracy=0.525023, test/loss=0.753959, test/mean_average_precision=0.0255372, test/num_examples=43793, total_duration=7843.45, train/accuracy=0.521603, train/loss=0.754661, train/mean_average_precision=0.0205478, validation/accuracy=0.523927, validation/loss=0.755431, validation/mean_average_precision=0.0233195, validation/num_examples=43793
I0531 16:27:07.569871 139787888166080 spec.py:333] Evaluating on the training split.
I0531 16:27:33.122156 139787888166080 spec.py:346] Evaluating on the validation split.
I0531 16:27:35.113433 139787888166080 spec.py:363] Evaluating on the test split.
I0531 16:27:37.184695 139787888166080 submission_runner.py:516] Time since start: 8325.53s, 	Step: 33662, 	{'train/accuracy': 0.521582271694854, 'train/loss': 0.7546358459515103, 'train/mean_average_precision': 0.020947858018403834, 'validation/accuracy': 0.523927425561556, 'validation/loss': 0.7554313719600311, 'validation/mean_average_precision': 0.02332308254370576, 'validation/num_examples': 43793, 'test/accuracy': 0.5250219206073925, 'test/loss': 0.753959080690577, 'test/mean_average_precision': 0.025546714979424658, 'test/num_examples': 43793, 'score': 7720.967897176743, 'total_duration': 8325.534544229507, 'accumulated_submission_time': 7720.967897176743, 'accumulated_eval_time': 579.6527755260468, 'accumulated_logging_time': 0.9348077774047852}
I0531 16:27:37.211981 139754217326336 logging_writer.py:48] [33662] accumulated_eval_time=579.653, accumulated_logging_time=0.934808, accumulated_submission_time=7720.97, global_step=33662, preemption_count=0, score=7720.97, test/accuracy=0.525022, test/loss=0.753959, test/mean_average_precision=0.0255467, test/num_examples=43793, total_duration=8325.53, train/accuracy=0.521582, train/loss=0.754636, train/mean_average_precision=0.0209479, validation/accuracy=0.523927, validation/loss=0.755431, validation/mean_average_precision=0.0233231, validation/num_examples=43793
I0531 16:35:09.836030 139787888166080 spec.py:333] Evaluating on the training split.
I0531 16:35:35.099808 139787888166080 spec.py:346] Evaluating on the validation split.
I0531 16:35:37.106630 139787888166080 spec.py:363] Evaluating on the test split.
I0531 16:35:39.117853 139787888166080 submission_runner.py:516] Time since start: 8807.47s, 	Step: 35700, 	{'train/accuracy': 0.5215529835189268, 'train/loss': 0.7546160618996273, 'train/mean_average_precision': 0.02182171386947083, 'validation/accuracy': 0.523927019637006, 'validation/loss': 0.7554313719600311, 'validation/mean_average_precision': 0.02332309219078406, 'validation/num_examples': 43793, 'test/accuracy': 0.525023184042977, 'test/loss': 0.7539589754042784, 'test/mean_average_precision': 0.025536303080825953, 'test/num_examples': 43793, 'score': 8172.250433444977, 'total_duration': 8807.467692375183, 'accumulated_submission_time': 8172.250433444977, 'accumulated_eval_time': 608.9345510005951, 'accumulated_logging_time': 0.972034215927124}
I0531 16:35:39.144362 139754208933632 logging_writer.py:48] [35700] accumulated_eval_time=608.935, accumulated_logging_time=0.972034, accumulated_submission_time=8172.25, global_step=35700, preemption_count=0, score=8172.25, test/accuracy=0.525023, test/loss=0.753959, test/mean_average_precision=0.0255363, test/num_examples=43793, total_duration=8807.47, train/accuracy=0.521553, train/loss=0.754616, train/mean_average_precision=0.0218217, validation/accuracy=0.523927, validation/loss=0.755431, validation/mean_average_precision=0.0233231, validation/num_examples=43793
I0531 16:43:11.729806 139787888166080 spec.py:333] Evaluating on the training split.
I0531 16:43:37.013365 139787888166080 spec.py:346] Evaluating on the validation split.
I0531 16:43:39.003874 139787888166080 spec.py:363] Evaluating on the test split.
I0531 16:43:41.048804 139787888166080 submission_runner.py:516] Time since start: 9289.40s, 	Step: 37738, 	{'train/accuracy': 0.5215341863025497, 'train/loss': 0.754574543338541, 'train/mean_average_precision': 0.021278051441513943, 'validation/accuracy': 0.523927831486106, 'validation/loss': 0.7554314227005998, 'validation/mean_average_precision': 0.023319595287339394, 'validation/num_examples': 43793, 'test/accuracy': 0.5250223417525873, 'test/loss': 0.753959080690577, 'test/mean_average_precision': 0.02553319788669668, 'test/num_examples': 43793, 'score': 8623.494965314865, 'total_duration': 9289.398654460907, 'accumulated_submission_time': 8623.494965314865, 'accumulated_eval_time': 638.253504037857, 'accumulated_logging_time': 1.0085318088531494}
I0531 16:43:41.075104 139754217326336 logging_writer.py:48] [37738] accumulated_eval_time=638.254, accumulated_logging_time=1.00853, accumulated_submission_time=8623.49, global_step=37738, preemption_count=0, score=8623.49, test/accuracy=0.525022, test/loss=0.753959, test/mean_average_precision=0.0255332, test/num_examples=43793, total_duration=9289.4, train/accuracy=0.521534, train/loss=0.754575, train/mean_average_precision=0.0212781, validation/accuracy=0.523928, validation/loss=0.755431, validation/mean_average_precision=0.0233196, validation/num_examples=43793
I0531 16:51:13.598629 139787888166080 spec.py:333] Evaluating on the training split.
I0531 16:51:38.904749 139787888166080 spec.py:346] Evaluating on the validation split.
I0531 16:51:40.885209 139787888166080 spec.py:363] Evaluating on the test split.
I0531 16:51:42.876125 139787888166080 submission_runner.py:516] Time since start: 9771.23s, 	Step: 39780, 	{'train/accuracy': 0.5216756799956329, 'train/loss': 0.7546281469170331, 'train/mean_average_precision': 0.02059073394144669, 'validation/accuracy': 0.5239264107501811, 'validation/loss': 0.7554313719600311, 'validation/mean_average_precision': 0.023318711488366985, 'validation/num_examples': 43793, 'test/accuracy': 0.5250233946155745, 'test/loss': 0.753959080690577, 'test/mean_average_precision': 0.02554518194961163, 'test/num_examples': 43793, 'score': 9074.674142122269, 'total_duration': 9771.225961208344, 'accumulated_submission_time': 9074.674142122269, 'accumulated_eval_time': 667.5309596061707, 'accumulated_logging_time': 1.0449800491333008}
I0531 16:51:42.907200 139754208933632 logging_writer.py:48] [39780] accumulated_eval_time=667.531, accumulated_logging_time=1.04498, accumulated_submission_time=9074.67, global_step=39780, preemption_count=0, score=9074.67, test/accuracy=0.525023, test/loss=0.753959, test/mean_average_precision=0.0255452, test/num_examples=43793, total_duration=9771.23, train/accuracy=0.521676, train/loss=0.754628, train/mean_average_precision=0.0205907, validation/accuracy=0.523926, validation/loss=0.755431, validation/mean_average_precision=0.0233187, validation/num_examples=43793
I0531 16:59:15.454912 139787888166080 spec.py:333] Evaluating on the training split.
I0531 16:59:40.817426 139787888166080 spec.py:346] Evaluating on the validation split.
I0531 16:59:42.838351 139787888166080 spec.py:363] Evaluating on the test split.
I0531 16:59:44.875169 139787888166080 submission_runner.py:516] Time since start: 10253.23s, 	Step: 41816, 	{'train/accuracy': 0.521564788404871, 'train/loss': 0.7547124098114446, 'train/mean_average_precision': 0.020369024093818747, 'validation/accuracy': 0.523927425561556, 'validation/loss': 0.7554313719600311, 'validation/mean_average_precision': 0.023322608146776194, 'validation/num_examples': 43793, 'test/accuracy': 0.525023184042977, 'test/loss': 0.753959080690577, 'test/mean_average_precision': 0.025542496893809278, 'test/num_examples': 43793, 'score': 9525.872405290604, 'total_duration': 10253.225014209747, 'accumulated_submission_time': 9525.872405290604, 'accumulated_eval_time': 696.9511940479279, 'accumulated_logging_time': 1.0870447158813477}
I0531 16:59:44.900866 139754217326336 logging_writer.py:48] [41816] accumulated_eval_time=696.951, accumulated_logging_time=1.08704, accumulated_submission_time=9525.87, global_step=41816, preemption_count=0, score=9525.87, test/accuracy=0.525023, test/loss=0.753959, test/mean_average_precision=0.0255425, test/num_examples=43793, total_duration=10253.2, train/accuracy=0.521565, train/loss=0.754712, train/mean_average_precision=0.020369, validation/accuracy=0.523927, validation/loss=0.755431, validation/mean_average_precision=0.0233226, validation/num_examples=43793
I0531 17:07:17.433296 139787888166080 spec.py:333] Evaluating on the training split.
I0531 17:07:42.517009 139787888166080 spec.py:346] Evaluating on the validation split.
I0531 17:07:44.493849 139787888166080 spec.py:363] Evaluating on the test split.
I0531 17:07:46.540793 139787888166080 submission_runner.py:516] Time since start: 10734.89s, 	Step: 43858, 	{'train/accuracy': 0.5215334975704539, 'train/loss': 0.7546010053362276, 'train/mean_average_precision': 0.020698543083383623, 'validation/accuracy': 0.523928440372931, 'validation/loss': 0.7554313719600311, 'validation/mean_average_precision': 0.02331971543061364, 'validation/num_examples': 43793, 'test/accuracy': 0.5250255003415487, 'test/loss': 0.753959080690577, 'test/mean_average_precision': 0.025543097733367846, 'test/num_examples': 43793, 'score': 9977.060409784317, 'total_duration': 10734.890632629395, 'accumulated_submission_time': 9977.060409784317, 'accumulated_eval_time': 726.058607339859, 'accumulated_logging_time': 1.1227872371673584}
I0531 17:07:46.568050 139754208933632 logging_writer.py:48] [43858] accumulated_eval_time=726.059, accumulated_logging_time=1.12279, accumulated_submission_time=9977.06, global_step=43858, preemption_count=0, score=9977.06, test/accuracy=0.525026, test/loss=0.753959, test/mean_average_precision=0.0255431, test/num_examples=43793, total_duration=10734.9, train/accuracy=0.521533, train/loss=0.754601, train/mean_average_precision=0.0206985, validation/accuracy=0.523928, validation/loss=0.755431, validation/mean_average_precision=0.0233197, validation/num_examples=43793
I0531 17:15:19.027122 139787888166080 spec.py:333] Evaluating on the training split.
I0531 17:15:44.439608 139787888166080 spec.py:346] Evaluating on the validation split.
I0531 17:15:46.443021 139787888166080 spec.py:363] Evaluating on the test split.
I0531 17:15:48.495964 139787888166080 submission_runner.py:516] Time since start: 11216.85s, 	Step: 45897, 	{'train/accuracy': 0.5215142900860524, 'train/loss': 0.7545670984432521, 'train/mean_average_precision': 0.021626807895533062, 'validation/accuracy': 0.523928237410656, 'validation/loss': 0.7554313719600311, 'validation/mean_average_precision': 0.023322864624918165, 'validation/num_examples': 43793, 'test/accuracy': 0.5250233946155745, 'test/loss': 0.7539590280474276, 'test/mean_average_precision': 0.025535172756176113, 'test/num_examples': 43793, 'score': 10428.179647445679, 'total_duration': 11216.845758914948, 'accumulated_submission_time': 10428.179647445679, 'accumulated_eval_time': 755.5273835659027, 'accumulated_logging_time': 1.1600244045257568}
I0531 17:15:48.521436 139754217326336 logging_writer.py:48] [45897] accumulated_eval_time=755.527, accumulated_logging_time=1.16002, accumulated_submission_time=10428.2, global_step=45897, preemption_count=0, score=10428.2, test/accuracy=0.525023, test/loss=0.753959, test/mean_average_precision=0.0255352, test/num_examples=43793, total_duration=11216.8, train/accuracy=0.521514, train/loss=0.754567, train/mean_average_precision=0.0216268, validation/accuracy=0.523928, validation/loss=0.755431, validation/mean_average_precision=0.0233229, validation/num_examples=43793
I0531 17:23:21.138366 139787888166080 spec.py:333] Evaluating on the training split.
I0531 17:23:46.797925 139787888166080 spec.py:346] Evaluating on the validation split.
I0531 17:23:48.794427 139787888166080 spec.py:363] Evaluating on the test split.
I0531 17:23:50.834316 139787888166080 submission_runner.py:516] Time since start: 11699.18s, 	Step: 47932, 	{'train/accuracy': 0.5216436405816366, 'train/loss': 0.7546273483230433, 'train/mean_average_precision': 0.021016404551412248, 'validation/accuracy': 0.523929455184306, 'validation/loss': 0.7554313719600311, 'validation/mean_average_precision': 0.023322391505051904, 'validation/num_examples': 43793, 'test/accuracy': 0.5250238157607693, 'test/loss': 0.753959080690577, 'test/mean_average_precision': 0.025541499226333787, 'test/num_examples': 43793, 'score': 10879.439555168152, 'total_duration': 11699.18416929245, 'accumulated_submission_time': 10879.439555168152, 'accumulated_eval_time': 785.2232894897461, 'accumulated_logging_time': 1.195549726486206}
I0531 17:23:50.861470 139754208933632 logging_writer.py:48] [47932] accumulated_eval_time=785.223, accumulated_logging_time=1.19555, accumulated_submission_time=10879.4, global_step=47932, preemption_count=0, score=10879.4, test/accuracy=0.525024, test/loss=0.753959, test/mean_average_precision=0.0255415, test/num_examples=43793, total_duration=11699.2, train/accuracy=0.521644, train/loss=0.754627, train/mean_average_precision=0.0210164, validation/accuracy=0.523929, validation/loss=0.755431, validation/mean_average_precision=0.0233224, validation/num_examples=43793
I0531 17:31:23.519189 139787888166080 spec.py:333] Evaluating on the training split.
I0531 17:31:48.992034 139787888166080 spec.py:346] Evaluating on the validation split.
I0531 17:31:50.979048 139787888166080 spec.py:363] Evaluating on the test split.
I0531 17:31:53.004279 139787888166080 submission_runner.py:516] Time since start: 12181.35s, 	Step: 49977, 	{'train/accuracy': 0.5215883679690134, 'train/loss': 0.7545730354348009, 'train/mean_average_precision': 0.021040418560810202, 'validation/accuracy': 0.523928643335206, 'validation/loss': 0.7554313719600311, 'validation/mean_average_precision': 0.02332126315335051, 'validation/num_examples': 43793, 'test/accuracy': 0.5250212888896002, 'test/loss': 0.753959080690577, 'test/mean_average_precision': 0.025544458398015262, 'test/num_examples': 43793, 'score': 11330.730306863785, 'total_duration': 12181.354098320007, 'accumulated_submission_time': 11330.730306863785, 'accumulated_eval_time': 814.7083213329315, 'accumulated_logging_time': 1.2328879833221436}
I0531 17:31:53.029335 139754217326336 logging_writer.py:48] [49977] accumulated_eval_time=814.708, accumulated_logging_time=1.23289, accumulated_submission_time=11330.7, global_step=49977, preemption_count=0, score=11330.7, test/accuracy=0.525021, test/loss=0.753959, test/mean_average_precision=0.0255445, test/num_examples=43793, total_duration=12181.4, train/accuracy=0.521588, train/loss=0.754573, train/mean_average_precision=0.0210404, validation/accuracy=0.523929, validation/loss=0.755431, validation/mean_average_precision=0.0233213, validation/num_examples=43793
I0531 17:39:22.213377 139787888166080 spec.py:333] Evaluating on the training split.
I0531 17:39:47.706429 139787888166080 spec.py:346] Evaluating on the validation split.
I0531 17:39:49.709505 139787888166080 spec.py:363] Evaluating on the test split.
I0531 17:39:51.758078 139787888166080 submission_runner.py:516] Time since start: 12660.11s, 	Step: 52001, 	{'train/accuracy': 0.5216489490442857, 'train/loss': 0.7546321635354357, 'train/mean_average_precision': 0.02034329083332024, 'validation/accuracy': 0.523928237410656, 'validation/loss': 0.7554313212194623, 'validation/mean_average_precision': 0.023321324675951213, 'validation/num_examples': 43793, 'test/accuracy': 0.5250229734703796, 'test/loss': 0.7539590280474276, 'test/mean_average_precision': 0.025544622798999994, 'test/num_examples': 43793, 'score': 11778.557244062424, 'total_duration': 12660.107954978943, 'accumulated_submission_time': 11778.557244062424, 'accumulated_eval_time': 844.2530200481415, 'accumulated_logging_time': 1.2680814266204834}
I0531 17:39:51.784899 139754208933632 logging_writer.py:48] [52001] accumulated_eval_time=844.253, accumulated_logging_time=1.26808, accumulated_submission_time=11778.6, global_step=52001, preemption_count=0, score=11778.6, test/accuracy=0.525023, test/loss=0.753959, test/mean_average_precision=0.0255446, test/num_examples=43793, total_duration=12660.1, train/accuracy=0.521649, train/loss=0.754632, train/mean_average_precision=0.0203433, validation/accuracy=0.523928, validation/loss=0.755431, validation/mean_average_precision=0.0233213, validation/num_examples=43793
I0531 17:39:52.258348 139754217326336 logging_writer.py:48] [52001] global_step=52001, preemption_count=0, score=11778.6
I0531 17:39:52.395587 139787888166080 submission_runner.py:857] Final ogbg score: 11778.557244062424
