torchrun --redirects 1:0,2:0,3:0 --standalone --nnodes=1 --nproc_per_node=4 submission_runner.py --framework=pytorch --workload=fastmri --submission_path=submissions_algorithms/submissions/self_tuning/muon_torch_jax_hps_lr_fix/submission.py --data_dir=/data/fastmri --experiment_dir=/experiment_runs --experiment_name=submissions_a100/muon_torch_jax_hps_lr_fix/study_2 --overwrite=True --save_checkpoints=False --rng_seed=1249681204 --torch_compile=true --tuning_ruleset=self 2>&1 | tee -a /logs/fastmri_pytorch_06-04-2026-21-10-14.log
W0604 21:10:16.161000 9 site-packages/torch/distributed/run.py:803] 
W0604 21:10:16.161000 9 site-packages/torch/distributed/run.py:803] *****************************************
W0604 21:10:16.161000 9 site-packages/torch/distributed/run.py:803] Setting OMP_NUM_THREADS environment variable for each process to be 1 in default, to avoid your system being overloaded, please further tune the variable for optimal performance in your application as needed. 
W0604 21:10:16.161000 9 site-packages/torch/distributed/run.py:803] *****************************************
2026-06-04 21:10:17.235665: E external/local_xla/xla/stream_executor/cuda/cuda_fft.cc:467] Unable to register cuFFT factory: Attempting to register factory for plugin cuFFT when one has already been registered
2026-06-04 21:10:17.235670: E external/local_xla/xla/stream_executor/cuda/cuda_fft.cc:467] Unable to register cuFFT factory: Attempting to register factory for plugin cuFFT when one has already been registered
2026-06-04 21:10:17.235672: E external/local_xla/xla/stream_executor/cuda/cuda_fft.cc:467] Unable to register cuFFT factory: Attempting to register factory for plugin cuFFT when one has already been registered
2026-06-04 21:10:17.235664: E external/local_xla/xla/stream_executor/cuda/cuda_fft.cc:467] Unable to register cuFFT factory: Attempting to register factory for plugin cuFFT when one has already been registered
WARNING: All log messages before absl::InitializeLog() is called are written to STDERR
WARNING: All log messages before absl::InitializeLog() is called are written to STDERR
WARNING: All log messages before absl::InitializeLog() is called are written to STDERR
WARNING: All log messages before absl::InitializeLog() is called are written to STDERR
E0000 00:00:1780607417.257126      41 cuda_dnn.cc:8579] Unable to register cuDNN factory: Attempting to register factory for plugin cuDNN when one has already been registered
E0000 00:00:1780607417.257126      40 cuda_dnn.cc:8579] Unable to register cuDNN factory: Attempting to register factory for plugin cuDNN when one has already been registered
E0000 00:00:1780607417.257125      38 cuda_dnn.cc:8579] Unable to register cuDNN factory: Attempting to register factory for plugin cuDNN when one has already been registered
E0000 00:00:1780607417.257124      39 cuda_dnn.cc:8579] Unable to register cuDNN factory: Attempting to register factory for plugin cuDNN when one has already been registered
E0000 00:00:1780607417.264173      38 cuda_blas.cc:1407] Unable to register cuBLAS factory: Attempting to register factory for plugin cuBLAS when one has already been registered
E0000 00:00:1780607417.264174      39 cuda_blas.cc:1407] Unable to register cuBLAS factory: Attempting to register factory for plugin cuBLAS when one has already been registered
E0000 00:00:1780607417.264174      40 cuda_blas.cc:1407] Unable to register cuBLAS factory: Attempting to register factory for plugin cuBLAS when one has already been registered
E0000 00:00:1780607417.264175      41 cuda_blas.cc:1407] Unable to register cuBLAS factory: Attempting to register factory for plugin cuBLAS when one has already been registered
W0000 00:00:1780607417.282091      38 computation_placer.cc:177] computation placer already registered. Please check linkage and avoid linking the same target more than once.
W0000 00:00:1780607417.282090      39 computation_placer.cc:177] computation placer already registered. Please check linkage and avoid linking the same target more than once.
W0000 00:00:1780607417.282092      40 computation_placer.cc:177] computation placer already registered. Please check linkage and avoid linking the same target more than once.
W0000 00:00:1780607417.282094      41 computation_placer.cc:177] computation placer already registered. Please check linkage and avoid linking the same target more than once.
W0000 00:00:1780607417.282113      39 computation_placer.cc:177] computation placer already registered. Please check linkage and avoid linking the same target more than once.
W0000 00:00:1780607417.282113      40 computation_placer.cc:177] computation placer already registered. Please check linkage and avoid linking the same target more than once.
W0000 00:00:1780607417.282115      39 computation_placer.cc:177] computation placer already registered. Please check linkage and avoid linking the same target more than once.
W0000 00:00:1780607417.282116      40 computation_placer.cc:177] computation placer already registered. Please check linkage and avoid linking the same target more than once.
W0000 00:00:1780607417.282115      41 computation_placer.cc:177] computation placer already registered. Please check linkage and avoid linking the same target more than once.
W0000 00:00:1780607417.282118      40 computation_placer.cc:177] computation placer already registered. Please check linkage and avoid linking the same target more than once.
W0000 00:00:1780607417.282118      41 computation_placer.cc:177] computation placer already registered. Please check linkage and avoid linking the same target more than once.
W0000 00:00:1780607417.282118      39 computation_placer.cc:177] computation placer already registered. Please check linkage and avoid linking the same target more than once.
W0000 00:00:1780607417.282117      38 computation_placer.cc:177] computation placer already registered. Please check linkage and avoid linking the same target more than once.
W0000 00:00:1780607417.282120      41 computation_placer.cc:177] computation placer already registered. Please check linkage and avoid linking the same target more than once.
W0000 00:00:1780607417.282121      38 computation_placer.cc:177] computation placer already registered. Please check linkage and avoid linking the same target more than once.
W0000 00:00:1780607417.282123      38 computation_placer.cc:177] computation placer already registered. Please check linkage and avoid linking the same target more than once.
W0000 00:00:1780607423.011293      41 gpu_device.cc:2341] Cannot dlopen some GPU libraries. Please make sure the missing libraries mentioned above are installed properly if you would like to use GPU. Follow the guide at https://www.tensorflow.org/install/gpu for how to download and setup the required libraries for your platform.
Skipping registering GPU devices...
W0000 00:00:1780607423.120493      38 gpu_device.cc:2341] Cannot dlopen some GPU libraries. Please make sure the missing libraries mentioned above are installed properly if you would like to use GPU. Follow the guide at https://www.tensorflow.org/install/gpu for how to download and setup the required libraries for your platform.
Skipping registering GPU devices...
W0000 00:00:1780607423.207682      39 gpu_device.cc:2341] Cannot dlopen some GPU libraries. Please make sure the missing libraries mentioned above are installed properly if you would like to use GPU. Follow the guide at https://www.tensorflow.org/install/gpu for how to download and setup the required libraries for your platform.
Skipping registering GPU devices...
W0000 00:00:1780607423.344458      40 gpu_device.cc:2341] Cannot dlopen some GPU libraries. Please make sure the missing libraries mentioned above are installed properly if you would like to use GPU. Follow the guide at https://www.tensorflow.org/install/gpu for how to download and setup the required libraries for your platform.
Skipping registering GPU devices...
/usr/local/lib/python3.11/site-packages/torch/__init__.py:1617: UserWarning: Please use the new API settings to control TF32 behavior, such as torch.backends.cudnn.conv.fp32_precision = 'tf32' or torch.backends.cuda.matmul.fp32_precision = 'ieee'. Old settings, e.g, torch.backends.cuda.matmul.allow_tf32 = True, torch.backends.cudnn.allow_tf32 = True, allowTF32CuDNN() and allowTF32CuBLAS() will be deprecated after Pytorch 2.9. Please see https://pytorch.org/docs/main/notes/cuda.html#tensorfloat-32-tf32-on-ampere-and-later-devices (Triggered internally at /pytorch/aten/src/ATen/Context.cpp:80.)
  _C._set_float32_matmul_precision(precision)
/usr/local/lib/python3.11/site-packages/torch/__init__.py:1617: UserWarning: Please use the new API settings to control TF32 behavior, such as torch.backends.cudnn.conv.fp32_precision = 'tf32' or torch.backends.cuda.matmul.fp32_precision = 'ieee'. Old settings, e.g, torch.backends.cuda.matmul.allow_tf32 = True, torch.backends.cudnn.allow_tf32 = True, allowTF32CuDNN() and allowTF32CuBLAS() will be deprecated after Pytorch 2.9. Please see https://pytorch.org/docs/main/notes/cuda.html#tensorfloat-32-tf32-on-ampere-and-later-devices (Triggered internally at /pytorch/aten/src/ATen/Context.cpp:80.)
  _C._set_float32_matmul_precision(precision)
/usr/local/lib/python3.11/site-packages/torch/__init__.py:1617: UserWarning: Please use the new API settings to control TF32 behavior, such as torch.backends.cudnn.conv.fp32_precision = 'tf32' or torch.backends.cuda.matmul.fp32_precision = 'ieee'. Old settings, e.g, torch.backends.cuda.matmul.allow_tf32 = True, torch.backends.cudnn.allow_tf32 = True, allowTF32CuDNN() and allowTF32CuBLAS() will be deprecated after Pytorch 2.9. Please see https://pytorch.org/docs/main/notes/cuda.html#tensorfloat-32-tf32-on-ampere-and-later-devices (Triggered internally at /pytorch/aten/src/ATen/Context.cpp:80.)
  _C._set_float32_matmul_precision(precision)
/usr/local/lib/python3.11/site-packages/torch/__init__.py:1617: UserWarning: Please use the new API settings to control TF32 behavior, such as torch.backends.cudnn.conv.fp32_precision = 'tf32' or torch.backends.cuda.matmul.fp32_precision = 'ieee'. Old settings, e.g, torch.backends.cuda.matmul.allow_tf32 = True, torch.backends.cudnn.allow_tf32 = True, allowTF32CuDNN() and allowTF32CuBLAS() will be deprecated after Pytorch 2.9. Please see https://pytorch.org/docs/main/notes/cuda.html#tensorfloat-32-tf32-on-ampere-and-later-devices (Triggered internally at /pytorch/aten/src/ATen/Context.cpp:80.)
  _C._set_float32_matmul_precision(precision)
/usr/local/lib/python3.11/site-packages/pydantic/_internal/_generate_schema.py:2249: UnsupportedFieldAttributeWarning: The 'repr' attribute with value False was provided to the `Field()` function, which has no effect in the context it was used. 'repr' is field-specific metadata, and can only be attached to a model field using `Annotated` metadata or by assignment. This may have happened because an `Annotated` type alias using the `type` statement was used, or if the `Field()` function was attached to a single member of a union type.
  warnings.warn(
/usr/local/lib/python3.11/site-packages/pydantic/_internal/_generate_schema.py:2249: UnsupportedFieldAttributeWarning: The 'frozen' attribute with value True was provided to the `Field()` function, which has no effect in the context it was used. 'frozen' is field-specific metadata, and can only be attached to a model field using `Annotated` metadata or by assignment. This may have happened because an `Annotated` type alias using the `type` statement was used, or if the `Field()` function was attached to a single member of a union type.
  warnings.warn(
/usr/local/lib/python3.11/site-packages/pydantic/_internal/_generate_schema.py:2249: UnsupportedFieldAttributeWarning: The 'repr' attribute with value False was provided to the `Field()` function, which has no effect in the context it was used. 'repr' is field-specific metadata, and can only be attached to a model field using `Annotated` metadata or by assignment. This may have happened because an `Annotated` type alias using the `type` statement was used, or if the `Field()` function was attached to a single member of a union type.
  warnings.warn(
/usr/local/lib/python3.11/site-packages/pydantic/_internal/_generate_schema.py:2249: UnsupportedFieldAttributeWarning: The 'frozen' attribute with value True was provided to the `Field()` function, which has no effect in the context it was used. 'frozen' is field-specific metadata, and can only be attached to a model field using `Annotated` metadata or by assignment. This may have happened because an `Annotated` type alias using the `type` statement was used, or if the `Field()` function was attached to a single member of a union type.
  warnings.warn(
/usr/local/lib/python3.11/site-packages/pydantic/_internal/_generate_schema.py:2249: UnsupportedFieldAttributeWarning: The 'repr' attribute with value False was provided to the `Field()` function, which has no effect in the context it was used. 'repr' is field-specific metadata, and can only be attached to a model field using `Annotated` metadata or by assignment. This may have happened because an `Annotated` type alias using the `type` statement was used, or if the `Field()` function was attached to a single member of a union type.
  warnings.warn(
/usr/local/lib/python3.11/site-packages/pydantic/_internal/_generate_schema.py:2249: UnsupportedFieldAttributeWarning: The 'frozen' attribute with value True was provided to the `Field()` function, which has no effect in the context it was used. 'frozen' is field-specific metadata, and can only be attached to a model field using `Annotated` metadata or by assignment. This may have happened because an `Annotated` type alias using the `type` statement was used, or if the `Field()` function was attached to a single member of a union type.
  warnings.warn(
/usr/local/lib/python3.11/site-packages/pydantic/_internal/_generate_schema.py:2249: UnsupportedFieldAttributeWarning: The 'repr' attribute with value False was provided to the `Field()` function, which has no effect in the context it was used. 'repr' is field-specific metadata, and can only be attached to a model field using `Annotated` metadata or by assignment. This may have happened because an `Annotated` type alias using the `type` statement was used, or if the `Field()` function was attached to a single member of a union type.
  warnings.warn(
/usr/local/lib/python3.11/site-packages/pydantic/_internal/_generate_schema.py:2249: UnsupportedFieldAttributeWarning: The 'frozen' attribute with value True was provided to the `Field()` function, which has no effect in the context it was used. 'frozen' is field-specific metadata, and can only be attached to a model field using `Annotated` metadata or by assignment. This may have happened because an `Annotated` type alias using the `type` statement was used, or if the `Field()` function was attached to a single member of a union type.
  warnings.warn(
/usr/local/lib/python3.11/site-packages/torch/distributed/distributed_c10d.py:4876: UserWarning: barrier(): using the device under current context. You can specify `device_id` in `init_process_group` to mute this warning.
  warnings.warn(  # warn only once
[rank0]:[W604 21:10:26.226659841 ProcessGroupNCCL.cpp:5068] Guessing device ID based on global rank. This can cause a hang if rank to GPU mapping is heterogeneous. You can specify device_id in init_process_group()
I0604 21:10:27.938168 140668919895232 logger_utils.py:84] Creating experiment directory at /experiment_runs/submissions_a100/muon_torch_jax_hps_lr_fix/study_2/fastmri_pytorch.
I0604 21:10:27.938167 140306267096256 logger_utils.py:84] Creating experiment directory at /experiment_runs/submissions_a100/muon_torch_jax_hps_lr_fix/study_2/fastmri_pytorch.
I0604 21:10:27.938167 140698376742080 logger_utils.py:84] Creating experiment directory at /experiment_runs/submissions_a100/muon_torch_jax_hps_lr_fix/study_2/fastmri_pytorch.
I0604 21:10:27.938167 140603283154112 logger_utils.py:84] Creating experiment directory at /experiment_runs/submissions_a100/muon_torch_jax_hps_lr_fix/study_2/fastmri_pytorch.
I0604 21:10:29.399826 140668919895232 submission_runner.py:741] Creating directory at /experiment_runs/submissions_a100/muon_torch_jax_hps_lr_fix/study_2/fastmri_pytorch/trial_1.
I0604 21:10:29.759539 140668919895232 submission_runner.py:242] Initializing dataset.
I0604 21:10:29.759724 140668919895232 submission_runner.py:251] Initializing model.
I0604 21:10:29.940167 140668919895232 submission_runner.py:290] Performing `torch.compile`.
I0604 21:10:29.943818 140668919895232 submission_runner.py:294] Initializing optimizer.
I0604 21:10:29.944211 140668919895232 muon.py:324] Muon params:
	_orig_mod.module.down_sample_layers.0.conv_layers.0.weight (ndim=4)
	_orig_mod.module.down_sample_layers.0.conv_layers.4.weight (ndim=4)
	_orig_mod.module.down_sample_layers.1.conv_layers.0.weight (ndim=4)
	_orig_mod.module.down_sample_layers.1.conv_layers.4.weight (ndim=4)
	_orig_mod.module.down_sample_layers.2.conv_layers.0.weight (ndim=4)
	_orig_mod.module.down_sample_layers.2.conv_layers.4.weight (ndim=4)
	_orig_mod.module.down_sample_layers.3.conv_layers.0.weight (ndim=4)
	_orig_mod.module.down_sample_layers.3.conv_layers.4.weight (ndim=4)
	_orig_mod.module.conv.conv_layers.0.weight (ndim=4)
	_orig_mod.module.conv.conv_layers.4.weight (ndim=4)
	_orig_mod.module.up_conv.0.conv_layers.0.weight (ndim=4)
	_orig_mod.module.up_conv.0.conv_layers.4.weight (ndim=4)
	_orig_mod.module.up_conv.1.conv_layers.0.weight (ndim=4)
	_orig_mod.module.up_conv.1.conv_layers.4.weight (ndim=4)
	_orig_mod.module.up_conv.2.conv_layers.0.weight (ndim=4)
	_orig_mod.module.up_conv.2.conv_layers.4.weight (ndim=4)
	_orig_mod.module.up_conv.3.0.conv_layers.0.weight (ndim=4)
	_orig_mod.module.up_conv.3.0.conv_layers.4.weight (ndim=4)
	_orig_mod.module.up_conv.3.1.weight (ndim=4)
	_orig_mod.module.up_transpose_conv.0.layers.0.weight (ndim=4)
	_orig_mod.module.up_transpose_conv.1.layers.0.weight (ndim=4)
	_orig_mod.module.up_transpose_conv.2.layers.0.weight (ndim=4)
	_orig_mod.module.up_transpose_conv.3.layers.0.weight (ndim=4)
I0604 21:10:29.944283 140668919895232 muon.py:325] Adam params:
	_orig_mod.module.up_conv.3.1.bias (ndim=1)
I0604 21:10:29.944766 140306267096256 muon.py:324] Muon params:
	_orig_mod.module.down_sample_layers.0.conv_layers.0.weight (ndim=4)
	_orig_mod.module.down_sample_layers.0.conv_layers.4.weight (ndim=4)
	_orig_mod.module.down_sample_layers.1.conv_layers.0.weight (ndim=4)
	_orig_mod.module.down_sample_layers.1.conv_layers.4.weight (ndim=4)
	_orig_mod.module.down_sample_layers.2.conv_layers.0.weight (ndim=4)
	_orig_mod.module.down_sample_layers.2.conv_layers.4.weight (ndim=4)
	_orig_mod.module.down_sample_layers.3.conv_layers.0.weight (ndim=4)
	_orig_mod.module.down_sample_layers.3.conv_layers.4.weight (ndim=4)
	_orig_mod.module.conv.conv_layers.0.weight (ndim=4)
	_orig_mod.module.conv.conv_layers.4.weight (ndim=4)
	_orig_mod.module.up_conv.0.conv_layers.0.weight (ndim=4)
	_orig_mod.module.up_conv.0.conv_layers.4.weight (ndim=4)
	_orig_mod.module.up_conv.1.conv_layers.0.weight (ndim=4)
	_orig_mod.module.up_conv.1.conv_layers.4.weight (ndim=4)
	_orig_mod.module.up_conv.2.conv_layers.0.weight (ndim=4)
	_orig_mod.module.up_conv.2.conv_layers.4.weight (ndim=4)
	_orig_mod.module.up_conv.3.0.conv_layers.0.weight (ndim=4)
	_orig_mod.module.up_conv.3.0.conv_layers.4.weight (ndim=4)
	_orig_mod.module.up_conv.3.1.weight (ndim=4)
	_orig_mod.module.up_transpose_conv.0.layers.0.weight (ndim=4)
	_orig_mod.module.up_transpose_conv.1.layers.0.weight (ndim=4)
	_orig_mod.module.up_transpose_conv.2.layers.0.weight (ndim=4)
	_orig_mod.module.up_transpose_conv.3.layers.0.weight (ndim=4)
I0604 21:10:29.944924 140306267096256 muon.py:325] Adam params:
	_orig_mod.module.up_conv.3.1.bias (ndim=1)
I0604 21:10:29.945137 140668919895232 submission_runner.py:299] Initializing metrics bundle.
I0604 21:10:29.945302 140668919895232 submission_runner.py:321] Initializing checkpoint and logger.
I0604 21:10:29.946320 140668919895232 submission_runner.py:344] Saving meta data to /experiment_runs/submissions_a100/muon_torch_jax_hps_lr_fix/study_2/fastmri_pytorch/trial_1/meta_data_0.json.
I0604 21:10:29.946413 140306267096256 logger_utils.py:283] Unable to record workload.train_mean information. Continuing without it.
I0604 21:10:29.946503 140668919895232 logger_utils.py:283] Unable to record workload.train_mean information. Continuing without it.
I0604 21:10:29.946547 140306267096256 logger_utils.py:283] Unable to record workload.train_stddev information. Continuing without it.
I0604 21:10:29.946570 140668919895232 logger_utils.py:283] Unable to record workload.train_stddev information. Continuing without it.
I0604 21:10:29.947179 140603283154112 muon.py:324] Muon params:
	_orig_mod.module.down_sample_layers.0.conv_layers.0.weight (ndim=4)
	_orig_mod.module.down_sample_layers.0.conv_layers.4.weight (ndim=4)
	_orig_mod.module.down_sample_layers.1.conv_layers.0.weight (ndim=4)
	_orig_mod.module.down_sample_layers.1.conv_layers.4.weight (ndim=4)
	_orig_mod.module.down_sample_layers.2.conv_layers.0.weight (ndim=4)
	_orig_mod.module.down_sample_layers.2.conv_layers.4.weight (ndim=4)
	_orig_mod.module.down_sample_layers.3.conv_layers.0.weight (ndim=4)
	_orig_mod.module.down_sample_layers.3.conv_layers.4.weight (ndim=4)
	_orig_mod.module.conv.conv_layers.0.weight (ndim=4)
	_orig_mod.module.conv.conv_layers.4.weight (ndim=4)
	_orig_mod.module.up_conv.0.conv_layers.0.weight (ndim=4)
	_orig_mod.module.up_conv.0.conv_layers.4.weight (ndim=4)
	_orig_mod.module.up_conv.1.conv_layers.0.weight (ndim=4)
	_orig_mod.module.up_conv.1.conv_layers.4.weight (ndim=4)
	_orig_mod.module.up_conv.2.conv_layers.0.weight (ndim=4)
	_orig_mod.module.up_conv.2.conv_layers.4.weight (ndim=4)
	_orig_mod.module.up_conv.3.0.conv_layers.0.weight (ndim=4)
	_orig_mod.module.up_conv.3.0.conv_layers.4.weight (ndim=4)
	_orig_mod.module.up_conv.3.1.weight (ndim=4)
	_orig_mod.module.up_transpose_conv.0.layers.0.weight (ndim=4)
	_orig_mod.module.up_transpose_conv.1.layers.0.weight (ndim=4)
	_orig_mod.module.up_transpose_conv.2.layers.0.weight (ndim=4)
	_orig_mod.module.up_transpose_conv.3.layers.0.weight (ndim=4)
I0604 21:10:29.947339 140603283154112 muon.py:325] Adam params:
	_orig_mod.module.up_conv.3.1.bias (ndim=1)
I0604 21:10:29.947299 140698376742080 muon.py:324] Muon params:
	_orig_mod.module.down_sample_layers.0.conv_layers.0.weight (ndim=4)
	_orig_mod.module.down_sample_layers.0.conv_layers.4.weight (ndim=4)
	_orig_mod.module.down_sample_layers.1.conv_layers.0.weight (ndim=4)
	_orig_mod.module.down_sample_layers.1.conv_layers.4.weight (ndim=4)
	_orig_mod.module.down_sample_layers.2.conv_layers.0.weight (ndim=4)
	_orig_mod.module.down_sample_layers.2.conv_layers.4.weight (ndim=4)
	_orig_mod.module.down_sample_layers.3.conv_layers.0.weight (ndim=4)
	_orig_mod.module.down_sample_layers.3.conv_layers.4.weight (ndim=4)
	_orig_mod.module.conv.conv_layers.0.weight (ndim=4)
	_orig_mod.module.conv.conv_layers.4.weight (ndim=4)
	_orig_mod.module.up_conv.0.conv_layers.0.weight (ndim=4)
	_orig_mod.module.up_conv.0.conv_layers.4.weight (ndim=4)
	_orig_mod.module.up_conv.1.conv_layers.0.weight (ndim=4)
	_orig_mod.module.up_conv.1.conv_layers.4.weight (ndim=4)
	_orig_mod.module.up_conv.2.conv_layers.0.weight (ndim=4)
	_orig_mod.module.up_conv.2.conv_layers.4.weight (ndim=4)
	_orig_mod.module.up_conv.3.0.conv_layers.0.weight (ndim=4)
	_orig_mod.module.up_conv.3.0.conv_layers.4.weight (ndim=4)
	_orig_mod.module.up_conv.3.1.weight (ndim=4)
	_orig_mod.module.up_transpose_conv.0.layers.0.weight (ndim=4)
	_orig_mod.module.up_transpose_conv.1.layers.0.weight (ndim=4)
	_orig_mod.module.up_transpose_conv.2.layers.0.weight (ndim=4)
	_orig_mod.module.up_transpose_conv.3.layers.0.weight (ndim=4)
I0604 21:10:29.947458 140698376742080 muon.py:325] Adam params:
	_orig_mod.module.up_conv.3.1.bias (ndim=1)
I0604 21:10:29.948906 140603283154112 logger_utils.py:283] Unable to record workload.train_mean information. Continuing without it.
I0604 21:10:29.949037 140603283154112 logger_utils.py:283] Unable to record workload.train_stddev information. Continuing without it.
I0604 21:10:29.949801 140698376742080 logger_utils.py:283] Unable to record workload.train_mean information. Continuing without it.
I0604 21:10:29.949930 140698376742080 logger_utils.py:283] Unable to record workload.train_stddev information. Continuing without it.
I0604 21:10:30.249167 140668919895232 submission_runner.py:348] Saving flags to /experiment_runs/submissions_a100/muon_torch_jax_hps_lr_fix/study_2/fastmri_pytorch/trial_1/flags_0.json.
I0604 21:10:30.330340 140668919895232 submission_runner.py:359] Starting training loop.
[rank1]:W0604 21:10:30.351000 39 site-packages/torch/_logging/_internal.py:1199] [0/0] Profiler function <class 'torch.autograd.profiler.record_function'> will be ignored
[rank2]:W0604 21:10:30.352000 40 site-packages/torch/_logging/_internal.py:1199] [0/0] Profiler function <class 'torch.autograd.profiler.record_function'> will be ignored
[rank3]:W0604 21:10:30.352000 41 site-packages/torch/_logging/_internal.py:1199] [0/0] Profiler function <class 'torch.autograd.profiler.record_function'> will be ignored
WARNING:tensorflow:AutoGraph could not transform <function array at 0x7feff69c4220> and will run it as-is.
Please report this to the TensorFlow team. When filing the bug, set the verbosity to 10 (on Linux, `export AUTOGRAPH_VERBOSITY=10`) and attach the full output.
Cause: (<gast.gast.NamedExpr object at 0x7fede04e2200>, (leaf_jax_array := getattr(leaf, '__jax_array__', None)))
To silence this warning, decorate the function with @tf.autograph.experimental.do_not_convert
W0604 21:10:31.809306 140668919895232 ag_logging.py:142] AutoGraph could not transform <function array at 0x7feff69c4220> and will run it as-is.
Please report this to the TensorFlow team. When filing the bug, set the verbosity to 10 (on Linux, `export AUTOGRAPH_VERBOSITY=10`) and attach the full output.
Cause: (<gast.gast.NamedExpr object at 0x7fede04e2200>, (leaf_jax_array := getattr(leaf, '__jax_array__', None)))
To silence this warning, decorate the function with @tf.autograph.experimental.do_not_convert
WARNING:tensorflow:AutoGraph could not transform <function standard_insert_pvary at 0x7feff7658f40> and will run it as-is.
Please report this to the TensorFlow team. When filing the bug, set the verbosity to 10 (on Linux, `export AUTOGRAPH_VERBOSITY=10`) and attach the full output.
Cause: (<gast.gast.NamedExpr object at 0x7fede04e2a70>, (aval := get_aval(a)))
To silence this warning, decorate the function with @tf.autograph.experimental.do_not_convert
W0604 21:10:31.894781 140668919895232 ag_logging.py:142] AutoGraph could not transform <function standard_insert_pvary at 0x7feff7658f40> and will run it as-is.
Please report this to the TensorFlow team. When filing the bug, set the verbosity to 10 (on Linux, `export AUTOGRAPH_VERBOSITY=10`) and attach the full output.
Cause: (<gast.gast.NamedExpr object at 0x7fede04e2a70>, (aval := get_aval(a)))
To silence this warning, decorate the function with @tf.autograph.experimental.do_not_convert
[rank0]:W0604 21:13:13.003000 38 site-packages/torch/_logging/_internal.py:1199] [0/0] Profiler function <class 'torch.autograd.profiler.record_function'> will be ignored
I0604 21:14:28.403190 140668919895232 spec.py:333] Evaluating on the training split.
[rank0]:W0604 21:16:43.388000 38 site-packages/torch/_dynamo/convert_frame.py:1358] [5/8] torch._dynamo hit config.recompile_limit (8)
[rank0]:W0604 21:16:43.388000 38 site-packages/torch/_dynamo/convert_frame.py:1358] [5/8]    function: 'forward' (/algorithmic-efficiency/algoperf/workloads/fastmri/fastmri_pytorch/models.py:139)
[rank0]:W0604 21:16:43.388000 38 site-packages/torch/_dynamo/convert_frame.py:1358] [5/8]    last reason: 5/7: GLOBAL_STATE changed: grad_mode 
[rank0]:W0604 21:16:43.388000 38 site-packages/torch/_dynamo/convert_frame.py:1358] [5/8] To log all recompilation reasons, use TORCH_LOGS="recompiles".
[rank0]:W0604 21:16:43.388000 38 site-packages/torch/_dynamo/convert_frame.py:1358] [5/8] To diagnose recompilation issues, see https://pytorch.org/docs/main/torch.compiler_troubleshooting.html
[rank2]:W0604 21:16:43.400000 40 site-packages/torch/_dynamo/convert_frame.py:1358] [5/8] torch._dynamo hit config.recompile_limit (8)
[rank2]:W0604 21:16:43.400000 40 site-packages/torch/_dynamo/convert_frame.py:1358] [5/8]    function: 'forward' (/algorithmic-efficiency/algoperf/workloads/fastmri/fastmri_pytorch/models.py:139)
[rank2]:W0604 21:16:43.400000 40 site-packages/torch/_dynamo/convert_frame.py:1358] [5/8]    last reason: 5/7: GLOBAL_STATE changed: grad_mode 
[rank2]:W0604 21:16:43.400000 40 site-packages/torch/_dynamo/convert_frame.py:1358] [5/8] To log all recompilation reasons, use TORCH_LOGS="recompiles".
[rank2]:W0604 21:16:43.400000 40 site-packages/torch/_dynamo/convert_frame.py:1358] [5/8] To diagnose recompilation issues, see https://pytorch.org/docs/main/torch.compiler_troubleshooting.html
[rank1]:W0604 21:16:43.411000 39 site-packages/torch/_dynamo/convert_frame.py:1358] [5/8] torch._dynamo hit config.recompile_limit (8)
[rank1]:W0604 21:16:43.411000 39 site-packages/torch/_dynamo/convert_frame.py:1358] [5/8]    function: 'forward' (/algorithmic-efficiency/algoperf/workloads/fastmri/fastmri_pytorch/models.py:139)
[rank1]:W0604 21:16:43.411000 39 site-packages/torch/_dynamo/convert_frame.py:1358] [5/8]    last reason: 5/7: GLOBAL_STATE changed: grad_mode 
[rank1]:W0604 21:16:43.411000 39 site-packages/torch/_dynamo/convert_frame.py:1358] [5/8] To log all recompilation reasons, use TORCH_LOGS="recompiles".
[rank1]:W0604 21:16:43.411000 39 site-packages/torch/_dynamo/convert_frame.py:1358] [5/8] To diagnose recompilation issues, see https://pytorch.org/docs/main/torch.compiler_troubleshooting.html
[rank3]:W0604 21:16:43.412000 41 site-packages/torch/_dynamo/convert_frame.py:1358] [5/8] torch._dynamo hit config.recompile_limit (8)
[rank3]:W0604 21:16:43.412000 41 site-packages/torch/_dynamo/convert_frame.py:1358] [5/8]    function: 'forward' (/algorithmic-efficiency/algoperf/workloads/fastmri/fastmri_pytorch/models.py:139)
[rank3]:W0604 21:16:43.412000 41 site-packages/torch/_dynamo/convert_frame.py:1358] [5/8]    last reason: 5/7: GLOBAL_STATE changed: grad_mode 
[rank3]:W0604 21:16:43.412000 41 site-packages/torch/_dynamo/convert_frame.py:1358] [5/8] To log all recompilation reasons, use TORCH_LOGS="recompiles".
[rank3]:W0604 21:16:43.412000 41 site-packages/torch/_dynamo/convert_frame.py:1358] [5/8] To diagnose recompilation issues, see https://pytorch.org/docs/main/torch.compiler_troubleshooting.html
I0604 21:18:58.212581 140668919895232 spec.py:346] Evaluating on the validation split.
I0604 21:21:41.802456 140668919895232 spec.py:363] Evaluating on the test split.
I0604 21:24:25.983093 140668919895232 submission_runner.py:516] Time since start: 835.65s, 	Step: 1, 	{'train/ssim': 0.2308704171861921, 'train/loss': 1.0561309541974748, 'validation/ssim': 0.22301524800400957, 'validation/loss': 1.0727035531047764, 'validation/num_examples': 3554, 'test/ssim': 0.24395779223789618, 'test/loss': 1.0716653294950782, 'test/num_examples': 3581, 'score': 237.4491264820099, 'total_duration': 835.6501791477203, 'accumulated_submission_time': 237.4491264820099, 'accumulated_eval_time': 597.5800378322601, 'accumulated_logging_time': 0}
I0604 21:24:26.010088 140596886107904 logging_writer.py:48] [1] accumulated_eval_time=597.58, accumulated_logging_time=0, accumulated_submission_time=237.449, global_step=1, preemption_count=0, score=237.449, test/loss=1.07167, test/num_examples=3581, test/ssim=0.243958, total_duration=835.65, train/loss=1.05613, train/ssim=0.23087, validation/loss=1.0727, validation/num_examples=3554, validation/ssim=0.223015
I0604 21:26:17.422596 140668919895232 spec.py:333] Evaluating on the training split.
I0604 21:26:21.871316 140668919895232 spec.py:346] Evaluating on the validation split.
I0604 21:26:26.202887 140668919895232 spec.py:363] Evaluating on the test split.
I0604 21:26:30.548850 140668919895232 submission_runner.py:516] Time since start: 960.22s, 	Step: 287, 	{'train/ssim': 0.7333184650966099, 'train/loss': 0.27342993872506277, 'validation/ssim': 0.7063874441650253, 'validation/loss': 0.29990419163486565, 'validation/num_examples': 3554, 'test/ssim': 0.7237433268683677, 'test/loss': 0.30190606265053405, 'test/num_examples': 3581, 'score': 345.7104001045227, 'total_duration': 960.2174456119537, 'accumulated_submission_time': 345.7104001045227, 'accumulated_eval_time': 610.7074339389801, 'accumulated_logging_time': 0.14494729042053223}
I0604 21:26:30.584021 140596877715200 logging_writer.py:48] [287] accumulated_eval_time=610.707, accumulated_logging_time=0.144947, accumulated_submission_time=345.71, global_step=287, preemption_count=0, score=345.71, test/loss=0.301906, test/num_examples=3581, test/ssim=0.723743, total_duration=960.217, train/loss=0.27343, train/ssim=0.733318, validation/loss=0.299904, validation/num_examples=3554, validation/ssim=0.706387
I0604 21:28:21.279085 140668919895232 spec.py:333] Evaluating on the training split.
I0604 21:28:25.728790 140668919895232 spec.py:346] Evaluating on the validation split.
I0604 21:28:30.056615 140668919895232 spec.py:363] Evaluating on the test split.
I0604 21:28:34.352605 140668919895232 submission_runner.py:516] Time since start: 1084.02s, 	Step: 384, 	{'train/ssim': 0.7379523686000279, 'train/loss': 0.27044240065983366, 'validation/ssim': 0.7118805395329206, 'validation/loss': 0.29675633007043123, 'validation/num_examples': 3554, 'test/ssim': 0.7290229957152332, 'test/loss': 0.2985845979649539, 'test/num_examples': 3581, 'score': 454.64127802848816, 'total_duration': 1084.0201423168182, 'accumulated_submission_time': 454.64127802848816, 'accumulated_eval_time': 623.7786266803741, 'accumulated_logging_time': 0.19189453125}
I0604 21:28:34.383919 140596886107904 logging_writer.py:48] [384] accumulated_eval_time=623.779, accumulated_logging_time=0.191895, accumulated_submission_time=454.641, global_step=384, preemption_count=0, score=454.641, test/loss=0.298585, test/num_examples=3581, test/ssim=0.729023, total_duration=1084.02, train/loss=0.270442, train/ssim=0.737952, validation/loss=0.296756, validation/num_examples=3554, validation/ssim=0.711881
I0604 21:30:26.718628 140668919895232 spec.py:333] Evaluating on the training split.
I0604 21:30:31.166258 140668919895232 spec.py:346] Evaluating on the validation split.
I0604 21:30:35.453791 140668919895232 spec.py:363] Evaluating on the test split.
I0604 21:30:39.799247 140668919895232 submission_runner.py:516] Time since start: 1209.47s, 	Step: 486, 	{'train/ssim': 0.7414969035557338, 'train/loss': 0.2688471589769636, 'validation/ssim': 0.7140678444402434, 'validation/loss': 0.29585443860570837, 'validation/num_examples': 3554, 'test/ssim': 0.7311085197919576, 'test/loss': 0.2975929002460905, 'test/num_examples': 3581, 'score': 565.187842130661, 'total_duration': 1209.468188047409, 'accumulated_submission_time': 565.187842130661, 'accumulated_eval_time': 636.8577654361725, 'accumulated_logging_time': 0.2294025421142578}
I0604 21:30:39.831326 140596877715200 logging_writer.py:48] [486] accumulated_eval_time=636.858, accumulated_logging_time=0.229403, accumulated_submission_time=565.188, global_step=486, preemption_count=0, score=565.188, test/loss=0.297593, test/num_examples=3581, test/ssim=0.731109, total_duration=1209.47, train/loss=0.268847, train/ssim=0.741497, validation/loss=0.295854, validation/num_examples=3554, validation/ssim=0.714068
I0604 21:32:30.747547 140668919895232 spec.py:333] Evaluating on the training split.
I0604 21:32:35.191724 140668919895232 spec.py:346] Evaluating on the validation split.
I0604 21:32:39.480556 140668919895232 spec.py:363] Evaluating on the test split.
I0604 21:32:43.801792 140668919895232 submission_runner.py:516] Time since start: 1333.47s, 	Step: 582, 	{'train/ssim': 0.7427950586591449, 'train/loss': 0.2658712523324149, 'validation/ssim': 0.7147920229626828, 'validation/loss': 0.29280635595455823, 'validation/num_examples': 3554, 'test/ssim': 0.7322984752425998, 'test/loss': 0.29432481788650167, 'test/num_examples': 3581, 'score': 674.3372900485992, 'total_duration': 1333.4694619178772, 'accumulated_submission_time': 674.3372900485992, 'accumulated_eval_time': 649.9102437496185, 'accumulated_logging_time': 0.2678196430206299}
I0604 21:32:43.828785 140596886107904 logging_writer.py:48] [582] accumulated_eval_time=649.91, accumulated_logging_time=0.26782, accumulated_submission_time=674.337, global_step=582, preemption_count=0, score=674.337, test/loss=0.294325, test/num_examples=3581, test/ssim=0.732298, total_duration=1333.47, train/loss=0.265871, train/ssim=0.742795, validation/loss=0.292806, validation/num_examples=3554, validation/ssim=0.714792
I0604 21:34:34.548665 140668919895232 spec.py:333] Evaluating on the training split.
I0604 21:34:39.042105 140668919895232 spec.py:346] Evaluating on the validation split.
I0604 21:34:43.326040 140668919895232 spec.py:363] Evaluating on the test split.
I0604 21:34:47.635794 140668919895232 submission_runner.py:516] Time since start: 1457.30s, 	Step: 675, 	{'train/ssim': 0.7460087367466518, 'train/loss': 0.2653511422021048, 'validation/ssim': 0.7183827586434299, 'validation/loss': 0.2922223487729495, 'validation/num_examples': 3554, 'test/ssim': 0.7355567060745951, 'test/loss': 0.293864182272759, 'test/num_examples': 3581, 'score': 783.314092874527, 'total_duration': 1457.30491065979, 'accumulated_submission_time': 783.314092874527, 'accumulated_eval_time': 662.9964616298676, 'accumulated_logging_time': 0.3026449680328369}
I0604 21:34:47.663146 140596877715200 logging_writer.py:48] [675] accumulated_eval_time=662.996, accumulated_logging_time=0.302645, accumulated_submission_time=783.314, global_step=675, preemption_count=0, score=783.314, test/loss=0.293864, test/num_examples=3581, test/ssim=0.735557, total_duration=1457.3, train/loss=0.265351, train/ssim=0.746009, validation/loss=0.292222, validation/num_examples=3554, validation/ssim=0.718383
I0604 21:36:39.257408 140668919895232 spec.py:333] Evaluating on the training split.
I0604 21:36:43.701287 140668919895232 spec.py:346] Evaluating on the validation split.
I0604 21:36:47.977082 140668919895232 spec.py:363] Evaluating on the test split.
I0604 21:36:52.308837 140668919895232 submission_runner.py:516] Time since start: 1581.98s, 	Step: 769, 	{'train/ssim': 0.7468626158578056, 'train/loss': 0.2642968382154192, 'validation/ssim': 0.7191952097328714, 'validation/loss': 0.2914581899905916, 'validation/num_examples': 3554, 'test/ssim': 0.7364322307621823, 'test/loss': 0.29299806596446526, 'test/num_examples': 3581, 'score': 893.1318225860596, 'total_duration': 1581.9760596752167, 'accumulated_submission_time': 893.1318225860596, 'accumulated_eval_time': 676.0458831787109, 'accumulated_logging_time': 0.3382108211517334}
I0604 21:36:52.341151 140596886107904 logging_writer.py:48] [769] accumulated_eval_time=676.046, accumulated_logging_time=0.338211, accumulated_submission_time=893.132, global_step=769, preemption_count=0, score=893.132, test/loss=0.292998, test/num_examples=3581, test/ssim=0.736432, total_duration=1581.98, train/loss=0.264297, train/ssim=0.746863, validation/loss=0.291458, validation/num_examples=3554, validation/ssim=0.719195
I0604 21:38:43.771226 140668919895232 spec.py:333] Evaluating on the training split.
I0604 21:38:48.224960 140668919895232 spec.py:346] Evaluating on the validation split.
I0604 21:38:52.531114 140668919895232 spec.py:363] Evaluating on the test split.
I0604 21:38:56.826397 140668919895232 submission_runner.py:516] Time since start: 1706.50s, 	Step: 865, 	{'train/ssim': 0.7458130291530064, 'train/loss': 0.2636580467224121, 'validation/ssim': 0.7178649387134215, 'validation/loss': 0.2907952527082161, 'validation/num_examples': 3554, 'test/ssim': 0.7350686975312413, 'test/loss': 0.2923845441872033, 'test/num_examples': 3581, 'score': 1002.7853791713715, 'total_duration': 1706.4955127239227, 'accumulated_submission_time': 1002.7853791713715, 'accumulated_eval_time': 689.1016983985901, 'accumulated_logging_time': 0.3788635730743408}
I0604 21:38:56.861549 140596877715200 logging_writer.py:48] [865] accumulated_eval_time=689.102, accumulated_logging_time=0.378864, accumulated_submission_time=1002.79, global_step=865, preemption_count=0, score=1002.79, test/loss=0.292385, test/num_examples=3581, test/ssim=0.735069, total_duration=1706.5, train/loss=0.263658, train/ssim=0.745813, validation/loss=0.290795, validation/num_examples=3554, validation/ssim=0.717865
I0604 21:40:47.733386 140668919895232 spec.py:333] Evaluating on the training split.
I0604 21:40:52.097529 140668919895232 spec.py:346] Evaluating on the validation split.
I0604 21:40:56.501054 140668919895232 spec.py:363] Evaluating on the test split.
I0604 21:41:00.920256 140668919895232 submission_runner.py:516] Time since start: 1830.59s, 	Step: 967, 	{'train/ssim': 0.7476896558489118, 'train/loss': 0.2634350572313581, 'validation/ssim': 0.7199408209719682, 'validation/loss': 0.29049402686673464, 'validation/num_examples': 3554, 'test/ssim': 0.7371411998656102, 'test/loss': 0.2919103755061435, 'test/num_examples': 3581, 'score': 1111.8158164024353, 'total_duration': 1830.5891008377075, 'accumulated_submission_time': 1111.8158164024353, 'accumulated_eval_time': 702.2876081466675, 'accumulated_logging_time': 0.42197275161743164}
I0604 21:41:00.953296 140596886107904 logging_writer.py:48] [967] accumulated_eval_time=702.288, accumulated_logging_time=0.421973, accumulated_submission_time=1111.82, global_step=967, preemption_count=0, score=1111.82, test/loss=0.29191, test/num_examples=3581, test/ssim=0.737141, total_duration=1830.59, train/loss=0.263435, train/ssim=0.74769, validation/loss=0.290494, validation/num_examples=3554, validation/ssim=0.719941
I0604 21:42:51.574514 140668919895232 spec.py:333] Evaluating on the training split.
I0604 21:42:55.946537 140668919895232 spec.py:346] Evaluating on the validation split.
I0604 21:43:00.361865 140668919895232 spec.py:363] Evaluating on the test split.
I0604 21:43:04.770045 140668919895232 submission_runner.py:516] Time since start: 1954.44s, 	Step: 1821, 	{'train/ssim': 0.7491387639726911, 'train/loss': 0.2610380138669695, 'validation/ssim': 0.7219432000035172, 'validation/loss': 0.2881796712880733, 'validation/num_examples': 3554, 'test/ssim': 0.7389957414130132, 'test/loss': 0.2896059020808608, 'test/num_examples': 3581, 'score': 1216.169097661972, 'total_duration': 1954.4377119541168, 'accumulated_submission_time': 1216.169097661972, 'accumulated_eval_time': 715.4798378944397, 'accumulated_logging_time': 0.4589121341705322}
I0604 21:43:04.802212 140596877715200 logging_writer.py:48] [1821] accumulated_eval_time=715.48, accumulated_logging_time=0.458912, accumulated_submission_time=1216.17, global_step=1821, preemption_count=0, score=1216.17, test/loss=0.289606, test/num_examples=3581, test/ssim=0.738996, total_duration=1954.44, train/loss=0.261038, train/ssim=0.749139, validation/loss=0.28818, validation/num_examples=3554, validation/ssim=0.721943
I0604 21:44:55.359999 140668919895232 spec.py:333] Evaluating on the training split.
I0604 21:44:59.654201 140668919895232 spec.py:346] Evaluating on the validation split.
I0604 21:45:04.015235 140668919895232 spec.py:363] Evaluating on the test split.
I0604 21:45:08.397740 140668919895232 submission_runner.py:516] Time since start: 2078.07s, 	Step: 2653, 	{'train/ssim': 0.749917711530413, 'train/loss': 0.2595236301422119, 'validation/ssim': 0.7212461558499226, 'validation/loss': 0.2872969971390071, 'validation/num_examples': 3554, 'test/ssim': 0.7387480556016127, 'test/loss': 0.2886185335800056, 'test/num_examples': 3581, 'score': 1320.4211146831512, 'total_duration': 2078.066880464554, 'accumulated_submission_time': 1320.4211146831512, 'accumulated_eval_time': 728.5174894332886, 'accumulated_logging_time': 0.4961087703704834}
I0604 21:45:08.428728 140596886107904 logging_writer.py:48] [2653] accumulated_eval_time=728.517, accumulated_logging_time=0.496109, accumulated_submission_time=1320.42, global_step=2653, preemption_count=0, score=1320.42, test/loss=0.288619, test/num_examples=3581, test/ssim=0.738748, total_duration=2078.07, train/loss=0.259524, train/ssim=0.749918, validation/loss=0.287297, validation/num_examples=3554, validation/ssim=0.721246
I0604 21:46:59.088681 140668919895232 spec.py:333] Evaluating on the training split.
I0604 21:47:03.548306 140668919895232 spec.py:346] Evaluating on the validation split.
I0604 21:47:07.833253 140668919895232 spec.py:363] Evaluating on the test split.
I0604 21:47:12.154169 140668919895232 submission_runner.py:516] Time since start: 2201.82s, 	Step: 3536, 	{'train/ssim': 0.7534261431012835, 'train/loss': 0.25817722933632986, 'validation/ssim': 0.7248559886307682, 'validation/loss': 0.28636187465927476, 'validation/num_examples': 3554, 'test/ssim': 0.7420358751047194, 'test/loss': 0.28773639575624826, 'test/num_examples': 3581, 'score': 1424.826464176178, 'total_duration': 2201.8232667446136, 'accumulated_submission_time': 1424.826464176178, 'accumulated_eval_time': 741.5813207626343, 'accumulated_logging_time': 0.5306248664855957}
I0604 21:47:12.180220 140596877715200 logging_writer.py:48] [3536] accumulated_eval_time=741.581, accumulated_logging_time=0.530625, accumulated_submission_time=1424.83, global_step=3536, preemption_count=0, score=1424.83, test/loss=0.287736, test/num_examples=3581, test/ssim=0.742036, total_duration=2201.82, train/loss=0.258177, train/ssim=0.753426, validation/loss=0.286362, validation/num_examples=3554, validation/ssim=0.724856
I0604 21:47:12.753635 140596886107904 logging_writer.py:48] [3536] global_step=3536, preemption_count=0, score=1424.83
I0604 21:47:12.886465 140668919895232 submission_runner.py:857] Final fastmri score: 1424.826464176178
