python submission_runner.py --framework=jax --workload=criteo1tb --submission_path=submissions_algorithms/submissions/self_tuning/nadamw_resnet/submission.py --data_dir=/data/criteo1tb --experiment_dir=/experiment_runs --experiment_name=submissions_a100/nadamw_resnet/study_1 --overwrite=True --save_checkpoints=False --rng_seed=823176441 --tuning_ruleset=self 2>&1 | tee -a /logs/criteo1tb_jax_06-01-2026-03-06-03.log
2026-06-01 03:06:04.499750: E external/local_xla/xla/stream_executor/cuda/cuda_fft.cc:467] Unable to register cuFFT factory: Attempting to register factory for plugin cuFFT when one has already been registered
WARNING: All log messages before absl::InitializeLog() is called are written to STDERR
E0000 00:00:1780283164.527657       9 cuda_dnn.cc:8579] Unable to register cuDNN factory: Attempting to register factory for plugin cuDNN when one has already been registered
E0000 00:00:1780283164.536829       9 cuda_blas.cc:1407] Unable to register cuBLAS factory: Attempting to register factory for plugin cuBLAS when one has already been registered
W0000 00:00:1780283164.567529       9 computation_placer.cc:177] computation placer already registered. Please check linkage and avoid linking the same target more than once.
W0000 00:00:1780283164.567566       9 computation_placer.cc:177] computation placer already registered. Please check linkage and avoid linking the same target more than once.
W0000 00:00:1780283164.567568       9 computation_placer.cc:177] computation placer already registered. Please check linkage and avoid linking the same target more than once.
W0000 00:00:1780283164.567570       9 computation_placer.cc:177] computation placer already registered. Please check linkage and avoid linking the same target more than once.
/usr/local/lib/python3.11/site-packages/torch/__init__.py:1617: UserWarning: Please use the new API settings to control TF32 behavior, such as torch.backends.cudnn.conv.fp32_precision = 'tf32' or torch.backends.cuda.matmul.fp32_precision = 'ieee'. Old settings, e.g, torch.backends.cuda.matmul.allow_tf32 = True, torch.backends.cudnn.allow_tf32 = True, allowTF32CuDNN() and allowTF32CuBLAS() will be deprecated after Pytorch 2.9. Please see https://pytorch.org/docs/main/notes/cuda.html#tensorfloat-32-tf32-on-ampere-and-later-devices (Triggered internally at /pytorch/aten/src/ATen/Context.cpp:80.)
  _C._set_float32_matmul_precision(precision)
/usr/local/lib/python3.11/site-packages/pydantic/_internal/_generate_schema.py:2249: UnsupportedFieldAttributeWarning: The 'repr' attribute with value False was provided to the `Field()` function, which has no effect in the context it was used. 'repr' is field-specific metadata, and can only be attached to a model field using `Annotated` metadata or by assignment. This may have happened because an `Annotated` type alias using the `type` statement was used, or if the `Field()` function was attached to a single member of a union type.
  warnings.warn(
/usr/local/lib/python3.11/site-packages/pydantic/_internal/_generate_schema.py:2249: UnsupportedFieldAttributeWarning: The 'frozen' attribute with value True was provided to the `Field()` function, which has no effect in the context it was used. 'frozen' is field-specific metadata, and can only be attached to a model field using `Annotated` metadata or by assignment. This may have happened because an `Annotated` type alias using the `type` statement was used, or if the `Field()` function was attached to a single member of a union type.
  warnings.warn(
INFO:2026-06-01 03:06:12,063:jax._src.xla_bridge:830: Unable to initialize backend 'tpu': INTERNAL: Failed to open libtpu.so: libtpu.so: cannot open shared object file: No such file or directory
I0601 03:06:12.063280 140382295020736 xla_bridge.py:830] Unable to initialize backend 'tpu': INTERNAL: Failed to open libtpu.so: libtpu.so: cannot open shared object file: No such file or directory
I0601 03:06:12.700617 140382295020736 logger_utils.py:59] Removing existing experiment directory /experiment_runs/submissions_a100/nadamw_resnet/study_1/criteo1tb_jax because --overwrite was set.
I0601 03:06:12.706428 140382295020736 logger_utils.py:84] Creating experiment directory at /experiment_runs/submissions_a100/nadamw_resnet/study_1/criteo1tb_jax.
I0601 03:06:13.225437 140382295020736 submission_runner.py:741] Creating directory at /experiment_runs/submissions_a100/nadamw_resnet/study_1/criteo1tb_jax/trial_1.
I0601 03:06:13.505357 140382295020736 submission_runner.py:242] Initializing dataset.
I0601 03:06:13.505653 140382295020736 submission_runner.py:251] Initializing model.
I0601 03:06:20.448778 140382295020736 submission_runner.py:294] Initializing optimizer.
I0601 03:06:20.944689 140382295020736 submission_runner.py:299] Initializing metrics bundle.
I0601 03:06:20.944942 140382295020736 submission_runner.py:321] Initializing checkpoint and logger.
I0601 03:06:20.951339 140382295020736 checkpoints.py:1098] Found no checkpoint files in /experiment_runs/submissions_a100/nadamw_resnet/study_1/criteo1tb_jax/trial_1 with prefix checkpoint_
I0601 03:06:20.951473 140382295020736 submission_runner.py:344] Saving meta data to /experiment_runs/submissions_a100/nadamw_resnet/study_1/criteo1tb_jax/trial_1/meta_data_0.json.
I0601 03:06:20.951644 140382295020736 logger_utils.py:283] Unable to record workload.train_mean information. Continuing without it.
I0601 03:06:20.951704 140382295020736 logger_utils.py:283] Unable to record workload.train_stddev information. Continuing without it.
I0601 03:06:21.123835 140382295020736 submission_runner.py:348] Saving flags to /experiment_runs/submissions_a100/nadamw_resnet/study_1/criteo1tb_jax/trial_1/flags_0.json.
I0601 03:06:21.165998 140382295020736 submission_runner.py:359] Starting training loop.
I0601 03:06:30.171123 140382295020736 spec.py:333] Evaluating on the training split.
I0601 03:16:22.991398 140382295020736 spec.py:346] Evaluating on the validation split.
I0601 03:26:00.110350 140382295020736 spec.py:363] Evaluating on the test split.
I0601 03:36:57.017103 140382295020736 submission_runner.py:516] Time since start: 1835.85s, 	Step: 1, 	{'train/loss': 1.9002134398844257, 'validation/loss': 1.893040960414964, 'validation/num_examples': 83274637, 'test/loss': 1.8956839269736843, 'test/num_examples': 95000000, 'score': 9.00504755973816, 'total_duration': 1835.8509764671326, 'accumulated_submission_time': 9.00504755973816, 'accumulated_eval_time': 1826.8458528518677, 'accumulated_logging_time': 0}
I0601 03:36:57.049344 140206502463232 logging_writer.py:48] [1] accumulated_eval_time=1826.85, accumulated_logging_time=0, accumulated_submission_time=9.00505, global_step=1, preemption_count=0, score=9.00505, test/loss=1.89568, test/num_examples=95000000, total_duration=1835.85, train/loss=1.90021, validation/loss=1.89304, validation/num_examples=83274637
I0601 03:42:53.749439 140382295020736 spec.py:333] Evaluating on the training split.
I0601 03:52:20.345146 140382295020736 spec.py:346] Evaluating on the validation split.
I0601 03:56:40.345446 140382295020736 spec.py:363] Evaluating on the test split.
I0601 04:01:40.496671 140382295020736 submission_runner.py:516] Time since start: 3319.33s, 	Step: 221, 	{'train/loss': 0.1288078509318004, 'validation/loss': 0.13060730468518322, 'validation/num_examples': 83274637, 'test/loss': 0.13323810863486843, 'test/num_examples': 95000000, 'score': 365.6705503463745, 'total_duration': 3319.3305537700653, 'accumulated_submission_time': 365.6705503463745, 'accumulated_eval_time': 2953.5929737091064, 'accumulated_logging_time': 0.0635986328125}
I0601 04:01:40.538697 140205205890816 logging_writer.py:48] [221] accumulated_eval_time=2953.59, accumulated_logging_time=0.0635986, accumulated_submission_time=365.671, global_step=221, preemption_count=0, score=365.671, test/loss=0.133238, test/num_examples=95000000, total_duration=3319.33, train/loss=0.128808, validation/loss=0.130607, validation/num_examples=83274637
I0601 04:07:38.090957 140382295020736 spec.py:333] Evaluating on the training split.
I0601 04:17:07.744251 140382295020736 spec.py:346] Evaluating on the validation split.
I0601 04:21:31.813661 140382295020736 spec.py:363] Evaluating on the test split.
I0601 04:26:30.325999 140382295020736 submission_runner.py:516] Time since start: 4809.16s, 	Step: 437, 	{'train/loss': 0.12775873729033665, 'validation/loss': 0.12840754190188072, 'validation/num_examples': 83274637, 'test/loss': 0.13098182400287828, 'test/num_examples': 95000000, 'score': 723.2133867740631, 'total_duration': 4809.159818649292, 'accumulated_submission_time': 723.2133867740631, 'accumulated_eval_time': 4085.8278522491455, 'accumulated_logging_time': 0.11269640922546387}
I0601 04:26:30.367162 140205214283520 logging_writer.py:48] [437] accumulated_eval_time=4085.83, accumulated_logging_time=0.112696, accumulated_submission_time=723.213, global_step=437, preemption_count=0, score=723.213, test/loss=0.130982, test/num_examples=95000000, total_duration=4809.16, train/loss=0.127759, validation/loss=0.128408, validation/num_examples=83274637
I0601 04:32:27.020149 140382295020736 spec.py:333] Evaluating on the training split.
I0601 04:41:28.613764 140382295020736 spec.py:346] Evaluating on the validation split.
I0601 04:45:50.445058 140382295020736 spec.py:363] Evaluating on the test split.
I0601 04:50:57.374249 140382295020736 submission_runner.py:516] Time since start: 6276.21s, 	Step: 647, 	{'train/loss': 0.1257778783826708, 'validation/loss': 0.12779463146035877, 'validation/num_examples': 83274637, 'test/loss': 0.13038852474300988, 'test/num_examples': 95000000, 'score': 1079.8569741249084, 'total_duration': 6276.20813703537, 'accumulated_submission_time': 1079.8569741249084, 'accumulated_eval_time': 5196.18186211586, 'accumulated_logging_time': 0.16093802452087402}
I0601 04:50:57.417688 140205205890816 logging_writer.py:48] [647] accumulated_eval_time=5196.18, accumulated_logging_time=0.160938, accumulated_submission_time=1079.86, global_step=647, preemption_count=0, score=1079.86, test/loss=0.130389, test/num_examples=95000000, total_duration=6276.21, train/loss=0.125778, validation/loss=0.127795, validation/num_examples=83274637
I0601 04:56:54.852508 140382295020736 spec.py:333] Evaluating on the training split.
I0601 05:06:24.936857 140382295020736 spec.py:346] Evaluating on the validation split.
I0601 05:10:37.710770 140382295020736 spec.py:363] Evaluating on the test split.
I0601 05:15:35.609978 140382295020736 submission_runner.py:516] Time since start: 7754.44s, 	Step: 887, 	{'train/loss': 0.12549351775468146, 'validation/loss': 0.12718128553045735, 'validation/num_examples': 83274637, 'test/loss': 0.12982667759046052, 'test/num_examples': 95000000, 'score': 1437.2820332050323, 'total_duration': 7754.443867921829, 'accumulated_submission_time': 1437.2820332050323, 'accumulated_eval_time': 6316.939239501953, 'accumulated_logging_time': 0.21151208877563477}
I0601 05:15:35.649778 140205214283520 logging_writer.py:48] [887] accumulated_eval_time=6316.94, accumulated_logging_time=0.211512, accumulated_submission_time=1437.28, global_step=887, preemption_count=0, score=1437.28, test/loss=0.129827, test/num_examples=95000000, total_duration=7754.44, train/loss=0.125494, validation/loss=0.127181, validation/num_examples=83274637
I0601 05:21:33.174476 140382295020736 spec.py:333] Evaluating on the training split.
I0601 05:30:58.304229 140382295020736 spec.py:346] Evaluating on the validation split.
I0601 05:35:05.627026 140382295020736 spec.py:363] Evaluating on the test split.
I0601 05:39:55.076631 140382295020736 submission_runner.py:516] Time since start: 9213.91s, 	Step: 1105, 	{'train/loss': 0.12557640888452906, 'validation/loss': 0.12685082221194868, 'validation/num_examples': 83274637, 'test/loss': 0.12936837688116776, 'test/num_examples': 95000000, 'score': 1794.7971103191376, 'total_duration': 9213.910519838333, 'accumulated_submission_time': 1794.7971103191376, 'accumulated_eval_time': 7418.841331481934, 'accumulated_logging_time': 0.25833582878112793}
I0601 05:39:55.140160 140205205890816 logging_writer.py:48] [1105] accumulated_eval_time=7418.84, accumulated_logging_time=0.258336, accumulated_submission_time=1794.8, global_step=1105, preemption_count=0, score=1794.8, test/loss=0.129368, test/num_examples=95000000, total_duration=9213.91, train/loss=0.125576, validation/loss=0.126851, validation/num_examples=83274637
I0601 05:45:51.382114 140382295020736 spec.py:333] Evaluating on the training split.
I0601 05:53:53.612534 140382295020736 spec.py:346] Evaluating on the validation split.
I0601 05:57:45.755164 140382295020736 spec.py:363] Evaluating on the test split.
I0601 06:02:11.297556 140382295020736 submission_runner.py:516] Time since start: 10550.13s, 	Step: 1325, 	{'train/loss': 0.12579584812874314, 'validation/loss': 0.12626053861989328, 'validation/num_examples': 83274637, 'test/loss': 0.1288638132915296, 'test/num_examples': 95000000, 'score': 2151.0294904708862, 'total_duration': 10550.131387233734, 'accumulated_submission_time': 2151.0294904708862, 'accumulated_eval_time': 8398.756620407104, 'accumulated_logging_time': 0.32906603813171387}
I0601 06:02:11.338200 140205214283520 logging_writer.py:48] [1325] accumulated_eval_time=8398.76, accumulated_logging_time=0.329066, accumulated_submission_time=2151.03, global_step=1325, preemption_count=0, score=2151.03, test/loss=0.128864, test/num_examples=95000000, total_duration=10550.1, train/loss=0.125796, validation/loss=0.126261, validation/num_examples=83274637
I0601 06:08:09.032460 140382295020736 spec.py:333] Evaluating on the training split.
I0601 06:14:55.774848 140382295020736 spec.py:346] Evaluating on the validation split.
I0601 06:18:19.463752 140382295020736 spec.py:363] Evaluating on the test split.
I0601 06:22:16.826695 140382295020736 submission_runner.py:516] Time since start: 11755.66s, 	Step: 1568, 	{'train/loss': 0.12608184752130658, 'validation/loss': 0.12625249579081585, 'validation/num_examples': 83274637, 'test/loss': 0.12860720908717105, 'test/num_examples': 95000000, 'score': 2508.714112997055, 'total_duration': 11755.660575151443, 'accumulated_submission_time': 2508.714112997055, 'accumulated_eval_time': 9246.550746202469, 'accumulated_logging_time': 0.37685465812683105}
I0601 06:22:16.866965 140205205890816 logging_writer.py:48] [1568] accumulated_eval_time=9246.55, accumulated_logging_time=0.376855, accumulated_submission_time=2508.71, global_step=1568, preemption_count=0, score=2508.71, test/loss=0.128607, test/num_examples=95000000, total_duration=11755.7, train/loss=0.126082, validation/loss=0.126252, validation/num_examples=83274637
I0601 06:28:14.111503 140382295020736 spec.py:333] Evaluating on the training split.
I0601 06:32:53.286989 140382295020736 spec.py:346] Evaluating on the validation split.
I0601 06:35:21.934928 140382295020736 spec.py:363] Evaluating on the test split.
I0601 06:38:30.578582 140382295020736 submission_runner.py:516] Time since start: 12729.41s, 	Step: 1794, 	{'train/loss': 0.12644397705184213, 'validation/loss': 0.1261728446489937, 'validation/num_examples': 83274637, 'test/loss': 0.12872923250411183, 'test/num_examples': 95000000, 'score': 2865.949392080307, 'total_duration': 12729.412426948547, 'accumulated_submission_time': 2865.949392080307, 'accumulated_eval_time': 9863.017679452896, 'accumulated_logging_time': 0.42418408393859863}
I0601 06:38:30.618429 140205214283520 logging_writer.py:48] [1794] accumulated_eval_time=9863.02, accumulated_logging_time=0.424184, accumulated_submission_time=2865.95, global_step=1794, preemption_count=0, score=2865.95, test/loss=0.128729, test/num_examples=95000000, total_duration=12729.4, train/loss=0.126444, validation/loss=0.126173, validation/num_examples=83274637
I0601 06:44:26.910595 140382295020736 spec.py:333] Evaluating on the training split.
I0601 06:45:38.586023 140382295020736 spec.py:346] Evaluating on the validation split.
I0601 06:46:19.677993 140382295020736 spec.py:363] Evaluating on the test split.
I0601 06:47:40.781666 140382295020736 submission_runner.py:516] Time since start: 13279.62s, 	Step: 2020, 	{'train/loss': 0.12666563603019565, 'validation/loss': 0.12608050650068992, 'validation/num_examples': 83274637, 'test/loss': 0.12845873720189144, 'test/num_examples': 95000000, 'score': 3222.2323701381683, 'total_duration': 13279.615527629852, 'accumulated_submission_time': 3222.2323701381683, 'accumulated_eval_time': 10056.888627767563, 'accumulated_logging_time': 0.47109341621398926}
I0601 06:47:40.819961 140205205890816 logging_writer.py:48] [2020] accumulated_eval_time=10056.9, accumulated_logging_time=0.471093, accumulated_submission_time=3222.23, global_step=2020, preemption_count=0, score=3222.23, test/loss=0.128459, test/num_examples=95000000, total_duration=13279.6, train/loss=0.126666, validation/loss=0.126081, validation/num_examples=83274637
I0601 06:53:38.425772 140382295020736 spec.py:333] Evaluating on the training split.
I0601 06:54:06.699846 140382295020736 spec.py:346] Evaluating on the validation split.
I0601 06:54:12.738148 140382295020736 spec.py:363] Evaluating on the test split.
I0601 06:54:19.650653 140382295020736 submission_runner.py:516] Time since start: 13678.48s, 	Step: 2273, 	{'train/loss': 0.12500243949112277, 'validation/loss': 0.12569321382791274, 'validation/num_examples': 83274637, 'test/loss': 0.12822962035361843, 'test/num_examples': 95000000, 'score': 3579.8283026218414, 'total_duration': 13678.484572410583, 'accumulated_submission_time': 3579.8283026218414, 'accumulated_eval_time': 10098.113436698914, 'accumulated_logging_time': 0.5169546604156494}
I0601 06:54:19.697298 140205214283520 logging_writer.py:48] [2273] accumulated_eval_time=10098.1, accumulated_logging_time=0.516955, accumulated_submission_time=3579.83, global_step=2273, preemption_count=0, score=3579.83, test/loss=0.12823, test/num_examples=95000000, total_duration=13678.5, train/loss=0.125002, validation/loss=0.125693, validation/num_examples=83274637
I0601 07:00:17.423866 140382295020736 spec.py:333] Evaluating on the training split.
I0601 07:03:10.278268 140382295020736 spec.py:346] Evaluating on the validation split.
I0601 07:03:16.097822 140382295020736 spec.py:363] Evaluating on the test split.
I0601 07:03:22.813756 140382295020736 submission_runner.py:516] Time since start: 14221.65s, 	Step: 2500, 	{'train/loss': 0.12404432888113477, 'validation/loss': 0.12577103837652237, 'validation/num_examples': 83274637, 'test/loss': 0.12821211770148025, 'test/num_examples': 95000000, 'score': 3937.5455210208893, 'total_duration': 14221.647681951523, 'accumulated_submission_time': 3937.5455210208893, 'accumulated_eval_time': 10283.503268241882, 'accumulated_logging_time': 0.5709269046783447}
I0601 07:03:22.850046 140205205890816 logging_writer.py:48] [2500] accumulated_eval_time=10283.5, accumulated_logging_time=0.570927, accumulated_submission_time=3937.55, global_step=2500, preemption_count=0, score=3937.55, test/loss=0.128212, test/num_examples=95000000, total_duration=14221.6, train/loss=0.124044, validation/loss=0.125771, validation/num_examples=83274637
I0601 07:09:19.216444 140382295020736 spec.py:333] Evaluating on the training split.
I0601 07:12:28.216428 140382295020736 spec.py:346] Evaluating on the validation split.
I0601 07:12:33.992346 140382295020736 spec.py:363] Evaluating on the test split.
I0601 07:12:40.694017 140382295020736 submission_runner.py:516] Time since start: 14779.53s, 	Step: 2729, 	{'train/loss': 0.12728832432496473, 'validation/loss': 0.1257398033622808, 'validation/num_examples': 83274637, 'test/loss': 0.1281173580180921, 'test/num_examples': 95000000, 'score': 4293.902882099152, 'total_duration': 14779.52794957161, 'accumulated_submission_time': 4293.902882099152, 'accumulated_eval_time': 10484.980784416199, 'accumulated_logging_time': 0.6141769886016846}
I0601 07:12:40.731508 140205214283520 logging_writer.py:48] [2729] accumulated_eval_time=10485, accumulated_logging_time=0.614177, accumulated_submission_time=4293.9, global_step=2729, preemption_count=0, score=4293.9, test/loss=0.128117, test/num_examples=95000000, total_duration=14779.5, train/loss=0.127288, validation/loss=0.12574, validation/num_examples=83274637
I0601 07:18:36.852730 140382295020736 spec.py:333] Evaluating on the training split.
I0601 07:21:07.600316 140382295020736 spec.py:346] Evaluating on the validation split.
I0601 07:21:13.418525 140382295020736 spec.py:363] Evaluating on the test split.
I0601 07:21:20.147626 140382295020736 submission_runner.py:516] Time since start: 15298.98s, 	Step: 2953, 	{'train/loss': 0.12567328864345387, 'validation/loss': 0.12548418985452917, 'validation/num_examples': 83274637, 'test/loss': 0.12821885850123355, 'test/num_examples': 95000000, 'score': 4650.01505279541, 'total_duration': 15298.98155260086, 'accumulated_submission_time': 4650.01505279541, 'accumulated_eval_time': 10648.275615930557, 'accumulated_logging_time': 0.6587722301483154}
I0601 07:21:20.186109 140205205890816 logging_writer.py:48] [2953] accumulated_eval_time=10648.3, accumulated_logging_time=0.658772, accumulated_submission_time=4650.02, global_step=2953, preemption_count=0, score=4650.02, test/loss=0.128219, test/num_examples=95000000, total_duration=15299, train/loss=0.125673, validation/loss=0.125484, validation/num_examples=83274637
I0601 07:27:17.771822 140382295020736 spec.py:333] Evaluating on the training split.
I0601 07:30:23.679855 140382295020736 spec.py:346] Evaluating on the validation split.
I0601 07:30:29.413937 140382295020736 spec.py:363] Evaluating on the test split.
I0601 07:30:36.238377 140382295020736 submission_runner.py:516] Time since start: 15855.07s, 	Step: 3169, 	{'train/loss': 0.12418927917690398, 'validation/loss': 0.12559096713601367, 'validation/num_examples': 83274637, 'test/loss': 0.1284943066097862, 'test/num_examples': 95000000, 'score': 5007.591637849808, 'total_duration': 15855.07230257988, 'accumulated_submission_time': 5007.591637849808, 'accumulated_eval_time': 10846.742107152939, 'accumulated_logging_time': 0.7043118476867676}
I0601 07:30:36.280392 140205214283520 logging_writer.py:48] [3169] accumulated_eval_time=10846.7, accumulated_logging_time=0.704312, accumulated_submission_time=5007.59, global_step=3169, preemption_count=0, score=5007.59, test/loss=0.128494, test/num_examples=95000000, total_duration=15855.1, train/loss=0.124189, validation/loss=0.125591, validation/num_examples=83274637
I0601 07:36:32.901680 140382295020736 spec.py:333] Evaluating on the training split.
I0601 07:38:39.340035 140382295020736 spec.py:346] Evaluating on the validation split.
I0601 07:38:45.224433 140382295020736 spec.py:363] Evaluating on the test split.
I0601 07:38:52.052798 140382295020736 submission_runner.py:516] Time since start: 16350.89s, 	Step: 3399, 	{'train/loss': 0.12418207296597883, 'validation/loss': 0.12567611833347364, 'validation/num_examples': 83274637, 'test/loss': 0.12832053420024672, 'test/num_examples': 95000000, 'score': 5364.203914403915, 'total_duration': 16350.886718034744, 'accumulated_submission_time': 5364.203914403915, 'accumulated_eval_time': 10985.893151283264, 'accumulated_logging_time': 0.7533161640167236}
I0601 07:38:52.106121 140205205890816 logging_writer.py:48] [3399] accumulated_eval_time=10985.9, accumulated_logging_time=0.753316, accumulated_submission_time=5364.2, global_step=3399, preemption_count=0, score=5364.2, test/loss=0.128321, test/num_examples=95000000, total_duration=16350.9, train/loss=0.124182, validation/loss=0.125676, validation/num_examples=83274637
I0601 07:44:49.461161 140382295020736 spec.py:333] Evaluating on the training split.
I0601 07:46:58.942397 140382295020736 spec.py:346] Evaluating on the validation split.
I0601 07:47:04.708268 140382295020736 spec.py:363] Evaluating on the test split.
I0601 07:47:11.485826 140382295020736 submission_runner.py:516] Time since start: 16850.32s, 	Step: 3638, 	{'train/loss': 0.12437553426145383, 'validation/loss': 0.12533627171828365, 'validation/num_examples': 83274637, 'test/loss': 0.12798549994860198, 'test/num_examples': 95000000, 'score': 5721.549793481827, 'total_duration': 16850.319759368896, 'accumulated_submission_time': 5721.549793481827, 'accumulated_eval_time': 11127.917758464813, 'accumulated_logging_time': 0.8137290477752686}
I0601 07:47:11.524102 140205214283520 logging_writer.py:48] [3638] accumulated_eval_time=11127.9, accumulated_logging_time=0.813729, accumulated_submission_time=5721.55, global_step=3638, preemption_count=0, score=5721.55, test/loss=0.127985, test/num_examples=95000000, total_duration=16850.3, train/loss=0.124376, validation/loss=0.125336, validation/num_examples=83274637
I0601 07:53:07.630975 140382295020736 spec.py:333] Evaluating on the training split.
I0601 07:56:22.143928 140382295020736 spec.py:346] Evaluating on the validation split.
I0601 07:56:27.912820 140382295020736 spec.py:363] Evaluating on the test split.
I0601 07:56:34.922545 140382295020736 submission_runner.py:516] Time since start: 17413.76s, 	Step: 3868, 	{'train/loss': 0.1230997650198779, 'validation/loss': 0.1255081894150136, 'validation/num_examples': 83274637, 'test/loss': 0.12836340210731909, 'test/num_examples': 95000000, 'score': 6077.64763879776, 'total_duration': 17413.756449460983, 'accumulated_submission_time': 6077.64763879776, 'accumulated_eval_time': 11335.20930814743, 'accumulated_logging_time': 0.859015941619873}
I0601 07:56:34.964627 140205205890816 logging_writer.py:48] [3868] accumulated_eval_time=11335.2, accumulated_logging_time=0.859016, accumulated_submission_time=6077.65, global_step=3868, preemption_count=0, score=6077.65, test/loss=0.128363, test/num_examples=95000000, total_duration=17413.8, train/loss=0.1231, validation/loss=0.125508, validation/num_examples=83274637
I0601 08:02:32.904122 140382295020736 spec.py:333] Evaluating on the training split.
I0601 08:05:02.374554 140382295020736 spec.py:346] Evaluating on the validation split.
I0601 08:05:08.166908 140382295020736 spec.py:363] Evaluating on the test split.
I0601 08:05:14.938868 140382295020736 submission_runner.py:516] Time since start: 17933.77s, 	Step: 4080, 	{'train/loss': 0.12433502040569137, 'validation/loss': 0.12513949373371705, 'validation/num_examples': 83274637, 'test/loss': 0.1277368667865954, 'test/num_examples': 95000000, 'score': 6435.57421374321, 'total_duration': 17933.772755861282, 'accumulated_submission_time': 6435.57421374321, 'accumulated_eval_time': 11497.24395108223, 'accumulated_logging_time': 0.9120044708251953}
I0601 08:05:14.977248 140205214283520 logging_writer.py:48] [4080] accumulated_eval_time=11497.2, accumulated_logging_time=0.912004, accumulated_submission_time=6435.57, global_step=4080, preemption_count=0, score=6435.57, test/loss=0.127737, test/num_examples=95000000, total_duration=17933.8, train/loss=0.124335, validation/loss=0.125139, validation/num_examples=83274637
I0601 08:11:12.814601 140382295020736 spec.py:333] Evaluating on the training split.
I0601 08:14:38.655945 140382295020736 spec.py:346] Evaluating on the validation split.
I0601 08:14:44.753598 140382295020736 spec.py:363] Evaluating on the test split.
I0601 08:14:51.803522 140382295020736 submission_runner.py:516] Time since start: 18510.64s, 	Step: 4334, 	{'train/loss': 0.12347871051082071, 'validation/loss': 0.12524373069857056, 'validation/num_examples': 83274637, 'test/loss': 0.12778197173108552, 'test/num_examples': 95000000, 'score': 6793.40217924118, 'total_duration': 18510.637444257736, 'accumulated_submission_time': 6793.40217924118, 'accumulated_eval_time': 11716.232798814774, 'accumulated_logging_time': 0.9575424194335938}
I0601 08:14:51.857778 140205205890816 logging_writer.py:48] [4334] accumulated_eval_time=11716.2, accumulated_logging_time=0.957542, accumulated_submission_time=6793.4, global_step=4334, preemption_count=0, score=6793.4, test/loss=0.127782, test/num_examples=95000000, total_duration=18510.6, train/loss=0.123479, validation/loss=0.125244, validation/num_examples=83274637
I0601 08:20:49.353261 140382295020736 spec.py:333] Evaluating on the training split.
I0601 08:23:56.697726 140382295020736 spec.py:346] Evaluating on the validation split.
I0601 08:24:02.468156 140382295020736 spec.py:363] Evaluating on the test split.
I0601 08:24:09.139857 140382295020736 submission_runner.py:516] Time since start: 19067.97s, 	Step: 4545, 	{'train/loss': 0.12341905350111565, 'validation/loss': 0.12506631776014038, 'validation/num_examples': 83274637, 'test/loss': 0.12763127865953947, 'test/num_examples': 95000000, 'score': 7150.888274908066, 'total_duration': 19067.973780155182, 'accumulated_submission_time': 7150.888274908066, 'accumulated_eval_time': 11916.019327402115, 'accumulated_logging_time': 1.0192389488220215}
I0601 08:24:09.186480 140205214283520 logging_writer.py:48] [4545] accumulated_eval_time=11916, accumulated_logging_time=1.01924, accumulated_submission_time=7150.89, global_step=4545, preemption_count=0, score=7150.89, test/loss=0.127631, test/num_examples=95000000, total_duration=19068, train/loss=0.123419, validation/loss=0.125066, validation/num_examples=83274637
I0601 08:30:05.461823 140382295020736 spec.py:333] Evaluating on the training split.
I0601 08:32:13.506733 140382295020736 spec.py:346] Evaluating on the validation split.
I0601 08:32:19.297787 140382295020736 spec.py:363] Evaluating on the test split.
I0601 08:32:26.046826 140382295020736 submission_runner.py:516] Time since start: 19564.88s, 	Step: 4766, 	{'train/loss': 0.12241872255953978, 'validation/loss': 0.12509979768176782, 'validation/num_examples': 83274637, 'test/loss': 0.12758056686883223, 'test/num_examples': 95000000, 'score': 7507.154488801956, 'total_duration': 19564.880745887756, 'accumulated_submission_time': 7507.154488801956, 'accumulated_eval_time': 12056.604269266129, 'accumulated_logging_time': 1.0731091499328613}
I0601 08:32:26.085307 140205205890816 logging_writer.py:48] [4766] accumulated_eval_time=12056.6, accumulated_logging_time=1.07311, accumulated_submission_time=7507.15, global_step=4766, preemption_count=0, score=7507.15, test/loss=0.127581, test/num_examples=95000000, total_duration=19564.9, train/loss=0.122419, validation/loss=0.1251, validation/num_examples=83274637
I0601 08:38:23.639183 140382295020736 spec.py:333] Evaluating on the training split.
I0601 08:41:26.798192 140382295020736 spec.py:346] Evaluating on the validation split.
I0601 08:41:32.600335 140382295020736 spec.py:363] Evaluating on the test split.
I0601 08:41:39.330852 140382295020736 submission_runner.py:516] Time since start: 20118.16s, 	Step: 5027, 	{'train/loss': 0.12285031254092853, 'validation/loss': 0.12486605709401051, 'validation/num_examples': 83274637, 'test/loss': 0.12737580592105263, 'test/num_examples': 95000000, 'score': 7864.6989822387695, 'total_duration': 20118.16477584839, 'accumulated_submission_time': 7864.6989822387695, 'accumulated_eval_time': 12252.295871973038, 'accumulated_logging_time': 1.11873459815979}
I0601 08:41:39.370385 140205214283520 logging_writer.py:48] [5027] accumulated_eval_time=12252.3, accumulated_logging_time=1.11873, accumulated_submission_time=7864.7, global_step=5027, preemption_count=0, score=7864.7, test/loss=0.127376, test/num_examples=95000000, total_duration=20118.2, train/loss=0.12285, validation/loss=0.124866, validation/num_examples=83274637
I0601 08:47:37.058186 140382295020736 spec.py:333] Evaluating on the training split.
I0601 08:50:27.235174 140382295020736 spec.py:346] Evaluating on the validation split.
I0601 08:50:33.017186 140382295020736 spec.py:363] Evaluating on the test split.
I0601 08:50:39.811222 140382295020736 submission_runner.py:516] Time since start: 20658.65s, 	Step: 5245, 	{'train/loss': 0.12403448767163469, 'validation/loss': 0.12478651374100068, 'validation/num_examples': 83274637, 'test/loss': 0.12717555250822368, 'test/num_examples': 95000000, 'score': 8222.377588272095, 'total_duration': 20658.64511990547, 'accumulated_submission_time': 8222.377588272095, 'accumulated_eval_time': 12435.04880952835, 'accumulated_logging_time': 1.1654956340789795}
I0601 08:50:39.856227 140205205890816 logging_writer.py:48] [5245] accumulated_eval_time=12435, accumulated_logging_time=1.1655, accumulated_submission_time=8222.38, global_step=5245, preemption_count=0, score=8222.38, test/loss=0.127176, test/num_examples=95000000, total_duration=20658.6, train/loss=0.124034, validation/loss=0.124787, validation/num_examples=83274637
I0601 08:56:36.559815 140382295020736 spec.py:333] Evaluating on the training split.
I0601 08:59:36.008858 140382295020736 spec.py:346] Evaluating on the validation split.
I0601 08:59:41.949631 140382295020736 spec.py:363] Evaluating on the test split.
I0601 08:59:48.882225 140382295020736 submission_runner.py:516] Time since start: 21207.72s, 	Step: 5463, 	{'train/loss': 0.124043488429871, 'validation/loss': 0.1246310973017961, 'validation/num_examples': 83274637, 'test/loss': 0.1270299816509046, 'test/num_examples': 95000000, 'score': 8579.067959785461, 'total_duration': 21207.716146945953, 'accumulated_submission_time': 8579.067959785461, 'accumulated_eval_time': 12627.37114739418, 'accumulated_logging_time': 1.2216451168060303}
I0601 08:59:48.922031 140205214283520 logging_writer.py:48] [5463] accumulated_eval_time=12627.4, accumulated_logging_time=1.22165, accumulated_submission_time=8579.07, global_step=5463, preemption_count=0, score=8579.07, test/loss=0.12703, test/num_examples=95000000, total_duration=21207.7, train/loss=0.124043, validation/loss=0.124631, validation/num_examples=83274637
I0601 09:05:46.531692 140382295020736 spec.py:333] Evaluating on the training split.
I0601 09:07:34.989612 140382295020736 spec.py:346] Evaluating on the validation split.
I0601 09:07:40.752444 140382295020736 spec.py:363] Evaluating on the test split.
I0601 09:07:47.653956 140382295020736 submission_runner.py:516] Time since start: 21686.49s, 	Step: 5693, 	{'train/loss': 0.12222189780722999, 'validation/loss': 0.12479882395278784, 'validation/num_examples': 83274637, 'test/loss': 0.12722987742598685, 'test/num_examples': 95000000, 'score': 8936.667962551117, 'total_duration': 21686.4878783226, 'accumulated_submission_time': 8936.667962551117, 'accumulated_eval_time': 12748.49334192276, 'accumulated_logging_time': 1.2690396308898926}
I0601 09:07:47.694476 140205205890816 logging_writer.py:48] [5693] accumulated_eval_time=12748.5, accumulated_logging_time=1.26904, accumulated_submission_time=8936.67, global_step=5693, preemption_count=0, score=8936.67, test/loss=0.12723, test/num_examples=95000000, total_duration=21686.5, train/loss=0.122222, validation/loss=0.124799, validation/num_examples=83274637
I0601 09:13:44.516376 140382295020736 spec.py:333] Evaluating on the training split.
I0601 09:15:52.466017 140382295020736 spec.py:346] Evaluating on the validation split.
I0601 09:15:58.259970 140382295020736 spec.py:363] Evaluating on the test split.
I0601 09:16:04.921191 140382295020736 submission_runner.py:516] Time since start: 22183.76s, 	Step: 5936, 	{'train/loss': 0.12207787355068345, 'validation/loss': 0.12472542839681261, 'validation/num_examples': 83274637, 'test/loss': 0.12710503804481907, 'test/num_examples': 95000000, 'score': 9293.480380535126, 'total_duration': 22183.75511622429, 'accumulated_submission_time': 9293.480380535126, 'accumulated_eval_time': 12888.898092031479, 'accumulated_logging_time': 1.3168258666992188}
I0601 09:16:04.959532 140205214283520 logging_writer.py:48] [5936] accumulated_eval_time=12888.9, accumulated_logging_time=1.31683, accumulated_submission_time=9293.48, global_step=5936, preemption_count=0, score=9293.48, test/loss=0.127105, test/num_examples=95000000, total_duration=22183.8, train/loss=0.122078, validation/loss=0.124725, validation/num_examples=83274637
I0601 09:22:01.017434 140382295020736 spec.py:333] Evaluating on the training split.
I0601 09:24:39.106196 140382295020736 spec.py:346] Evaluating on the validation split.
I0601 09:24:44.810968 140382295020736 spec.py:363] Evaluating on the test split.
I0601 09:24:51.608967 140382295020736 submission_runner.py:516] Time since start: 22710.44s, 	Step: 6154, 	{'train/loss': 0.12210270295025043, 'validation/loss': 0.12484025003188583, 'validation/num_examples': 83274637, 'test/loss': 0.12724721882195725, 'test/num_examples': 95000000, 'score': 9649.513152122498, 'total_duration': 22710.442893981934, 'accumulated_submission_time': 9649.513152122498, 'accumulated_eval_time': 13059.489629507065, 'accumulated_logging_time': 1.378251075744629}
I0601 09:24:51.650549 140205205890816 logging_writer.py:48] [6154] accumulated_eval_time=13059.5, accumulated_logging_time=1.37825, accumulated_submission_time=9649.51, global_step=6154, preemption_count=0, score=9649.51, test/loss=0.127247, test/num_examples=95000000, total_duration=22710.4, train/loss=0.122103, validation/loss=0.12484, validation/num_examples=83274637
I0601 09:30:49.254503 140382295020736 spec.py:333] Evaluating on the training split.
I0601 09:33:17.677139 140382295020736 spec.py:346] Evaluating on the validation split.
I0601 09:33:23.389481 140382295020736 spec.py:363] Evaluating on the test split.
I0601 09:33:30.092287 140382295020736 submission_runner.py:516] Time since start: 23228.93s, 	Step: 6381, 	{'train/loss': 0.12395125575972803, 'validation/loss': 0.12481322965226307, 'validation/num_examples': 83274637, 'test/loss': 0.12724723862047696, 'test/num_examples': 95000000, 'score': 10007.107883691788, 'total_duration': 23228.926221370697, 'accumulated_submission_time': 10007.107883691788, 'accumulated_eval_time': 13220.327363491058, 'accumulated_logging_time': 1.4269921779632568}
I0601 09:33:30.140165 140205214283520 logging_writer.py:48] [6381] accumulated_eval_time=13220.3, accumulated_logging_time=1.42699, accumulated_submission_time=10007.1, global_step=6381, preemption_count=0, score=10007.1, test/loss=0.127247, test/num_examples=95000000, total_duration=23228.9, train/loss=0.123951, validation/loss=0.124813, validation/num_examples=83274637
I0601 09:39:26.658218 140382295020736 spec.py:333] Evaluating on the training split.
I0601 09:42:21.267731 140382295020736 spec.py:346] Evaluating on the validation split.
I0601 09:42:26.983129 140382295020736 spec.py:363] Evaluating on the test split.
I0601 09:42:33.829391 140382295020736 submission_runner.py:516] Time since start: 23772.66s, 	Step: 6625, 	{'train/loss': 0.12281263357250945, 'validation/loss': 0.124454139899069, 'validation/num_examples': 83274637, 'test/loss': 0.1268311086040296, 'test/num_examples': 95000000, 'score': 10363.616294622421, 'total_duration': 23772.66331720352, 'accumulated_submission_time': 10363.616294622421, 'accumulated_eval_time': 13407.498466730118, 'accumulated_logging_time': 1.4821910858154297}
I0601 09:42:33.871297 140205205890816 logging_writer.py:48] [6625] accumulated_eval_time=13407.5, accumulated_logging_time=1.48219, accumulated_submission_time=10363.6, global_step=6625, preemption_count=0, score=10363.6, test/loss=0.126831, test/num_examples=95000000, total_duration=23772.7, train/loss=0.122813, validation/loss=0.124454, validation/num_examples=83274637
I0601 09:48:30.580723 140382295020736 spec.py:333] Evaluating on the training split.
I0601 09:51:50.289172 140382295020736 spec.py:346] Evaluating on the validation split.
I0601 09:51:55.991402 140382295020736 spec.py:363] Evaluating on the test split.
I0601 09:52:02.762854 140382295020736 submission_runner.py:516] Time since start: 24341.60s, 	Step: 6854, 	{'train/loss': 0.1229856170409318, 'validation/loss': 0.12447403083124142, 'validation/num_examples': 83274637, 'test/loss': 0.12685550416324012, 'test/num_examples': 95000000, 'score': 10720.316431760788, 'total_duration': 24341.596769332886, 'accumulated_submission_time': 10720.316431760788, 'accumulated_eval_time': 13619.680520296097, 'accumulated_logging_time': 1.531360387802124}
I0601 09:52:02.803724 140205214283520 logging_writer.py:48] [6854] accumulated_eval_time=13619.7, accumulated_logging_time=1.53136, accumulated_submission_time=10720.3, global_step=6854, preemption_count=0, score=10720.3, test/loss=0.126856, test/num_examples=95000000, total_duration=24341.6, train/loss=0.122986, validation/loss=0.124474, validation/num_examples=83274637
I0601 09:57:58.892844 140382295020736 spec.py:333] Evaluating on the training split.
I0601 10:01:14.046378 140382295020736 spec.py:346] Evaluating on the validation split.
I0601 10:01:19.779846 140382295020736 spec.py:363] Evaluating on the test split.
I0601 10:01:26.662435 140382295020736 submission_runner.py:516] Time since start: 24905.50s, 	Step: 7060, 	{'train/loss': 0.12285424372966185, 'validation/loss': 0.12436391102941703, 'validation/num_examples': 83274637, 'test/loss': 0.12674646781455592, 'test/num_examples': 95000000, 'score': 11076.39651966095, 'total_duration': 24905.496324062347, 'accumulated_submission_time': 11076.39651966095, 'accumulated_eval_time': 13827.45000743866, 'accumulated_logging_time': 1.5793757438659668}
I0601 10:01:26.706490 140205205890816 logging_writer.py:48] [7060] accumulated_eval_time=13827.5, accumulated_logging_time=1.57938, accumulated_submission_time=11076.4, global_step=7060, preemption_count=0, score=11076.4, test/loss=0.126746, test/num_examples=95000000, total_duration=24905.5, train/loss=0.122854, validation/loss=0.124364, validation/num_examples=83274637
I0601 10:07:23.012747 140382295020736 spec.py:333] Evaluating on the training split.
I0601 10:11:07.037253 140382295020736 spec.py:346] Evaluating on the validation split.
I0601 10:11:12.856467 140382295020736 spec.py:363] Evaluating on the test split.
I0601 10:11:19.570484 140382295020736 submission_runner.py:516] Time since start: 25498.40s, 	Step: 7275, 	{'train/loss': 0.12296121760781081, 'validation/loss': 0.12436383015409264, 'validation/num_examples': 83274637, 'test/loss': 0.12673765098684212, 'test/num_examples': 95000000, 'score': 11432.689246892929, 'total_duration': 25498.404411315918, 'accumulated_submission_time': 11432.689246892929, 'accumulated_eval_time': 14064.007677555084, 'accumulated_logging_time': 1.6348259449005127}
I0601 10:11:19.609465 140205214283520 logging_writer.py:48] [7275] accumulated_eval_time=14064, accumulated_logging_time=1.63483, accumulated_submission_time=11432.7, global_step=7275, preemption_count=0, score=11432.7, test/loss=0.126738, test/num_examples=95000000, total_duration=25498.4, train/loss=0.122961, validation/loss=0.124364, validation/num_examples=83274637
I0601 10:17:17.128179 140382295020736 spec.py:333] Evaluating on the training split.
I0601 10:19:57.395350 140382295020736 spec.py:346] Evaluating on the validation split.
I0601 10:20:03.276193 140382295020736 spec.py:363] Evaluating on the test split.
I0601 10:20:10.235301 140382295020736 submission_runner.py:516] Time since start: 26029.07s, 	Step: 7513, 	{'train/loss': 0.12279834525671394, 'validation/loss': 0.12425157389627078, 'validation/num_examples': 83274637, 'test/loss': 0.1266191617084704, 'test/num_examples': 95000000, 'score': 11790.198444843292, 'total_duration': 26029.06918811798, 'accumulated_submission_time': 11790.198444843292, 'accumulated_eval_time': 14237.114691495895, 'accumulated_logging_time': 1.6809773445129395}
I0601 10:20:10.280037 140205205890816 logging_writer.py:48] [7513] accumulated_eval_time=14237.1, accumulated_logging_time=1.68098, accumulated_submission_time=11790.2, global_step=7513, preemption_count=0, score=11790.2, test/loss=0.126619, test/num_examples=95000000, total_duration=26029.1, train/loss=0.122798, validation/loss=0.124252, validation/num_examples=83274637
I0601 10:26:07.707775 140382295020736 spec.py:333] Evaluating on the training split.
I0601 10:28:24.622622 140382295020736 spec.py:346] Evaluating on the validation split.
I0601 10:28:30.338292 140382295020736 spec.py:363] Evaluating on the test split.
I0601 10:28:36.997928 140382295020736 submission_runner.py:516] Time since start: 26535.83s, 	Step: 7744, 	{'train/loss': 0.12410364981811002, 'validation/loss': 0.1242465961557944, 'validation/num_examples': 83274637, 'test/loss': 0.12662925574629935, 'test/num_examples': 95000000, 'score': 12147.612587213516, 'total_duration': 26535.831836223602, 'accumulated_submission_time': 12147.612587213516, 'accumulated_eval_time': 14386.404755353928, 'accumulated_logging_time': 1.7370250225067139}
I0601 10:28:37.036221 140205214283520 logging_writer.py:48] [7744] accumulated_eval_time=14386.4, accumulated_logging_time=1.73703, accumulated_submission_time=12147.6, global_step=7744, preemption_count=0, score=12147.6, test/loss=0.126629, test/num_examples=95000000, total_duration=26535.8, train/loss=0.124104, validation/loss=0.124247, validation/num_examples=83274637
I0601 10:34:33.367100 140382295020736 spec.py:333] Evaluating on the training split.
I0601 10:37:09.162950 140382295020736 spec.py:346] Evaluating on the validation split.
I0601 10:37:15.001866 140382295020736 spec.py:363] Evaluating on the test split.
I0601 10:37:21.737733 140382295020736 submission_runner.py:516] Time since start: 27060.57s, 	Step: 7966, 	{'train/loss': 0.12339421755300378, 'validation/loss': 0.12420964733184044, 'validation/num_examples': 83274637, 'test/loss': 0.12664422561677632, 'test/num_examples': 95000000, 'score': 12503.934168815613, 'total_duration': 27060.57165646553, 'accumulated_submission_time': 12503.934168815613, 'accumulated_eval_time': 14554.775315284729, 'accumulated_logging_time': 1.7825639247894287}
I0601 10:37:21.776712 140205205890816 logging_writer.py:48] [7966] accumulated_eval_time=14554.8, accumulated_logging_time=1.78256, accumulated_submission_time=12503.9, global_step=7966, preemption_count=0, score=12503.9, test/loss=0.126644, test/num_examples=95000000, total_duration=27060.6, train/loss=0.123394, validation/loss=0.12421, validation/num_examples=83274637
I0601 10:43:18.253785 140382295020736 spec.py:333] Evaluating on the training split.
I0601 10:45:47.747421 140382295020736 spec.py:346] Evaluating on the validation split.
I0601 10:45:53.563194 140382295020736 spec.py:363] Evaluating on the test split.
I0601 10:46:00.337083 140382295020736 submission_runner.py:516] Time since start: 27579.17s, 	Step: 8187, 	{'train/loss': 0.12248631509360652, 'validation/loss': 0.12409395563471505, 'validation/num_examples': 83274637, 'test/loss': 0.12653157586348684, 'test/num_examples': 95000000, 'score': 12860.401985406876, 'total_duration': 27579.17093205452, 'accumulated_submission_time': 12860.401985406876, 'accumulated_eval_time': 14716.85846877098, 'accumulated_logging_time': 1.8287346363067627}
I0601 10:46:00.376652 140205214283520 logging_writer.py:48] [8187] accumulated_eval_time=14716.9, accumulated_logging_time=1.82873, accumulated_submission_time=12860.4, global_step=8187, preemption_count=0, score=12860.4, test/loss=0.126532, test/num_examples=95000000, total_duration=27579.2, train/loss=0.122486, validation/loss=0.124094, validation/num_examples=83274637
I0601 10:51:56.742175 140382295020736 spec.py:333] Evaluating on the training split.
I0601 10:55:08.329813 140382295020736 spec.py:346] Evaluating on the validation split.
I0601 10:55:14.059723 140382295020736 spec.py:363] Evaluating on the test split.
I0601 10:55:20.779049 140382295020736 submission_runner.py:516] Time since start: 28139.61s, 	Step: 8433, 	{'train/loss': 0.12309361461245413, 'validation/loss': 0.12414194993588279, 'validation/num_examples': 83274637, 'test/loss': 0.12654513200041118, 'test/num_examples': 95000000, 'score': 13216.757639408112, 'total_duration': 28139.61296749115, 'accumulated_submission_time': 13216.757639408112, 'accumulated_eval_time': 14920.895264148712, 'accumulated_logging_time': 1.8758807182312012}
I0601 10:55:20.818773 140205205890816 logging_writer.py:48] [8433] accumulated_eval_time=14920.9, accumulated_logging_time=1.87588, accumulated_submission_time=13216.8, global_step=8433, preemption_count=0, score=13216.8, test/loss=0.126545, test/num_examples=95000000, total_duration=28139.6, train/loss=0.123094, validation/loss=0.124142, validation/num_examples=83274637
I0601 11:01:17.181213 140205214283520 logging_writer.py:48] [8653] global_step=8653, preemption_count=0, score=13573.1
I0601 11:01:43.886573 140382295020736 submission_runner.py:857] Final criteo1tb score: 13573.059439182281
