python submission_runner.py --framework=jax --workload=wmt --submission_path=submissions_algorithms/submissions/self_tuning/nadamw_resnet/submission.py --data_dir=/data/wmt --experiment_dir=/experiment_runs --experiment_name=submissions_a100/nadamw_resnet/study_1 --overwrite=True --save_checkpoints=False --rng_seed=162220055 --tuning_ruleset=self 2>&1 | tee -a /logs/wmt_jax_05-31-2026-00-31-34.log
2026-05-31 00:31:35.500178: E external/local_xla/xla/stream_executor/cuda/cuda_fft.cc:467] Unable to register cuFFT factory: Attempting to register factory for plugin cuFFT when one has already been registered
WARNING: All log messages before absl::InitializeLog() is called are written to STDERR
E0000 00:00:1780187495.526378       9 cuda_dnn.cc:8579] Unable to register cuDNN factory: Attempting to register factory for plugin cuDNN when one has already been registered
E0000 00:00:1780187495.535149       9 cuda_blas.cc:1407] Unable to register cuBLAS factory: Attempting to register factory for plugin cuBLAS when one has already been registered
W0000 00:00:1780187495.561412       9 computation_placer.cc:177] computation placer already registered. Please check linkage and avoid linking the same target more than once.
W0000 00:00:1780187495.561440       9 computation_placer.cc:177] computation placer already registered. Please check linkage and avoid linking the same target more than once.
W0000 00:00:1780187495.561443       9 computation_placer.cc:177] computation placer already registered. Please check linkage and avoid linking the same target more than once.
W0000 00:00:1780187495.561445       9 computation_placer.cc:177] computation placer already registered. Please check linkage and avoid linking the same target more than once.
/usr/local/lib/python3.11/site-packages/torch/__init__.py:1617: UserWarning: Please use the new API settings to control TF32 behavior, such as torch.backends.cudnn.conv.fp32_precision = 'tf32' or torch.backends.cuda.matmul.fp32_precision = 'ieee'. Old settings, e.g, torch.backends.cuda.matmul.allow_tf32 = True, torch.backends.cudnn.allow_tf32 = True, allowTF32CuDNN() and allowTF32CuBLAS() will be deprecated after Pytorch 2.9. Please see https://pytorch.org/docs/main/notes/cuda.html#tensorfloat-32-tf32-on-ampere-and-later-devices (Triggered internally at /pytorch/aten/src/ATen/Context.cpp:80.)
  _C._set_float32_matmul_precision(precision)
/usr/local/lib/python3.11/site-packages/pydantic/_internal/_generate_schema.py:2249: UnsupportedFieldAttributeWarning: The 'repr' attribute with value False was provided to the `Field()` function, which has no effect in the context it was used. 'repr' is field-specific metadata, and can only be attached to a model field using `Annotated` metadata or by assignment. This may have happened because an `Annotated` type alias using the `type` statement was used, or if the `Field()` function was attached to a single member of a union type.
  warnings.warn(
/usr/local/lib/python3.11/site-packages/pydantic/_internal/_generate_schema.py:2249: UnsupportedFieldAttributeWarning: The 'frozen' attribute with value True was provided to the `Field()` function, which has no effect in the context it was used. 'frozen' is field-specific metadata, and can only be attached to a model field using `Annotated` metadata or by assignment. This may have happened because an `Annotated` type alias using the `type` statement was used, or if the `Field()` function was attached to a single member of a union type.
  warnings.warn(
INFO:2026-05-31 00:31:45,469:jax._src.xla_bridge:830: Unable to initialize backend 'tpu': INTERNAL: Failed to open libtpu.so: libtpu.so: cannot open shared object file: No such file or directory
I0531 00:31:45.469216 139686007329984 xla_bridge.py:830] Unable to initialize backend 'tpu': INTERNAL: Failed to open libtpu.so: libtpu.so: cannot open shared object file: No such file or directory
I0531 00:31:46.101391 139686007329984 logger_utils.py:59] Removing existing experiment directory /experiment_runs/submissions_a100/nadamw_resnet/study_1/wmt_jax because --overwrite was set.
I0531 00:31:46.106648 139686007329984 logger_utils.py:84] Creating experiment directory at /experiment_runs/submissions_a100/nadamw_resnet/study_1/wmt_jax.
I0531 00:31:46.523673 139686007329984 submission_runner.py:741] Creating directory at /experiment_runs/submissions_a100/nadamw_resnet/study_1/wmt_jax/trial_1.
I0531 00:31:46.805384 139686007329984 submission_runner.py:242] Initializing dataset.
I0531 00:31:47.080875 139686007329984 dataset_info.py:707] Load dataset info from /data/wmt/wmt17_translate/de-en/1.0.0
I0531 00:31:47.130259 139686007329984 dataset_info.py:793] For 'wmt17_translate/de-en/1.0.0': fields info.[splits, supervised_keys] differ on disk and in the code. Keeping the one from code.
I0531 00:31:47.132727 139686007329984 reader.py:262] Creating a tf.data.Dataset reading 16 files located in folders: /data/wmt/wmt17_translate/de-en/1.0.0.
I0531 00:31:47.210745 139686007329984 logging_logger.py:49] Constructing tf.data.Dataset wmt17_translate for split train, from /data/wmt/wmt17_translate/de-en/1.0.0
I0531 00:31:48.897790 139686007329984 submission_runner.py:251] Initializing model.
I0531 00:32:34.045556 139686007329984 submission_runner.py:294] Initializing optimizer.
I0531 00:32:34.424255 139686007329984 submission_runner.py:299] Initializing metrics bundle.
I0531 00:32:34.424495 139686007329984 submission_runner.py:321] Initializing checkpoint and logger.
I0531 00:32:34.434757 139686007329984 checkpoints.py:1098] Found no checkpoint files in /experiment_runs/submissions_a100/nadamw_resnet/study_1/wmt_jax/trial_1 with prefix checkpoint_
I0531 00:32:34.434890 139686007329984 submission_runner.py:344] Saving meta data to /experiment_runs/submissions_a100/nadamw_resnet/study_1/wmt_jax/trial_1/meta_data_0.json.
I0531 00:32:34.435155 139686007329984 logger_utils.py:283] Unable to record workload.train_mean information. Continuing without it.
I0531 00:32:34.435225 139686007329984 logger_utils.py:283] Unable to record workload.train_stddev information. Continuing without it.
I0531 00:32:34.603759 139686007329984 submission_runner.py:348] Saving flags to /experiment_runs/submissions_a100/nadamw_resnet/study_1/wmt_jax/trial_1/flags_0.json.
I0531 00:32:34.618466 139686007329984 submission_runner.py:359] Starting training loop.
I0531 00:33:30.455741 139686007329984 spec.py:333] Evaluating on the training split.
I0531 00:33:30.460754 139686007329984 dataset_info.py:707] Load dataset info from /data/wmt/wmt17_translate/de-en/1.0.0
I0531 00:33:30.462963 139686007329984 dataset_info.py:793] For 'wmt17_translate/de-en/1.0.0': fields info.[splits, supervised_keys] differ on disk and in the code. Keeping the one from code.
I0531 00:33:30.464083 139686007329984 reader.py:262] Creating a tf.data.Dataset reading 16 files located in folders: /data/wmt/wmt17_translate/de-en/1.0.0.
I0531 00:33:30.501407 139686007329984 logging_logger.py:49] Constructing tf.data.Dataset wmt17_translate for split train, from /data/wmt/wmt17_translate/de-en/1.0.0
I0531 00:33:38.648943 139686007329984 workload.py:200] Translating evaluation dataset.
I0531 00:38:44.935338 139686007329984 spec.py:346] Evaluating on the validation split.
I0531 00:38:44.984699 139686007329984 dataset_info.py:707] Load dataset info from /data/wmt/wmt14_translate/de-en/1.0.0
I0531 00:38:45.036260 139686007329984 dataset_info.py:793] For 'wmt14_translate/de-en/1.0.0': fields info.[splits, supervised_keys] differ on disk and in the code. Keeping the one from code.
I0531 00:38:45.037047 139686007329984 reader.py:262] Creating a tf.data.Dataset reading 1 files located in folders: /data/wmt/wmt14_translate/de-en/1.0.0.
I0531 00:38:45.073506 139686007329984 logging_logger.py:49] Constructing tf.data.Dataset wmt14_translate for split validation, from /data/wmt/wmt14_translate/de-en/1.0.0
I0531 00:38:52.350137 139686007329984 workload.py:200] Translating evaluation dataset.
I0531 00:43:49.196653 139686007329984 spec.py:363] Evaluating on the test split.
I0531 00:43:49.199839 139686007329984 dataset_info.py:707] Load dataset info from /data/wmt/wmt14_translate/de-en/1.0.0
I0531 00:43:49.202233 139686007329984 dataset_info.py:793] For 'wmt14_translate/de-en/1.0.0': fields info.[splits, supervised_keys] differ on disk and in the code. Keeping the one from code.
I0531 00:43:49.203013 139686007329984 reader.py:262] Creating a tf.data.Dataset reading 1 files located in folders: /data/wmt/wmt14_translate/de-en/1.0.0.
I0531 00:43:49.239464 139686007329984 logging_logger.py:49] Constructing tf.data.Dataset wmt14_translate for split test, from /data/wmt/wmt14_translate/de-en/1.0.0
I0531 00:43:50.350589 139686007329984 workload.py:200] Translating evaluation dataset.
I0531 00:48:46.096833 139686007329984 submission_runner.py:516] Time since start: 971.48s, 	Step: 1, 	{'train/accuracy': 0.0006504621705971658, 'train/loss': 11.180787086486816, 'train/bleu': 0.0, 'validation/accuracy': 0.0004835649742744863, 'validation/loss': 11.186771392822266, 'validation/bleu': 0.0, 'validation/num_examples': 3000, 'test/accuracy': 0.0007088489946909249, 'test/loss': 11.166631698608398, 'test/bleu': 0.0, 'test/num_examples': 3003, 'score': 55.83711576461792, 'total_duration': 971.4782466888428, 'accumulated_submission_time': 55.83711576461792, 'accumulated_eval_time': 915.6409890651703, 'accumulated_logging_time': 0}
I0531 00:48:46.128888 139521441412864 logging_writer.py:48] [1] accumulated_eval_time=915.641, accumulated_logging_time=0, accumulated_submission_time=55.8371, global_step=1, preemption_count=0, score=55.8371, test/accuracy=0.000708849, test/bleu=0, test/loss=11.1666, test/num_examples=3003, total_duration=971.478, train/accuracy=0.000650462, train/bleu=0, train/loss=11.1808, validation/accuracy=0.000483565, validation/bleu=0, validation/loss=11.1868, validation/num_examples=3000
I0531 00:59:30.156230 139686007329984 spec.py:333] Evaluating on the training split.
I0531 00:59:31.425486 139686007329984 workload.py:200] Translating evaluation dataset.
I0531 01:02:40.738244 139686007329984 spec.py:346] Evaluating on the validation split.
I0531 01:02:41.671914 139686007329984 workload.py:200] Translating evaluation dataset.
I0531 01:05:39.752561 139686007329984 spec.py:363] Evaluating on the test split.
I0531 01:05:40.653933 139686007329984 workload.py:200] Translating evaluation dataset.
I0531 01:08:18.561021 139686007329984 submission_runner.py:516] Time since start: 2143.94s, 	Step: 4693, 	{'train/accuracy': 0.5378930568695068, 'train/loss': 2.5588061809539795, 'train/bleu': 24.38156259649385, 'validation/accuracy': 0.5394973158836365, 'validation/loss': 2.5527725219726562, 'validation/bleu': 20.1403363047435, 'validation/num_examples': 3000, 'test/accuracy': 0.5409098863601685, 'test/loss': 2.5686087608337402, 'test/bleu': 18.68099303244612, 'test/num_examples': 3003, 'score': 699.7939651012421, 'total_duration': 2143.9424493312836, 'accumulated_submission_time': 699.7939651012421, 'accumulated_eval_time': 1444.0456948280334, 'accumulated_logging_time': 0.06430172920227051}
I0531 01:08:18.604032 139521458198272 logging_writer.py:48] [4693] accumulated_eval_time=1444.05, accumulated_logging_time=0.0643017, accumulated_submission_time=699.794, global_step=4693, preemption_count=0, score=699.794, test/accuracy=0.54091, test/bleu=18.681, test/loss=2.56861, test/num_examples=3003, total_duration=2143.94, train/accuracy=0.537893, train/bleu=24.3816, train/loss=2.55881, validation/accuracy=0.539497, validation/bleu=20.1403, validation/loss=2.55277, validation/num_examples=3000
I0531 01:19:02.592011 139686007329984 spec.py:333] Evaluating on the training split.
I0531 01:19:03.860705 139686007329984 workload.py:200] Translating evaluation dataset.
I0531 01:22:12.327471 139686007329984 spec.py:346] Evaluating on the validation split.
I0531 01:22:13.261675 139686007329984 workload.py:200] Translating evaluation dataset.
I0531 01:24:59.327895 139686007329984 spec.py:363] Evaluating on the test split.
I0531 01:25:00.250686 139686007329984 workload.py:200] Translating evaluation dataset.
I0531 01:27:34.299525 139686007329984 submission_runner.py:516] Time since start: 3299.68s, 	Step: 9818, 	{'train/accuracy': 0.6017968654632568, 'train/loss': 2.018355131149292, 'train/bleu': 28.93149133365005, 'validation/accuracy': 0.6194343566894531, 'validation/loss': 1.879730463027954, 'validation/bleu': 25.026616323090593, 'validation/num_examples': 3000, 'test/accuracy': 0.626076340675354, 'test/loss': 1.8352913856506348, 'test/bleu': 23.897480565194016, 'test/num_examples': 3003, 'score': 1343.7304112911224, 'total_duration': 3299.6809499263763, 'accumulated_submission_time': 1343.7304112911224, 'accumulated_eval_time': 1955.753128528595, 'accumulated_logging_time': 0.1167762279510498}
I0531 01:27:34.342967 139520359266048 logging_writer.py:48] [9818] accumulated_eval_time=1955.75, accumulated_logging_time=0.116776, accumulated_submission_time=1343.73, global_step=9818, preemption_count=0, score=1343.73, test/accuracy=0.626076, test/bleu=23.8975, test/loss=1.83529, test/num_examples=3003, total_duration=3299.68, train/accuracy=0.601797, train/bleu=28.9315, train/loss=2.01836, validation/accuracy=0.619434, validation/bleu=25.0266, validation/loss=1.87973, validation/num_examples=3000
I0531 01:38:18.339573 139686007329984 spec.py:333] Evaluating on the training split.
I0531 01:38:19.602110 139686007329984 workload.py:200] Translating evaluation dataset.
I0531 01:41:47.575696 139686007329984 spec.py:346] Evaluating on the validation split.
I0531 01:41:48.508811 139686007329984 workload.py:200] Translating evaluation dataset.
I0531 01:44:44.004346 139686007329984 spec.py:363] Evaluating on the test split.
I0531 01:44:44.905959 139686007329984 workload.py:200] Translating evaluation dataset.
I0531 01:47:28.954460 139686007329984 submission_runner.py:516] Time since start: 4494.34s, 	Step: 14945, 	{'train/accuracy': 0.6160344481468201, 'train/loss': 1.9045228958129883, 'train/bleu': 29.80251827879473, 'validation/accuracy': 0.6329493522644043, 'validation/loss': 1.769286036491394, 'validation/bleu': 26.008884736943468, 'validation/num_examples': 3000, 'test/accuracy': 0.641392171382904, 'test/loss': 1.720455288887024, 'test/bleu': 24.845382464855664, 'test/num_examples': 3003, 'score': 1987.674872636795, 'total_duration': 4494.335875749588, 'accumulated_submission_time': 1987.674872636795, 'accumulated_eval_time': 2506.3679218292236, 'accumulated_logging_time': 0.1698310375213623}
I0531 01:47:28.995005 139521474983680 logging_writer.py:48] [14945] accumulated_eval_time=2506.37, accumulated_logging_time=0.169831, accumulated_submission_time=1987.67, global_step=14945, preemption_count=0, score=1987.67, test/accuracy=0.641392, test/bleu=24.8454, test/loss=1.72046, test/num_examples=3003, total_duration=4494.34, train/accuracy=0.616034, train/bleu=29.8025, train/loss=1.90452, validation/accuracy=0.632949, validation/bleu=26.0089, validation/loss=1.76929, validation/num_examples=3000
I0531 01:58:13.077678 139686007329984 spec.py:333] Evaluating on the training split.
I0531 01:58:14.347549 139686007329984 workload.py:200] Translating evaluation dataset.
I0531 02:01:54.583592 139686007329984 spec.py:346] Evaluating on the validation split.
I0531 02:01:55.517154 139686007329984 workload.py:200] Translating evaluation dataset.
I0531 02:04:46.042064 139686007329984 spec.py:363] Evaluating on the test split.
I0531 02:04:46.942108 139686007329984 workload.py:200] Translating evaluation dataset.
I0531 02:07:17.066120 139686007329984 submission_runner.py:516] Time since start: 5682.45s, 	Step: 20073, 	{'train/accuracy': 0.6299451589584351, 'train/loss': 1.7987785339355469, 'train/bleu': 30.07643783700862, 'validation/accuracy': 0.63966965675354, 'validation/loss': 1.729565143585205, 'validation/bleu': 26.394278836232907, 'validation/num_examples': 3000, 'test/accuracy': 0.647179126739502, 'test/loss': 1.669655203819275, 'test/bleu': 25.442646749408695, 'test/num_examples': 3003, 'score': 2631.7060770988464, 'total_duration': 5682.447469949722, 'accumulated_submission_time': 2631.7060770988464, 'accumulated_eval_time': 3050.356197834015, 'accumulated_logging_time': 0.22016000747680664}
I0531 02:07:17.108958 139520359266048 logging_writer.py:48] [20073] accumulated_eval_time=3050.36, accumulated_logging_time=0.22016, accumulated_submission_time=2631.71, global_step=20073, preemption_count=0, score=2631.71, test/accuracy=0.647179, test/bleu=25.4426, test/loss=1.66966, test/num_examples=3003, total_duration=5682.45, train/accuracy=0.629945, train/bleu=30.0764, train/loss=1.79878, validation/accuracy=0.63967, validation/bleu=26.3943, validation/loss=1.72957, validation/num_examples=3000
I0531 02:18:01.074265 139686007329984 spec.py:333] Evaluating on the training split.
I0531 02:18:02.344707 139686007329984 workload.py:200] Translating evaluation dataset.
I0531 02:22:10.065112 139686007329984 spec.py:346] Evaluating on the validation split.
I0531 02:22:10.996149 139686007329984 workload.py:200] Translating evaluation dataset.
I0531 02:25:35.950420 139686007329984 spec.py:363] Evaluating on the test split.
I0531 02:25:36.851118 139686007329984 workload.py:200] Translating evaluation dataset.
I0531 02:28:41.833626 139686007329984 submission_runner.py:516] Time since start: 6967.22s, 	Step: 25204, 	{'train/accuracy': 0.6545557975769043, 'train/loss': 1.6079245805740356, 'train/bleu': 32.03574995343656, 'validation/accuracy': 0.6449021100997925, 'validation/loss': 1.7006332874298096, 'validation/bleu': 26.56544410090937, 'validation/num_examples': 3000, 'test/accuracy': 0.6510487794876099, 'test/loss': 1.6447538137435913, 'test/bleu': 25.427015615729573, 'test/num_examples': 3003, 'score': 3275.619380235672, 'total_duration': 6967.215038299561, 'accumulated_submission_time': 3275.619380235672, 'accumulated_eval_time': 3691.1154549121857, 'accumulated_logging_time': 0.27266931533813477}
I0531 02:28:41.875415 139521441412864 logging_writer.py:48] [25204] accumulated_eval_time=3691.12, accumulated_logging_time=0.272669, accumulated_submission_time=3275.62, global_step=25204, preemption_count=0, score=3275.62, test/accuracy=0.651049, test/bleu=25.427, test/loss=1.64475, test/num_examples=3003, total_duration=6967.22, train/accuracy=0.654556, train/bleu=32.0357, train/loss=1.60792, validation/accuracy=0.644902, validation/bleu=26.5654, validation/loss=1.70063, validation/num_examples=3000
I0531 02:39:25.945152 139686007329984 spec.py:333] Evaluating on the training split.
I0531 02:39:27.213481 139686007329984 workload.py:200] Translating evaluation dataset.
I0531 02:43:14.519322 139686007329984 spec.py:346] Evaluating on the validation split.
I0531 02:43:15.451053 139686007329984 workload.py:200] Translating evaluation dataset.
I0531 02:46:13.229469 139686007329984 spec.py:363] Evaluating on the test split.
I0531 02:46:14.129344 139686007329984 workload.py:200] Translating evaluation dataset.
I0531 02:49:06.189371 139686007329984 submission_runner.py:516] Time since start: 8191.57s, 	Step: 30335, 	{'train/accuracy': 0.6265425086021423, 'train/loss': 1.8333687782287598, 'train/bleu': 29.648550954785637, 'validation/accuracy': 0.6454476714134216, 'validation/loss': 1.685140609741211, 'validation/bleu': 26.906400017234365, 'validation/num_examples': 3000, 'test/accuracy': 0.6558480262756348, 'test/loss': 1.615734338760376, 'test/bleu': 26.03698803446058, 'test/num_examples': 3003, 'score': 3919.636730194092, 'total_duration': 8191.570732593536, 'accumulated_submission_time': 3919.636730194092, 'accumulated_eval_time': 4271.35954451561, 'accumulated_logging_time': 0.32407116889953613}
I0531 02:49:06.229392 139520359266048 logging_writer.py:48] [30335] accumulated_eval_time=4271.36, accumulated_logging_time=0.324071, accumulated_submission_time=3919.64, global_step=30335, preemption_count=0, score=3919.64, test/accuracy=0.655848, test/bleu=26.037, test/loss=1.61573, test/num_examples=3003, total_duration=8191.57, train/accuracy=0.626543, train/bleu=29.6486, train/loss=1.83337, validation/accuracy=0.645448, validation/bleu=26.9064, validation/loss=1.68514, validation/num_examples=3000
I0531 02:59:50.263060 139686007329984 spec.py:333] Evaluating on the training split.
I0531 02:59:51.526273 139686007329984 workload.py:200] Translating evaluation dataset.
I0531 03:04:19.763615 139686007329984 spec.py:346] Evaluating on the validation split.
I0531 03:04:20.694966 139686007329984 workload.py:200] Translating evaluation dataset.
I0531 03:08:30.347816 139686007329984 spec.py:363] Evaluating on the test split.
I0531 03:08:31.248584 139686007329984 workload.py:200] Translating evaluation dataset.
I0531 03:12:08.984215 139686007329984 submission_runner.py:516] Time since start: 9574.37s, 	Step: 35465, 	{'train/accuracy': 0.6310209035873413, 'train/loss': 1.799376368522644, 'train/bleu': 30.847599911180236, 'validation/accuracy': 0.649774968624115, 'validation/loss': 1.660673975944519, 'validation/bleu': 27.273114330914737, 'validation/num_examples': 3000, 'test/accuracy': 0.6591598391532898, 'test/loss': 1.5912823677062988, 'test/bleu': 26.44110227902726, 'test/num_examples': 3003, 'score': 4563.616898536682, 'total_duration': 9574.365628004074, 'accumulated_submission_time': 4563.616898536682, 'accumulated_eval_time': 5010.080605506897, 'accumulated_logging_time': 0.37369799613952637}
I0531 03:12:09.026291 139521441412864 logging_writer.py:48] [35465] accumulated_eval_time=5010.08, accumulated_logging_time=0.373698, accumulated_submission_time=4563.62, global_step=35465, preemption_count=0, score=4563.62, test/accuracy=0.65916, test/bleu=26.4411, test/loss=1.59128, test/num_examples=3003, total_duration=9574.37, train/accuracy=0.631021, train/bleu=30.8476, train/loss=1.79938, validation/accuracy=0.649775, validation/bleu=27.2731, validation/loss=1.66067, validation/num_examples=3000
I0531 03:22:52.988762 139686007329984 spec.py:333] Evaluating on the training split.
I0531 03:22:54.260353 139686007329984 workload.py:200] Translating evaluation dataset.
I0531 03:26:38.703228 139686007329984 spec.py:346] Evaluating on the validation split.
I0531 03:26:39.631099 139686007329984 workload.py:200] Translating evaluation dataset.
I0531 03:29:32.874128 139686007329984 spec.py:363] Evaluating on the test split.
I0531 03:29:33.773873 139686007329984 workload.py:200] Translating evaluation dataset.
I0531 03:32:32.388598 139686007329984 submission_runner.py:516] Time since start: 10797.77s, 	Step: 40592, 	{'train/accuracy': 0.6364467740058899, 'train/loss': 1.7545405626296997, 'train/bleu': 30.27836064226027, 'validation/accuracy': 0.6529614925384521, 'validation/loss': 1.639974594116211, 'validation/bleu': 27.439083802448373, 'validation/num_examples': 3000, 'test/accuracy': 0.6636337637901306, 'test/loss': 1.5670403242111206, 'test/bleu': 26.727618426733393, 'test/num_examples': 3003, 'score': 5207.526401996613, 'total_duration': 10797.76994919777, 'accumulated_submission_time': 5207.526401996613, 'accumulated_eval_time': 5589.480286836624, 'accumulated_logging_time': 0.4252593517303467}
I0531 03:32:32.433311 139521441412864 logging_writer.py:48] [40592] accumulated_eval_time=5589.48, accumulated_logging_time=0.425259, accumulated_submission_time=5207.53, global_step=40592, preemption_count=0, score=5207.53, test/accuracy=0.663634, test/bleu=26.7276, test/loss=1.56704, test/num_examples=3003, total_duration=10797.8, train/accuracy=0.636447, train/bleu=30.2784, train/loss=1.75454, validation/accuracy=0.652961, validation/bleu=27.4391, validation/loss=1.63997, validation/num_examples=3000
I0531 03:43:16.421058 139686007329984 spec.py:333] Evaluating on the training split.
I0531 03:43:17.685290 139686007329984 workload.py:200] Translating evaluation dataset.
I0531 03:48:06.343189 139686007329984 spec.py:346] Evaluating on the validation split.
I0531 03:48:07.274332 139686007329984 workload.py:200] Translating evaluation dataset.
I0531 03:52:56.262657 139686007329984 spec.py:363] Evaluating on the test split.
I0531 03:52:57.163027 139686007329984 workload.py:200] Translating evaluation dataset.
I0531 03:57:51.044996 139686007329984 submission_runner.py:516] Time since start: 12316.43s, 	Step: 45720, 	{'train/accuracy': 0.6385229229927063, 'train/loss': 1.731968641281128, 'train/bleu': 31.002050500415496, 'validation/accuracy': 0.6550569534301758, 'validation/loss': 1.6215178966522217, 'validation/bleu': 27.352913417595563, 'validation/num_examples': 3000, 'test/accuracy': 0.6665504574775696, 'test/loss': 1.549089789390564, 'test/bleu': 26.917134470481393, 'test/num_examples': 3003, 'score': 5851.460931062698, 'total_duration': 12316.426404714584, 'accumulated_submission_time': 5851.460931062698, 'accumulated_eval_time': 6464.104123830795, 'accumulated_logging_time': 0.47949647903442383}
I0531 03:57:51.089178 139520359266048 logging_writer.py:48] [45720] accumulated_eval_time=6464.1, accumulated_logging_time=0.479496, accumulated_submission_time=5851.46, global_step=45720, preemption_count=0, score=5851.46, test/accuracy=0.66655, test/bleu=26.9171, test/loss=1.54909, test/num_examples=3003, total_duration=12316.4, train/accuracy=0.638523, train/bleu=31.0021, train/loss=1.73197, validation/accuracy=0.655057, validation/bleu=27.3529, validation/loss=1.62152, validation/num_examples=3000
I0531 04:08:35.149948 139686007329984 spec.py:333] Evaluating on the training split.
I0531 04:08:36.419197 139686007329984 workload.py:200] Translating evaluation dataset.
I0531 04:12:08.309941 139686007329984 spec.py:346] Evaluating on the validation split.
I0531 04:12:09.238972 139686007329984 workload.py:200] Translating evaluation dataset.
I0531 04:15:10.210732 139686007329984 spec.py:363] Evaluating on the test split.
I0531 04:15:11.110236 139686007329984 workload.py:200] Translating evaluation dataset.
I0531 04:18:00.251969 139686007329984 submission_runner.py:516] Time since start: 13525.63s, 	Step: 50848, 	{'train/accuracy': 0.6530036330223083, 'train/loss': 1.6243137121200562, 'train/bleu': 31.627934717156755, 'validation/accuracy': 0.658665120601654, 'validation/loss': 1.6066677570343018, 'validation/bleu': 27.91066569055147, 'validation/num_examples': 3000, 'test/accuracy': 0.6707338690757751, 'test/loss': 1.532371997833252, 'test/bleu': 27.090609748950456, 'test/num_examples': 3003, 'score': 6495.468696594238, 'total_duration': 13525.63336277008, 'accumulated_submission_time': 6495.468696594238, 'accumulated_eval_time': 7029.206029415131, 'accumulated_logging_time': 0.5331428050994873}
I0531 04:18:00.298477 139520350873344 logging_writer.py:48] [50848] accumulated_eval_time=7029.21, accumulated_logging_time=0.533143, accumulated_submission_time=6495.47, global_step=50848, preemption_count=0, score=6495.47, test/accuracy=0.670734, test/bleu=27.0906, test/loss=1.53237, test/num_examples=3003, total_duration=13525.6, train/accuracy=0.653004, train/bleu=31.6279, train/loss=1.62431, validation/accuracy=0.658665, validation/bleu=27.9107, validation/loss=1.60667, validation/num_examples=3000
I0531 04:28:44.303966 139686007329984 spec.py:333] Evaluating on the training split.
I0531 04:28:45.571924 139686007329984 workload.py:200] Translating evaluation dataset.
I0531 04:32:30.032086 139686007329984 spec.py:346] Evaluating on the validation split.
I0531 04:32:30.964408 139686007329984 workload.py:200] Translating evaluation dataset.
I0531 04:35:28.556037 139686007329984 spec.py:363] Evaluating on the test split.
I0531 04:35:29.456915 139686007329984 workload.py:200] Translating evaluation dataset.
I0531 04:38:31.074080 139686007329984 submission_runner.py:516] Time since start: 14756.46s, 	Step: 55977, 	{'train/accuracy': 0.6415742039680481, 'train/loss': 1.7276885509490967, 'train/bleu': 31.169730267572728, 'validation/accuracy': 0.6611821055412292, 'validation/loss': 1.5859707593917847, 'validation/bleu': 28.188874426557252, 'validation/num_examples': 3000, 'test/accuracy': 0.6731044054031372, 'test/loss': 1.5133166313171387, 'test/bleu': 27.09896911295474, 'test/num_examples': 3003, 'score': 7139.421479463577, 'total_duration': 14756.45548415184, 'accumulated_submission_time': 7139.421479463577, 'accumulated_eval_time': 7615.976034879684, 'accumulated_logging_time': 0.589627742767334}
I0531 04:38:31.116376 139521441412864 logging_writer.py:48] [55977] accumulated_eval_time=7615.98, accumulated_logging_time=0.589628, accumulated_submission_time=7139.42, global_step=55977, preemption_count=0, score=7139.42, test/accuracy=0.673104, test/bleu=27.099, test/loss=1.51332, test/num_examples=3003, total_duration=14756.5, train/accuracy=0.641574, train/bleu=31.1697, train/loss=1.72769, validation/accuracy=0.661182, validation/bleu=28.1889, validation/loss=1.58597, validation/num_examples=3000
I0531 04:49:15.094840 139686007329984 spec.py:333] Evaluating on the training split.
I0531 04:49:16.359871 139686007329984 workload.py:200] Translating evaluation dataset.
I0531 04:54:11.410836 139686007329984 spec.py:346] Evaluating on the validation split.
I0531 04:54:12.343389 139686007329984 workload.py:200] Translating evaluation dataset.
I0531 04:57:57.324264 139686007329984 spec.py:363] Evaluating on the test split.
I0531 04:57:58.225388 139686007329984 workload.py:200] Translating evaluation dataset.
I0531 05:01:35.423570 139686007329984 submission_runner.py:516] Time since start: 16140.80s, 	Step: 61105, 	{'train/accuracy': 0.6458266973495483, 'train/loss': 1.6906172037124634, 'train/bleu': 31.66440633837579, 'validation/accuracy': 0.6640711426734924, 'validation/loss': 1.5617542266845703, 'validation/bleu': 28.072215204290245, 'validation/num_examples': 3000, 'test/accuracy': 0.6783801317214966, 'test/loss': 1.4794954061508179, 'test/bleu': 28.071438862668398, 'test/num_examples': 3003, 'score': 7783.346984386444, 'total_duration': 16140.80499124527, 'accumulated_submission_time': 7783.346984386444, 'accumulated_eval_time': 8356.304688692093, 'accumulated_logging_time': 0.6413440704345703}
I0531 05:01:35.465472 139520350873344 logging_writer.py:48] [61105] accumulated_eval_time=8356.3, accumulated_logging_time=0.641344, accumulated_submission_time=7783.35, global_step=61105, preemption_count=0, score=7783.35, test/accuracy=0.67838, test/bleu=28.0714, test/loss=1.4795, test/num_examples=3003, total_duration=16140.8, train/accuracy=0.645827, train/bleu=31.6644, train/loss=1.69062, validation/accuracy=0.664071, validation/bleu=28.0722, validation/loss=1.56175, validation/num_examples=3000
I0531 05:12:19.507354 139686007329984 spec.py:333] Evaluating on the training split.
I0531 05:12:20.771901 139686007329984 workload.py:200] Translating evaluation dataset.
I0531 05:15:55.114746 139686007329984 spec.py:346] Evaluating on the validation split.
I0531 05:15:56.046608 139686007329984 workload.py:200] Translating evaluation dataset.
I0531 05:18:47.183881 139686007329984 spec.py:363] Evaluating on the test split.
I0531 05:18:48.083952 139686007329984 workload.py:200] Translating evaluation dataset.
I0531 05:21:28.536470 139686007329984 submission_runner.py:516] Time since start: 17333.92s, 	Step: 66235, 	{'train/accuracy': 0.651810348033905, 'train/loss': 1.646181583404541, 'train/bleu': 31.95162065518767, 'validation/accuracy': 0.666736900806427, 'validation/loss': 1.54178786277771, 'validation/bleu': 28.394563541802942, 'validation/num_examples': 3000, 'test/accuracy': 0.6809831261634827, 'test/loss': 1.4605224132537842, 'test/bleu': 28.07951099065753, 'test/num_examples': 3003, 'score': 8427.335958003998, 'total_duration': 17333.917885303497, 'accumulated_submission_time': 8427.335958003998, 'accumulated_eval_time': 8905.333717107773, 'accumulated_logging_time': 0.6929879188537598}
I0531 05:21:28.580584 139521474983680 logging_writer.py:48] [66235] accumulated_eval_time=8905.33, accumulated_logging_time=0.692988, accumulated_submission_time=8427.34, global_step=66235, preemption_count=0, score=8427.34, test/accuracy=0.680983, test/bleu=28.0795, test/loss=1.46052, test/num_examples=3003, total_duration=17333.9, train/accuracy=0.65181, train/bleu=31.9516, train/loss=1.64618, validation/accuracy=0.666737, validation/bleu=28.3946, validation/loss=1.54179, validation/num_examples=3000
I0531 05:32:12.621842 139686007329984 spec.py:333] Evaluating on the training split.
I0531 05:32:13.890693 139686007329984 workload.py:200] Translating evaluation dataset.
I0531 05:37:07.169978 139686007329984 spec.py:346] Evaluating on the validation split.
I0531 05:37:08.102868 139686007329984 workload.py:200] Translating evaluation dataset.
I0531 05:41:56.826104 139686007329984 spec.py:363] Evaluating on the test split.
I0531 05:41:57.727052 139686007329984 workload.py:200] Translating evaluation dataset.
I0531 05:46:49.794597 139686007329984 submission_runner.py:516] Time since start: 18855.18s, 	Step: 71363, 	{'train/accuracy': 0.6552180647850037, 'train/loss': 1.6179161071777344, 'train/bleu': 31.213464445305945, 'validation/accuracy': 0.6705434322357178, 'validation/loss': 1.524082899093628, 'validation/bleu': 23.980857594166928, 'validation/num_examples': 3000, 'test/accuracy': 0.6825751066207886, 'test/loss': 1.441442608833313, 'test/bleu': 24.405787878452166, 'test/num_examples': 3003, 'score': 9071.324759244919, 'total_duration': 18855.17601799965, 'accumulated_submission_time': 9071.324759244919, 'accumulated_eval_time': 9782.506382226944, 'accumulated_logging_time': 0.7464778423309326}
I0531 05:46:49.838261 139521449805568 logging_writer.py:48] [71363] accumulated_eval_time=9782.51, accumulated_logging_time=0.746478, accumulated_submission_time=9071.32, global_step=71363, preemption_count=0, score=9071.32, test/accuracy=0.682575, test/bleu=24.4058, test/loss=1.44144, test/num_examples=3003, total_duration=18855.2, train/accuracy=0.655218, train/bleu=31.2135, train/loss=1.61792, validation/accuracy=0.670543, validation/bleu=23.9809, validation/loss=1.52408, validation/num_examples=3000
I0531 05:57:33.893392 139686007329984 spec.py:333] Evaluating on the training split.
I0531 05:57:35.157044 139686007329984 workload.py:200] Translating evaluation dataset.
I0531 06:01:59.648732 139686007329984 spec.py:346] Evaluating on the validation split.
I0531 06:02:00.578259 139686007329984 workload.py:200] Translating evaluation dataset.
I0531 06:05:42.108563 139686007329984 spec.py:363] Evaluating on the test split.
I0531 06:05:43.009105 139686007329984 workload.py:200] Translating evaluation dataset.
I0531 06:09:08.335278 139686007329984 submission_runner.py:516] Time since start: 20193.72s, 	Step: 76492, 	{'train/accuracy': 0.6671500205993652, 'train/loss': 1.532491683959961, 'train/bleu': 33.0712598723156, 'validation/accuracy': 0.673965573310852, 'validation/loss': 1.500813603401184, 'validation/bleu': 29.14379552794215, 'validation/num_examples': 3000, 'test/accuracy': 0.6879670023918152, 'test/loss': 1.4155752658843994, 'test/bleu': 28.775890943001947, 'test/num_examples': 3003, 'score': 9715.32298874855, 'total_duration': 20193.7166223526, 'accumulated_submission_time': 9715.32298874855, 'accumulated_eval_time': 10476.948108434677, 'accumulated_logging_time': 0.8037033081054688}
I0531 06:09:08.379801 139521474983680 logging_writer.py:48] [76492] accumulated_eval_time=10476.9, accumulated_logging_time=0.803703, accumulated_submission_time=9715.32, global_step=76492, preemption_count=0, score=9715.32, test/accuracy=0.687967, test/bleu=28.7759, test/loss=1.41558, test/num_examples=3003, total_duration=20193.7, train/accuracy=0.66715, train/bleu=33.0713, train/loss=1.53249, validation/accuracy=0.673966, validation/bleu=29.1438, validation/loss=1.50081, validation/num_examples=3000
I0531 06:19:52.387395 139686007329984 spec.py:333] Evaluating on the training split.
I0531 06:19:53.652350 139686007329984 workload.py:200] Translating evaluation dataset.
I0531 06:23:43.542414 139686007329984 spec.py:346] Evaluating on the validation split.
I0531 06:23:44.467120 139686007329984 workload.py:200] Translating evaluation dataset.
I0531 06:26:50.214734 139686007329984 spec.py:363] Evaluating on the test split.
I0531 06:26:51.113934 139686007329984 workload.py:200] Translating evaluation dataset.
I0531 06:29:49.662181 139686007329984 submission_runner.py:516] Time since start: 21435.04s, 	Step: 81619, 	{'train/accuracy': 0.687529981136322, 'train/loss': 1.4143575429916382, 'train/bleu': 34.3568826782029, 'validation/accuracy': 0.6777721047401428, 'validation/loss': 1.4792643785476685, 'validation/bleu': 29.21784961391486, 'validation/num_examples': 3000, 'test/accuracy': 0.6896287202835083, 'test/loss': 1.3981397151947021, 'test/bleu': 28.69572100790667, 'test/num_examples': 3003, 'score': 10359.279567718506, 'total_duration': 21435.0435860157, 'accumulated_submission_time': 10359.279567718506, 'accumulated_eval_time': 11074.22279047966, 'accumulated_logging_time': 0.8575973510742188}
I0531 06:29:49.705899 139521449805568 logging_writer.py:48] [81619] accumulated_eval_time=11074.2, accumulated_logging_time=0.857597, accumulated_submission_time=10359.3, global_step=81619, preemption_count=0, score=10359.3, test/accuracy=0.689629, test/bleu=28.6957, test/loss=1.39814, test/num_examples=3003, total_duration=21435, train/accuracy=0.68753, train/bleu=34.3569, train/loss=1.41436, validation/accuracy=0.677772, validation/bleu=29.2178, validation/loss=1.47926, validation/num_examples=3000
I0531 06:40:33.744249 139686007329984 spec.py:333] Evaluating on the training split.
I0531 06:40:35.010885 139686007329984 workload.py:200] Translating evaluation dataset.
I0531 06:45:24.208678 139686007329984 spec.py:346] Evaluating on the validation split.
I0531 06:45:25.132452 139686007329984 workload.py:200] Translating evaluation dataset.
I0531 06:49:14.048938 139686007329984 spec.py:363] Evaluating on the test split.
I0531 06:49:14.948543 139686007329984 workload.py:200] Translating evaluation dataset.
I0531 06:52:56.438697 139686007329984 submission_runner.py:516] Time since start: 22821.82s, 	Step: 86749, 	{'train/accuracy': 0.6669902801513672, 'train/loss': 1.5494904518127441, 'train/bleu': 33.246598434073725, 'validation/accuracy': 0.680971086025238, 'validation/loss': 1.4577723741531372, 'validation/bleu': 29.49486369402066, 'validation/num_examples': 3000, 'test/accuracy': 0.6943815350532532, 'test/loss': 1.3671938180923462, 'test/bleu': 29.358769711054975, 'test/num_examples': 3003, 'score': 11003.266296625137, 'total_duration': 22821.820112228394, 'accumulated_submission_time': 11003.266296625137, 'accumulated_eval_time': 11816.917146205902, 'accumulated_logging_time': 0.910722017288208}
I0531 06:52:56.488483 139521441412864 logging_writer.py:48] [86749] accumulated_eval_time=11816.9, accumulated_logging_time=0.910722, accumulated_submission_time=11003.3, global_step=86749, preemption_count=0, score=11003.3, test/accuracy=0.694382, test/bleu=29.3588, test/loss=1.36719, test/num_examples=3003, total_duration=22821.8, train/accuracy=0.66699, train/bleu=33.2466, train/loss=1.54949, validation/accuracy=0.680971, validation/bleu=29.4949, validation/loss=1.45777, validation/num_examples=3000
I0531 07:03:40.539049 139686007329984 spec.py:333] Evaluating on the training split.
I0531 07:03:41.803776 139686007329984 workload.py:200] Translating evaluation dataset.
I0531 07:08:22.958865 139686007329984 spec.py:346] Evaluating on the validation split.
I0531 07:08:23.891316 139686007329984 workload.py:200] Translating evaluation dataset.
I0531 07:12:35.025064 139686007329984 spec.py:363] Evaluating on the test split.
I0531 07:12:35.924757 139686007329984 workload.py:200] Translating evaluation dataset.
I0531 07:16:56.543171 139686007329984 submission_runner.py:516] Time since start: 24261.92s, 	Step: 91875, 	{'train/accuracy': 0.6746782660484314, 'train/loss': 1.4930347204208374, 'train/bleu': 33.44462227772001, 'validation/accuracy': 0.6833145022392273, 'validation/loss': 1.4408174753189087, 'validation/bleu': 29.46358328328112, 'validation/num_examples': 3000, 'test/accuracy': 0.6982743740081787, 'test/loss': 1.345371961593628, 'test/bleu': 29.46635143991759, 'test/num_examples': 3003, 'score': 11647.263811826706, 'total_duration': 24261.924556732178, 'accumulated_submission_time': 11647.263811826706, 'accumulated_eval_time': 12612.921148061752, 'accumulated_logging_time': 0.9705958366394043}
I0531 07:16:56.584666 139521449805568 logging_writer.py:48] [91875] accumulated_eval_time=12612.9, accumulated_logging_time=0.970596, accumulated_submission_time=11647.3, global_step=91875, preemption_count=0, score=11647.3, test/accuracy=0.698274, test/bleu=29.4664, test/loss=1.34537, test/num_examples=3003, total_duration=24261.9, train/accuracy=0.674678, train/bleu=33.4446, train/loss=1.49303, validation/accuracy=0.683315, validation/bleu=29.4636, validation/loss=1.44082, validation/num_examples=3000
I0531 07:27:40.548307 139686007329984 spec.py:333] Evaluating on the training split.
I0531 07:27:41.817196 139686007329984 workload.py:200] Translating evaluation dataset.
I0531 07:32:35.617690 139686007329984 spec.py:346] Evaluating on the validation split.
I0531 07:32:36.550807 139686007329984 workload.py:200] Translating evaluation dataset.
I0531 07:37:26.554332 139686007329984 spec.py:363] Evaluating on the test split.
I0531 07:37:27.454946 139686007329984 workload.py:200] Translating evaluation dataset.
I0531 07:42:16.764449 139686007329984 submission_runner.py:516] Time since start: 25782.15s, 	Step: 97005, 	{'train/accuracy': 0.6839203834533691, 'train/loss': 1.4375578165054321, 'train/bleu': 34.02285384186456, 'validation/accuracy': 0.685905933380127, 'validation/loss': 1.4196280241012573, 'validation/bleu': 25.61336647662636, 'validation/num_examples': 3000, 'test/accuracy': 0.700947105884552, 'test/loss': 1.3241344690322876, 'test/bleu': 23.811003546064825, 'test/num_examples': 3003, 'score': 12291.176140785217, 'total_duration': 25782.145849466324, 'accumulated_submission_time': 12291.176140785217, 'accumulated_eval_time': 13489.137198209763, 'accumulated_logging_time': 1.0214266777038574}
I0531 07:42:16.808226 139521441412864 logging_writer.py:48] [97005] accumulated_eval_time=13489.1, accumulated_logging_time=1.02143, accumulated_submission_time=12291.2, global_step=97005, preemption_count=0, score=12291.2, test/accuracy=0.700947, test/bleu=23.811, test/loss=1.32413, test/num_examples=3003, total_duration=25782.1, train/accuracy=0.68392, train/bleu=34.0229, train/loss=1.43756, validation/accuracy=0.685906, validation/bleu=25.6134, validation/loss=1.41963, validation/num_examples=3000
I0531 07:53:00.865673 139686007329984 spec.py:333] Evaluating on the training split.
I0531 07:53:02.131527 139686007329984 workload.py:200] Translating evaluation dataset.
I0531 07:57:37.870267 139686007329984 spec.py:346] Evaluating on the validation split.
I0531 07:57:38.800818 139686007329984 workload.py:200] Translating evaluation dataset.
I0531 08:00:44.930650 139686007329984 spec.py:363] Evaluating on the test split.
I0531 08:00:45.830579 139686007329984 workload.py:200] Translating evaluation dataset.
I0531 08:03:48.720991 139686007329984 submission_runner.py:516] Time since start: 27074.10s, 	Step: 102132, 	{'train/accuracy': 0.6894888281822205, 'train/loss': 1.4022799730300903, 'train/bleu': 34.8497599628544, 'validation/accuracy': 0.6882493495941162, 'validation/loss': 1.4054150581359863, 'validation/bleu': 29.959486314282046, 'validation/num_examples': 3000, 'test/accuracy': 0.7049096822738647, 'test/loss': 1.3058598041534424, 'test/bleu': 30.214056294846834, 'test/num_examples': 3003, 'score': 12935.18206691742, 'total_duration': 27074.102387189865, 'accumulated_submission_time': 12935.18206691742, 'accumulated_eval_time': 14136.992411613464, 'accumulated_logging_time': 1.0747184753417969}
I0531 08:03:48.762409 139521441412864 logging_writer.py:48] [102132] accumulated_eval_time=14137, accumulated_logging_time=1.07472, accumulated_submission_time=12935.2, global_step=102132, preemption_count=0, score=12935.2, test/accuracy=0.70491, test/bleu=30.2141, test/loss=1.30586, test/num_examples=3003, total_duration=27074.1, train/accuracy=0.689489, train/bleu=34.8498, train/loss=1.40228, validation/accuracy=0.688249, validation/bleu=29.9595, validation/loss=1.40542, validation/num_examples=3000
I0531 08:14:32.736534 139686007329984 spec.py:333] Evaluating on the training split.
I0531 08:14:34.007276 139686007329984 workload.py:200] Translating evaluation dataset.
I0531 08:18:53.360835 139686007329984 spec.py:346] Evaluating on the validation split.
I0531 08:18:54.291885 139686007329984 workload.py:200] Translating evaluation dataset.
I0531 08:22:04.489164 139686007329984 spec.py:363] Evaluating on the test split.
I0531 08:22:05.388529 139686007329984 workload.py:200] Translating evaluation dataset.
I0531 08:24:59.746971 139686007329984 submission_runner.py:516] Time since start: 28345.13s, 	Step: 107261, 	{'train/accuracy': 0.6983219981193542, 'train/loss': 1.3484115600585938, 'train/bleu': 35.61633932359517, 'validation/accuracy': 0.6902704238891602, 'validation/loss': 1.3939272165298462, 'validation/bleu': 30.379138798394752, 'validation/num_examples': 3000, 'test/accuracy': 0.70707106590271, 'test/loss': 1.2915793657302856, 'test/bleu': 30.41867708756483, 'test/num_examples': 3003, 'score': 13579.105682134628, 'total_duration': 28345.12832212448, 'accumulated_submission_time': 13579.105682134628, 'accumulated_eval_time': 14764.002692937851, 'accumulated_logging_time': 1.1256351470947266}
I0531 08:24:59.788941 139521441412864 logging_writer.py:48] [107261] accumulated_eval_time=14764, accumulated_logging_time=1.12564, accumulated_submission_time=13579.1, global_step=107261, preemption_count=0, score=13579.1, test/accuracy=0.707071, test/bleu=30.4187, test/loss=1.29158, test/num_examples=3003, total_duration=28345.1, train/accuracy=0.698322, train/bleu=35.6163, train/loss=1.34841, validation/accuracy=0.69027, validation/bleu=30.3791, validation/loss=1.39393, validation/num_examples=3000
I0531 08:35:43.804489 139686007329984 spec.py:333] Evaluating on the training split.
I0531 08:35:45.075605 139686007329984 workload.py:200] Translating evaluation dataset.
I0531 08:40:21.968534 139686007329984 spec.py:346] Evaluating on the validation split.
I0531 08:40:22.902299 139686007329984 workload.py:200] Translating evaluation dataset.
I0531 08:43:31.328022 139686007329984 spec.py:363] Evaluating on the test split.
I0531 08:43:32.228796 139686007329984 workload.py:200] Translating evaluation dataset.
I0531 08:46:51.435247 139686007329984 submission_runner.py:516] Time since start: 29656.82s, 	Step: 112390, 	{'train/accuracy': 0.696193516254425, 'train/loss': 1.3687193393707275, 'train/bleu': 35.286991536187486, 'validation/accuracy': 0.6920682787895203, 'validation/loss': 1.3865811824798584, 'validation/bleu': 30.34210842269447, 'validation/num_examples': 3000, 'test/accuracy': 0.7090465426445007, 'test/loss': 1.2822400331497192, 'test/bleu': 30.450809141020848, 'test/num_examples': 3003, 'score': 14223.070378541946, 'total_duration': 29656.816649913788, 'accumulated_submission_time': 14223.070378541946, 'accumulated_eval_time': 15431.633355855942, 'accumulated_logging_time': 1.1770110130310059}
I0531 08:46:51.477288 139521441412864 logging_writer.py:48] [112390] accumulated_eval_time=15431.6, accumulated_logging_time=1.17701, accumulated_submission_time=14223.1, global_step=112390, preemption_count=0, score=14223.1, test/accuracy=0.709047, test/bleu=30.4508, test/loss=1.28224, test/num_examples=3003, total_duration=29656.8, train/accuracy=0.696194, train/bleu=35.287, train/loss=1.36872, validation/accuracy=0.692068, validation/bleu=30.3421, validation/loss=1.38658, validation/num_examples=3000
I0531 08:57:35.530453 139686007329984 spec.py:333] Evaluating on the training split.
I0531 08:57:36.796292 139686007329984 workload.py:200] Translating evaluation dataset.
I0531 09:02:10.078449 139686007329984 spec.py:346] Evaluating on the validation split.
I0531 09:02:11.011173 139686007329984 workload.py:200] Translating evaluation dataset.
I0531 09:05:14.885510 139686007329984 spec.py:363] Evaluating on the test split.
I0531 09:05:15.785222 139686007329984 workload.py:200] Translating evaluation dataset.
I0531 09:08:18.230939 139686007329984 submission_runner.py:516] Time since start: 30943.61s, 	Step: 117518, 	{'train/accuracy': 0.6974009275436401, 'train/loss': 1.355682134628296, 'train/bleu': 35.61750141048175, 'validation/accuracy': 0.6927502155303955, 'validation/loss': 1.3848634958267212, 'validation/bleu': 30.456213206014148, 'validation/num_examples': 3000, 'test/accuracy': 0.709395170211792, 'test/loss': 1.2803696393966675, 'test/bleu': 30.643234161278404, 'test/num_examples': 3003, 'score': 14867.072550296783, 'total_duration': 30943.612353801727, 'accumulated_submission_time': 14867.072550296783, 'accumulated_eval_time': 16074.33382987976, 'accumulated_logging_time': 1.2283527851104736}
I0531 09:08:18.274223 139521449805568 logging_writer.py:48] [117518] accumulated_eval_time=16074.3, accumulated_logging_time=1.22835, accumulated_submission_time=14867.1, global_step=117518, preemption_count=0, score=14867.1, test/accuracy=0.709395, test/bleu=30.6432, test/loss=1.28037, test/num_examples=3003, total_duration=30943.6, train/accuracy=0.697401, train/bleu=35.6175, train/loss=1.35568, validation/accuracy=0.69275, validation/bleu=30.4562, validation/loss=1.38486, validation/num_examples=3000
I0531 09:19:02.314187 139686007329984 spec.py:333] Evaluating on the training split.
I0531 09:19:03.579662 139686007329984 workload.py:200] Translating evaluation dataset.
I0531 09:23:32.487045 139686007329984 spec.py:346] Evaluating on the validation split.
I0531 09:23:33.409865 139686007329984 workload.py:200] Translating evaluation dataset.
I0531 09:26:41.926992 139686007329984 spec.py:363] Evaluating on the test split.
I0531 09:26:42.825898 139686007329984 workload.py:200] Translating evaluation dataset.
I0531 09:29:46.505457 139686007329984 submission_runner.py:516] Time since start: 32231.89s, 	Step: 122645, 	{'train/accuracy': 0.6981660723686218, 'train/loss': 1.3570884466171265, 'train/bleu': 35.77545589990928, 'validation/accuracy': 0.6925766468048096, 'validation/loss': 1.3847209215164185, 'validation/bleu': 30.431782810028373, 'validation/num_examples': 3000, 'test/accuracy': 0.7098135352134705, 'test/loss': 1.2800854444503784, 'test/bleu': 30.67290736223923, 'test/num_examples': 3003, 'score': 15511.062830924988, 'total_duration': 32231.88685655594, 'accumulated_submission_time': 15511.062830924988, 'accumulated_eval_time': 16718.525012016296, 'accumulated_logging_time': 1.2807223796844482}
I0531 09:29:46.547238 139521483376384 logging_writer.py:48] [122645] accumulated_eval_time=16718.5, accumulated_logging_time=1.28072, accumulated_submission_time=15511.1, global_step=122645, preemption_count=0, score=15511.1, test/accuracy=0.709814, test/bleu=30.6729, test/loss=1.28009, test/num_examples=3003, total_duration=32231.9, train/accuracy=0.698166, train/bleu=35.7755, train/loss=1.35709, validation/accuracy=0.692577, validation/bleu=30.4318, validation/loss=1.38472, validation/num_examples=3000
I0531 09:40:30.598729 139686007329984 spec.py:333] Evaluating on the training split.
I0531 09:40:31.864956 139686007329984 workload.py:200] Translating evaluation dataset.
I0531 09:44:58.746398 139686007329984 spec.py:346] Evaluating on the validation split.
I0531 09:44:59.671754 139686007329984 workload.py:200] Translating evaluation dataset.
I0531 09:48:08.562000 139686007329984 spec.py:363] Evaluating on the test split.
I0531 09:48:09.462278 139686007329984 workload.py:200] Translating evaluation dataset.
I0531 09:51:12.797774 139686007329984 submission_runner.py:516] Time since start: 33518.18s, 	Step: 127773, 	{'train/accuracy': 0.6985539197921753, 'train/loss': 1.3517584800720215, 'train/bleu': 35.86172973387609, 'validation/accuracy': 0.6925766468048096, 'validation/loss': 1.3847209215164185, 'validation/bleu': 30.431782810028373, 'validation/num_examples': 3000, 'test/accuracy': 0.7098135352134705, 'test/loss': 1.2800854444503784, 'test/bleu': 30.67290736223923, 'test/num_examples': 3003, 'score': 16155.06331539154, 'total_duration': 33518.1791741848, 'accumulated_submission_time': 16155.06331539154, 'accumulated_eval_time': 17360.723957300186, 'accumulated_logging_time': 1.3317046165466309}
I0531 09:51:12.841129 139521441412864 logging_writer.py:48] [127773] accumulated_eval_time=17360.7, accumulated_logging_time=1.3317, accumulated_submission_time=16155.1, global_step=127773, preemption_count=0, score=16155.1, test/accuracy=0.709814, test/bleu=30.6729, test/loss=1.28009, test/num_examples=3003, total_duration=33518.2, train/accuracy=0.698554, train/bleu=35.8617, train/loss=1.35176, validation/accuracy=0.692577, validation/bleu=30.4318, validation/loss=1.38472, validation/num_examples=3000
I0531 10:01:56.878780 139686007329984 spec.py:333] Evaluating on the training split.
I0531 10:01:58.148387 139686007329984 workload.py:200] Translating evaluation dataset.
I0531 10:06:39.089552 139686007329984 spec.py:346] Evaluating on the validation split.
I0531 10:06:40.017572 139686007329984 workload.py:200] Translating evaluation dataset.
I0531 10:09:48.226294 139686007329984 spec.py:363] Evaluating on the test split.
I0531 10:09:49.126507 139686007329984 workload.py:200] Translating evaluation dataset.
I0531 10:12:52.621126 139686007329984 submission_runner.py:516] Time since start: 34818.00s, 	Step: 132900, 	{'train/accuracy': 0.6986802816390991, 'train/loss': 1.348501205444336, 'train/bleu': 36.041742588553646, 'validation/accuracy': 0.6925766468048096, 'validation/loss': 1.3847209215164185, 'validation/bleu': 30.431782810028373, 'validation/num_examples': 3000, 'test/accuracy': 0.7098135352134705, 'test/loss': 1.2800854444503784, 'test/bleu': 30.67290736223923, 'test/num_examples': 3003, 'score': 16799.052426576614, 'total_duration': 34818.002522706985, 'accumulated_submission_time': 16799.052426576614, 'accumulated_eval_time': 18016.466191768646, 'accumulated_logging_time': 1.3838818073272705}
I0531 10:12:52.663456 139520359266048 logging_writer.py:48] [132900] accumulated_eval_time=18016.5, accumulated_logging_time=1.38388, accumulated_submission_time=16799.1, global_step=132900, preemption_count=0, score=16799.1, test/accuracy=0.709814, test/bleu=30.6729, test/loss=1.28009, test/num_examples=3003, total_duration=34818, train/accuracy=0.69868, train/bleu=36.0417, train/loss=1.3485, validation/accuracy=0.692577, validation/bleu=30.4318, validation/loss=1.38472, validation/num_examples=3000
I0531 10:23:36.687644 139686007329984 spec.py:333] Evaluating on the training split.
I0531 10:23:37.952032 139686007329984 workload.py:200] Translating evaluation dataset.
I0531 10:28:14.912651 139686007329984 spec.py:346] Evaluating on the validation split.
I0531 10:28:15.844203 139686007329984 workload.py:200] Translating evaluation dataset.
I0531 10:31:24.176572 139686007329984 spec.py:363] Evaluating on the test split.
I0531 10:31:25.076043 139686007329984 workload.py:200] Translating evaluation dataset.
I0531 10:34:28.489258 139686007329984 submission_runner.py:516] Time since start: 36113.87s, 	Step: 138029, 	{'train/accuracy': 0.6987961530685425, 'train/loss': 1.3510974645614624, 'train/bleu': 36.16086585709377, 'validation/accuracy': 0.6925766468048096, 'validation/loss': 1.3847209215164185, 'validation/bleu': 30.431782810028373, 'validation/num_examples': 3000, 'test/accuracy': 0.7098135352134705, 'test/loss': 1.2800854444503784, 'test/bleu': 30.67290736223923, 'test/num_examples': 3003, 'score': 17443.027571201324, 'total_duration': 36113.870609760284, 'accumulated_submission_time': 17443.027571201324, 'accumulated_eval_time': 18668.267642259598, 'accumulated_logging_time': 1.4351701736450195}
I0531 10:34:28.533311 139521466590976 logging_writer.py:48] [138029] accumulated_eval_time=18668.3, accumulated_logging_time=1.43517, accumulated_submission_time=17443, global_step=138029, preemption_count=0, score=17443, test/accuracy=0.709814, test/bleu=30.6729, test/loss=1.28009, test/num_examples=3003, total_duration=36113.9, train/accuracy=0.698796, train/bleu=36.1609, train/loss=1.3511, validation/accuracy=0.692577, validation/bleu=30.4318, validation/loss=1.38472, validation/num_examples=3000
I0531 10:45:12.509053 139686007329984 spec.py:333] Evaluating on the training split.
I0531 10:45:13.773526 139686007329984 workload.py:200] Translating evaluation dataset.
I0531 10:49:41.579906 139686007329984 spec.py:346] Evaluating on the validation split.
I0531 10:49:42.513343 139686007329984 workload.py:200] Translating evaluation dataset.
I0531 10:52:50.818587 139686007329984 spec.py:363] Evaluating on the test split.
I0531 10:52:51.718507 139686007329984 workload.py:200] Translating evaluation dataset.
I0531 10:55:55.130138 139686007329984 submission_runner.py:516] Time since start: 37400.51s, 	Step: 143154, 	{'train/accuracy': 0.6994986534118652, 'train/loss': 1.3482027053833008, 'train/bleu': 35.997335161905035, 'validation/accuracy': 0.6925766468048096, 'validation/loss': 1.3847209215164185, 'validation/bleu': 30.431782810028373, 'validation/num_examples': 3000, 'test/accuracy': 0.7098135352134705, 'test/loss': 1.2800854444503784, 'test/bleu': 30.67290736223923, 'test/num_examples': 3003, 'score': 18086.95200419426, 'total_duration': 37400.511541843414, 'accumulated_submission_time': 18086.95200419426, 'accumulated_eval_time': 19310.888617515564, 'accumulated_logging_time': 1.4886105060577393}
I0531 10:55:55.173547 139521441412864 logging_writer.py:48] [143154] accumulated_eval_time=19310.9, accumulated_logging_time=1.48861, accumulated_submission_time=18087, global_step=143154, preemption_count=0, score=18087, test/accuracy=0.709814, test/bleu=30.6729, test/loss=1.28009, test/num_examples=3003, total_duration=37400.5, train/accuracy=0.699499, train/bleu=35.9973, train/loss=1.3482, validation/accuracy=0.692577, validation/bleu=30.4318, validation/loss=1.38472, validation/num_examples=3000
I0531 11:06:39.131715 139686007329984 spec.py:333] Evaluating on the training split.
I0531 11:06:40.402969 139686007329984 workload.py:200] Translating evaluation dataset.
I0531 11:11:14.642760 139686007329984 spec.py:346] Evaluating on the validation split.
I0531 11:11:15.569959 139686007329984 workload.py:200] Translating evaluation dataset.
I0531 11:14:23.718177 139686007329984 spec.py:363] Evaluating on the test split.
I0531 11:14:24.617544 139686007329984 workload.py:200] Translating evaluation dataset.
I0531 11:17:28.015249 139686007329984 submission_runner.py:516] Time since start: 38693.40s, 	Step: 148281, 	{'train/accuracy': 0.7010456323623657, 'train/loss': 1.3410197496414185, 'train/bleu': 35.408064210729606, 'validation/accuracy': 0.6925766468048096, 'validation/loss': 1.3847209215164185, 'validation/bleu': 30.431782810028373, 'validation/num_examples': 3000, 'test/accuracy': 0.7098135352134705, 'test/loss': 1.2800854444503784, 'test/bleu': 30.67290736223923, 'test/num_examples': 3003, 'score': 18730.861763715744, 'total_duration': 38693.396648168564, 'accumulated_submission_time': 18730.861763715744, 'accumulated_eval_time': 19959.77205967903, 'accumulated_logging_time': 1.5409057140350342}
I0531 11:17:28.059089 139520359266048 logging_writer.py:48] [148281] accumulated_eval_time=19959.8, accumulated_logging_time=1.54091, accumulated_submission_time=18730.9, global_step=148281, preemption_count=0, score=18730.9, test/accuracy=0.709814, test/bleu=30.6729, test/loss=1.28009, test/num_examples=3003, total_duration=38693.4, train/accuracy=0.701046, train/bleu=35.4081, train/loss=1.34102, validation/accuracy=0.692577, validation/bleu=30.4318, validation/loss=1.38472, validation/num_examples=3000
I0531 11:28:12.055670 139686007329984 spec.py:333] Evaluating on the training split.
I0531 11:28:13.324799 139686007329984 workload.py:200] Translating evaluation dataset.
I0531 11:32:52.605190 139686007329984 spec.py:346] Evaluating on the validation split.
I0531 11:32:53.535895 139686007329984 workload.py:200] Translating evaluation dataset.
I0531 11:36:01.761130 139686007329984 spec.py:363] Evaluating on the test split.
I0531 11:36:02.660334 139686007329984 workload.py:200] Translating evaluation dataset.
I0531 11:39:05.836941 139686007329984 submission_runner.py:516] Time since start: 39991.22s, 	Step: 153408, 	{'train/accuracy': 0.695984959602356, 'train/loss': 1.3665592670440674, 'train/bleu': 36.113606513956874, 'validation/accuracy': 0.6925766468048096, 'validation/loss': 1.3847209215164185, 'validation/bleu': 30.431782810028373, 'validation/num_examples': 3000, 'test/accuracy': 0.7098135352134705, 'test/loss': 1.2800854444503784, 'test/bleu': 30.67290736223923, 'test/num_examples': 3003, 'score': 19374.808408021927, 'total_duration': 39991.21834039688, 'accumulated_submission_time': 19374.808408021927, 'accumulated_eval_time': 20613.553226709366, 'accumulated_logging_time': 1.5937542915344238}
I0531 11:39:05.881416 139521466590976 logging_writer.py:48] [153408] accumulated_eval_time=20613.6, accumulated_logging_time=1.59375, accumulated_submission_time=19374.8, global_step=153408, preemption_count=0, score=19374.8, test/accuracy=0.709814, test/bleu=30.6729, test/loss=1.28009, test/num_examples=3003, total_duration=39991.2, train/accuracy=0.695985, train/bleu=36.1136, train/loss=1.36656, validation/accuracy=0.692577, validation/bleu=30.4318, validation/loss=1.38472, validation/num_examples=3000
I0531 11:49:49.841103 139686007329984 spec.py:333] Evaluating on the training split.
I0531 11:49:51.106671 139686007329984 workload.py:200] Translating evaluation dataset.
I0531 11:54:36.871794 139686007329984 spec.py:346] Evaluating on the validation split.
I0531 11:54:37.797708 139686007329984 workload.py:200] Translating evaluation dataset.
I0531 11:57:46.073663 139686007329984 spec.py:363] Evaluating on the test split.
I0531 11:57:46.973563 139686007329984 workload.py:200] Translating evaluation dataset.
I0531 12:00:50.135189 139686007329984 submission_runner.py:516] Time since start: 41295.52s, 	Step: 158535, 	{'train/accuracy': 0.6967267394065857, 'train/loss': 1.3649098873138428, 'train/bleu': 35.913539401551155, 'validation/accuracy': 0.6925766468048096, 'validation/loss': 1.3847209215164185, 'validation/bleu': 30.431782810028373, 'validation/num_examples': 3000, 'test/accuracy': 0.7098135352134705, 'test/loss': 1.2800854444503784, 'test/bleu': 30.67290736223923, 'test/num_examples': 3003, 'score': 20018.71811938286, 'total_duration': 41295.516594171524, 'accumulated_submission_time': 20018.71811938286, 'accumulated_eval_time': 21273.84721851349, 'accumulated_logging_time': 1.6473960876464844}
I0531 12:00:50.178417 139521441412864 logging_writer.py:48] [158535] accumulated_eval_time=21273.8, accumulated_logging_time=1.6474, accumulated_submission_time=20018.7, global_step=158535, preemption_count=0, score=20018.7, test/accuracy=0.709814, test/bleu=30.6729, test/loss=1.28009, test/num_examples=3003, total_duration=41295.5, train/accuracy=0.696727, train/bleu=35.9135, train/loss=1.36491, validation/accuracy=0.692577, validation/bleu=30.4318, validation/loss=1.38472, validation/num_examples=3000
I0531 12:11:34.223402 139686007329984 spec.py:333] Evaluating on the training split.
I0531 12:11:35.493204 139686007329984 workload.py:200] Translating evaluation dataset.
I0531 12:16:14.492176 139686007329984 spec.py:346] Evaluating on the validation split.
I0531 12:16:15.421670 139686007329984 workload.py:200] Translating evaluation dataset.
I0531 12:19:23.608726 139686007329984 spec.py:363] Evaluating on the test split.
I0531 12:19:24.507477 139686007329984 workload.py:200] Translating evaluation dataset.
I0531 12:22:27.738703 139686007329984 submission_runner.py:516] Time since start: 42593.12s, 	Step: 163661, 	{'train/accuracy': 0.6946819424629211, 'train/loss': 1.3723387718200684, 'train/bleu': 35.58684197428655, 'validation/accuracy': 0.6925766468048096, 'validation/loss': 1.3847209215164185, 'validation/bleu': 30.431782810028373, 'validation/num_examples': 3000, 'test/accuracy': 0.7098135352134705, 'test/loss': 1.2800854444503784, 'test/bleu': 30.67290736223923, 'test/num_examples': 3003, 'score': 20662.71383357048, 'total_duration': 42593.12011528015, 'accumulated_submission_time': 20662.71383357048, 'accumulated_eval_time': 21927.362436294556, 'accumulated_logging_time': 1.6994647979736328}
I0531 12:22:27.784148 139521441412864 logging_writer.py:48] [163661] accumulated_eval_time=21927.4, accumulated_logging_time=1.69946, accumulated_submission_time=20662.7, global_step=163661, preemption_count=0, score=20662.7, test/accuracy=0.709814, test/bleu=30.6729, test/loss=1.28009, test/num_examples=3003, total_duration=42593.1, train/accuracy=0.694682, train/bleu=35.5868, train/loss=1.37234, validation/accuracy=0.692577, validation/bleu=30.4318, validation/loss=1.38472, validation/num_examples=3000
I0531 12:33:11.777676 139686007329984 spec.py:333] Evaluating on the training split.
I0531 12:33:13.042979 139686007329984 workload.py:200] Translating evaluation dataset.
I0531 12:37:54.145349 139686007329984 spec.py:346] Evaluating on the validation split.
I0531 12:37:55.073610 139686007329984 workload.py:200] Translating evaluation dataset.
I0531 12:41:03.266450 139686007329984 spec.py:363] Evaluating on the test split.
I0531 12:41:04.166047 139686007329984 workload.py:200] Translating evaluation dataset.
I0531 12:44:07.424555 139686007329984 submission_runner.py:516] Time since start: 43892.81s, 	Step: 168787, 	{'train/accuracy': 0.6982792615890503, 'train/loss': 1.3502696752548218, 'train/bleu': 35.94443994769177, 'validation/accuracy': 0.6925766468048096, 'validation/loss': 1.3847209215164185, 'validation/bleu': 30.431782810028373, 'validation/num_examples': 3000, 'test/accuracy': 0.7098135352134705, 'test/loss': 1.2800854444503784, 'test/bleu': 30.67290736223923, 'test/num_examples': 3003, 'score': 21306.657406806946, 'total_duration': 43892.80596232414, 'accumulated_submission_time': 21306.657406806946, 'accumulated_eval_time': 22583.009217262268, 'accumulated_logging_time': 1.7536756992340088}
I0531 12:44:07.467614 139521466590976 logging_writer.py:48] [168787] accumulated_eval_time=22583, accumulated_logging_time=1.75368, accumulated_submission_time=21306.7, global_step=168787, preemption_count=0, score=21306.7, test/accuracy=0.709814, test/bleu=30.6729, test/loss=1.28009, test/num_examples=3003, total_duration=43892.8, train/accuracy=0.698279, train/bleu=35.9444, train/loss=1.35027, validation/accuracy=0.692577, validation/bleu=30.4318, validation/loss=1.38472, validation/num_examples=3000
I0531 12:54:51.516278 139686007329984 spec.py:333] Evaluating on the training split.
I0531 12:54:52.786130 139686007329984 workload.py:200] Translating evaluation dataset.
I0531 12:59:28.958722 139686007329984 spec.py:346] Evaluating on the validation split.
I0531 12:59:29.887056 139686007329984 workload.py:200] Translating evaluation dataset.
I0531 13:02:38.166914 139686007329984 spec.py:363] Evaluating on the test split.
I0531 13:02:39.066754 139686007329984 workload.py:200] Translating evaluation dataset.
I0531 13:05:42.293339 139686007329984 submission_runner.py:516] Time since start: 45187.67s, 	Step: 173914, 	{'train/accuracy': 0.6975245475769043, 'train/loss': 1.3528690338134766, 'train/bleu': 35.97979402784772, 'validation/accuracy': 0.6925766468048096, 'validation/loss': 1.3847209215164185, 'validation/bleu': 30.431782810028373, 'validation/num_examples': 3000, 'test/accuracy': 0.7098135352134705, 'test/loss': 1.2800854444503784, 'test/bleu': 30.67290736223923, 'test/num_examples': 3003, 'score': 21950.65576863289, 'total_duration': 45187.67475056648, 'accumulated_submission_time': 21950.65576863289, 'accumulated_eval_time': 23233.786177396774, 'accumulated_logging_time': 1.8057501316070557}
I0531 13:05:42.340134 139521441412864 logging_writer.py:48] [173914] accumulated_eval_time=23233.8, accumulated_logging_time=1.80575, accumulated_submission_time=21950.7, global_step=173914, preemption_count=0, score=21950.7, test/accuracy=0.709814, test/bleu=30.6729, test/loss=1.28009, test/num_examples=3003, total_duration=45187.7, train/accuracy=0.697525, train/bleu=35.9798, train/loss=1.35287, validation/accuracy=0.692577, validation/bleu=30.4318, validation/loss=1.38472, validation/num_examples=3000
I0531 13:16:26.339900 139686007329984 spec.py:333] Evaluating on the training split.
I0531 13:16:27.608513 139686007329984 workload.py:200] Translating evaluation dataset.
I0531 13:20:57.707988 139686007329984 spec.py:346] Evaluating on the validation split.
I0531 13:20:58.643928 139686007329984 workload.py:200] Translating evaluation dataset.
I0531 13:24:07.717361 139686007329984 spec.py:363] Evaluating on the test split.
I0531 13:24:08.616771 139686007329984 workload.py:200] Translating evaluation dataset.
I0531 13:27:11.910564 139686007329984 submission_runner.py:516] Time since start: 46477.29s, 	Step: 179044, 	{'train/accuracy': 0.7006000280380249, 'train/loss': 1.340126633644104, 'train/bleu': 35.76242442019334, 'validation/accuracy': 0.6925766468048096, 'validation/loss': 1.3847209215164185, 'validation/bleu': 30.431782810028373, 'validation/num_examples': 3000, 'test/accuracy': 0.7098135352134705, 'test/loss': 1.2800854444503784, 'test/bleu': 30.67290736223923, 'test/num_examples': 3003, 'score': 22594.607655763626, 'total_duration': 46477.29196476936, 'accumulated_submission_time': 22594.607655763626, 'accumulated_eval_time': 23879.356760025024, 'accumulated_logging_time': 1.8614203929901123}
I0531 13:27:11.951059 139520359266048 logging_writer.py:48] [179044] accumulated_eval_time=23879.4, accumulated_logging_time=1.86142, accumulated_submission_time=22594.6, global_step=179044, preemption_count=0, score=22594.6, test/accuracy=0.709814, test/bleu=30.6729, test/loss=1.28009, test/num_examples=3003, total_duration=46477.3, train/accuracy=0.7006, train/bleu=35.7624, train/loss=1.34013, validation/accuracy=0.692577, validation/bleu=30.4318, validation/loss=1.38472, validation/num_examples=3000
I0531 13:37:55.945714 139686007329984 spec.py:333] Evaluating on the training split.
I0531 13:37:57.213556 139686007329984 workload.py:200] Translating evaluation dataset.
I0531 13:42:35.947386 139686007329984 spec.py:346] Evaluating on the validation split.
I0531 13:42:36.877747 139686007329984 workload.py:200] Translating evaluation dataset.
I0531 13:45:45.354729 139686007329984 spec.py:363] Evaluating on the test split.
I0531 13:45:46.253506 139686007329984 workload.py:200] Translating evaluation dataset.
I0531 13:48:49.964483 139686007329984 submission_runner.py:516] Time since start: 47775.35s, 	Step: 184174, 	{'train/accuracy': 0.697140634059906, 'train/loss': 1.363617181777954, 'train/bleu': 35.76111388913182, 'validation/accuracy': 0.6925766468048096, 'validation/loss': 1.3847209215164185, 'validation/bleu': 30.431782810028373, 'validation/num_examples': 3000, 'test/accuracy': 0.7098135352134705, 'test/loss': 1.2800854444503784, 'test/bleu': 30.67290736223923, 'test/num_examples': 3003, 'score': 23238.553871631622, 'total_duration': 47775.345893383026, 'accumulated_submission_time': 23238.553871631622, 'accumulated_eval_time': 24533.37544465065, 'accumulated_logging_time': 1.9108223915100098}
I0531 13:48:50.009659 139521441412864 logging_writer.py:48] [184174] accumulated_eval_time=24533.4, accumulated_logging_time=1.91082, accumulated_submission_time=23238.6, global_step=184174, preemption_count=0, score=23238.6, test/accuracy=0.709814, test/bleu=30.6729, test/loss=1.28009, test/num_examples=3003, total_duration=47775.3, train/accuracy=0.697141, train/bleu=35.7611, train/loss=1.36362, validation/accuracy=0.692577, validation/bleu=30.4318, validation/loss=1.38472, validation/num_examples=3000
I0531 13:59:34.003182 139686007329984 spec.py:333] Evaluating on the training split.
I0531 13:59:35.271694 139686007329984 workload.py:200] Translating evaluation dataset.
I0531 14:04:21.608546 139686007329984 spec.py:346] Evaluating on the validation split.
I0531 14:04:22.538036 139686007329984 workload.py:200] Translating evaluation dataset.
I0531 14:07:30.791021 139686007329984 spec.py:363] Evaluating on the test split.
I0531 14:07:31.691091 139686007329984 workload.py:200] Translating evaluation dataset.
I0531 14:10:34.993857 139686007329984 submission_runner.py:516] Time since start: 49080.38s, 	Step: 189301, 	{'train/accuracy': 0.6970444321632385, 'train/loss': 1.3589075803756714, 'train/bleu': 35.62989509966565, 'validation/accuracy': 0.6925766468048096, 'validation/loss': 1.3847209215164185, 'validation/bleu': 30.431782810028373, 'validation/num_examples': 3000, 'test/accuracy': 0.7098135352134705, 'test/loss': 1.2800854444503784, 'test/bleu': 30.67290736223923, 'test/num_examples': 3003, 'score': 23882.497388601303, 'total_duration': 49080.375269412994, 'accumulated_submission_time': 23882.497388601303, 'accumulated_eval_time': 25194.36603665352, 'accumulated_logging_time': 1.9648034572601318}
I0531 14:10:35.038597 139520359266048 logging_writer.py:48] [189301] accumulated_eval_time=25194.4, accumulated_logging_time=1.9648, accumulated_submission_time=23882.5, global_step=189301, preemption_count=0, score=23882.5, test/accuracy=0.709814, test/bleu=30.6729, test/loss=1.28009, test/num_examples=3003, total_duration=49080.4, train/accuracy=0.697044, train/bleu=35.6299, train/loss=1.35891, validation/accuracy=0.692577, validation/bleu=30.4318, validation/loss=1.38472, validation/num_examples=3000
I0531 14:21:19.060601 139521449805568 logging_writer.py:48] [194425] global_step=194425, preemption_count=0, score=24526.4
I0531 14:21:19.077432 139686007329984 submission_runner.py:857] Final wmt score: 24526.420833349228
