torchrun --redirects 1:0,2:0,3:0 --standalone --nnodes=1 --nproc_per_node=4 submission_runner.py --framework=pytorch --workload=librispeech_deepspeech --submission_path=submissions_algorithms/submissions/self_tuning/muon_torch_jax_hps_lr_fix/submission.py --data_dir=/data/librispeech --experiment_dir=/experiment_runs --experiment_name=submissions_a100/muon_torch_jax_hps_lr_fix/study_2 --overwrite=True --save_checkpoints=False --rng_seed=238404825 --librispeech_tokenizer_vocab_path=/data/librispeech/spm_model.vocab --torch_compile=true --tuning_ruleset=self 2>&1 | tee -a /logs/librispeech_deepspeech_pytorch_06-06-2026-07-32-04.log
W0606 07:32:06.678000 9 site-packages/torch/distributed/run.py:803] 
W0606 07:32:06.678000 9 site-packages/torch/distributed/run.py:803] *****************************************
W0606 07:32:06.678000 9 site-packages/torch/distributed/run.py:803] Setting OMP_NUM_THREADS environment variable for each process to be 1 in default, to avoid your system being overloaded, please further tune the variable for optimal performance in your application as needed. 
W0606 07:32:06.678000 9 site-packages/torch/distributed/run.py:803] *****************************************
2026-06-06 07:32:08.196206: E external/local_xla/xla/stream_executor/cuda/cuda_fft.cc:467] Unable to register cuFFT factory: Attempting to register factory for plugin cuFFT when one has already been registered
2026-06-06 07:32:08.196207: E external/local_xla/xla/stream_executor/cuda/cuda_fft.cc:467] Unable to register cuFFT factory: Attempting to register factory for plugin cuFFT when one has already been registered
2026-06-06 07:32:08.196206: E external/local_xla/xla/stream_executor/cuda/cuda_fft.cc:467] Unable to register cuFFT factory: Attempting to register factory for plugin cuFFT when one has already been registered
2026-06-06 07:32:08.196206: E external/local_xla/xla/stream_executor/cuda/cuda_fft.cc:467] Unable to register cuFFT factory: Attempting to register factory for plugin cuFFT when one has already been registered
WARNING: All log messages before absl::InitializeLog() is called are written to STDERR
WARNING: All log messages before absl::InitializeLog() is called are written to STDERR
WARNING: All log messages before absl::InitializeLog() is called are written to STDERR
WARNING: All log messages before absl::InitializeLog() is called are written to STDERR
E0000 00:00:1780731128.219361      40 cuda_dnn.cc:8579] Unable to register cuDNN factory: Attempting to register factory for plugin cuDNN when one has already been registered
E0000 00:00:1780731128.219360      38 cuda_dnn.cc:8579] Unable to register cuDNN factory: Attempting to register factory for plugin cuDNN when one has already been registered
E0000 00:00:1780731128.219361      41 cuda_dnn.cc:8579] Unable to register cuDNN factory: Attempting to register factory for plugin cuDNN when one has already been registered
E0000 00:00:1780731128.219361      39 cuda_dnn.cc:8579] Unable to register cuDNN factory: Attempting to register factory for plugin cuDNN when one has already been registered
E0000 00:00:1780731128.226983      41 cuda_blas.cc:1407] Unable to register cuBLAS factory: Attempting to register factory for plugin cuBLAS when one has already been registered
E0000 00:00:1780731128.226984      40 cuda_blas.cc:1407] Unable to register cuBLAS factory: Attempting to register factory for plugin cuBLAS when one has already been registered
E0000 00:00:1780731128.226985      39 cuda_blas.cc:1407] Unable to register cuBLAS factory: Attempting to register factory for plugin cuBLAS when one has already been registered
E0000 00:00:1780731128.227010      38 cuda_blas.cc:1407] Unable to register cuBLAS factory: Attempting to register factory for plugin cuBLAS when one has already been registered
W0000 00:00:1780731128.249380      38 computation_placer.cc:177] computation placer already registered. Please check linkage and avoid linking the same target more than once.
W0000 00:00:1780731128.249382      41 computation_placer.cc:177] computation placer already registered. Please check linkage and avoid linking the same target more than once.
W0000 00:00:1780731128.249412      41 computation_placer.cc:177] computation placer already registered. Please check linkage and avoid linking the same target more than once.
W0000 00:00:1780731128.249415      41 computation_placer.cc:177] computation placer already registered. Please check linkage and avoid linking the same target more than once.
W0000 00:00:1780731128.249417      41 computation_placer.cc:177] computation placer already registered. Please check linkage and avoid linking the same target more than once.
W0000 00:00:1780731128.249418      38 computation_placer.cc:177] computation placer already registered. Please check linkage and avoid linking the same target more than once.
W0000 00:00:1780731128.249420      38 computation_placer.cc:177] computation placer already registered. Please check linkage and avoid linking the same target more than once.
W0000 00:00:1780731128.249402      40 computation_placer.cc:177] computation placer already registered. Please check linkage and avoid linking the same target more than once.
W0000 00:00:1780731128.249423      38 computation_placer.cc:177] computation placer already registered. Please check linkage and avoid linking the same target more than once.
W0000 00:00:1780731128.249426      40 computation_placer.cc:177] computation placer already registered. Please check linkage and avoid linking the same target more than once.
W0000 00:00:1780731128.249428      40 computation_placer.cc:177] computation placer already registered. Please check linkage and avoid linking the same target more than once.
W0000 00:00:1780731128.249430      40 computation_placer.cc:177] computation placer already registered. Please check linkage and avoid linking the same target more than once.
W0000 00:00:1780731128.249408      39 computation_placer.cc:177] computation placer already registered. Please check linkage and avoid linking the same target more than once.
W0000 00:00:1780731128.249439      39 computation_placer.cc:177] computation placer already registered. Please check linkage and avoid linking the same target more than once.
W0000 00:00:1780731128.249442      39 computation_placer.cc:177] computation placer already registered. Please check linkage and avoid linking the same target more than once.
W0000 00:00:1780731128.249445      39 computation_placer.cc:177] computation placer already registered. Please check linkage and avoid linking the same target more than once.
W0000 00:00:1780731134.092353      41 gpu_device.cc:2341] Cannot dlopen some GPU libraries. Please make sure the missing libraries mentioned above are installed properly if you would like to use GPU. Follow the guide at https://www.tensorflow.org/install/gpu for how to download and setup the required libraries for your platform.
Skipping registering GPU devices...
W0000 00:00:1780731134.219436      38 gpu_device.cc:2341] Cannot dlopen some GPU libraries. Please make sure the missing libraries mentioned above are installed properly if you would like to use GPU. Follow the guide at https://www.tensorflow.org/install/gpu for how to download and setup the required libraries for your platform.
Skipping registering GPU devices...
W0000 00:00:1780731134.412446      39 gpu_device.cc:2341] Cannot dlopen some GPU libraries. Please make sure the missing libraries mentioned above are installed properly if you would like to use GPU. Follow the guide at https://www.tensorflow.org/install/gpu for how to download and setup the required libraries for your platform.
Skipping registering GPU devices...
/usr/local/lib/python3.11/site-packages/torch/__init__.py:1617: UserWarning: Please use the new API settings to control TF32 behavior, such as torch.backends.cudnn.conv.fp32_precision = 'tf32' or torch.backends.cuda.matmul.fp32_precision = 'ieee'. Old settings, e.g, torch.backends.cuda.matmul.allow_tf32 = True, torch.backends.cudnn.allow_tf32 = True, allowTF32CuDNN() and allowTF32CuBLAS() will be deprecated after Pytorch 2.9. Please see https://pytorch.org/docs/main/notes/cuda.html#tensorfloat-32-tf32-on-ampere-and-later-devices (Triggered internally at /pytorch/aten/src/ATen/Context.cpp:80.)
  _C._set_float32_matmul_precision(precision)
W0000 00:00:1780731134.510287      40 gpu_device.cc:2341] Cannot dlopen some GPU libraries. Please make sure the missing libraries mentioned above are installed properly if you would like to use GPU. Follow the guide at https://www.tensorflow.org/install/gpu for how to download and setup the required libraries for your platform.
Skipping registering GPU devices...
/usr/local/lib/python3.11/site-packages/torch/__init__.py:1617: UserWarning: Please use the new API settings to control TF32 behavior, such as torch.backends.cudnn.conv.fp32_precision = 'tf32' or torch.backends.cuda.matmul.fp32_precision = 'ieee'. Old settings, e.g, torch.backends.cuda.matmul.allow_tf32 = True, torch.backends.cudnn.allow_tf32 = True, allowTF32CuDNN() and allowTF32CuBLAS() will be deprecated after Pytorch 2.9. Please see https://pytorch.org/docs/main/notes/cuda.html#tensorfloat-32-tf32-on-ampere-and-later-devices (Triggered internally at /pytorch/aten/src/ATen/Context.cpp:80.)
  _C._set_float32_matmul_precision(precision)
/usr/local/lib/python3.11/site-packages/torch/__init__.py:1617: UserWarning: Please use the new API settings to control TF32 behavior, such as torch.backends.cudnn.conv.fp32_precision = 'tf32' or torch.backends.cuda.matmul.fp32_precision = 'ieee'. Old settings, e.g, torch.backends.cuda.matmul.allow_tf32 = True, torch.backends.cudnn.allow_tf32 = True, allowTF32CuDNN() and allowTF32CuBLAS() will be deprecated after Pytorch 2.9. Please see https://pytorch.org/docs/main/notes/cuda.html#tensorfloat-32-tf32-on-ampere-and-later-devices (Triggered internally at /pytorch/aten/src/ATen/Context.cpp:80.)
  _C._set_float32_matmul_precision(precision)
/usr/local/lib/python3.11/site-packages/torch/__init__.py:1617: UserWarning: Please use the new API settings to control TF32 behavior, such as torch.backends.cudnn.conv.fp32_precision = 'tf32' or torch.backends.cuda.matmul.fp32_precision = 'ieee'. Old settings, e.g, torch.backends.cuda.matmul.allow_tf32 = True, torch.backends.cudnn.allow_tf32 = True, allowTF32CuDNN() and allowTF32CuBLAS() will be deprecated after Pytorch 2.9. Please see https://pytorch.org/docs/main/notes/cuda.html#tensorfloat-32-tf32-on-ampere-and-later-devices (Triggered internally at /pytorch/aten/src/ATen/Context.cpp:80.)
  _C._set_float32_matmul_precision(precision)
/usr/local/lib/python3.11/site-packages/pydantic/_internal/_generate_schema.py:2249: UnsupportedFieldAttributeWarning: The 'repr' attribute with value False was provided to the `Field()` function, which has no effect in the context it was used. 'repr' is field-specific metadata, and can only be attached to a model field using `Annotated` metadata or by assignment. This may have happened because an `Annotated` type alias using the `type` statement was used, or if the `Field()` function was attached to a single member of a union type.
  warnings.warn(
/usr/local/lib/python3.11/site-packages/pydantic/_internal/_generate_schema.py:2249: UnsupportedFieldAttributeWarning: The 'frozen' attribute with value True was provided to the `Field()` function, which has no effect in the context it was used. 'frozen' is field-specific metadata, and can only be attached to a model field using `Annotated` metadata or by assignment. This may have happened because an `Annotated` type alias using the `type` statement was used, or if the `Field()` function was attached to a single member of a union type.
  warnings.warn(
/usr/local/lib/python3.11/site-packages/pydantic/_internal/_generate_schema.py:2249: UnsupportedFieldAttributeWarning: The 'repr' attribute with value False was provided to the `Field()` function, which has no effect in the context it was used. 'repr' is field-specific metadata, and can only be attached to a model field using `Annotated` metadata or by assignment. This may have happened because an `Annotated` type alias using the `type` statement was used, or if the `Field()` function was attached to a single member of a union type.
  warnings.warn(
/usr/local/lib/python3.11/site-packages/pydantic/_internal/_generate_schema.py:2249: UnsupportedFieldAttributeWarning: The 'frozen' attribute with value True was provided to the `Field()` function, which has no effect in the context it was used. 'frozen' is field-specific metadata, and can only be attached to a model field using `Annotated` metadata or by assignment. This may have happened because an `Annotated` type alias using the `type` statement was used, or if the `Field()` function was attached to a single member of a union type.
  warnings.warn(
/usr/local/lib/python3.11/site-packages/pydantic/_internal/_generate_schema.py:2249: UnsupportedFieldAttributeWarning: The 'repr' attribute with value False was provided to the `Field()` function, which has no effect in the context it was used. 'repr' is field-specific metadata, and can only be attached to a model field using `Annotated` metadata or by assignment. This may have happened because an `Annotated` type alias using the `type` statement was used, or if the `Field()` function was attached to a single member of a union type.
  warnings.warn(
/usr/local/lib/python3.11/site-packages/pydantic/_internal/_generate_schema.py:2249: UnsupportedFieldAttributeWarning: The 'frozen' attribute with value True was provided to the `Field()` function, which has no effect in the context it was used. 'frozen' is field-specific metadata, and can only be attached to a model field using `Annotated` metadata or by assignment. This may have happened because an `Annotated` type alias using the `type` statement was used, or if the `Field()` function was attached to a single member of a union type.
  warnings.warn(
/usr/local/lib/python3.11/site-packages/pydantic/_internal/_generate_schema.py:2249: UnsupportedFieldAttributeWarning: The 'repr' attribute with value False was provided to the `Field()` function, which has no effect in the context it was used. 'repr' is field-specific metadata, and can only be attached to a model field using `Annotated` metadata or by assignment. This may have happened because an `Annotated` type alias using the `type` statement was used, or if the `Field()` function was attached to a single member of a union type.
  warnings.warn(
/usr/local/lib/python3.11/site-packages/pydantic/_internal/_generate_schema.py:2249: UnsupportedFieldAttributeWarning: The 'frozen' attribute with value True was provided to the `Field()` function, which has no effect in the context it was used. 'frozen' is field-specific metadata, and can only be attached to a model field using `Annotated` metadata or by assignment. This may have happened because an `Annotated` type alias using the `type` statement was used, or if the `Field()` function was attached to a single member of a union type.
  warnings.warn(
/usr/local/lib/python3.11/site-packages/torch/distributed/distributed_c10d.py:4876: UserWarning: barrier(): using the device under current context. You can specify `device_id` in `init_process_group` to mute this warning.
  warnings.warn(  # warn only once
[rank0]:[W606 07:32:17.646184460 ProcessGroupNCCL.cpp:5068] Guessing device ID based on global rank. This can cause a hang if rank to GPU mapping is heterogeneous. You can specify device_id in init_process_group()
I0606 07:32:18.029619 140612893234368 logger_utils.py:84] Creating experiment directory at /experiment_runs/submissions_a100/muon_torch_jax_hps_lr_fix/study_2/librispeech_deepspeech_pytorch.
I0606 07:32:18.029618 140548636677312 logger_utils.py:84] Creating experiment directory at /experiment_runs/submissions_a100/muon_torch_jax_hps_lr_fix/study_2/librispeech_deepspeech_pytorch.
I0606 07:32:18.029622 140151179060416 logger_utils.py:84] Creating experiment directory at /experiment_runs/submissions_a100/muon_torch_jax_hps_lr_fix/study_2/librispeech_deepspeech_pytorch.
I0606 07:32:18.029645 139942129370304 logger_utils.py:84] Creating experiment directory at /experiment_runs/submissions_a100/muon_torch_jax_hps_lr_fix/study_2/librispeech_deepspeech_pytorch.
I0606 07:32:20.734277 140612893234368 submission_runner.py:741] Creating directory at /experiment_runs/submissions_a100/muon_torch_jax_hps_lr_fix/study_2/librispeech_deepspeech_pytorch/trial_1.
I0606 07:32:21.095597 140612893234368 submission_runner.py:242] Initializing dataset.
I0606 07:32:21.095814 140612893234368 input_pipeline.py:19] Loading split = train-clean-100
I0606 07:32:21.126861 140612893234368 input_pipeline.py:19] Loading split = train-clean-360
I0606 07:32:21.353440 140612893234368 input_pipeline.py:19] Loading split = train-other-500
I0606 07:32:22.002308 140612893234368 submission_runner.py:251] Initializing model.
W0606 07:32:26.352180 140548636677312 submission_runner.py:273] These workloads cannot be fully compiled under current PyTorch version. Proceeding without `torch.compile`.
W0606 07:32:26.353962 139942129370304 submission_runner.py:273] These workloads cannot be fully compiled under current PyTorch version. Proceeding without `torch.compile`.
W0606 07:32:26.353990 140612893234368 submission_runner.py:273] These workloads cannot be fully compiled under current PyTorch version. Proceeding without `torch.compile`.
W0606 07:32:26.354133 140151179060416 submission_runner.py:273] These workloads cannot be fully compiled under current PyTorch version. Proceeding without `torch.compile`.
I0606 07:32:26.354642 140548636677312 muon.py:324] Muon params:
	module.subsample.conv1.kernel (ndim=4)
	module.subsample.conv2.kernel (ndim=4)
	module.subsample.lin.weight (ndim=2)
	module.lstms.0.lstm.weight_ih_l0 (ndim=2)
	module.lstms.0.lstm.weight_hh_l0 (ndim=2)
	module.lstms.0.lstm.weight_ih_l0_reverse (ndim=2)
	module.lstms.0.lstm.weight_hh_l0_reverse (ndim=2)
	module.lstms.1.lstm.weight_ih_l0 (ndim=2)
	module.lstms.1.lstm.weight_hh_l0 (ndim=2)
	module.lstms.1.lstm.weight_ih_l0_reverse (ndim=2)
	module.lstms.1.lstm.weight_hh_l0_reverse (ndim=2)
	module.lstms.2.lstm.weight_ih_l0 (ndim=2)
	module.lstms.2.lstm.weight_hh_l0 (ndim=2)
	module.lstms.2.lstm.weight_ih_l0_reverse (ndim=2)
	module.lstms.2.lstm.weight_hh_l0_reverse (ndim=2)
	module.lstms.3.lstm.weight_ih_l0 (ndim=2)
	module.lstms.3.lstm.weight_hh_l0 (ndim=2)
	module.lstms.3.lstm.weight_ih_l0_reverse (ndim=2)
	module.lstms.3.lstm.weight_hh_l0_reverse (ndim=2)
	module.lstms.4.lstm.weight_ih_l0 (ndim=2)
	module.lstms.4.lstm.weight_hh_l0 (ndim=2)
	module.lstms.4.lstm.weight_ih_l0_reverse (ndim=2)
	module.lstms.4.lstm.weight_hh_l0_reverse (ndim=2)
	module.lstms.5.lstm.weight_ih_l0 (ndim=2)
	module.lstms.5.lstm.weight_hh_l0 (ndim=2)
	module.lstms.5.lstm.weight_ih_l0_reverse (ndim=2)
	module.lstms.5.lstm.weight_hh_l0_reverse (ndim=2)
	module.ffns.0.lin.weight (ndim=2)
	module.ffns.1.lin.weight (ndim=2)
	module.ffns.2.lin.weight (ndim=2)
	module.lin.weight (ndim=2)
I0606 07:32:26.354776 140548636677312 muon.py:325] Adam params:
	module.subsample.conv1.bias (ndim=1)
	module.subsample.conv2.bias (ndim=1)
	module.subsample.lin.bias (ndim=1)
	module.lstms.0.bn_normalization_layer.weight (ndim=1)
	module.lstms.0.bn_normalization_layer.bias (ndim=1)
	module.lstms.0.lstm.bias_ih_l0 (ndim=1)
	module.lstms.0.lstm.bias_hh_l0 (ndim=1)
	module.lstms.0.lstm.bias_ih_l0_reverse (ndim=1)
	module.lstms.0.lstm.bias_hh_l0_reverse (ndim=1)
	module.lstms.1.bn_normalization_layer.weight (ndim=1)
	module.lstms.1.bn_normalization_layer.bias (ndim=1)
	module.lstms.1.lstm.bias_ih_l0 (ndim=1)
	module.lstms.1.lstm.bias_hh_l0 (ndim=1)
	module.lstms.1.lstm.bias_ih_l0_reverse (ndim=1)
	module.lstms.1.lstm.bias_hh_l0_reverse (ndim=1)
	module.lstms.2.bn_normalization_layer.weight (ndim=1)
	module.lstms.2.bn_normalization_layer.bias (ndim=1)
	module.lstms.2.lstm.bias_ih_l0 (ndim=1)
	module.lstms.2.lstm.bias_hh_l0 (ndim=1)
	module.lstms.2.lstm.bias_ih_l0_reverse (ndim=1)
	module.lstms.2.lstm.bias_hh_l0_reverse (ndim=1)
	module.lstms.3.bn_normalization_layer.weight (ndim=1)
	module.lstms.3.bn_normalization_layer.bias (ndim=1)
	module.lstms.3.lstm.bias_ih_l0 (ndim=1)
	module.lstms.3.lstm.bias_hh_l0 (ndim=1)
	module.lstms.3.lstm.bias_ih_l0_reverse (ndim=1)
	module.lstms.3.lstm.bias_hh_l0_reverse (ndim=1)
	module.lstms.4.bn_normalization_layer.weight (ndim=1)
	module.lstms.4.bn_normalization_layer.bias (ndim=1)
	module.lstms.4.lstm.bias_ih_l0 (ndim=1)
	module.lstms.4.lstm.bias_hh_l0 (ndim=1)
	module.lstms.4.lstm.bias_ih_l0_reverse (ndim=1)
	module.lstms.4.lstm.bias_hh_l0_reverse (ndim=1)
	module.lstms.5.bn_normalization_layer.weight (ndim=1)
	module.lstms.5.bn_normalization_layer.bias (ndim=1)
	module.lstms.5.lstm.bias_ih_l0 (ndim=1)
	module.lstms.5.lstm.bias_hh_l0 (ndim=1)
	module.lstms.5.lstm.bias_ih_l0_reverse (ndim=1)
	module.lstms.5.lstm.bias_hh_l0_reverse (ndim=1)
	module.ffns.0.bn_normalization_layer.weight (ndim=1)
	module.ffns.0.bn_normalization_layer.bias (ndim=1)
	module.ffns.0.lin.bias (ndim=1)
	module.ffns.1.bn_normalization_layer.weight (ndim=1)
	module.ffns.1.bn_normalization_layer.bias (ndim=1)
	module.ffns.1.lin.bias (ndim=1)
	module.ffns.2.bn_normalization_layer.weight (ndim=1)
	module.ffns.2.bn_normalization_layer.bias (ndim=1)
	module.ffns.2.lin.bias (ndim=1)
	module.ln.scale (ndim=1)
	module.ln.bias (ndim=1)
	module.lin.bias (ndim=1)
I0606 07:32:26.356044 140612893234368 submission_runner.py:294] Initializing optimizer.
I0606 07:32:26.356321 139942129370304 muon.py:324] Muon params:
	module.subsample.conv1.kernel (ndim=4)
	module.subsample.conv2.kernel (ndim=4)
	module.subsample.lin.weight (ndim=2)
	module.lstms.0.lstm.weight_ih_l0 (ndim=2)
	module.lstms.0.lstm.weight_hh_l0 (ndim=2)
	module.lstms.0.lstm.weight_ih_l0_reverse (ndim=2)
	module.lstms.0.lstm.weight_hh_l0_reverse (ndim=2)
	module.lstms.1.lstm.weight_ih_l0 (ndim=2)
	module.lstms.1.lstm.weight_hh_l0 (ndim=2)
	module.lstms.1.lstm.weight_ih_l0_reverse (ndim=2)
	module.lstms.1.lstm.weight_hh_l0_reverse (ndim=2)
	module.lstms.2.lstm.weight_ih_l0 (ndim=2)
	module.lstms.2.lstm.weight_hh_l0 (ndim=2)
	module.lstms.2.lstm.weight_ih_l0_reverse (ndim=2)
	module.lstms.2.lstm.weight_hh_l0_reverse (ndim=2)
	module.lstms.3.lstm.weight_ih_l0 (ndim=2)
	module.lstms.3.lstm.weight_hh_l0 (ndim=2)
	module.lstms.3.lstm.weight_ih_l0_reverse (ndim=2)
	module.lstms.3.lstm.weight_hh_l0_reverse (ndim=2)
	module.lstms.4.lstm.weight_ih_l0 (ndim=2)
	module.lstms.4.lstm.weight_hh_l0 (ndim=2)
	module.lstms.4.lstm.weight_ih_l0_reverse (ndim=2)
	module.lstms.4.lstm.weight_hh_l0_reverse (ndim=2)
	module.lstms.5.lstm.weight_ih_l0 (ndim=2)
	module.lstms.5.lstm.weight_hh_l0 (ndim=2)
	module.lstms.5.lstm.weight_ih_l0_reverse (ndim=2)
	module.lstms.5.lstm.weight_hh_l0_reverse (ndim=2)
	module.ffns.0.lin.weight (ndim=2)
	module.ffns.1.lin.weight (ndim=2)
	module.ffns.2.lin.weight (ndim=2)
	module.lin.weight (ndim=2)
I0606 07:32:26.356458 139942129370304 muon.py:325] Adam params:
	module.subsample.conv1.bias (ndim=1)
	module.subsample.conv2.bias (ndim=1)
	module.subsample.lin.bias (ndim=1)
	module.lstms.0.bn_normalization_layer.weight (ndim=1)
	module.lstms.0.bn_normalization_layer.bias (ndim=1)
	module.lstms.0.lstm.bias_ih_l0 (ndim=1)
	module.lstms.0.lstm.bias_hh_l0 (ndim=1)
	module.lstms.0.lstm.bias_ih_l0_reverse (ndim=1)
	module.lstms.0.lstm.bias_hh_l0_reverse (ndim=1)
	module.lstms.1.bn_normalization_layer.weight (ndim=1)
	module.lstms.1.bn_normalization_layer.bias (ndim=1)
	module.lstms.1.lstm.bias_ih_l0 (ndim=1)
	module.lstms.1.lstm.bias_hh_l0 (ndim=1)
	module.lstms.1.lstm.bias_ih_l0_reverse (ndim=1)
	module.lstms.1.lstm.bias_hh_l0_reverse (ndim=1)
	module.lstms.2.bn_normalization_layer.weight (ndim=1)
	module.lstms.2.bn_normalization_layer.bias (ndim=1)
	module.lstms.2.lstm.bias_ih_l0 (ndim=1)
	module.lstms.2.lstm.bias_hh_l0 (ndim=1)
	module.lstms.2.lstm.bias_ih_l0_reverse (ndim=1)
	module.lstms.2.lstm.bias_hh_l0_reverse (ndim=1)
	module.lstms.3.bn_normalization_layer.weight (ndim=1)
	module.lstms.3.bn_normalization_layer.bias (ndim=1)
	module.lstms.3.lstm.bias_ih_l0 (ndim=1)
	module.lstms.3.lstm.bias_hh_l0 (ndim=1)
	module.lstms.3.lstm.bias_ih_l0_reverse (ndim=1)
	module.lstms.3.lstm.bias_hh_l0_reverse (ndim=1)
	module.lstms.4.bn_normalization_layer.weight (ndim=1)
	module.lstms.4.bn_normalization_layer.bias (ndim=1)
	module.lstms.4.lstm.bias_ih_l0 (ndim=1)
	module.lstms.4.lstm.bias_hh_l0 (ndim=1)
	module.lstms.4.lstm.bias_ih_l0_reverse (ndim=1)
	module.lstms.4.lstm.bias_hh_l0_reverse (ndim=1)
	module.lstms.5.bn_normalization_layer.weight (ndim=1)
	module.lstms.5.bn_normalization_layer.bias (ndim=1)
	module.lstms.5.lstm.bias_ih_l0 (ndim=1)
	module.lstms.5.lstm.bias_hh_l0 (ndim=1)
	module.lstms.5.lstm.bias_ih_l0_reverse (ndim=1)
	module.lstms.5.lstm.bias_hh_l0_reverse (ndim=1)
	module.ffns.0.bn_normalization_layer.weight (ndim=1)
	module.ffns.0.bn_normalization_layer.bias (ndim=1)
	module.ffns.0.lin.bias (ndim=1)
	module.ffns.1.bn_normalization_layer.weight (ndim=1)
	module.ffns.1.bn_normalization_layer.bias (ndim=1)
	module.ffns.1.lin.bias (ndim=1)
	module.ffns.2.bn_normalization_layer.weight (ndim=1)
	module.ffns.2.bn_normalization_layer.bias (ndim=1)
	module.ffns.2.lin.bias (ndim=1)
	module.ln.scale (ndim=1)
	module.ln.bias (ndim=1)
	module.lin.bias (ndim=1)
I0606 07:32:26.356465 140612893234368 muon.py:324] Muon params:
	module.subsample.conv1.kernel (ndim=4)
	module.subsample.conv2.kernel (ndim=4)
	module.subsample.lin.weight (ndim=2)
	module.lstms.0.lstm.weight_ih_l0 (ndim=2)
	module.lstms.0.lstm.weight_hh_l0 (ndim=2)
	module.lstms.0.lstm.weight_ih_l0_reverse (ndim=2)
	module.lstms.0.lstm.weight_hh_l0_reverse (ndim=2)
	module.lstms.1.lstm.weight_ih_l0 (ndim=2)
	module.lstms.1.lstm.weight_hh_l0 (ndim=2)
	module.lstms.1.lstm.weight_ih_l0_reverse (ndim=2)
	module.lstms.1.lstm.weight_hh_l0_reverse (ndim=2)
	module.lstms.2.lstm.weight_ih_l0 (ndim=2)
	module.lstms.2.lstm.weight_hh_l0 (ndim=2)
	module.lstms.2.lstm.weight_ih_l0_reverse (ndim=2)
	module.lstms.2.lstm.weight_hh_l0_reverse (ndim=2)
	module.lstms.3.lstm.weight_ih_l0 (ndim=2)
	module.lstms.3.lstm.weight_hh_l0 (ndim=2)
	module.lstms.3.lstm.weight_ih_l0_reverse (ndim=2)
	module.lstms.3.lstm.weight_hh_l0_reverse (ndim=2)
	module.lstms.4.lstm.weight_ih_l0 (ndim=2)
	module.lstms.4.lstm.weight_hh_l0 (ndim=2)
	module.lstms.4.lstm.weight_ih_l0_reverse (ndim=2)
	module.lstms.4.lstm.weight_hh_l0_reverse (ndim=2)
	module.lstms.5.lstm.weight_ih_l0 (ndim=2)
	module.lstms.5.lstm.weight_hh_l0 (ndim=2)
	module.lstms.5.lstm.weight_ih_l0_reverse (ndim=2)
	module.lstms.5.lstm.weight_hh_l0_reverse (ndim=2)
	module.ffns.0.lin.weight (ndim=2)
	module.ffns.1.lin.weight (ndim=2)
	module.ffns.2.lin.weight (ndim=2)
	module.lin.weight (ndim=2)
I0606 07:32:26.356460 140151179060416 muon.py:324] Muon params:
	module.subsample.conv1.kernel (ndim=4)
	module.subsample.conv2.kernel (ndim=4)
	module.subsample.lin.weight (ndim=2)
	module.lstms.0.lstm.weight_ih_l0 (ndim=2)
	module.lstms.0.lstm.weight_hh_l0 (ndim=2)
	module.lstms.0.lstm.weight_ih_l0_reverse (ndim=2)
	module.lstms.0.lstm.weight_hh_l0_reverse (ndim=2)
	module.lstms.1.lstm.weight_ih_l0 (ndim=2)
	module.lstms.1.lstm.weight_hh_l0 (ndim=2)
	module.lstms.1.lstm.weight_ih_l0_reverse (ndim=2)
	module.lstms.1.lstm.weight_hh_l0_reverse (ndim=2)
	module.lstms.2.lstm.weight_ih_l0 (ndim=2)
	module.lstms.2.lstm.weight_hh_l0 (ndim=2)
	module.lstms.2.lstm.weight_ih_l0_reverse (ndim=2)
	module.lstms.2.lstm.weight_hh_l0_reverse (ndim=2)
	module.lstms.3.lstm.weight_ih_l0 (ndim=2)
	module.lstms.3.lstm.weight_hh_l0 (ndim=2)
	module.lstms.3.lstm.weight_ih_l0_reverse (ndim=2)
	module.lstms.3.lstm.weight_hh_l0_reverse (ndim=2)
	module.lstms.4.lstm.weight_ih_l0 (ndim=2)
	module.lstms.4.lstm.weight_hh_l0 (ndim=2)
	module.lstms.4.lstm.weight_ih_l0_reverse (ndim=2)
	module.lstms.4.lstm.weight_hh_l0_reverse (ndim=2)
	module.lstms.5.lstm.weight_ih_l0 (ndim=2)
	module.lstms.5.lstm.weight_hh_l0 (ndim=2)
	module.lstms.5.lstm.weight_ih_l0_reverse (ndim=2)
	module.lstms.5.lstm.weight_hh_l0_reverse (ndim=2)
	module.ffns.0.lin.weight (ndim=2)
	module.ffns.1.lin.weight (ndim=2)
	module.ffns.2.lin.weight (ndim=2)
	module.lin.weight (ndim=2)
I0606 07:32:26.356526 140612893234368 muon.py:325] Adam params:
	module.subsample.conv1.bias (ndim=1)
	module.subsample.conv2.bias (ndim=1)
	module.subsample.lin.bias (ndim=1)
	module.lstms.0.bn_normalization_layer.weight (ndim=1)
	module.lstms.0.bn_normalization_layer.bias (ndim=1)
	module.lstms.0.lstm.bias_ih_l0 (ndim=1)
	module.lstms.0.lstm.bias_hh_l0 (ndim=1)
	module.lstms.0.lstm.bias_ih_l0_reverse (ndim=1)
	module.lstms.0.lstm.bias_hh_l0_reverse (ndim=1)
	module.lstms.1.bn_normalization_layer.weight (ndim=1)
	module.lstms.1.bn_normalization_layer.bias (ndim=1)
	module.lstms.1.lstm.bias_ih_l0 (ndim=1)
	module.lstms.1.lstm.bias_hh_l0 (ndim=1)
	module.lstms.1.lstm.bias_ih_l0_reverse (ndim=1)
	module.lstms.1.lstm.bias_hh_l0_reverse (ndim=1)
	module.lstms.2.bn_normalization_layer.weight (ndim=1)
	module.lstms.2.bn_normalization_layer.bias (ndim=1)
	module.lstms.2.lstm.bias_ih_l0 (ndim=1)
	module.lstms.2.lstm.bias_hh_l0 (ndim=1)
	module.lstms.2.lstm.bias_ih_l0_reverse (ndim=1)
	module.lstms.2.lstm.bias_hh_l0_reverse (ndim=1)
	module.lstms.3.bn_normalization_layer.weight (ndim=1)
	module.lstms.3.bn_normalization_layer.bias (ndim=1)
	module.lstms.3.lstm.bias_ih_l0 (ndim=1)
	module.lstms.3.lstm.bias_hh_l0 (ndim=1)
	module.lstms.3.lstm.bias_ih_l0_reverse (ndim=1)
	module.lstms.3.lstm.bias_hh_l0_reverse (ndim=1)
	module.lstms.4.bn_normalization_layer.weight (ndim=1)
	module.lstms.4.bn_normalization_layer.bias (ndim=1)
	module.lstms.4.lstm.bias_ih_l0 (ndim=1)
	module.lstms.4.lstm.bias_hh_l0 (ndim=1)
	module.lstms.4.lstm.bias_ih_l0_reverse (ndim=1)
	module.lstms.4.lstm.bias_hh_l0_reverse (ndim=1)
	module.lstms.5.bn_normalization_layer.weight (ndim=1)
	module.lstms.5.bn_normalization_layer.bias (ndim=1)
	module.lstms.5.lstm.bias_ih_l0 (ndim=1)
	module.lstms.5.lstm.bias_hh_l0 (ndim=1)
	module.lstms.5.lstm.bias_ih_l0_reverse (ndim=1)
	module.lstms.5.lstm.bias_hh_l0_reverse (ndim=1)
	module.ffns.0.bn_normalization_layer.weight (ndim=1)
	module.ffns.0.bn_normalization_layer.bias (ndim=1)
	module.ffns.0.lin.bias (ndim=1)
	module.ffns.1.bn_normalization_layer.weight (ndim=1)
	module.ffns.1.bn_normalization_layer.bias (ndim=1)
	module.ffns.1.lin.bias (ndim=1)
	module.ffns.2.bn_normalization_layer.weight (ndim=1)
	module.ffns.2.bn_normalization_layer.bias (ndim=1)
	module.ffns.2.lin.bias (ndim=1)
	module.ln.scale (ndim=1)
	module.ln.bias (ndim=1)
	module.lin.bias (ndim=1)
I0606 07:32:26.356588 140151179060416 muon.py:325] Adam params:
	module.subsample.conv1.bias (ndim=1)
	module.subsample.conv2.bias (ndim=1)
	module.subsample.lin.bias (ndim=1)
	module.lstms.0.bn_normalization_layer.weight (ndim=1)
	module.lstms.0.bn_normalization_layer.bias (ndim=1)
	module.lstms.0.lstm.bias_ih_l0 (ndim=1)
	module.lstms.0.lstm.bias_hh_l0 (ndim=1)
	module.lstms.0.lstm.bias_ih_l0_reverse (ndim=1)
	module.lstms.0.lstm.bias_hh_l0_reverse (ndim=1)
	module.lstms.1.bn_normalization_layer.weight (ndim=1)
	module.lstms.1.bn_normalization_layer.bias (ndim=1)
	module.lstms.1.lstm.bias_ih_l0 (ndim=1)
	module.lstms.1.lstm.bias_hh_l0 (ndim=1)
	module.lstms.1.lstm.bias_ih_l0_reverse (ndim=1)
	module.lstms.1.lstm.bias_hh_l0_reverse (ndim=1)
	module.lstms.2.bn_normalization_layer.weight (ndim=1)
	module.lstms.2.bn_normalization_layer.bias (ndim=1)
	module.lstms.2.lstm.bias_ih_l0 (ndim=1)
	module.lstms.2.lstm.bias_hh_l0 (ndim=1)
	module.lstms.2.lstm.bias_ih_l0_reverse (ndim=1)
	module.lstms.2.lstm.bias_hh_l0_reverse (ndim=1)
	module.lstms.3.bn_normalization_layer.weight (ndim=1)
	module.lstms.3.bn_normalization_layer.bias (ndim=1)
	module.lstms.3.lstm.bias_ih_l0 (ndim=1)
	module.lstms.3.lstm.bias_hh_l0 (ndim=1)
	module.lstms.3.lstm.bias_ih_l0_reverse (ndim=1)
	module.lstms.3.lstm.bias_hh_l0_reverse (ndim=1)
	module.lstms.4.bn_normalization_layer.weight (ndim=1)
	module.lstms.4.bn_normalization_layer.bias (ndim=1)
	module.lstms.4.lstm.bias_ih_l0 (ndim=1)
	module.lstms.4.lstm.bias_hh_l0 (ndim=1)
	module.lstms.4.lstm.bias_ih_l0_reverse (ndim=1)
	module.lstms.4.lstm.bias_hh_l0_reverse (ndim=1)
	module.lstms.5.bn_normalization_layer.weight (ndim=1)
	module.lstms.5.bn_normalization_layer.bias (ndim=1)
	module.lstms.5.lstm.bias_ih_l0 (ndim=1)
	module.lstms.5.lstm.bias_hh_l0 (ndim=1)
	module.lstms.5.lstm.bias_ih_l0_reverse (ndim=1)
	module.lstms.5.lstm.bias_hh_l0_reverse (ndim=1)
	module.ffns.0.bn_normalization_layer.weight (ndim=1)
	module.ffns.0.bn_normalization_layer.bias (ndim=1)
	module.ffns.0.lin.bias (ndim=1)
	module.ffns.1.bn_normalization_layer.weight (ndim=1)
	module.ffns.1.bn_normalization_layer.bias (ndim=1)
	module.ffns.1.lin.bias (ndim=1)
	module.ffns.2.bn_normalization_layer.weight (ndim=1)
	module.ffns.2.bn_normalization_layer.bias (ndim=1)
	module.ffns.2.lin.bias (ndim=1)
	module.ln.scale (ndim=1)
	module.ln.bias (ndim=1)
	module.lin.bias (ndim=1)
I0606 07:32:26.357506 140612893234368 submission_runner.py:299] Initializing metrics bundle.
I0606 07:32:26.357668 140612893234368 submission_runner.py:321] Initializing checkpoint and logger.
I0606 07:32:26.359870 140612893234368 submission_runner.py:344] Saving meta data to /experiment_runs/submissions_a100/muon_torch_jax_hps_lr_fix/study_2/librispeech_deepspeech_pytorch/trial_1/meta_data_0.json.
I0606 07:32:26.359997 140151179060416 logger_utils.py:283] Unable to record workload.train_mean information. Continuing without it.
I0606 07:32:26.359986 139942129370304 logger_utils.py:283] Unable to record workload.train_mean information. Continuing without it.
I0606 07:32:26.359991 140548636677312 logger_utils.py:283] Unable to record workload.train_mean information. Continuing without it.
I0606 07:32:26.360072 140612893234368 logger_utils.py:283] Unable to record workload.train_mean information. Continuing without it.
I0606 07:32:26.360100 139942129370304 logger_utils.py:283] Unable to record workload.train_stddev information. Continuing without it.
I0606 07:32:26.360101 140548636677312 logger_utils.py:283] Unable to record workload.train_stddev information. Continuing without it.
I0606 07:32:26.360103 140151179060416 logger_utils.py:283] Unable to record workload.train_stddev information. Continuing without it.
I0606 07:32:26.360140 140612893234368 logger_utils.py:283] Unable to record workload.train_stddev information. Continuing without it.
I0606 07:32:26.626895 140612893234368 submission_runner.py:348] Saving flags to /experiment_runs/submissions_a100/muon_torch_jax_hps_lr_fix/study_2/librispeech_deepspeech_pytorch/trial_1/flags_0.json.
I0606 07:32:26.649913 140612893234368 submission_runner.py:359] Starting training loop.
/usr/local/lib/python3.11/multiprocessing/popen_fork.py:66: RuntimeWarning: os.fork() was called. os.fork() is incompatible with multithreaded code, and JAX is multithreaded, so this will likely lead to a deadlock.
  self.pid = os.fork()
/usr/local/lib/python3.11/multiprocessing/popen_fork.py:66: RuntimeWarning: os.fork() was called. os.fork() is incompatible with multithreaded code, and JAX is multithreaded, so this will likely lead to a deadlock.
  self.pid = os.fork()
/usr/local/lib/python3.11/multiprocessing/popen_fork.py:66: RuntimeWarning: os.fork() was called. os.fork() is incompatible with multithreaded code, and JAX is multithreaded, so this will likely lead to a deadlock.
  self.pid = os.fork()
/usr/local/lib/python3.11/multiprocessing/popen_fork.py:66: RuntimeWarning: os.fork() was called. os.fork() is incompatible with multithreaded code, and JAX is multithreaded, so this will likely lead to a deadlock.
  self.pid = os.fork()
/algorithmic-efficiency/algoperf/workloads/librispeech_conformer/librispeech_pytorch/preprocessor.py:516: UserWarning: Specified kernel cache directory could not be created! This disables kernel caching. Specified directory is /root/.cache/torch/kernels. This warning will appear only once per process. (Triggered internally at /pytorch/aten/src/ATen/native/cuda/jit_utils.cpp:1487.)
  spectrum = torch.abs(spectrum)
I0606 07:33:20.988643 140612893234368 spec.py:333] Evaluating on the training split.
I0606 07:33:20.989933 140612893234368 input_pipeline.py:19] Loading split = train-clean-100
I0606 07:33:21.015966 140612893234368 input_pipeline.py:19] Loading split = train-clean-360
I0606 07:33:21.107973 140612893234368 input_pipeline.py:19] Loading split = train-other-500
/usr/local/lib/python3.11/multiprocessing/popen_fork.py:66: RuntimeWarning: os.fork() was called. os.fork() is incompatible with multithreaded code, and JAX is multithreaded, so this will likely lead to a deadlock.
  self.pid = os.fork()
/usr/local/lib/python3.11/multiprocessing/popen_fork.py:66: RuntimeWarning: os.fork() was called. os.fork() is incompatible with multithreaded code, and JAX is multithreaded, so this will likely lead to a deadlock.
  self.pid = os.fork()
/usr/local/lib/python3.11/multiprocessing/popen_fork.py:66: RuntimeWarning: os.fork() was called. os.fork() is incompatible with multithreaded code, and JAX is multithreaded, so this will likely lead to a deadlock.
  self.pid = os.fork()
/usr/local/lib/python3.11/multiprocessing/popen_fork.py:66: RuntimeWarning: os.fork() was called. os.fork() is incompatible with multithreaded code, and JAX is multithreaded, so this will likely lead to a deadlock.
  self.pid = os.fork()
I0606 07:33:56.570815 140612893234368 spec.py:346] Evaluating on the validation split.
I0606 07:33:56.571894 140612893234368 input_pipeline.py:19] Loading split = dev-clean
I0606 07:33:56.575701 140612893234368 input_pipeline.py:19] Loading split = dev-other
/usr/local/lib/python3.11/multiprocessing/popen_fork.py:66: RuntimeWarning: os.fork() was called. os.fork() is incompatible with multithreaded code, and JAX is multithreaded, so this will likely lead to a deadlock.
  self.pid = os.fork()
/usr/local/lib/python3.11/multiprocessing/popen_fork.py:66: RuntimeWarning: os.fork() was called. os.fork() is incompatible with multithreaded code, and JAX is multithreaded, so this will likely lead to a deadlock.
  self.pid = os.fork()
/usr/local/lib/python3.11/multiprocessing/popen_fork.py:66: RuntimeWarning: os.fork() was called. os.fork() is incompatible with multithreaded code, and JAX is multithreaded, so this will likely lead to a deadlock.
  self.pid = os.fork()
/usr/local/lib/python3.11/multiprocessing/popen_fork.py:66: RuntimeWarning: os.fork() was called. os.fork() is incompatible with multithreaded code, and JAX is multithreaded, so this will likely lead to a deadlock.
  self.pid = os.fork()
I0606 07:34:23.787619 140612893234368 spec.py:363] Evaluating on the test split.
I0606 07:34:23.788992 140612893234368 input_pipeline.py:19] Loading split = test-clean
/usr/local/lib/python3.11/multiprocessing/popen_fork.py:66: RuntimeWarning: os.fork() was called. os.fork() is incompatible with multithreaded code, and JAX is multithreaded, so this will likely lead to a deadlock.
  self.pid = os.fork()
/usr/local/lib/python3.11/multiprocessing/popen_fork.py:66: RuntimeWarning: os.fork() was called. os.fork() is incompatible with multithreaded code, and JAX is multithreaded, so this will likely lead to a deadlock.
  self.pid = os.fork()
/usr/local/lib/python3.11/multiprocessing/popen_fork.py:66: RuntimeWarning: os.fork() was called. os.fork() is incompatible with multithreaded code, and JAX is multithreaded, so this will likely lead to a deadlock.
  self.pid = os.fork()
/usr/local/lib/python3.11/multiprocessing/popen_fork.py:66: RuntimeWarning: os.fork() was called. os.fork() is incompatible with multithreaded code, and JAX is multithreaded, so this will likely lead to a deadlock.
  self.pid = os.fork()
I0606 07:34:36.424789 140612893234368 submission_runner.py:516] Time since start: 129.77s, 	Step: 1, 	{'train/ctc_loss': 29.72537200725473, 'train/wer': 4.4345849951900735, 'validation/ctc_loss': 28.36980422443239, 'validation/wer': 4.093612706995606, 'validation/num_examples': 5348, 'test/ctc_loss': 28.318627008194078, 'test/wer': 4.293542948835131, 'test/num_examples': 2472, 'score': 53.702786922454834, 'total_duration': 129.77467250823975, 'accumulated_submission_time': 53.702786922454834, 'accumulated_eval_time': 75.43604397773743, 'accumulated_logging_time': 0}
I0606 07:34:36.468893 140586141058816 logging_writer.py:48] [1] accumulated_eval_time=75.436, accumulated_logging_time=0, accumulated_submission_time=53.7028, global_step=1, preemption_count=0, score=53.7028, test/ctc_loss=28.3186, test/num_examples=2472, test/wer=4.29354, total_duration=129.775, train/ctc_loss=29.7254, train/wer=4.43458, validation/ctc_loss=28.3698, validation/num_examples=5348, validation/wer=4.09361
/usr/local/lib/python3.11/multiprocessing/popen_fork.py:66: RuntimeWarning: os.fork() was called. os.fork() is incompatible with multithreaded code, and JAX is multithreaded, so this will likely lead to a deadlock.
  self.pid = os.fork()
I0606 07:58:44.174686 140612893234368 spec.py:333] Evaluating on the training split.
I0606 07:58:58.880462 140612893234368 spec.py:346] Evaluating on the validation split.
I0606 07:59:18.755003 140612893234368 spec.py:363] Evaluating on the test split.
I0606 07:59:29.233932 140612893234368 submission_runner.py:516] Time since start: 1622.58s, 	Step: 1079, 	{'train/ctc_loss': 3.1676207043022715, 'train/wer': 0.682328653112401, 'validation/ctc_loss': 3.1892759427742616, 'validation/wer': 0.6618259064355718, 'validation/num_examples': 5348, 'test/ctc_loss': 2.7440506242338216, 'test/wer': 0.6176954481750045, 'test/num_examples': 2472, 'score': 1499.2401695251465, 'total_duration': 1622.5838296413422, 'accumulated_submission_time': 1499.2401695251465, 'accumulated_eval_time': 120.49516940116882, 'accumulated_logging_time': 0.09493732452392578}
I0606 07:59:29.290215 140586141058816 logging_writer.py:48] [1079] accumulated_eval_time=120.495, accumulated_logging_time=0.0949373, accumulated_submission_time=1499.24, global_step=1079, preemption_count=0, score=1499.24, test/ctc_loss=2.74405, test/num_examples=2472, test/wer=0.617695, total_duration=1622.58, train/ctc_loss=3.16762, train/wer=0.682329, validation/ctc_loss=3.18928, validation/num_examples=5348, validation/wer=0.661826
/usr/local/lib/python3.11/multiprocessing/popen_fork.py:66: RuntimeWarning: os.fork() was called. os.fork() is incompatible with multithreaded code, and JAX is multithreaded, so this will likely lead to a deadlock.
  self.pid = os.fork()
I0606 08:23:37.182549 140612893234368 spec.py:333] Evaluating on the training split.
I0606 08:23:54.805772 140612893234368 spec.py:346] Evaluating on the validation split.
I0606 08:24:14.963321 140612893234368 spec.py:363] Evaluating on the test split.
I0606 08:24:25.374124 140612893234368 submission_runner.py:516] Time since start: 3118.72s, 	Step: 2652, 	{'train/ctc_loss': 0.7501951584275572, 'train/wer': 0.23703211301706714, 'validation/ctc_loss': 0.9825520637118244, 'validation/wer': 0.27703374692222277, 'validation/num_examples': 5348, 'test/ctc_loss': 0.6476027687270146, 'test/wer': 0.20449698373042471, 'test/num_examples': 2472, 'score': 2944.6262426376343, 'total_duration': 3118.7240319252014, 'accumulated_submission_time': 2944.6262426376343, 'accumulated_eval_time': 168.68660974502563, 'accumulated_logging_time': 0.16289710998535156}
I0606 08:24:25.427485 140586141058816 logging_writer.py:48] [2652] accumulated_eval_time=168.687, accumulated_logging_time=0.162897, accumulated_submission_time=2944.63, global_step=2652, preemption_count=0, score=2944.63, test/ctc_loss=0.647603, test/num_examples=2472, test/wer=0.204497, total_duration=3118.72, train/ctc_loss=0.750195, train/wer=0.237032, validation/ctc_loss=0.982552, validation/num_examples=5348, validation/wer=0.277034
/usr/local/lib/python3.11/multiprocessing/popen_fork.py:66: RuntimeWarning: os.fork() was called. os.fork() is incompatible with multithreaded code, and JAX is multithreaded, so this will likely lead to a deadlock.
  self.pid = os.fork()
I0606 08:48:33.400101 140612893234368 spec.py:333] Evaluating on the training split.
I0606 08:48:48.620099 140612893234368 spec.py:346] Evaluating on the validation split.
I0606 08:49:08.799955 140612893234368 spec.py:363] Evaluating on the test split.
I0606 08:49:19.326875 140612893234368 submission_runner.py:516] Time since start: 4612.68s, 	Step: 4295, 	{'train/ctc_loss': 0.5836460608864796, 'train/wer': 0.1906676610785045, 'validation/ctc_loss': 0.8270807432941532, 'validation/wer': 0.23808236373292135, 'validation/num_examples': 5348, 'test/ctc_loss': 0.5121143904445448, 'test/wer': 0.16470659923222228, 'test/num_examples': 2472, 'score': 4390.025744438171, 'total_duration': 4612.676734209061, 'accumulated_submission_time': 4390.025744438171, 'accumulated_eval_time': 214.6132469177246, 'accumulated_logging_time': 0.2275846004486084}
I0606 08:49:19.381939 140586141058816 logging_writer.py:48] [4295] accumulated_eval_time=214.613, accumulated_logging_time=0.227585, accumulated_submission_time=4390.03, global_step=4295, preemption_count=0, score=4390.03, test/ctc_loss=0.512114, test/num_examples=2472, test/wer=0.164707, total_duration=4612.68, train/ctc_loss=0.583646, train/wer=0.190668, validation/ctc_loss=0.827081, validation/num_examples=5348, validation/wer=0.238082
/usr/local/lib/python3.11/multiprocessing/popen_fork.py:66: RuntimeWarning: os.fork() was called. os.fork() is incompatible with multithreaded code, and JAX is multithreaded, so this will likely lead to a deadlock.
  self.pid = os.fork()
I0606 09:13:27.912161 140612893234368 spec.py:333] Evaluating on the training split.
I0606 09:13:43.424289 140612893234368 spec.py:346] Evaluating on the validation split.
I0606 09:14:03.379956 140612893234368 spec.py:363] Evaluating on the test split.
I0606 09:14:13.784574 140612893234368 submission_runner.py:516] Time since start: 6107.13s, 	Step: 6092, 	{'train/ctc_loss': 0.4997243551818065, 'train/wer': 0.1654506739301966, 'validation/ctc_loss': 0.747928557301085, 'validation/wer': 0.21583546564959205, 'validation/num_examples': 5348, 'test/ctc_loss': 0.45280315463900894, 'test/wer': 0.14669022809903925, 'test/num_examples': 2472, 'score': 5835.8512840271, 'total_duration': 6107.134473800659, 'accumulated_submission_time': 5835.8512840271, 'accumulated_eval_time': 260.48556756973267, 'accumulated_logging_time': 0.29421091079711914}
I0606 09:14:13.836359 140586141058816 logging_writer.py:48] [6092] accumulated_eval_time=260.486, accumulated_logging_time=0.294211, accumulated_submission_time=5835.85, global_step=6092, preemption_count=0, score=5835.85, test/ctc_loss=0.452803, test/num_examples=2472, test/wer=0.14669, total_duration=6107.13, train/ctc_loss=0.499724, train/wer=0.165451, validation/ctc_loss=0.747929, validation/num_examples=5348, validation/wer=0.215835
/usr/local/lib/python3.11/multiprocessing/popen_fork.py:66: RuntimeWarning: os.fork() was called. os.fork() is incompatible with multithreaded code, and JAX is multithreaded, so this will likely lead to a deadlock.
  self.pid = os.fork()
I0606 09:38:23.294586 140612893234368 spec.py:333] Evaluating on the training split.
I0606 09:38:39.914338 140612893234368 spec.py:346] Evaluating on the validation split.
I0606 09:38:59.824486 140612893234368 spec.py:363] Evaluating on the test split.
I0606 09:39:10.463645 140612893234368 submission_runner.py:516] Time since start: 7603.81s, 	Step: 8000, 	{'train/ctc_loss': 0.4446620245824821, 'train/wer': 0.14883210653177253, 'validation/ctc_loss': 0.6994460161273106, 'validation/wer': 0.20087867522811761, 'validation/num_examples': 5348, 'test/ctc_loss': 0.4082616469207691, 'test/wer': 0.13271586131253427, 'test/num_examples': 2472, 'score': 7282.545837402344, 'total_duration': 7603.8135459423065, 'accumulated_submission_time': 7282.545837402344, 'accumulated_eval_time': 307.6545376777649, 'accumulated_logging_time': 0.35825443267822266}
I0606 09:39:10.516761 140586141058816 logging_writer.py:48] [8000] accumulated_eval_time=307.655, accumulated_logging_time=0.358254, accumulated_submission_time=7282.55, global_step=8000, preemption_count=0, score=7282.55, test/ctc_loss=0.408262, test/num_examples=2472, test/wer=0.132716, total_duration=7603.81, train/ctc_loss=0.444662, train/wer=0.148832, validation/ctc_loss=0.699446, validation/num_examples=5348, validation/wer=0.200879
/usr/local/lib/python3.11/multiprocessing/popen_fork.py:66: RuntimeWarning: os.fork() was called. os.fork() is incompatible with multithreaded code, and JAX is multithreaded, so this will likely lead to a deadlock.
  self.pid = os.fork()
I0606 10:03:19.846020 140612893234368 spec.py:333] Evaluating on the training split.
I0606 10:03:37.575153 140612893234368 spec.py:346] Evaluating on the validation split.
I0606 10:03:58.400375 140612893234368 spec.py:363] Evaluating on the test split.
I0606 10:04:09.185953 140612893234368 submission_runner.py:516] Time since start: 9102.54s, 	Step: 9890, 	{'train/ctc_loss': 0.41018532623536075, 'train/wer': 0.13873126020082796, 'validation/ctc_loss': 0.6622809650956901, 'validation/wer': 0.1909815091971226, 'validation/num_examples': 5348, 'test/ctc_loss': 0.39088844945641654, 'test/wer': 0.12875510328438242, 'test/num_examples': 2472, 'score': 8729.138118505478, 'total_duration': 9102.535863399506, 'accumulated_submission_time': 8729.138118505478, 'accumulated_eval_time': 356.99443006515503, 'accumulated_logging_time': 0.4230539798736572}
I0606 10:04:09.242049 140586141058816 logging_writer.py:48] [9890] accumulated_eval_time=356.994, accumulated_logging_time=0.423054, accumulated_submission_time=8729.14, global_step=9890, preemption_count=0, score=8729.14, test/ctc_loss=0.390888, test/num_examples=2472, test/wer=0.128755, total_duration=9102.54, train/ctc_loss=0.410185, train/wer=0.138731, validation/ctc_loss=0.662281, validation/num_examples=5348, validation/wer=0.190982
/usr/local/lib/python3.11/multiprocessing/popen_fork.py:66: RuntimeWarning: os.fork() was called. os.fork() is incompatible with multithreaded code, and JAX is multithreaded, so this will likely lead to a deadlock.
  self.pid = os.fork()
I0606 10:28:17.473666 140612893234368 spec.py:333] Evaluating on the training split.
I0606 10:28:34.043380 140612893234368 spec.py:346] Evaluating on the validation split.
I0606 10:28:54.348631 140612893234368 spec.py:363] Evaluating on the test split.
I0606 10:29:05.054702 140612893234368 submission_runner.py:516] Time since start: 10598.39s, 	Step: 11693, 	{'train/ctc_loss': 0.3821649216711503, 'train/wer': 0.12940864922122422, 'validation/ctc_loss': 0.6358600146611915, 'validation/wer': 0.18316033408970211, 'validation/num_examples': 5348, 'test/ctc_loss': 0.3636565010242596, 'test/wer': 0.11766498080555725, 'test/num_examples': 2472, 'score': 10174.27992939949, 'total_duration': 10598.393299102783, 'accumulated_submission_time': 10174.27992939949, 'accumulated_eval_time': 404.56401324272156, 'accumulated_logging_time': 0.4906425476074219}
I0606 10:29:06.401940 140586141058816 logging_writer.py:48] [11693] accumulated_eval_time=404.564, accumulated_logging_time=0.490643, accumulated_submission_time=10174.3, global_step=11693, preemption_count=0, score=10174.3, test/ctc_loss=0.363657, test/num_examples=2472, test/wer=0.117665, total_duration=10598.4, train/ctc_loss=0.382165, train/wer=0.129409, validation/ctc_loss=0.63586, validation/num_examples=5348, validation/wer=0.18316
/usr/local/lib/python3.11/multiprocessing/popen_fork.py:66: RuntimeWarning: os.fork() was called. os.fork() is incompatible with multithreaded code, and JAX is multithreaded, so this will likely lead to a deadlock.
  self.pid = os.fork()
I0606 10:53:13.183155 140612893234368 spec.py:333] Evaluating on the training split.
I0606 10:53:28.228325 140612893234368 spec.py:346] Evaluating on the validation split.
I0606 10:53:48.510230 140612893234368 spec.py:363] Evaluating on the test split.
I0606 10:53:58.974128 140612893234368 submission_runner.py:516] Time since start: 12092.32s, 	Step: 13412, 	{'train/ctc_loss': 0.3572729778110399, 'train/wer': 0.12249100165375013, 'validation/ctc_loss': 0.6063375413621408, 'validation/wer': 0.17599575146043547, 'validation/num_examples': 5348, 'test/ctc_loss': 0.34764523618459253, 'test/wer': 0.11427294700708875, 'test/num_examples': 2472, 'score': 11617.979469060898, 'total_duration': 12092.324031829834, 'accumulated_submission_time': 11617.979469060898, 'accumulated_eval_time': 450.354900598526, 'accumulated_logging_time': 2.3116025924682617}
I0606 10:53:59.422325 140586141058816 logging_writer.py:48] [13412] accumulated_eval_time=450.355, accumulated_logging_time=2.3116, accumulated_submission_time=11618, global_step=13412, preemption_count=0, score=11618, test/ctc_loss=0.347645, test/num_examples=2472, test/wer=0.114273, total_duration=12092.3, train/ctc_loss=0.357273, train/wer=0.122491, validation/ctc_loss=0.606338, validation/num_examples=5348, validation/wer=0.175996
/usr/local/lib/python3.11/multiprocessing/popen_fork.py:66: RuntimeWarning: os.fork() was called. os.fork() is incompatible with multithreaded code, and JAX is multithreaded, so this will likely lead to a deadlock.
  self.pid = os.fork()
I0606 11:18:07.446468 140612893234368 spec.py:333] Evaluating on the training split.
I0606 11:18:23.857671 140612893234368 spec.py:346] Evaluating on the validation split.
I0606 11:18:43.867305 140612893234368 spec.py:363] Evaluating on the test split.
I0606 11:18:54.200996 140612893234368 submission_runner.py:516] Time since start: 13587.55s, 	Step: 15302, 	{'train/ctc_loss': 0.33138430376322336, 'train/wer': 0.11323324362009145, 'validation/ctc_loss': 0.5849012390590466, 'validation/wer': 0.16717037609230917, 'validation/num_examples': 5348, 'test/ctc_loss': 0.3284848014388025, 'test/wer': 0.10710295939715232, 'test/num_examples': 2472, 'score': 13063.061156988144, 'total_duration': 13587.55089187622, 'accumulated_submission_time': 13063.061156988144, 'accumulated_eval_time': 497.1093518733978, 'accumulated_logging_time': 2.9831557273864746}
I0606 11:18:54.673125 140586141058816 logging_writer.py:48] [15302] accumulated_eval_time=497.109, accumulated_logging_time=2.98316, accumulated_submission_time=13063.1, global_step=15302, preemption_count=0, score=13063.1, test/ctc_loss=0.328485, test/num_examples=2472, test/wer=0.107103, total_duration=13587.6, train/ctc_loss=0.331384, train/wer=0.113233, validation/ctc_loss=0.584901, validation/num_examples=5348, validation/wer=0.16717
/usr/local/lib/python3.11/multiprocessing/popen_fork.py:66: RuntimeWarning: os.fork() was called. os.fork() is incompatible with multithreaded code, and JAX is multithreaded, so this will likely lead to a deadlock.
  self.pid = os.fork()
I0606 11:43:03.081883 140612893234368 spec.py:333] Evaluating on the training split.
I0606 11:43:20.711843 140612893234368 spec.py:346] Evaluating on the validation split.
I0606 11:43:40.472696 140612893234368 spec.py:363] Evaluating on the test split.
I0606 11:43:51.026237 140612893234368 submission_runner.py:516] Time since start: 15084.38s, 	Step: 17208, 	{'train/ctc_loss': 0.31069453434198374, 'train/wer': 0.10676956667423285, 'validation/ctc_loss': 0.5617418248945147, 'validation/wer': 0.16384879061458987, 'validation/num_examples': 5348, 'test/ctc_loss': 0.31405332602103364, 'test/wer': 0.10267503503747487, 'test/num_examples': 2472, 'score': 14507.743352174759, 'total_duration': 15084.376113653183, 'accumulated_submission_time': 14507.743352174759, 'accumulated_eval_time': 545.0535690784454, 'accumulated_logging_time': 3.7229080200195312}
I0606 11:43:52.611304 140586141058816 logging_writer.py:48] [17208] accumulated_eval_time=545.054, accumulated_logging_time=3.72291, accumulated_submission_time=14507.7, global_step=17208, preemption_count=0, score=14507.7, test/ctc_loss=0.314053, test/num_examples=2472, test/wer=0.102675, total_duration=15084.4, train/ctc_loss=0.310695, train/wer=0.10677, validation/ctc_loss=0.561742, validation/num_examples=5348, validation/wer=0.163849
/usr/local/lib/python3.11/multiprocessing/popen_fork.py:66: RuntimeWarning: os.fork() was called. os.fork() is incompatible with multithreaded code, and JAX is multithreaded, so this will likely lead to a deadlock.
  self.pid = os.fork()
I0606 12:07:59.083854 140612893234368 spec.py:333] Evaluating on the training split.
I0606 12:08:16.331155 140612893234368 spec.py:346] Evaluating on the validation split.
I0606 12:08:36.393478 140612893234368 spec.py:363] Evaluating on the test split.
I0606 12:08:46.946296 140612893234368 submission_runner.py:516] Time since start: 16580.30s, 	Step: 19075, 	{'train/ctc_loss': 0.29067675780591573, 'train/wer': 0.10004647794459397, 'validation/ctc_loss': 0.5426177212050431, 'validation/wer': 0.15708009462656303, 'validation/num_examples': 5348, 'test/ctc_loss': 0.3003668079392219, 'test/wer': 0.0974346474925355, 'test/num_examples': 2472, 'score': 15950.948339939117, 'total_duration': 16580.29604959488, 'accumulated_submission_time': 15950.948339939117, 'accumulated_eval_time': 592.9158163070679, 'accumulated_logging_time': 5.8198206424713135}
I0606 12:08:47.381775 140586141058816 logging_writer.py:48] [19075] accumulated_eval_time=592.916, accumulated_logging_time=5.81982, accumulated_submission_time=15950.9, global_step=19075, preemption_count=0, score=15950.9, test/ctc_loss=0.300367, test/num_examples=2472, test/wer=0.0974346, total_duration=16580.3, train/ctc_loss=0.290677, train/wer=0.100046, validation/ctc_loss=0.542618, validation/num_examples=5348, validation/wer=0.15708
/usr/local/lib/python3.11/multiprocessing/popen_fork.py:66: RuntimeWarning: os.fork() was called. os.fork() is incompatible with multithreaded code, and JAX is multithreaded, so this will likely lead to a deadlock.
  self.pid = os.fork()
I0606 12:32:54.870283 140612893234368 spec.py:333] Evaluating on the training split.
I0606 12:33:10.922602 140612893234368 spec.py:346] Evaluating on the validation split.
I0606 12:33:30.883347 140612893234368 spec.py:363] Evaluating on the test split.
I0606 12:33:41.730633 140612893234368 submission_runner.py:516] Time since start: 18075.07s, 	Step: 20829, 	{'train/ctc_loss': 0.27080465215551824, 'train/wer': 0.09357199217441119, 'validation/ctc_loss': 0.5229948878120605, 'validation/wer': 0.15135422198619225, 'validation/num_examples': 5348, 'test/ctc_loss': 0.2896007907768243, 'test/wer': 0.09394105579590925, 'test/num_examples': 2472, 'score': 17395.498511314392, 'total_duration': 18075.065665960312, 'accumulated_submission_time': 17395.498511314392, 'accumulated_eval_time': 639.7613034248352, 'accumulated_logging_time': 6.526580095291138}
I0606 12:33:42.264669 140586141058816 logging_writer.py:48] [20829] accumulated_eval_time=639.761, accumulated_logging_time=6.52658, accumulated_submission_time=17395.5, global_step=20829, preemption_count=0, score=17395.5, test/ctc_loss=0.289601, test/num_examples=2472, test/wer=0.0939411, total_duration=18075.1, train/ctc_loss=0.270805, train/wer=0.093572, validation/ctc_loss=0.522995, validation/num_examples=5348, validation/wer=0.151354
/usr/local/lib/python3.11/multiprocessing/popen_fork.py:66: RuntimeWarning: os.fork() was called. os.fork() is incompatible with multithreaded code, and JAX is multithreaded, so this will likely lead to a deadlock.
  self.pid = os.fork()
I0606 12:57:49.860800 140612893234368 spec.py:333] Evaluating on the training split.
I0606 12:58:05.508368 140612893234368 spec.py:346] Evaluating on the validation split.
I0606 12:58:25.603036 140612893234368 spec.py:363] Evaluating on the test split.
I0606 12:58:36.173973 140612893234368 submission_runner.py:516] Time since start: 19569.52s, 	Step: 22608, 	{'train/ctc_loss': 0.2516924265256174, 'train/wer': 0.08728666082990154, 'validation/ctc_loss': 0.5088535191568716, 'validation/wer': 0.1473181093998938, 'validation/num_examples': 5348, 'test/ctc_loss': 0.27480492693076974, 'test/wer': 0.08819287876018118, 'test/num_examples': 2472, 'score': 18840.182389736176, 'total_duration': 19569.523881196976, 'accumulated_submission_time': 18840.182389736176, 'accumulated_eval_time': 686.0743749141693, 'accumulated_logging_time': 7.275140047073364}
I0606 12:58:36.603121 140586141058816 logging_writer.py:48] [22608] accumulated_eval_time=686.074, accumulated_logging_time=7.27514, accumulated_submission_time=18840.2, global_step=22608, preemption_count=0, score=18840.2, test/ctc_loss=0.274805, test/num_examples=2472, test/wer=0.0881929, total_duration=19569.5, train/ctc_loss=0.251692, train/wer=0.0872867, validation/ctc_loss=0.508854, validation/num_examples=5348, validation/wer=0.147318
/usr/local/lib/python3.11/multiprocessing/popen_fork.py:66: RuntimeWarning: os.fork() was called. os.fork() is incompatible with multithreaded code, and JAX is multithreaded, so this will likely lead to a deadlock.
  self.pid = os.fork()
I0606 13:22:45.350965 140612893234368 spec.py:333] Evaluating on the training split.
I0606 13:23:03.257033 140612893234368 spec.py:346] Evaluating on the validation split.
I0606 13:23:23.065806 140612893234368 spec.py:363] Evaluating on the test split.
I0606 13:23:33.507491 140612893234368 submission_runner.py:516] Time since start: 21066.84s, 	Step: 24519, 	{'train/ctc_loss': 0.23309604070167278, 'train/wer': 0.08086621918133964, 'validation/ctc_loss': 0.4932942512118244, 'validation/wer': 0.14273161782455462, 'validation/num_examples': 5348, 'test/ctc_loss': 0.2651778441351055, 'test/wer': 0.0865070176507627, 'test/num_examples': 2472, 'score': 20285.298196077347, 'total_duration': 21066.8358438015, 'accumulated_submission_time': 20285.298196077347, 'accumulated_eval_time': 734.209267616272, 'accumulated_logging_time': 8.038490295410156}
I0606 13:23:34.762447 140586141058816 logging_writer.py:48] [24519] accumulated_eval_time=734.209, accumulated_logging_time=8.03849, accumulated_submission_time=20285.3, global_step=24519, preemption_count=0, score=20285.3, test/ctc_loss=0.265178, test/num_examples=2472, test/wer=0.086507, total_duration=21066.8, train/ctc_loss=0.233096, train/wer=0.0808662, validation/ctc_loss=0.493294, validation/num_examples=5348, validation/wer=0.142732
/usr/local/lib/python3.11/multiprocessing/popen_fork.py:66: RuntimeWarning: os.fork() was called. os.fork() is incompatible with multithreaded code, and JAX is multithreaded, so this will likely lead to a deadlock.
  self.pid = os.fork()
I0606 13:47:42.890218 140612893234368 spec.py:333] Evaluating on the training split.
I0606 13:47:59.375089 140612893234368 spec.py:346] Evaluating on the validation split.
I0606 13:48:19.493101 140612893234368 spec.py:363] Evaluating on the test split.
I0606 13:48:29.976243 140612893234368 submission_runner.py:516] Time since start: 22563.33s, 	Step: 26418, 	{'train/ctc_loss': 0.2157749006351261, 'train/wer': 0.07593739528951436, 'validation/ctc_loss': 0.4730058562355586, 'validation/wer': 0.13666779317336938, 'validation/num_examples': 5348, 'test/ctc_loss': 0.25210842735821665, 'test/wer': 0.0810838258891394, 'test/num_examples': 2472, 'score': 21730.088154792786, 'total_duration': 22563.326068878174, 'accumulated_submission_time': 21730.088154792786, 'accumulated_eval_time': 781.2952349185944, 'accumulated_logging_time': 9.855366230010986}
I0606 13:48:30.514722 140586141058816 logging_writer.py:48] [26418] accumulated_eval_time=781.295, accumulated_logging_time=9.85537, accumulated_submission_time=21730.1, global_step=26418, preemption_count=0, score=21730.1, test/ctc_loss=0.252108, test/num_examples=2472, test/wer=0.0810838, total_duration=22563.3, train/ctc_loss=0.215775, train/wer=0.0759374, validation/ctc_loss=0.473006, validation/num_examples=5348, validation/wer=0.136668
/usr/local/lib/python3.11/multiprocessing/popen_fork.py:66: RuntimeWarning: os.fork() was called. os.fork() is incompatible with multithreaded code, and JAX is multithreaded, so this will likely lead to a deadlock.
  self.pid = os.fork()
I0606 14:12:37.812857 140612893234368 spec.py:333] Evaluating on the training split.
I0606 14:12:53.629810 140612893234368 spec.py:346] Evaluating on the validation split.
I0606 14:13:13.398592 140612893234368 spec.py:363] Evaluating on the test split.
I0606 14:13:24.326682 140612893234368 submission_runner.py:516] Time since start: 24057.68s, 	Step: 28262, 	{'train/ctc_loss': 0.19958237413361246, 'train/wer': 0.06980879189770528, 'validation/ctc_loss': 0.45831587019037573, 'validation/wer': 0.1325061555544827, 'validation/num_examples': 5348, 'test/ctc_loss': 0.24510694238337957, 'test/wer': 0.07911360266487925, 'test/num_examples': 2472, 'score': 23174.34947490692, 'total_duration': 24057.67658495903, 'accumulated_submission_time': 23174.34947490692, 'accumulated_eval_time': 827.8093106746674, 'accumulated_logging_time': 10.72210431098938}
I0606 14:13:24.771462 140586141058816 logging_writer.py:48] [28262] accumulated_eval_time=827.809, accumulated_logging_time=10.7221, accumulated_submission_time=23174.3, global_step=28262, preemption_count=0, score=23174.3, test/ctc_loss=0.245107, test/num_examples=2472, test/wer=0.0791136, total_duration=24057.7, train/ctc_loss=0.199582, train/wer=0.0698088, validation/ctc_loss=0.458316, validation/num_examples=5348, validation/wer=0.132506
/usr/local/lib/python3.11/multiprocessing/popen_fork.py:66: RuntimeWarning: os.fork() was called. os.fork() is incompatible with multithreaded code, and JAX is multithreaded, so this will likely lead to a deadlock.
  self.pid = os.fork()
I0606 14:37:32.165524 140612893234368 spec.py:333] Evaluating on the training split.
I0606 14:37:48.231408 140612893234368 spec.py:346] Evaluating on the validation split.
I0606 14:38:08.043803 140612893234368 spec.py:363] Evaluating on the test split.
I0606 14:38:18.676455 140612893234368 submission_runner.py:516] Time since start: 25552.01s, 	Step: 29996, 	{'train/ctc_loss': 0.18937242791200604, 'train/wer': 0.06638779899910287, 'validation/ctc_loss': 0.45172387710028633, 'validation/wer': 0.12948389900062762, 'validation/num_examples': 5348, 'test/ctc_loss': 0.23837803043744757, 'test/wer': 0.07551845307009526, 'test/num_examples': 2472, 'score': 24618.844770669937, 'total_duration': 25552.00940299034, 'accumulated_submission_time': 24618.844770669937, 'accumulated_eval_time': 874.3031404018402, 'accumulated_logging_time': 11.459854364395142}
I0606 14:38:19.206241 140586141058816 logging_writer.py:48] [29996] accumulated_eval_time=874.303, accumulated_logging_time=11.4599, accumulated_submission_time=24618.8, global_step=29996, preemption_count=0, score=24618.8, test/ctc_loss=0.238378, test/num_examples=2472, test/wer=0.0755185, total_duration=25552, train/ctc_loss=0.189372, train/wer=0.0663878, validation/ctc_loss=0.451724, validation/num_examples=5348, validation/wer=0.129484
/usr/local/lib/python3.11/multiprocessing/popen_fork.py:66: RuntimeWarning: os.fork() was called. os.fork() is incompatible with multithreaded code, and JAX is multithreaded, so this will likely lead to a deadlock.
  self.pid = os.fork()
I0606 15:02:27.050145 140612893234368 spec.py:333] Evaluating on the training split.
I0606 15:02:44.924046 140612893234368 spec.py:346] Evaluating on the validation split.
I0606 15:03:05.865318 140612893234368 spec.py:363] Evaluating on the test split.
I0606 15:03:16.513271 140612893234368 submission_runner.py:516] Time since start: 27049.86s, 	Step: 31831, 	{'train/ctc_loss': 0.17906554773727892, 'train/wer': 0.06291276197887956, 'validation/ctc_loss': 0.4419550636050834, 'validation/wer': 0.1270023656640757, 'validation/num_examples': 5348, 'test/ctc_loss': 0.23354185653106652, 'test/wer': 0.07547782991083217, 'test/num_examples': 2472, 'score': 26063.08405661583, 'total_duration': 27049.86314558983, 'accumulated_submission_time': 26063.08405661583, 'accumulated_eval_time': 923.7661094665527, 'accumulated_logging_time': 12.354683876037598}
I0606 15:03:16.931266 140586141058816 logging_writer.py:48] [31831] accumulated_eval_time=923.766, accumulated_logging_time=12.3547, accumulated_submission_time=26063.1, global_step=31831, preemption_count=0, score=26063.1, test/ctc_loss=0.233542, test/num_examples=2472, test/wer=0.0754778, total_duration=27049.9, train/ctc_loss=0.179066, train/wer=0.0629128, validation/ctc_loss=0.441955, validation/num_examples=5348, validation/wer=0.127002
/usr/local/lib/python3.11/multiprocessing/popen_fork.py:66: RuntimeWarning: os.fork() was called. os.fork() is incompatible with multithreaded code, and JAX is multithreaded, so this will likely lead to a deadlock.
  self.pid = os.fork()
I0606 15:27:24.911940 140612893234368 spec.py:333] Evaluating on the training split.
I0606 15:27:42.658003 140612893234368 spec.py:346] Evaluating on the validation split.
I0606 15:28:02.624855 140612893234368 spec.py:363] Evaluating on the test split.
I0606 15:28:13.001585 140612893234368 submission_runner.py:516] Time since start: 28546.35s, 	Step: 33740, 	{'train/ctc_loss': 0.172118263268034, 'train/wer': 0.06069154858026093, 'validation/ctc_loss': 0.43599890551223125, 'validation/wer': 0.12493603051223869, 'validation/num_examples': 5348, 'test/ctc_loss': 0.23003008762662108, 'test/wer': 0.07330449089025654, 'test/num_examples': 2472, 'score': 27507.91293144226, 'total_duration': 28546.351482868195, 'accumulated_submission_time': 27507.91293144226, 'accumulated_eval_time': 971.8556048870087, 'accumulated_logging_time': 13.017606258392334}
I0606 15:28:14.427475 140586141058816 logging_writer.py:48] [33740] accumulated_eval_time=971.856, accumulated_logging_time=13.0176, accumulated_submission_time=27507.9, global_step=33740, preemption_count=0, score=27507.9, test/ctc_loss=0.23003, test/num_examples=2472, test/wer=0.0733045, total_duration=28546.4, train/ctc_loss=0.172118, train/wer=0.0606915, validation/ctc_loss=0.435999, validation/num_examples=5348, validation/wer=0.124936
/usr/local/lib/python3.11/multiprocessing/popen_fork.py:66: RuntimeWarning: os.fork() was called. os.fork() is incompatible with multithreaded code, and JAX is multithreaded, so this will likely lead to a deadlock.
  self.pid = os.fork()
I0606 15:52:21.090158 140612893234368 spec.py:333] Evaluating on the training split.
I0606 15:52:38.536723 140612893234368 spec.py:346] Evaluating on the validation split.
I0606 15:52:58.423041 140612893234368 spec.py:363] Evaluating on the test split.
I0606 15:53:08.982917 140612893234368 submission_runner.py:516] Time since start: 30042.33s, 	Step: 35622, 	{'train/ctc_loss': 0.1687245082534369, 'train/wer': 0.0594107028978458, 'validation/ctc_loss': 0.4328253717098654, 'validation/wer': 0.1241635687732342, 'validation/num_examples': 5348, 'test/ctc_loss': 0.2280598244241564, 'test/wer': 0.07259358560315236, 'test/num_examples': 2472, 'score': 28951.372300624847, 'total_duration': 30042.332842826843, 'accumulated_submission_time': 28951.372300624847, 'accumulated_eval_time': 1019.7483515739441, 'accumulated_logging_time': 14.925262451171875}
I0606 15:53:09.423546 140586141058816 logging_writer.py:48] [35622] accumulated_eval_time=1019.75, accumulated_logging_time=14.9253, accumulated_submission_time=28951.4, global_step=35622, preemption_count=0, score=28951.4, test/ctc_loss=0.22806, test/num_examples=2472, test/wer=0.0725936, total_duration=30042.3, train/ctc_loss=0.168725, train/wer=0.0594107, validation/ctc_loss=0.432825, validation/num_examples=5348, validation/wer=0.124164
/usr/local/lib/python3.11/multiprocessing/popen_fork.py:66: RuntimeWarning: os.fork() was called. os.fork() is incompatible with multithreaded code, and JAX is multithreaded, so this will likely lead to a deadlock.
  self.pid = os.fork()
I0606 16:17:16.908766 140612893234368 spec.py:333] Evaluating on the training split.
I0606 16:17:32.577975 140612893234368 spec.py:346] Evaluating on the validation split.
I0606 16:17:52.586769 140612893234368 spec.py:363] Evaluating on the test split.
I0606 16:18:03.163514 140612893234368 submission_runner.py:516] Time since start: 31536.51s, 	Step: 37418, 	{'train/ctc_loss': 0.1674467209591618, 'train/wer': 0.05905401169514792, 'validation/ctc_loss': 0.43237858995127587, 'validation/wer': 0.12395114179500796, 'validation/num_examples': 5348, 'test/ctc_loss': 0.22731920204529324, 'test/wer': 0.07234984664757378, 'test/num_examples': 2472, 'score': 30395.938297748566, 'total_duration': 31536.513407230377, 'accumulated_submission_time': 30395.938297748566, 'accumulated_eval_time': 1066.0029714107513, 'accumulated_logging_time': 15.615480899810791}
I0606 16:18:03.606863 140586141058816 logging_writer.py:48] [37418] accumulated_eval_time=1066, accumulated_logging_time=15.6155, accumulated_submission_time=30395.9, global_step=37418, preemption_count=0, score=30395.9, test/ctc_loss=0.227319, test/num_examples=2472, test/wer=0.0723498, total_duration=31536.5, train/ctc_loss=0.167447, train/wer=0.059054, validation/ctc_loss=0.432379, validation/num_examples=5348, validation/wer=0.123951
/usr/local/lib/python3.11/multiprocessing/popen_fork.py:66: RuntimeWarning: os.fork() was called. os.fork() is incompatible with multithreaded code, and JAX is multithreaded, so this will likely lead to a deadlock.
  self.pid = os.fork()
I0606 16:31:24.335262 140612893234368 spec.py:333] Evaluating on the training split.
I0606 16:31:39.754583 140612893234368 spec.py:346] Evaluating on the validation split.
I0606 16:31:59.614096 140612893234368 spec.py:363] Evaluating on the test split.
I0606 16:32:10.023538 140612893234368 submission_runner.py:516] Time since start: 32383.37s, 	Step: 38401, 	{'train/ctc_loss': 0.16735899184685504, 'train/wer': 0.05897834992487867, 'validation/ctc_loss': 0.4324306360037422, 'validation/wer': 0.12386423984936996, 'validation/num_examples': 5348, 'test/ctc_loss': 0.22731648009549002, 'test/wer': 0.07241078138646842, 'test/num_examples': 2472, 'score': 31194.286854982376, 'total_duration': 32383.373449087143, 'accumulated_submission_time': 31194.286854982376, 'accumulated_eval_time': 1111.6912338733673, 'accumulated_logging_time': 16.31489849090576}
I0606 16:32:10.078723 140586141058816 logging_writer.py:48] [38401] accumulated_eval_time=1111.69, accumulated_logging_time=16.3149, accumulated_submission_time=31194.3, global_step=38401, preemption_count=0, score=31194.3, test/ctc_loss=0.227316, test/num_examples=2472, test/wer=0.0724108, total_duration=32383.4, train/ctc_loss=0.167359, train/wer=0.0589783, validation/ctc_loss=0.432431, validation/num_examples=5348, validation/wer=0.123864
I0606 16:32:10.831276 140574917129984 logging_writer.py:48] [38401] global_step=38401, preemption_count=0, score=31194.3
I0606 16:32:11.009390 140612893234368 submission_runner.py:857] Final librispeech_deepspeech score: 31194.286854982376
