python submission_runner.py --framework=jax --workload=ogbg --submission_path=submissions_algorithms/submissions/self_tuning/nadamw_resnet/submission.py --data_dir=/data/ogbg --experiment_dir=/experiment_runs --experiment_name=submissions_a100/nadamw_resnet/study_2 --overwrite=True --save_checkpoints=False --rng_seed=162419195 --tuning_ruleset=self 2>&1 | tee -a /logs/ogbg_jax_05-31-2026-11-19-29.log
2026-05-31 11:19:42.374156: E external/local_xla/xla/stream_executor/cuda/cuda_fft.cc:467] Unable to register cuFFT factory: Attempting to register factory for plugin cuFFT when one has already been registered
WARNING: All log messages before absl::InitializeLog() is called are written to STDERR
E0000 00:00:1780226383.289955       9 cuda_dnn.cc:8579] Unable to register cuDNN factory: Attempting to register factory for plugin cuDNN when one has already been registered
E0000 00:00:1780226383.540008       9 cuda_blas.cc:1407] Unable to register cuBLAS factory: Attempting to register factory for plugin cuBLAS when one has already been registered
W0000 00:00:1780226385.306906       9 computation_placer.cc:177] computation placer already registered. Please check linkage and avoid linking the same target more than once.
W0000 00:00:1780226385.306951       9 computation_placer.cc:177] computation placer already registered. Please check linkage and avoid linking the same target more than once.
W0000 00:00:1780226385.306954       9 computation_placer.cc:177] computation placer already registered. Please check linkage and avoid linking the same target more than once.
W0000 00:00:1780226385.306957       9 computation_placer.cc:177] computation placer already registered. Please check linkage and avoid linking the same target more than once.
/usr/local/lib/python3.11/site-packages/torch/__init__.py:1617: UserWarning: Please use the new API settings to control TF32 behavior, such as torch.backends.cudnn.conv.fp32_precision = 'tf32' or torch.backends.cuda.matmul.fp32_precision = 'ieee'. Old settings, e.g, torch.backends.cuda.matmul.allow_tf32 = True, torch.backends.cudnn.allow_tf32 = True, allowTF32CuDNN() and allowTF32CuBLAS() will be deprecated after Pytorch 2.9. Please see https://pytorch.org/docs/main/notes/cuda.html#tensorfloat-32-tf32-on-ampere-and-later-devices (Triggered internally at /pytorch/aten/src/ATen/Context.cpp:80.)
  _C._set_float32_matmul_precision(precision)
/usr/local/lib/python3.11/site-packages/pydantic/_internal/_generate_schema.py:2249: UnsupportedFieldAttributeWarning: The 'repr' attribute with value False was provided to the `Field()` function, which has no effect in the context it was used. 'repr' is field-specific metadata, and can only be attached to a model field using `Annotated` metadata or by assignment. This may have happened because an `Annotated` type alias using the `type` statement was used, or if the `Field()` function was attached to a single member of a union type.
  warnings.warn(
/usr/local/lib/python3.11/site-packages/pydantic/_internal/_generate_schema.py:2249: UnsupportedFieldAttributeWarning: The 'frozen' attribute with value True was provided to the `Field()` function, which has no effect in the context it was used. 'frozen' is field-specific metadata, and can only be attached to a model field using `Annotated` metadata or by assignment. This may have happened because an `Annotated` type alias using the `type` statement was used, or if the `Field()` function was attached to a single member of a union type.
  warnings.warn(
INFO:2026-05-31 11:20:36,105:jax._src.xla_bridge:830: Unable to initialize backend 'tpu': INTERNAL: Failed to open libtpu.so: libtpu.so: cannot open shared object file: No such file or directory
I0531 11:20:36.105063 140575686653120 xla_bridge.py:830] Unable to initialize backend 'tpu': INTERNAL: Failed to open libtpu.so: libtpu.so: cannot open shared object file: No such file or directory
I0531 11:20:36.796814 140575686653120 logger_utils.py:59] Removing existing experiment directory /experiment_runs/submissions_a100/nadamw_resnet/study_2/ogbg_jax because --overwrite was set.
I0531 11:20:36.801914 140575686653120 logger_utils.py:84] Creating experiment directory at /experiment_runs/submissions_a100/nadamw_resnet/study_2/ogbg_jax.
I0531 11:20:40.010319 140575686653120 submission_runner.py:741] Creating directory at /experiment_runs/submissions_a100/nadamw_resnet/study_2/ogbg_jax/trial_1.
I0531 11:20:40.373976 140575686653120 submission_runner.py:242] Initializing dataset.
I0531 11:20:41.732835 140575686653120 dataset_info.py:707] Load dataset info from /data/ogbg/ogbg_molpcba/0.1.3
I0531 11:20:41.759858 140575686653120 reader.py:262] Creating a tf.data.Dataset reading 8 files located in folders: /data/ogbg/ogbg_molpcba/0.1.3.
WARNING:tensorflow:From /usr/local/lib/python3.11/site-packages/tensorflow_datasets/core/reader.py:102: CounterV2 (from tensorflow.python.data.experimental.ops.counter) is deprecated and will be removed in a future version.
Instructions for updating:
Use `tf.data.Dataset.counter(...)` instead.
W0531 11:20:42.225557 140575686653120 deprecation.py:50] From /usr/local/lib/python3.11/site-packages/tensorflow_datasets/core/reader.py:102: CounterV2 (from tensorflow.python.data.experimental.ops.counter) is deprecated and will be removed in a future version.
Instructions for updating:
Use `tf.data.Dataset.counter(...)` instead.
I0531 11:20:42.307212 140575686653120 logging_logger.py:49] Constructing tf.data.Dataset ogbg_molpcba for split train, from /data/ogbg/ogbg_molpcba/0.1.3
I0531 11:20:42.564832 140575686653120 submission_runner.py:251] Initializing model.
I0531 11:20:50.893175 140575686653120 submission_runner.py:294] Initializing optimizer.
I0531 11:20:51.311487 140575686653120 submission_runner.py:299] Initializing metrics bundle.
I0531 11:20:51.311725 140575686653120 submission_runner.py:321] Initializing checkpoint and logger.
I0531 11:20:51.318417 140575686653120 checkpoints.py:1098] Found no checkpoint files in /experiment_runs/submissions_a100/nadamw_resnet/study_2/ogbg_jax/trial_1 with prefix checkpoint_
I0531 11:20:51.318555 140575686653120 submission_runner.py:344] Saving meta data to /experiment_runs/submissions_a100/nadamw_resnet/study_2/ogbg_jax/trial_1/meta_data_0.json.
I0531 11:20:51.318727 140575686653120 logger_utils.py:283] Unable to record workload.train_mean information. Continuing without it.
I0531 11:20:51.318787 140575686653120 logger_utils.py:283] Unable to record workload.train_stddev information. Continuing without it.
I0531 11:20:51.585921 140575686653120 submission_runner.py:348] Saving flags to /experiment_runs/submissions_a100/nadamw_resnet/study_2/ogbg_jax/trial_1/flags_0.json.
I0531 11:20:51.602083 140575686653120 submission_runner.py:359] Starting training loop.
I0531 11:21:13.091094 140575686653120 spec.py:333] Evaluating on the training split.
I0531 11:21:13.096040 140575686653120 dataset_info.py:707] Load dataset info from /data/ogbg/ogbg_molpcba/0.1.3
I0531 11:21:13.099636 140575686653120 reader.py:262] Creating a tf.data.Dataset reading 8 files located in folders: /data/ogbg/ogbg_molpcba/0.1.3.
I0531 11:21:13.171376 140575686653120 logging_logger.py:49] Constructing tf.data.Dataset ogbg_molpcba for split train, from /data/ogbg/ogbg_molpcba/0.1.3
I0531 11:22:33.117331 140575686653120 spec.py:346] Evaluating on the validation split.
I0531 11:22:33.120454 140575686653120 dataset_info.py:707] Load dataset info from /data/ogbg/ogbg_molpcba/0.1.3
I0531 11:22:33.123945 140575686653120 reader.py:262] Creating a tf.data.Dataset reading 1 files located in folders: /data/ogbg/ogbg_molpcba/0.1.3.
I0531 11:22:33.190012 140575686653120 logging_logger.py:49] Constructing tf.data.Dataset ogbg_molpcba for split validation, from /data/ogbg/ogbg_molpcba/0.1.3
I0531 11:23:56.090649 140575686653120 spec.py:363] Evaluating on the test split.
I0531 11:23:56.093528 140575686653120 dataset_info.py:707] Load dataset info from /data/ogbg/ogbg_molpcba/0.1.3
I0531 11:23:56.097249 140575686653120 reader.py:262] Creating a tf.data.Dataset reading 1 files located in folders: /data/ogbg/ogbg_molpcba/0.1.3.
I0531 11:23:56.162656 140575686653120 logging_logger.py:49] Constructing tf.data.Dataset ogbg_molpcba for split test, from /data/ogbg/ogbg_molpcba/0.1.3
I0531 11:25:23.760298 140575686653120 submission_runner.py:516] Time since start: 272.16s, 	Step: 1, 	{'train/accuracy': 0.4788796007633209, 'train/loss': 0.764355480670929, 'train/mean_average_precision': 0.021730763274043045, 'validation/accuracy': 0.47742733359336853, 'validation/loss': 0.7653036117553711, 'validation/mean_average_precision': 0.02658671630251312, 'validation/num_examples': 43793, 'test/accuracy': 0.4759940803050995, 'test/loss': 0.7661886811256409, 'test/mean_average_precision': 0.027239006084382025, 'test/num_examples': 43793, 'score': 21.488929271697998, 'total_duration': 272.15809535980225, 'accumulated_submission_time': 21.488929271697998, 'accumulated_eval_time': 250.6691026687622, 'accumulated_logging_time': 0}
I0531 11:25:23.868438 140411741697792 logging_writer.py:48] [1] accumulated_eval_time=250.669, accumulated_logging_time=0, accumulated_submission_time=21.4889, global_step=1, preemption_count=0, score=21.4889, test/accuracy=0.475994, test/loss=0.766189, test/mean_average_precision=0.027239, test/num_examples=43793, total_duration=272.158, train/accuracy=0.47888, train/loss=0.764355, train/mean_average_precision=0.0217308, validation/accuracy=0.477427, validation/loss=0.765304, validation/mean_average_precision=0.0265867, validation/num_examples=43793
I0531 11:32:55.879705 140575686653120 spec.py:333] Evaluating on the training split.
I0531 11:34:33.702001 140575686653120 spec.py:346] Evaluating on the validation split.
I0531 11:34:42.535190 140575686653120 spec.py:363] Evaluating on the test split.
I0531 11:34:51.300894 140575686653120 submission_runner.py:516] Time since start: 839.70s, 	Step: 2158, 	{'train/accuracy': 0.9867631196975708, 'train/loss': 0.05203630402684212, 'train/mean_average_precision': 0.047793608304395885, 'validation/accuracy': 0.9841551184654236, 'validation/loss': 0.061967071145772934, 'validation/mean_average_precision': 0.04875544226406632, 'validation/num_examples': 43793, 'test/accuracy': 0.9831857681274414, 'test/loss': 0.06502105295658112, 'test/mean_average_precision': 0.052320811619865924, 'test/num_examples': 43793, 'score': 473.3029658794403, 'total_duration': 839.6987216472626, 'accumulated_submission_time': 473.3029658794403, 'accumulated_eval_time': 366.0902395248413, 'accumulated_logging_time': 0.29018306732177734}
I0531 11:34:51.341288 140412389807872 logging_writer.py:48] [2158] accumulated_eval_time=366.09, accumulated_logging_time=0.290183, accumulated_submission_time=473.303, global_step=2158, preemption_count=0, score=473.303, test/accuracy=0.983186, test/loss=0.0650211, test/mean_average_precision=0.0523208, test/num_examples=43793, total_duration=839.699, train/accuracy=0.986763, train/loss=0.0520363, train/mean_average_precision=0.0477936, validation/accuracy=0.984155, validation/loss=0.0619671, validation/mean_average_precision=0.0487554, validation/num_examples=43793
I0531 11:42:23.388235 140575686653120 spec.py:333] Evaluating on the training split.
I0531 11:43:59.124665 140575686653120 spec.py:346] Evaluating on the validation split.
I0531 11:44:07.954415 140575686653120 spec.py:363] Evaluating on the test split.
I0531 11:44:16.698502 140575686653120 submission_runner.py:516] Time since start: 1405.10s, 	Step: 4415, 	{'train/accuracy': 0.9877558946609497, 'train/loss': 0.04347093030810356, 'train/mean_average_precision': 0.14232208624204762, 'validation/accuracy': 0.985061526298523, 'validation/loss': 0.05275539308786392, 'validation/mean_average_precision': 0.1358166492731899, 'validation/num_examples': 43793, 'test/accuracy': 0.9840764999389648, 'test/loss': 0.05574537068605423, 'test/mean_average_precision': 0.13936202298751016, 'test/num_examples': 43793, 'score': 925.3234651088715, 'total_duration': 1405.0962603092194, 'accumulated_submission_time': 925.3234651088715, 'accumulated_eval_time': 479.4003641605377, 'accumulated_logging_time': 0.3422510623931885}
I0531 11:44:16.737747 140412398200576 logging_writer.py:48] [4415] accumulated_eval_time=479.4, accumulated_logging_time=0.342251, accumulated_submission_time=925.323, global_step=4415, preemption_count=0, score=925.323, test/accuracy=0.984076, test/loss=0.0557454, test/mean_average_precision=0.139362, test/num_examples=43793, total_duration=1405.1, train/accuracy=0.987756, train/loss=0.0434709, train/mean_average_precision=0.142322, validation/accuracy=0.985062, validation/loss=0.0527554, validation/mean_average_precision=0.135817, validation/num_examples=43793
I0531 11:51:48.700247 140575686653120 spec.py:333] Evaluating on the training split.
I0531 11:53:24.239996 140575686653120 spec.py:346] Evaluating on the validation split.
I0531 11:53:33.043560 140575686653120 spec.py:363] Evaluating on the test split.
I0531 11:53:41.755100 140575686653120 submission_runner.py:516] Time since start: 1970.15s, 	Step: 6743, 	{'train/accuracy': 0.9886931777000427, 'train/loss': 0.03884882107377052, 'train/mean_average_precision': 0.22044625109089788, 'validation/accuracy': 0.9856095314025879, 'validation/loss': 0.04884850233793259, 'validation/mean_average_precision': 0.1858570473377958, 'validation/num_examples': 43793, 'test/accuracy': 0.9846930503845215, 'test/loss': 0.051466204226017, 'test/mean_average_precision': 0.18559478196189944, 'test/num_examples': 43793, 'score': 1377.2597522735596, 'total_duration': 1970.152931690216, 'accumulated_submission_time': 1377.2597522735596, 'accumulated_eval_time': 592.4551572799683, 'accumulated_logging_time': 0.3926548957824707}
I0531 11:53:41.792090 140412389807872 logging_writer.py:48] [6743] accumulated_eval_time=592.455, accumulated_logging_time=0.392655, accumulated_submission_time=1377.26, global_step=6743, preemption_count=0, score=1377.26, test/accuracy=0.984693, test/loss=0.0514662, test/mean_average_precision=0.185595, test/num_examples=43793, total_duration=1970.15, train/accuracy=0.988693, train/loss=0.0388488, train/mean_average_precision=0.220446, validation/accuracy=0.98561, validation/loss=0.0488485, validation/mean_average_precision=0.185857, validation/num_examples=43793
I0531 12:01:13.759837 140575686653120 spec.py:333] Evaluating on the training split.
I0531 12:02:47.401274 140575686653120 spec.py:346] Evaluating on the validation split.
I0531 12:02:56.209296 140575686653120 spec.py:363] Evaluating on the test split.
I0531 12:03:04.923882 140575686653120 submission_runner.py:516] Time since start: 2533.32s, 	Step: 9076, 	{'train/accuracy': 0.9891982674598694, 'train/loss': 0.036813557147979736, 'train/mean_average_precision': 0.2540745010452273, 'validation/accuracy': 0.9860617518424988, 'validation/loss': 0.04709715396165848, 'validation/mean_average_precision': 0.215118574305882, 'validation/num_examples': 43793, 'test/accuracy': 0.9852253794670105, 'test/loss': 0.049790218472480774, 'test/mean_average_precision': 0.21605322889337028, 'test/num_examples': 43793, 'score': 1829.2008855342865, 'total_duration': 2533.3216869831085, 'accumulated_submission_time': 1829.2008855342865, 'accumulated_eval_time': 703.619119644165, 'accumulated_logging_time': 0.44083690643310547}
I0531 12:03:04.964852 140412398200576 logging_writer.py:48] [9076] accumulated_eval_time=703.619, accumulated_logging_time=0.440837, accumulated_submission_time=1829.2, global_step=9076, preemption_count=0, score=1829.2, test/accuracy=0.985225, test/loss=0.0497902, test/mean_average_precision=0.216053, test/num_examples=43793, total_duration=2533.32, train/accuracy=0.989198, train/loss=0.0368136, train/mean_average_precision=0.254075, validation/accuracy=0.986062, validation/loss=0.0470972, validation/mean_average_precision=0.215119, validation/num_examples=43793
I0531 12:10:37.112670 140575686653120 spec.py:333] Evaluating on the training split.
I0531 12:12:10.538594 140575686653120 spec.py:346] Evaluating on the validation split.
I0531 12:12:19.361633 140575686653120 spec.py:363] Evaluating on the test split.
I0531 12:12:28.089807 140575686653120 submission_runner.py:516] Time since start: 3096.49s, 	Step: 11421, 	{'train/accuracy': 0.9894843101501465, 'train/loss': 0.035292863845825195, 'train/mean_average_precision': 0.30262045735939225, 'validation/accuracy': 0.9863568544387817, 'validation/loss': 0.04594791680574417, 'validation/mean_average_precision': 0.22842926144006254, 'validation/num_examples': 43793, 'test/accuracy': 0.9855273365974426, 'test/loss': 0.048640038818120956, 'test/mean_average_precision': 0.2320450010804136, 'test/num_examples': 43793, 'score': 2281.3215725421906, 'total_duration': 3096.4876408576965, 'accumulated_submission_time': 2281.3215725421906, 'accumulated_eval_time': 814.5961968898773, 'accumulated_logging_time': 0.4933316707611084}
I0531 12:12:28.127932 140412389807872 logging_writer.py:48] [11421] accumulated_eval_time=814.596, accumulated_logging_time=0.493332, accumulated_submission_time=2281.32, global_step=11421, preemption_count=0, score=2281.32, test/accuracy=0.985527, test/loss=0.04864, test/mean_average_precision=0.232045, test/num_examples=43793, total_duration=3096.49, train/accuracy=0.989484, train/loss=0.0352929, train/mean_average_precision=0.30262, validation/accuracy=0.986357, validation/loss=0.0459479, validation/mean_average_precision=0.228429, validation/num_examples=43793
I0531 12:20:00.210136 140575686653120 spec.py:333] Evaluating on the training split.
I0531 12:21:33.034849 140575686653120 spec.py:346] Evaluating on the validation split.
I0531 12:21:41.853270 140575686653120 spec.py:363] Evaluating on the test split.
I0531 12:21:50.602233 140575686653120 submission_runner.py:516] Time since start: 3659.00s, 	Step: 13800, 	{'train/accuracy': 0.9894938468933105, 'train/loss': 0.03534157574176788, 'train/mean_average_precision': 0.3115393820156915, 'validation/accuracy': 0.9863779544830322, 'validation/loss': 0.04565385729074478, 'validation/mean_average_precision': 0.23568304185497427, 'validation/num_examples': 43793, 'test/accuracy': 0.9855854511260986, 'test/loss': 0.04804312065243721, 'test/mean_average_precision': 0.24500198101173445, 'test/num_examples': 43793, 'score': 2733.3766193389893, 'total_duration': 3659.0000507831573, 'accumulated_submission_time': 2733.3766193389893, 'accumulated_eval_time': 924.988214969635, 'accumulated_logging_time': 0.5435657501220703}
I0531 12:21:50.641136 140412398200576 logging_writer.py:48] [13800] accumulated_eval_time=924.988, accumulated_logging_time=0.543566, accumulated_submission_time=2733.38, global_step=13800, preemption_count=0, score=2733.38, test/accuracy=0.985585, test/loss=0.0480431, test/mean_average_precision=0.245002, test/num_examples=43793, total_duration=3659, train/accuracy=0.989494, train/loss=0.0353416, train/mean_average_precision=0.311539, validation/accuracy=0.986378, validation/loss=0.0456539, validation/mean_average_precision=0.235683, validation/num_examples=43793
I0531 12:29:22.680439 140575686653120 spec.py:333] Evaluating on the training split.
I0531 12:30:56.288019 140575686653120 spec.py:346] Evaluating on the validation split.
I0531 12:31:05.120036 140575686653120 spec.py:363] Evaluating on the test split.
I0531 12:31:13.874867 140575686653120 submission_runner.py:516] Time since start: 4222.27s, 	Step: 16163, 	{'train/accuracy': 0.9900107979774475, 'train/loss': 0.033409662544727325, 'train/mean_average_precision': 0.3284797567738426, 'validation/accuracy': 0.9864879846572876, 'validation/loss': 0.04516661539673805, 'validation/mean_average_precision': 0.24751806068763904, 'validation/num_examples': 43793, 'test/accuracy': 0.9856764078140259, 'test/loss': 0.04773259162902832, 'test/mean_average_precision': 0.24414078950128829, 'test/num_examples': 43793, 'score': 3185.389578104019, 'total_duration': 4222.272698640823, 'accumulated_submission_time': 3185.389578104019, 'accumulated_eval_time': 1036.1825852394104, 'accumulated_logging_time': 0.5934662818908691}
I0531 12:31:13.914860 140412389807872 logging_writer.py:48] [16163] accumulated_eval_time=1036.18, accumulated_logging_time=0.593466, accumulated_submission_time=3185.39, global_step=16163, preemption_count=0, score=3185.39, test/accuracy=0.985676, test/loss=0.0477326, test/mean_average_precision=0.244141, test/num_examples=43793, total_duration=4222.27, train/accuracy=0.990011, train/loss=0.0334097, train/mean_average_precision=0.32848, validation/accuracy=0.986488, validation/loss=0.0451666, validation/mean_average_precision=0.247518, validation/num_examples=43793
I0531 12:38:45.922604 140575686653120 spec.py:333] Evaluating on the training split.
I0531 12:40:17.176696 140575686653120 spec.py:346] Evaluating on the validation split.
I0531 12:40:25.987432 140575686653120 spec.py:363] Evaluating on the test split.
I0531 12:40:34.744094 140575686653120 submission_runner.py:516] Time since start: 4783.14s, 	Step: 18525, 	{'train/accuracy': 0.990210235118866, 'train/loss': 0.03253113478422165, 'train/mean_average_precision': 0.36363139374472797, 'validation/accuracy': 0.9866722226142883, 'validation/loss': 0.04461947828531265, 'validation/mean_average_precision': 0.253024000919507, 'validation/num_examples': 43793, 'test/accuracy': 0.9858297109603882, 'test/loss': 0.04713686555624008, 'test/mean_average_precision': 0.2546515649979518, 'test/num_examples': 43793, 'score': 3637.370987892151, 'total_duration': 4783.14189863205, 'accumulated_submission_time': 3637.370987892151, 'accumulated_eval_time': 1145.0039911270142, 'accumulated_logging_time': 0.6443057060241699}
I0531 12:40:34.783904 140412398200576 logging_writer.py:48] [18525] accumulated_eval_time=1145, accumulated_logging_time=0.644306, accumulated_submission_time=3637.37, global_step=18525, preemption_count=0, score=3637.37, test/accuracy=0.98583, test/loss=0.0471369, test/mean_average_precision=0.254652, test/num_examples=43793, total_duration=4783.14, train/accuracy=0.99021, train/loss=0.0325311, train/mean_average_precision=0.363631, validation/accuracy=0.986672, validation/loss=0.0446195, validation/mean_average_precision=0.253024, validation/num_examples=43793
I0531 12:48:06.805643 140575686653120 spec.py:333] Evaluating on the training split.
I0531 12:49:37.329553 140575686653120 spec.py:346] Evaluating on the validation split.
I0531 12:49:46.128510 140575686653120 spec.py:363] Evaluating on the test split.
I0531 12:49:54.850496 140575686653120 submission_runner.py:516] Time since start: 5343.25s, 	Step: 20878, 	{'train/accuracy': 0.9902470707893372, 'train/loss': 0.032492496073246, 'train/mean_average_precision': 0.36979812808033996, 'validation/accuracy': 0.9867071509361267, 'validation/loss': 0.04448015242815018, 'validation/mean_average_precision': 0.25924901676491796, 'validation/num_examples': 43793, 'test/accuracy': 0.9859012961387634, 'test/loss': 0.04721234738826752, 'test/mean_average_precision': 0.2536431224639096, 'test/num_examples': 43793, 'score': 4089.360324859619, 'total_duration': 5343.248229980469, 'accumulated_submission_time': 4089.360324859619, 'accumulated_eval_time': 1253.0486845970154, 'accumulated_logging_time': 0.7011318206787109}
I0531 12:49:54.889935 140412389807872 logging_writer.py:48] [20878] accumulated_eval_time=1253.05, accumulated_logging_time=0.701132, accumulated_submission_time=4089.36, global_step=20878, preemption_count=0, score=4089.36, test/accuracy=0.985901, test/loss=0.0472123, test/mean_average_precision=0.253643, test/num_examples=43793, total_duration=5343.25, train/accuracy=0.990247, train/loss=0.0324925, train/mean_average_precision=0.369798, validation/accuracy=0.986707, validation/loss=0.0444802, validation/mean_average_precision=0.259249, validation/num_examples=43793
I0531 12:57:27.031600 140575686653120 spec.py:333] Evaluating on the training split.
I0531 12:58:56.487099 140575686653120 spec.py:346] Evaluating on the validation split.
I0531 12:59:05.282774 140575686653120 spec.py:363] Evaluating on the test split.
I0531 12:59:14.000584 140575686653120 submission_runner.py:516] Time since start: 5902.40s, 	Step: 23245, 	{'train/accuracy': 0.9903205037117004, 'train/loss': 0.03198191523551941, 'train/mean_average_precision': 0.3752353820889642, 'validation/accuracy': 0.9867903590202332, 'validation/loss': 0.04422355443239212, 'validation/mean_average_precision': 0.264020699641391, 'validation/num_examples': 43793, 'test/accuracy': 0.9859926700592041, 'test/loss': 0.046868596225976944, 'test/mean_average_precision': 0.2576687684169733, 'test/num_examples': 43793, 'score': 4541.475788116455, 'total_duration': 5902.3984134197235, 'accumulated_submission_time': 4541.475788116455, 'accumulated_eval_time': 1360.0175924301147, 'accumulated_logging_time': 0.751305103302002}
I0531 12:59:14.040375 140412398200576 logging_writer.py:48] [23245] accumulated_eval_time=1360.02, accumulated_logging_time=0.751305, accumulated_submission_time=4541.48, global_step=23245, preemption_count=0, score=4541.48, test/accuracy=0.985993, test/loss=0.0468686, test/mean_average_precision=0.257669, test/num_examples=43793, total_duration=5902.4, train/accuracy=0.990321, train/loss=0.0319819, train/mean_average_precision=0.375235, validation/accuracy=0.98679, validation/loss=0.0442236, validation/mean_average_precision=0.264021, validation/num_examples=43793
I0531 13:06:46.032265 140575686653120 spec.py:333] Evaluating on the training split.
I0531 13:08:15.391759 140575686653120 spec.py:346] Evaluating on the validation split.
I0531 13:08:24.203789 140575686653120 spec.py:363] Evaluating on the test split.
I0531 13:08:32.952151 140575686653120 submission_runner.py:516] Time since start: 6461.35s, 	Step: 25615, 	{'train/accuracy': 0.9905992150306702, 'train/loss': 0.030991647392511368, 'train/mean_average_precision': 0.40034541949417846, 'validation/accuracy': 0.9868930578231812, 'validation/loss': 0.0439293310046196, 'validation/mean_average_precision': 0.26930554831673564, 'validation/num_examples': 43793, 'test/accuracy': 0.9860209226608276, 'test/loss': 0.046714045107364655, 'test/mean_average_precision': 0.26263658554090563, 'test/num_examples': 43793, 'score': 4993.440745353699, 'total_duration': 6461.349902868271, 'accumulated_submission_time': 4993.440745353699, 'accumulated_eval_time': 1466.9373393058777, 'accumulated_logging_time': 0.8023378849029541}
I0531 13:08:32.991582 140412389807872 logging_writer.py:48] [25615] accumulated_eval_time=1466.94, accumulated_logging_time=0.802338, accumulated_submission_time=4993.44, global_step=25615, preemption_count=0, score=4993.44, test/accuracy=0.986021, test/loss=0.046714, test/mean_average_precision=0.262637, test/num_examples=43793, total_duration=6461.35, train/accuracy=0.990599, train/loss=0.0309916, train/mean_average_precision=0.400345, validation/accuracy=0.986893, validation/loss=0.0439293, validation/mean_average_precision=0.269306, validation/num_examples=43793
I0531 13:16:05.030462 140575686653120 spec.py:333] Evaluating on the training split.
I0531 13:17:33.849235 140575686653120 spec.py:346] Evaluating on the validation split.
I0531 13:17:42.681167 140575686653120 spec.py:363] Evaluating on the test split.
I0531 13:17:51.419814 140575686653120 submission_runner.py:516] Time since start: 7019.82s, 	Step: 27979, 	{'train/accuracy': 0.9907964468002319, 'train/loss': 0.03040330857038498, 'train/mean_average_precision': 0.4187176022651279, 'validation/accuracy': 0.9870083332061768, 'validation/loss': 0.043878257274627686, 'validation/mean_average_precision': 0.2714578055650331, 'validation/num_examples': 43793, 'test/accuracy': 0.9860870242118835, 'test/loss': 0.04671013355255127, 'test/mean_average_precision': 0.26366570241195425, 'test/num_examples': 43793, 'score': 5445.452933311462, 'total_duration': 7019.817586183548, 'accumulated_submission_time': 5445.452933311462, 'accumulated_eval_time': 1573.3265647888184, 'accumulated_logging_time': 0.8528110980987549}
I0531 13:17:51.459455 140412398200576 logging_writer.py:48] [27979] accumulated_eval_time=1573.33, accumulated_logging_time=0.852811, accumulated_submission_time=5445.45, global_step=27979, preemption_count=0, score=5445.45, test/accuracy=0.986087, test/loss=0.0467101, test/mean_average_precision=0.263666, test/num_examples=43793, total_duration=7019.82, train/accuracy=0.990796, train/loss=0.0304033, train/mean_average_precision=0.418718, validation/accuracy=0.987008, validation/loss=0.0438783, validation/mean_average_precision=0.271458, validation/num_examples=43793
I0531 13:25:23.501604 140575686653120 spec.py:333] Evaluating on the training split.
I0531 13:26:45.781537 140575686653120 spec.py:346] Evaluating on the validation split.
I0531 13:26:54.621036 140575686653120 spec.py:363] Evaluating on the test split.
I0531 13:27:03.364831 140575686653120 submission_runner.py:516] Time since start: 7571.76s, 	Step: 30357, 	{'train/accuracy': 0.9909669160842896, 'train/loss': 0.02978118695318699, 'train/mean_average_precision': 0.42388757290567586, 'validation/accuracy': 0.9869896769523621, 'validation/loss': 0.043526627123355865, 'validation/mean_average_precision': 0.27563514502036823, 'validation/num_examples': 43793, 'test/accuracy': 0.986203670501709, 'test/loss': 0.04622671753168106, 'test/mean_average_precision': 0.2707303389228118, 'test/num_examples': 43793, 'score': 5897.464252471924, 'total_duration': 7571.7626123428345, 'accumulated_submission_time': 5897.464252471924, 'accumulated_eval_time': 1673.1896750926971, 'accumulated_logging_time': 0.9075839519500732}
I0531 13:27:03.403845 140412389807872 logging_writer.py:48] [30357] accumulated_eval_time=1673.19, accumulated_logging_time=0.907584, accumulated_submission_time=5897.46, global_step=30357, preemption_count=0, score=5897.46, test/accuracy=0.986204, test/loss=0.0462267, test/mean_average_precision=0.27073, test/num_examples=43793, total_duration=7571.76, train/accuracy=0.990967, train/loss=0.0297812, train/mean_average_precision=0.423888, validation/accuracy=0.98699, validation/loss=0.0435266, validation/mean_average_precision=0.275635, validation/num_examples=43793
I0531 13:34:35.473062 140575686653120 spec.py:333] Evaluating on the training split.
I0531 13:35:55.051916 140575686653120 spec.py:346] Evaluating on the validation split.
I0531 13:36:03.860010 140575686653120 spec.py:363] Evaluating on the test split.
I0531 13:36:12.606491 140575686653120 submission_runner.py:516] Time since start: 8121.00s, 	Step: 32738, 	{'train/accuracy': 0.9911004304885864, 'train/loss': 0.02924884296953678, 'train/mean_average_precision': 0.44208379237115236, 'validation/accuracy': 0.9870497584342957, 'validation/loss': 0.043248407542705536, 'validation/mean_average_precision': 0.2846638875587433, 'validation/num_examples': 43793, 'test/accuracy': 0.9862276911735535, 'test/loss': 0.04609845206141472, 'test/mean_average_precision': 0.273842104272848, 'test/num_examples': 43793, 'score': 6349.506216049194, 'total_duration': 8121.00427365303, 'accumulated_submission_time': 6349.506216049194, 'accumulated_eval_time': 1770.3229925632477, 'accumulated_logging_time': 0.9579370021820068}
I0531 13:36:12.650547 140412398200576 logging_writer.py:48] [32738] accumulated_eval_time=1770.32, accumulated_logging_time=0.957937, accumulated_submission_time=6349.51, global_step=32738, preemption_count=0, score=6349.51, test/accuracy=0.986228, test/loss=0.0460985, test/mean_average_precision=0.273842, test/num_examples=43793, total_duration=8121, train/accuracy=0.9911, train/loss=0.0292488, train/mean_average_precision=0.442084, validation/accuracy=0.98705, validation/loss=0.0432484, validation/mean_average_precision=0.284664, validation/num_examples=43793
I0531 13:36:12.676964 140412389807872 logging_writer.py:48] [32738] global_step=32738, preemption_count=0, score=6349.51
I0531 13:36:12.823749 140575686653120 submission_runner.py:857] Final ogbg score: 6349.506216049194
